|1229_114350|CMD=cd /root/linux|
|1229_114350|git log 1b929c02afd37871d5afb9d498426f83432e71c2 check_result:commit 1b929c02afd37871d5afb9d498426f83432e71c2|
|1229_114350|git log f40ddce88593482919761f74910f42f4b84c004b check_result:commit f40ddce88593482919761f74910f42f4b84c004b|
|1229_114350|There was old bisect log:git bisect start
# bad: [1b929c02afd37871d5afb9d498426f83432e71c2] Linux 6.2-rc1
git bisect bad 1b929c02afd37871d5afb9d498426f83432e71c2
# good: [f40ddce88593482919761f74910f42f4b84c004b] Linux 5.11
git bisect good f40ddce88593482919761f74910f42f4b84c004b
# good: [e1a7aa25ff45636a6c1930bf2430c8b802e93d9c] Merge tag 'scsi-misc' of git://git.kernel.org/pub/scm/linux/kernel/git/jejb/scsi
git bisect good e1a7aa25ff45636a6c1930bf2430c8b802e93d9c
# good: [526942b8134cc34d25d27f95dfff98b8ce2f6fcd] Merge tag 'ata-5.20-rc1' of git://git.kernel.org/pub/scm/linux/kernel/git/dlemoal/libata
git bisect good 526942b8134cc34d25d27f95dfff98b8ce2f6fcd
# good: [29926f1cd3535f565f200430d5b6a794543fe130] fbdev: mb862xx: Fix check of return value from irq_of_parse_and_map()
git bisect good 29926f1cd3535f565f200430d5b6a794543fe130
# bad: [8715c6d3100fc7c6edddf29af4a399a1c12d028c] Merge tag 'for-6.2/dm-changes' of git://git.kernel.org/pub/scm/linux/kernel/git/device-mapper/linux-dm
git bisect bad 8715c6d3100fc7c6edddf29af4a399a1c12d028c
# good: [9521c9d6a53df9c44a5f5ddbc229ceaf3cf79ef6] Merge tag 'net-6.1-rc4' of git://git.kernel.org/pub/scm/linux/kernel/git/netdev/net
git bisect good 9521c9d6a53df9c44a5f5ddbc229ceaf3cf79ef6
# good: [8e17b16a2c13406c56a4d292df3ca083f8729666] Merge tag 'soc-drivers-6.2' of git://git.kernel.org/pub/scm/linux/kernel/git/soc/soc
git bisect good 8e17b16a2c13406c56a4d292df3ca083f8729666
# good: [456ed864fd907d5f5484c7c4795da212537842fe] Merge tag 'acpi-6.2-rc1' of git://git.kernel.org/pub/scm/linux/kernel/git/rafael/linux-pm
git bisect good 456ed864fd907d5f5484c7c4795da212537842fe
# bad: [97971df811b8854882c0f6c6631e23ab8cdcc44f] Merge tag 'dlm-6.2' of git://git.kernel.org/pub/scm/linux/kernel/git/teigland/linux-dlm
git bisect bad 97971df811b8854882c0f6c6631e23ab8cdcc44f
# bad: [a7cacfb0688e3988660e90fad7017cc9a18ab390] Merge tag 'docs-6.2' of git://git.lwn.net/linux
git bisect bad a7cacfb0688e3988660e90fad7017cc9a18ab390
# bad: [a312a8cc3c7fe96f5e54e69c676f5bd12995f44e] Merge tag 'cgroup-for-6.2' of git://git.kernel.org/pub/scm/linux/kernel/git/tj/cgroup
git bisect bad a312a8cc3c7fe96f5e54e69c676f5bd12995f44e
# good: [c1f0fcd85d3d66f002fc1a4986363840fcca766d] Merge tag 'cxl-for-6.2' of git://git.kernel.org/pub/scm/linux/kernel/git/cxl/cxl
git bisect good c1f0fcd85d3d66f002fc1a4986363840fcca766d
# good: [617fe4fa82b2fe5bcb99f97f223f408603bfa5a0] Merge tag 'locking-core-2022-12-12' of git://git.kernel.org/pub/scm/linux/kernel/git/tip/tip
git bisect good 617fe4fa82b2fe5bcb99f97f223f408603bfa5a0
# bad: [add76959575736c194b3118d96e43f8cd7bcec82] Merge tag 'perf-core-2022-12-12' of git://git.kernel.org/pub/scm/linux/kernel/git/tip/tip
git bisect bad add76959575736c194b3118d96e43f8cd7bcec82
# bad: [6532783310e2b2f50dc13f46c49aa6546cb6e7a3] perf/x86/intel/uncore: Clear attr_update properly
git bisect bad 6532783310e2b2f50dc13f46c49aa6546cb6e7a3
# bad: [e8d7a90c08ce963c592fb49845f2ccc606a2ac21] perf: Fix possible memleak in pmu_dev_alloc()
git bisect bad e8d7a90c08ce963c592fb49845f2ccc606a2ac21
# bad: [8e356858be2989355aafcc96af541fedf9fb486f] perf/x86: Remove unused variable 'cpu_type'
git bisect bad 8e356858be2989355aafcc96af541fedf9fb486f
# bad: [571f97f7d51fa81e6cc0e00f0f6314792ce533a3] perf: Optimize perf_tp_event()
git bisect bad 571f97f7d51fa81e6cc0e00f0f6314792ce533a3
# bad: [bd27568117664b8b3e259721393df420ed51f57b] perf: Rewrite core context handling
git bisect bad bd27568117664b8b3e259721393df420ed51f57b
# first bad commit: [bd27568117664b8b3e259721393df420ed51f57b] perf: Rewrite core context handling, will clean it|
|1229_114350|CMD=git bisect reset|
|1229_114354|CMD=git checkout -f 1b929c02afd37871d5afb9d498426f83432e71c2|
|1229_114355|CMD=cd /root/linux|
|1229_114355||/home/bzimage/bzImage_1b929c02afd37871d5afb9d498426f83432e71c2| exist, no need make|
|1229_114355|/root/image/centos8_3.img -> /root/image/centos8_2.img|
|1229_114418|Run /home/bzimage/bzImage_1b929c02afd37871d5afb9d498426f83432e71c2 with image:/root/image/centos8_2.img in local port:10022|
|1229_114443|CMD=ssh -o ConnectTimeout=1 -o 'StrictHostKeyChecking no' -p 10022 localhost 'rm -rf file*'|
|1229_114443|CMD=scp -o 'StrictHostKeyChecking no' -P 10022 /root/bzimage_bisect/repro.sh root@localhost:/root/repro.sh|
|1229_114445|CMD=scp -o 'StrictHostKeyChecking no' -P 10022 /root/syzkaller/workdir/crashes/6e07780a3ce3871129db248820fca96efc8b6b62/repro.cprog root@localhost:/root/repro.c|
|1229_114446|CMD=ssh -o ConnectTimeout=1 -o 'StrictHostKeyChecking no' -p 10022 localhost 'ls /root/repro.sh'|
|1229_114502|/home/bzimage/bzImage_1b929c02afd37871d5afb9d498426f83432e71c2 contained put_pmu_ctx:[   41.407205] WARNING: CPU: 1 PID: 13365 at kernel/events/core.c:4920 put_pmu_ctx+0x107/0x120
[   41.410332] RIP: 0010:put_pmu_ctx+0x107/0x120, FAIL|
|1229_114502|Found time:41 in /home/bzimage/1229_114350_put_pmu_ctx/1b929c02afd37871d5afb9d498426f83432e71c2_dmesg.log|
|1229_114502|Logic: |<=25: +25|25-60 +120|>60 +1800| Set TIME:161|
|1229_114502|-END- commit 1b929c02afd37871d5afb9d498426f83432e71c2 FAIL bad|
|1229_114502||/home/bzimage/bzImage_f40ddce88593482919761f74910f42f4b84c004b| exist, no need make|
|1229_114502|/root/image/centos8_3.img -> /root/image/centos8_2.img|
|1229_114522|Run /home/bzimage/bzImage_f40ddce88593482919761f74910f42f4b84c004b with image:/root/image/centos8_2.img in local port:10022|
|1229_114547|CMD=ssh -o ConnectTimeout=1 -o 'StrictHostKeyChecking no' -p 10022 localhost 'rm -rf file*'|
|1229_114548|CMD=scp -o 'StrictHostKeyChecking no' -P 10022 /root/bzimage_bisect/repro.sh root@localhost:/root/repro.sh|
|1229_114549|CMD=scp -o 'StrictHostKeyChecking no' -P 10022 /root/syzkaller/workdir/crashes/6e07780a3ce3871129db248820fca96efc8b6b62/repro.cprog root@localhost:/root/repro.c|
|1229_114551|CMD=ssh -o ConnectTimeout=1 -o 'StrictHostKeyChecking no' -p 10022 localhost 'ls /root/repro.sh'|
|1229_114832|/home/bzimage/bzImage_f40ddce88593482919761f74910f42f4b84c004b didn't contain put_pmu_ctx: in dmesg, pass|
|1229_114832|Start commit f40ddce88593482919761f74910f42f4b84c004b PASS good|
|1229_114832|CMD=git checkout -f 1b929c02afd37871d5afb9d498426f83432e71c2|
|1229_114833|CMD=git bisect start|
|1229_114833|CMD=git bisect bad 1b929c02afd37871d5afb9d498426f83432e71c2|
|1229_114833|Bisect first start commit:f40ddce88593482919761f74910f42f4b84c004b|
|1229_114833|git bisect good f40ddce88593482919761f74910f42f4b84c004b|
|1229_114958||/home/bzimage/bzImage_e1a7aa25ff45636a6c1930bf2430c8b802e93d9c| exist, no need make|
|1229_114958|/root/image/centos8_3.img -> /root/image/centos8_2.img|
|1229_115018|Run /home/bzimage/bzImage_e1a7aa25ff45636a6c1930bf2430c8b802e93d9c with image:/root/image/centos8_2.img in local port:10022|
|1229_115043|CMD=ssh -o ConnectTimeout=1 -o 'StrictHostKeyChecking no' -p 10022 localhost 'rm -rf file*'|
|1229_115044|CMD=scp -o 'StrictHostKeyChecking no' -P 10022 /root/bzimage_bisect/repro.sh root@localhost:/root/repro.sh|
|1229_115045|CMD=scp -o 'StrictHostKeyChecking no' -P 10022 /root/syzkaller/workdir/crashes/6e07780a3ce3871129db248820fca96efc8b6b62/repro.cprog root@localhost:/root/repro.c|
|1229_115047|CMD=ssh -o ConnectTimeout=1 -o 'StrictHostKeyChecking no' -p 10022 localhost 'ls /root/repro.sh'|
|1229_115328|/home/bzimage/bzImage_e1a7aa25ff45636a6c1930bf2430c8b802e93d9c didn't contain put_pmu_ctx: in dmesg, pass|
|1229_115328|git bisect good e1a7aa25ff45636a6c1930bf2430c8b802e93d9c|
|1229_115602||/home/bzimage/bzImage_526942b8134cc34d25d27f95dfff98b8ce2f6fcd| exist, no need make|
|1229_115602|/root/image/centos8_3.img -> /root/image/centos8_2.img|
|1229_115621|Run /home/bzimage/bzImage_526942b8134cc34d25d27f95dfff98b8ce2f6fcd with image:/root/image/centos8_2.img in local port:10022|
|1229_115646|CMD=ssh -o ConnectTimeout=1 -o 'StrictHostKeyChecking no' -p 10022 localhost 'rm -rf file*'|
|1229_115647|CMD=scp -o 'StrictHostKeyChecking no' -P 10022 /root/bzimage_bisect/repro.sh root@localhost:/root/repro.sh|
|1229_115649|CMD=scp -o 'StrictHostKeyChecking no' -P 10022 /root/syzkaller/workdir/crashes/6e07780a3ce3871129db248820fca96efc8b6b62/repro.cprog root@localhost:/root/repro.c|
|1229_115650|CMD=ssh -o ConnectTimeout=1 -o 'StrictHostKeyChecking no' -p 10022 localhost 'ls /root/repro.sh'|
|1229_115932|/home/bzimage/bzImage_526942b8134cc34d25d27f95dfff98b8ce2f6fcd didn't contain put_pmu_ctx: in dmesg, pass|
|1229_115932|git bisect good 526942b8134cc34d25d27f95dfff98b8ce2f6fcd|
|1229_115951||/home/bzimage/bzImage_29926f1cd3535f565f200430d5b6a794543fe130| exist, no need make|
|1229_115951|/root/image/centos8_3.img -> /root/image/centos8_2.img|
|1229_120011|Run /home/bzimage/bzImage_29926f1cd3535f565f200430d5b6a794543fe130 with image:/root/image/centos8_2.img in local port:10022|
|1229_120036|CMD=ssh -o ConnectTimeout=1 -o 'StrictHostKeyChecking no' -p 10022 localhost 'rm -rf file*'|
|1229_120037|CMD=scp -o 'StrictHostKeyChecking no' -P 10022 /root/bzimage_bisect/repro.sh root@localhost:/root/repro.sh|
|1229_120038|CMD=scp -o 'StrictHostKeyChecking no' -P 10022 /root/syzkaller/workdir/crashes/6e07780a3ce3871129db248820fca96efc8b6b62/repro.cprog root@localhost:/root/repro.c|
|1229_120040|CMD=ssh -o ConnectTimeout=1 -o 'StrictHostKeyChecking no' -p 10022 localhost 'ls /root/repro.sh'|
|1229_120322|/home/bzimage/bzImage_29926f1cd3535f565f200430d5b6a794543fe130 didn't contain put_pmu_ctx: in dmesg, pass|
|1229_120322|git bisect good 29926f1cd3535f565f200430d5b6a794543fe130|
|1229_120329||/home/bzimage/bzImage_8715c6d3100fc7c6edddf29af4a399a1c12d028c| exist, no need make|
|1229_120329|/root/image/centos8_3.img -> /root/image/centos8_2.img|
|1229_120349|Run /home/bzimage/bzImage_8715c6d3100fc7c6edddf29af4a399a1c12d028c with image:/root/image/centos8_2.img in local port:10022|
|1229_120414|CMD=ssh -o ConnectTimeout=1 -o 'StrictHostKeyChecking no' -p 10022 localhost 'rm -rf file*'|
|1229_120415|CMD=scp -o 'StrictHostKeyChecking no' -P 10022 /root/bzimage_bisect/repro.sh root@localhost:/root/repro.sh|
|1229_120416|CMD=scp -o 'StrictHostKeyChecking no' -P 10022 /root/syzkaller/workdir/crashes/6e07780a3ce3871129db248820fca96efc8b6b62/repro.cprog root@localhost:/root/repro.c|
|1229_120418|CMD=ssh -o ConnectTimeout=1 -o 'StrictHostKeyChecking no' -p 10022 localhost 'ls /root/repro.sh'|
|1229_120700|/home/bzimage/bzImage_8715c6d3100fc7c6edddf29af4a399a1c12d028c contained put_pmu_ctx:[   38.787207] WARNING: CPU: 1 PID: 10305 at kernel/events/core.c:4920 put_pmu_ctx+0x107/0x120
[   38.790658] RIP: 0010:put_pmu_ctx+0x107/0x120, FAIL|
|1229_120700|git bisect bad 8715c6d3100fc7c6edddf29af4a399a1c12d028c|
|1229_120705||/home/bzimage/bzImage_9521c9d6a53df9c44a5f5ddbc229ceaf3cf79ef6| exist, no need make|
|1229_120705|/root/image/centos8_3.img -> /root/image/centos8_2.img|
|1229_120725|Run /home/bzimage/bzImage_9521c9d6a53df9c44a5f5ddbc229ceaf3cf79ef6 with image:/root/image/centos8_2.img in local port:10022|
|1229_120750|CMD=ssh -o ConnectTimeout=1 -o 'StrictHostKeyChecking no' -p 10022 localhost 'rm -rf file*'|
|1229_120751|CMD=scp -o 'StrictHostKeyChecking no' -P 10022 /root/bzimage_bisect/repro.sh root@localhost:/root/repro.sh|
|1229_120752|CMD=scp -o 'StrictHostKeyChecking no' -P 10022 /root/syzkaller/workdir/crashes/6e07780a3ce3871129db248820fca96efc8b6b62/repro.cprog root@localhost:/root/repro.c|
|1229_120754|CMD=ssh -o ConnectTimeout=1 -o 'StrictHostKeyChecking no' -p 10022 localhost 'ls /root/repro.sh'|
|1229_121035|/home/bzimage/bzImage_9521c9d6a53df9c44a5f5ddbc229ceaf3cf79ef6 didn't contain put_pmu_ctx: in dmesg, pass|
|1229_121035|git bisect good 9521c9d6a53df9c44a5f5ddbc229ceaf3cf79ef6|
|1229_121039||/home/bzimage/bzImage_8e17b16a2c13406c56a4d292df3ca083f8729666| exist, no need make|
|1229_121039|/root/image/centos8_3.img -> /root/image/centos8_2.img|
|1229_121059|Run /home/bzimage/bzImage_8e17b16a2c13406c56a4d292df3ca083f8729666 with image:/root/image/centos8_2.img in local port:10022|
|1229_121124|CMD=ssh -o ConnectTimeout=1 -o 'StrictHostKeyChecking no' -p 10022 localhost 'rm -rf file*'|
|1229_121125|CMD=scp -o 'StrictHostKeyChecking no' -P 10022 /root/bzimage_bisect/repro.sh root@localhost:/root/repro.sh|
|1229_121126|CMD=scp -o 'StrictHostKeyChecking no' -P 10022 /root/syzkaller/workdir/crashes/6e07780a3ce3871129db248820fca96efc8b6b62/repro.cprog root@localhost:/root/repro.c|
|1229_121128|CMD=ssh -o ConnectTimeout=1 -o 'StrictHostKeyChecking no' -p 10022 localhost 'ls /root/repro.sh'|
|1229_121409|/home/bzimage/bzImage_8e17b16a2c13406c56a4d292df3ca083f8729666 didn't contain put_pmu_ctx: in dmesg, pass|
|1229_121410|git bisect good 8e17b16a2c13406c56a4d292df3ca083f8729666|
|1229_121411||/home/bzimage/bzImage_456ed864fd907d5f5484c7c4795da212537842fe| exist, no need make|
|1229_121411|/root/image/centos8_3.img -> /root/image/centos8_2.img|
|1229_121430|Run /home/bzimage/bzImage_456ed864fd907d5f5484c7c4795da212537842fe with image:/root/image/centos8_2.img in local port:10022|
|1229_121455|CMD=ssh -o ConnectTimeout=1 -o 'StrictHostKeyChecking no' -p 10022 localhost 'rm -rf file*'|
|1229_121456|CMD=scp -o 'StrictHostKeyChecking no' -P 10022 /root/bzimage_bisect/repro.sh root@localhost:/root/repro.sh|
|1229_121457|CMD=scp -o 'StrictHostKeyChecking no' -P 10022 /root/syzkaller/workdir/crashes/6e07780a3ce3871129db248820fca96efc8b6b62/repro.cprog root@localhost:/root/repro.c|
|1229_121459|CMD=ssh -o ConnectTimeout=1 -o 'StrictHostKeyChecking no' -p 10022 localhost 'ls /root/repro.sh'|
|1229_121740|/home/bzimage/bzImage_456ed864fd907d5f5484c7c4795da212537842fe didn't contain put_pmu_ctx: in dmesg, pass|
|1229_121740|git bisect good 456ed864fd907d5f5484c7c4795da212537842fe|
|1229_121742||/home/bzimage/bzImage_97971df811b8854882c0f6c6631e23ab8cdcc44f| exist, no need make|
|1229_121742|/root/image/centos8_3.img -> /root/image/centos8_2.img|
|1229_121802|Run /home/bzimage/bzImage_97971df811b8854882c0f6c6631e23ab8cdcc44f with image:/root/image/centos8_2.img in local port:10022|
|1229_121827|CMD=ssh -o ConnectTimeout=1 -o 'StrictHostKeyChecking no' -p 10022 localhost 'rm -rf file*'|
|1229_121827|CMD=scp -o 'StrictHostKeyChecking no' -P 10022 /root/bzimage_bisect/repro.sh root@localhost:/root/repro.sh|
|1229_121829|CMD=scp -o 'StrictHostKeyChecking no' -P 10022 /root/syzkaller/workdir/crashes/6e07780a3ce3871129db248820fca96efc8b6b62/repro.cprog root@localhost:/root/repro.c|
|1229_121830|CMD=ssh -o ConnectTimeout=1 -o 'StrictHostKeyChecking no' -p 10022 localhost 'ls /root/repro.sh'|
|1229_122112|/home/bzimage/bzImage_97971df811b8854882c0f6c6631e23ab8cdcc44f contained put_pmu_ctx:[  131.800383] WARNING: CPU: 1 PID: 97898 at kernel/events/core.c:4920 put_pmu_ctx+0x107/0x120
[  131.807099] RIP: 0010:put_pmu_ctx+0x107/0x120, FAIL|
|1229_122112|git bisect bad 97971df811b8854882c0f6c6631e23ab8cdcc44f|
|1229_122114||/home/bzimage/bzImage_a7cacfb0688e3988660e90fad7017cc9a18ab390| exist, no need make|
|1229_122114|/root/image/centos8_3.img -> /root/image/centos8_2.img|
|1229_122133|Run /home/bzimage/bzImage_a7cacfb0688e3988660e90fad7017cc9a18ab390 with image:/root/image/centos8_2.img in local port:10022|
|1229_122158|CMD=ssh -o ConnectTimeout=1 -o 'StrictHostKeyChecking no' -p 10022 localhost 'rm -rf file*'|
|1229_122159|CMD=scp -o 'StrictHostKeyChecking no' -P 10022 /root/bzimage_bisect/repro.sh root@localhost:/root/repro.sh|
|1229_122200|CMD=scp -o 'StrictHostKeyChecking no' -P 10022 /root/syzkaller/workdir/crashes/6e07780a3ce3871129db248820fca96efc8b6b62/repro.cprog root@localhost:/root/repro.c|
|1229_122202|CMD=ssh -o ConnectTimeout=1 -o 'StrictHostKeyChecking no' -p 10022 localhost 'ls /root/repro.sh'|
|1229_122444|/home/bzimage/bzImage_a7cacfb0688e3988660e90fad7017cc9a18ab390 contained put_pmu_ctx:[   42.876154] WARNING: CPU: 1 PID: 15503 at kernel/events/core.c:4920 put_pmu_ctx+0x107/0x120
[   42.880833] RIP: 0010:put_pmu_ctx+0x107/0x120, FAIL|
|1229_122444|git bisect bad a7cacfb0688e3988660e90fad7017cc9a18ab390|
|1229_122445||/home/bzimage/bzImage_a312a8cc3c7fe96f5e54e69c676f5bd12995f44e| exist, no need make|
|1229_122445|/root/image/centos8_3.img -> /root/image/centos8_2.img|
|1229_122505|Run /home/bzimage/bzImage_a312a8cc3c7fe96f5e54e69c676f5bd12995f44e with image:/root/image/centos8_2.img in local port:10022|
|1229_122530|CMD=ssh -o ConnectTimeout=1 -o 'StrictHostKeyChecking no' -p 10022 localhost 'rm -rf file*'|
|1229_122531|CMD=scp -o 'StrictHostKeyChecking no' -P 10022 /root/bzimage_bisect/repro.sh root@localhost:/root/repro.sh|
|1229_122532|CMD=scp -o 'StrictHostKeyChecking no' -P 10022 /root/syzkaller/workdir/crashes/6e07780a3ce3871129db248820fca96efc8b6b62/repro.cprog root@localhost:/root/repro.c|
|1229_122534|CMD=ssh -o ConnectTimeout=1 -o 'StrictHostKeyChecking no' -p 10022 localhost 'ls /root/repro.sh'|
|1229_122815|/home/bzimage/bzImage_a312a8cc3c7fe96f5e54e69c676f5bd12995f44e contained put_pmu_ctx:[   39.359984] WARNING: CPU: 1 PID: 9927 at kernel/events/core.c:4920 put_pmu_ctx+0x107/0x120
[   39.368489] RIP: 0010:put_pmu_ctx+0x107/0x120, FAIL|
|1229_122815|git bisect bad a312a8cc3c7fe96f5e54e69c676f5bd12995f44e|
|1229_122817||/home/bzimage/bzImage_c1f0fcd85d3d66f002fc1a4986363840fcca766d| exist, no need make|
|1229_122817|/root/image/centos8_3.img -> /root/image/centos8_2.img|
|1229_122839|Run /home/bzimage/bzImage_c1f0fcd85d3d66f002fc1a4986363840fcca766d with image:/root/image/centos8_2.img in local port:10022|
|1229_122904|CMD=ssh -o ConnectTimeout=1 -o 'StrictHostKeyChecking no' -p 10022 localhost 'rm -rf file*'|
|1229_122904|CMD=scp -o 'StrictHostKeyChecking no' -P 10022 /root/bzimage_bisect/repro.sh root@localhost:/root/repro.sh|
|1229_122906|CMD=scp -o 'StrictHostKeyChecking no' -P 10022 /root/syzkaller/workdir/crashes/6e07780a3ce3871129db248820fca96efc8b6b62/repro.cprog root@localhost:/root/repro.c|
|1229_122907|CMD=ssh -o ConnectTimeout=1 -o 'StrictHostKeyChecking no' -p 10022 localhost 'ls /root/repro.sh'|
|1229_123149|/home/bzimage/bzImage_c1f0fcd85d3d66f002fc1a4986363840fcca766d didn't contain put_pmu_ctx: in dmesg, pass|
|1229_123149|git bisect good c1f0fcd85d3d66f002fc1a4986363840fcca766d|
|1229_123150||/home/bzimage/bzImage_617fe4fa82b2fe5bcb99f97f223f408603bfa5a0| exist, no need make|
|1229_123150|/root/image/centos8_3.img -> /root/image/centos8_2.img|
|1229_123211|Run /home/bzimage/bzImage_617fe4fa82b2fe5bcb99f97f223f408603bfa5a0 with image:/root/image/centos8_2.img in local port:10022|
|1229_123236|CMD=ssh -o ConnectTimeout=1 -o 'StrictHostKeyChecking no' -p 10022 localhost 'rm -rf file*'|
|1229_123237|CMD=scp -o 'StrictHostKeyChecking no' -P 10022 /root/bzimage_bisect/repro.sh root@localhost:/root/repro.sh|
|1229_123238|CMD=scp -o 'StrictHostKeyChecking no' -P 10022 /root/syzkaller/workdir/crashes/6e07780a3ce3871129db248820fca96efc8b6b62/repro.cprog root@localhost:/root/repro.c|
|1229_123240|CMD=ssh -o ConnectTimeout=1 -o 'StrictHostKeyChecking no' -p 10022 localhost 'ls /root/repro.sh'|
|1229_123521|/home/bzimage/bzImage_617fe4fa82b2fe5bcb99f97f223f408603bfa5a0 didn't contain put_pmu_ctx: in dmesg, pass|
|1229_123521|git bisect good 617fe4fa82b2fe5bcb99f97f223f408603bfa5a0|
|1229_123522||/home/bzimage/bzImage_add76959575736c194b3118d96e43f8cd7bcec82| exist, no need make|
|1229_123522|/root/image/centos8_3.img -> /root/image/centos8_2.img|
|1229_123544|Run /home/bzimage/bzImage_add76959575736c194b3118d96e43f8cd7bcec82 with image:/root/image/centos8_2.img in local port:10022|
|1229_123609|CMD=ssh -o ConnectTimeout=1 -o 'StrictHostKeyChecking no' -p 10022 localhost 'rm -rf file*'|
|1229_123610|CMD=scp -o 'StrictHostKeyChecking no' -P 10022 /root/bzimage_bisect/repro.sh root@localhost:/root/repro.sh|
|1229_123611|CMD=scp -o 'StrictHostKeyChecking no' -P 10022 /root/syzkaller/workdir/crashes/6e07780a3ce3871129db248820fca96efc8b6b62/repro.cprog root@localhost:/root/repro.c|
|1229_123613|CMD=ssh -o ConnectTimeout=1 -o 'StrictHostKeyChecking no' -p 10022 localhost 'ls /root/repro.sh'|
|1229_123854|/home/bzimage/bzImage_add76959575736c194b3118d96e43f8cd7bcec82 contained put_pmu_ctx:[   57.064266] WARNING: CPU: 1 PID: 31379 at kernel/events/core.c:4920 put_pmu_ctx+0x107/0x120
[   57.068205] RIP: 0010:put_pmu_ctx+0x107/0x120, FAIL|
|1229_123854|git bisect bad add76959575736c194b3118d96e43f8cd7bcec82|
|1229_123857||/home/bzimage/bzImage_6532783310e2b2f50dc13f46c49aa6546cb6e7a3| exist, no need make|
|1229_123857|/root/image/centos8_3.img -> /root/image/centos8_2.img|
|1229_123921|Run /home/bzimage/bzImage_6532783310e2b2f50dc13f46c49aa6546cb6e7a3 with image:/root/image/centos8_2.img in local port:10022|
|1229_123946|CMD=ssh -o ConnectTimeout=1 -o 'StrictHostKeyChecking no' -p 10022 localhost 'rm -rf file*'|
|1229_123947|CMD=scp -o 'StrictHostKeyChecking no' -P 10022 /root/bzimage_bisect/repro.sh root@localhost:/root/repro.sh|
|1229_123948|CMD=scp -o 'StrictHostKeyChecking no' -P 10022 /root/syzkaller/workdir/crashes/6e07780a3ce3871129db248820fca96efc8b6b62/repro.cprog root@localhost:/root/repro.c|
|1229_123950|CMD=ssh -o ConnectTimeout=1 -o 'StrictHostKeyChecking no' -p 10022 localhost 'ls /root/repro.sh'|
|1229_124231|/home/bzimage/bzImage_6532783310e2b2f50dc13f46c49aa6546cb6e7a3 contained put_pmu_ctx:[   31.175065] WARNING: CPU: 0 PID: 1660 at kernel/events/core.c:4910 put_pmu_ctx+0x107/0x120
[   31.180895] RIP: 0010:put_pmu_ctx+0x107/0x120, FAIL|
|1229_124231|git bisect bad 6532783310e2b2f50dc13f46c49aa6546cb6e7a3|
|1229_124233||/home/bzimage/bzImage_e8d7a90c08ce963c592fb49845f2ccc606a2ac21| exist, no need make|
|1229_124233|/root/image/centos8_3.img -> /root/image/centos8_2.img|
|1229_124253|Run /home/bzimage/bzImage_e8d7a90c08ce963c592fb49845f2ccc606a2ac21 with image:/root/image/centos8_2.img in local port:10022|
|1229_124318|CMD=ssh -o ConnectTimeout=1 -o 'StrictHostKeyChecking no' -p 10022 localhost 'rm -rf file*'|
|1229_124318|CMD=scp -o 'StrictHostKeyChecking no' -P 10022 /root/bzimage_bisect/repro.sh root@localhost:/root/repro.sh|
|1229_124320|CMD=scp -o 'StrictHostKeyChecking no' -P 10022 /root/syzkaller/workdir/crashes/6e07780a3ce3871129db248820fca96efc8b6b62/repro.cprog root@localhost:/root/repro.c|
|1229_124321|CMD=ssh -o ConnectTimeout=1 -o 'StrictHostKeyChecking no' -p 10022 localhost 'ls /root/repro.sh'|
|1229_124603|/home/bzimage/bzImage_e8d7a90c08ce963c592fb49845f2ccc606a2ac21 contained put_pmu_ctx:[   32.114695] WARNING: CPU: 0 PID: 3369 at kernel/events/core.c:4905 put_pmu_ctx+0x107/0x120
[   32.118424] RIP: 0010:put_pmu_ctx+0x107/0x120, FAIL|
|1229_124603|git bisect bad e8d7a90c08ce963c592fb49845f2ccc606a2ac21|
|1229_124604||/home/bzimage/bzImage_8e356858be2989355aafcc96af541fedf9fb486f| exist, no need make|
|1229_124604|/root/image/centos8_3.img -> /root/image/centos8_2.img|
|1229_124624|Run /home/bzimage/bzImage_8e356858be2989355aafcc96af541fedf9fb486f with image:/root/image/centos8_2.img in local port:10022|
|1229_124649|CMD=ssh -o ConnectTimeout=1 -o 'StrictHostKeyChecking no' -p 10022 localhost 'rm -rf file*'|
|1229_124650|CMD=scp -o 'StrictHostKeyChecking no' -P 10022 /root/bzimage_bisect/repro.sh root@localhost:/root/repro.sh|
|1229_124651|CMD=scp -o 'StrictHostKeyChecking no' -P 10022 /root/syzkaller/workdir/crashes/6e07780a3ce3871129db248820fca96efc8b6b62/repro.cprog root@localhost:/root/repro.c|
|1229_124653|CMD=ssh -o ConnectTimeout=1 -o 'StrictHostKeyChecking no' -p 10022 localhost 'ls /root/repro.sh'|
|1229_124934|/home/bzimage/bzImage_8e356858be2989355aafcc96af541fedf9fb486f contained put_pmu_ctx:[   57.167927] WARNING: CPU: 1 PID: 33373 at kernel/events/core.c:4907 put_pmu_ctx+0x107/0x120
[   57.171250] RIP: 0010:put_pmu_ctx+0x107/0x120, FAIL|
|1229_124934|git bisect bad 8e356858be2989355aafcc96af541fedf9fb486f|
|1229_124935||/home/bzimage/bzImage_571f97f7d51fa81e6cc0e00f0f6314792ce533a3| exist, no need make|
|1229_124935|/root/image/centos8_3.img -> /root/image/centos8_2.img|
|1229_124954|Run /home/bzimage/bzImage_571f97f7d51fa81e6cc0e00f0f6314792ce533a3 with image:/root/image/centos8_2.img in local port:10022|
|1229_125019|CMD=ssh -o ConnectTimeout=1 -o 'StrictHostKeyChecking no' -p 10022 localhost 'rm -rf file*'|
|1229_125020|CMD=scp -o 'StrictHostKeyChecking no' -P 10022 /root/bzimage_bisect/repro.sh root@localhost:/root/repro.sh|
|1229_125021|CMD=scp -o 'StrictHostKeyChecking no' -P 10022 /root/syzkaller/workdir/crashes/6e07780a3ce3871129db248820fca96efc8b6b62/repro.cprog root@localhost:/root/repro.c|
|1229_125023|CMD=ssh -o ConnectTimeout=1 -o 'StrictHostKeyChecking no' -p 10022 localhost 'ls /root/repro.sh'|
|1229_125305|/home/bzimage/bzImage_571f97f7d51fa81e6cc0e00f0f6314792ce533a3 contained put_pmu_ctx:[   54.661884] WARNING: CPU: 0 PID: 28446 at kernel/events/core.c:4907 put_pmu_ctx+0x107/0x120
[   54.665373] RIP: 0010:put_pmu_ctx+0x107/0x120, FAIL|
|1229_125305|git bisect bad 571f97f7d51fa81e6cc0e00f0f6314792ce533a3|
|1229_125306||/home/bzimage/bzImage_bd27568117664b8b3e259721393df420ed51f57b| exist, no need make|
|1229_125306|/root/image/centos8_3.img -> /root/image/centos8_2.img|
|1229_125325|Run /home/bzimage/bzImage_bd27568117664b8b3e259721393df420ed51f57b with image:/root/image/centos8_2.img in local port:10022|
|1229_125350|CMD=ssh -o ConnectTimeout=1 -o 'StrictHostKeyChecking no' -p 10022 localhost 'rm -rf file*'|
|1229_125351|CMD=scp -o 'StrictHostKeyChecking no' -P 10022 /root/bzimage_bisect/repro.sh root@localhost:/root/repro.sh|
|1229_125352|CMD=scp -o 'StrictHostKeyChecking no' -P 10022 /root/syzkaller/workdir/crashes/6e07780a3ce3871129db248820fca96efc8b6b62/repro.cprog root@localhost:/root/repro.c|
|1229_125353|CMD=ssh -o ConnectTimeout=1 -o 'StrictHostKeyChecking no' -p 10022 localhost 'ls /root/repro.sh'|
|1229_125635|/home/bzimage/bzImage_bd27568117664b8b3e259721393df420ed51f57b contained put_pmu_ctx:[   65.452120] WARNING: CPU: 1 PID: 38071 at kernel/events/core.c:4907 put_pmu_ctx+0x107/0x120
[   65.456830] RIP: 0010:put_pmu_ctx+0x107/0x120, FAIL|
|1229_125635|git bisect bad bd27568117664b8b3e259721393df420ed51f57b|
|1229_125636|Bisect PASS: find bd27568117664b8b3e259721393df420ed51f57b is the first bad commit|
|1229_125636|CMD=git bisect log >> /home/bzimage/bi.log|
|1229_125636|CMD=git bisect log >> /home/bzimage/1229_114350_put_pmu_ctx/bisect.log|
git bisect start
# bad: [1b929c02afd37871d5afb9d498426f83432e71c2] Linux 6.2-rc1
git bisect bad 1b929c02afd37871d5afb9d498426f83432e71c2
# good: [f40ddce88593482919761f74910f42f4b84c004b] Linux 5.11
git bisect good f40ddce88593482919761f74910f42f4b84c004b
# good: [e1a7aa25ff45636a6c1930bf2430c8b802e93d9c] Merge tag 'scsi-misc' of git://git.kernel.org/pub/scm/linux/kernel/git/jejb/scsi
git bisect good e1a7aa25ff45636a6c1930bf2430c8b802e93d9c
# good: [526942b8134cc34d25d27f95dfff98b8ce2f6fcd] Merge tag 'ata-5.20-rc1' of git://git.kernel.org/pub/scm/linux/kernel/git/dlemoal/libata
git bisect good 526942b8134cc34d25d27f95dfff98b8ce2f6fcd
# good: [29926f1cd3535f565f200430d5b6a794543fe130] fbdev: mb862xx: Fix check of return value from irq_of_parse_and_map()
git bisect good 29926f1cd3535f565f200430d5b6a794543fe130
# bad: [8715c6d3100fc7c6edddf29af4a399a1c12d028c] Merge tag 'for-6.2/dm-changes' of git://git.kernel.org/pub/scm/linux/kernel/git/device-mapper/linux-dm
git bisect bad 8715c6d3100fc7c6edddf29af4a399a1c12d028c
# good: [9521c9d6a53df9c44a5f5ddbc229ceaf3cf79ef6] Merge tag 'net-6.1-rc4' of git://git.kernel.org/pub/scm/linux/kernel/git/netdev/net
git bisect good 9521c9d6a53df9c44a5f5ddbc229ceaf3cf79ef6
# good: [8e17b16a2c13406c56a4d292df3ca083f8729666] Merge tag 'soc-drivers-6.2' of git://git.kernel.org/pub/scm/linux/kernel/git/soc/soc
git bisect good 8e17b16a2c13406c56a4d292df3ca083f8729666
# good: [456ed864fd907d5f5484c7c4795da212537842fe] Merge tag 'acpi-6.2-rc1' of git://git.kernel.org/pub/scm/linux/kernel/git/rafael/linux-pm
git bisect good 456ed864fd907d5f5484c7c4795da212537842fe
# bad: [97971df811b8854882c0f6c6631e23ab8cdcc44f] Merge tag 'dlm-6.2' of git://git.kernel.org/pub/scm/linux/kernel/git/teigland/linux-dlm
git bisect bad 97971df811b8854882c0f6c6631e23ab8cdcc44f
# bad: [a7cacfb0688e3988660e90fad7017cc9a18ab390] Merge tag 'docs-6.2' of git://git.lwn.net/linux
git bisect bad a7cacfb0688e3988660e90fad7017cc9a18ab390
# bad: [a312a8cc3c7fe96f5e54e69c676f5bd12995f44e] Merge tag 'cgroup-for-6.2' of git://git.kernel.org/pub/scm/linux/kernel/git/tj/cgroup
git bisect bad a312a8cc3c7fe96f5e54e69c676f5bd12995f44e
# good: [c1f0fcd85d3d66f002fc1a4986363840fcca766d] Merge tag 'cxl-for-6.2' of git://git.kernel.org/pub/scm/linux/kernel/git/cxl/cxl
git bisect good c1f0fcd85d3d66f002fc1a4986363840fcca766d
# good: [617fe4fa82b2fe5bcb99f97f223f408603bfa5a0] Merge tag 'locking-core-2022-12-12' of git://git.kernel.org/pub/scm/linux/kernel/git/tip/tip
git bisect good 617fe4fa82b2fe5bcb99f97f223f408603bfa5a0
# bad: [add76959575736c194b3118d96e43f8cd7bcec82] Merge tag 'perf-core-2022-12-12' of git://git.kernel.org/pub/scm/linux/kernel/git/tip/tip
git bisect bad add76959575736c194b3118d96e43f8cd7bcec82
# bad: [6532783310e2b2f50dc13f46c49aa6546cb6e7a3] perf/x86/intel/uncore: Clear attr_update properly
git bisect bad 6532783310e2b2f50dc13f46c49aa6546cb6e7a3
# bad: [e8d7a90c08ce963c592fb49845f2ccc606a2ac21] perf: Fix possible memleak in pmu_dev_alloc()
git bisect bad e8d7a90c08ce963c592fb49845f2ccc606a2ac21
# bad: [8e356858be2989355aafcc96af541fedf9fb486f] perf/x86: Remove unused variable 'cpu_type'
git bisect bad 8e356858be2989355aafcc96af541fedf9fb486f
# bad: [571f97f7d51fa81e6cc0e00f0f6314792ce533a3] perf: Optimize perf_tp_event()
git bisect bad 571f97f7d51fa81e6cc0e00f0f6314792ce533a3
# bad: [bd27568117664b8b3e259721393df420ed51f57b] perf: Rewrite core context handling
git bisect bad bd27568117664b8b3e259721393df420ed51f57b
# first bad commit: [bd27568117664b8b3e259721393df420ed51f57b] perf: Rewrite core context handling
|1229_125636|/root/bzimage_bisect/make_bz.sh -k /root/linux -m 1b929c02afd37871d5afb9d498426f83432e71c2 -b bd27568117664b8b3e259721393df420ed51f57b -d /home/bzimage -o /tmp/kernel -f /home/bzimage/bzImage_1b929c02afd37871d5afb9d498426f83432e71c2_bd27568117664b8b3e259721393df420ed51f57b_revert|
|1229_125726|FAIL|bzImage:/home/bzimage/bzImage_1b929c02afd37871d5afb9d498426f83432e71c2_bd27568117664b8b3e259721393df420ed51f57b_revert does not exist:|
