
CentOS Stream 8
Kernel 6.2.0-intel-next-abe175dd06a8+ on an x86_64

Warning: Permanently added '[localhost]:47712' (ECDSA) to the list of known hosts.
executing program
executing program
executing program
executing program
executing program
executing program
executing program
executing program
executing program
executing program
executing program
executing program
executing program
executing program
executing program
executing program
executing program
executing program
executing program
executing program
executing program
executing program
executing program
executing program
executing program
executing program
executing program
executing program
executing program
executing program
executing program
executing program
executing program
executing program
executing program
executing program
executing program
executing program
executing program
executing program
executing program
executing program
executing program
executing program
executing program
executing program
executing program
executing program
executing program
executing program
executing program
executing program
executing program
executing program
executing program
executing program
executing program
executing program
executing program
executing program
executing program
executing program
executing program
executing program
executing program
executing program
executing program
executing program
executing program
executing program
executing program
executing program
executing program
executing program
executing program
executing program
executing program
executing program
executing program
executing program
executing program
executing program
executing program
executing program
executing program
executing program
executing program
executing program
executing program
executing program
executing program
executing program
executing program
executing program
executing program
executing program
executing program
executing program
executing program
executing program
executing program
executing program
executing program
executing program
executing program
executing program
executing program
executing program
executing program
executing program
executing program
executing program
executing program
executing program
executing program
executing program
executing program
executing program
executing program
executing program
executing program
executing program
executing program
executing program
executing program
executing program
executing program
executing program
executing program
executing program
executing program
executing program
executing program
executing program
executing program
executing program
executing program
executing program
executing program
executing program
executing program
executing program
executing program
executing program
executing program
executing program
executing program
executing program
executing program
executing program
executing program
executing program
executing program
executing program
executing program
executing program
executing program
executing program
executing program
executing program
executing program
executing program
executing program
executing program
executing program
executing program
executing program
executing program
executing program
executing program
executing program
executing program
executing program
executing program
executing program
executing program
executing program
test login: [   38.268598] ------------[ cut here ]------------
[   38.269310] refcount_t: addition on 0; use-after-free.
executing program
[   38.270043] WARNING: CPU: 0 PID: 532 at lib/refcount.c:25 refcount_warn_saturate+0xe6/0x1c0
[   38.271191] Modules linked in:
[   38.271591] CPU: 0 PID: 532 Comm: kworker/u4:4 Not tainted 6.2.0-intel-next-abe175dd06a8+ #1
[   38.272974] Hardware name: QEMU Standard PC (i440FX + PIIX, 1996), BIOS rel-1.16.0-0-gd239552ce722-prebuilt.qemu.org 04/01/2014
[   38.274938] Workqueue: events_unbound bpf_map_free_deferred
[   38.275674] RIP: 0010:refcount_warn_saturate+0xe6/0x1c0
[   38.276348] Code: 1d 06 e2 28 02 31 ff 89 de e8 06 95 56 ff 84 db 75 97 e8 9d 93 56 ff 48 c7 c7 b8 cc a0 83 c6 05 e6 e1 28 02 01 e8 b1 65 18 01 <0f> 0b e9 78 ff ff ff e8 7e 93 56 ff 0f b6 1d d0 e1 28 02 31 ff 89
executing program
[   38.278864] RSP: 0018:ffffc90000fbbda0 EFLAGS: 00010286
[   38.279610] RAX: 0000000000000000 RBX: 0000000000000000 RCX: ffffffff811e230b
[   38.280546] RDX: 0000000000000000 RSI: ffff888012034680 RDI: 0000000000000002
[   38.281461] RBP: ffffc90000fbbdb0 R08: 0000000000000000 R09: 0000000000000001
[   38.282374] R10: 0000000000000000 R11: 0000000000000001 R12: ffff88800ed43c80
[   38.283283] R13: 0000000000000000 R14: ffff8880123d0000 R15: ffff88800988a000
[   38.284203] FS:  0000000000000000(0000) GS:ffff88807dc00000(0000) knlGS:0000000000000000
[   38.285261] CS:  0010 DS: 0000 ES: 0000 CR0: 0000000080050033
[   38.286007] CR2: 00000000004ea010 CR3: 0000000003c12002 CR4: 0000000000f70ef0
[   38.286931] PKRU: 55555554
executing program
[   38.287359] Call Trace:
[   38.287702]  <TASK>
[   38.288005]  sock_map_free+0x349/0x350
[   38.288574]  bpf_map_free_deferred+0x124/0x290
[   38.289190]  process_one_work+0x3b1/0x960
[   38.289747]  worker_thread+0x52/0x660
[   38.290262]  ? __pfx_worker_thread+0x10/0x10
[   38.290885]  kthread+0x161/0x1a0
[   38.291355]  ? __pfx_kthread+0x10/0x10
[   38.291889]  ret_from_fork+0x29/0x50
[   38.292420]  </TASK>
[   38.292773] irq event stamp: 3289
[   38.293243] hardirqs last  enabled at (3297): [<ffffffff811e1a31>] __up_console_sem+0x91/0xb0
executing program
[   38.294410] hardirqs last disabled at (3304): [<ffffffff811e1a16>] __up_console_sem+0x76/0xb0
[   38.295649] softirqs last  enabled at (3062): [<ffffffff82fc5333>] __do_softirq+0x323/0x48a
[   38.296808] softirqs last disabled at (3035): [<ffffffff81126122>] irq_exit_rcu+0xd2/0x100
[   38.297926] ---[ end trace 0000000000000000 ]---
[   38.298843] ------------[ cut here ]------------
[   38.299479] refcount_t: underflow; use-after-free.
[   38.300197] WARNING: CPU: 0 PID: 532 at lib/refcount.c:28 refcount_warn_saturate+0x15e/0x1c0
[   38.301377] Modules linked in:
[   38.301816] CPU: 0 PID: 532 Comm: kworker/u4:4 Tainted: G        W          6.2.0-intel-next-abe175dd06a8+ #1
executing program
[   38.303149] Hardware name: QEMU Standard PC (i440FX + PIIX, 1996), BIOS rel-1.16.0-0-gd239552ce722-prebuilt.qemu.org 04/01/2014
[   38.304787] Workqueue: events_unbound bpf_map_free_deferred
[   38.305562] RIP: 0010:refcount_warn_saturate+0x15e/0x1c0
[   38.306301] Code: 02 31 ff 89 de e8 92 94 56 ff 84 db 0f 85 1f ff ff ff e8 25 93 56 ff 48 c7 c7 e8 cc a0 83 c6 05 6d e1 28 02 01 e8 39 65 18 01 <0f> 0b e9 00 ff ff ff e8 06 93 56 ff 0f b6 1d 53 e1 28 02 31 ff 89
[   38.308793] RSP: 0018:ffffc90000fbbda0 EFLAGS: 00010286
[   38.309510] RAX: 0000000000000000 RBX: 0000000000000000 RCX: ffffffff811e230b
executing program
[   38.310486] RDX: 0000000000000000 RSI: ffff888012034680 RDI: 0000000000000002
[   38.311538] RBP: ffffc90000fbbdb0 R08: 0000000000000000 R09: 0000000000000001
[   38.312532] R10: 0000000000000000 R11: 0000000000000001 R12: ffff88800ed43c80
[   38.313499] R13: 0000000000000000 R14: ffff8880123d0000 R15: ffff88800988a000
[   38.314470] FS:  0000000000000000(0000) GS:ffff88807dc00000(0000) knlGS:0000000000000000
[   38.315556] CS:  0010 DS: 0000 ES: 0000 CR0: 0000000080050033
[   38.316342] CR2: 00000000004ea010 CR3: 0000000003c12002 CR4: 0000000000f70ef0
[   38.317335] PKRU: 55555554
[   38.317720] Call Trace:
[   38.318072]  <TASK>
[   38.318390]  sock_map_free+0x32e/0x350
[   38.318928]  bpf_map_free_deferred+0x124/0x290
executing program
[   38.319638]  process_one_work+0x3b1/0x960
[   38.320213]  worker_thread+0x52/0x660
[   38.320767]  ? __pfx_worker_thread+0x10/0x10
[   38.321375]  kthread+0x161/0x1a0
[   38.321840]  ? __pfx_kthread+0x10/0x10
[   38.322377]  ret_from_fork+0x29/0x50
[   38.322904]  </TASK>
[   38.323224] irq event stamp: 3645
[   38.323691] hardirqs last  enabled at (3653): [<ffffffff811e1a31>] __up_console_sem+0x91/0xb0
[   38.324873] hardirqs last disabled at (3662): [<ffffffff811e1a16>] __up_console_sem+0x76/0xb0
[   38.326027] softirqs last  enabled at (3430): [<ffffffff82fc5333>] __do_softirq+0x323/0x48a
executing program
[   38.327158] softirqs last disabled at (3415): [<ffffffff81126122>] irq_exit_rcu+0xd2/0x100
[   38.328371] ---[ end trace 0000000000000000 ]---
executing program
executing program
executing program
executing program
executing program
executing program
executing program
executing program
executing program
executing program
executing program
executing program
executing program
executing program
executing program
executing program
executing program
executing program
executing program
executing program
executing program
executing program
executing program
executing program
executing program
executing program
executing program
executing program
executing program
executing program
executing program
executing program
executing program
executing program
executing program
executing program
executing program
executing program
executing program
executing program
executing program
executing program
executing program
executing program
executing program
executing program
executing program
executing program
executing program
executing program
executing program
executing program
executing program
executing program
executing program
executing program
executing program
executing program
executing program
executing program
executing program
executing program
executing program
executing program
executing program
executing program
executing program
executing program
executing program
executing program
executing program
executing program
executing program
executing program
executing program
executing program
executing program
executing program
executing program
executing program
executing program
executing program
executing program
executing program
executing program
executing program
executing program
executing program
executing program
executing program
executing program
executing program
executing program
executing program
executing program
executing program
executing program
executing program
executing program
executing program
executing program
executing program
executing program
executing program
executing program
executing program
executing program
executing program
executing program
executing program
executing program
executing program
executing program
executing program
executing program
executing program
executing program
executing program
executing program
executing program
executing program
executing program
executing program
executing program
executing program
executing program
executing program
executing program
executing program
executing program
executing program
executing program
executing program
executing program
executing program
executing program
executing program
executing program
executing program
executing program
executing program
executing program
executing program
executing program
executing program
executing program
executing program
executing program
executing program
executing program
executing program
executing program
executing program
executing program
executing program
executing program
executing program
executing program
executing program
executing program
executing program
executing program
executing program
executing program
executing program
executing program
executing program
executing program
executing program
executing program
executing program
executing program
executing program
executing program
executing program
executing program
executing program
executing program
executing program
executing program
executing program
executing program
executing program
executing program
executing program
executing program
executing program
executing program
executing program
executing program
executing program
executing program
executing program
executing program
executing program
executing program
executing program
executing program
executing program
executing program
executing program
executing program
executing program
executing program
executing program
executing program
executing program
executing program
executing program
executing program
executing program
executing program
executing program
executing program
executing program
executing program
executing program
executing program
executing program
executing program
executing program
executing program
executing program
executing program
executing program
executing program
executing program
executing program
executing program
executing program
executing program
executing program
executing program
executing program
executing program
executing program
executing program
executing program
executing program
executing program
executing program
executing program
executing program
executing program
executing program
executing program
executing program
executing program
executing program
executing program
executing program
executing program
executing program
executing program
executing program
executing program
executing program
executing program
executing program
executing program
executing program
executing program
executing program
executing program
executing program
executing program
executing program
executing program
executing program
executing program
executing program
executing program
executing program
executing program
executing program
executing program
executing program
executing program
executing program
executing program
executing program
executing program
executing program
executing program
executing program
executing program
executing program
executing program
executing program
executing program
executing program
executing program
executing program
executing program
executing program
executing program
executing program
executing program
executing program
executing program
executing program
executing program
executing program
executing program
executing program
executing program
executing program
executing program
executing program
executing program
executing program
executing program
executing program
executing program
executing program
executing program
executing program
executing program
executing program
executing program
executing program
executing program
executing program
executing program
executing program
executing program
executing program
executing program
executing program
executing program
executing program
executing program
executing program
executing program
executing program
executing program
executing program
executing program
executing program
executing program
executing program
executing program
executing program
executing program
executing program
executing program
executing program
executing program
executing program
executing program
executing program
executing program
executing program
executing program
executing program
executing program
executing program
executing program
executing program
executing program
executing program
executing program
executing program
executing program
executing program
executing program
executing program
executing program
executing program
executing program
executing program
executing program
executing program
executing program
executing program
executing program
executing program
executing program
executing program
executing program
executing program
executing program
executing program
executing program
executing program
executing program
executing program
executing program
executing program
executing program
executing program
executing program
executing program
executing program
executing program
executing program
executing program
executing program
executing program
executing program
executing program
executing program
executing program
executing program
executing program
executing program
executing program
executing program
executing program
executing program
executing program
executing program
executing program
executing program
executing program
executing program
executing program
executing program
executing program
executing program
executing program
executing program
executing program
executing program
executing program
executing program
executing program
executing program
executing program
executing program
executing program
executing program
executing program
executing program
executing program
executing program
executing program
executing program
executing program
executing program
executing program
executing program
executing program
executing program
executing program
executing program
executing program
executing program
executing program
executing program
executing program
executing program
executing program
executing program
executing program
executing program
executing program
executing program
executing program
executing program
executing program
executing program
executing program
executing program
executing program
executing program
executing program
executing program
executing program
executing program
executing program
executing program
executing program
executing program
executing program
executing program
executing program
executing program
executing program
executing program
executing program
executing program
executing program
executing program
executing program
executing program
executing program
executing program
executing program
executing program
executing program
executing program
executing program
executing program
executing program
executing program
executing program
executing program
executing program
executing program
executing program
executing program
executing program
executing program
executing program
executing program
executing program
executing program
executing program
executing program
executing program
executing program
executing program
executing program
executing program
executing program
executing program
executing program
executing program
executing program
executing program
executing program
executing program
executing program
executing program
executing program
executing program
executing program
executing program
executing program
executing program
executing program
executing program
executing program
executing program
executing program
executing program
executing program
executing program
executing program
executing program
executing program
executing program
executing program
executing program
executing program
executing program
executing program
executing program
executing program
executing program
executing program
executing program
executing program
executing program
executing program
executing program
executing program
executing program
executing program
executing program
executing program
executing program
executing program
executing program
executing program
executing program
executing program
executing program
executing program
executing program
executing program
executing program
executing program
executing program
executing program
executing program
executing program
executing program
executing program
executing program
executing program
executing program
executing program
executing program
executing program
executing program
executing program
executing program
executing program
executing program
executing program
executing program
executing program
executing program
executing program
executing program
executing program
executing program
executing program
executing program
executing program
executing program
executing program
executing program
executing program
executing program
executing program
executing program
executing program
executing program
executing program
executing program
executing program
executing program
executing program
executing program
executing program
executing program
executing program
executing program
executing program
executing program
executing program
executing program
executing program
executing program
executing program
executing program
executing program
executing program
executing program
executing program
executing program
executing program
executing program
executing program
executing program
executing program
executing program
executing program
executing program
executing program
executing program
executing program
executing program
executing program
executing program
executing program
executing program
executing program
executing program
executing program
executing program
executing program
executing program
executing program
executing program
executing program
executing program
executing program
executing program
executing program
executing program
executing program
executing program
executing program
executing program
executing program
executing program
executing program
executing program
executing program
executing program
executing program
executing program
executing program
executing program
executing program
executing program
executing program
executing program
executing program
executing program
executing program
executing program
executing program
executing program
executing program
executing program
executing program
executing program
executing program
executing program
executing program
executing program
executing program
executing program
executing program
executing program
executing program
executing program
executing program
executing program
executing program
executing program
executing program
executing program
executing program
executing program
executing program
executing program
executing program
executing program
executing program
executing program
executing program
executing program
executing program
executing program
executing program
executing program
executing program
executing program
executing program
executing program
executing program
executing program
executing program
executing program
executing program
executing program
executing program
executing program
executing program
executing program
executing program
executing program
executing program
executing program
executing program
executing program
executing program
executing program
executing program
executing program
executing program
executing program
executing program
executing program
executing program
executing program
executing program
executing program
executing program
executing program
executing program
executing program
executing program
executing program
executing program
executing program
executing program
executing program
executing program
executing program
executing program
executing program
executing program
executing program
executing program
executing program
executing program
executing program
executing program
executing program
executing program
executing program
executing program
executing program
executing program
executing program
executing program
executing program
executing program
executing program
executing program
executing program
executing program
executing program
executing program
executing program
executing program
executing program
executing program
executing program
executing program
executing program
executing program
executing program
executing program
executing program
executing program
executing program
executing program
executing program
executing program
executing program
executing program
executing program
executing program
executing program
executing program
executing program
executing program
executing program
executing program
executing program
executing program
executing program
executing program
executing program
executing program
executing program
executing program
executing program
executing program
executing program
executing program
executing program
executing program
executing program
executing program
executing program
executing program
executing program
executing program
executing program
executing program
executing program
executing program
executing program
executing program
executing program
executing program
executing program
executing program
executing program
executing program
executing program
executing program
executing program
executing program
executing program
executing program
executing program
executing program
executing program
executing program
executing program
executing program
executing program
executing program
executing program
executing program
executing program
executing program
executing program
executing program
executing program
executing program
executing program
executing program
executing program
executing program
executing program
executing program
executing program
executing program
executing program
executing program
executing program
executing program
executing program
executing program
executing program
executing program
executing program
executing program
executing program
executing program
executing program
executing program
executing program
executing program
executing program
executing program
executing program
executing program
executing program
executing program
executing program
executing program
executing program
executing program
executing program
executing program
executing program
executing program
executing program
executing program
executing program
executing program
executing program
executing program
executing program
executing program
executing program
executing program
executing program
executing program
executing program
executing program
executing program
executing program
executing program
executing program
executing program
executing program
executing program
executing program
executing program
executing program
executing program
executing program
executing program
executing program
executing program
executing program
executing program
executing program
executing program
executing program
executing program
executing program
executing program
executing program
executing program
executing program
executing program
executing program
executing program
executing program
executing program
executing program
executing program
executing program
executing program
executing program
executing program
executing program
executing program
executing program
executing program
executing program
executing program
executing program
executing program
executing program
executing program
executing program
executing program
executing program
executing program
executing program
executing program
executing program
executing program
executing program
executing program
executing program
executing program
executing program
executing program
executing program
executing program
executing program
executing program
executing program
executing program
executing program
executing program
executing program
executing program
executing program
executing program
executing program
executing program
executing program
executing program
executing program
executing program
executing program
executing program
executing program
executing program
executing program
executing program
executing program
executing program
executing program
executing program
executing program
executing program
executing program
executing program
executing program
executing program
executing program
executing program
executing program
executing program
executing program
executing program
executing program
executing program
executing program
executing program
executing program
executing program
executing program
executing program
executing program
executing program
executing program
executing program
executing program
executing program
executing program
executing program
executing program
executing program
executing program
executing program
executing program
executing program
executing program
executing program
executing program
executing program
executing program
executing program
executing program
executing program
executing program
executing program
executing program
executing program
executing program
executing program
executing program
executing program
executing program
executing program
executing program
executing program
executing program
executing program
executing program
executing program
executing program
executing program
executing program
executing program
executing program
executing program
executing program
executing program
executing program
executing program
executing program
executing program
executing program
executing program
executing program
executing program
executing program
executing program
executing program
executing program
executing program
executing program
executing program
executing program
executing program
executing program
executing program
executing program
executing program
executing program
executing program
executing program
executing program
executing program
executing program
executing program
executing program
executing program
executing program
executing program
executing program
executing program
executing program
executing program
executing program
executing program
executing program
executing program
executing program
executing program
executing program
executing program
executing program
executing program
executing program
executing program
executing program
executing program
executing program
executing program
executing program
executing program
executing program
executing program
executing program
executing program
executing program
executing program
executing program
executing program
executing program
executing program
executing program
executing program
executing program
executing program
executing program
executing program
executing program
executing program
executing program
executing program
executing program
executing program
executing program
executing program
executing program
executing program
executing program
executing program
executing program
executing program
executing program
executing program
executing program
executing program
executing program
executing program
executing program
executing program
executing program
executing program
executing program
executing program
executing program
executing program
executing program
executing program
executing program
executing program
executing program
executing program
executing program
executing program
executing program
executing program
executing program
executing program
executing program
executing program
executing program
executing program
executing program
executing program
executing program
executing program
executing program
executing program
executing program
executing program
executing program
executing program
executing program
executing program
executing program
executing program
executing program
executing program
executing program
executing program
executing program
executing program
executing program
executing program
executing program
executing program
executing program
executing program
executing program
executing program
executing program
executing program
executing program
executing program
executing program
executing program
executing program
executing program
executing program
executing program
executing program
executing program
executing program
executing program
executing program
executing program
executing program
executing program
executing program
executing program
executing program
executing program
executing program
executing program
executing program
executing program
executing program
executing program
executing program
executing program
executing program
executing program
executing program
executing program
executing program
executing program
executing program
executing program
executing program
executing program
executing program
executing program
executing program
executing program
executing program
executing program
executing program
executing program
executing program
executing program
executing program
executing program
executing program
executing program
executing program
executing program
executing program
executing program
executing program
executing program
executing program
executing program
executing program
executing program
executing program
executing program
executing program
executing program
executing program
executing program
executing program
executing program
executing program
executing program
executing program
executing program
executing program
executing program
executing program
executing program
executing program
executing program
executing program
executing program
executing program
executing program
executing program
executing program
executing program
executing program
executing program
executing program
executing program
executing program
executing program
executing program
executing program
executing program
executing program
executing program
executing program
executing program
executing program
executing program
executing program
executing program
executing program
executing program
executing program
executing program
executing program
executing program
executing program
executing program
executing program
executing program
executing program
executing program
executing program
executing program
executing program
executing program
executing program
executing program
executing program
executing program
executing program
executing program
executing program
executing program
executing program
executing program
executing program
executing program
executing program
executing program
executing program
executing program
executing program
executing program
executing program
executing program
executing program
executing program
executing program
executing program
executing program
executing program
executing program
executing program
executing program
executing program
executing program
executing program
executing program
executing program
executing program
executing program
executing program
executing program
executing program
executing program
executing program
executing program
executing program
executing program
executing program
executing program
executing program
executing program
executing program
executing program
executing program
executing program
executing program
executing program
executing program
executing program
executing program
executing program
executing program
executing program
executing program
executing program
executing program
executing program
executing program
executing program
executing program
executing program
executing program
executing program
executing program
executing program
executing program
executing program
executing program
executing program
executing program
executing program
executing program
executing program
executing program
executing program
executing program
executing program
executing program
executing program
executing program
executing program
executing program
executing program
executing program
executing program
executing program
executing program
executing program
executing program
executing program
executing program
executing program
executing program
executing program
executing program
executing program
executing program
executing program
executing program
executing program
executing program
executing program
executing program
executing program
executing program
executing program
executing program
executing program
executing program
executing program
executing program
executing program
executing program
executing program
executing program
executing program
executing program
executing program
executing program
executing program
executing program
executing program
executing program
executing program
executing program
executing program
executing program
executing program
executing program
executing program
executing program
executing program
executing program
executing program
executing program
executing program
executing program
executing program
executing program
executing program
executing program
executing program

VM DIAGNOSIS:
01:14:46  Registers:
info registers vcpu 0
RAX=000000000000006d RBX=0000000000000000 RCX=0000000000000000 RDX=00000000000003f8
RSI=ffff888012034680 RDI=0000000000000002 RBP=ffffc90000fbb880 RSP=ffffc90000fbb868
R8 =0000000000000055 R9 =0000000000000001 R10=0000000000000000 R11=0000000000000001
R12=ffffffff85b22220 R13=000000000000006d R14=000000000000000a R15=0000000000000000
RIP=ffffffff820e3566 RFL=00000002 [-------] CPL=0 II=0 A20=1 SMM=0 HLT=0
ES =0000 0000000000000000 ffffffff 00c00100
CS =0010 0000000000000000 ffffffff 00a09b00 DPL=0 CS64 [-RA]
SS =0018 0000000000000000 ffffffff 00c09300 DPL=0 DS   [-WA]
DS =0000 0000000000000000 ffffffff 00c00100
FS =0000 0000000000000000 ffffffff 00c00100
GS =0000 ffff88807dc00000 ffffffff 00c00100
LDT=0000 0000000000000000 ffffffff 00c00000
TR =0040 fffffe4819cbe000 00004087 00008b00 DPL=0 TSS64-busy
GDT=     fffffe4819cbc000 0000007f
IDT=     fffffe0000000000 00000fff
CR0=80050033 CR2=00000000004ea010 CR3=0000000003c12002 CR4=00f70ef0
DR0=0000000000000000 DR1=0000000000000000 DR2=0000000000000000 DR3=0000000000000000 
DR6=00000000ffff0ff0 DR7=0000000000000400
EFER=0000000000000d01
FCW=037f FSW=0000 [ST=0] FTW=00 MXCSR=00001f80
FPR0=0000000000000000 0000 FPR1=0000000000000000 0000
FPR2=0000000000000000 0000 FPR3=0000000000000000 0000
FPR4=0000000000000000 0000 FPR5=0000000000000000 0000
FPR6=0000000000000000 0000 FPR7=0000000000000000 0000
YMM00=0000000000000000 0000000000000000 0000000000000000 0000000000000000
YMM01=0000000000000000 0000000000000000 435f485353003538 3639393534323772
YMM02=0000000000000000 0000000000000000 0000000000ff0000 0000000000000000
YMM03=0000000000000000 0000000000000000 0000000000000000 0000000000000000
YMM04=0000000000000000 0000000000000000 2f2f2f2f2f2f2f2f 2f2f2f2f2f2f2f2f
YMM05=0000000000000000 0000000000000000 0000000000000000 0000000000000000
YMM06=0000000000000000 0000000000000000 0000000000000000 0000000000000000
YMM07=0000000000000000 0000000000000000 0000000000000000 0000000000000000
YMM08=0000000000000000 0000000000000000 0000000000000000 0000000000000000
YMM09=0000000000000000 0000000000000000 0000000000000000 0000000000000000
YMM10=0000000000000000 0000000000000000 0000000000000000 0000000000000000
YMM11=0000000000000000 0000000000000000 0000000000000000 0000000000000000
YMM12=0000000000000000 0000000000000000 0000000000000000 0000000000000000
YMM13=0000000000000000 0000000000000000 0000000000000000 0000000000000000
YMM14=0000000000000000 0000000000000000 0000000000000000 0000000000000000
YMM15=0000000000000000 0000000000000000 0000000000000000 0000000000000000
info registers vcpu 1
RAX=048463b3a181000e RBX=00007faa5a06c9e0 RCX=00000000bbf0bda8 RDX=00000000024231d9
RSI=0000000000001003 RDI=00000000bbf0bda8 RBP=0000000000000000 RSP=00007ffd27d66580
R8 =00007faa59400270 R9 =0000000000000000 R10=0000000000000001 R11=00007faa5a06d3d0
R12=00007faa5a06ce60 R13=00007faa5a06cd48 R14=0000000000000000 R15=0000000000000000
RIP=00007faa5a07f15e RFL=00000203 [------C] CPL=3 II=0 A20=1 SMM=0 HLT=0
ES =0000 0000000000000000 ffffffff 00c00000
CS =0033 0000000000000000 ffffffff 00a0fb00 DPL=3 CS64 [-RA]
SS =002b 0000000000000000 ffffffff 00c0f300 DPL=3 DS   [-WA]
DS =0000 0000000000000000 ffffffff 00c00000
FS =0000 00007faa5a03e740 ffffffff 00c00000
GS =0000 0000000000000000 ffffffff 00c00000
LDT=0000 0000000000000000 ffffffff 00c00000
TR =0040 fffffe582dfb9000 00004087 00008b00 DPL=0 TSS64-busy
GDT=     fffffe582dfb7000 0000007f
IDT=     fffffe0000000000 00000fff
CR0=80050033 CR2=00007faa58f3e5a0 CR3=000000000d832003 CR4=00f70ee0
DR0=0000000000000000 DR1=0000000000000000 DR2=0000000000000000 DR3=0000000000000000 
DR6=00000000ffff0ff0 DR7=0000000000000400
EFER=0000000000000d01
FCW=037f FSW=0000 [ST=0] FTW=00 MXCSR=00001f80
FPR0=0000000000000000 0000 FPR1=0000000000000000 0000
FPR2=0000000000000000 0000 FPR3=0000000000000000 0000
FPR4=0000000000000000 0000 FPR5=0000000000000000 0000
FPR6=0000000000000000 0000 FPR7=0000000000000000 0000
YMM00=0000000000000000 0000000000000000 00000000ff000000 0000000000000000
YMM01=0000000000000000 0000000000000000 ffffffff00ffffff ffffffffffffffff
YMM02=0000000000000000 0000000000000000 42494c4700352e32 2e325f4342494c47
YMM03=0000000000000000 0000000000000000 000000005f636269 6c5f5f0065736976
YMM04=0000000000000000 0000000000000000 6164616572665f5f 00706d6a676e6f6c
YMM05=0000000000000000 0000000000000000 00007faa5a06d8c0 00007faa5a06d3d0
YMM06=0000000000000000 0000000000000000 00007faa5a06cee0 00007faa5a06c9e0
YMM07=0000000000000000 0000000000000000 00007faa5a06c4f0 00007faa5a06c000
YMM08=0000000000000000 0000000000000000 0000000000000000 0000000000000000
YMM09=0000000000000000 0000000000000000 0000000000000000 0000000000000000
YMM10=0000000000000000 0000000000000000 0000000000000000 0000000000000000
YMM11=0000000000000000 0000000000000000 0000000000000000 0000000000000000
YMM12=0000000000000000 0000000000000000 0000000000000000 0000000000000000
YMM13=0000000000000000 0000000000000000 0000000000000000 0000000000000000
YMM14=0000000000000000 0000000000000000 0000000000000000 0000000000000000
YMM15=0000000000000000 0000000000000000 0000000000000000 0000000000000000
