c[?7l[2J[0mSeaBIOS (version rel-1.16.0-0-gd239552ce722-prebuilt.qemu.org)


iPXE (http://ipxe.org) 00:03.0 CA00 PCI2.10 PnP PMM+7FF91000+7FEF1000 CA00
Press Ctrl-B to configure iPXE (PCI 00:03.0)...                                                                               


Booting from ROM..c[?7l[2J[    0.000000] Linux version 6.4.0-rc7-2023-06-19-intel-next-769974cc7748+ (root@p-rpls01) (gcc (GCC) 8.5.0 20210514 (Red Hat 8.5.0-19), GNU ld version 2.36.1-2.el8) #1 SMP PREEMPT_DYNAMIC Tue Jun 20 06:52:02 CST 2023
[    0.000000] ********************************************************************************************
[    0.000000] * WARNING: Project Intel Next sources and binaries include Intel Confidential information. *
[    0.000000] *          For use by Intel Employees only; do not distribute externally.                  *
[    0.000000] ********************************************************************************************
[    0.000000] Command line: console=ttyS0 root=/dev/sda earlyprintk=serial net.ifnames=0 quiet plymouth.enable=0
[    0.000000] KERNEL supported cpus:
[    0.000000]   Intel GenuineIntel
[    0.000000]   AMD AuthenticAMD
[    0.000000]   Hygon HygonGenuine
[    0.000000]   Centaur CentaurHauls
[    0.000000]   zhaoxin   Shanghai  
[    0.000000] x86/fpu: Supporting XSAVE feature 0x001: 'x87 floating point registers'
[    0.000000] x86/fpu: Supporting XSAVE feature 0x002: 'SSE registers'
[    0.000000] x86/fpu: Supporting XSAVE feature 0x004: 'AVX registers'
[    0.000000] x86/fpu: Supporting XSAVE feature 0x200: 'Protection Keys User registers'
[    0.000000] x86/fpu: xstate_offset[2]:  576, xstate_sizes[2]:  256
[    0.000000] x86/fpu: xstate_offset[9]:  832, xstate_sizes[9]:    8
[    0.000000] x86/fpu: Enabled xstate features 0x207, context size is 840 bytes, using 'compacted' format.
[    0.000000] signal: max sigframe size: 3632
[    0.000000] BIOS-provided physical RAM map:
[    0.000000] BIOS-e820: [mem 0x0000000000000000-0x000000000009fbff] usable
[    0.000000] BIOS-e820: [mem 0x000000000009fc00-0x000000000009ffff] reserved
[    0.000000] BIOS-e820: [mem 0x00000000000f0000-0x00000000000fffff] reserved
[    0.000000] BIOS-e820: [mem 0x0000000000100000-0x000000007ffdffff] usable
[    0.000000] BIOS-e820: [mem 0x000000007ffe0000-0x000000007fffffff] reserved
[    0.000000] BIOS-e820: [mem 0x00000000feffc000-0x00000000feffffff] reserved
[    0.000000] BIOS-e820: [mem 0x00000000fffc0000-0x00000000ffffffff] reserved
[    0.000000] printk: bootconsole [earlyser0] enabled
[    0.173676] Spectre V2 : WARNING: Unprivileged eBPF is enabled with eIBRS on, data leaks possible via Spectre v2 BHB attacks!
[    9.058822] systemd[1]: Failed to start Load Kernel Modules.
[[0;1;31mFAILED[0m] Failed to start [0;1;39mLoad Kernel Modules[0m.

CentOS Stream 9
Kernel 6.4.0-rc7-2023-06-19-intel-next-769974cc7748+ on an x86_64

Activate the web console with: systemctl enable --now cockpit.socket

test login: [   22.196164] loop0: detected capacity change from 0 to 2048
[   22.201200] EXT4-fs (loop0): mounted filesystem 00000000-0000-0000-0000-000000000000 r/w without journal. Quota mode: none.
[   22.220777] EXT4-fs (loop0): unmounting filesystem 00000000-0000-0000-0000-000000000000.
[   22.257427] loop0: detected capacity change from 0 to 2048
[   22.257958] I/O error, dev loop0, sector 0 op 0x0:(READ) flags 0x80700 phys_seg 1 prio class 2
[   22.267513] EXT4-fs (loop0): mounted filesystem 00000000-0000-0000-0000-000000000000 r/w without journal. Quota mode: none.
[   22.279657] EXT4-fs (loop0): unmounting filesystem 00000000-0000-0000-0000-000000000000.
[   22.297365] loop0: detected capacity change from 0 to 2048
[   22.307132] EXT4-fs (loop0): mounted filesystem 00000000-0000-0000-0000-000000000000 r/w without journal. Quota mode: none.
[   22.315347] EXT4-fs (loop0): unmounting filesystem 00000000-0000-0000-0000-000000000000.
[   22.337067] loop0: detected capacity change from 0 to 2048
[   22.347228] EXT4-fs (loop0): mounted filesystem 00000000-0000-0000-0000-000000000000 r/w without journal. Quota mode: none.
[   22.353186] EXT4-fs (loop0): unmounting filesystem 00000000-0000-0000-0000-000000000000.
[   22.390833] loop0: detected capacity change from 0 to 2048
[   22.399626] EXT4-fs (loop0): mounted filesystem 00000000-0000-0000-0000-000000000000 r/w without journal. Quota mode: none.
[   22.411810] EXT4-fs (loop0): unmounting filesystem 00000000-0000-0000-0000-000000000000.
[   22.427052] loop0: detected capacity change from 0 to 2048
[   22.432164] EXT4-fs (loop0): mounted filesystem 00000000-0000-0000-0000-000000000000 r/w without journal. Quota mode: none.
[   22.439745] EXT4-fs (loop0): unmounting filesystem 00000000-0000-0000-0000-000000000000.
[   22.470091] loop0: detected capacity change from 0 to 2048
[   22.475955] EXT4-fs (loop0): mounted filesystem 00000000-0000-0000-0000-000000000000 r/w without journal. Quota mode: none.
[   22.484814] EXT4-fs (loop0): unmounting filesystem 00000000-0000-0000-0000-000000000000.
[   22.498797] loop0: detected capacity change from 0 to 2048
[   22.499177] I/O error, dev loop0, sector 0 op 0x0:(READ) flags 0x80700 phys_seg 1 prio class 2
[   22.503635] EXT4-fs (loop0): mounted filesystem 00000000-0000-0000-0000-000000000000 r/w without journal. Quota mode: none.
[   22.513917] EXT4-fs (loop0): unmounting filesystem 00000000-0000-0000-0000-000000000000.
[   22.547481] loop0: detected capacity change from 0 to 2048
[   22.559045] EXT4-fs (loop0): mounted filesystem 00000000-0000-0000-0000-000000000000 r/w without journal. Quota mode: none.
[   22.587772] EXT4-fs (loop0): unmounting filesystem 00000000-0000-0000-0000-000000000000.
[   22.600109] loop0: detected capacity change from 0 to 2048
[   22.610134] EXT4-fs (loop0): mounted filesystem 00000000-0000-0000-0000-000000000000 r/w without journal. Quota mode: none.
[   22.617927] EXT4-fs (loop0): unmounting filesystem 00000000-0000-0000-0000-000000000000.
[   22.653287] loop0: detected capacity change from 0 to 2048
[   22.660154] EXT4-fs (loop0): mounted filesystem 00000000-0000-0000-0000-000000000000 r/w without journal. Quota mode: none.
[   22.664998] EXT4-fs (loop0): unmounting filesystem 00000000-0000-0000-0000-000000000000.
[   22.696111] loop0: detected capacity change from 0 to 2048
[   22.709126] EXT4-fs (loop0): mounted filesystem 00000000-0000-0000-0000-000000000000 r/w without journal. Quota mode: none.
[   22.715522] EXT4-fs (loop0): unmounting filesystem 00000000-0000-0000-0000-000000000000.
[   22.731974] loop0: detected capacity change from 0 to 2048
[   22.735941] EXT4-fs (loop0): mounted filesystem 00000000-0000-0000-0000-000000000000 r/w without journal. Quota mode: none.
[   22.747140] EXT4-fs (loop0): unmounting filesystem 00000000-0000-0000-0000-000000000000.
[   22.780968] loop0: detected capacity change from 0 to 2048
[   22.787848] EXT4-fs (loop0): mounted filesystem 00000000-0000-0000-0000-000000000000 r/w without journal. Quota mode: none.
[   22.792383] EXT4-fs (loop0): unmounting filesystem 00000000-0000-0000-0000-000000000000.
[   22.820906] loop0: detected capacity change from 0 to 2048
[   22.823382] EXT4-fs (loop0): mounted filesystem 00000000-0000-0000-0000-000000000000 r/w without journal. Quota mode: none.
[   22.827958] EXT4-fs (loop0): unmounting filesystem 00000000-0000-0000-0000-000000000000.
[   22.842348] loop0: detected capacity change from 0 to 2048
[   22.851485] EXT4-fs (loop0): mounted filesystem 00000000-0000-0000-0000-000000000000 r/w without journal. Quota mode: none.
[   22.856659] EXT4-fs (loop0): unmounting filesystem 00000000-0000-0000-0000-000000000000.
[   22.874581] loop0: detected capacity change from 0 to 2048
[   22.881856] EXT4-fs (loop0): mounted filesystem 00000000-0000-0000-0000-000000000000 r/w without journal. Quota mode: none.
[   22.887531] EXT4-fs (loop0): unmounting filesystem 00000000-0000-0000-0000-000000000000.
[   22.904288] loop0: detected capacity change from 0 to 2048
[   22.908581] EXT4-fs (loop0): mounted filesystem 00000000-0000-0000-0000-000000000000 r/w without journal. Quota mode: none.
[   22.919866] EXT4-fs (loop0): unmounting filesystem 00000000-0000-0000-0000-000000000000.
[   22.935598] loop0: detected capacity change from 0 to 2048
[   22.939528] EXT4-fs (loop0): mounted filesystem 00000000-0000-0000-0000-000000000000 r/w without journal. Quota mode: none.
[   22.946565] EXT4-fs (loop0): unmounting filesystem 00000000-0000-0000-0000-000000000000.
[   22.981796] loop0: detected capacity change from 0 to 2048
[   22.987604] EXT4-fs (loop0): mounted filesystem 00000000-0000-0000-0000-000000000000 r/w without journal. Quota mode: none.
[   22.996041] EXT4-fs (loop0): unmounting filesystem 00000000-0000-0000-0000-000000000000.
[   23.013095] loop0: detected capacity change from 0 to 2048
[   23.021033] EXT4-fs (loop0): mounted filesystem 00000000-0000-0000-0000-000000000000 r/w without journal. Quota mode: none.
[   23.031708] EXT4-fs (loop0): unmounting filesystem 00000000-0000-0000-0000-000000000000.
[   23.061033] loop0: detected capacity change from 0 to 2048
[   23.067975] EXT4-fs (loop0): mounted filesystem 00000000-0000-0000-0000-000000000000 r/w without journal. Quota mode: none.
[   23.074336] EXT4-fs (loop0): unmounting filesystem 00000000-0000-0000-0000-000000000000.
[   23.105493] loop0: detected capacity change from 0 to 2048
[   23.111344] EXT4-fs (loop0): mounted filesystem 00000000-0000-0000-0000-000000000000 r/w without journal. Quota mode: none.
[   23.122295] EXT4-fs (loop0): unmounting filesystem 00000000-0000-0000-0000-000000000000.
[   23.148371] loop0: detected capacity change from 0 to 2048
[   23.151593] EXT4-fs (loop0): mounted filesystem 00000000-0000-0000-0000-000000000000 r/w without journal. Quota mode: none.
[   23.159214] EXT4-fs (loop0): unmounting filesystem 00000000-0000-0000-0000-000000000000.
[   23.192571] loop0: detected capacity change from 0 to 2048
[   23.195634] EXT4-fs (loop0): mounted filesystem 00000000-0000-0000-0000-000000000000 r/w without journal. Quota mode: none.
[   23.208711] EXT4-fs (loop0): unmounting filesystem 00000000-0000-0000-0000-000000000000.
[   23.224648] loop0: detected capacity change from 0 to 2048
[   23.227497] EXT4-fs (loop0): mounted filesystem 00000000-0000-0000-0000-000000000000 r/w without journal. Quota mode: none.
[   23.246832] EXT4-fs (loop0): unmounting filesystem 00000000-0000-0000-0000-000000000000.
[   23.273514] loop0: detected capacity change from 0 to 2048
[   23.279719] EXT4-fs (loop0): mounted filesystem 00000000-0000-0000-0000-000000000000 r/w without journal. Quota mode: none.
[   23.295083] EXT4-fs (loop0): unmounting filesystem 00000000-0000-0000-0000-000000000000.
[   23.325132] loop0: detected capacity change from 0 to 2048
[   23.335622] EXT4-fs (loop0): mounted filesystem 00000000-0000-0000-0000-000000000000 r/w without journal. Quota mode: none.
[   23.345679] EXT4-fs (loop0): unmounting filesystem 00000000-0000-0000-0000-000000000000.
[   23.373384] loop0: detected capacity change from 0 to 2048
[   23.379553] EXT4-fs (loop0): mounted filesystem 00000000-0000-0000-0000-000000000000 r/w without journal. Quota mode: none.
[   23.385599] EXT4-fs (loop0): unmounting filesystem 00000000-0000-0000-0000-000000000000.
[   23.404572] loop0: detected capacity change from 0 to 2048
[   23.407631] EXT4-fs (loop0): mounted filesystem 00000000-0000-0000-0000-000000000000 r/w without journal. Quota mode: none.
[   23.412922] EXT4-fs (loop0): unmounting filesystem 00000000-0000-0000-0000-000000000000.
[   23.424779] loop0: detected capacity change from 0 to 2048
[   23.439495] EXT4-fs (loop0): mounted filesystem 00000000-0000-0000-0000-000000000000 r/w without journal. Quota mode: none.
[   23.444413] EXT4-fs (loop0): unmounting filesystem 00000000-0000-0000-0000-000000000000.
[   23.462189] loop0: detected capacity change from 0 to 2048
[   23.469695] EXT4-fs (loop0): mounted filesystem 00000000-0000-0000-0000-000000000000 r/w without journal. Quota mode: none.
[   23.490745] loop0: detected capacity change from 0 to 2048
[   23.536567] loop0: detected capacity change from 0 to 2048
[   23.582166] loop0: detected capacity change from 0 to 2048
[   23.609943] loop0: detected capacity change from 0 to 2048
[   23.652565] loop0: detected capacity change from 0 to 2048
[   23.653233] I/O error, dev loop0, sector 0 op 0x0:(READ) flags 0x80700 phys_seg 1 prio class 2
[   23.683171] loop0: detected capacity change from 0 to 2048
[   23.732357] loop0: detected capacity change from 0 to 2048
[   23.769800] loop0: detected capacity change from 0 to 2048
[   23.789760] loop0: detected capacity change from 0 to 2048
[   23.820037] loop0: detected capacity change from 0 to 2048
[   23.845280] loop0: detected capacity change from 0 to 2048
[   23.889264] loop0: detected capacity change from 0 to 2048
[   23.889492] I/O error, dev loop0, sector 0 op 0x0:(READ) flags 0x80700 phys_seg 1 prio class 2
[   23.939032] loop0: detected capacity change from 0 to 2048
[   23.980441] loop0: detected capacity change from 0 to 2048
[   23.980912] I/O error, dev loop0, sector 0 op 0x0:(READ) flags 0x80700 phys_seg 1 prio class 2
[   24.009430] loop0: detected capacity change from 0 to 2048
[   24.031834] loop0: detected capacity change from 0 to 2048
[   24.055564] loop0: detected capacity change from 0 to 2048
[   24.090133] loop0: detected capacity change from 0 to 2048
[   24.131924] loop0: detected capacity change from 0 to 2048
[   24.174527] loop0: detected capacity change from 0 to 2048
[   24.211805] loop0: detected capacity change from 0 to 2048
[   24.242213] loop0: detected capacity change from 0 to 2048
[   24.242588] I/O error, dev loop0, sector 0 op 0x0:(READ) flags 0x80700 phys_seg 1 prio class 2
[   24.271634] loop0: detected capacity change from 0 to 2048
[   24.318126] loop0: detected capacity change from 0 to 2048
[   24.357192] loop0: detected capacity change from 0 to 2048
[   24.405100] loop0: detected capacity change from 0 to 2048
[   24.448495] loop0: detected capacity change from 0 to 2048
[   24.493729] loop0: detected capacity change from 0 to 2048
[   24.533981] loop0: detected capacity change from 0 to 2048
[   24.569460] loop0: detected capacity change from 0 to 2048
[   24.604445] loop0: detected capacity change from 0 to 2048
[   24.636873] loop0: detected capacity change from 0 to 2048
[   24.666987] loop0: detected capacity change from 0 to 2048
[   24.709894] loop0: detected capacity change from 0 to 2048
[   24.736774] loop0: detected capacity change from 0 to 2048
[   24.761859] loop0: detected capacity change from 0 to 2048
[   24.793792] loop0: detected capacity change from 0 to 2048
[   24.818082] loop0: detected capacity change from 0 to 2048
[   24.865226] loop0: detected capacity change from 0 to 2048
[   24.894454] loop0: detected capacity change from 0 to 2048
[   24.935318] loop0: detected capacity change from 0 to 2048
[   24.976988] loop0: detected capacity change from 0 to 2048
[   25.009160] loop0: detected capacity change from 0 to 2048
[   25.009554] I/O error, dev loop0, sector 0 op 0x0:(READ) flags 0x80700 phys_seg 1 prio class 2
[   25.053630] loop0: detected capacity change from 0 to 2048
[   25.076235] loop0: detected capacity change from 0 to 2048
[   25.105389] loop0: detected capacity change from 0 to 2048
[   25.133505] loop0: detected capacity change from 0 to 2048
[   25.161815] loop0: detected capacity change from 0 to 2048
[   25.190915] loop0: detected capacity change from 0 to 2048
[   25.232856] loop0: detected capacity change from 0 to 2048
[   25.270081] loop0: detected capacity change from 0 to 2048
[   25.319130] loop0: detected capacity change from 0 to 2048
[   25.363339] loop0: detected capacity change from 0 to 2048
[   25.411067] loop0: detected capacity change from 0 to 2048
[   25.455108] loop0: detected capacity change from 0 to 2048
[   25.491053] loop0: detected capacity change from 0 to 2048
[   25.510249] loop0: detected capacity change from 0 to 2048
[   25.541431] loop0: detected capacity change from 0 to 2048
[   25.582151] loop0: detected capacity change from 0 to 2048
[   25.616294] loop0: detected capacity change from 0 to 2048
[   25.633806] loop0: detected capacity change from 0 to 2048
[   25.665502] loop0: detected capacity change from 0 to 2048
[   25.698614] loop0: detected capacity change from 0 to 2048
[   25.734161] loop0: detected capacity change from 0 to 2048
[   25.762145] loop0: detected capacity change from 0 to 2048
[   25.762726] I/O error, dev loop0, sector 0 op 0x0:(READ) flags 0x80700 phys_seg 1 prio class 2
[   25.789583] loop0: detected capacity change from 0 to 2048
[   25.824384] loop0: detected capacity change from 0 to 2048
[   25.863368] loop0: detected capacity change from 0 to 2048
[   25.881400] loop0: detected capacity change from 0 to 2048
[   25.909890] loop0: detected capacity change from 0 to 2048
[   25.941409] loop0: detected capacity change from 0 to 2048
[   25.961483] loop0: detected capacity change from 0 to 2048
[   26.007113] loop0: detected capacity change from 0 to 2048
[   26.042208] loop0: detected capacity change from 0 to 2048
[   26.078198] loop0: detected capacity change from 0 to 2048
[   26.114433] loop0: detected capacity change from 0 to 2048
[   26.150106] loop0: detected capacity change from 0 to 2048
[   26.185590] loop0: detected capacity change from 0 to 2048
[   26.224166] loop0: detected capacity change from 0 to 2048
[   26.254964] loop0: detected capacity change from 0 to 2048
[   26.293906] loop0: detected capacity change from 0 to 2048
[   26.331483] loop0: detected capacity change from 0 to 2048
[   26.359651] loop0: detected capacity change from 0 to 2048
[   26.378061] loop0: detected capacity change from 0 to 2048
[   26.378721] I/O error, dev loop0, sector 0 op 0x0:(READ) flags 0x80700 phys_seg 1 prio class 2
[   26.401043] loop0: detected capacity change from 0 to 2048
[   26.430534] loop0: detected capacity change from 0 to 2048
[   26.465736] loop0: detected capacity change from 0 to 2048
[   26.490685] loop0: detected capacity change from 0 to 2048
[   26.514154] loop0: detected capacity change from 0 to 2048
[   26.546953] loop0: detected capacity change from 0 to 2048
[   26.577389] loop0: detected capacity change from 0 to 2048
[   26.606654] loop0: detected capacity change from 0 to 2048
[   26.630918] loop0: detected capacity change from 0 to 2048
[   26.684799] loop0: detected capacity change from 0 to 2048
[   26.704807] loop0: detected capacity change from 0 to 2048
[   26.738690] loop0: detected capacity change from 0 to 2048
[   26.739215] I/O error, dev loop0, sector 0 op 0x0:(READ) flags 0x80700 phys_seg 1 prio class 2
[   26.781209] loop0: detected capacity change from 0 to 2048
[   26.827566] loop0: detected capacity change from 0 to 2048
[   26.854667] loop0: detected capacity change from 0 to 2048
[   26.885207] loop0: detected capacity change from 0 to 2048
[   26.916655] loop0: detected capacity change from 0 to 2048
[   26.952498] loop0: detected capacity change from 0 to 2048
[   26.988815] loop0: detected capacity change from 0 to 2048
[   27.014370] loop0: detected capacity change from 0 to 2048
[   27.040895] loop0: detected capacity change from 0 to 2048
[   27.085719] loop0: detected capacity change from 0 to 2048
[   27.123106] loop0: detected capacity change from 0 to 2048
[   27.148438] loop0: detected capacity change from 0 to 2048
[   27.175117] loop0: detected capacity change from 0 to 2048
[   27.209392] loop0: detected capacity change from 0 to 2048
[   27.245045] loop0: detected capacity change from 0 to 2048
[   27.245454] Buffer I/O error on dev loop0, logical block 0, async page read
[   27.280365] loop0: detected capacity change from 0 to 2048
[   27.316380] loop0: detected capacity change from 0 to 2048
[   27.353743] loop0: detected capacity change from 0 to 2048
[   27.390501] loop0: detected capacity change from 0 to 2048
[   27.425208] loop0: detected capacity change from 0 to 2048
[   27.465419] loop0: detected capacity change from 0 to 2048
[   27.489026] loop0: detected capacity change from 0 to 2048
[   27.532546] loop0: detected capacity change from 0 to 2048
[   27.571005] loop0: detected capacity change from 0 to 2048
[   27.598051] loop0: detected capacity change from 0 to 2048
[   27.624788] loop0: detected capacity change from 0 to 2048
[   27.657032] loop0: detected capacity change from 0 to 2048
[   27.690080] loop0: detected capacity change from 0 to 2048
[   27.731414] loop0: detected capacity change from 0 to 2048
[   27.760506] loop0: detected capacity change from 0 to 2048
[   27.791211] loop0: detected capacity change from 0 to 2048
[   27.815455] loop0: detected capacity change from 0 to 2048
[   27.837889] loop0: detected capacity change from 0 to 2048
[   27.880224] loop0: detected capacity change from 0 to 2048
[   27.921526] loop0: detected capacity change from 0 to 2048
[   27.942826] loop0: detected capacity change from 0 to 2048
[   27.972742] loop0: detected capacity change from 0 to 2048
[   28.001109] loop0: detected capacity change from 0 to 2048
[   28.030107] loop0: detected capacity change from 0 to 2048
[   28.065806] loop0: detected capacity change from 0 to 2048
[   28.095152] loop0: detected capacity change from 0 to 2048
[   28.130095] loop0: detected capacity change from 0 to 2048
[   28.168731] loop0: detected capacity change from 0 to 2048
[   28.208925] loop0: detected capacity change from 0 to 2048
[   28.264387] loop0: detected capacity change from 0 to 2048
[   28.307825] loop0: detected capacity change from 0 to 2048
[   28.353820] loop0: detected capacity change from 0 to 2048
[   28.411397] loop0: detected capacity change from 0 to 2048
[   28.448549] loop0: detected capacity change from 0 to 2048
[   28.478252] loop0: detected capacity change from 0 to 2048
[   28.533009] loop0: detected capacity change from 0 to 2048
[   28.565281] loop0: detected capacity change from 0 to 2048
[   28.603241] loop0: detected capacity change from 0 to 2048
[   28.627447] loop0: detected capacity change from 0 to 2048
[   28.666650] loop0: detected capacity change from 0 to 2048
[   28.708460] loop0: detected capacity change from 0 to 2048
[   28.709391] blk_print_req_error: 2 callbacks suppressed
[   28.709406] I/O error, dev loop0, sector 0 op 0x0:(READ) flags 0x80700 phys_seg 1 prio class 2
[   28.773162] loop0: detected capacity change from 0 to 2048
[   28.807087] loop0: detected capacity change from 0 to 2048
[   28.850025] loop0: detected capacity change from 0 to 2048
[   28.905606] loop0: detected capacity change from 0 to 2048
[   28.940450] loop0: detected capacity change from 0 to 2048
[   28.973754] loop0: detected capacity change from 0 to 2048
[   29.004490] loop0: detected capacity change from 0 to 2048
[   29.040732] loop0: detected capacity change from 0 to 2048
[   29.089219] loop0: detected capacity change from 0 to 2048
[   29.133426] loop0: detected capacity change from 0 to 2048
[   29.159424] loop0: detected capacity change from 0 to 2048
[   29.182178] loop0: detected capacity change from 0 to 2048
[   29.221598] loop0: detected capacity change from 0 to 2048
[   29.269654] loop0: detected capacity change from 0 to 2048
[   29.316445] loop0: detected capacity change from 0 to 2048
[   29.352039] loop0: detected capacity change from 0 to 2048
[   29.352612] I/O error, dev loop0, sector 0 op 0x0:(READ) flags 0x80700 phys_seg 1 prio class 2
[   29.377230] loop0: detected capacity change from 0 to 2048
[   29.403689] loop0: detected capacity change from 0 to 2048
[   29.434709] loop0: detected capacity change from 0 to 2048
[   29.472651] loop0: detected capacity change from 0 to 2048
[   29.473169] I/O error, dev loop0, sector 0 op 0x0:(READ) flags 0x80700 phys_seg 1 prio class 2
[   29.502678] loop0: detected capacity change from 0 to 2048
[   29.557509] loop0: detected capacity change from 0 to 2048
[   29.591305] loop0: detected capacity change from 0 to 2048
[   29.637707] loop0: detected capacity change from 0 to 2048
[   29.672863] loop0: detected capacity change from 0 to 2048
[   29.703125] loop0: detected capacity change from 0 to 2048
[   29.703500] I/O error, dev loop0, sector 0 op 0x0:(READ) flags 0x80700 phys_seg 1 prio class 2
[   29.748079] loop0: detected capacity change from 0 to 2048
[   29.801734] loop0: detected capacity change from 0 to 2048
[   29.845295] loop0: detected capacity change from 0 to 2048
[   29.845801] I/O error, dev loop0, sector 0 op 0x0:(READ) flags 0x80700 phys_seg 1 prio class 2
[   29.896366] loop0: detected capacity change from 0 to 2048
[   29.896848] I/O error, dev loop0, sector 0 op 0x0:(READ) flags 0x80700 phys_seg 1 prio class 2
[   29.948355] loop0: detected capacity change from 0 to 2048
[   29.948996] I/O error, dev loop0, sector 0 op 0x0:(READ) flags 0x80700 phys_seg 1 prio class 2
[   29.999400] loop0: detected capacity change from 0 to 2048
[   30.037974] loop0: detected capacity change from 0 to 2048
[   30.069762] loop0: detected capacity change from 0 to 2048
[   30.093696] loop0: detected capacity change from 0 to 2048
[   30.129928] loop0: detected capacity change from 0 to 2048
[   30.167346] loop0: detected capacity change from 0 to 2048
[   30.207008] loop0: detected capacity change from 0 to 2048
[   30.242571] loop0: detected capacity change from 0 to 2048
[   30.301080] loop0: detected capacity change from 0 to 2048
[   30.328499] loop0: detected capacity change from 0 to 2048
[   30.374207] loop0: detected capacity change from 0 to 2048
[   30.408895] loop0: detected capacity change from 0 to 2048
[   30.438181] loop0: detected capacity change from 0 to 2048
[   30.465953] loop0: detected capacity change from 0 to 2048
[   30.503611] loop0: detected capacity change from 0 to 2048
[   30.551954] loop0: detected capacity change from 0 to 2048
[   30.599517] loop0: detected capacity change from 0 to 2048
[   30.653210] loop0: detected capacity change from 0 to 2048
[   30.706559] loop0: detected capacity change from 0 to 2048
[   30.741077] loop0: detected capacity change from 0 to 2048
[   30.778557] loop0: detected capacity change from 0 to 2048
[   30.798969] loop0: detected capacity change from 0 to 2048
[   30.845773] loop0: detected capacity change from 0 to 2048
[   30.882872] loop0: detected capacity change from 0 to 2048
[   30.908318] loop0: detected capacity change from 0 to 2048
[   30.932989] loop0: detected capacity change from 0 to 2048
[   30.958084] loop0: detected capacity change from 0 to 2048
[   31.006042] loop0: detected capacity change from 0 to 2048
[   31.041484] loop0: detected capacity change from 0 to 2048
[   31.066979] loop0: detected capacity change from 0 to 2048
[   31.110249] loop0: detected capacity change from 0 to 2048
[   31.143633] loop0: detected capacity change from 0 to 2048
[   31.183152] loop0: detected capacity change from 0 to 2048
[   31.215739] loop0: detected capacity change from 0 to 2048
[   31.250330] loop0: detected capacity change from 0 to 2048
[   31.296295] loop0: detected capacity change from 0 to 2048
[   31.319961] loop0: detected capacity change from 0 to 2048
[   31.353778] loop0: detected capacity change from 0 to 2048
[   31.403116] loop0: detected capacity change from 0 to 2048
[   31.441482] loop0: detected capacity change from 0 to 2048
[   31.469464] loop0: detected capacity change from 0 to 2048
[   31.522724] loop0: detected capacity change from 0 to 2048
[   31.546161] loop0: detected capacity change from 0 to 2048
[   31.588217] loop0: detected capacity change from 0 to 2048
[   31.623535] loop0: detected capacity change from 0 to 2048
[   31.653174] loop0: detected capacity change from 0 to 2048
[   31.685718] loop0: detected capacity change from 0 to 2048
[   31.717824] loop0: detected capacity change from 0 to 2048
[   31.765209] loop0: detected capacity change from 0 to 2048
[   31.765874] I/O error, dev loop0, sector 0 op 0x0:(READ) flags 0x80700 phys_seg 1 prio class 2
[   31.799289] loop0: detected capacity change from 0 to 2048
[   31.826293] loop0: detected capacity change from 0 to 2048
[   31.854224] loop0: detected capacity change from 0 to 2048
[   31.854704] I/O error, dev loop0, sector 0 op 0x0:(READ) flags 0x80700 phys_seg 1 prio class 2
[   31.877870] loop0: detected capacity change from 0 to 2048
[   31.900646] loop0: detected capacity change from 0 to 2048
[   31.935397] loop0: detected capacity change from 0 to 2048
[   31.965899] loop0: detected capacity change from 0 to 2048
[   31.997009] loop0: detected capacity change from 0 to 2048
[   32.042955] loop0: detected capacity change from 0 to 2048
[   32.067959] loop0: detected capacity change from 0 to 2048
[   32.111070] loop0: detected capacity change from 0 to 2048
[   32.139532] loop0: detected capacity change from 0 to 2048
[   32.179005] loop0: detected capacity change from 0 to 2048
[   32.206180] loop0: detected capacity change from 0 to 2048
[   32.251391] loop0: detected capacity change from 0 to 2048
[   32.290479] loop0: detected capacity change from 0 to 2048
[   32.353243] loop0: detected capacity change from 0 to 2048
[   32.386248] loop0: detected capacity change from 0 to 2048
[   32.429038] loop0: detected capacity change from 0 to 2048
[   32.483099] loop0: detected capacity change from 0 to 2048
[   32.530455] loop0: detected capacity change from 0 to 2048
[   32.563017] loop0: detected capacity change from 0 to 2048
[   32.600713] loop0: detected capacity change from 0 to 2048
[   32.643179] loop0: detected capacity change from 0 to 2048
[   32.643418] I/O error, dev loop0, sector 0 op 0x0:(READ) flags 0x80700 phys_seg 1 prio class 2
[   32.670785] loop0: detected capacity change from 0 to 2048
[   32.694559] loop0: detected capacity change from 0 to 2048
[   32.719118] loop0: detected capacity change from 0 to 2048
[   32.719426] Buffer I/O error on dev loop0, logical block 0, async page read
[   32.742203] loop0: detected capacity change from 0 to 2048
[   32.776868] loop0: detected capacity change from 0 to 2048
[   32.796261] loop0: detected capacity change from 0 to 2048
[   32.828695] loop0: detected capacity change from 0 to 2048
[   32.842514] loop0: detected capacity change from 0 to 2048
[   32.883425] loop0: detected capacity change from 0 to 2048
[   32.919028] loop0: detected capacity change from 0 to 2048
[   32.935381] loop0: detected capacity change from 0 to 2048
[   32.961022] loop0: detected capacity change from 0 to 2048
[   32.988723] loop0: detected capacity change from 0 to 2048
[   33.019692] loop0: detected capacity change from 0 to 2048
[   33.060427] loop0: detected capacity change from 0 to 2048
[   33.082256] loop0: detected capacity change from 0 to 2048
[   33.130563] loop0: detected capacity change from 0 to 2048
[   33.182628] loop0: detected capacity change from 0 to 2048
[   33.216869] loop0: detected capacity change from 0 to 2048
[   33.253938] loop0: detected capacity change from 0 to 2048
[   33.286721] loop0: detected capacity change from 0 to 2048
[   33.304111] loop0: detected capacity change from 0 to 2048
[   33.331975] loop0: detected capacity change from 0 to 2048
[   33.371933] loop0: detected capacity change from 0 to 2048
[   33.414057] loop0: detected capacity change from 0 to 2048
[   33.440445] loop0: detected capacity change from 0 to 2048
[   33.463958] loop0: detected capacity change from 0 to 2048
[   33.507157] loop0: detected capacity change from 0 to 2048
[   33.542734] loop0: detected capacity change from 0 to 2048
[   33.570211] loop0: detected capacity change from 0 to 2048
[   33.611287] loop0: detected capacity change from 0 to 2048
[   33.650671] loop0: detected capacity change from 0 to 2048
[   33.687709] loop0: detected capacity change from 0 to 2048
[   33.726591] loop0: detected capacity change from 0 to 2048
[   33.727090] blk_print_req_error: 2 callbacks suppressed
[   33.727098] I/O error, dev loop0, sector 0 op 0x0:(READ) flags 0x80700 phys_seg 1 prio class 2
[   33.753171] loop0: detected capacity change from 0 to 2048
[   33.771743] loop0: detected capacity change from 0 to 2048
[   33.794837] loop0: detected capacity change from 0 to 2048
[   33.795284] I/O error, dev loop0, sector 0 op 0x0:(READ) flags 0x80700 phys_seg 1 prio class 2
[   33.838612] loop0: detected capacity change from 0 to 2048
[   33.869291] loop0: detected capacity change from 0 to 2048
[   33.905568] loop0: detected capacity change from 0 to 2048
[   33.930216] loop0: detected capacity change from 0 to 2048
[   33.969221] loop0: detected capacity change from 0 to 2048
[   33.989487] loop0: detected capacity change from 0 to 2048
[   34.027861] loop0: detected capacity change from 0 to 2048
[   34.058059] loop0: detected capacity change from 0 to 2048
[   34.102633] loop0: detected capacity change from 0 to 2048
[   34.131495] loop0: detected capacity change from 0 to 2048
[   34.158719] loop0: detected capacity change from 0 to 2048
[   34.195351] loop0: detected capacity change from 0 to 2048
[   34.219053] loop0: detected capacity change from 0 to 2048
[   34.269352] loop0: detected capacity change from 0 to 2048
[   34.310734] loop0: detected capacity change from 0 to 2048
[   34.332211] loop0: detected capacity change from 0 to 2048
[   34.363407] loop0: detected capacity change from 0 to 2048
[   34.403510] loop0: detected capacity change from 0 to 2048
[   34.435603] loop0: detected capacity change from 0 to 2048
[   34.467151] loop0: detected capacity change from 0 to 2048
[   34.496498] loop0: detected capacity change from 0 to 2048
[   34.517439] loop0: detected capacity change from 0 to 2048
[   34.518121] I/O error, dev loop0, sector 0 op 0x0:(READ) flags 0x80700 phys_seg 1 prio class 2
[   34.547802] loop0: detected capacity change from 0 to 2048
[   34.573546] loop0: detected capacity change from 0 to 2048
[   34.625798] loop0: detected capacity change from 0 to 2048
[   34.648344] loop0: detected capacity change from 0 to 2048
[   34.681386] loop0: detected capacity change from 0 to 2048
[   34.725121] loop0: detected capacity change from 0 to 2048
[   34.753182] loop0: detected capacity change from 0 to 2048
[   34.801133] loop0: detected capacity change from 0 to 2048
[   34.846762] loop0: detected capacity change from 0 to 2048
[   34.893984] loop0: detected capacity change from 0 to 2048
[   34.945160] loop0: detected capacity change from 0 to 2048
[   34.986641] loop0: detected capacity change from 0 to 2048
[   35.036991] loop0: detected capacity change from 0 to 2048
[   35.070599] loop0: detected capacity change from 0 to 2048
[   35.123064] loop0: detected capacity change from 0 to 2048
[   35.150333] loop0: detected capacity change from 0 to 2048
[   35.193580] loop0: detected capacity change from 0 to 2048
[   35.240011] loop0: detected capacity change from 0 to 2048
[   35.296171] loop0: detected capacity change from 0 to 2048
[   35.331740] loop0: detected capacity change from 0 to 2048
[   35.384415] loop0: detected capacity change from 0 to 2048
[   35.425192] loop0: detected capacity change from 0 to 2048
[   35.467081] loop0: detected capacity change from 0 to 2048
[   35.495800] loop0: detected capacity change from 0 to 2048
[   35.529329] loop0: detected capacity change from 0 to 2048
[   35.573752] loop0: detected capacity change from 0 to 2048
[   35.603527] loop0: detected capacity change from 0 to 2048
[   35.642318] loop0: detected capacity change from 0 to 2048
[   35.670887] loop0: detected capacity change from 0 to 2048
[   35.703651] loop0: detected capacity change from 0 to 2048
[   35.737706] loop0: detected capacity change from 0 to 2048
[   35.791276] loop0: detected capacity change from 0 to 2048
[   35.817940] loop0: detected capacity change from 0 to 2048
[   35.874349] loop0: detected capacity change from 0 to 2048
[   35.925740] loop0: detected capacity change from 0 to 2048
[   35.978755] loop0: detected capacity change from 0 to 2048
[   36.030912] loop0: detected capacity change from 0 to 2048
[   36.083807] loop0: detected capacity change from 0 to 2048
[   36.130311] loop0: detected capacity change from 0 to 2048
[   36.155586] loop0: detected capacity change from 0 to 2048
[   36.156170] I/O error, dev loop0, sector 0 op 0x0:(READ) flags 0x80700 phys_seg 1 prio class 2
[   36.198029] loop0: detected capacity change from 0 to 2048
[   36.252286] loop0: detected capacity change from 0 to 2048
[   36.307240] loop0: detected capacity change from 0 to 2048
[   36.355989] loop0: detected capacity change from 0 to 2048
[   36.395404] loop0: detected capacity change from 0 to 2048
[   36.434761] loop0: detected capacity change from 0 to 2048
[   36.484337] loop0: detected capacity change from 0 to 2048
[   36.485243] I/O error, dev loop0, sector 0 op 0x0:(READ) flags 0x80700 phys_seg 1 prio class 2
[   36.533454] loop0: detected capacity change from 0 to 2048
[   36.572054] loop0: detected capacity change from 0 to 2048
[   36.628024] loop0: detected capacity change from 0 to 2048
[   36.674716] loop0: detected capacity change from 0 to 2048
[   36.709075] loop0: detected capacity change from 0 to 2048
[   36.754513] loop0: detected capacity change from 0 to 2048
[   36.789162] loop0: detected capacity change from 0 to 2048
[   36.834041] loop0: detected capacity change from 0 to 2048
[   36.866763] loop0: detected capacity change from 0 to 2048
[   36.909029] loop0: detected capacity change from 0 to 2048
[   36.952175] loop0: detected capacity change from 0 to 2048
[   36.998748] loop0: detected capacity change from 0 to 2048
[   37.035730] loop0: detected capacity change from 0 to 2048
[   37.060062] loop0: detected capacity change from 0 to 2048
[   37.095544] loop0: detected capacity change from 0 to 2048
[   37.138738] loop0: detected capacity change from 0 to 2048
[   37.174278] loop0: detected capacity change from 0 to 2048
[   37.175504] I/O error, dev loop0, sector 0 op 0x0:(READ) flags 0x80700 phys_seg 1 prio class 2
[   37.175563] I/O error, dev loop0, sector 0 op 0x0:(READ) flags 0x0 phys_seg 1 prio class 2
[   37.175611] Buffer I/O error on dev loop0, logical block 0, async page read
[   37.175647] I/O error, dev loop0, sector 0 op 0x0:(READ) flags 0x0 phys_seg 1 prio class 2
[   37.175663] Buffer I/O error on dev loop0, logical block 0, async page read
[   37.236131] loop0: detected capacity change from 0 to 2048
[   37.278278] loop0: detected capacity change from 0 to 2048
[   37.331720] loop0: detected capacity change from 0 to 2048
[   37.361806] loop0: detected capacity change from 0 to 2048
[   37.406070] loop0: detected capacity change from 0 to 2048
[   37.450161] loop0: detected capacity change from 0 to 2048
[   37.495373] loop0: detected capacity change from 0 to 2048
[   37.541121] loop0: detected capacity change from 0 to 2048
[   37.567374] loop0: detected capacity change from 0 to 2048
[   37.608318] loop0: detected capacity change from 0 to 2048
[   37.636873] loop0: detected capacity change from 0 to 2048
[   37.685382] loop0: detected capacity change from 0 to 2048
[   37.726092] loop0: detected capacity change from 0 to 2048
[   37.778762] loop0: detected capacity change from 0 to 2048
[   37.825104] loop0: detected capacity change from 0 to 2048
[   37.855269] loop0: detected capacity change from 0 to 2048
[   37.910228] loop0: detected capacity change from 0 to 2048
[   37.958995] loop0: detected capacity change from 0 to 2048
[   37.993969] loop0: detected capacity change from 0 to 2048
[   38.037294] loop0: detected capacity change from 0 to 2048
[   38.046194] EXT4-fs mount: 797 callbacks suppressed
[   38.046208] EXT4-fs (loop0): mounted filesystem 00000000-0000-0000-0000-000000000000 r/w without journal. Quota mode: none.
[   38.062054] EXT4-fs (loop0): unmounting filesystem 00000000-0000-0000-0000-000000000000.
[   38.096280] loop0: detected capacity change from 0 to 2048
[   38.109015] EXT4-fs (loop0): mounted filesystem 00000000-0000-0000-0000-000000000000 r/w without journal. Quota mode: none.
[   38.124681] EXT4-fs (loop0): unmounting filesystem 00000000-0000-0000-0000-000000000000.
[   38.160716] loop0: detected capacity change from 0 to 2048
[   38.167875] EXT4-fs (loop0): mounted filesystem 00000000-0000-0000-0000-000000000000 r/w without journal. Quota mode: none.
[   38.176054] EXT4-fs (loop0): unmounting filesystem 00000000-0000-0000-0000-000000000000.
[   38.206909] loop0: detected capacity change from 0 to 2048
[   38.216081] EXT4-fs (loop0): mounted filesystem 00000000-0000-0000-0000-000000000000 r/w without journal. Quota mode: none.
[   38.233142] EXT4-fs (loop0): unmounting filesystem 00000000-0000-0000-0000-000000000000.
[   38.249508] loop0: detected capacity change from 0 to 2048
[   38.260068] EXT4-fs (loop0): mounted filesystem 00000000-0000-0000-0000-000000000000 r/w without journal. Quota mode: none.
[   38.276773] EXT4-fs (loop0): unmounting filesystem 00000000-0000-0000-0000-000000000000.
[   38.305587] loop0: detected capacity change from 0 to 2048
[   38.311768] EXT4-fs (loop0): mounted filesystem 00000000-0000-0000-0000-000000000000 r/w without journal. Quota mode: none.
[   38.321728] EXT4-fs (loop0): unmounting filesystem 00000000-0000-0000-0000-000000000000.
[   38.339856] loop0: detected capacity change from 0 to 2048
[   38.344274] EXT4-fs (loop0): mounted filesystem 00000000-0000-0000-0000-000000000000 r/w without journal. Quota mode: none.
[   38.353644] EXT4-fs (loop0): unmounting filesystem 00000000-0000-0000-0000-000000000000.
[   38.386572] loop0: detected capacity change from 0 to 2048
[   38.387280] I/O error, dev loop0, sector 0 op 0x0:(READ) flags 0x80700 phys_seg 1 prio class 2
[   38.397118] EXT4-fs (loop0): mounted filesystem 00000000-0000-0000-0000-000000000000 r/w without journal. Quota mode: none.
[   38.402332] EXT4-fs (loop0): unmounting filesystem 00000000-0000-0000-0000-000000000000.
[   38.426794] loop0: detected capacity change from 0 to 2048
[   38.431915] EXT4-fs (loop0): mounted filesystem 00000000-0000-0000-0000-000000000000 r/w without journal. Quota mode: none.
[   38.442816] EXT4-fs (loop0): unmounting filesystem 00000000-0000-0000-0000-000000000000.
[   38.465779] loop0: detected capacity change from 0 to 2048
[   38.475968] EXT4-fs (loop0): mounted filesystem 00000000-0000-0000-0000-000000000000 r/w without journal. Quota mode: none.
[   38.484813] EXT4-fs (loop0): unmounting filesystem 00000000-0000-0000-0000-000000000000.
[   38.518516] loop0: detected capacity change from 0 to 2048
[   38.524391] EXT4-fs (loop0): mounted filesystem 00000000-0000-0000-0000-000000000000 r/w without journal. Quota mode: none.
[   38.531466] EXT4-fs (loop0): unmounting filesystem 00000000-0000-0000-0000-000000000000.
[   38.564372] loop0: detected capacity change from 0 to 2048
[   38.572091] EXT4-fs (loop0): mounted filesystem 00000000-0000-0000-0000-000000000000 r/w without journal. Quota mode: none.
[   38.578342] EXT4-fs (loop0): unmounting filesystem 00000000-0000-0000-0000-000000000000.
[   38.595268] loop0: detected capacity change from 0 to 2048
[   38.603741] EXT4-fs (loop0): mounted filesystem 00000000-0000-0000-0000-000000000000 r/w without journal. Quota mode: none.
[   38.610275] EXT4-fs (loop0): unmounting filesystem 00000000-0000-0000-0000-000000000000.
[   38.631483] loop0: detected capacity change from 0 to 2048
[   38.642726] EXT4-fs (loop0): mounted filesystem 00000000-0000-0000-0000-000000000000 r/w without journal. Quota mode: none.
[   38.650886] EXT4-fs (loop0): unmounting filesystem 00000000-0000-0000-0000-000000000000.
[   38.684710] loop0: detected capacity change from 0 to 2048
[   38.692158] EXT4-fs (loop0): mounted filesystem 00000000-0000-0000-0000-000000000000 r/w without journal. Quota mode: none.
[   38.699468] EXT4-fs (loop0): unmounting filesystem 00000000-0000-0000-0000-000000000000.
[   38.717753] loop0: detected capacity change from 0 to 2048
[   38.724063] EXT4-fs (loop0): mounted filesystem 00000000-0000-0000-0000-000000000000 r/w without journal. Quota mode: none.
[   38.730962] EXT4-fs (loop0): unmounting filesystem 00000000-0000-0000-0000-000000000000.
[   38.758691] loop0: detected capacity change from 0 to 2048
[   38.763875] EXT4-fs (loop0): mounted filesystem 00000000-0000-0000-0000-000000000000 r/w without journal. Quota mode: none.
[   38.769845] EXT4-fs (loop0): unmounting filesystem 00000000-0000-0000-0000-000000000000.
[   38.811551] loop0: detected capacity change from 0 to 2048
[   38.819414] EXT4-fs (loop0): mounted filesystem 00000000-0000-0000-0000-000000000000 r/w without journal. Quota mode: none.
[   38.825544] EXT4-fs (loop0): unmounting filesystem 00000000-0000-0000-0000-000000000000.
[   38.841633] loop0: detected capacity change from 0 to 2048
[   38.847733] EXT4-fs (loop0): mounted filesystem 00000000-0000-0000-0000-000000000000 r/w without journal. Quota mode: none.
[   38.853477] EXT4-fs (loop0): unmounting filesystem 00000000-0000-0000-0000-000000000000.
[   38.867892] loop0: detected capacity change from 0 to 2048
[   38.875567] EXT4-fs (loop0): mounted filesystem 00000000-0000-0000-0000-000000000000 r/w without journal. Quota mode: none.
[   38.881080] EXT4-fs (loop0): unmounting filesystem 00000000-0000-0000-0000-000000000000.
[   38.907933] loop0: detected capacity change from 0 to 2048
[   38.915604] EXT4-fs (loop0): mounted filesystem 00000000-0000-0000-0000-000000000000 r/w without journal. Quota mode: none.
[   38.921230] EXT4-fs (loop0): unmounting filesystem 00000000-0000-0000-0000-000000000000.
[   38.935325] loop0: detected capacity change from 0 to 2048
[   38.943677] EXT4-fs (loop0): mounted filesystem 00000000-0000-0000-0000-000000000000 r/w without journal. Quota mode: none.
[   38.947250] EXT4-fs (loop0): unmounting filesystem 00000000-0000-0000-0000-000000000000.
[   38.974177] loop0: detected capacity change from 0 to 2048
[   38.980041] EXT4-fs (loop0): mounted filesystem 00000000-0000-0000-0000-000000000000 r/w without journal. Quota mode: none.
[   38.986166] EXT4-fs (loop0): unmounting filesystem 00000000-0000-0000-0000-000000000000.
[   39.015377] loop0: detected capacity change from 0 to 2048
[   39.019278] EXT4-fs (loop0): mounted filesystem 00000000-0000-0000-0000-000000000000 r/w without journal. Quota mode: none.
[   39.025900] EXT4-fs (loop0): unmounting filesystem 00000000-0000-0000-0000-000000000000.
[   39.041153] loop0: detected capacity change from 0 to 2048
[   39.047769] EXT4-fs (loop0): mounted filesystem 00000000-0000-0000-0000-000000000000 r/w without journal. Quota mode: none.
[   39.051471] EXT4-fs (loop0): unmounting filesystem 00000000-0000-0000-0000-000000000000.
[   39.073333] loop0: detected capacity change from 0 to 2048
[   39.081048] EXT4-fs (loop0): mounted filesystem 00000000-0000-0000-0000-000000000000 r/w without journal. Quota mode: none.
[   39.090974] EXT4-fs (loop0): unmounting filesystem 00000000-0000-0000-0000-000000000000.
[   39.115409] loop0: detected capacity change from 0 to 2048
[   39.123653] EXT4-fs (loop0): mounted filesystem 00000000-0000-0000-0000-000000000000 r/w without journal. Quota mode: none.
[   39.130039] EXT4-fs (loop0): unmounting filesystem 00000000-0000-0000-0000-000000000000.
[   39.142355] loop0: detected capacity change from 0 to 2048
[   39.151440] EXT4-fs (loop0): mounted filesystem 00000000-0000-0000-0000-000000000000 r/w without journal. Quota mode: none.
[   39.157815] EXT4-fs (loop0): unmounting filesystem 00000000-0000-0000-0000-000000000000.
[   39.187361] loop0: detected capacity change from 0 to 2048
[   39.191529] EXT4-fs (loop0): mounted filesystem 00000000-0000-0000-0000-000000000000 r/w without journal. Quota mode: none.
[   39.197865] EXT4-fs (loop0): unmounting filesystem 00000000-0000-0000-0000-000000000000.
[   39.212810] loop0: detected capacity change from 0 to 2048
[   39.215789] EXT4-fs (loop0): mounted filesystem 00000000-0000-0000-0000-000000000000 r/w without journal. Quota mode: none.
[   39.229910] EXT4-fs (loop0): unmounting filesystem 00000000-0000-0000-0000-000000000000.
[   39.248018] loop0: detected capacity change from 0 to 2048
[   39.251508] EXT4-fs (loop0): mounted filesystem 00000000-0000-0000-0000-000000000000 r/w without journal. Quota mode: none.
[   39.259613] EXT4-fs (loop0): unmounting filesystem 00000000-0000-0000-0000-000000000000.
[   39.279883] loop0: detected capacity change from 0 to 2048
[   39.280626] I/O error, dev loop0, sector 0 op 0x0:(READ) flags 0x80700 phys_seg 1 prio class 2
[   39.291615] EXT4-fs (loop0): mounted filesystem 00000000-0000-0000-0000-000000000000 r/w without journal. Quota mode: none.
[   39.304103] EXT4-fs (loop0): unmounting filesystem 00000000-0000-0000-0000-000000000000.
[   39.326046] loop0: detected capacity change from 0 to 2048
[   39.370002] loop0: detected capacity change from 0 to 2048
[   39.404242] loop0: detected capacity change from 0 to 2048
[   39.440696] loop0: detected capacity change from 0 to 2048
[   39.480433] loop0: detected capacity change from 0 to 2048
[   39.529376] loop0: detected capacity change from 0 to 2048
[   39.584240] loop0: detected capacity change from 0 to 2048
[   39.619857] loop0: detected capacity change from 0 to 2048
[   39.662618] loop0: detected capacity change from 0 to 2048
[   39.712825] loop0: detected capacity change from 0 to 2048
[   39.750284] loop0: detected capacity change from 0 to 2048
[   39.806047] loop0: detected capacity change from 0 to 2048
[   39.831950] loop0: detected capacity change from 0 to 2048
[   39.873499] loop0: detected capacity change from 0 to 2048
[   39.908351] loop0: detected capacity change from 0 to 2048
[   39.939959] loop0: detected capacity change from 0 to 2048
[   39.963496] loop0: detected capacity change from 0 to 2048
[   39.990896] loop0: detected capacity change from 0 to 2048
[   40.012734] loop0: detected capacity change from 0 to 2048
[   40.058814] loop0: detected capacity change from 0 to 2048
[   40.059622] I/O error, dev loop0, sector 0 op 0x0:(READ) flags 0x80700 phys_seg 1 prio class 2
[   40.090801] loop0: detected capacity change from 0 to 2048
[   40.115783] loop0: detected capacity change from 0 to 2048
[   40.142015] loop0: detected capacity change from 0 to 2048
[   40.176577] loop0: detected capacity change from 0 to 2048
[   40.226780] loop0: detected capacity change from 0 to 2048
[   40.265997] loop0: detected capacity change from 0 to 2048
[   40.316907] loop0: detected capacity change from 0 to 2048
[   40.353952] loop0: detected capacity change from 0 to 2048
[   40.379624] loop0: detected capacity change from 0 to 2048
[   40.417384] loop0: detected capacity change from 0 to 2048
[   40.417825] I/O error, dev loop0, sector 0 op 0x0:(READ) flags 0x80700 phys_seg 1 prio class 2
[   40.439219] loop0: detected capacity change from 0 to 2048
[   40.476221] loop0: detected capacity change from 0 to 2048
[   40.515074] loop0: detected capacity change from 0 to 2048
[   40.548931] loop0: detected capacity change from 0 to 2048
[   40.585200] loop0: detected capacity change from 0 to 2048
[   40.614595] loop0: detected capacity change from 0 to 2048
[   40.651608] loop0: detected capacity change from 0 to 2048
[   40.687875] loop0: detected capacity change from 0 to 2048
[   40.717944] loop0: detected capacity change from 0 to 2048
[   40.747419] loop0: detected capacity change from 0 to 2048
[   40.794253] loop0: detected capacity change from 0 to 2048
[   40.829067] loop0: detected capacity change from 0 to 2048
[   40.860941] loop0: detected capacity change from 0 to 2048
[   40.888349] loop0: detected capacity change from 0 to 2048
[   40.929982] loop0: detected capacity change from 0 to 2048
[   40.969063] loop0: detected capacity change from 0 to 2048
[   41.005808] loop0: detected capacity change from 0 to 2048
[   41.006350] I/O error, dev loop0, sector 0 op 0x0:(READ) flags 0x80700 phys_seg 1 prio class 2
[   41.034139] loop0: detected capacity change from 0 to 2048
[   41.081333] loop0: detected capacity change from 0 to 2048
[   41.124541] loop0: detected capacity change from 0 to 2048
[   41.157484] loop0: detected capacity change from 0 to 2048
[   41.187630] loop0: detected capacity change from 0 to 2048
[   41.233571] loop0: detected capacity change from 0 to 2048
[   41.304959] loop0: detected capacity change from 0 to 2048
[   41.350913] loop0: detected capacity change from 0 to 2048
[   41.392084] loop0: detected capacity change from 0 to 2048
[   41.438093] loop0: detected capacity change from 0 to 2048
[   41.468503] loop0: detected capacity change from 0 to 2048
[   41.508532] loop0: detected capacity change from 0 to 2048
[   41.543986] loop0: detected capacity change from 0 to 2048
[   41.581801] loop0: detected capacity change from 0 to 2048
[   41.613393] loop0: detected capacity change from 0 to 2048
[   41.654367] loop0: detected capacity change from 0 to 2048
[   41.702763] loop0: detected capacity change from 0 to 2048
[   41.726059] loop0: detected capacity change from 0 to 2048
[   41.757683] loop0: detected capacity change from 0 to 2048
[   41.805730] loop0: detected capacity change from 0 to 2048
[   41.850754] loop0: detected capacity change from 0 to 2048
[   41.879765] loop0: detected capacity change from 0 to 2048
[   41.932963] loop0: detected capacity change from 0 to 2048
[   41.973185] loop0: detected capacity change from 0 to 2048
[   42.015634] loop0: detected capacity change from 0 to 2048
[   42.043226] loop0: detected capacity change from 0 to 2048
[   42.073665] loop0: detected capacity change from 0 to 2048
[   42.108570] loop0: detected capacity change from 0 to 2048
[   42.151009] loop0: detected capacity change from 0 to 2048
[   42.191298] loop0: detected capacity change from 0 to 2048
[   42.231740] loop0: detected capacity change from 0 to 2048
[   42.276558] loop0: detected capacity change from 0 to 2048
[   42.340196] loop0: detected capacity change from 0 to 2048
[   42.372096] loop0: detected capacity change from 0 to 2048
[   42.413097] loop0: detected capacity change from 0 to 2048
[   42.455726] loop0: detected capacity change from 0 to 2048
[   42.502800] loop0: detected capacity change from 0 to 2048
[   42.549423] loop0: detected capacity change from 0 to 2048
[   42.586732] loop0: detected capacity change from 0 to 2048
[   42.587193] I/O error, dev loop0, sector 0 op 0x0:(READ) flags 0x80700 phys_seg 1 prio class 2
[   42.630114] loop0: detected capacity change from 0 to 2048
[   42.678881] loop0: detected capacity change from 0 to 2048
[   42.722108] loop0: detected capacity change from 0 to 2048
[   42.755885] loop0: detected capacity change from 0 to 2048
[   42.798268] loop0: detected capacity change from 0 to 2048
[   42.799156] I/O error, dev loop0, sector 0 op 0x0:(READ) flags 0x80700 phys_seg 1 prio class 2
[   42.840312] loop0: detected capacity change from 0 to 2048
[   42.873079] loop0: detected capacity change from 0 to 2048
[   42.912082] loop0: detected capacity change from 0 to 2048
[   42.977194] loop0: detected capacity change from 0 to 2048
[   43.011382] loop0: detected capacity change from 0 to 2048
[   43.012345] I/O error, dev loop0, sector 0 op 0x0:(READ) flags 0x80700 phys_seg 1 prio class 2
[   43.050258] loop0: detected capacity change from 0 to 2048
[   43.073213] ------------[ cut here ]------------
[   43.074086] Looking for class "&ei->i_data_sem" with key __key.96056, but found a different class "&ei->i_data_sem" with the same key
[   43.076134] WARNING: CPU: 0 PID: 2392 at kernel/locking/lockdep.c:941 look_up_lock_class.isra.34+0xb8/0x140
[   43.077805] Modules linked in:
[   43.078360] CPU: 0 PID: 2392 Comm: repro Not tainted 6.4.0-rc7-2023-06-19-intel-next-769974cc7748+ #1
[   43.079897] Hardware name: QEMU Standard PC (i440FX + PIIX, 1996), BIOS rel-1.16.0-0-gd239552ce722-prebuilt.qemu.org 04/01/2014
[   43.081794] RIP: 0010:look_up_lock_class.isra.34+0xb8/0x140
[   43.082761] Code: 38 49 8b 55 00 48 81 fa 20 c3 0b 89 74 2b 80 3d 0c 8a 0e 02 00 75 22 48 c7 c7 a0 aa 8b 85 c6 05 fc 89 0e 02 01 e8 38 0e e2 fb <0f> 0b eb 0b e8 bf 65 7f fd 85 c0 75 56 31 db 48 83 c4 08 48 89 d8
[   43.085850] RSP: 0018:ffff88800f6af430 EFLAGS: 00010082
[   43.086742] RAX: 0000000000000000 RBX: ffffffff89811020 RCX: ffffffff8124b480
[   43.087940] RDX: 0000000000000000 RSI: ffff88800faf4a80 RDI: 0000000000000002
[   43.089144] RBP: ffff88800f6af458 R08: ffffed100d9462d2 R09: ffffed100d9462d2
[   43.090364] R10: ffff88806ca3168b R11: ffffed100d9462d1 R12: ffffffff8a17d841
[   43.091570] R13: ffff888021892a48 R14: ffff888021892a60 R15: 0000000000000000
[   43.092776] FS:  00007fc7cf59c800(0000) GS:ffff88806ca00000(0000) knlGS:0000000000000000
[   43.094138] CS:  0010 DS: 0000 ES: 0000 CR0: 0000000080050033
[   43.095122] CR2: 0000000020004700 CR3: 0000000017888000 CR4: 0000000000750ef0
[   43.096340] PKRU: 55555554
[   43.096818] Call Trace:
[   43.097253]  <TASK>
[   43.097637]  ? show_regs+0x66/0x70
[   43.098255]  ? __warn+0xef/0x340
[   43.098842]  ? look_up_lock_class.isra.34+0xb8/0x140
[   43.099706]  ? look_up_lock_class.isra.34+0xb8/0x140
[   43.100571]  ? report_bug+0x360/0x570
[   43.101220]  ? write_comp_data+0x10/0x90
[   43.101930]  ? handle_bug+0x48/0x80
[   43.102549]  ? exc_invalid_op+0x1c/0x50
[   43.103219]  ? asm_exc_invalid_op+0x1f/0x30
[   43.103955]  ? __warn_printk+0x160/0x2b0
[   43.104645]  ? look_up_lock_class.isra.34+0xb8/0x140
[   43.105511]  ? __pfx_mark_lock.part.47+0x10/0x10
[   43.106330]  register_lock_class+0xca/0x11e0
[   43.107084]  ? register_lock_class+0xca/0x11e0
[   43.107872]  ? __pfx_register_lock_class+0x10/0x10
[   43.108708]  ? __pfx_register_lock_class+0x10/0x10
[   43.109549]  ? __kasan_check_read+0x15/0x20
[   43.110290]  ? mark_lock.part.47+0xf8/0xb20
[   43.111015]  __lock_acquire+0x104/0x55d0
[   43.111693]  ? __lock_acquire+0x1b91/0x55d0
[   43.112421]  ? __pfx___lock_acquire+0x10/0x10
[   43.113174]  ? __pfx___lock_acquire+0x10/0x10
[   43.113932]  ? __kasan_check_read+0x15/0x20
[   43.114648]  ? mark_lock.part.47+0xf8/0xb20
[   43.115369]  lock_acquire+0x1bc/0x4c0
[   43.116007]  ? ext4_double_down_write_data_sem+0x4d/0x90
[   43.116908]  ? __pfx_lock_acquire+0x10/0x10
[   43.117634]  down_write_nested+0x9a/0x1f0
[   43.118335]  ? ext4_double_down_write_data_sem+0x4d/0x90
[   43.119233]  ? __pfx_down_write_nested+0x10/0x10
[   43.120025]  ? __pfx_down_write_nested+0x10/0x10
[   43.120820]  ? write_comp_data+0x2f/0x90
[   43.121499]  ? write_comp_data+0x2f/0x90
[   43.122192]  ext4_double_down_write_data_sem+0x4d/0x90
[   43.122983]  ext4_move_extents+0x410/0x31e0
[   43.123626]  ? __pfx_lock_release+0x10/0x10
[   43.124272]  ? __pfx_lock_acquire+0x10/0x10
[   43.124918]  ? write_comp_data+0x2f/0x90
[   43.125534]  ? __kasan_check_read+0x15/0x20
[   43.126189]  ? __kasan_check_read+0x15/0x20
[   43.126835]  ? hlock_class+0x52/0x130
[   43.127403]  ? __lock_acquire+0x1b91/0x55d0
[   43.128052]  ? __pfx_ext4_move_extents+0x10/0x10
[   43.128752]  ? __pfx___lock_acquire+0x10/0x10
[   43.129431]  ? __this_cpu_preempt_check+0x20/0x30
[   43.130268]  ? lock_is_held_type+0xe6/0x140
[   43.131321]  ? rcu_read_lock_any_held+0xda/0x100
[   43.132046]  ? write_comp_data+0x2f/0x90
[   43.132623]  ? write_comp_data+0x2f/0x90
[   43.133190]  ? __sanitizer_cov_trace_pc+0x25/0x60
[   43.133891]  ? write_comp_data+0x2f/0x90
[   43.134466]  __ext4_ioctl+0x3de8/0x49e0
[   43.135029]  ? __pfx___ext4_ioctl+0x10/0x10
[   43.135626]  ? __lock_acquire+0x1b91/0x55d0
[   43.136226]  ? kasan_quarantine_put+0xbe/0x1b0
[   43.136865]  ? __kasan_slab_free+0x116/0x1a0
[   43.137489]  ? write_comp_data+0x2f/0x90
[   43.138070]  ? __sanitizer_cov_trace_switch+0x57/0xa0
[   43.138795]  ? __sanitizer_cov_trace_pc+0x25/0x60
[   43.139478]  ? __pfx_do_vfs_ioctl+0x10/0x10
[   43.140086]  ? __this_cpu_preempt_check+0x20/0x30
[   43.140756]  ? lock_release+0x3f8/0x770
[   43.141312]  ? __audit_syscall_entry+0x3d5/0x540
[   43.142001]  ? __pfx_lock_release+0x10/0x10
[   43.142606]  ? __pfx_lock_acquire+0x10/0x10
[   43.143207]  ? ktime_get_coarse_real_ts64+0x181/0x1b0
[   43.143928]  ? __audit_syscall_entry+0x3d5/0x540
[   43.144595]  ? __this_cpu_preempt_check+0x20/0x30
[   43.145266]  ? write_comp_data+0x2f/0x90
[   43.145837]  ? __sanitizer_cov_trace_pc+0x25/0x60
[   43.146517]  ? ktime_get_coarse_real_ts64+0x12e/0x1b0
[   43.147236]  ? write_comp_data+0x2f/0x90
[   43.147805]  ? write_comp_data+0x2f/0x90
[   43.148350]  ? __pfx_ext4_ioctl+0x10/0x10
[   43.148894]  ext4_ioctl+0x2e/0x40
[   43.149353]  ? ext4_ioctl+0x2e/0x40
[   43.149844]  __x64_sys_ioctl+0x1a3/0x230
[   43.150379]  do_syscall_64+0x3b/0x90
[   43.150875]  entry_SYSCALL_64_after_hwframe+0x72/0xdc
[   43.151554] RIP: 0033:0x7fc7cf23ee5d
[   43.152041] Code: ff c3 66 2e 0f 1f 84 00 00 00 00 00 90 f3 0f 1e fa 48 89 f8 48 89 f7 48 89 d6 48 89 ca 4d 89 c2 4d 89 c8 4c 8b 4c 24 08 0f 05 <48> 3d 01 f0 ff ff 73 01 c3 48 8b 0d 93 af 1b 00 f7 d8 64 89 01 48
[   43.154422] RSP: 002b:00007ffc438243c8 EFLAGS: 00000246 ORIG_RAX: 0000000000000010
[   43.155411] RAX: ffffffffffffffda RBX: 0000000000000000 RCX: 00007fc7cf23ee5d
[   43.156342] RDX: 0000000020000000 RSI: 00000000c028660f RDI: 0000000000000005
[   43.157271] RBP: 00007ffc43824440 R08: 0000000000000000 R09: 0000000000000000
[   43.158209] R10: 0000000000000000 R11: 0000000000000246 R12: 00007ffc438245b8
[   43.159142] R13: 0000000000404cd8 R14: 0000000000408e08 R15: 00007fc7cf5e1000
[   43.160084]  </TASK>
[   43.160392] irq event stamp: 6385
[   43.160842] hardirqs last  enabled at (6385): [<ffffffff814f86f1>] ktime_get_coarse_real_ts64+0x181/0x1b0
[   43.162086] hardirqs last disabled at (6384): [<ffffffff814f86bb>] ktime_get_coarse_real_ts64+0x14b/0x1b0
[   43.163332] softirqs last  enabled at (1792): [<ffffffff85469225>] __do_softirq+0x4f5/0x77c
[   43.164423] softirqs last disabled at (1741): [<ffffffff81268fe5>] irq_exit_rcu+0xe5/0x130
[   43.165507] ---[ end trace 0000000000000000 ]---
[   43.192948] loop0: detected capacity change from 0 to 2048
[   43.238902] loop0: detected capacity change from 0 to 2048
[   43.284379] loop0: detected capacity change from 0 to 2048
[   43.353217] loop0: detected capacity change from 0 to 2048
[   43.396813] loop0: detected capacity change from 0 to 2048
[   43.429375] loop0: detected capacity change from 0 to 2048
[   43.429913] I/O error, dev loop0, sector 0 op 0x0:(READ) flags 0x80700 phys_seg 1 prio class 2
[   43.477715] loop0: detected capacity change from 0 to 2048
[   43.520280] loop0: detected capacity change from 0 to 2048
[   43.556842] loop0: detected capacity change from 0 to 2048
[   43.591729] loop0: detected capacity change from 0 to 2048
[   43.622844] loop0: detected capacity change from 0 to 2048
[   43.655269] loop0: detected capacity change from 0 to 2048
[   43.656273] I/O error, dev loop0, sector 0 op 0x0:(READ) flags 0x80700 phys_seg 1 prio class 2
[   43.687147] loop0: detected capacity change from 0 to 2048
[   43.725617] loop0: detected capacity change from 0 to 2048
[   43.764387] loop0: detected capacity change from 0 to 2048
[   43.799727] loop0: detected capacity change from 0 to 2048
[   43.824865] loop0: detected capacity change from 0 to 2048
[   43.877994] loop0: detected capacity change from 0 to 2048
[   43.916726] loop0: detected capacity change from 0 to 2048
[   43.917701] I/O error, dev loop0, sector 0 op 0x0:(READ) flags 0x80700 phys_seg 1 prio class 2
[   43.951255] loop0: detected capacity change from 0 to 2048
[   43.951587] Buffer I/O error on dev loop0, logical block 0, async page read
[   43.989332] loop0: detected capacity change from 0 to 2048
[   44.023444] loop0: detected capacity change from 0 to 2048
[   44.054914] loop0: detected capacity change from 0 to 2048
[   44.085707] loop0: detected capacity change from 0 to 2048
[   44.112894] loop0: detected capacity change from 0 to 2048
[   44.142305] loop0: detected capacity change from 0 to 2048
[   44.182514] loop0: detected capacity change from 0 to 2048
[   44.220419] loop0: detected capacity change from 0 to 2048
[   44.280519] loop0: detected capacity change from 0 to 2048
[   44.341891] loop0: detected capacity change from 0 to 2048
[   44.381162] loop0: detected capacity change from 0 to 2048
[   44.406121] loop0: detected capacity change from 0 to 2048
[   44.463035] loop0: detected capacity change from 0 to 2048
[   44.498243] loop0: detected capacity change from 0 to 2048
[   44.533475] loop0: detected capacity change from 0 to 2048
[   44.588782] loop0: detected capacity change from 0 to 2048
[   44.634510] loop0: detected capacity change from 0 to 2048
[   44.656426] loop0: detected capacity change from 0 to 2048
[   44.692575] loop0: detected capacity change from 0 to 2048
[   44.723843] loop0: detected capacity change from 0 to 2048
[   44.774715] loop0: detected capacity change from 0 to 2048
[   44.823212] loop0: detected capacity change from 0 to 2048
[   44.876207] loop0: detected capacity change from 0 to 2048
[   44.909650] loop0: detected capacity change from 0 to 2048
[   44.940614] loop0: detected capacity change from 0 to 2048
[   44.972407] loop0: detected capacity change from 0 to 2048
[   44.972751] blk_print_req_error: 2 callbacks suppressed
[   44.972767] I/O error, dev loop0, sector 0 op 0x0:(READ) flags 0x80700 phys_seg 1 prio class 2
[   45.022107] loop0: detected capacity change from 0 to 2048
[   45.077988] loop0: detected capacity change from 0 to 2048
[   45.137121] loop0: detected capacity change from 0 to 2048
[   45.171886] loop0: detected capacity change from 0 to 2048
[   45.207914] loop0: detected capacity change from 0 to 2048
[   45.245361] loop0: detected capacity change from 0 to 2048
[   45.245958] I/O error, dev loop0, sector 0 op 0x0:(READ) flags 0x80700 phys_seg 1 prio class 2
[   45.304096] loop0: detected capacity change from 0 to 2048
[   45.304525] I/O error, dev loop0, sector 0 op 0x0:(READ) flags 0x80700 phys_seg 1 prio class 2
[   45.341577] loop0: detected capacity change from 0 to 2048
[   45.390631] loop0: detected capacity change from 0 to 2048
[   45.417331] loop0: detected capacity change from 0 to 2048
[   45.458610] loop0: detected capacity change from 0 to 2048
[   45.493343] loop0: detected capacity change from 0 to 2048
[   45.551455] loop0: detected capacity change from 0 to 2048
[   45.575717] loop0: detected capacity change from 0 to 2048
[   45.607385] loop0: detected capacity change from 0 to 2048
[   45.639691] loop0: detected capacity change from 0 to 2048
[   45.670746] loop0: detected capacity change from 0 to 2048
[   45.710074] loop0: detected capacity change from 0 to 2048
[   45.710595] I/O error, dev loop0, sector 0 op 0x0:(READ) flags 0x80700 phys_seg 1 prio class 2
[   45.740189] loop0: detected capacity change from 0 to 2048
[   45.740477] I/O error, dev loop0, sector 0 op 0x0:(READ) flags 0x80700 phys_seg 1 prio class 2
[   45.779641] loop0: detected capacity change from 0 to 2048
[   45.780039] I/O error, dev loop0, sector 0 op 0x0:(READ) flags 0x80700 phys_seg 1 prio class 2
[   45.826871] loop0: detected capacity change from 0 to 2048
[   45.864808] loop0: detected capacity change from 0 to 2048
[   45.913172] loop0: detected capacity change from 0 to 2048
[   45.957957] loop0: detected capacity change from 0 to 2048
[   46.010819] loop0: detected capacity change from 0 to 2048
[   46.044123] loop0: detected capacity change from 0 to 2048
[   46.076714] loop0: detected capacity change from 0 to 2048
[   46.077348] I/O error, dev loop0, sector 0 op 0x0:(READ) flags 0x80700 phys_seg 1 prio class 2
[   46.118607] loop0: detected capacity change from 0 to 2048
[   46.168994] loop0: detected capacity change from 0 to 2048
[   46.225380] loop0: detected capacity change from 0 to 2048
[   46.291421] loop0: detected capacity change from 0 to 2048
[   46.357183] loop0: detected capacity change from 0 to 2048
[   46.404414] loop0: detected capacity change from 0 to 2048
[   46.437919] loop0: detected capacity change from 0 to 2048
