git bisect start
# status: waiting for both good and bad commits
# bad: [769974cc7748ae131a39d5fa76bf099c276f5dc1] Intel Next: Add release files for v6.4-rc7 2023-06-19
git bisect bad 769974cc7748ae131a39d5fa76bf099c276f5dc1
# status: waiting for good commit(s), bad commit known
# good: [45a3e24f65e90a047bef86f927ebdc4c710edaa1] Linux 6.4-rc7
git bisect good 45a3e24f65e90a047bef86f927ebdc4c710edaa1
# skip: [8aff5baed0cc8400e955498a0d50586695552b68] Intel Next: Merge commit d90cba0964dcc5b5e03b01bec722348e84c90d43 from https://github.com/intel-sandbox/qzhuo-linux.git edac-for-intel-next
git bisect skip 8aff5baed0cc8400e955498a0d50586695552b68
# good: [3d220e84edd7406b2d9cdd9a4fe20b80553bf205] SEP/SOCWATCH changes to fix last commit
git bisect good 3d220e84edd7406b2d9cdd9a4fe20b80553bf205
# skip: [b005d008becadcf1af5ccac3028ddbc6405a8a00] Intel Next: Merge commit efa6c42ccc117e4e6a800a724e1119a68d542642 from https://github.com/intel-sandbox/ashevche.linux.kernel intel/for-next
git bisect skip b005d008becadcf1af5ccac3028ddbc6405a8a00
# good: [88f8d90f4bc24250a12e24156bea42d1a24befef] mei: me: [NOT FOR UPSTREAM] add meteor lake point M ESE DID
git bisect good 88f8d90f4bc24250a12e24156bea42d1a24befef
# good: [a674d30993a2dd1f0eb70e04c0aa82523915d26c] manifest_in.json: Disable tdx_kvm_support
git bisect good a674d30993a2dd1f0eb70e04c0aa82523915d26c
# skip: [fc1f40f43ed504686c47dbcd7057785448375e5c] Intel Next: Merge commit 363eda81865d9bffe7dc610e482c00c1956e0f8d from https://github.com/intel-sandbox/spandruv.linux.git thermal_intel_next
git bisect skip fc1f40f43ed504686c47dbcd7057785448375e5c
# good: [95225a5e891d97eec4df78861b14815318cce2dc] ACPI: Add SVKL table support
git bisect good 95225a5e891d97eec4df78861b14815318cce2dc
# skip: [4d3d9f80c46d3bae8b3591670a865ccc879f1f69] Intel Next: Merge commit 9dbb70f76588a527cfcbcf659a812bc5512c30ee from https://github.com/intel-sandbox/rzhang1.git for-intel-next
git bisect skip 4d3d9f80c46d3bae8b3591670a865ccc879f1f69
# good: [d3e6b65e708474aaa800881067fc415ebb37073a] drm/i915/hwmon: Block waiting for GuC reset to complete
git bisect good d3e6b65e708474aaa800881067fc415ebb37073a
# skip: [fdebdea2a895ab17a93fef9467547bae407066f5] Intel Next: Merge commit eb27020ec8608000cf8890b4805a62beb1e19b89 from https://github.com/intel-sandbox/ahunter6.next.git intel-pt-perf-tools-v6.4
git bisect skip fdebdea2a895ab17a93fef9467547bae407066f5
# good: [e85f8fffed2f133d805612ce307d8c68ceadcf53] [REVERTME] KVM: TDX, x86/tdp_mmu: add helper function to pre-split and protect private pages for debug
git bisect good e85f8fffed2f133d805612ce307d8c68ceadcf53
# skip: [1e4dd3d87e27fe6133e25735df3717c3665643e9] Intel Next: Merge commit 4ef126760ea697e01bb2bdfbb634151beb1208fa from https://github.com/intel-sandbox/xi_linux.git pmc_core_intel_next
git bisect skip 1e4dd3d87e27fe6133e25735df3717c3665643e9
# good: [0d70c93cfc64e06aa510f5aab62c3e5c9ae7ca1a] rr-cache: Resolve kvm_arch_lbr_cet conflict
git bisect good 0d70c93cfc64e06aa510f5aab62c3e5c9ae7ca1a
# good: [70d0e6c240b659f6b5f9c90ca7e0b500123fb200] x86/mtrr: Add have_fixed check to get_fixed_ranges()
git bisect good 70d0e6c240b659f6b5f9c90ca7e0b500123fb200
# good: [80b7ecd37575bf9747159566ee31bcb54d766f3b] DEBUG: thermal: intel: hfi: Count the number of HFI events
git bisect good 80b7ecd37575bf9747159566ee31bcb54d766f3b
# good: [1a9b6cb8b5dbd4a8425c7d774e911c0e22e4db56] thunderbolt: Move CLx enabling into tb_enable_clx()
git bisect good 1a9b6cb8b5dbd4a8425c7d774e911c0e22e4db56
# good: [ce212b9d5bba3e2970754a1e8d7af62f8a7e8795] drm/i915/selftest: Update the SLPC selftest
git bisect good ce212b9d5bba3e2970754a1e8d7af62f8a7e8795
# good: [7d385e57cfac62f760dc9483a4a1ef85e30cd7f3] START-SECTION: PXP
git bisect good 7d385e57cfac62f760dc9483a4a1ef85e30cd7f3
# skip: [7661528260b8ab2664398947fa561fd051b3d928] Intel Next: Merge commit f7a5420a1ab754086d14510cade9240c9bcf98d2 from https://github.com/intel-sandbox/linux-stm.git intel_th-for-intel-next
git bisect skip 7661528260b8ab2664398947fa561fd051b3d928
# good: [428423e88a4e27a79f35e4d414934b786dace22c] INTEL_DII: drm/i915/iov: Add helpers for root/remote tile
git bisect good 428423e88a4e27a79f35e4d414934b786dace22c
# skip: [41873c2a0d59000b3e25a4ad5836de43b0db298e] Intel Next: Merge commit 38d8278970a0fd453cee0bd77f26ce07f4152cae from https://github.com/intel-sandbox/linux-perf.git lass
git bisect skip 41873c2a0d59000b3e25a4ad5836de43b0db298e
# good: [bb5ab1fd61d6fcb35502aab39cb195789e3883c7] ACPI: thermal: Move symbol definitions to one place
git bisect good bb5ab1fd61d6fcb35502aab39cb195789e3883c7
# good: [045957ee0a4ecb61fb819a68728a6769091ce67d] Revert "tools/power/x86/intel-speed-select: Adjust scope of core-power config"
git bisect good 045957ee0a4ecb61fb819a68728a6769091ce67d
# good: [b3a0021804a7042a0fa9c3622d0c4692949fc9c8] serial: imx: use uart_xmit_sg_prep()/uart_xmit_sg_complete()
git bisect good b3a0021804a7042a0fa9c3622d0c4692949fc9c8
# good: [ad9e4be3132ccd9af4c1ba1b5377a5920254894e] dcg_x86_64_defconfig: Enable CONFIG_SHUFFLE_PAGE_ALLOCATOR
git bisect good ad9e4be3132ccd9af4c1ba1b5377a5920254894e
# bad: [16799eac031992e2995128ee67c8f1fc4cbea0d1] x86/fred: Add a debug fault entry stub for FRED
git bisect bad 16799eac031992e2995128ee67c8f1fc4cbea0d1
# good: [d80a4b3ad1366a29ea6002212636d70fe46f4bed] x86/objtool: Teach objtool about ERETU and ERETS
git bisect good d80a4b3ad1366a29ea6002212636d70fe46f4bed
# good: [a09fbf9cd89c888b0cd29d9f3fd860c15ad2e071] x86/fred: Add a new header file for event types
git bisect good a09fbf9cd89c888b0cd29d9f3fd860c15ad2e071
# bad: [70855bff28cc2e136de02ec99fa1186e0e56ae77] x86/fred: Reserve space for the FRED stack frame
git bisect bad 70855bff28cc2e136de02ec99fa1186e0e56ae77
# good: [e92d708c93b45606e6c2e2cecb893a7ee4f07095] x86/fred: Add a new header file for FRED definitions
git bisect good e92d708c93b45606e6c2e2cecb893a7ee4f07095
# first bad commit: [70855bff28cc2e136de02ec99fa1186e0e56ae77] x86/fred: Reserve space for the FRED stack frame
