c[?7l[2J[0mSeaBIOS (version rel-1.16.0-0-gd239552ce722-prebuilt.qemu.org)


iPXE (http://ipxe.org) 00:03.0 CA00 PCI2.10 PnP PMM+7FF91000+7FEF1000 CA00
Press Ctrl-B to configure iPXE (PCI 00:03.0)...                                                                               


Booting from ROM..c[?7l[2J[    0.000000] Linux version 5.11.0-f40ddce88593 (root@p-tglh01.sh.intel.com) (gcc (GCC) 8.5.0 20210514 (Red Hat 8.5.0-18), GNU ld version 2.36.1-2.el8) #1 SMP Sun Mar 5 21:20:54 CST 2023
[    0.000000] Command line: console=ttyS0 root=/dev/sda earlyprintk=serial net.ifnames=0 plymouth.enable=0
[    0.000000] KERNEL supported cpus:
[    0.000000]   Intel GenuineIntel
[    0.000000]   AMD AuthenticAMD
[    0.000000]   Hygon HygonGenuine
[    0.000000]   Centaur CentaurHauls
[    0.000000]   zhaoxin   Shanghai  
[    0.000000] x86/fpu: Supporting XSAVE feature 0x001: 'x87 floating point registers'
[    0.000000] x86/fpu: Supporting XSAVE feature 0x002: 'SSE registers'
[    0.000000] x86/fpu: Supporting XSAVE feature 0x004: 'AVX registers'
[    0.000000] x86/fpu: Supporting XSAVE feature 0x020: 'AVX-512 opmask'
[    0.000000] x86/fpu: Supporting XSAVE feature 0x040: 'AVX-512 Hi256'
[    0.000000] x86/fpu: Supporting XSAVE feature 0x080: 'AVX-512 ZMM_Hi256'
[    0.000000] x86/fpu: Supporting XSAVE feature 0x200: 'Protection Keys User registers'
[    0.000000] x86/fpu: xstate_offset[2]:  576, xstate_sizes[2]:  256
[    0.000000] x86/fpu: xstate_offset[5]:  832, xstate_sizes[5]:   64
[    0.000000] x86/fpu: xstate_offset[6]:  896, xstate_sizes[6]:  512
[    0.000000] x86/fpu: xstate_offset[7]: 1408, xstate_sizes[7]: 1024
[    0.000000] x86/fpu: xstate_offset[9]: 2432, xstate_sizes[9]:    8
[    0.000000] x86/fpu: Enabled xstate features 0x2e7, context size is 2440 bytes, using 'compacted' format.
[    0.000000] BIOS-provided physical RAM map:
[    0.000000] BIOS-e820: [mem 0x0000000000000000-0x000000000009fbff] usable
[    0.000000] BIOS-e820: [mem 0x000000000009fc00-0x000000000009ffff] reserved
[    0.000000] BIOS-e820: [mem 0x00000000000f0000-0x00000000000fffff] reserved
[    0.000000] BIOS-e820: [mem 0x0000000000100000-0x000000007ffdffff] usable
[    0.000000] BIOS-e820: [mem 0x000000007ffe0000-0x000000007fffffff] reserved
[    0.000000] BIOS-e820: [mem 0x00000000feffc000-0x00000000feffffff] reserved
[    0.000000] BIOS-e820: [mem 0x00000000fffc0000-0x00000000ffffffff] reserved
[    0.000000] printk: bootconsole [earlyser0] enabled
[    0.000000] NX (Execute Disable) protection: active
[    0.000000] SMBIOS 2.8 present.
[    0.000000] DMI: QEMU Standard PC (i440FX + PIIX, 1996), BIOS rel-1.16.0-0-gd239552ce722-prebuilt.qemu.org 04/01/2014
[    0.000000] Hypervisor detected: KVM
[    0.000000] kvm-clock: Using msrs 4b564d01 and 4b564d00
[    0.000000] kvm-clock: cpu 0, msr 5401001, primary cpu clock
[    0.000000] kvm-clock: using sched offset of 390246266 cycles
[    0.000486] clocksource: kvm-clock: mask: 0xffffffffffffffff max_cycles: 0x1cd42e4dffb, max_idle_ns: 881590591483 ns
[    0.001892] tsc: Detected 3110.400 MHz processor
[    0.008003] last_pfn = 0x7ffe0 max_arch_pfn = 0x400000000
[    0.008619] x86/PAT: Configuration [0-7]: WB  WC  UC- UC  WB  WP  UC- WT  
[    0.017559] found SMP MP-table at [mem 0x000f5ba0-0x000f5baf]
[    0.018772] check: Scanning 1 areas for low memory corruption
[    0.019279] Using GB pages for direct mapping
[    0.020422] ACPI: Early table checksum verification disabled
[    0.020896] ACPI: RSDP 0x00000000000F59C0 000014 (v00 BOCHS )
[    0.021398] ACPI: RSDT 0x000000007FFE1951 000034 (v01 BOCHS  BXPC     00000001 BXPC 00000001)
[    0.022123] ACPI: FACP 0x000000007FFE17FD 000074 (v01 BOCHS  BXPC     00000001 BXPC 00000001)
[    0.022855] ACPI: DSDT 0x000000007FFE0040 0017BD (v01 BOCHS  BXPC     00000001 BXPC 00000001)
[    0.023590] ACPI: FACS 0x000000007FFE0000 000040
[    0.023985] ACPI: APIC 0x000000007FFE1871 000080 (v01 BOCHS  BXPC     00000001 BXPC 00000001)
[    0.024697] ACPI: HPET 0x000000007FFE18F1 000038 (v01 BOCHS  BXPC     00000001 BXPC 00000001)
[    0.025408] ACPI: WAET 0x000000007FFE1929 000028 (v01 BOCHS  BXPC     00000001 BXPC 00000001)
[    0.026810] No NUMA configuration found
[    0.027123] Faking a node at [mem 0x0000000000000000-0x000000007ffdffff]
[    0.027737] NODE_DATA(0) allocated [mem 0x7ffb5000-0x7ffdffff]
[    0.030733] Zone ranges:
[    0.030943]   DMA      [mem 0x0000000000001000-0x0000000000ffffff]
[    0.031446]   DMA32    [mem 0x0000000001000000-0x000000007ffdffff]
[    0.032014]   Normal   empty
[    0.032281]   Device   empty
[    0.032531] Movable zone start for each node
[    0.032904] Early memory node ranges
[    0.033206]   node   0: [mem 0x0000000000001000-0x000000000009efff]
[    0.033744]   node   0: [mem 0x0000000000100000-0x000000007ffdffff]
[    0.035077] Zeroed struct page in unavailable ranges: 130 pages
[    0.035087] Initmem setup node 0 [mem 0x0000000000001000-0x000000007ffdffff]
[    0.078434] ACPI: PM-Timer IO Port: 0x608
[    0.078833] ACPI: LAPIC_NMI (acpi_id[0xff] dfl dfl lint[0x1])
[    0.079374] IOAPIC[0]: apic_id 0, version 17, address 0xfec00000, GSI 0-23
[    0.079981] ACPI: INT_SRC_OVR (bus 0 bus_irq 0 global_irq 2 dfl dfl)
[    0.080520] ACPI: INT_SRC_OVR (bus 0 bus_irq 5 global_irq 5 high level)
[    0.081072] ACPI: INT_SRC_OVR (bus 0 bus_irq 9 global_irq 9 high level)
[    0.081624] ACPI: INT_SRC_OVR (bus 0 bus_irq 10 global_irq 10 high level)
[    0.082189] ACPI: INT_SRC_OVR (bus 0 bus_irq 11 global_irq 11 high level)
[    0.082784] Using ACPI (MADT) for SMP configuration information
[    0.083301] ACPI: HPET id: 0x8086a201 base: 0xfed00000
[    0.083766] TSC deadline timer available
[    0.084109] smpboot: Allowing 2 CPUs, 0 hotplug CPUs
[    0.084559] kvm-guest: KVM setup pv remote TLB flush
[    0.084994] kvm-guest: setup PV sched yield
[    0.085377] PM: hibernation: Registered nosave memory: [mem 0x00000000-0x00000fff]
[    0.086019] PM: hibernation: Registered nosave memory: [mem 0x0009f000-0x0009ffff]
[    0.086655] PM: hibernation: Registered nosave memory: [mem 0x000a0000-0x000effff]
[    0.087289] PM: hibernation: Registered nosave memory: [mem 0x000f0000-0x000fffff]
[    0.087939] [mem 0x80000000-0xfeffbfff] available for PCI devices
[    0.088453] Booting paravirtualized kernel on KVM
[    0.088854] clocksource: refined-jiffies: mask: 0xffffffff max_cycles: 0xffffffff, max_idle_ns: 7645519600211568 ns
[    0.089746] setup_percpu: NR_CPUS:8192 nr_cpumask_bits:2 nr_cpu_ids:2 nr_node_ids:1
[    0.092189] percpu: Embedded 58 pages/cpu s200704 r8192 d28672 u1048576
[    0.092910] kvm-guest: KVM setup async PF for cpu 0
[    0.093334] kvm-guest: stealtime: cpu 0, msr 7dc30080
[    0.093782] kvm-guest: PV spinlocks enabled
[    0.094145] PV qspinlock hash table entries: 256 (order: 0, 4096 bytes, linear)
[    0.094782] Built 1 zonelists, mobility grouping on.  Total pages: 515945
[    0.095358] Policy zone: DMA32
[    0.095634] Kernel command line: net.ifnames=0 console=ttyS0 root=/dev/sda earlyprintk=serial net.ifnames=0 plymouth.enable=0
[    0.098653] Dentry cache hash table entries: 262144 (order: 9, 2097152 bytes, linear)
[    0.099391] Inode-cache hash table entries: 131072 (order: 8, 1048576 bytes, linear)
[    0.100179] mem auto-init: stack:off, heap alloc:off, heap free:off
[    0.103914] Memory: 1988036K/2096632K available (30736K kernel code, 5159K rwdata, 7444K rodata, 2980K init, 22372K bss, 108340K reserved, 0K cma-reserved)
[    0.105105] random: get_random_u64 called from __kmem_cache_create+0x33/0x460 with crng_init=0
[    0.105475] SLUB: HWalign=64, Order=0-3, MinObjects=0, CPUs=2, Nodes=1
[    0.106728] kmemleak: Kernel memory leak detector disabled
[    0.107231] ftrace: allocating 62788 entries in 246 pages
[    0.182903] ftrace: allocated 246 pages with 6 groups
[    0.183568] Running RCU self tests
[    0.183867] rcu: Hierarchical RCU implementation.
[    0.184270] rcu: 	RCU lockdep checking is enabled.
[    0.184689] rcu: 	RCU restricting CPUs from NR_CPUS=8192 to nr_cpu_ids=2.
[    0.185274] 	Trampoline variant of Tasks RCU enabled.
[    0.185701] 	Rude variant of Tasks RCU enabled.
[    0.186085] 	Tracing variant of Tasks RCU enabled.
[    0.186490] rcu: RCU calculated value of scheduler-enlistment delay is 25 jiffies.
[    0.187130] rcu: Adjusting geometry for rcu_fanout_leaf=16, nr_cpu_ids=2
[    0.201381] NR_IRQS: 524544, nr_irqs: 440, preallocated irqs: 16
[    0.210015] Console: colour VGA+ 80x25
[    0.210391] printk: console [ttyS0] enabled
[    0.210391] printk: console [ttyS0] enabled
[    0.211114] printk: bootconsole [earlyser0] disabled
[    0.211114] printk: bootconsole [earlyser0] disabled
[    0.211966] Lock dependency validator: Copyright (c) 2006 Red Hat, Inc., Ingo Molnar
[    0.212635] ... MAX_LOCKDEP_SUBCLASSES:  8
[    0.213015] ... MAX_LOCK_DEPTH:          48
[    0.213385] ... MAX_LOCKDEP_KEYS:        8192
[    0.213768] ... CLASSHASH_SIZE:          4096
[    0.214151] ... MAX_LOCKDEP_ENTRIES:     32768
[    0.214564] ... MAX_LOCKDEP_CHAINS:      65536
[    0.214956] ... CHAINHASH_SIZE:          32768
[    0.215346]  memory used by lock dependency info: 6365 kB
[    0.215819]  memory used for stack traces: 4224 kB
[    0.216238]  per task-struct memory footprint: 1920 bytes
[    0.216772] ACPI: Core revision 20201113
[    0.217340] clocksource: hpet: mask: 0xffffffff max_cycles: 0xffffffff, max_idle_ns: 19112604467 ns
[    0.218242] APIC: Switch to symmetric I/O mode setup
[    0.218865] x2apic enabled
[    0.219308] Switched APIC routing to physical x2apic.
[    0.219767] kvm-guest: setup PV IPIs
[    0.220973] ..TIMER: vector=0x30 apic1=0 pin1=2 apic2=-1 pin2=-1
[    0.221523] clocksource: tsc-early: mask: 0xffffffffffffffff max_cycles: 0x2cd5a8bb032, max_idle_ns: 440795365915 ns
[    0.222474] Calibrating delay loop (skipped) preset value.. 6220.80 BogoMIPS (lpj=12441600)
[    0.223202] pid_max: default: 32768 minimum: 301
[    0.223681] LSM: Security Framework initializing
[    0.224092] Yama: becoming mindful.
[    0.224537] Mount-cache hash table entries: 4096 (order: 3, 32768 bytes, linear)
[    0.225201] Mountpoint-cache hash table entries: 4096 (order: 3, 32768 bytes, linear)
[    0.226974] x86/cpu: User Mode Instruction Prevention (UMIP) activated
[    0.227698] Last level iTLB entries: 4KB 0, 2MB 0, 4MB 0
[    0.228178] Last level dTLB entries: 4KB 0, 2MB 0, 4MB 0, 1GB 0
[    0.228703] Spectre V1 : Mitigation: usercopy/swapgs barriers and __user pointer sanitization
[    0.229445] Spectre V2 : Mitigation: Enhanced IBRS
[    0.229845] Spectre V2 : Spectre v2 / SpectreRSB mitigation: Filling RSB on context switch
[    0.230476] Spectre V2 : mitigation: Enabling conditional Indirect Branch Prediction Barrier
[    0.231165] Speculative Store Bypass: Mitigation: Speculative Store Bypass disabled via prctl and seccomp
[    0.232351] Freeing SMP alternatives memory: 52K
[    0.233936] smpboot: CPU0: Genuine Intel(R) CPU 0000 @ 2.20GHz (family: 0x6, model: 0x8d, stepping: 0x0)
[    0.234467] Performance Events: Icelake events, full-width counters, Intel PMU driver.
[    0.234467] ... version:                2
[    0.234467] ... bit width:              48
[    0.234467] ... generic registers:      8
[    0.234467] ... value mask:             0000ffffffffffff
[    0.234467] ... max period:             00007fffffffffff
[    0.234467] ... fixed-purpose events:   3
[    0.234472] ... event mask:             00000007000000ff
[    0.235175] rcu: Hierarchical SRCU implementation.
[    0.237844] smp: Bringing up secondary CPUs ...
[    0.238662] x86: Booting SMP configuration:
[    0.239024] .... node  #0, CPUs:      #1
[    0.016279] kvm-clock: cpu 1, msr 5401041, secondary cpu clock
[    0.240032] kvm-guest: KVM setup async PF for cpu 1
[    0.240053] kvm-guest: stealtime: cpu 1, msr 7dd30080
[    0.242533] smp: Brought up 1 node, 2 CPUs
[    0.242894] smpboot: Max logical packages: 1
[    0.243260] smpboot: Total of 2 processors activated (12441.60 BogoMIPS)
[    0.244498] devtmpfs: initialized
[    0.244498] x86/mm: Memory block size: 128MB
[    0.247328] clocksource: jiffies: mask: 0xffffffff max_cycles: 0xffffffff, max_idle_ns: 7645041785100000 ns
[    0.250480] futex hash table entries: 512 (order: 4, 65536 bytes, linear)
[    0.251284] pinctrl core: initialized pinctrl subsystem
[    0.252195] 
[    0.252339] *************************************************************
[    0.252921] **     NOTICE NOTICE NOTICE NOTICE NOTICE NOTICE NOTICE    **
[    0.253503] **                                                         **
[    0.254086] **  IOMMU DebugFS SUPPORT HAS BEEN ENABLED IN THIS KERNEL  **
[    0.254479] **                                                         **
[    0.255061] ** This means that this kernel is built to expose internal **
[    0.255646] ** IOMMU data structures, which may compromise security on **
[    0.256229] ** your system.                                            **
[    0.256812] **                                                         **
[    0.257395] ** If you see this message and you are not debugging the   **
[    0.257979] ** kernel, report this immediately to your vendor!         **
[    0.258471] **                                                         **
[    0.259054] **     NOTICE NOTICE NOTICE NOTICE NOTICE NOTICE NOTICE    **
[    0.259642] *************************************************************
[    0.260294] PM: RTC time: 10:49:23, date: 2024-01-30
[    0.261890] NET: Registered protocol family 16
[    0.262862] DMA: preallocated 256 KiB GFP_KERNEL pool for atomic allocations
[    0.263476] DMA: preallocated 256 KiB GFP_KERNEL|GFP_DMA pool for atomic allocations
[    0.264138] DMA: preallocated 256 KiB GFP_KERNEL|GFP_DMA32 pool for atomic allocations
[    0.264849] audit: initializing netlink subsys (disabled)
[    0.265335] audit: type=2000 audit(1706611764.483:1): state=initialized audit_enabled=0 res=1
[    0.265335] thermal_sys: Registered thermal governor 'fair_share'
[    0.265335] thermal_sys: Registered thermal governor 'bang_bang'
[    0.265335] thermal_sys: Registered thermal governor 'step_wise'
[    0.265335] thermal_sys: Registered thermal governor 'user_space'
[    0.266526] cpuidle: using governor ladder
[    0.267412] cpuidle: using governor menu
[    0.268031] ACPI: bus type PCI registered
[    0.268380] acpiphp: ACPI Hot Plug PCI Controller Driver version: 0.5
[    0.269209] PCI: Using configuration type 1 for base access
[    0.282899] HugeTLB registered 1.00 GiB page size, pre-allocated 0 pages
[    0.283095] HugeTLB registered 2.00 MiB page size, pre-allocated 0 pages
[    0.287123] ACPI: Added _OSI(Module Device)
[    0.287312] ACPI: Added _OSI(Processor Device)
[    0.287698] ACPI: Added _OSI(3.0 _SCP Extensions)
[    0.290493] ACPI: Added _OSI(Processor Aggregator Device)
[    0.290952] ACPI: Added _OSI(Linux-Dell-Video)
[    0.291337] ACPI: Added _OSI(Linux-Lenovo-NV-HDMI-Audio)
[    0.291785] ACPI: Added _OSI(Linux-HPI-Hybrid-Graphics)
[    0.298141] ACPI: 1 ACPI AML tables successfully acquired and loaded
[    0.301817] ACPI: Interpreter enabled
[    0.302221] ACPI: (supports S0 S3 S4 S5)
[    0.302474] ACPI: Using IOAPIC for interrupt routing
[    0.302937] PCI: Using host bridge windows from ACPI; if necessary, use "pci=nocrs" and report a bug
[    0.304400] ACPI: Enabled 2 GPEs in block 00 to 0F
[    0.323070] ACPI: PCI Root Bridge [PCI0] (domain 0000 [bus 00-ff])
[    0.323667] acpi PNP0A03:00: _OSC: OS supports [ASPM ClockPM Segments MSI EDR HPX-Type3]
[    0.324492] acpi PNP0A03:00: fail to add MMCONFIG information, can't access extended PCI configuration space under this bridge.
[    0.327705] acpiphp: Slot [3] registered
[    0.328142] acpiphp: Slot [4] registered
[    0.328571] acpiphp: Slot [5] registered
[    0.329000] acpiphp: Slot [6] registered
[    0.329435] acpiphp: Slot [7] registered
[    0.329863] acpiphp: Slot [8] registered
[    0.330291] acpiphp: Slot [9] registered
[    0.330547] acpiphp: Slot [10] registered
[    0.330992] acpiphp: Slot [11] registered
[    0.331434] acpiphp: Slot [12] registered
[    0.331871] acpiphp: Slot [13] registered
[    0.332309] acpiphp: Slot [14] registered
[    0.332764] acpiphp: Slot [15] registered
[    0.333208] acpiphp: Slot [16] registered
[    0.333651] acpiphp: Slot [17] registered
[    0.334091] acpiphp: Slot [18] registered
[    0.334549] acpiphp: Slot [19] registered
[    0.334988] acpiphp: Slot [20] registered
[    0.335427] acpiphp: Slot [21] registered
[    0.335867] acpiphp: Slot [22] registered
[    0.336306] acpiphp: Slot [23] registered
[    0.336749] acpiphp: Slot [24] registered
[    0.337199] acpiphp: Slot [25] registered
[    0.337638] acpiphp: Slot [26] registered
[    0.338082] acpiphp: Slot [27] registered
[    0.338523] acpiphp: Slot [28] registered
[    0.338962] acpiphp: Slot [29] registered
[    0.339399] acpiphp: Slot [30] registered
[    0.339838] acpiphp: Slot [31] registered
[    0.340227] PCI host bridge to bus 0000:00
[    0.340600] pci_bus 0000:00: root bus resource [io  0x0000-0x0cf7 window]
[    0.341216] pci_bus 0000:00: root bus resource [io  0x0d00-0xffff window]
[    0.341828] pci_bus 0000:00: root bus resource [mem 0x000a0000-0x000bffff window]
[    0.342474] pci_bus 0000:00: root bus resource [mem 0x80000000-0xfebfffff window]
[    0.343143] pci_bus 0000:00: root bus resource [mem 0x100000000-0x17fffffff window]
[    0.343827] pci_bus 0000:00: root bus resource [bus 00-ff]
[    0.344380] pci 0000:00:00.0: [8086:1237] type 00 class 0x060000
[    0.347042] pci 0000:00:01.0: [8086:7000] type 00 class 0x060100
[    0.348615] pci 0000:00:01.1: [8086:7010] type 00 class 0x010180
[    0.350794] pci 0000:00:01.1: reg 0x20: [io  0xc040-0xc04f]
[    0.351864] pci 0000:00:01.1: legacy IDE quirk: reg 0x10: [io  0x01f0-0x01f7]
[    0.352493] pci 0000:00:01.1: legacy IDE quirk: reg 0x14: [io  0x03f6]
[    0.353053] pci 0000:00:01.1: legacy IDE quirk: reg 0x18: [io  0x0170-0x0177]
[    0.353674] pci 0000:00:01.1: legacy IDE quirk: reg 0x1c: [io  0x0376]
[    0.354901] pci 0000:00:01.3: [8086:7113] type 00 class 0x068000
[    0.355780] pci 0000:00:01.3: quirk: [io  0x0600-0x063f] claimed by PIIX4 ACPI
[    0.356415] pci 0000:00:01.3: quirk: [io  0x0700-0x070f] claimed by PIIX4 SMB
[    0.357922] pci 0000:00:02.0: [1234:1111] type 00 class 0x030000
[    0.361927] pci 0000:00:02.0: reg 0x10: [mem 0xfd000000-0xfdffffff pref]
[    0.364169] pci 0000:00:02.0: reg 0x18: [mem 0xfebf0000-0xfebf0fff]
[    0.368459] pci 0000:00:02.0: reg 0x30: [mem 0xfebe0000-0xfebeffff pref]
[    0.371200] pci 0000:00:03.0: [8086:100e] type 00 class 0x020000
[    0.372289] pci 0000:00:03.0: reg 0x10: [mem 0xfebc0000-0xfebdffff]
[    0.373312] pci 0000:00:03.0: reg 0x14: [io  0xc000-0xc03f]
[    0.376245] pci 0000:00:03.0: reg 0x30: [mem 0xfeb80000-0xfebbffff pref]
[    0.387454] ACPI: PCI Interrupt Link [LNKA] (IRQs 5 *10 11)
[    0.388440] ACPI: PCI Interrupt Link [LNKB] (IRQs 5 *10 11)
[    0.389334] ACPI: PCI Interrupt Link [LNKC] (IRQs 5 10 *11)
[    0.390221] ACPI: PCI Interrupt Link [LNKD] (IRQs 5 10 *11)
[    0.390667] ACPI: PCI Interrupt Link [LNKS] (IRQs *9)
[    0.392280] iommu: Default domain type: Translated 
[    0.394600] pci 0000:00:02.0: vgaarb: setting as boot VGA device
[    0.395094] pci 0000:00:02.0: vgaarb: VGA device added: decodes=io+mem,owns=io+mem,locks=none
[    0.395800] pci 0000:00:02.0: vgaarb: bridge control possible
[    0.396275] vgaarb: loaded
[    0.397668] SCSI subsystem initialized
[    0.398019] ACPI: bus type USB registered
[    0.398019] usbcore: registered new interface driver usbfs
[    0.398019] usbcore: registered new interface driver hub
[    0.398019] usbcore: registered new device driver usb
[    0.398745] pps_core: LinuxPPS API ver. 1 registered
[    0.399146] pps_core: Software ver. 5.3.6 - Copyright 2005-2007 Rodolfo Giometti <giometti@linux.it>
[    0.399896] PTP clock support registered
[    0.400287] EDAC MC: Ver: 3.0.0
[    0.403371] NetLabel: Initializing
[    0.403671] NetLabel:  domain hash size = 128
[    0.404029] NetLabel:  protocols = UNLABELED CIPSOv4 CALIPSO
[    0.404546] NetLabel:  unlabeled traffic allowed by default
[    0.405083] PCI: Using ACPI for IRQ routing
[    0.405083] hpet0: at MMIO 0xfed00000, IRQs 2, 8, 0
[    0.405083] hpet0: 3 comparators, 64-bit 100.000000 MHz counter
[    0.410591] clocksource: Switched to clocksource kvm-clock
[    0.522888] VFS: Disk quotas dquot_6.6.0
[    0.523331] VFS: Dquot-cache hash table entries: 512 (order 0, 4096 bytes)
[    0.524256] pnp: PnP ACPI init
[    0.526567] pnp: PnP ACPI: found 6 devices
[    0.537880] clocksource: acpi_pm: mask: 0xffffff max_cycles: 0xffffff, max_idle_ns: 2085701024 ns
[    0.538946] NET: Registered protocol family 2
[    2.519754] tcp_listen_portaddr_hash hash table entries: 1024 (order: 4, 81920 bytes, linear)
[    2.521071] TCP established hash table entries: 16384 (order: 5, 131072 bytes, linear)
[    2.522457] TCP bind hash table entries: 16384 (order: 8, 1179648 bytes, linear)
[    2.524275] TCP: Hash tables configured (established 16384 bind 16384)
[    2.525281] UDP hash table entries: 1024 (order: 5, 163840 bytes, linear)
[    2.526258] UDP-Lite hash table entries: 1024 (order: 5, 163840 bytes, linear)
[    2.527569] NET: Registered protocol family 1
[    2.528890] RPC: Registered named UNIX socket transport module.
[    2.529690] RPC: Registered udp transport module.
[    2.530313] RPC: Registered tcp transport module.
[    2.530952] RPC: Registered tcp NFSv4.1 backchannel transport module.
[    2.531819] pci_bus 0000:00: resource 4 [io  0x0000-0x0cf7 window]
[    2.532628] pci_bus 0000:00: resource 5 [io  0x0d00-0xffff window]
[    2.533442] pci_bus 0000:00: resource 6 [mem 0x000a0000-0x000bffff window]
[    2.534349] pci_bus 0000:00: resource 7 [mem 0x80000000-0xfebfffff window]
[    2.535272] pci_bus 0000:00: resource 8 [mem 0x100000000-0x17fffffff window]
[    2.536629] pci 0000:00:01.0: PIIX3: Enabling Passive Release
[    2.537409] pci 0000:00:00.0: Limiting direct PCI/PCI transfers
[    2.538205] pci 0000:00:01.0: Activating ISA DMA hang workarounds
[    2.539137] pci 0000:00:02.0: Video device with shadowed ROM at [mem 0x000c0000-0x000dffff]
[    2.540271] PCI: CLS 0 bytes, default 64
[    2.541680] clocksource: tsc: mask: 0xffffffffffffffff max_cycles: 0x2cd5a8bb032, max_idle_ns: 440795365915 ns
[    2.544206] check: Scanning for low memory corruption every 60 seconds
[    2.548179] Initialise system trusted keyrings
[    2.548758] Key type blacklist registered
[    2.549383] workingset: timestamp_bits=36 max_order=19 bucket_order=0
[    2.566025] zbud: loaded
[    2.568485] squashfs: version 4.0 (2009/01/31) Phillip Lougher
[    2.570224] NFS: Registering the id_resolver key type
[    2.570718] Key type id_resolver registered
[    2.571094] Key type id_legacy registered
[    2.571543] nfs4filelayout_init: NFSv4 File Layout Driver Registering...
[    2.572274] fuse: init (API version 7.33)
[    2.572926] SGI XFS with ACLs, security attributes, realtime, quota, no debug enabled
[    2.574918] 9p: Installing v9fs 9p2000 file system support
[    2.584106] Key type asymmetric registered
[    2.584567] Asymmetric key parser 'x509' registered
[    2.585119] Block layer SCSI generic (bsg) driver version 0.4 loaded (major 244)
[    2.586004] io scheduler mq-deadline registered
[    2.586534] io scheduler bfq registered
[    2.587273] shpchp: Standard Hot Plug PCI Controller Driver version: 0.4
[    2.588206] IPMI message handler: version 39.2
[    2.588626] ipmi device interface
[    2.590340] input: Power Button as /devices/LNXSYSTM:00/LNXPWRBN:00/input/input0
[    2.591304] ACPI: Power Button [PWRF]
[    2.592501] ERST DBG: ERST support is disabled.
[    2.593436] Serial: 8250/16550 driver, 32 ports, IRQ sharing enabled
[    2.594540] 00:04: ttyS0 at I/O 0x3f8 (irq = 4, base_baud = 115200) is a 16550A
[    2.604025] Linux agpgart interface v0.103
[    2.616091] brd: module loaded
[    2.624693] loop: module loaded
[    2.628600] scsi host0: ata_piix
[    2.629515] scsi host1: ata_piix
[    2.630005] ata1: PATA max MWDMA2 cmd 0x1f0 ctl 0x3f6 bmdma 0xc040 irq 14
[    2.630699] ata2: PATA max MWDMA2 cmd 0x170 ctl 0x376 bmdma 0xc048 irq 15
[    2.632309] libphy: Fixed MDIO Bus: probed
[    2.633002] tun: Universal TUN/TAP device driver, 1.6
[    2.633768] e100: Intel(R) PRO/100 Network Driver
[    2.634235] e100: Copyright(c) 1999-2006 Intel Corporation
[    2.634834] e1000: Intel(R) PRO/1000 Network Driver
[    2.635347] e1000: Copyright (c) 1999-2006 Intel Corporation.
[    2.791493] ata1.00: ATA-7: QEMU HARDDISK, 2.5+, max UDMA/100
[    2.792125] ata1.00: 17196647 sectors, multi 16: LBA48 
[    2.792804] ata2.00: ATAPI: QEMU DVD-ROM, 2.5+, max UDMA/100
[    2.794519] scsi 0:0:0:0: Direct-Access     ATA      QEMU HARDDISK    2.5+ PQ: 0 ANSI: 5
[    2.796155] scsi 0:0:0:0: Attached scsi generic sg0 type 0
[    2.797366] scsi 1:0:0:0: CD-ROM            QEMU     QEMU DVD-ROM     2.5+ PQ: 0 ANSI: 5
[    2.799177] scsi 1:0:0:0: Attached scsi generic sg1 type 5
[    2.799978] sd 0:0:0:0: [sda] 17196647 512-byte logical blocks: (8.80 GB/8.20 GiB)
[    2.800768] sd 0:0:0:0: [sda] Write Protect is off
[    2.801306] sd 0:0:0:0: [sda] Write cache: enabled, read cache: enabled, doesn't support DPO or FUA
[    2.805107] sd 0:0:0:0: [sda] Attached SCSI disk
[    2.829237] PCI Interrupt Link [LNKC] enabled at IRQ 11
[    3.149547] e1000 0000:00:03.0 eth0: (PCI:33MHz:32-bit) 52:54:00:12:34:56
[    3.150165] e1000 0000:00:03.0 eth0: Intel(R) PRO/1000 Network Connection
[    3.150842] e1000e: Intel(R) PRO/1000 Network Driver
[    3.151261] e1000e: Copyright(c) 1999 - 2015 Intel Corporation.
[    3.151812] igb: Intel(R) Gigabit Ethernet Network Driver
[    3.152252] igb: Copyright (c) 2007-2014 Intel Corporation.
[    3.152809] PPP generic driver version 2.4.2
[    3.153736] VFIO - User Level meta-driver version: 0.3
[    3.154243] ehci_hcd: USB 2.0 'Enhanced' Host Controller (EHCI) Driver
[    3.154814] ehci-pci: EHCI PCI platform driver
[    3.155223] ehci-platform: EHCI generic platform driver
[    3.155681] ohci_hcd: USB 1.1 'Open' Host Controller (OHCI) Driver
[    3.156190] ohci-pci: OHCI PCI platform driver
[    3.156582] ohci-platform: OHCI generic platform driver
[    3.157025] uhci_hcd: USB Universal Host Controller Interface driver
[    3.157850] usbcore: registered new interface driver uas
[    3.158423] usbcore: registered new interface driver usb-storage
[    3.159149] i8042: PNP: PS/2 Controller [PNP0303:KBD,PNP0f13:MOU] at 0x60,0x64 irq 1,12
[    3.160597] serio: i8042 KBD port at 0x60,0x64 irq 1
[    3.161113] serio: i8042 AUX port at 0x60,0x64 irq 12
[    3.162245] mousedev: PS/2 mouse device common for all mice
[    3.163744] input: AT Translated Set 2 keyboard as /devices/platform/i8042/serio0/input/input1
[    3.164810] rtc_cmos 00:05: RTC can wake from S4
[    3.165968] input: VirtualPS/2 VMware VMMouse as /devices/platform/i8042/serio1/input/input4
[    3.167413] input: VirtualPS/2 VMware VMMouse as /devices/platform/i8042/serio1/input/input3
[    3.167435] rtc_cmos 00:05: registered as rtc0
[    3.168535] rtc_cmos 00:05: setting system clock to 2024-01-30T10:49:26 UTC (1706611766)
[    3.169341] rtc_cmos 00:05: alarms up to one day, y3k, 242 bytes nvram, hpet irqs
[    3.169988] i2c /dev entries driver
[    3.170438] device-mapper: uevent: version 1.0.3
[    3.171098] device-mapper: ioctl: 4.43.0-ioctl (2020-10-01) initialised: dm-devel@redhat.com
[    3.171793] intel_pstate: CPU model not supported
[    3.172277] sdhci: Secure Digital Host Controller Interface driver
[    3.172780] sdhci: Copyright(c) Pierre Ossman
[    3.173207] sdhci-pltfm: SDHCI platform and OF driver helper
[    3.173732] ledtrig-cpu: registered to indicate activity on CPUs
[    3.174352] drop_monitor: Initializing network drop monitor service
[    3.175527] NET: Registered protocol family 10
[    3.178138] Segment Routing with IPv6
[    3.178509] NET: Registered protocol family 17
[    3.179121] 9pnet: Installing 9P2000 support
[    3.179533] Key type dns_resolver registered
[    3.180613] IPI shorthand broadcast: enabled
[    3.181008] sched_clock: Marking stable (3168105942, 12279222)->(3188879634, -8494470)
[    3.181898] registered taskstats version 1
[    3.182305] Loading compiled-in X.509 certificates
[    3.183009] zswap: loaded using pool lzo/zbud
[    3.183887] Key type ._fscrypt registered
[    3.184225] Key type .fscrypt registered
[    3.184556] Key type fscrypt-provisioning registered
[    3.185630] Key type encrypted registered
[    3.185997] ima: No TPM chip found, activating TPM-bypass!
[    3.186456] ima: Allocated hash algorithm: sha1
[    3.186879] ima: No architecture policies found
[    3.187324] evm: Initialising EVM extended attributes:
[    3.187752] evm: security.selinux
[    3.188025] evm: security.SMACK64
[    3.188299] evm: security.SMACK64EXEC
[    3.188600] evm: security.SMACK64TRANSMUTE
[    3.188935] evm: security.SMACK64MMAP
[    3.189239] evm: security.apparmor
[    3.189519] evm: security.ima
[    3.189766] evm: security.capability
[    3.190066] evm: HMAC attrs: 0x1
[    3.192889] PM:   Magic number: 8:72:832
[    3.193713] RAS: Correctable Errors collector initialized.
[    3.195083] md: Waiting for all devices to be available before autodetect
[    3.195635] md: If you don't use raid, use raid=noautodetect
[    3.196092] md: Autodetecting RAID arrays.
[    3.196435] md: autorun ...
[    3.196673] md: ... autorun DONE.
[    3.201472] EXT4-fs (sda): mounted filesystem with ordered data mode. Opts: (null). Quota mode: none.
[    3.202291] VFS: Mounted root (ext4 filesystem) readonly on device 8:0.
[    3.204169] devtmpfs: mounted
[    3.211122] Freeing unused decrypted memory: 2036K
[    3.213039] Freeing unused kernel image (initmem) memory: 2980K
[    3.222604] Write protecting the kernel read-only data: 40960k
[    3.225973] Freeing unused kernel image (text/rodata gap) memory: 2028K
[    3.227145] Freeing unused kernel image (rodata/data gap) memory: 748K
[    3.318883] x86/mm: Checked W+X mappings: passed, no W+X pages found.
[    3.319492] Run /sbin/init as init process
[    3.404678] random: fast init done
[    3.412877] systemd[1]: systemd 252-15.el9 running in system mode (+PAM +AUDIT +SELINUX -APPARMOR +IMA +SMACK +SECCOMP +GCRYPT +GNUTLS +OPENSSL +ACL +BLKID +CURL +ELFUTILS -FIDO2 +IDN2 -IDN -IPTC +KMOD +LIBCRYPTSETUP +LIBFDISK +PCRE2 -PWQUALITY +P11KIT -QRENCODE +TPM2 +BZIP2 +LZ4 +XZ +ZLIB +ZSTD -BPF_FRAMEWORK +XKBCOMMON +UTMP +SYSVINIT default-hierarchy=unified)
[    3.415577] systemd[1]: Detected virtualization kvm.
[    3.416004] systemd[1]: Detected architecture x86-64.

Welcome to [0;31mCentOS Stream 9[0m!

[    3.419381] systemd[1]: Hostname set to <test>.
[    3.554300] systemd-rc-local-generator[154]: /etc/rc.d/rc.local is not marked executable, skipping.
[    3.729138] systemd[1]: Queued start job for default target Multi-User System.
[    3.732853] systemd[1]: Created slice Virtual Machine and Container Slice.
[[0;32m  OK  [0m] Created slice [0;1;39mVirtual Machine and Container Slice[0m.
[    3.736918] systemd[1]: Created slice Slice /system/getty.
[[0;32m  OK  [0m] Created slice [0;1;39mSlice /system/getty[0m.
[    3.739311] systemd[1]: Created slice Slice /system/modprobe.
[[0;32m  OK  [0m] Created slice [0;1;39mSlice /system/modprobe[0m.
[    3.741421] systemd[1]: Created slice Slice /system/serial-getty.
[[0;32m  OK  [0m] Created slice [0;1;39mSlice /system/serial-getty[0m.
[    3.743512] systemd[1]: Created slice Slice /system/sshd-keygen.
[[0;32m  OK  [0m] Created slice [0;1;39mSlice /system/sshd-keygen[0m.
[    3.745717] systemd[1]: Created slice User and Session Slice.
[[0;32m  OK  [0m] Created slice [0;1;39mUser and Session Slice[0m.
[    3.746964] systemd[1]: Started Forward Password Requests to Wall Directory Watch.
[[0;32m  OK  [0m] Started [0;1;39mForward Password R…uests to Wall Directory Watch[0m.
[    3.748943] systemd[1]: Set up automount Arbitrary Executable File Formats File System Automount Point.
[[0;32m  OK  [0m] Set up automount [0;1;39mArbitrary…s File System Automount Point[0m.
[    3.750433] systemd[1]: Reached target Local Integrity Protected Volumes.
[[0;32m  OK  [0m] Reached target [0;1;39mLocal Integrity Protected Volumes[0m.
[    3.751693] systemd[1]: Reached target Slice Units.
[[0;32m  OK  [0m] Reached target [0;1;39mSlice Units[0m.
[    3.752577] systemd[1]: Reached target Swaps.
[[0;32m  OK  [0m] Reached target [0;1;39mSwaps[0m.
[    3.753384] systemd[1]: Reached target Local Verity Protected Volumes.
[[0;32m  OK  [0m] Reached target [0;1;39mLocal Verity Protected Volumes[0m.
[    3.754832] systemd[1]: Listening on Device-mapper event daemon FIFOs.
[[0;32m  OK  [0m] Listening on [0;1;39mDevice-mapper event daemon FIFOs[0m.
[    3.756407] systemd[1]: Listening on LVM2 poll daemon socket.
[[0;32m  OK  [0m] Listening on [0;1;39mLVM2 poll daemon socket[0m.
[    3.757550] systemd[1]: multipathd control socket was skipped because of an unmet condition check (ConditionPathExists=/etc/multipath.conf).
[    3.776301] systemd[1]: Listening on RPCbind Server Activation Socket.
[[0;32m  OK  [0m] Listening on [0;1;39mRPCbind Server Activation Socket[0m.
[    3.777670] systemd[1]: Reached target RPC Port Mapper.
[[0;32m  OK  [0m] Reached target [0;1;39mRPC Port Mapper[0m.
[    3.780259] systemd[1]: Listening on Process Core Dump Socket.
[[0;32m  OK  [0m] Listening on [0;1;39mProcess Core Dump Socket[0m.
[    3.781498] systemd[1]: Listening on initctl Compatibility Named Pipe.
[[0;32m  OK  [0m] Listening on [0;1;39minitctl Compatibility Named Pipe[0m.
[    3.783081] systemd[1]: Listening on Journal Socket (/dev/log).
[[0;32m  OK  [0m] Listening on [0;1;39mJournal Socket (/dev/log)[0m.
[    3.784546] systemd[1]: Listening on Journal Socket.
[[0;32m  OK  [0m] Listening on [0;1;39mJournal Socket[0m.
[    3.785957] systemd[1]: Listening on udev Control Socket.
[[0;32m  OK  [0m] Listening on [0;1;39mudev Control Socket[0m.
[    3.787241] systemd[1]: Listening on udev Kernel Socket.
[[0;32m  OK  [0m] Listening on [0;1;39mudev Kernel Socket[0m.
[    3.791506] systemd[1]: Mounting Huge Pages File System...
         Mounting [0;1;39mHuge Pages File System[0m...
[    3.796165] systemd[1]: Mounting POSIX Message Queue File System...
         Mounting [0;1;39mPOSIX Message Queue File System[0m...
[    3.800337] systemd[1]: Mounting Kernel Debug File System...
         Mounting [0;1;39mKernel Debug File System[0m...
[    3.804372] systemd[1]: Mounting Kernel Trace File System...
         Mounting [0;1;39mKernel Trace File System[0m...
[    3.806899] systemd[1]: Kernel Module supporting RPCSEC_GSS was skipped because of an unmet condition check (ConditionPathExists=/etc/krb5.keytab).
[    3.808166] systemd[1]: Create List of Static Device Nodes was skipped because of an unmet condition check (ConditionFileNotEmpty=/lib/modules/5.11.0-f40ddce88593/modules.devname).
[    3.817650] systemd[1]: Starting Monitoring of LVM2 mirrors, snapshots etc. using dmeventd or progress polling...
         Starting [0;1;39mMonitoring of LVM…meventd or progress polling[0m...
[    3.822597] systemd[1]: Starting Load Kernel Module configfs...
         Starting [0;1;39mLoad Kernel Module configfs[0m...
[    3.826949] systemd[1]: Starting Load Kernel Module drm...
         Starting [0;1;39mLoad Kernel Module drm[0m...
[    3.838805] systemd[1]: Starting Load Kernel Module fuse...
         Starting [0;1;39mLoad Kernel Module fuse[0m...
[    3.850675] systemd[1]: Starting Read and set NIS domainname from /etc/sysconfig/network...
[    3.850875] random: lvm: uninitialized urandom read (4 bytes read)
         Starting [0;1;39mRead and set NIS …from /etc/sysconfig/network[0m...
[    3.871167] systemd[1]: Starting Journal Service...
         Starting [0;1;39mJournal Service[0m...
[    3.876164] systemd[1]: Starting Load Kernel Modules...
         Starting [0;1;39mLoad Kernel Modules[0m...
[    3.885798] systemd[1]: Starting Generate network units from Kernel command line...
         Starting [0;1;39mGenerate network …ts from Kernel command line[0m...
[    3.890278] systemd[1]: Starting Remount Root and Kernel File Systems...
         Starting [0;1;39mRemount Root and Kernel File Systems[0m...
[    3.891712] systemd[1]: Repartition Root Disk was skipped because no trigger condition checks were met.
[    3.919583] systemd[1]: Starting Coldplug All udev Devices...
         Starting [0;1;39mColdplug All udev Devices[0m...
[    3.922937] EXT4-fs (sda): re-mounted. Opts: (null). Quota mode: none.
[    3.939628] systemd[1]: Mounted Huge Pages File System.
[[0;32m  OK  [0m] Mounted [0;1;39mHuge Pages File System[0m.
[    3.943285] systemd[1]: Mounted POSIX Message Queue File System.
[[0;32m  OK  [0m] Mounted [0;1;39mPOSIX Message Queue File System[0m.
[    3.944760] systemd[1]: Mounted Kernel Debug File System.
[[0;32m  OK  [0m] Mounted [0;1;39mKernel Debug File System[0m.
[    3.946237] systemd[1]: Mounted Kernel Trace File System.
[[0;32m  OK  [0m] Mounted [0;1;39mKernel Trace File System[0m.
[    3.955924] systemd[1]: Finished Monitoring of LVM2 mirrors, snapshots etc. using dmeventd or progress polling.
[[0;32m  OK  [0m] Finished [0;1;39mMonitoring of LVM… dmeventd or progress polling[0m.
[    3.958751] systemd[1]: modprobe@configfs.service: Deactivated successfully.
[    3.959977] systemd[1]: Finished Load Kernel Module configfs.
[[0;32m  OK  [0m] Finished [0;1;39mLoad Kernel Module configfs[0m.
[    3.961950] systemd[1]: modprobe@drm.service: Deactivated successfully.
[    3.963678] systemd[1]: Finished Load Kernel Module drm.
[[0;32m  OK  [0m] Finished [0;1;39mLoad Kernel Module drm[0m.
[    3.965535] systemd[1]: modprobe@fuse.service: Deactivated successfully.
[    3.966626] systemd[1]: Finished Load Kernel Module fuse.
[[0;32m  OK  [0m] Finished [0;1;39mLoad Kernel Module fuse[0m.
[    3.968332] systemd[1]: Finished Read and set NIS domainname from /etc/sysconfig/network.
[[0;32m  OK  [0m] Finished [0;1;39mRead and set NIS …e from /etc/sysconfig/network[0m.
[    3.969982] systemd[1]: systemd-modules-load.service: Main process exited, code=exited, status=1/FAILURE
[    3.971838] systemd[1]: systemd-modules-load.service: Failed with result 'exit-code'.
[    3.973002] systemd[1]: Failed to start Load Kernel Modules.
[[0;1;31mFAILED[0m] Failed to start [0;1;39mLoad Kernel Modules[0m.
See 'systemctl status systemd-modules-load.service' for details.
[    3.975399] systemd[1]: Finished Generate network units from Kernel command line.
[[0;32m  OK  [0m] Finished [0;1;39mGenerate network units from Kernel command line[0m.
[    3.977423] systemd[1]: Finished Remount Root and Kernel File Systems.
[[0;32m  OK  [0m] Finished [0;1;39mRemount Root and Kernel File Systems[0m.
[    3.979779] systemd[1]: Reached target Preparation for Network.
[[0;32m  OK  [0m] Reached target [0;1;39mPreparation for Network[0m.
[    3.983776] systemd[1]: Mounting FUSE Control File System...
         Mounting [0;1;39mFUSE Control File System[0m...
[    3.989196] systemd[1]: Mounting Kernel Configuration File System...
         Mounting [0;1;39mKernel Configuration File System[0m...
[    3.994732] systemd[1]: Special handling of early boot iSCSI sessions was skipped because of an unmet condition check (ConditionDirectoryNotEmpty=/sys/class/iscsi_session).
[    3.996105] systemd[1]: First Boot Wizard was skipped because of an unmet condition check (ConditionFirstBoot=yes).
[    4.006729] systemd[1]: Rebuild Hardware Database was skipped because of an unmet condition check (ConditionNeedsUpdate=/etc).
[    4.010684] systemd[1]: Starting Load/Save Random Seed...
         Starting [0;1;39mLoad/Save Random Seed[0m...
[    4.026668] systemd[1]: Starting Apply Kernel Variables...
         Starting [0;1;39mApply Kernel Variables[0m...
[    4.027903] systemd[1]: Create System Users was skipped because no trigger condition checks were met.
[    4.037361] systemd[1]: Starting Create Static Device Nodes in /dev...
         Starting [0;1;39mCreate Static Device Nodes in /dev[0m...
[    4.048285] systemd[1]: Starting Setup Virtual Console...
         Starting [0;1;39mSetup Virtual Console[0m...
[    4.052872] systemd[1]: Mounted FUSE Control File System.
[[0;32m  OK  [0m] Mounted [0;1;39mFUSE Control File System[0m.
[    4.056627] systemd[1]: Mounted Kernel Configuration File System.
[[0;32m  OK  [0m] Mounted [0;1;39mKernel Configuration File System[0m.
[    4.082646] systemd[1]: Started Journal Service.
[[0;32m  OK  [0m] Started [0;1;39mJournal Service[0m.
         Starting [0;1;39mFlush Journal to Persistent Storage[0m...
[[0;32m  OK  [0m] Finished [0;1;39mApply Kernel Variables[0m.
[    4.127880] systemd-journald[180]: Received client request to flush runtime journal.
[[0;32m  OK  [0m] Finished [0;1;39mCreate Static Device Nodes in /dev[0m.
[[0;32m  OK  [0m] Finished [0;1;39mFlush Journal to Persistent Storage[0m.
         Starting [0;1;39mRule-based Manage…for Device Events and Files[0m...
[[0;32m  OK  [0m] Started [0;1;39mRule-based Manager for Device Events and Files[0m.
         Starting [0;1;39mAuto-connect to s…E devices found during boot[0m...
[[0;32m  OK  [0m] Finished [0;1;39mAuto-connect to s…VME devices found during boot[0m.
[[0;32m  OK  [0m] Finished [0;1;39mSetup Virtual Console[0m.
[[0;32m  OK  [0m] Finished [0;1;39mColdplug All udev Devices[0m.
[[0;32m  OK  [0m] Started [0;1;39mDispatch Password …ts to Console Directory Watch[0m.
[[0;32m  OK  [0m] Reached target [0;1;39mLocal Encrypted Volumes[0m.
[[0;32m  OK  [0m] Reached target [0;1;39mPath Units[0m.
         Starting [0;1;39mWait for udev To …plete Device Initialization[0m...
[[0;32m  OK  [0m] Found device [0;1;39m/dev/ttyS0[0m.
[[0;32m  OK  [0m] Listening on [0;1;39mLoad/Save RF …itch Status /dev/rfkill Watch[0m.
[    5.762661] random: crng init done
[[0;32m  OK  [0m] Finished [0;1;39mLoad/Save Random Seed[0m.
[[0;32m  OK  [0m] Finished [0;1;39mWait for udev To Complete Device Initialization[0m.
[[0;32m  OK  [0m] Reached target [0;1;39mPreparation for Local File Systems[0m.
[[0;32m  OK  [0m] Reached target [0;1;39mLocal File Systems[0m.
         Starting [0;1;39mTell Plymouth To Write Out Runtime Data[0m...
         Starting [0;1;39mAutomatic Boot Loader Update[0m...
         Starting [0;1;39mCreate Volatile Files and Directories[0m...
[[0;32m  OK  [0m] Finished [0;1;39mAutomatic Boot Loader Update[0m.
[[0;32m  OK  [0m] Finished [0;1;39mTell Plymouth To Write Out Runtime Data[0m.
[[0;32m  OK  [0m] Finished [0;1;39mCreate Volatile Files and Directories[0m.
         Mounting [0;1;39mRPC Pipe File System[0m...
         Starting [0;1;39mSecurity Auditing Service[0m...
         Starting [0;1;39mRPC Bind[0m...
[[0;32m  OK  [0m] Mounted [0;1;39mRPC Pipe File System[0m.
[[0;32m  OK  [0m] Reached target [0;1;39mrpc_pipefs.target[0m.
[[0;32m  OK  [0m] Started [0;1;39mRPC Bind[0m.
[[0;32m  OK  [0m] Started [0;1;39mSecurity Auditing Service[0m.
         Starting [0;1;39mRecord System Boot/Shutdown in UTMP[0m...
[[0;32m  OK  [0m] Finished [0;1;39mRecord System Boot/Shutdown in UTMP[0m.
[[0;32m  OK  [0m] Reached target [0;1;39mSystem Initialization[0m.
[[0;32m  OK  [0m] Started [0;1;39mDaily rotation of log files[0m.
[[0;32m  OK  [0m] Started [0;1;39mUpdates mlocate database every day[0m.
[[0;32m  OK  [0m] Started [0;1;39mDaily Cleanup of Temporary Directories[0m.
[[0;32m  OK  [0m] Started [0;1;39mdaily update of the root trust anchor for DNSSEC[0m.
[[0;32m  OK  [0m] Reached target [0;1;39mTimer Units[0m.
[[0;32m  OK  [0m] Listening on [0;1;39mD-Bus System Message Bus Socket[0m.
[[0;32m  OK  [0m] Listening on [0;1;39mOpen-iSCSI iscsid Socket[0m.
[[0;32m  OK  [0m] Listening on [0;1;39mOpen-iSCSI iscsiuio Socket[0m.
[[0;32m  OK  [0m] Listening on [0;1;39mSSSD Kerberos…ache Manager responder socket[0m.
[[0;32m  OK  [0m] Listening on [0;1;39mLibvirt interface local socket[0m.
[[0;32m  OK  [0m] Listening on [0;1;39mVirtual machine lock manager socket[0m.
[[0;32m  OK  [0m] Listening on [0;1;39mVirtual machine log manager socket[0m.
[[0;32m  OK  [0m] Listening on [0;1;39mLibvirt network local socket[0m.
[[0;32m  OK  [0m] Listening on [0;1;39mLibvirt nodedev local socket[0m.
[[0;32m  OK  [0m] Listening on [0;1;39mLibvirt nwfilter local socket[0m.
[[0;32m  OK  [0m] Listening on [0;1;39mLibvirt proxy local socket[0m.
[[0;32m  OK  [0m] Listening on [0;1;39mLibvirt qemu local socket[0m.
[[0;32m  OK  [0m] Listening on [0;1;39mLibvirt qemu admin socket[0m.
[[0;32m  OK  [0m] Listening on [0;1;39mLibvirt qemu local read-only socket[0m.
[[0;32m  OK  [0m] Listening on [0;1;39mLibvirt secret local socket[0m.
[[0;32m  OK  [0m] Listening on [0;1;39mLibvirt storage local socket[0m.
[[0;32m  OK  [0m] Reached target [0;1;39mSocket Units[0m.
         Starting [0;1;39mD-Bus System Message Bus[0m...
[[0;32m  OK  [0m] Started [0;1;39mD-Bus System Message Bus[0m.
[[0;32m  OK  [0m] Reached target [0;1;39mBasic System[0m.
         Starting [0;1;39mNetwork Manager[0m...
         Starting [0;1;39mNTP client/server[0m...
         Starting [0;1;39mRestore /run/initramfs on shutdown[0m...
[[0;32m  OK  [0m] Started [0;1;39mirqbalance daemon[0m.
[[0;32m  OK  [0m] Started [0;1;39mlibstoragemgmt plug-in server daemon[0m.
[[0;32m  OK  [0m] Started [0;1;39mMachine Check Exception Logging Daemon[0m.
[[0;32m  OK  [0m] Reached target [0;1;39msshd-keygen.target[0m.
[[0;32m  OK  [0m] Reached target [0;1;39mUser and Group Name Lookups[0m.
         Starting [0;1;39mUser Login Management[0m...
         Starting [0;1;39mVirtual Machine a…tainer Registration Service[0m...
         Starting [0;1;39mupdate of the roo…NSSEC validation in unbound[0m...
         Starting [0;1;39mRotate log files[0m...
[[0;32m  OK  [0m] Started [0;1;39mUpdate a database for mlocate[0m.
[[0;32m  OK  [0m] Finished [0;1;39mRestore /run/initramfs on shutdown[0m.
[[0;32m  OK  [0m] Started [0;1;39mVirtual Machine an…ontainer Registration Service[0m.
[[0;32m  OK  [0m] Finished [0;1;39mupdate of the roo… DNSSEC validation in unbound[0m.
         Starting [0;1;39mHostname Service[0m...
[[0;32m  OK  [0m] Started [0;1;39mNTP client/server[0m.
[[0;32m  OK  [0m] Started [0;1;39mUser Login Management[0m.
[[0;32m  OK  [0m] Started [0;1;39mHostname Service[0m.
[[0;32m  OK  [0m] Finished [0;1;39mRotate log files[0m.
         Starting [0;1;39mNetwork Manager Script Dispatcher Service[0m...
[[0;32m  OK  [0m] Started [0;1;39mNetwork Manager Script Dispatcher Service[0m.
[    7.198631] e1000: eth0 NIC Link is Up 1000 Mbps Full Duplex, Flow Control: RX
[    7.199822] IPv6: ADDRCONF(NETDEV_CHANGE): eth0: link becomes ready
[[0;32m  OK  [0m] Started [0;1;39mNetwork Manager[0m.
[[0;32m  OK  [0m] Reached target [0;1;39mNetwork[0m.
[[0;32m  OK  [0m] Reached target [0;1;39mNetwork is Online[0m.
         Starting [0;1;39mGSSAPI Proxy Daemon[0m...
         Starting [0;1;39mNotify NFS peers of a restart[0m...
         Starting [0;1;39mSystem Logging Service[0m...
         Starting [0;1;39mOpenSSH server daemon[0m...
         Starting [0;1;39mDynamic System Tuning Daemon[0m...
[[0;32m  OK  [0m] Started [0;1;39mGSSAPI Proxy Daemon[0m.
[[0;32m  OK  [0m] Started [0;1;39mNotify NFS peers of a restart[0m.
[[0;32m  OK  [0m] Reached target [0;1;39mNFS client services[0m.
[[0;32m  OK  [0m] Reached target [0;1;39mPreparation for Remote File Systems[0m.
[[0;32m  OK  [0m] Reached target [0;1;39mRemote File Systems[0m.
         Starting [0;1;39mPermit User Sessions[0m...
         Starting [0;1;39mVirtualization qemu daemon[0m...
[[0;32m  OK  [0m] Started [0;1;39mOpenSSH server daemon[0m.
[[0;32m  OK  [0m] Finished [0;1;39mPermit User Sessions[0m.
[[0;32m  OK  [0m] Started [0;1;39mDeferred execution scheduler[0m.
[[0;32m  OK  [0m] Started [0;1;39mCommand Scheduler[0m.
         Starting [0;1;39mHold until boot process finishes up[0m...
         Starting [0;1;39mTerminate Plymouth Boot Screen[0m...
[[0;32m  OK  [0m] Finished [0;1;39mHold until boot process finishes up[0m.
[[0;32m  OK  [0m] Finished [0;1;39mTerminate Plymouth Boot Screen[0m.
[[0;32m  OK  [0m] Started [0;1;39mGetty on tty1[0m.
[[0;32m  OK  [0m] Started [0;1;39mSerial Getty on ttyS0[0m.
[[0;32m  OK  [0m] Reached target [0;1;39mLogin Prompts[0m.
[[0;32m  OK  [0m] Started [0;1;39mSystem Logging Service[0m.
[[0;32m  OK  [0m] Started [0;1;39mVirtualization qemu daemon[0m.
         Starting [0;1;39mAuthorization Manager[0m...
[[0;32m  OK  [0m] Started [0;1;39mAuthorization Manager[0m.
[[0;32m  OK  [0m] Started [0;1;39mDynamic System Tuning Daemon[0m.
[[0;32m  OK  [0m] Reached target [0;1;39mMulti-User System[0m.
         Starting [0;1;39mRecord Runlevel Change in UTMP[0m...
[[0;32m  OK  [0m] Finished [0;1;39mRecord Runlevel Change in UTMP[0m.

CentOS Stream 9
Kernel 5.11.0-f40ddce88593 on an x86_64

Activate the web console with: systemctl enable --now cockpit.socket

test login: 