|0415_195447|cmd=cd /root/internal-devel|
|0415_195447|git log df0b4fecf9eb384062e52e3b572ee8c431afc63b check_result:commit df0b4fecf9eb384062e52e3b572ee8c431afc63b|
|0415_195447|git log 0bbac3facb5d6cc0171c45c9873a2dc96bea9680 check_result:commit 0bbac3facb5d6cc0171c45c9873a2dc96bea9680|
|0415_195447|There was old bisect log:git bisect start
# status: waiting for both good and bad commits
# bad: [fec50db7033ea478773b159e0e2efb135270e3b7] Linux 6.9-rc3
git bisect bad fec50db7033ea478773b159e0e2efb135270e3b7
# status: waiting for good commit(s), bad commit known
# good: [f40ddce88593482919761f74910f42f4b84c004b] Linux 5.11
git bisect good f40ddce88593482919761f74910f42f4b84c004b
# good: [accc3b4a572bba903a801a393532272727f83f5b] Merge git://git.kernel.org/pub/scm/linux/kernel/git/netdev/net
git bisect good accc3b4a572bba903a801a393532272727f83f5b
# good: [6c1561fb900524c5bceb924071b3e9b8a67ff3da] Merge tag 'soc-dt-6.5' of git://git.kernel.org/pub/scm/linux/kernel/git/soc/soc
git bisect good 6c1561fb900524c5bceb924071b3e9b8a67ff3da
# bad: [d99b91a99be430be45413052bb428107c435918b] Merge tag 'char-misc-6.7-rc1' of git://git.kernel.org/pub/scm/linux/kernel/git/gregkh/char-misc
git bisect bad d99b91a99be430be45413052bb428107c435918b
# bad: [b89b029377c8c441649c7a6be908386e74ea9420] Merge tag 'scsi-misc' of git://git.kernel.org/pub/scm/linux/kernel/git/jejb/scsi
git bisect bad b89b029377c8c441649c7a6be908386e74ea9420
# good: [68cf01760bc0891074e813b9bb06d2696cac1c01] Merge tag 'v6.6-p1' of git://git.kernel.org/pub/scm/linux/kernel/git/herbert/crypto-2.6
git bisect good 68cf01760bc0891074e813b9bb06d2696cac1c01
# good: [461f35f014466c4e26dca6be0f431f57297df3f2] Merge tag 'drm-next-2023-08-30' of git://anongit.freedesktop.org/drm/drm
git bisect good 461f35f014466c4e26dca6be0f431f57297df3f2
# good: [b6f6167ea8a424d14b41c172fe7a5f49e164f221] Merge tag 'pci-v6.6-changes' of git://git.kernel.org/pub/scm/linux/kernel/git/pci/pci
git bisect good b6f6167ea8a424d14b41c172fe7a5f49e164f221
# good: [28a4f91f5f251689c69155bc6a0b1afc9916c874] Merge tag 'driver-core-6.6-rc1' of git://git.kernel.org/pub/scm/linux/kernel/git/gregkh/driver-core
git bisect good 28a4f91f5f251689c69155bc6a0b1afc9916c874
# good: [307d59039fb26212a84a9aa6a134a7d2bdea34ca] Merge tag 'media/v6.6-1' of git://git.kernel.org/pub/scm/linux/kernel/git/mchehab/linux-media
git bisect good 307d59039fb26212a84a9aa6a134a7d2bdea34ca
# bad: [f7e97ce26972ae7be8bbbae8d819ff311d4c5900] Merge tag 'for-linus' of git://git.kernel.org/pub/scm/linux/kernel/git/rdma/rdma
git bisect bad f7e97ce26972ae7be8bbbae8d819ff311d4c5900
# bad: [bd30fe6a7d9b72e73c5ac9109cbc3066dde08034] Merge tag 'wq-for-6.6' of git://git.kernel.org/pub/scm/linux/kernel/git/tj/wq
git bisect bad bd30fe6a7d9b72e73c5ac9109cbc3066dde08034
# good: [e987af4546ac5de50e514182c1d0ca33843fa665] Merge tag 'percpu-for-6.6' of git://git.kernel.org/pub/scm/linux/kernel/git/dennis/percpu
git bisect good e987af4546ac5de50e514182c1d0ca33843fa665
# good: [7716f383a58314378604eecdd66949ea2cd80ef3] Merge tag 'cgroup-for-6.6' of git://git.kernel.org/pub/scm/linux/kernel/git/tj/cgroup
git bisect good 7716f383a58314378604eecdd66949ea2cd80ef3
# bad: [fef59c9cab6ac5592da54f6c2b1195418f14e4d0] workqueue: Rename NUMA related names to use pod instead
git bisect bad fef59c9cab6ac5592da54f6c2b1195418f14e4d0
# good: [ee1ceef72754427e5167743108c52f826fa4ca5b] workqueue: Rename wq->cpu_pwqs to wq->cpu_pwq
git bisect good ee1ceef72754427e5167743108c52f826fa4ca5b
# bad: [687a9aa56f811b381e63f7f8f9149428ac708a3b] workqueue: Make per-cpu pool_workqueues allocated and released like unbound ones
git bisect bad 687a9aa56f811b381e63f7f8f9149428ac708a3b
# good: [fcecfa8f271acdf130acbb30842e7848a138af0f] workqueue: Remove module param disable_numa and sysfs knobs pool_ids and numa
git bisect good fcecfa8f271acdf130acbb30842e7848a138af0f
# good: [967b494e2fd143a9c1a3201422aceadb5fa9fbfc] workqueue: Use a kthread_worker to release pool_workqueues
git bisect good 967b494e2fd143a9c1a3201422aceadb5fa9fbfc
# first bad commit: [687a9aa56f811b381e63f7f8f9149428ac708a3b] workqueue: Make per-cpu pool_workqueues allocated and released like unbound ones, will clean it|
|0415_195447|cmd=git bisect reset|
|0415_195452|cmd=git checkout -f df0b4fecf9eb384062e52e3b572ee8c431afc63b|
|0415_195453|cmd=cd /root/internal-devel|
|0415_195453||/var/www/html/bzimage/bzImage_df0b4fecf9eb384062e52e3b572ee8c431afc63b| exist, no need make|
|0415_195453|/root/image/centos9_3.img -> /root/image/centos9_2.img|
|0415_195509|Run /var/www/html/bzimage/bzImage_df0b4fecf9eb384062e52e3b572ee8c431afc63b with image:/root/image/centos9_2.img in local port:10022, 1 time|
|0415_195524|It takes 14 seconds to find login:test login: |
|0415_195524|Boot 1 time: takes 14 seconds to boot up.|
|0415_195524|cmd=ssh -o ConnectTimeout=1 -o 'StrictHostKeyChecking no' -p 10022 localhost 'rm -rf file*'|
|0415_195524|cmd=scp -o 'StrictHostKeyChecking no' -P 10022 /root/bzimage_bisect/repro.sh root@localhost:/root/repro.sh|
|0415_195526|cmd=scp -o 'StrictHostKeyChecking no' -P 10022 /root/syzkaller/workdir/crashes/d500366678f2a2b2ed69324bbfaf20ac43631c72/repro.cprog root@localhost:/root/repro.c|
|0415_195527|ssh -o ConnectTimeout=1 -o 'StrictHostKeyChecking no' -p 10022 localhost 'chmod 755 /root/repro.sh'|
|0415_195527|ssh -o ConnectTimeout=1 -o 'StrictHostKeyChecking no' -p 10022 localhost '/root/repro.sh'|
|0415_195537|/var/www/html/bzimage/bzImage_df0b4fecf9eb384062e52e3b572ee8c431afc63b contained console_flush_all:[   17.841641] ffffffff86d6da80 (console_owner){....}-{0:0}, at: console_flush_all+0x51a/0xc40
[   17.841723]        console_flush_all+0x55c/0xc40
[   17.841850]        console_flush_all+0x52f/0xc40
[   17.842118]  #6: ffffffff86e4e150 (console_srcu){....}-{0:0}, at: console_flush_all+0x14d/0xc40
[   17.842252]  ? console_flush_all+0x51a/0xc40
[   17.842289]  console_flush_all+0x52f/0xc40
[   17.842296]  ? console_flush_all+0x51a/0xc40
[   17.842307]  ? __pfx_console_flush_all+0x10/0x10, FAIL|
|0415_195538|Found time:17 in /var/www/html/bzimage/0415_195447_console_flush_all/df0b4fecf9eb384062e52e3b572ee8c431afc63b_dmesg.log|
|0415_195538|Logic: |<=25: +25|25-100 +180|>100 +1800| Set TIME:42|
|0415_195538|-END- commit df0b4fecf9eb384062e52e3b572ee8c431afc63b FAIL bad|
|0415_195538|cmd=rm -rf /var/www/html//syzkaller/2024_04_15/d500366678f2a2b2ed69324bbfaf20ac43631c72|
|0415_195538|cmd=mkdir -p /var/www/html//syzkaller/2024_04_15/d500366678f2a2b2ed69324bbfaf20ac43631c72|
|0415_195538|cmd=cp -rf /root/syzkaller/workdir/crashes/d500366678f2a2b2ed69324bbfaf20ac43631c72/repro.cprog /var/www/html//syzkaller/2024_04_15/d500366678f2a2b2ed69324bbfaf20ac43631c72/repro.c|
|0415_195538|gcc -pthread /var/www/html//syzkaller/2024_04_15/d500366678f2a2b2ed69324bbfaf20ac43631c72/repro.c -o /var/www/html//syzkaller/2024_04_15/d500366678f2a2b2ed69324bbfaf20ac43631c72/repro|
|0415_195538|cmd=cp -rf /root/syzkaller/workdir/crashes/d500366678f2a2b2ed69324bbfaf20ac43631c72/description /var/www/html//syzkaller/2024_04_15/d500366678f2a2b2ed69324bbfaf20ac43631c72|
|0415_195539|wget https://raw.githubusercontent.com/xupengfe/kconfig_diff/main/config-5.18rc4i_kvm -O /var/www/html/bzimage/0415_195447_console_flush_all/kconfig_origin:0|
|0415_195539|cmd=cd /root/internal-devel|
|0415_195540|nohup /root/bzimage_bisect/make_bz.sh -k /root/internal-devel -m 0bbac3facb5d6cc0171c45c9873a2dc96bea9680 -d /var/www/html/bzimage -o /tmp/kernel|
|0415_201709|/root/image/centos9_3.img -> /root/image/centos9_2.img|
|0415_201734|Run /var/www/html/bzimage/bzImage_0bbac3facb5d6cc0171c45c9873a2dc96bea9680 with image:/root/image/centos9_2.img in local port:10022, 1 time|
|0415_201749|It takes 15 seconds to find login:test login: |
|0415_201749|Boot 1 time: takes 15 seconds to boot up.|
|0415_201749|cmd=ssh -o ConnectTimeout=1 -o 'StrictHostKeyChecking no' -p 10022 localhost 'rm -rf file*'|
|0415_201750|cmd=scp -o 'StrictHostKeyChecking no' -P 10022 /root/bzimage_bisect/repro.sh root@localhost:/root/repro.sh|
|0415_201752|cmd=scp -o 'StrictHostKeyChecking no' -P 10022 /root/syzkaller/workdir/crashes/d500366678f2a2b2ed69324bbfaf20ac43631c72/repro.cprog root@localhost:/root/repro.c|
|0415_201753|ssh -o ConnectTimeout=1 -o 'StrictHostKeyChecking no' -p 10022 localhost 'chmod 755 /root/repro.sh'|
|0415_201753|ssh -o ConnectTimeout=1 -o 'StrictHostKeyChecking no' -p 10022 localhost '/root/repro.sh'|
|0415_201835|/var/www/html/bzimage/bzImage_0bbac3facb5d6cc0171c45c9873a2dc96bea9680 didn't contain console_flush_all: in dmesg, pass|
|0415_201835|Start commit 0bbac3facb5d6cc0171c45c9873a2dc96bea9680 PASS good|
|0415_201835|cmd=git checkout -f df0b4fecf9eb384062e52e3b572ee8c431afc63b|
|0415_201836|cmd=git bisect start|
|0415_201836|cmd=git bisect bad df0b4fecf9eb384062e52e3b572ee8c431afc63b|
|0415_201836|Bisect first start commit:0bbac3facb5d6cc0171c45c9873a2dc96bea9680|
|0415_201836|git bisect good 0bbac3facb5d6cc0171c45c9873a2dc96bea9680|
|0415_201844|nohup /root/bzimage_bisect/make_bz.sh -k /root/internal-devel -m e2781d7f4758c68944a218ff04cfa65399887e73 -d /var/www/html/bzimage -o /tmp/kernel|
|0415_203535|/root/image/centos9_3.img -> /root/image/centos9_2.img|
|0415_203559|Run /var/www/html/bzimage/bzImage_e2781d7f4758c68944a218ff04cfa65399887e73 with image:/root/image/centos9_2.img in local port:10022, 1 time|
|0415_203611|It takes 12 seconds to find login:test login: |
|0415_203611|Boot 1 time: takes 12 seconds to boot up.|
|0415_203611|cmd=ssh -o ConnectTimeout=1 -o 'StrictHostKeyChecking no' -p 10022 localhost 'rm -rf file*'|
|0415_203612|cmd=scp -o 'StrictHostKeyChecking no' -P 10022 /root/bzimage_bisect/repro.sh root@localhost:/root/repro.sh|
|0415_203613|cmd=scp -o 'StrictHostKeyChecking no' -P 10022 /root/syzkaller/workdir/crashes/d500366678f2a2b2ed69324bbfaf20ac43631c72/repro.cprog root@localhost:/root/repro.c|
|0415_203614|ssh -o ConnectTimeout=1 -o 'StrictHostKeyChecking no' -p 10022 localhost 'chmod 755 /root/repro.sh'|
|0415_203615|ssh -o ConnectTimeout=1 -o 'StrictHostKeyChecking no' -p 10022 localhost '/root/repro.sh'|
|0415_203657|/var/www/html/bzimage/bzImage_e2781d7f4758c68944a218ff04cfa65399887e73 didn't contain console_flush_all: in dmesg, pass|
|0415_203657|git bisect good e2781d7f4758c68944a218ff04cfa65399887e73|
|0415_203705||/var/www/html/bzimage/bzImage_c7840a93414c647d88c066f52de9c83371a90304| exist, no need make|
|0415_203705|/root/image/centos9_3.img -> /root/image/centos9_2.img|
|0415_203730|Run /var/www/html/bzimage/bzImage_c7840a93414c647d88c066f52de9c83371a90304 with image:/root/image/centos9_2.img in local port:10022, 1 time|
|0415_203743|It takes 13 seconds to find login:test login: |
|0415_203743|Boot 1 time: takes 13 seconds to boot up.|
|0415_203743|cmd=ssh -o ConnectTimeout=1 -o 'StrictHostKeyChecking no' -p 10022 localhost 'rm -rf file*'|
|0415_203744|cmd=scp -o 'StrictHostKeyChecking no' -P 10022 /root/bzimage_bisect/repro.sh root@localhost:/root/repro.sh|
|0415_203746|cmd=scp -o 'StrictHostKeyChecking no' -P 10022 /root/syzkaller/workdir/crashes/d500366678f2a2b2ed69324bbfaf20ac43631c72/repro.cprog root@localhost:/root/repro.c|
|0415_203747|ssh -o ConnectTimeout=1 -o 'StrictHostKeyChecking no' -p 10022 localhost 'chmod 755 /root/repro.sh'|
|0415_203747|ssh -o ConnectTimeout=1 -o 'StrictHostKeyChecking no' -p 10022 localhost '/root/repro.sh'|
|0415_203829|/var/www/html/bzimage/bzImage_c7840a93414c647d88c066f52de9c83371a90304 didn't contain console_flush_all: in dmesg, pass|
|0415_203829|git bisect good c7840a93414c647d88c066f52de9c83371a90304|
|0415_203835|nohup /root/bzimage_bisect/make_bz.sh -k /root/internal-devel -m bc78011a003c09b2f11e985f207df7fbea2aebbb -d /var/www/html/bzimage -o /tmp/kernel|
|0415_205936|/root/image/centos9_3.img -> /root/image/centos9_2.img|
|0415_210000|Run /var/www/html/bzimage/bzImage_bc78011a003c09b2f11e985f207df7fbea2aebbb with image:/root/image/centos9_2.img in local port:10022, 1 time|
|0415_210015|It takes 15 seconds to find login:test login: |
|0415_210016|Boot 1 time: takes 15 seconds to boot up.|
|0415_210016|cmd=ssh -o ConnectTimeout=1 -o 'StrictHostKeyChecking no' -p 10022 localhost 'rm -rf file*'|
|0415_210016|cmd=scp -o 'StrictHostKeyChecking no' -P 10022 /root/bzimage_bisect/repro.sh root@localhost:/root/repro.sh|
|0415_210018|cmd=scp -o 'StrictHostKeyChecking no' -P 10022 /root/syzkaller/workdir/crashes/d500366678f2a2b2ed69324bbfaf20ac43631c72/repro.cprog root@localhost:/root/repro.c|
|0415_210019|ssh -o ConnectTimeout=1 -o 'StrictHostKeyChecking no' -p 10022 localhost 'chmod 755 /root/repro.sh'|
|0415_210020|ssh -o ConnectTimeout=1 -o 'StrictHostKeyChecking no' -p 10022 localhost '/root/repro.sh'|
|0415_210102|/var/www/html/bzimage/bzImage_bc78011a003c09b2f11e985f207df7fbea2aebbb didn't contain console_flush_all: in dmesg, pass|
|0415_210102|git bisect good bc78011a003c09b2f11e985f207df7fbea2aebbb|
|0415_210105|nohup /root/bzimage_bisect/make_bz.sh -k /root/internal-devel -m f04aab854f6f6ede377360c99b71c17058df354e -d /var/www/html/bzimage -o /tmp/kernel|
|0415_212215|/root/image/centos9_3.img -> /root/image/centos9_2.img|
|0415_212241|Run /var/www/html/bzimage/bzImage_f04aab854f6f6ede377360c99b71c17058df354e with image:/root/image/centos9_2.img in local port:10022, 1 time|
|0415_212256|It takes 15 seconds to find login:test login: |
|0415_212256|Boot 1 time: takes 15 seconds to boot up.|
|0415_212256|cmd=ssh -o ConnectTimeout=1 -o 'StrictHostKeyChecking no' -p 10022 localhost 'rm -rf file*'|
|0415_212257|cmd=scp -o 'StrictHostKeyChecking no' -P 10022 /root/bzimage_bisect/repro.sh root@localhost:/root/repro.sh|
|0415_212258|cmd=scp -o 'StrictHostKeyChecking no' -P 10022 /root/syzkaller/workdir/crashes/d500366678f2a2b2ed69324bbfaf20ac43631c72/repro.cprog root@localhost:/root/repro.c|
|0415_212300|ssh -o ConnectTimeout=1 -o 'StrictHostKeyChecking no' -p 10022 localhost 'chmod 755 /root/repro.sh'|
|0415_212300|ssh -o ConnectTimeout=1 -o 'StrictHostKeyChecking no' -p 10022 localhost '/root/repro.sh'|
|0415_212342|/var/www/html/bzimage/bzImage_f04aab854f6f6ede377360c99b71c17058df354e contained console_flush_all:[   18.927063] ffffffff86d67340 (console_owner){....}-{0:0}, at: console_flush_all+0x51a/0xc40
[   18.927159]        console_flush_all+0x55c/0xc40
[   18.927321]        console_flush_all+0x52f/0xc40
[   18.927628]  #6: ffffffff86e47a10 (console_srcu){....}-{0:0}, at: console_flush_all+0x14d/0xc40
[   18.927778]  ? console_flush_all+0x51a/0xc40
[   18.927822]  console_flush_all+0x52f/0xc40
[   18.927829]  ? console_flush_all+0x51a/0xc40
[   18.927840]  ? __pfx_console_flush_all+0x10/0x10, FAIL|
|0415_212342|git bisect bad f04aab854f6f6ede377360c99b71c17058df354e|
|0415_212344|nohup /root/bzimage_bisect/make_bz.sh -k /root/internal-devel -m 8826d3b258d452a229430c76f8d41b0ffbab9614 -d /var/www/html/bzimage -o /tmp/kernel|
|0415_214429|/root/image/centos9_3.img -> /root/image/centos9_2.img|
|0415_214453|Run /var/www/html/bzimage/bzImage_8826d3b258d452a229430c76f8d41b0ffbab9614 with image:/root/image/centos9_2.img in local port:10022, 1 time|
|0415_214508|It takes 15 seconds to find login:test login: |
|0415_214508|Boot 1 time: takes 15 seconds to boot up.|
|0415_214508|cmd=ssh -o ConnectTimeout=1 -o 'StrictHostKeyChecking no' -p 10022 localhost 'rm -rf file*'|
|0415_214509|cmd=scp -o 'StrictHostKeyChecking no' -P 10022 /root/bzimage_bisect/repro.sh root@localhost:/root/repro.sh|
|0415_214510|cmd=scp -o 'StrictHostKeyChecking no' -P 10022 /root/syzkaller/workdir/crashes/d500366678f2a2b2ed69324bbfaf20ac43631c72/repro.cprog root@localhost:/root/repro.c|
|0415_214511|ssh -o ConnectTimeout=1 -o 'StrictHostKeyChecking no' -p 10022 localhost 'chmod 755 /root/repro.sh'|
|0415_214512|ssh -o ConnectTimeout=1 -o 'StrictHostKeyChecking no' -p 10022 localhost '/root/repro.sh'|
|0415_214554|/var/www/html/bzimage/bzImage_8826d3b258d452a229430c76f8d41b0ffbab9614 didn't contain console_flush_all: in dmesg, pass|
|0415_214554|git bisect good 8826d3b258d452a229430c76f8d41b0ffbab9614|
|0415_214555|nohup /root/bzimage_bisect/make_bz.sh -k /root/internal-devel -m 66d7c8fb49329ca120d9bd2b869e041a16272e66 -d /var/www/html/bzimage -o /tmp/kernel|
|0415_220642|/root/image/centos9_3.img -> /root/image/centos9_2.img|
|0415_220710|Run /var/www/html/bzimage/bzImage_66d7c8fb49329ca120d9bd2b869e041a16272e66 with image:/root/image/centos9_2.img in local port:10022, 1 time|
|0415_220725|It takes 15 seconds to find login:test login: |
|0415_220725|Boot 1 time: takes 15 seconds to boot up.|
|0415_220725|cmd=ssh -o ConnectTimeout=1 -o 'StrictHostKeyChecking no' -p 10022 localhost 'rm -rf file*'|
|0415_220726|cmd=scp -o 'StrictHostKeyChecking no' -P 10022 /root/bzimage_bisect/repro.sh root@localhost:/root/repro.sh|
|0415_220728|cmd=scp -o 'StrictHostKeyChecking no' -P 10022 /root/syzkaller/workdir/crashes/d500366678f2a2b2ed69324bbfaf20ac43631c72/repro.cprog root@localhost:/root/repro.c|
|0415_220729|ssh -o ConnectTimeout=1 -o 'StrictHostKeyChecking no' -p 10022 localhost 'chmod 755 /root/repro.sh'|
|0415_220729|ssh -o ConnectTimeout=1 -o 'StrictHostKeyChecking no' -p 10022 localhost '/root/repro.sh'|
|0415_220811|/var/www/html/bzimage/bzImage_66d7c8fb49329ca120d9bd2b869e041a16272e66 contained console_flush_all:[   18.957272] ffffffff86d67340 (console_owner){....}-{0:0}, at: console_flush_all+0x51a/0xc40
[   18.957359]        console_flush_all+0x55c/0xc40
[   18.957499]        console_flush_all+0x52f/0xc40
[   18.957775]  #6: ffffffff86e47a10 (console_srcu){....}-{0:0}, at: console_flush_all+0x14d/0xc40
[   18.957906]  ? console_flush_all+0x51a/0xc40
[   18.957945]  console_flush_all+0x52f/0xc40
[   18.957952]  ? console_flush_all+0x51a/0xc40
[   18.957962]  ? __pfx_console_flush_all+0x10/0x10, FAIL|
|0415_220812|git bisect bad 66d7c8fb49329ca120d9bd2b869e041a16272e66|
|0415_220813|nohup /root/bzimage_bisect/make_bz.sh -k /root/internal-devel -m 9f6583d23770beda010697c32c31dc2735cae990 -d /var/www/html/bzimage -o /tmp/kernel|
|0415_222921|/root/image/centos9_3.img -> /root/image/centos9_2.img|
|0415_222947|Run /var/www/html/bzimage/bzImage_9f6583d23770beda010697c32c31dc2735cae990 with image:/root/image/centos9_2.img in local port:10022, 1 time|
|0415_223002|It takes 15 seconds to find login:test login: |
|0415_223002|Boot 1 time: takes 15 seconds to boot up.|
|0415_223002|cmd=ssh -o ConnectTimeout=1 -o 'StrictHostKeyChecking no' -p 10022 localhost 'rm -rf file*'|
|0415_223003|cmd=scp -o 'StrictHostKeyChecking no' -P 10022 /root/bzimage_bisect/repro.sh root@localhost:/root/repro.sh|
|0415_223004|cmd=scp -o 'StrictHostKeyChecking no' -P 10022 /root/syzkaller/workdir/crashes/d500366678f2a2b2ed69324bbfaf20ac43631c72/repro.cprog root@localhost:/root/repro.c|
|0415_223006|ssh -o ConnectTimeout=1 -o 'StrictHostKeyChecking no' -p 10022 localhost 'chmod 755 /root/repro.sh'|
|0415_223006|ssh -o ConnectTimeout=1 -o 'StrictHostKeyChecking no' -p 10022 localhost '/root/repro.sh'|
|0415_223048|/var/www/html/bzimage/bzImage_9f6583d23770beda010697c32c31dc2735cae990 contained console_flush_all:[   18.817827] ffffffff86d670c0 (console_owner){....}-{0:0}, at: console_flush_all+0x51a/0xc40
[   18.817920]        console_flush_all+0x55c/0xc40
[   18.818089]        console_flush_all+0x52f/0xc40
[   18.818394]  #6: ffffffff86e47790 (console_srcu){....}-{0:0}, at: console_flush_all+0x14d/0xc40
[   18.818540]  ? console_flush_all+0x51a/0xc40
[   18.818583]  console_flush_all+0x52f/0xc40
[   18.818590]  ? console_flush_all+0x51a/0xc40
[   18.818600]  ? __pfx_console_flush_all+0x10/0x10, FAIL|
|0415_223048|git bisect bad 9f6583d23770beda010697c32c31dc2735cae990|
|0415_223049|nohup /root/bzimage_bisect/make_bz.sh -k /root/internal-devel -m 32f6ec282fb0ddb45da1a19145ef9eeef088968d -d /var/www/html/bzimage -o /tmp/kernel|
|0415_225223|/root/image/centos9_3.img -> /root/image/centos9_2.img|
|0415_225251|Run /var/www/html/bzimage/bzImage_32f6ec282fb0ddb45da1a19145ef9eeef088968d with image:/root/image/centos9_2.img in local port:10022, 1 time|
|0415_225306|It takes 15 seconds to find login:test login: |
|0415_225306|Boot 1 time: takes 15 seconds to boot up.|
|0415_225306|cmd=ssh -o ConnectTimeout=1 -o 'StrictHostKeyChecking no' -p 10022 localhost 'rm -rf file*'|
|0415_225307|cmd=scp -o 'StrictHostKeyChecking no' -P 10022 /root/bzimage_bisect/repro.sh root@localhost:/root/repro.sh|
|0415_225308|cmd=scp -o 'StrictHostKeyChecking no' -P 10022 /root/syzkaller/workdir/crashes/d500366678f2a2b2ed69324bbfaf20ac43631c72/repro.cprog root@localhost:/root/repro.c|
|0415_225310|ssh -o ConnectTimeout=1 -o 'StrictHostKeyChecking no' -p 10022 localhost 'chmod 755 /root/repro.sh'|
|0415_225310|ssh -o ConnectTimeout=1 -o 'StrictHostKeyChecking no' -p 10022 localhost '/root/repro.sh'|
|0415_225352|/var/www/html/bzimage/bzImage_32f6ec282fb0ddb45da1a19145ef9eeef088968d contained console_flush_all:[   18.981635] ffffffff86d670c0 (console_owner){....}-{0:0}, at: console_flush_all+0x51a/0xc40
[   18.981723]        console_flush_all+0x55c/0xc40
[   18.981869]        console_flush_all+0x52f/0xc40
[   18.982140]  #6: ffffffff86e47790 (console_srcu){....}-{0:0}, at: console_flush_all+0x14d/0xc40
[   18.982280]  ? console_flush_all+0x51a/0xc40
[   18.982321]  console_flush_all+0x52f/0xc40
[   18.982328]  ? console_flush_all+0x51a/0xc40
[   18.982339]  ? __pfx_console_flush_all+0x10/0x10, FAIL|
|0415_225352|git bisect bad 32f6ec282fb0ddb45da1a19145ef9eeef088968d|
|0415_225353|nohup /root/bzimage_bisect/make_bz.sh -k /root/internal-devel -m f03e8c1060f86c23eb49bafee99d9fcbd1c1bd77 -d /var/www/html/bzimage -o /tmp/kernel|
|0415_231535|/root/image/centos9_3.img -> /root/image/centos9_2.img|
|0415_231601|Run /var/www/html/bzimage/bzImage_f03e8c1060f86c23eb49bafee99d9fcbd1c1bd77 with image:/root/image/centos9_2.img in local port:10022, 1 time|
|0415_231616|It takes 15 seconds to find login:test login: |
|0415_231616|Boot 1 time: takes 15 seconds to boot up.|
|0415_231616|cmd=ssh -o ConnectTimeout=1 -o 'StrictHostKeyChecking no' -p 10022 localhost 'rm -rf file*'|
|0415_231617|cmd=scp -o 'StrictHostKeyChecking no' -P 10022 /root/bzimage_bisect/repro.sh root@localhost:/root/repro.sh|
|0415_231619|cmd=scp -o 'StrictHostKeyChecking no' -P 10022 /root/syzkaller/workdir/crashes/d500366678f2a2b2ed69324bbfaf20ac43631c72/repro.cprog root@localhost:/root/repro.c|
|0415_231620|ssh -o ConnectTimeout=1 -o 'StrictHostKeyChecking no' -p 10022 localhost 'chmod 755 /root/repro.sh'|
|0415_231620|ssh -o ConnectTimeout=1 -o 'StrictHostKeyChecking no' -p 10022 localhost '/root/repro.sh'|
|0415_231702|/var/www/html/bzimage/bzImage_f03e8c1060f86c23eb49bafee99d9fcbd1c1bd77 contained console_flush_all:[   19.152879] ffffffff86d670c0 (console_owner){....}-{0:0}, at: console_flush_all+0x51a/0xc40
[   19.152968]        console_flush_all+0x55c/0xc40
[   19.153114]        console_flush_all+0x52f/0xc40
[   19.153393]  #6: ffffffff86e47790 (console_srcu){....}-{0:0}, at: console_flush_all+0x14d/0xc40
[   19.153531]  ? console_flush_all+0x51a/0xc40
[   19.153570]  console_flush_all+0x52f/0xc40
[   19.153577]  ? console_flush_all+0x51a/0xc40
[   19.153587]  ? __pfx_console_flush_all+0x10/0x10, FAIL|
|0415_231702|git bisect bad f03e8c1060f86c23eb49bafee99d9fcbd1c1bd77|
|0415_231703|nohup /root/bzimage_bisect/make_bz.sh -k /root/internal-devel -m 2ab682d221551d5eb9606dad1efa01e184de7b00 -d /var/www/html/bzimage -o /tmp/kernel|
|0415_233803|/root/image/centos9_3.img -> /root/image/centos9_2.img|
|0415_233827|Run /var/www/html/bzimage/bzImage_2ab682d221551d5eb9606dad1efa01e184de7b00 with image:/root/image/centos9_2.img in local port:10022, 1 time|
|0415_233842|It takes 15 seconds to find login:test login: |
|0415_233842|Boot 1 time: takes 15 seconds to boot up.|
|0415_233842|cmd=ssh -o ConnectTimeout=1 -o 'StrictHostKeyChecking no' -p 10022 localhost 'rm -rf file*'|
|0415_233843|cmd=scp -o 'StrictHostKeyChecking no' -P 10022 /root/bzimage_bisect/repro.sh root@localhost:/root/repro.sh|
|0415_233845|cmd=scp -o 'StrictHostKeyChecking no' -P 10022 /root/syzkaller/workdir/crashes/d500366678f2a2b2ed69324bbfaf20ac43631c72/repro.cprog root@localhost:/root/repro.c|
|0415_233846|ssh -o ConnectTimeout=1 -o 'StrictHostKeyChecking no' -p 10022 localhost 'chmod 755 /root/repro.sh'|
|0415_233846|ssh -o ConnectTimeout=1 -o 'StrictHostKeyChecking no' -p 10022 localhost '/root/repro.sh'|
|0415_233928|/var/www/html/bzimage/bzImage_2ab682d221551d5eb9606dad1efa01e184de7b00 didn't contain console_flush_all: in dmesg, pass|
|0415_233928|git bisect good 2ab682d221551d5eb9606dad1efa01e184de7b00|
|0415_233929|nohup /root/bzimage_bisect/make_bz.sh -k /root/internal-devel -m 1788cf6a91d9fa9aa61fc2917afe192c23d67f6a -d /var/www/html/bzimage -o /tmp/kernel|
|0416_000014|/root/image/centos9_3.img -> /root/image/centos9_2.img|
|0416_000039|Run /var/www/html/bzimage/bzImage_1788cf6a91d9fa9aa61fc2917afe192c23d67f6a with image:/root/image/centos9_2.img in local port:10022, 1 time|
|0416_000053|It takes 14 seconds to find login:test login: |
|0416_000053|Boot 1 time: takes 14 seconds to boot up.|
|0416_000053|cmd=ssh -o ConnectTimeout=1 -o 'StrictHostKeyChecking no' -p 10022 localhost 'rm -rf file*'|
|0416_000054|cmd=scp -o 'StrictHostKeyChecking no' -P 10022 /root/bzimage_bisect/repro.sh root@localhost:/root/repro.sh|
|0416_000055|cmd=scp -o 'StrictHostKeyChecking no' -P 10022 /root/syzkaller/workdir/crashes/d500366678f2a2b2ed69324bbfaf20ac43631c72/repro.cprog root@localhost:/root/repro.c|
|0416_000056|ssh -o ConnectTimeout=1 -o 'StrictHostKeyChecking no' -p 10022 localhost 'chmod 755 /root/repro.sh'|
|0416_000057|ssh -o ConnectTimeout=1 -o 'StrictHostKeyChecking no' -p 10022 localhost '/root/repro.sh'|
|0416_000139|/var/www/html/bzimage/bzImage_1788cf6a91d9fa9aa61fc2917afe192c23d67f6a contained console_flush_all:[   17.855607] ffffffff86d670c0 (console_owner){....}-{0:0}, at: console_flush_all+0x51a/0xc40
[   17.855693]        console_flush_all+0x55c/0xc40
[   17.855832]        console_flush_all+0x52f/0xc40
[   17.856099]  #6: ffffffff86e47790 (console_srcu){....}-{0:0}, at: console_flush_all+0x14d/0xc40
[   17.856229]  ? console_flush_all+0x51a/0xc40
[   17.856265]  console_flush_all+0x52f/0xc40
[   17.856271]  ? console_flush_all+0x51a/0xc40
[   17.856281]  ? __pfx_console_flush_all+0x10/0x10, FAIL|
|0416_000139|git bisect bad 1788cf6a91d9fa9aa61fc2917afe192c23d67f6a|
|0416_000139|nohup /root/bzimage_bisect/make_bz.sh -k /root/internal-devel -m 9054605ab8468936a514298211d9e9bb68bf24bd -d /var/www/html/bzimage -o /tmp/kernel|
|0416_002244|/root/image/centos9_3.img -> /root/image/centos9_2.img|
|0416_002305|Run /var/www/html/bzimage/bzImage_9054605ab8468936a514298211d9e9bb68bf24bd with image:/root/image/centos9_2.img in local port:10022, 1 time|
|0416_002320|It takes 15 seconds to find login:test login: |
|0416_002320|Boot 1 time: takes 15 seconds to boot up.|
|0416_002320|cmd=ssh -o ConnectTimeout=1 -o 'StrictHostKeyChecking no' -p 10022 localhost 'rm -rf file*'|
|0416_002321|cmd=scp -o 'StrictHostKeyChecking no' -P 10022 /root/bzimage_bisect/repro.sh root@localhost:/root/repro.sh|
|0416_002322|cmd=scp -o 'StrictHostKeyChecking no' -P 10022 /root/syzkaller/workdir/crashes/d500366678f2a2b2ed69324bbfaf20ac43631c72/repro.cprog root@localhost:/root/repro.c|
|0416_002324|ssh -o ConnectTimeout=1 -o 'StrictHostKeyChecking no' -p 10022 localhost 'chmod 755 /root/repro.sh'|
|0416_002324|ssh -o ConnectTimeout=1 -o 'StrictHostKeyChecking no' -p 10022 localhost '/root/repro.sh'|
|0416_002406|/var/www/html/bzimage/bzImage_9054605ab8468936a514298211d9e9bb68bf24bd didn't contain console_flush_all: in dmesg, pass|
|0416_002406|git bisect good 9054605ab8468936a514298211d9e9bb68bf24bd|
|0416_002407|nohup /root/bzimage_bisect/make_bz.sh -k /root/internal-devel -m f8fef2fa419febbfed2d04f0518111565df2673d -d /var/www/html/bzimage -o /tmp/kernel|
|0416_004513|/root/image/centos9_3.img -> /root/image/centos9_2.img|
|0416_004540|Run /var/www/html/bzimage/bzImage_f8fef2fa419febbfed2d04f0518111565df2673d with image:/root/image/centos9_2.img in local port:10022, 1 time|
|0416_004555|It takes 15 seconds to find login:test login: |
|0416_004555|Boot 1 time: takes 15 seconds to boot up.|
|0416_004555|cmd=ssh -o ConnectTimeout=1 -o 'StrictHostKeyChecking no' -p 10022 localhost 'rm -rf file*'|
|0416_004556|cmd=scp -o 'StrictHostKeyChecking no' -P 10022 /root/bzimage_bisect/repro.sh root@localhost:/root/repro.sh|
|0416_004557|cmd=scp -o 'StrictHostKeyChecking no' -P 10022 /root/syzkaller/workdir/crashes/d500366678f2a2b2ed69324bbfaf20ac43631c72/repro.cprog root@localhost:/root/repro.c|
|0416_004559|ssh -o ConnectTimeout=1 -o 'StrictHostKeyChecking no' -p 10022 localhost 'chmod 755 /root/repro.sh'|
|0416_004559|ssh -o ConnectTimeout=1 -o 'StrictHostKeyChecking no' -p 10022 localhost '/root/repro.sh'|
|0416_004641|/var/www/html/bzimage/bzImage_f8fef2fa419febbfed2d04f0518111565df2673d didn't contain console_flush_all: in dmesg, pass|
|0416_004641|git bisect good f8fef2fa419febbfed2d04f0518111565df2673d|
|0416_004641|Bisect PASS: find bad commit: 1788cf6a91d9fa9aa61fc2917afe192c23d67f6a is the first bad commit
commit 1788cf6a91d9fa9aa61fc2917afe192c23d67f6a
Author: Jiri Slaby (SUSE) <jirislaby@kernel.org>
Date:   Fri Apr 5 08:08:23 2024 +0200

    tty: serial: switch from circ_buf to kfifo
    
    Switch from struct circ_buf to proper kfifo. kfifo provides much better
    API, esp. when wrap-around of the buffer needs to be taken into account.
    Look at pl011_dma_tx_refill() or cpm_uart_tx_pump() changes for example.
    
    Kfifo API can also fill in scatter-gather DMA structures, so it easier
    for that use case too. Look at lpuart_dma_tx() for example. Note that
    not all drivers can be converted to that (like atmel_serial), they
    handle DMA specially.
    
    Note that usb-serial uses kfifo for TX for ages.
    
    omap needed a bit more care as it needs to put a char into FIFO to start
    the DMA transfer when OMAP_DMA_TX_KICK is set. In that case, we have to
    do kfifo_dma_out_prepare twice: once to find out the tx_size (to find
    out if it is worths to do DMA at all -- size >= 4), the second time for
    the actual transfer.
    
    All traces of circ_buf are removed from serial_core.h (and its struct
    uart_state).
    
    Signed-off-by: Jiri Slaby (SUSE) <jirislaby@kernel.org>
    Cc: Al Cooper <alcooperx@gmail.com>
    Cc: Matthias Brugger <matthias.bgg@gmail.com>
    Cc: AngeloGioacchino Del Regno <angelogioacchino.delregno@collabora.com>
    Cc: Kumaravel Thiagarajan <kumaravel.thiagarajan@microchip.com>
    Cc: Tharun Kumar P <tharunkumar.pasumarthi@microchip.com>
    Cc: Russell King <linux@armlinux.org.uk>
    Cc: Vineet Gupta <vgupta@kernel.org>
    Cc: Richard Genoud <richard.genoud@gmail.com>
    Cc: Nicolas Ferre <nicolas.ferre@microchip.com>
    Cc: Alexandre Belloni <alexandre.belloni@bootlin.com>
    Cc: Claudiu Beznea <claudiu.beznea@tuxon.dev>
    Cc: Alexander Shiyan <shc_work@mail.ru>
    Cc: Baruch Siach <baruch@tkos.co.il>
    Cc: Maciej W. Rozycki <macro@orcam.me.uk>
    Cc: Shawn Guo <shawnguo@kernel.org>
    Cc: Sascha Hauer <s.hauer@pengutronix.de>
    Cc: Fabio Estevam <festevam@gmail.com>
    Cc: Neil Armstrong <neil.armstrong@linaro.org>
    Cc: Kevin Hilman <khilman@baylibre.com>
    Cc: Jerome Brunet <jbrunet@baylibre.com>
    Cc: Martin Blumenstingl <martin.blumenstingl@googlemail.com>
    Cc: Taichi Sugaya <sugaya.taichi@socionext.com>
    Cc: Takao Orito <orito.takao@socionext.com>
    Cc: Bjorn Andersson <andersson@kernel.org>
    Cc: Konrad Dybcio <konrad.dybcio@linaro.org>
    Cc: Pali Rohár <pali@kernel.org>
    Cc: Michael Ellerman <mpe@ellerman.id.au>
    Cc: Nicholas Piggin <npiggin@gmail.com>
    Cc: Christophe Leroy <christophe.leroy@csgroup.eu>
    Cc: Aneesh Kumar K.V <aneesh.kumar@kernel.org>
    Cc: Naveen N. Rao <naveen.n.rao@linux.ibm.com>
    Cc: Manivannan Sadhasivam <manivannan.sadhasivam@linaro.org>
    Cc: Krzysztof Kozlowski <krzysztof.kozlowski@linaro.org>
    Cc: Alim Akhtar <alim.akhtar@samsung.com>
    Cc: Laxman Dewangan <ldewangan@nvidia.com>
    Cc: Thierry Reding <thierry.reding@gmail.com>
    Cc: Jonathan Hunter <jonathanh@nvidia.com>
    Cc: Orson Zhai <orsonzhai@gmail.com>
    Cc: Baolin Wang <baolin.wang@linux.alibaba.com>
    Cc: Chunyan Zhang <zhang.lyra@gmail.com>
    Cc: Patrice Chotard <patrice.chotard@foss.st.com>
    Cc: Maxime Coquelin <mcoquelin.stm32@gmail.com>
    Cc: Alexandre Torgue <alexandre.torgue@foss.st.com>
    Cc: David S. Miller <davem@davemloft.net>
    Cc: Hammer Hsieh <hammerh0314@gmail.com>
    Cc: Peter Korsgaard <jacmet@sunsite.dk>
    Cc: Timur Tabi <timur@kernel.org>
    Cc: Michal Simek <michal.simek@amd.com>
    Cc: Sumit Semwal <sumit.semwal@linaro.org>
    Cc: Christian König <christian.koenig@amd.com>
    Link: https://lore.kernel.org/r/20240405060826.2521-13-jirislaby@kernel.org
    Signed-off-by: Greg Kroah-Hartman <gregkh@linuxfoundation.org>

 drivers/tty/serial/8250/8250_bcm7271.c  | 14 ++++----
 drivers/tty/serial/8250/8250_core.c     |  3 +-
 drivers/tty/serial/8250/8250_dma.c      | 23 +++++++------
 drivers/tty/serial/8250/8250_exar.c     |  5 +--
 drivers/tty/serial/8250/8250_mtk.c      |  2 +-
 drivers/tty/serial/8250/8250_omap.c     | 47 ++++++++++++++++++---------
 drivers/tty/serial/8250/8250_pci1xxxx.c | 50 +++++++++++++----------------
 drivers/tty/serial/8250/8250_port.c     | 22 +++++++------
 drivers/tty/serial/amba-pl011.c         | 46 +++++++++++---------------
 drivers/tty/serial/ar933x_uart.c        | 15 ++++-----
 drivers/tty/serial/arc_uart.c           |  8 ++---
 drivers/tty/serial/atmel_serial.c       | 57 +++++++++++++++++----------------
 drivers/tty/serial/clps711x.c           | 12 +++----
 drivers/tty/serial/cpm_uart.c           | 20 ++++--------
 drivers/tty/serial/digicolor-usart.c    | 12 +++----
 drivers/tty/serial/dz.c                 | 13 ++++----
 drivers/tty/serial/fsl_linflexuart.c    | 17 +++++-----
 drivers/tty/serial/fsl_lpuart.c         | 39 ++++++++++------------
 drivers/tty/serial/icom.c               | 25 ++++-----------
 drivers/tty/serial/imx.c                | 54 +++++++++++++------------------
 drivers/tty/serial/ip22zilog.c          | 26 +++++++--------
 drivers/tty/serial/jsm/jsm_cls.c        | 29 +++++------------
 drivers/tty/serial/jsm/jsm_neo.c        | 38 ++++++++--------------
 drivers/tty/serial/max3100.c            | 14 ++++----
 drivers/tty/serial/max310x.c            | 35 +++++++++-----------
 drivers/tty/serial/men_z135_uart.c      | 26 ++++++---------
 drivers/tty/serial/meson_uart.c         | 11 +++----
 drivers/tty/serial/milbeaut_usio.c      | 15 +++++----
 drivers/tty/serial/msm_serial.c         | 30 ++++++++---------
 drivers/tty/serial/mvebu-uart.c         |  8 ++---
 drivers/tty/serial/mxs-auart.c          | 23 ++++---------
 drivers/tty/serial/pch_uart.c           | 21 ++++++------
 drivers/tty/serial/pic32_uart.c         | 15 ++++-----
 drivers/tty/serial/pmac_zilog.c         | 24 +++++++-------
 drivers/tty/serial/qcom_geni_serial.c   | 36 ++++++++++-----------
 drivers/tty/serial/rda-uart.c           | 17 ++++------
 drivers/tty/serial/samsung_tty.c        | 54 ++++++++++++++++---------------
 drivers/tty/serial/sb1250-duart.c       | 13 ++++----
 drivers/tty/serial/sc16is7xx.c          | 40 +++++++++--------------
 drivers/tty/serial/sccnxp.c             | 16 +++++----
 drivers/tty/serial/serial-tegra.c       | 43 ++++++++++++++-----------
 drivers/tty/serial/serial_core.c        | 56 ++++++++++++--------------------
 drivers/tty/serial/serial_port.c        |  2 +-
 drivers/tty/serial/sh-sci.c             | 51 +++++++++++++++--------------
 drivers/tty/serial/sprd_serial.c        | 20 ++++++------
 drivers/tty/serial/st-asc.c             |  4 +--
 drivers/tty/serial/stm32-usart.c        | 52 ++++++++++++------------------
 drivers/tty/serial/sunhv.c              | 35 +++++++++++---------
 drivers/tty/serial/sunplus-uart.c       | 16 +++++----
 drivers/tty/serial/sunsab.c             | 30 +++++++++--------
 drivers/tty/serial/sunsu.c              | 15 +++++----
 drivers/tty/serial/sunzilog.c           | 27 ++++++++--------
 drivers/tty/serial/tegra-tcu.c          | 10 +++---
 drivers/tty/serial/timbuart.c           | 17 ++++------
 drivers/tty/serial/uartlite.c           | 13 +++++---
 drivers/tty/serial/ucc_uart.c           | 20 ++++--------
 drivers/tty/serial/xilinx_uartps.c      | 20 ++++++------
 drivers/tty/serial/zs.c                 | 13 ++++----
 include/linux/serial_core.h             | 49 +++++++++++++++++-----------
 59 files changed, 688 insertions(+), 780 deletions(-)|
|0416_004641|cmd=git bisect log >> /var/www/html/bzimage/bi.log|
|0416_004641|cmd=git bisect log >> /var/www/html/bzimage/0415_195447_console_flush_all/bisect.log|
git bisect start
# status: waiting for both good and bad commits
# bad: [df0b4fecf9eb384062e52e3b572ee8c431afc63b] 0day head guard for 'devel-hourly-20240415-120710'
git bisect bad df0b4fecf9eb384062e52e3b572ee8c431afc63b
# status: waiting for good commit(s), bad commit known
# good: [0bbac3facb5d6cc0171c45c9873a2dc96bea9680] Linux 6.9-rc4
git bisect good 0bbac3facb5d6cc0171c45c9873a2dc96bea9680
# good: [e2781d7f4758c68944a218ff04cfa65399887e73] ASoC: SOF: Intel: hda: expose get_chip_info()
git bisect good e2781d7f4758c68944a218ff04cfa65399887e73
# good: [c7840a93414c647d88c066f52de9c83371a90304] Merge pull request #4304 from ujfalusi/merge/sound-upstream-20230414
git bisect good c7840a93414c647d88c066f52de9c83371a90304
# good: [bc78011a003c09b2f11e985f207df7fbea2aebbb] fixup! ASoC: SOF: Intel: add initial support for PTL-H
git bisect good bc78011a003c09b2f11e985f207df7fbea2aebbb
# bad: [f04aab854f6f6ede377360c99b71c17058df354e] Merge 'internal-drivers-audio/topic/ptl_pss' into devel-hourly-20240415-120710
git bisect bad f04aab854f6f6ede377360c99b71c17058df354e
# good: [8826d3b258d452a229430c76f8d41b0ffbab9614] Merge pull request #4903 from plbossart/merge/sound-upstream-20240404
git bisect good 8826d3b258d452a229430c76f8d41b0ffbab9614
# bad: [66d7c8fb49329ca120d9bd2b869e041a16272e66] Merge 'internal-drivers-qat-qatkernel-hw-enabling/pr_qat_5.1_lin_dev_QAT51_6172_arb' into devel-hourly-20240415-120710
git bisect bad 66d7c8fb49329ca120d9bd2b869e041a16272e66
# bad: [9f6583d23770beda010697c32c31dc2735cae990] serial: 8250_pnp: Simplify "line" related code
git bisect bad 9f6583d23770beda010697c32c31dc2735cae990
# bad: [32f6ec282fb0ddb45da1a19145ef9eeef088968d] serial: 8250_of: Add clock_notifier
git bisect bad 32f6ec282fb0ddb45da1a19145ef9eeef088968d
# bad: [f03e8c1060f86c23eb49bafee99d9fcbd1c1bd77] printk: Save console options for add_preferred_console_match()
git bisect bad f03e8c1060f86c23eb49bafee99d9fcbd1c1bd77
# good: [2ab682d221551d5eb9606dad1efa01e184de7b00] kfifo: fix typos in kernel-doc
git bisect good 2ab682d221551d5eb9606dad1efa01e184de7b00
# bad: [1788cf6a91d9fa9aa61fc2917afe192c23d67f6a] tty: serial: switch from circ_buf to kfifo
git bisect bad 1788cf6a91d9fa9aa61fc2917afe192c23d67f6a
# good: [9054605ab8468936a514298211d9e9bb68bf24bd] tty: 8250_omap: use dmaengine_prep_slave_sg()
git bisect good 9054605ab8468936a514298211d9e9bb68bf24bd
# good: [f8fef2fa419febbfed2d04f0518111565df2673d] tty: msm_serial: use dmaengine_prep_slave_sg()
git bisect good f8fef2fa419febbfed2d04f0518111565df2673d
# first bad commit: [1788cf6a91d9fa9aa61fc2917afe192c23d67f6a] tty: serial: switch from circ_buf to kfifo
|0416_004641|nohup /root/bzimage_bisect/make_bz.sh -k /root/internal-devel -m df0b4fecf9eb384062e52e3b572ee8c431afc63b -b 1788cf6a91d9fa9aa61fc2917afe192c23d67f6a -d /var/www/html/bzimage -o /tmp/kernel -f /var/www/html/bzimage/bzImage_df0b4fecf9eb384062e52e3b572ee8c431afc63b_1788cf6a91d9fa9aa61fc2917afe192c23d67f6a_revert|
|0416_004719|1st base commit:0bbac3facb5d6cc0171c45c9873a2dc96bea9680!|
|0416_004719|FAIL|bzImage:/var/www/html/bzimage/bzImage_df0b4fecf9eb384062e52e3b572ee8c431afc63b_1788cf6a91d9fa9aa61fc2917afe192c23d67f6a_revert does not exist:|
|0416_004719|1st base commit:0bbac3facb5d6cc0171c45c9873a2dc96bea9680!|
|0416_004719|ISSUE:d500366678f2a2b2ed69324bbfaf20ac43631c72  EMAIL status after check:Email_not_sent|
