|1213_160256|CMD=cd /root/os.linux.intelnext.kernel|
|1213_160256|git log 830b3c68c1fb1e9176028d02ef86f3cf76aa2476 check_result:commit 830b3c68c1fb1e9176028d02ef86f3cf76aa2476|
|1213_160256|git log f40ddce88593482919761f74910f42f4b84c004b check_result:commit f40ddce88593482919761f74910f42f4b84c004b|
|1213_160256|CMD=git checkout -f 830b3c68c1fb1e9176028d02ef86f3cf76aa2476|
|1213_160256|CMD=cd /root/os.linux.intelnext.kernel|
|1213_160256||/home/bzimage/bzImage_830b3c68c1fb1e9176028d02ef86f3cf76aa2476| exist, no need make|
|1213_160256|/root/image/centos8_3.img -> /root/image/centos8_2.img|
|1213_160319|Run /home/bzimage/bzImage_830b3c68c1fb1e9176028d02ef86f3cf76aa2476 with image:/root/image/centos8_2.img in local port:10022|
|1213_160344|CMD=ssh -o ConnectTimeout=1 -o 'StrictHostKeyChecking no' -p 10022 localhost 'rm -rf file*'|
|1213_160344|CMD=scp -o 'StrictHostKeyChecking no' -P 10022 /root/bzimage_bisect/repro.sh root@localhost:/root/repro.sh|
|1213_160345|CMD=scp -o 'StrictHostKeyChecking no' -P 10022 /root/syzkaller/workdir/crashes/be218cb553db8ea906d7e4c963915bf33e0d49e0/repro.cprog root@localhost:/root/repro.c|
|1213_160347|CMD=ssh -o ConnectTimeout=1 -o 'StrictHostKeyChecking no' -p 10022 localhost 'ls /root/repro.sh'|
|1213_160357|/home/bzimage/bzImage_830b3c68c1fb1e9176028d02ef86f3cf76aa2476 contained jbd2_journal_lock_updates:[   28.936446] ff11000009118170 (&journal->j_barrier){+.+.}-{3:3}, at: jbd2_journal_lock_updates+0xbe/0x1a0
[   28.951708]        jbd2_journal_lock_updates+0xbe/0x1a0
[   28.963730]  ? jbd2_journal_lock_updates+0xbe/0x1a0
[   28.964262]  ? jbd2_journal_lock_updates+0xbe/0x1a0
[   28.964562]  ? jbd2_journal_lock_updates+0xb0/0x1a0
[   28.964862]  ? jbd2_journal_lock_updates+0xbe/0x1a0
[   28.966494]  jbd2_journal_lock_updates+0xbe/0x1a0, FAIL|
|1213_160357|Found time:28 in /home/bzimage/1213_160256_jbd2_journal_lock_updates/830b3c68c1fb1e9176028d02ef86f3cf76aa2476_dmesg.log|
|1213_160357|Logic: |<=25: +25|25-60 +120|>60 +1800| Set TIME:148|
|1213_160357|-END- commit 830b3c68c1fb1e9176028d02ef86f3cf76aa2476 FAIL bad|
|1213_160357||/home/bzimage/bzImage_f40ddce88593482919761f74910f42f4b84c004b| exist, no need make|
|1213_160357|/root/image/centos8_3.img -> /root/image/centos8_2.img|
|1213_160421|Run /home/bzimage/bzImage_f40ddce88593482919761f74910f42f4b84c004b with image:/root/image/centos8_2.img in local port:10022|
|1213_160446|CMD=ssh -o ConnectTimeout=1 -o 'StrictHostKeyChecking no' -p 10022 localhost 'rm -rf file*'|
|1213_160446|CMD=scp -o 'StrictHostKeyChecking no' -P 10022 /root/bzimage_bisect/repro.sh root@localhost:/root/repro.sh|
|1213_160448|CMD=scp -o 'StrictHostKeyChecking no' -P 10022 /root/syzkaller/workdir/crashes/be218cb553db8ea906d7e4c963915bf33e0d49e0/repro.cprog root@localhost:/root/repro.c|
|1213_160449|CMD=ssh -o ConnectTimeout=1 -o 'StrictHostKeyChecking no' -p 10022 localhost 'ls /root/repro.sh'|
|1213_160717|/home/bzimage/bzImage_f40ddce88593482919761f74910f42f4b84c004b didn't contain jbd2_journal_lock_updates: in dmesg, pass|
|1213_160717|Start commit f40ddce88593482919761f74910f42f4b84c004b PASS good|
|1213_160717|CMD=git checkout -f 830b3c68c1fb1e9176028d02ef86f3cf76aa2476|
|1213_160717|CMD=git bisect start|
|1213_160717|CMD=git bisect bad 830b3c68c1fb1e9176028d02ef86f3cf76aa2476|
|1213_160717|Bisect first start commit:f40ddce88593482919761f74910f42f4b84c004b|
|1213_160717|git bisect good f40ddce88593482919761f74910f42f4b84c004b|
|1213_160751||/home/bzimage/bzImage_099eac91bcda67bde5dc7db158a7c42a1dba4d51| exist, no need make|
|1213_160751|/root/image/centos8_3.img -> /root/image/centos8_2.img|
|1213_160814|Run /home/bzimage/bzImage_099eac91bcda67bde5dc7db158a7c42a1dba4d51 with image:/root/image/centos8_2.img in local port:10022|
|1213_160839|CMD=ssh -o ConnectTimeout=1 -o 'StrictHostKeyChecking no' -p 10022 localhost 'rm -rf file*'|
|1213_160840|CMD=scp -o 'StrictHostKeyChecking no' -P 10022 /root/bzimage_bisect/repro.sh root@localhost:/root/repro.sh|
|1213_160841|CMD=scp -o 'StrictHostKeyChecking no' -P 10022 /root/syzkaller/workdir/crashes/be218cb553db8ea906d7e4c963915bf33e0d49e0/repro.cprog root@localhost:/root/repro.c|
|1213_160842|CMD=ssh -o ConnectTimeout=1 -o 'StrictHostKeyChecking no' -p 10022 localhost 'ls /root/repro.sh'|
|1213_161111|/home/bzimage/bzImage_099eac91bcda67bde5dc7db158a7c42a1dba4d51 didn't contain jbd2_journal_lock_updates: in dmesg, pass|
|1213_161111|git bisect good 099eac91bcda67bde5dc7db158a7c42a1dba4d51|
|1213_161145||/home/bzimage/bzImage_98931dd95fd489fcbfa97da563505a6f071d7c77| exist, no need make|
|1213_161145|/root/image/centos8_3.img -> /root/image/centos8_2.img|
|1213_161209|Run /home/bzimage/bzImage_98931dd95fd489fcbfa97da563505a6f071d7c77 with image:/root/image/centos8_2.img in local port:10022|
|1213_161234|CMD=ssh -o ConnectTimeout=1 -o 'StrictHostKeyChecking no' -p 10022 localhost 'rm -rf file*'|
|1213_161234|CMD=scp -o 'StrictHostKeyChecking no' -P 10022 /root/bzimage_bisect/repro.sh root@localhost:/root/repro.sh|
|1213_161235|CMD=scp -o 'StrictHostKeyChecking no' -P 10022 /root/syzkaller/workdir/crashes/be218cb553db8ea906d7e4c963915bf33e0d49e0/repro.cprog root@localhost:/root/repro.c|
|1213_161237|CMD=ssh -o ConnectTimeout=1 -o 'StrictHostKeyChecking no' -p 10022 localhost 'ls /root/repro.sh'|
|1213_161505|/home/bzimage/bzImage_98931dd95fd489fcbfa97da563505a6f071d7c77 didn't contain jbd2_journal_lock_updates: in dmesg, pass|
|1213_161505|git bisect good 98931dd95fd489fcbfa97da563505a6f071d7c77|
|1213_161517||/home/bzimage/bzImage_5cef38dd03f33ef206eb792df0fb3b200d762546| exist, no need make|
|1213_161517|/root/image/centos8_3.img -> /root/image/centos8_2.img|
|1213_161541|Run /home/bzimage/bzImage_5cef38dd03f33ef206eb792df0fb3b200d762546 with image:/root/image/centos8_2.img in local port:10022|
|1213_161606|CMD=ssh -o ConnectTimeout=1 -o 'StrictHostKeyChecking no' -p 10022 localhost 'rm -rf file*'|
|1213_161606|CMD=scp -o 'StrictHostKeyChecking no' -P 10022 /root/bzimage_bisect/repro.sh root@localhost:/root/repro.sh|
|1213_161607|CMD=scp -o 'StrictHostKeyChecking no' -P 10022 /root/syzkaller/workdir/crashes/be218cb553db8ea906d7e4c963915bf33e0d49e0/repro.cprog root@localhost:/root/repro.c|
|1213_161609|CMD=ssh -o ConnectTimeout=1 -o 'StrictHostKeyChecking no' -p 10022 localhost 'ls /root/repro.sh'|
|1213_161837|/home/bzimage/bzImage_5cef38dd03f33ef206eb792df0fb3b200d762546 contained jbd2_journal_lock_updates:[   28.632583] ff1100000938f170 (&journal->j_barrier){+.+.}-{3:3}, at: jbd2_journal_lock_updates+0xbe/0x1a0
[   28.647392]        jbd2_journal_lock_updates+0xbe/0x1a0
[   28.659340]  ? jbd2_journal_lock_updates+0xbe/0x1a0
[   28.659847]  ? jbd2_journal_lock_updates+0xbe/0x1a0
[   28.660134]  ? jbd2_journal_lock_updates+0xb0/0x1a0
[   28.660424]  ? jbd2_journal_lock_updates+0xbe/0x1a0
[   28.661985]  jbd2_journal_lock_updates+0xbe/0x1a0, FAIL|
|1213_161837|git bisect bad 5cef38dd03f33ef206eb792df0fb3b200d762546|
|1213_161841||/home/bzimage/bzImage_b069122256e45216b5c49d9441f9713991a4c645| exist, no need make|
|1213_161841|/root/image/centos8_3.img -> /root/image/centos8_2.img|
|1213_161904|Run /home/bzimage/bzImage_b069122256e45216b5c49d9441f9713991a4c645 with image:/root/image/centos8_2.img in local port:10022|
|1213_161929|CMD=ssh -o ConnectTimeout=1 -o 'StrictHostKeyChecking no' -p 10022 localhost 'rm -rf file*'|
|1213_161929|CMD=scp -o 'StrictHostKeyChecking no' -P 10022 /root/bzimage_bisect/repro.sh root@localhost:/root/repro.sh|
|1213_161931|CMD=scp -o 'StrictHostKeyChecking no' -P 10022 /root/syzkaller/workdir/crashes/be218cb553db8ea906d7e4c963915bf33e0d49e0/repro.cprog root@localhost:/root/repro.c|
|1213_161932|CMD=ssh -o ConnectTimeout=1 -o 'StrictHostKeyChecking no' -p 10022 localhost 'ls /root/repro.sh'|
|1213_162200|/home/bzimage/bzImage_b069122256e45216b5c49d9441f9713991a4c645 didn't contain jbd2_journal_lock_updates: in dmesg, pass|
|1213_162200|git bisect good b069122256e45216b5c49d9441f9713991a4c645|
|1213_162202||/home/bzimage/bzImage_798cd57cd5f871452461746032cf6ee50b0fd69a| exist, no need make|
|1213_162202|/root/image/centos8_3.img -> /root/image/centos8_2.img|
|1213_162226|Run /home/bzimage/bzImage_798cd57cd5f871452461746032cf6ee50b0fd69a with image:/root/image/centos8_2.img in local port:10022|
|1213_162251|CMD=ssh -o ConnectTimeout=1 -o 'StrictHostKeyChecking no' -p 10022 localhost 'rm -rf file*'|
|1213_162251|CMD=scp -o 'StrictHostKeyChecking no' -P 10022 /root/bzimage_bisect/repro.sh root@localhost:/root/repro.sh|
|1213_162252|CMD=scp -o 'StrictHostKeyChecking no' -P 10022 /root/syzkaller/workdir/crashes/be218cb553db8ea906d7e4c963915bf33e0d49e0/repro.cprog root@localhost:/root/repro.c|
|1213_162254|CMD=ssh -o ConnectTimeout=1 -o 'StrictHostKeyChecking no' -p 10022 localhost 'ls /root/repro.sh'|
|1213_162522|/home/bzimage/bzImage_798cd57cd5f871452461746032cf6ee50b0fd69a didn't contain jbd2_journal_lock_updates: in dmesg, pass|
|1213_162522|git bisect good 798cd57cd5f871452461746032cf6ee50b0fd69a|
|1213_162523||/home/bzimage/bzImage_eff0cb3d91c06acbb957be1134a07afa2c4978e3| exist, no need make|
|1213_162523|/root/image/centos8_3.img -> /root/image/centos8_2.img|
|1213_162546|Run /home/bzimage/bzImage_eff0cb3d91c06acbb957be1134a07afa2c4978e3 with image:/root/image/centos8_2.img in local port:10022|
|1213_162611|CMD=ssh -o ConnectTimeout=1 -o 'StrictHostKeyChecking no' -p 10022 localhost 'rm -rf file*'|
|1213_162612|CMD=scp -o 'StrictHostKeyChecking no' -P 10022 /root/bzimage_bisect/repro.sh root@localhost:/root/repro.sh|
|1213_162613|CMD=scp -o 'StrictHostKeyChecking no' -P 10022 /root/syzkaller/workdir/crashes/be218cb553db8ea906d7e4c963915bf33e0d49e0/repro.cprog root@localhost:/root/repro.c|
|1213_162614|CMD=ssh -o ConnectTimeout=1 -o 'StrictHostKeyChecking no' -p 10022 localhost 'ls /root/repro.sh'|
|1213_162843|/home/bzimage/bzImage_eff0cb3d91c06acbb957be1134a07afa2c4978e3 didn't contain jbd2_journal_lock_updates: in dmesg, pass|
|1213_162843|git bisect good eff0cb3d91c06acbb957be1134a07afa2c4978e3|
|1213_162844||/home/bzimage/bzImage_48a577dc1b09c1d35f2b8b37e7fa9a7169d50f5d| exist, no need make|
|1213_162844|/root/image/centos8_3.img -> /root/image/centos8_2.img|
|1213_162906|Run /home/bzimage/bzImage_48a577dc1b09c1d35f2b8b37e7fa9a7169d50f5d with image:/root/image/centos8_2.img in local port:10022|
|1213_162931|CMD=ssh -o ConnectTimeout=1 -o 'StrictHostKeyChecking no' -p 10022 localhost 'rm -rf file*'|
|1213_162931|CMD=scp -o 'StrictHostKeyChecking no' -P 10022 /root/bzimage_bisect/repro.sh root@localhost:/root/repro.sh|
|1213_162932|CMD=scp -o 'StrictHostKeyChecking no' -P 10022 /root/syzkaller/workdir/crashes/be218cb553db8ea906d7e4c963915bf33e0d49e0/repro.cprog root@localhost:/root/repro.c|
|1213_162934|CMD=ssh -o ConnectTimeout=1 -o 'StrictHostKeyChecking no' -p 10022 localhost 'ls /root/repro.sh'|
|1213_163202|/home/bzimage/bzImage_48a577dc1b09c1d35f2b8b37e7fa9a7169d50f5d contained jbd2_journal_lock_updates:[   28.745220] ff110000091b7170 (&journal->j_barrier){+.+.}-{3:3}, at: jbd2_journal_lock_updates+0xbe/0x1a0
[   28.760464]        jbd2_journal_lock_updates+0xbe/0x1a0
[   28.772234]  ? jbd2_journal_lock_updates+0xbe/0x1a0
[   28.772738]  ? jbd2_journal_lock_updates+0xbe/0x1a0
[   28.773022]  ? jbd2_journal_lock_updates+0xb0/0x1a0
[   28.773305]  ? jbd2_journal_lock_updates+0xbe/0x1a0
[   28.774853]  jbd2_journal_lock_updates+0xbe/0x1a0, FAIL|
|1213_163202|git bisect bad 48a577dc1b09c1d35f2b8b37e7fa9a7169d50f5d|
|1213_163203||/home/bzimage/bzImage_a1b02751d6ec21ec1b9c7c6826fc896ffde1c33d| exist, no need make|
|1213_163203|/root/image/centos8_3.img -> /root/image/centos8_2.img|
|1213_163226|Run /home/bzimage/bzImage_a1b02751d6ec21ec1b9c7c6826fc896ffde1c33d with image:/root/image/centos8_2.img in local port:10022|
|1213_163251|CMD=ssh -o ConnectTimeout=1 -o 'StrictHostKeyChecking no' -p 10022 localhost 'rm -rf file*'|
|1213_163251|CMD=scp -o 'StrictHostKeyChecking no' -P 10022 /root/bzimage_bisect/repro.sh root@localhost:/root/repro.sh|
|1213_163252|CMD=scp -o 'StrictHostKeyChecking no' -P 10022 /root/syzkaller/workdir/crashes/be218cb553db8ea906d7e4c963915bf33e0d49e0/repro.cprog root@localhost:/root/repro.c|
|1213_163254|CMD=ssh -o ConnectTimeout=1 -o 'StrictHostKeyChecking no' -p 10022 localhost 'ls /root/repro.sh'|
|1213_163522|/home/bzimage/bzImage_a1b02751d6ec21ec1b9c7c6826fc896ffde1c33d contained jbd2_journal_lock_updates:[   28.782827] ff1100000910b170 (&journal->j_barrier){+.+.}-{3:3}, at: jbd2_journal_lock_updates+0xbe/0x1a0
[   28.797429]        jbd2_journal_lock_updates+0xbe/0x1a0
[   28.809203]  ? jbd2_journal_lock_updates+0xbe/0x1a0
[   28.809699]  ? jbd2_journal_lock_updates+0xbe/0x1a0
[   28.809980]  ? jbd2_journal_lock_updates+0xb0/0x1a0
[   28.810264]  ? jbd2_journal_lock_updates+0xbe/0x1a0
[   28.811812]  jbd2_journal_lock_updates+0xbe/0x1a0, FAIL|
|1213_163522|git bisect bad a1b02751d6ec21ec1b9c7c6826fc896ffde1c33d|
|1213_163523||/home/bzimage/bzImage_e495274793ea602415d050452088a496abcd9e6c| exist, no need make|
|1213_163523|/root/image/centos8_3.img -> /root/image/centos8_2.img|
|1213_163541|Run /home/bzimage/bzImage_e495274793ea602415d050452088a496abcd9e6c with image:/root/image/centos8_2.img in local port:10022|
|1213_163606|CMD=ssh -o ConnectTimeout=1 -o 'StrictHostKeyChecking no' -p 10022 localhost 'rm -rf file*'|
|1213_163607|CMD=scp -o 'StrictHostKeyChecking no' -P 10022 /root/bzimage_bisect/repro.sh root@localhost:/root/repro.sh|
|1213_163608|CMD=scp -o 'StrictHostKeyChecking no' -P 10022 /root/syzkaller/workdir/crashes/be218cb553db8ea906d7e4c963915bf33e0d49e0/repro.cprog root@localhost:/root/repro.c|
|1213_163609|CMD=ssh -o ConnectTimeout=1 -o 'StrictHostKeyChecking no' -p 10022 localhost 'ls /root/repro.sh'|
|1213_163838|/home/bzimage/bzImage_e495274793ea602415d050452088a496abcd9e6c didn't contain jbd2_journal_lock_updates: in dmesg, pass|
|1213_163838|git bisect good e495274793ea602415d050452088a496abcd9e6c|
|1213_163838||/home/bzimage/bzImage_fa9db655d0e112c108fe838809608caf759bdf5e| exist, no need make|
|1213_163838|/root/image/centos8_3.img -> /root/image/centos8_2.img|
|1213_163857|Run /home/bzimage/bzImage_fa9db655d0e112c108fe838809608caf759bdf5e with image:/root/image/centos8_2.img in local port:10022|
|1213_163922|CMD=ssh -o ConnectTimeout=1 -o 'StrictHostKeyChecking no' -p 10022 localhost 'rm -rf file*'|
|1213_163923|CMD=scp -o 'StrictHostKeyChecking no' -P 10022 /root/bzimage_bisect/repro.sh root@localhost:/root/repro.sh|
|1213_163924|CMD=scp -o 'StrictHostKeyChecking no' -P 10022 /root/syzkaller/workdir/crashes/be218cb553db8ea906d7e4c963915bf33e0d49e0/repro.cprog root@localhost:/root/repro.c|
|1213_163925|CMD=ssh -o ConnectTimeout=1 -o 'StrictHostKeyChecking no' -p 10022 localhost 'ls /root/repro.sh'|
|1213_164154|/home/bzimage/bzImage_fa9db655d0e112c108fe838809608caf759bdf5e didn't contain jbd2_journal_lock_updates: in dmesg, pass|
|1213_164154|git bisect good fa9db655d0e112c108fe838809608caf759bdf5e|
|1213_164156||/home/bzimage/bzImage_5e9466a5d0604e20082d828008047b3165592caf| exist, no need make|
|1213_164156|/root/image/centos8_3.img -> /root/image/centos8_2.img|
|1213_164220|Run /home/bzimage/bzImage_5e9466a5d0604e20082d828008047b3165592caf with image:/root/image/centos8_2.img in local port:10022|
|1213_164245|CMD=ssh -o ConnectTimeout=1 -o 'StrictHostKeyChecking no' -p 10022 localhost 'rm -rf file*'|
|1213_164245|CMD=scp -o 'StrictHostKeyChecking no' -P 10022 /root/bzimage_bisect/repro.sh root@localhost:/root/repro.sh|
|1213_164247|CMD=scp -o 'StrictHostKeyChecking no' -P 10022 /root/syzkaller/workdir/crashes/be218cb553db8ea906d7e4c963915bf33e0d49e0/repro.cprog root@localhost:/root/repro.c|
|1213_164248|CMD=ssh -o ConnectTimeout=1 -o 'StrictHostKeyChecking no' -p 10022 localhost 'ls /root/repro.sh'|
|1213_164516|/home/bzimage/bzImage_5e9466a5d0604e20082d828008047b3165592caf didn't contain jbd2_journal_lock_updates: in dmesg, pass|
|1213_164516|git bisect good 5e9466a5d0604e20082d828008047b3165592caf|
|1213_164517||/home/bzimage/bzImage_09794a5a6c348f629b35fc1687071a1622ef4265| exist, no need make|
|1213_164517|/root/image/centos8_3.img -> /root/image/centos8_2.img|
|1213_164540|Run /home/bzimage/bzImage_09794a5a6c348f629b35fc1687071a1622ef4265 with image:/root/image/centos8_2.img in local port:10022|
|1213_164605|CMD=ssh -o ConnectTimeout=1 -o 'StrictHostKeyChecking no' -p 10022 localhost 'rm -rf file*'|
|1213_164605|CMD=scp -o 'StrictHostKeyChecking no' -P 10022 /root/bzimage_bisect/repro.sh root@localhost:/root/repro.sh|
|1213_164607|CMD=scp -o 'StrictHostKeyChecking no' -P 10022 /root/syzkaller/workdir/crashes/be218cb553db8ea906d7e4c963915bf33e0d49e0/repro.cprog root@localhost:/root/repro.c|
|1213_164608|CMD=ssh -o ConnectTimeout=1 -o 'StrictHostKeyChecking no' -p 10022 localhost 'ls /root/repro.sh'|
|1213_164836|/home/bzimage/bzImage_09794a5a6c348f629b35fc1687071a1622ef4265 didn't contain jbd2_journal_lock_updates: in dmesg, pass|
|1213_164836|git bisect good 09794a5a6c348f629b35fc1687071a1622ef4265|
|1213_164837||/home/bzimage/bzImage_6bc0d63dad7f9f54d381925ee855b402f652fa39| exist, no need make|
|1213_164837|/root/image/centos8_3.img -> /root/image/centos8_2.img|
|1213_164856|Run /home/bzimage/bzImage_6bc0d63dad7f9f54d381925ee855b402f652fa39 with image:/root/image/centos8_2.img in local port:10022|
|1213_164921|CMD=ssh -o ConnectTimeout=1 -o 'StrictHostKeyChecking no' -p 10022 localhost 'rm -rf file*'|
|1213_164922|CMD=scp -o 'StrictHostKeyChecking no' -P 10022 /root/bzimage_bisect/repro.sh root@localhost:/root/repro.sh|
|1213_164923|CMD=scp -o 'StrictHostKeyChecking no' -P 10022 /root/syzkaller/workdir/crashes/be218cb553db8ea906d7e4c963915bf33e0d49e0/repro.cprog root@localhost:/root/repro.c|
|1213_164924|CMD=ssh -o ConnectTimeout=1 -o 'StrictHostKeyChecking no' -p 10022 localhost 'ls /root/repro.sh'|
|1213_165153|/home/bzimage/bzImage_6bc0d63dad7f9f54d381925ee855b402f652fa39 contained jbd2_journal_lock_updates:[   28.872037] ff1100000916f170 (&journal->j_barrier){+.+.}-{3:3}, at: jbd2_journal_lock_updates+0xbe/0x190
[   28.886978]        jbd2_journal_lock_updates+0xbe/0x190
[   28.898960]  ? jbd2_journal_lock_updates+0xbe/0x190
[   28.899472]  ? jbd2_journal_lock_updates+0xbe/0x190
[   28.899767]  ? jbd2_journal_lock_updates+0xb0/0x190
[   28.900055]  ? jbd2_journal_lock_updates+0xbe/0x190
[   28.901636]  jbd2_journal_lock_updates+0xbe/0x190, FAIL|
|1213_165153|git bisect bad 6bc0d63dad7f9f54d381925ee855b402f652fa39|
|1213_165153||/home/bzimage/bzImage_67d7d8ad99beccd9fe92d585b87f1760dc9018e3| exist, no need make|
|1213_165153|/root/image/centos8_3.img -> /root/image/centos8_2.img|
|1213_165216|Run /home/bzimage/bzImage_67d7d8ad99beccd9fe92d585b87f1760dc9018e3 with image:/root/image/centos8_2.img in local port:10022|
|1213_165241|CMD=ssh -o ConnectTimeout=1 -o 'StrictHostKeyChecking no' -p 10022 localhost 'rm -rf file*'|
|1213_165241|CMD=scp -o 'StrictHostKeyChecking no' -P 10022 /root/bzimage_bisect/repro.sh root@localhost:/root/repro.sh|
|1213_165242|CMD=scp -o 'StrictHostKeyChecking no' -P 10022 /root/syzkaller/workdir/crashes/be218cb553db8ea906d7e4c963915bf33e0d49e0/repro.cprog root@localhost:/root/repro.c|
|1213_165244|CMD=ssh -o ConnectTimeout=1 -o 'StrictHostKeyChecking no' -p 10022 localhost 'ls /root/repro.sh'|
|1213_165512|/home/bzimage/bzImage_67d7d8ad99beccd9fe92d585b87f1760dc9018e3 didn't contain jbd2_journal_lock_updates: in dmesg, pass|
|1213_165512|git bisect good 67d7d8ad99beccd9fe92d585b87f1760dc9018e3|
|1213_165512||/home/bzimage/bzImage_c64a92992e6c1799f743999e1f1538fea0156aa4| exist, no need make|
|1213_165512|/root/image/centos8_3.img -> /root/image/centos8_2.img|
|1213_165535|Run /home/bzimage/bzImage_c64a92992e6c1799f743999e1f1538fea0156aa4 with image:/root/image/centos8_2.img in local port:10022|
|1213_165600|CMD=ssh -o ConnectTimeout=1 -o 'StrictHostKeyChecking no' -p 10022 localhost 'rm -rf file*'|
|1213_165600|CMD=scp -o 'StrictHostKeyChecking no' -P 10022 /root/bzimage_bisect/repro.sh root@localhost:/root/repro.sh|
|1213_165601|CMD=scp -o 'StrictHostKeyChecking no' -P 10022 /root/syzkaller/workdir/crashes/be218cb553db8ea906d7e4c963915bf33e0d49e0/repro.cprog root@localhost:/root/repro.c|
|1213_165603|CMD=ssh -o ConnectTimeout=1 -o 'StrictHostKeyChecking no' -p 10022 localhost 'ls /root/repro.sh'|
|1213_165831|/home/bzimage/bzImage_c64a92992e6c1799f743999e1f1538fea0156aa4 contained jbd2_journal_lock_updates:[   28.477730] ff110000077ba170 (&journal->j_barrier){+.+.}-{3:3}, at: jbd2_journal_lock_updates+0xbe/0x190
[   28.492717]        jbd2_journal_lock_updates+0xbe/0x190
[   28.504832]  ? jbd2_journal_lock_updates+0xbe/0x190
[   28.505349]  ? jbd2_journal_lock_updates+0xbe/0x190
[   28.505646]  ? jbd2_journal_lock_updates+0xb0/0x190
[   28.505939]  ? jbd2_journal_lock_updates+0xbe/0x190
[   28.507532]  jbd2_journal_lock_updates+0xbe/0x190, FAIL|
|1213_165831|git bisect bad c64a92992e6c1799f743999e1f1538fea0156aa4|
|1213_165831||/home/bzimage/bzImage_51ae846cff568c8c29921b1b28eb2dfbcd4ac12d| exist, no need make|
|1213_165831|/root/image/centos8_3.img -> /root/image/centos8_2.img|
|1213_165851|Run /home/bzimage/bzImage_51ae846cff568c8c29921b1b28eb2dfbcd4ac12d with image:/root/image/centos8_2.img in local port:10022|
|1213_165916|CMD=ssh -o ConnectTimeout=1 -o 'StrictHostKeyChecking no' -p 10022 localhost 'rm -rf file*'|
|1213_165916|CMD=scp -o 'StrictHostKeyChecking no' -P 10022 /root/bzimage_bisect/repro.sh root@localhost:/root/repro.sh|
|1213_165918|CMD=scp -o 'StrictHostKeyChecking no' -P 10022 /root/syzkaller/workdir/crashes/be218cb553db8ea906d7e4c963915bf33e0d49e0/repro.cprog root@localhost:/root/repro.c|
|1213_165919|CMD=ssh -o ConnectTimeout=1 -o 'StrictHostKeyChecking no' -p 10022 localhost 'ls /root/repro.sh'|
|1213_170147|/home/bzimage/bzImage_51ae846cff568c8c29921b1b28eb2dfbcd4ac12d contained jbd2_journal_lock_updates:[   28.575606] ff11000007773170 (&journal->j_barrier){+.+.}-{3:3}, at: jbd2_journal_lock_updates+0xbe/0x190
[   28.590350]        jbd2_journal_lock_updates+0xbe/0x190
[   28.602253]  ? jbd2_journal_lock_updates+0xbe/0x190
[   28.602766]  ? jbd2_journal_lock_updates+0xbe/0x190
[   28.603055]  ? jbd2_journal_lock_updates+0xb0/0x190
[   28.603346]  ? jbd2_journal_lock_updates+0xbe/0x190
[   28.604917]  jbd2_journal_lock_updates+0xbe/0x190, FAIL|
|1213_170147|git bisect bad 51ae846cff568c8c29921b1b28eb2dfbcd4ac12d|
|1213_170147||/home/bzimage/bzImage_fd7e672ea98b95b9d4c9dae316639f03c16a749d| exist, no need make|
|1213_170147|/root/image/centos8_3.img -> /root/image/centos8_2.img|
|1213_170210|Run /home/bzimage/bzImage_fd7e672ea98b95b9d4c9dae316639f03c16a749d with image:/root/image/centos8_2.img in local port:10022|
|1213_170235|CMD=ssh -o ConnectTimeout=1 -o 'StrictHostKeyChecking no' -p 10022 localhost 'rm -rf file*'|
|1213_170235|CMD=scp -o 'StrictHostKeyChecking no' -P 10022 /root/bzimage_bisect/repro.sh root@localhost:/root/repro.sh|
|1213_170237|CMD=scp -o 'StrictHostKeyChecking no' -P 10022 /root/syzkaller/workdir/crashes/be218cb553db8ea906d7e4c963915bf33e0d49e0/repro.cprog root@localhost:/root/repro.c|
|1213_170238|CMD=ssh -o ConnectTimeout=1 -o 'StrictHostKeyChecking no' -p 10022 localhost 'ls /root/repro.sh'|
|1213_170506|/home/bzimage/bzImage_fd7e672ea98b95b9d4c9dae316639f03c16a749d didn't contain jbd2_journal_lock_updates: in dmesg, pass|
|1213_170507|git bisect good fd7e672ea98b95b9d4c9dae316639f03c16a749d|
|1213_170507|Bisect PASS: find 51ae846cff568c8c29921b1b28eb2dfbcd4ac12d is the first bad commit|
|1213_170507|CMD=git bisect log >> /home/bzimage/bi.log|
|1213_170507|CMD=git bisect log >> /home/bzimage/1213_160256_jbd2_journal_lock_updates/bisect.log|
git bisect start
# bad: [830b3c68c1fb1e9176028d02ef86f3cf76aa2476] Linux 6.1
git bisect bad 830b3c68c1fb1e9176028d02ef86f3cf76aa2476
# good: [f40ddce88593482919761f74910f42f4b84c004b] Linux 5.11
git bisect good f40ddce88593482919761f74910f42f4b84c004b
# good: [099eac91bcda67bde5dc7db158a7c42a1dba4d51] Merge branch 'bnxt_en-next'
git bisect good 099eac91bcda67bde5dc7db158a7c42a1dba4d51
# good: [98931dd95fd489fcbfa97da563505a6f071d7c77] Merge tag 'mm-stable-2022-05-25' of git://git.kernel.org/pub/scm/linux/kernel/git/akpm/mm
git bisect good 98931dd95fd489fcbfa97da563505a6f071d7c77
# bad: [5cef38dd03f33ef206eb792df0fb3b200d762546] dt-bindings: gpio: sifive: add gpio-line-names
git bisect bad 5cef38dd03f33ef206eb792df0fb3b200d762546
# good: [b069122256e45216b5c49d9441f9713991a4c645] Merge tag 'nolibc.2022.07.27a' of git://git.kernel.org/pub/scm/linux/kernel/git/paulmck/linux-rcu
git bisect good b069122256e45216b5c49d9441f9713991a4c645
# good: [798cd57cd5f871452461746032cf6ee50b0fd69a] drm/amd/display: restore code for plane with no modifiers
git bisect good 798cd57cd5f871452461746032cf6ee50b0fd69a
# good: [eff0cb3d91c06acbb957be1134a07afa2c4978e3] Merge tag 'pci-v5.20-changes' of git://git.kernel.org/pub/scm/linux/kernel/git/helgaas/pci
git bisect good eff0cb3d91c06acbb957be1134a07afa2c4978e3
# bad: [48a577dc1b09c1d35f2b8b37e7fa9a7169d50f5d] Merge tag 'perf-tools-for-v6.0-2022-08-04' of git://git.kernel.org/pub/scm/linux/kernel/git/acme/linux
git bisect bad 48a577dc1b09c1d35f2b8b37e7fa9a7169d50f5d
# bad: [a1b02751d6ec21ec1b9c7c6826fc896ffde1c33d] Merge tag 'printk-for-5.20-sane' of git://git.kernel.org/pub/scm/linux/kernel/git/printk/linux
git bisect bad a1b02751d6ec21ec1b9c7c6826fc896ffde1c33d
# good: [e495274793ea602415d050452088a496abcd9e6c] Merge tag 'for-linus' of git://git.kernel.org/pub/scm/linux/kernel/git/rdma/rdma
git bisect good e495274793ea602415d050452088a496abcd9e6c
# good: [fa9db655d0e112c108fe838809608caf759bdf5e] Merge tag 'for-5.20/block-2022-08-04' of git://git.kernel.dk/linux-block
git bisect good fa9db655d0e112c108fe838809608caf759bdf5e
# good: [5e9466a5d0604e20082d828008047b3165592caf] xfs: delete extra space and tab in blank line
git bisect good 5e9466a5d0604e20082d828008047b3165592caf
# good: [09794a5a6c348f629b35fc1687071a1622ef4265] tracing: Use alignof__(struct {type b;}) instead of offsetof()
git bisect good 09794a5a6c348f629b35fc1687071a1622ef4265
# bad: [6bc0d63dad7f9f54d381925ee855b402f652fa39] ext4: remove EA inode entry from mbcache on inode eviction
git bisect bad 6bc0d63dad7f9f54d381925ee855b402f652fa39
# good: [67d7d8ad99beccd9fe92d585b87f1760dc9018e3] ext4: fix use-after-free in ext4_xattr_set_entry
git bisect good 67d7d8ad99beccd9fe92d585b87f1760dc9018e3
# bad: [c64a92992e6c1799f743999e1f1538fea0156aa4] ext4: aligned '*' in comments
git bisect bad c64a92992e6c1799f743999e1f1538fea0156aa4
# bad: [51ae846cff568c8c29921b1b28eb2dfbcd4ac12d] ext4: fix warning in ext4_iomap_begin as race between bmap and write
git bisect bad 51ae846cff568c8c29921b1b28eb2dfbcd4ac12d
# good: [fd7e672ea98b95b9d4c9dae316639f03c16a749d] ext4: correct the misjudgment in ext4_iget_extra_inode
git bisect good fd7e672ea98b95b9d4c9dae316639f03c16a749d
# first bad commit: [51ae846cff568c8c29921b1b28eb2dfbcd4ac12d] ext4: fix warning in ext4_iomap_begin as race between bmap and write
|1213_170507|/home/bzimage/bzImage_830b3c68c1fb1e9176028d02ef86f3cf76aa2476_51ae846cff568c8c29921b1b28eb2dfbcd4ac12d_revert exist, no need make|
|1213_170507|/root/image/centos8_3.img -> /root/image/centos8_2.img|
|1213_170529|Run /home/bzimage/bzImage_830b3c68c1fb1e9176028d02ef86f3cf76aa2476_51ae846cff568c8c29921b1b28eb2dfbcd4ac12d_revert with image:/root/image/centos8_2.img in local port:10022|
|1213_170554|CMD=ssh -o ConnectTimeout=1 -o 'StrictHostKeyChecking no' -p 10022 localhost 'rm -rf file*'|
|1213_170555|CMD=scp -o 'StrictHostKeyChecking no' -P 10022 /root/bzimage_bisect/repro.sh root@localhost:/root/repro.sh|
|1213_170556|CMD=scp -o 'StrictHostKeyChecking no' -P 10022 /root/syzkaller/workdir/crashes/be218cb553db8ea906d7e4c963915bf33e0d49e0/repro.cprog root@localhost:/root/repro.c|
|1213_170557|CMD=ssh -o ConnectTimeout=1 -o 'StrictHostKeyChecking no' -p 10022 localhost 'ls /root/repro.sh'|
|1213_170826|/home/bzimage/bzImage_830b3c68c1fb1e9176028d02ef86f3cf76aa2476_51ae846cff568c8c29921b1b28eb2dfbcd4ac12d_revert didn't contain jbd2_journal_lock_updates: in dmesg, pass|
|1213_170826|Bisect successfully! 830b3c68c1fb1e9176028d02ef86f3cf76aa2476_51ae846cff568c8c29921b1b28eb2dfbcd4ac12d_revert bzimage passed!|
