git bisect start
# bad: [830b3c68c1fb1e9176028d02ef86f3cf76aa2476] Linux 6.1
git bisect bad 830b3c68c1fb1e9176028d02ef86f3cf76aa2476
# good: [f40ddce88593482919761f74910f42f4b84c004b] Linux 5.11
git bisect good f40ddce88593482919761f74910f42f4b84c004b
# good: [099eac91bcda67bde5dc7db158a7c42a1dba4d51] Merge branch 'bnxt_en-next'
git bisect good 099eac91bcda67bde5dc7db158a7c42a1dba4d51
# good: [98931dd95fd489fcbfa97da563505a6f071d7c77] Merge tag 'mm-stable-2022-05-25' of git://git.kernel.org/pub/scm/linux/kernel/git/akpm/mm
git bisect good 98931dd95fd489fcbfa97da563505a6f071d7c77
# bad: [5cef38dd03f33ef206eb792df0fb3b200d762546] dt-bindings: gpio: sifive: add gpio-line-names
git bisect bad 5cef38dd03f33ef206eb792df0fb3b200d762546
# good: [b069122256e45216b5c49d9441f9713991a4c645] Merge tag 'nolibc.2022.07.27a' of git://git.kernel.org/pub/scm/linux/kernel/git/paulmck/linux-rcu
git bisect good b069122256e45216b5c49d9441f9713991a4c645
# good: [798cd57cd5f871452461746032cf6ee50b0fd69a] drm/amd/display: restore code for plane with no modifiers
git bisect good 798cd57cd5f871452461746032cf6ee50b0fd69a
# good: [eff0cb3d91c06acbb957be1134a07afa2c4978e3] Merge tag 'pci-v5.20-changes' of git://git.kernel.org/pub/scm/linux/kernel/git/helgaas/pci
git bisect good eff0cb3d91c06acbb957be1134a07afa2c4978e3
# bad: [48a577dc1b09c1d35f2b8b37e7fa9a7169d50f5d] Merge tag 'perf-tools-for-v6.0-2022-08-04' of git://git.kernel.org/pub/scm/linux/kernel/git/acme/linux
git bisect bad 48a577dc1b09c1d35f2b8b37e7fa9a7169d50f5d
# bad: [a1b02751d6ec21ec1b9c7c6826fc896ffde1c33d] Merge tag 'printk-for-5.20-sane' of git://git.kernel.org/pub/scm/linux/kernel/git/printk/linux
git bisect bad a1b02751d6ec21ec1b9c7c6826fc896ffde1c33d
# good: [e495274793ea602415d050452088a496abcd9e6c] Merge tag 'for-linus' of git://git.kernel.org/pub/scm/linux/kernel/git/rdma/rdma
git bisect good e495274793ea602415d050452088a496abcd9e6c
# good: [fa9db655d0e112c108fe838809608caf759bdf5e] Merge tag 'for-5.20/block-2022-08-04' of git://git.kernel.dk/linux-block
git bisect good fa9db655d0e112c108fe838809608caf759bdf5e
# good: [5e9466a5d0604e20082d828008047b3165592caf] xfs: delete extra space and tab in blank line
git bisect good 5e9466a5d0604e20082d828008047b3165592caf
# good: [09794a5a6c348f629b35fc1687071a1622ef4265] tracing: Use alignof__(struct {type b;}) instead of offsetof()
git bisect good 09794a5a6c348f629b35fc1687071a1622ef4265
# bad: [6bc0d63dad7f9f54d381925ee855b402f652fa39] ext4: remove EA inode entry from mbcache on inode eviction
git bisect bad 6bc0d63dad7f9f54d381925ee855b402f652fa39
# good: [67d7d8ad99beccd9fe92d585b87f1760dc9018e3] ext4: fix use-after-free in ext4_xattr_set_entry
git bisect good 67d7d8ad99beccd9fe92d585b87f1760dc9018e3
# bad: [c64a92992e6c1799f743999e1f1538fea0156aa4] ext4: aligned '*' in comments
git bisect bad c64a92992e6c1799f743999e1f1538fea0156aa4
# bad: [51ae846cff568c8c29921b1b28eb2dfbcd4ac12d] ext4: fix warning in ext4_iomap_begin as race between bmap and write
git bisect bad 51ae846cff568c8c29921b1b28eb2dfbcd4ac12d
# good: [fd7e672ea98b95b9d4c9dae316639f03c16a749d] ext4: correct the misjudgment in ext4_iget_extra_inode
git bisect good fd7e672ea98b95b9d4c9dae316639f03c16a749d
# first bad commit: [51ae846cff568c8c29921b1b28eb2dfbcd4ac12d] ext4: fix warning in ext4_iomap_begin as race between bmap and write
|1213_170507|/home/bzimage/bzImage_830b3c68c1fb1e9176028d02ef86f3cf76aa2476_51ae846cff568c8c29921b1b28eb2dfbcd4ac12d_revert exist, no need make|
|1213_170507|/root/image/centos8_3.img -> /root/image/centos8_2.img|
|1213_170529|Run /home/bzimage/bzImage_830b3c68c1fb1e9176028d02ef86f3cf76aa2476_51ae846cff568c8c29921b1b28eb2dfbcd4ac12d_revert with image:/root/image/centos8_2.img in local port:10022|
|1213_170554|CMD=ssh -o ConnectTimeout=1 -o 'StrictHostKeyChecking no' -p 10022 localhost 'rm -rf file*'|
|1213_170555|CMD=scp -o 'StrictHostKeyChecking no' -P 10022 /root/bzimage_bisect/repro.sh root@localhost:/root/repro.sh|
|1213_170556|CMD=scp -o 'StrictHostKeyChecking no' -P 10022 /root/syzkaller/workdir/crashes/be218cb553db8ea906d7e4c963915bf33e0d49e0/repro.cprog root@localhost:/root/repro.c|
|1213_170557|CMD=ssh -o ConnectTimeout=1 -o 'StrictHostKeyChecking no' -p 10022 localhost 'ls /root/repro.sh'|
|1213_170826|/home/bzimage/bzImage_830b3c68c1fb1e9176028d02ef86f3cf76aa2476_51ae846cff568c8c29921b1b28eb2dfbcd4ac12d_revert didn't contain jbd2_journal_lock_updates: in dmesg, pass|
|1213_170826|Bisect successfully! 830b3c68c1fb1e9176028d02ef86f3cf76aa2476_51ae846cff568c8c29921b1b28eb2dfbcd4ac12d_revert bzimage passed!|
