git bisect start
# status: waiting for both good and bad commits
# bad: [0a53950322bc80aeebf56f5a9d38c847186a082a] 0day head guard for 'devel-hourly-20240311-060623'
git bisect bad 0a53950322bc80aeebf56f5a9d38c847186a082a
# status: waiting for good commit(s), bad commit known
# good: [e8f897f4afef0031fe618a8e94127a0934896aba] Linux 6.8
git bisect good e8f897f4afef0031fe618a8e94127a0934896aba
# good: [eeab2bf68aba17682b103909cf04a9173ea902da] soundwire: intel: disable WAKEEN in pm_runtime resume
git bisect good eeab2bf68aba17682b103909cf04a9173ea902da
# good: [1a67692093000bfc1fee02739cc44f8fc6638e75] Merge branch 'sound/upstream-20240306' into merge/sound-upstream-20240306
git bisect good 1a67692093000bfc1fee02739cc44f8fc6638e75
# good: [e199c4ba8260ba845d9faf972d0718562cae042a] Merge tag 'wireless-next-2024-02-20' of git://git.kernel.org/pub/scm/linux/kernel/git/wireless/wireless-next
git bisect good e199c4ba8260ba845d9faf972d0718562cae042a
# good: [a74762675f700a5473ebe54a671a0788a5b23cc9] mptcp: avoid some duplicate code in socket option handling
git bisect good a74762675f700a5473ebe54a671a0788a5b23cc9
# good: [d720a5a34ea5c6d79c02e71473f0568705e0e1a2] Merge 'internal-rzhang1/for-intel-next' into devel-hourly-20240311-060623
git bisect good d720a5a34ea5c6d79c02e71473f0568705e0e1a2
# good: [39a096d67cf77699b71fba59abd5fb848f56d6f2] Merge branch 'ravb-cleanups'
git bisect good 39a096d67cf77699b71fba59abd5fb848f56d6f2
# good: [2e57ac92bf13972c90c21ab999c114bad5e47e91] Merge branches 'iommu/fixes', 'arm/mediatek', 'arm/renesas', 'arm/smmu', 'x86/vt-d', 'x86/amd' and 'core' into next
git bisect good 2e57ac92bf13972c90c21ab999c114bad5e47e91
# good: [8ae2ecc6b27ac1eac4ce40ce633a33130aead6e9] Merge 'internal-blu2-usb/13-Fix-non-NULL-domain-v3-0304-fixed-a' into devel-hourly-20240311-060623
git bisect good 8ae2ecc6b27ac1eac4ce40ce633a33130aead6e9
# good: [ec5012466bc6552d0602ca5ffe956575fa8a764b] crypto: x86/aes - Prepare for a new AES-XTS implementation
git bisect good ec5012466bc6552d0602ca5ffe956575fa8a764b
# good: [96f9829ec567adeb98153241fb173ab568266a1f] Merge 'internal-agluck/mce_gen_pool' into devel-hourly-20240311-060623
git bisect good 96f9829ec567adeb98153241fb173ab568266a1f
# bad: [36c0b19b924342aba67427bfbdb012ebd8eb3353] PCI: Correct error reporting with PCIe failed link retraining
git bisect bad 36c0b19b924342aba67427bfbdb012ebd8eb3353
# good: [677ac2d948db7af74601a3f35bbf69cf7bdac7c5] PCI: Do not wait for disconnected devices when resuming
git bisect good 677ac2d948db7af74601a3f35bbf69cf7bdac7c5
# first bad commit: [36c0b19b924342aba67427bfbdb012ebd8eb3353] PCI: Correct error reporting with PCIe failed link retraining
