c[?7l[2J[0mSeaBIOS (version rel-1.16.0-0-gd239552ce722-prebuilt.qemu.org)


iPXE (http://ipxe.org) 00:03.0 CA00 PCI2.10 PnP PMM+7FF91000+7FEF1000 CA00
Press Ctrl-B to configure iPXE (PCI 00:03.0)...                                                                               


Booting from ROM..c[?7l[2J[    0.000000] Linux version 6.0.0-rc2-73759c346341+ (root@p-rpls03) (gcc (GCC) 11.4.1 20230605 (Red Hat 11.4.1-2), GNU ld version 2.35.2-42.el9) #1 SMP PREEMPT_DYNAMIC Mon Aug 28 01:00:18 CST 2023
[    0.000000] Command line: console=ttyS0 root=/dev/sda earlyprintk=serial net.ifnames=0 quiet plymouth.enable=0
[    0.000000] KERNEL supported cpus:
[    0.000000]   Intel GenuineIntel
[    0.000000]   AMD AuthenticAMD
[    0.000000]   Hygon HygonGenuine
[    0.000000]   Centaur CentaurHauls
[    0.000000]   zhaoxin   Shanghai  
[    0.000000] x86/fpu: Supporting XSAVE feature 0x001: 'x87 floating point registers'
[    0.000000] x86/fpu: Supporting XSAVE feature 0x002: 'SSE registers'
[    0.000000] x86/fpu: Supporting XSAVE feature 0x004: 'AVX registers'
[    0.000000] x86/fpu: Supporting XSAVE feature 0x200: 'Protection Keys User registers'
[    0.000000] x86/fpu: xstate_offset[2]:  576, xstate_sizes[2]:  256
[    0.000000] x86/fpu: xstate_offset[9]:  832, xstate_sizes[9]:    8
[    0.000000] x86/fpu: Enabled xstate features 0x207, context size is 840 bytes, using 'compacted' format.
[    0.000000] signal: max sigframe size: 3632
[    0.000000] BIOS-provided physical RAM map:
[    0.000000] BIOS-e820: [mem 0x0000000000000000-0x000000000009fbff] usable
[    0.000000] BIOS-e820: [mem 0x000000000009fc00-0x000000000009ffff] reserved
[    0.000000] BIOS-e820: [mem 0x00000000000f0000-0x00000000000fffff] reserved
[    0.000000] BIOS-e820: [mem 0x0000000000100000-0x000000007ffdffff] usable
[    0.000000] BIOS-e820: [mem 0x000000007ffe0000-0x000000007fffffff] reserved
[    0.000000] BIOS-e820: [mem 0x00000000feffc000-0x00000000feffffff] reserved
[    0.000000] BIOS-e820: [mem 0x00000000fffc0000-0x00000000ffffffff] reserved
[    0.000000] printk: bootconsole [earlyser0] enabled
[    0.165227] Spectre V2 : WARNING: Unprivileged eBPF is enabled with eIBRS on, data leaks possible via Spectre v2 BHB attacks!
[    4.447992] systemd[1]: Failed to start Load Kernel Modules.
[[0;1;31mFAILED[0m] Failed to start [0;1;39mLoad Kernel Modules[0m.

CentOS Stream 9
Kernel 6.0.0-rc2-73759c346341+ on an x86_64

Activate the web console with: systemctl enable --now cockpit.socket

test login: [   17.658253] 
[   17.658257] ======================================================
[   17.658260] WARNING: possible circular locking dependency detected
[   17.658264] 6.0.0-rc2-73759c346341+ #1 Tainted: G        W         
[   17.658269] ------------------------------------------------------
[   17.658272] repro/772 is trying to acquire lock:
[   17.658278] ffff88801223d610 (&p->pi_lock){-.-.}-{2:2}, at: try_to_wake_up+0xbd/0x1650
[   17.658306] 
[   17.658306] but task is already holding lock:
[   17.658308] ffffffff864439b8 ((console_sem).lock){-.-.}-{2:2}, at: up+0x21/0xc0
[   17.658330] 
[   17.658330] which lock already depends on the new lock.
[   17.658330] 
[   17.658332] 
[   17.658332] the existing dependency chain (in reverse order) is:
[   17.658335] 
[   17.658335] -> #3 ((console_sem).lock){-.-.}-{2:2}:
[   17.658347]        _raw_spin_lock_irqsave+0x52/0x80
[   17.658359]        down_trylock+0x1c/0x80
[   17.658369]        __down_trylock_console_sem+0x4f/0xe0
[   17.658380]        vprintk_emit+0x27c/0x6d0
[   17.658388]        vprintk_default+0x2f/0x40
[   17.658397]        vprintk+0xde/0x180
[   17.658405]        _printk+0xc3/0xfa
[   17.658415]        report_bug.cold+0x71/0xae
[   17.658424]        handle_bug+0x46/0x80
[   17.658434]        exc_invalid_op+0x1d/0x50
[   17.658443]        asm_exc_invalid_op+0x1f/0x30
[   17.658453]        group_sched_out.part.0+0x2d8/0x470
[   17.658464]        ctx_sched_out+0x91b/0xc30
[   17.658473]        ctx_resched+0x305/0x3a0
[   17.658481]        __perf_install_in_context+0x297/0xab0
[   17.658491]        remote_function+0x136/0x1b0
[   17.658499]        __flush_smp_call_function_queue+0x1f3/0x5d0
[   17.658511]        generic_smp_call_function_single_interrupt+0x1c/0x30
[   17.658523]        __sysvec_call_function_single+0x9f/0x3b0
[   17.658533]        sysvec_call_function_single+0xa0/0xc0
[   17.658543]        asm_sysvec_call_function_single+0x1f/0x30
[   17.658554]        handle_mm_fault+0x3b0/0xa00
[   17.658563]        do_user_addr_fault+0x555/0x1330
[   17.658571]        exc_page_fault+0xa6/0x1d0
[   17.658580]        asm_exc_page_fault+0x2b/0x30
[   17.658589] 
[   17.658589] -> #2 (&cpuctx_lock){-...}-{2:2}:
[   17.658602]        _raw_spin_lock+0x38/0x50
[   17.658611]        perf_cgroup_switch+0x213/0x620
[   17.658621]        __perf_event_task_sched_out+0x273/0x1a50
[   17.658633]        __schedule+0x1200/0x2910
[   17.658641]        preempt_schedule_common+0x4a/0xe0
[   17.658651]        __cond_resched+0x24/0x30
[   17.658659]        __wait_for_common+0xa8/0x550
[   17.658668]        wait_for_completion+0x28/0x30
[   17.658678]        devtmpfs_submit_req+0xb2/0x110
[   17.658689]        devtmpfs_create_node+0x18b/0x230
[   17.658699]        device_add+0x1a6e/0x2070
[   17.658710]        device_create_groups_vargs+0x207/0x280
[   17.658722]        device_create+0xe8/0x120
[   17.658733]        vcs_make_sysfs+0x3e/0x90
[   17.658742]        vc_allocate+0x5e3/0x870
[   17.658751]        con_install+0xa9/0x640
[   17.658760]        tty_init_dev.part.0+0xa8/0x640
[   17.658769]        tty_open+0xc5b/0x14d0
[   17.658778]        chrdev_open+0x2a8/0x780
[   17.658788]        do_dentry_open+0x499/0x1210
[   17.658798]        vfs_open+0xa9/0xe0
[   17.658807]        path_openat+0x1e18/0x2ae0
[   17.658815]        do_filp_open+0x1ce/0x420
[   17.658824]        do_sys_openat2+0x181/0x540
[   17.658833]        __x64_sys_openat+0x17a/0x240
[   17.658843]        do_syscall_64+0x3c/0x90
[   17.658852]        entry_SYSCALL_64_after_hwframe+0x63/0xcd
[   17.658862] 
[   17.658862] -> #1 (&rq->__lock){-.-.}-{2:2}:
[   17.658874]        _raw_spin_lock_nested+0x3e/0x60
[   17.658884]        raw_spin_rq_lock_nested+0x2c/0x40
[   17.658895]        task_fork_fair+0x6c/0x490
[   17.658905]        sched_cgroup_fork+0x3a9/0x5e0
[   17.658914]        copy_process+0x43a4/0x6c70
[   17.658924]        kernel_clone+0xfd/0xaf0
[   17.658933]        user_mode_thread+0xc5/0x100
[   17.658943]        rest_init+0x32/0x280
[   17.658952]        arch_call_rest_init+0x1c/0x34
[   17.658962]        start_kernel+0x4fe/0x524
[   17.658971]        x86_64_start_reservations+0x28/0x2e
[   17.658981]        x86_64_start_kernel+0x9b/0xa5
[   17.658990]        secondary_startup_64_no_verify+0xe5/0xeb
[   17.659002] 
[   17.659002] -> #0 (&p->pi_lock){-.-.}-{2:2}:
[   17.659014]        __lock_acquire+0x29ec/0x5410
[   17.659025]        lock_acquire+0x1c7/0x570
[   17.659035]        _raw_spin_lock_irqsave+0x52/0x80
[   17.659045]        try_to_wake_up+0xbd/0x1650
[   17.659054]        wake_up_process+0x19/0x20
[   17.659063]        __up.isra.0+0xec/0x130
[   17.659071]        up+0x90/0xc0
[   17.659080]        __up_console_sem+0x8b/0xb0
[   17.659090]        console_unlock+0x4d5/0x5f0
[   17.659099]        con_install+0x16d/0x640
[   17.659107]        tty_init_dev.part.0+0xa8/0x640
[   17.659117]        tty_open+0xc5b/0x14d0
[   17.659126]        chrdev_open+0x2a8/0x780
[   17.659135]        do_dentry_open+0x499/0x1210
[   17.659144]        vfs_open+0xa9/0xe0
[   17.659153]        path_openat+0x1e18/0x2ae0
[   17.659162]        do_filp_open+0x1ce/0x420
[   17.659171]        do_sys_openat2+0x181/0x540
[   17.659184]        __x64_sys_openat+0x17a/0x240
[   17.659196]        do_syscall_64+0x3c/0x90
[   17.659209]        entry_SYSCALL_64_after_hwframe+0x63/0xcd
[   17.659224] 
[   17.659224] other info that might help us debug this:
[   17.659224] 
[   17.659226] Chain exists of:
[   17.659226]   &p->pi_lock --> &cpuctx_lock --> (console_sem).lock
[   17.659226] 
[   17.659241]  Possible unsafe locking scenario:
[   17.659241] 
[   17.659243]        CPU0                    CPU1
[   17.659246]        ----                    ----
[   17.659248]   lock((console_sem).lock);
[   17.659253]                                lock(&cpuctx_lock);
[   17.659259]                                lock((console_sem).lock);
[   17.659265]   lock(&p->pi_lock);
[   17.659269] 
[   17.659269]  *** DEADLOCK ***
[   17.659269] 
[   17.659271] 3 locks held by repro/772:
[   17.659277]  #0: ffffffff869fc428 (tty_mutex){+.+.}-{3:3}, at: tty_open+0x590/0x14d0
[   17.659297]  #1: ffff88800ff8f1c0 (&tty->legacy_mutex){+.+.}-{3:3}, at: tty_lock+0xd0/0x140
[   17.659320]  #2: ffffffff864439b8 ((console_sem).lock){-.-.}-{2:2}, at: up+0x21/0xc0
[   17.659342] 
[   17.659342] stack backtrace:
[   17.659345] CPU: 1 PID: 772 Comm: repro Tainted: G        W          6.0.0-rc2-73759c346341+ #1
[   17.659356] Hardware name: QEMU Standard PC (i440FX + PIIX, 1996), BIOS rel-1.16.0-0-gd239552ce722-prebuilt.qemu.org 04/01/2014
[   17.659362] Call Trace:
[   17.659365]  <TASK>
[   17.659369]  dump_stack_lvl+0xa7/0xdb
[   17.659382]  dump_stack+0x19/0x1f
[   17.659393]  print_circular_bug.cold+0x15b/0x16a
[   17.659409]  check_noncircular+0x26c/0x320
[   17.659422]  ? lock_chain_count+0x30/0x30
[   17.659436]  ? print_circular_bug+0x210/0x210
[   17.659449]  ? desc_read+0x35d/0x440
[   17.659464]  ? call_rcu_zapped+0xb0/0xb0
[   17.659478]  ? __sanitizer_cov_trace_const_cmp8+0x1c/0x30
[   17.659494]  __lock_acquire+0x29ec/0x5410
[   17.659515]  ? lockdep_hardirqs_on_prepare+0x420/0x420
[   17.659531]  ? __this_cpu_preempt_check+0x21/0x30
[   17.659544]  ? lock_is_held_type+0xf0/0x150
[   17.659557]  lock_acquire+0x1c7/0x570
[   17.659570]  ? try_to_wake_up+0xbd/0x1650
[   17.659583]  ? lock_release+0x870/0x870
[   17.659598]  ? lockdep_hardirqs_on_prepare+0x420/0x420
[   17.659614]  ? __this_cpu_preempt_check+0x21/0x30
[   17.659626]  ? lock_is_held_type+0xf0/0x150
[   17.659640]  _raw_spin_lock_irqsave+0x52/0x80
[   17.659651]  ? try_to_wake_up+0xbd/0x1650
[   17.659662]  try_to_wake_up+0xbd/0x1650
[   17.659675]  ? migrate_swap_stop+0x7c0/0x7c0
[   17.659686]  ? rwlock_bug.part.0+0x90/0x90
[   17.659701]  wake_up_process+0x19/0x20
[   17.659712]  __up.isra.0+0xec/0x130
[   17.659723]  up+0x90/0xc0
[   17.659733]  ? con_install+0x16d/0x640
[   17.659742]  __up_console_sem+0x8b/0xb0
[   17.659758]  console_unlock+0x4d5/0x5f0
[   17.659770]  ? console_emit_next_record.constprop.0+0x8c0/0x8c0
[   17.659783]  ? __sanitizer_cov_trace_const_cmp4+0x1a/0x20
[   17.659797]  ? tty_standard_install+0x88/0x190
[   17.659812]  con_install+0x16d/0x640
[   17.659824]  ? vc_allocate+0x870/0x870
[   17.659837]  ? mutex_lock_nested+0x1f/0x30
[   17.659849]  ? vc_allocate+0x870/0x870
[   17.659860]  tty_init_dev.part.0+0xa8/0x640
[   17.659872]  ? tty_lookup_driver+0x1c7/0x560
[   17.659886]  tty_open+0xc5b/0x14d0
[   17.659898]  ? chrdev_open+0x58b/0x780
[   17.659912]  ? tty_init_dev+0x90/0x90
[   17.659925]  ? do_raw_spin_unlock+0x15d/0x210
[   17.659937]  ? tty_init_dev+0x90/0x90
[   17.659948]  chrdev_open+0x2a8/0x780
[   17.659960]  ? cdev_device_add+0x240/0x240
[   17.659969]  ? fsnotify_perm.part.0+0x265/0x5f0
[   17.659988]  do_dentry_open+0x499/0x1210
[   17.660003]  ? cdev_device_add+0x240/0x240
[   17.660019]  vfs_open+0xa9/0xe0
[   17.660033]  path_openat+0x1e18/0x2ae0
[   17.660052]  ? path_lookupat+0x770/0x770
[   17.660067]  do_filp_open+0x1ce/0x420
[   17.660077]  ? may_open_dev+0x110/0x110
[   17.660087]  ? lock_release+0x3ed/0x870
[   17.660110]  ? do_raw_spin_unlock+0x15d/0x210
[   17.660133]  do_sys_openat2+0x181/0x540
[   17.660146]  ? seqcount_lockdep_reader_access.constprop.0+0xb4/0xd0
[   17.660164]  ? ktime_get_coarse_real_ts64+0x4d/0xf0
[   17.660181]  ? build_open_flags+0x6d0/0x6d0
[   17.660194]  ? lockdep_hardirqs_on+0x8a/0x110
[   17.660207]  ? trace_hardirqs_on+0x41/0x120
[   17.660225]  ? seqcount_lockdep_reader_access.constprop.0+0xc0/0xd0
[   17.660246]  __x64_sys_openat+0x17a/0x240
[   17.660261]  ? __ia32_compat_sys_open+0x1f0/0x1f0
[   17.660278]  ? syscall_trace_enter.constprop.0+0x17e/0x240
[   17.660304]  do_syscall_64+0x3c/0x90
[   17.660319]  entry_SYSCALL_64_after_hwframe+0x63/0xcd
[   17.660334] RIP: 0033:0x7ff06ef3e84b
[   17.660345] Code: 25 00 00 41 00 3d 00 00 41 00 74 4b 64 8b 04 25 18 00 00 00 85 c0 75 67 44 89 e2 48 89 ee bf 9c ff ff ff b8 01 01 00 00 0f 05 <48> 3d 00 f0 ff ff 0f 87 91 00 00 00 48 8b 54 24 28 64 48 2b 14 25
[   17.660357] RSP: 002b:00007ffed3d8f730 EFLAGS: 00000246 ORIG_RAX: 0000000000000101
[   17.660368] RAX: ffffffffffffffda RBX: 0000000000000000 RCX: 00007ff06ef3e84b
[   17.660376] RDX: 0000000000000002 RSI: 00007ffed3d8f7d0 RDI: 00000000ffffff9c
[   17.660384] RBP: 00007ffed3d8f7d0 R08: 0000000000000000 R09: 00007ffed3d8f546
[   17.660392] R10: 0000000000000000 R11: 0000000000000246 R12: 0000000000000002
[   17.660399] R13: 0000000000401e37 R14: 0000000000403e08 R15: 00007ff06f1d8000
[   17.660417]  </TASK>
