c[?7l[2J[0mSeaBIOS (version rel-1.16.0-0-gd239552ce722-prebuilt.qemu.org)


iPXE (http://ipxe.org) 00:03.0 CA00 PCI2.10 PnP PMM+7FF91000+7FEF1000 CA00
Press Ctrl-B to configure iPXE (PCI 00:03.0)...                                                                               


Booting from ROM...
c[?7l[2J[    0.000000] Linux version 5.19.0-328141e51e6f+ (root@p-rplp02) (gcc (GCC) 8.5.0 20210514 (Red Hat 8.5.0-18), GNU ld version 2.36.1-2.el8) #1 SMP PREEMPT_DYNAMIC Wed Mar 8 16:56:13 CST 2023
[    0.000000] Command line: console=ttyS0 root=/dev/sda earlyprintk=serial net.ifnames=0 plymouth.enable=0
[    0.000000] KERNEL supported cpus:
[    0.000000]   Intel GenuineIntel
[    0.000000]   AMD AuthenticAMD
[    0.000000]   Hygon HygonGenuine
[    0.000000]   Centaur CentaurHauls
[    0.000000]   zhaoxin   Shanghai  
[    0.000000] x86/fpu: Supporting XSAVE feature 0x001: 'x87 floating point registers'
[    0.000000] x86/fpu: Supporting XSAVE feature 0x002: 'SSE registers'
[    0.000000] x86/fpu: Supporting XSAVE feature 0x004: 'AVX registers'
[    0.000000] x86/fpu: Supporting XSAVE feature 0x200: 'Protection Keys User registers'
[    0.000000] x86/fpu: xstate_offset[2]:  576, xstate_sizes[2]:  256
[    0.000000] x86/fpu: xstate_offset[9]:  832, xstate_sizes[9]:    8
[    0.000000] x86/fpu: Enabled xstate features 0x207, context size is 840 bytes, using 'compacted' format.
[    0.000000] signal: max sigframe size: 3632
[    0.000000] BIOS-provided physical RAM map:
[    0.000000] BIOS-e820: [mem 0x0000000000000000-0x000000000009fbff] usable
[    0.000000] BIOS-e820: [mem 0x000000000009fc00-0x000000000009ffff] reserved
[    0.000000] BIOS-e820: [mem 0x00000000000f0000-0x00000000000fffff] reserved
[    0.000000] BIOS-e820: [mem 0x0000000000100000-0x000000007ffdffff] usable
[    0.000000] BIOS-e820: [mem 0x000000007ffe0000-0x000000007fffffff] reserved
[    0.000000] BIOS-e820: [mem 0x00000000feffc000-0x00000000feffffff] reserved
[    0.000000] BIOS-e820: [mem 0x00000000fffc0000-0x00000000ffffffff] reserved
[    0.000000] printk: bootconsole [earlyser0] enabled
[    0.000000] NX (Execute Disable) protection: active
[    0.000000] SMBIOS 2.8 present.
[    0.000000] DMI: QEMU Standard PC (i440FX + PIIX, 1996), BIOS rel-1.16.0-0-gd239552ce722-prebuilt.qemu.org 04/01/2014
[    0.000000] Hypervisor detected: KVM
[    0.000000] kvm-clock: Using msrs 4b564d01 and 4b564d00
[    0.000007] kvm-clock: using sched offset of 558368216 cycles
[    0.000532] clocksource: kvm-clock: mask: 0xffffffffffffffff max_cycles: 0x1cd42e4dffb, max_idle_ns: 881590591483 ns
[    0.002142] tsc: Detected 1881.600 MHz processor
[    0.011889] last_pfn = 0x7ffe0 max_arch_pfn = 0x400000000
[    0.012534] x86/PAT: Configuration [0-7]: WB  WC  UC- UC  WB  WP  UC- WT  
[    0.024482] found SMP MP-table at [mem 0x000f5ba0-0x000f5baf]
[    0.025178] Using GB pages for direct mapping
[    0.027011] ACPI: Early table checksum verification disabled
[    0.027593] ACPI: RSDP 0x00000000000F59C0 000014 (v00 BOCHS )
[    0.028196] ACPI: RSDT 0x000000007FFE1951 000034 (v01 BOCHS  BXPC     00000001 BXPC 00000001)
[    0.029051] ACPI: FACP 0x000000007FFE17FD 000074 (v01 BOCHS  BXPC     00000001 BXPC 00000001)
[    0.029914] ACPI: DSDT 0x000000007FFE0040 0017BD (v01 BOCHS  BXPC     00000001 BXPC 00000001)
[    0.030778] ACPI: FACS 0x000000007FFE0000 000040
[    0.031259] ACPI: APIC 0x000000007FFE1871 000080 (v01 BOCHS  BXPC     00000001 BXPC 00000001)
[    0.032129] ACPI: HPET 0x000000007FFE18F1 000038 (v01 BOCHS  BXPC     00000001 BXPC 00000001)
[    0.033000] ACPI: WAET 0x000000007FFE1929 000028 (v01 BOCHS  BXPC     00000001 BXPC 00000001)
[    0.033869] ACPI: Reserving FACP table memory at [mem 0x7ffe17fd-0x7ffe1870]
[    0.034581] ACPI: Reserving DSDT table memory at [mem 0x7ffe0040-0x7ffe17fc]
[    0.035273] ACPI: Reserving FACS table memory at [mem 0x7ffe0000-0x7ffe003f]
[    0.035960] ACPI: Reserving APIC table memory at [mem 0x7ffe1871-0x7ffe18f0]
[    0.036645] ACPI: Reserving HPET table memory at [mem 0x7ffe18f1-0x7ffe1928]
[    0.037328] ACPI: Reserving WAET table memory at [mem 0x7ffe1929-0x7ffe1950]
[    0.038770] No NUMA configuration found
[    0.039169] Faking a node at [mem 0x0000000000000000-0x000000007ffdffff]
[    0.039908] NODE_DATA(0) allocated [mem 0x7ffb5000-0x7ffdffff]
[    0.045412] Zone ranges:
[    0.045732]   DMA      [mem 0x0000000000001000-0x0000000000ffffff]
[    0.046368]   DMA32    [mem 0x0000000001000000-0x000000007ffdffff]
[    0.046991]   Normal   empty
[    0.047283]   Device   empty
[    0.047568] Movable zone start for each node
[    0.047985] Early memory node ranges
[    0.048334]   node   0: [mem 0x0000000000001000-0x000000000009efff]
[    0.048946]   node   0: [mem 0x0000000000100000-0x000000007ffdffff]
[    0.049560] Initmem setup node 0 [mem 0x0000000000001000-0x000000007ffdffff]
[    0.051021] On node 0, zone DMA: 1 pages in unavailable ranges
[    0.051229] On node 0, zone DMA: 97 pages in unavailable ranges
[    0.075957] On node 0, zone DMA32: 32 pages in unavailable ranges
[    0.076914] ACPI: PM-Timer IO Port: 0x608
[    0.077967] ACPI: LAPIC_NMI (acpi_id[0xff] dfl dfl lint[0x1])
[    0.078618] IOAPIC[0]: apic_id 0, version 17, address 0xfec00000, GSI 0-23
[    0.079327] ACPI: INT_SRC_OVR (bus 0 bus_irq 0 global_irq 2 dfl dfl)
[    0.079967] ACPI: INT_SRC_OVR (bus 0 bus_irq 5 global_irq 5 high level)
[    0.080629] ACPI: INT_SRC_OVR (bus 0 bus_irq 9 global_irq 9 high level)
[    0.081297] ACPI: INT_SRC_OVR (bus 0 bus_irq 10 global_irq 10 high level)
[    0.081988] ACPI: INT_SRC_OVR (bus 0 bus_irq 11 global_irq 11 high level)
[    0.082688] ACPI: Using ACPI (MADT) for SMP configuration information
[    0.083330] ACPI: HPET id: 0x8086a201 base: 0xfed00000
[    0.083864] TSC deadline timer available
[    0.084259] smpboot: Allowing 2 CPUs, 0 hotplug CPUs
[    0.084807] kvm-guest: KVM setup pv remote TLB flush
[    0.085307] kvm-guest: setup PV sched yield
[    0.085789] PM: hibernation: Registered nosave memory: [mem 0x00000000-0x00000fff]
[    0.086558] PM: hibernation: Registered nosave memory: [mem 0x0009f000-0x0009ffff]
[    0.087295] PM: hibernation: Registered nosave memory: [mem 0x000a0000-0x000effff]
[    0.088028] PM: hibernation: Registered nosave memory: [mem 0x000f0000-0x000fffff]
[    0.088765] [mem 0x80000000-0xfeffbfff] available for PCI devices
[    0.089362] Booting paravirtualized kernel on KVM
[    0.089839] clocksource: refined-jiffies: mask: 0xffffffff max_cycles: 0xffffffff, max_idle_ns: 7645519600211568 ns
[    0.090906] setup_percpu: NR_CPUS:8192 nr_cpumask_bits:2 nr_cpu_ids:2 nr_node_ids:1
[    0.093592] percpu: Embedded 64 pages/cpu s225280 r8192 d28672 u1048576
[    0.094556] kvm-guest: PV spinlocks enabled
[    0.094995] PV qspinlock hash table entries: 256 (order: 0, 4096 bytes, linear)
[    0.095758] Fallback order for Node 0: 0 
[    0.096186] Built 1 zonelists, mobility grouping on.  Total pages: 515808
[    0.096857] Policy zone: DMA32
[    0.097162] Kernel command line: net.ifnames=0 console=ttyS0 root=/dev/sda earlyprintk=serial net.ifnames=0 plymouth.enable=0
[    0.100504] Dentry cache hash table entries: 262144 (order: 9, 2097152 bytes, linear)
[    0.102098] Inode-cache hash table entries: 131072 (order: 8, 1048576 bytes, linear)
[    0.103053] mem auto-init: stack:off, heap alloc:off, heap free:off
[    0.109162] Memory: 1985384K/2096632K available (32784K kernel code, 4524K rwdata, 8068K rodata, 3644K init, 22324K bss, 110992K reserved, 0K cma-reserved)
[    0.111834] SLUB: HWalign=64, Order=0-3, MinObjects=0, CPUs=2, Nodes=1
[    0.112479] kmemleak: Kernel memory leak detector disabled
[    0.113049] ftrace: allocating 66617 entries in 261 pages
[    0.135295] ftrace: allocated 261 pages with 3 groups
[    0.139629] Dynamic Preempt: voluntary
[    0.140218] Running RCU self tests
[    0.140555] rcu: Preemptible hierarchical RCU implementation.
[    0.141107] rcu: 	RCU lockdep checking is enabled.
[    0.141568] rcu: 	RCU restricting CPUs from NR_CPUS=8192 to nr_cpu_ids=2.
[    0.142230] 	Trampoline variant of Tasks RCU enabled.
[    0.142708] 	Rude variant of Tasks RCU enabled.
[    0.143144] 	Tracing variant of Tasks RCU enabled.
[    0.143606] rcu: RCU calculated value of scheduler-enlistment delay is 25 jiffies.
[    0.144333] rcu: Adjusting geometry for rcu_fanout_leaf=16, nr_cpu_ids=2
[    0.175359] NR_IRQS: 524544, nr_irqs: 440, preallocated irqs: 16
[    0.176303] rcu: srcu_init: Setting srcu_struct sizes based on contention.
[    0.184782] Console: colour VGA+ 80x25
[    0.185198] printk: console [ttyS0] enabled
[    0.185198] printk: console [ttyS0] enabled
[    0.185990] printk: bootconsole [earlyser0] disabled
[    0.185990] printk: bootconsole [earlyser0] disabled
[    0.186915] Lock dependency validator: Copyright (c) 2006 Red Hat, Inc., Ingo Molnar
[    0.187640] ... MAX_LOCKDEP_SUBCLASSES:  8
[    0.188032] ... MAX_LOCK_DEPTH:          48
[    0.188433] ... MAX_LOCKDEP_KEYS:        8192
[    0.188848] ... CLASSHASH_SIZE:          4096
[    0.189263] ... MAX_LOCKDEP_ENTRIES:     32768
[    0.189688] ... MAX_LOCKDEP_CHAINS:      65536
[    0.190116] ... CHAINHASH_SIZE:          32768
[    0.190540]  memory used by lock dependency info: 6365 kB
[    0.191050]  memory used for stack traces: 4224 kB
[    0.191506]  per task-struct memory footprint: 1920 bytes
[    0.192097] ACPI: Core revision 20220331
[    0.192758] clocksource: hpet: mask: 0xffffffff max_cycles: 0xffffffff, max_idle_ns: 19112604467 ns
[    0.193789] APIC: Switch to symmetric I/O mode setup
[    0.194496] x2apic enabled
[    0.194948] Switched APIC routing to physical x2apic.
[    0.195432] kvm-guest: setup PV IPIs
[    0.196710] ..TIMER: vector=0x30 apic1=0 pin1=2 apic2=-1 pin2=-1
[    0.197304] clocksource: tsc-early: mask: 0xffffffffffffffff max_cycles: 0x363e8c91135, max_idle_ns: 881590568389 ns
[    0.198399] Calibrating delay loop (skipped) preset value.. 3763.20 BogoMIPS (lpj=7526400)
[    0.199184] pid_max: default: 32768 minimum: 301
[    0.199821] LSM: Security Framework initializing
[    0.200268] Yama: becoming mindful.
[    0.200855] Mount-cache hash table entries: 4096 (order: 3, 32768 bytes, linear)
[    0.201563] Mountpoint-cache hash table entries: 4096 (order: 3, 32768 bytes, linear)
[    0.203765] x86/cpu: User Mode Instruction Prevention (UMIP) activated
[    0.204499] Last level iTLB entries: 4KB 0, 2MB 0, 4MB 0
[    0.205006] Last level dTLB entries: 4KB 0, 2MB 0, 4MB 0, 1GB 0
[    0.205585] Spectre V1 : Mitigation: usercopy/swapgs barriers and __user pointer sanitization
[    0.206391] Spectre V2 : WARNING: Unprivileged eBPF is enabled with eIBRS on, data leaks possible via Spectre v2 BHB attacks!
[    0.207440] Spectre V2 : Mitigation: Enhanced IBRS
[    0.207875] Spectre V2 : Spectre v2 / SpectreRSB mitigation: Filling RSB on context switch
[    0.208614] Spectre V2 : mitigation: Enabling conditional Indirect Branch Prediction Barrier
[    0.209369] Speculative Store Bypass: Mitigation: Speculative Store Bypass disabled via prctl
[    0.322887] Freeing SMP alternatives memory: 56K
[    0.323549] smpboot: CPU0: Genuine Intel(R) 0000 (family: 0x6, model: 0xba, stepping: 0x2)
[    0.324650] cblist_init_generic: Setting adjustable number of callback queues.
[    0.325220] cblist_init_generic: Setting shift to 1 and lim to 1.
[    0.325741] cblist_init_generic: Setting shift to 1 and lim to 1.
[    0.326265] cblist_init_generic: Setting shift to 1 and lim to 1.
[    0.326375] Running RCU-tasks wait API self tests
[    0.426581] Performance Events: unsupported p6 CPU model 186 no PMU driver, software events only.
[    0.428396] rcu: Hierarchical SRCU implementation.
[    0.429186] rcu: 	Max phase no-delay instances is 1000.
[    0.433827] NMI watchdog: Perf NMI watchdog permanently disabled
[    0.434419] Callback from call_rcu_tasks_trace() invoked.
[    0.435040] smp: Bringing up secondary CPUs ...
[    0.436362] x86: Booting SMP configuration:
[    0.436702] .... node  #0, CPUs:      #1
[    0.437180] smp: Brought up 1 node, 2 CPUs
[    0.438394] smpboot: Max logical packages: 1
[    0.439029] smpboot: Total of 2 processors activated (7526.40 BogoMIPS)
[    0.441089] devtmpfs: initialized
[    0.442568] x86/mm: Memory block size: 128MB
[    0.446878] clocksource: jiffies: mask: 0xffffffff max_cycles: 0xffffffff, max_idle_ns: 7645041785100000 ns
[    0.447695] futex hash table entries: 512 (order: 4, 65536 bytes, linear)
[    0.448511] pinctrl core: initialized pinctrl subsystem
[    0.449556] 
[    0.449690] *************************************************************
[    0.450232] **     NOTICE NOTICE NOTICE NOTICE NOTICE NOTICE NOTICE    **
[    0.450382] **                                                         **
[    0.450927] **  IOMMU DebugFS SUPPORT HAS BEEN ENABLED IN THIS KERNEL  **
[    0.451477] **                                                         **
[    0.452025] ** This means that this kernel is built to expose internal **
[    0.452589] ** IOMMU data structures, which may compromise security on **
[    0.453157] ** your system.                                            **
[    0.453871] **                                                         **
[    0.454384] ** If you see this message and you are not debugging the   **
[    0.454964] ** kernel, report this immediately to your vendor!         **
[    0.455545] **                                                         **
[    0.456114] **     NOTICE NOTICE NOTICE NOTICE NOTICE NOTICE NOTICE    **
[    0.456683] *************************************************************
[    0.457337] PM: RTC time: 23:33:26, date: 2024-02-18
[    0.462321] NET: Registered PF_NETLINK/PF_ROUTE protocol family
[    0.463153] DMA: preallocated 256 KiB GFP_KERNEL pool for atomic allocations
[    0.463761] DMA: preallocated 256 KiB GFP_KERNEL|GFP_DMA pool for atomic allocations
[    0.464428] DMA: preallocated 256 KiB GFP_KERNEL|GFP_DMA32 pool for atomic allocations
[    0.465157] audit: initializing netlink subsys (disabled)
[    0.465761] audit: type=2000 audit(1708299206.103:1): state=initialized audit_enabled=0 res=1
[    0.466652] thermal_sys: Registered thermal governor 'fair_share'
[    0.467410] thermal_sys: Registered thermal governor 'bang_bang'
[    0.467939] thermal_sys: Registered thermal governor 'step_wise'
[    0.468452] thermal_sys: Registered thermal governor 'user_space'
[    0.469023] cpuidle: using governor ladder
[    0.469898] cpuidle: using governor menu
[    0.470643] HugeTLB: can optimize 4095 vmemmap pages for hugepages-1048576kB
[    0.471252] acpiphp: ACPI Hot Plug PCI Controller Driver version: 0.5
[    0.472205] PCI: Using configuration type 1 for base access
[    0.490095] kprobes: kprobe jump-optimization is enabled. All kprobes are optimized if possible.
[    0.615348] HugeTLB: can optimize 7 vmemmap pages for hugepages-2048kB
[    0.615979] HugeTLB registered 1.00 GiB page size, pre-allocated 0 pages
[    0.616543] HugeTLB registered 2.00 MiB page size, pre-allocated 0 pages
[    0.623812] ACPI: Added _OSI(Module Device)
[    0.624191] ACPI: Added _OSI(Processor Device)
[    0.624542] ACPI: Added _OSI(3.0 _SCP Extensions)
[    0.624913] ACPI: Added _OSI(Processor Aggregator Device)
[    0.625337] ACPI: Added _OSI(Linux-Dell-Video)
[    0.625688] ACPI: Added _OSI(Linux-Lenovo-NV-HDMI-Audio)
[    0.626110] ACPI: Added _OSI(Linux-HPI-Hybrid-Graphics)
[    0.632448] ACPI: 1 ACPI AML tables successfully acquired and loaded
[    0.636740] ACPI: Interpreter enabled
[    0.637185] ACPI: PM: (supports S0 S3 S4 S5)
[    0.637561] ACPI: Using IOAPIC for interrupt routing
[    0.638060] PCI: Using host bridge windows from ACPI; if necessary, use "pci=nocrs" and report a bug
[    0.638381] PCI: Using E820 reservations for host bridge windows
[    0.639647] ACPI: Enabled 2 GPEs in block 00 to 0F
[    0.658443] ACPI: PCI Root Bridge [PCI0] (domain 0000 [bus 00-ff])
[    0.659030] acpi PNP0A03:00: _OSC: OS supports [ASPM ClockPM Segments MSI EDR HPX-Type3]
[    0.659733] acpi PNP0A03:00: _OSC: not requesting OS control; OS requires [ExtendedConfig ASPM ClockPM MSI]
[    0.660647] acpi PNP0A03:00: fail to add MMCONFIG information, can't access extended PCI configuration space under this bridge.
[    0.664351] acpiphp: Slot [3] registered
[    0.664791] acpiphp: Slot [4] registered
[    0.665206] acpiphp: Slot [5] registered
[    0.665627] acpiphp: Slot [6] registered
[    0.666044] acpiphp: Slot [7] registered
[    0.666453] acpiphp: Slot [8] registered
[    0.666889] acpiphp: Slot [9] registered
[    0.667306] acpiphp: Slot [10] registered
[    0.667732] acpiphp: Slot [11] registered
[    0.668157] acpiphp: Slot [12] registered
[    0.668583] acpiphp: Slot [13] registered
[    0.669022] acpiphp: Slot [14] registered
[    0.669453] acpiphp: Slot [15] registered
[    0.669878] acpiphp: Slot [16] registered
[    0.670304] acpiphp: Slot [17] registered
[    0.670467] acpiphp: Slot [18] registered
[    0.670907] acpiphp: Slot [19] registered
[    0.671332] acpiphp: Slot [20] registered
[    0.671755] acpiphp: Slot [21] registered
[    0.672178] acpiphp: Slot [22] registered
[    0.672624] acpiphp: Slot [23] registered
[    0.673056] acpiphp: Slot [24] registered
[    0.673479] acpiphp: Slot [25] registered
[    0.673904] acpiphp: Slot [26] registered
[    0.674328] acpiphp: Slot [27] registered
[    0.674466] acpiphp: Slot [28] registered
[    0.674887] acpiphp: Slot [29] registered
[    0.675307] acpiphp: Slot [30] registered
[    0.675728] acpiphp: Slot [31] registered
[    0.676103] PCI host bridge to bus 0000:00
[    0.676463] pci_bus 0000:00: root bus resource [io  0x0000-0x0cf7 window]
[    0.677048] pci_bus 0000:00: root bus resource [io  0x0d00-0xffff window]
[    0.677654] pci_bus 0000:00: root bus resource [mem 0x000a0000-0x000bffff window]
[    0.678316] pci_bus 0000:00: root bus resource [mem 0x80000000-0xfebfffff window]
[    0.678382] pci_bus 0000:00: root bus resource [mem 0x100000000-0x17fffffff window]
[    0.679062] pci_bus 0000:00: root bus resource [bus 00-ff]
[    0.679691] pci 0000:00:00.0: [8086:1237] type 00 class 0x060000
[    0.683663] pci 0000:00:01.0: [8086:7000] type 00 class 0x060100
[    0.685271] pci 0000:00:01.1: [8086:7010] type 00 class 0x010180
[    0.687210] pci 0000:00:01.1: reg 0x20: [io  0xc040-0xc04f]
[    0.688347] pci 0000:00:01.1: legacy IDE quirk: reg 0x10: [io  0x01f0-0x01f7]
[    0.688987] pci 0000:00:01.1: legacy IDE quirk: reg 0x14: [io  0x03f6]
[    0.689566] pci 0000:00:01.1: legacy IDE quirk: reg 0x18: [io  0x0170-0x0177]
[    0.690199] pci 0000:00:01.1: legacy IDE quirk: reg 0x1c: [io  0x0376]
[    0.690712] pci 0000:00:01.3: [8086:7113] type 00 class 0x068000
[    0.691575] pci 0000:00:01.3: quirk: [io  0x0600-0x063f] claimed by PIIX4 ACPI
[    0.692235] pci 0000:00:01.3: quirk: [io  0x0700-0x070f] claimed by PIIX4 SMB
[    0.693156] pci 0000:00:02.0: [1234:1111] type 00 class 0x030000
[    0.695242] pci 0000:00:02.0: reg 0x10: [mem 0xfd000000-0xfdffffff pref]
[    0.697685] pci 0000:00:02.0: reg 0x18: [mem 0xfebf0000-0xfebf0fff]
[    0.701681] pci 0000:00:02.0: reg 0x30: [mem 0xfebe0000-0xfebeffff pref]
[    0.702789] pci 0000:00:02.0: Video device with shadowed ROM at [mem 0x000c0000-0x000dffff]
[    0.707804] pci 0000:00:03.0: [8086:100e] type 00 class 0x020000
[    0.709478] pci 0000:00:03.0: reg 0x10: [mem 0xfebc0000-0xfebdffff]
[    0.710386] pci 0000:00:03.0: reg 0x14: [io  0xc000-0xc03f]
[    0.713450] pci 0000:00:03.0: reg 0x30: [mem 0xfeb80000-0xfebbffff pref]
[    0.725048] ACPI: PCI: Interrupt link LNKA configured for IRQ 10
[    0.726003] ACPI: PCI: Interrupt link LNKB configured for IRQ 10
[    0.726777] ACPI: PCI: Interrupt link LNKC configured for IRQ 11
[    0.727662] ACPI: PCI: Interrupt link LNKD configured for IRQ 11
[    0.728345] ACPI: PCI: Interrupt link LNKS configured for IRQ 9
[    0.730482] iommu: Default domain type: Translated 
[    0.730921] iommu: DMA domain TLB invalidation policy: lazy mode 
[    0.733023] SCSI subsystem initialized
[    0.733755] ACPI: bus type USB registered
[    0.734200] usbcore: registered new interface driver usbfs
[    0.734432] usbcore: registered new interface driver hub
[    0.734944] usbcore: registered new device driver usb
[    0.735512] pps_core: LinuxPPS API ver. 1 registered
[    0.735946] pps_core: Software ver. 5.3.6 - Copyright 2005-2007 Rodolfo Giometti <giometti@linux.it>
[    0.736750] PTP clock support registered
[    0.737346] EDAC MC: Ver: 3.0.0
[    0.740153] NetLabel: Initializing
[    0.740500] NetLabel:  domain hash size = 128
[    0.740895] NetLabel:  protocols = UNLABELED CIPSOv4 CALIPSO
[    0.741453] NetLabel:  unlabeled traffic allowed by default
[    0.742445] PCI: Using ACPI for IRQ routing
[    0.743075] pci 0000:00:02.0: vgaarb: setting as boot VGA device
[    0.743616] pci 0000:00:02.0: vgaarb: bridge control possible
[    0.744121] pci 0000:00:02.0: vgaarb: VGA device added: decodes=io+mem,owns=io+mem,locks=none
[    0.744866] vgaarb: loaded
[    0.745673] hpet0: at MMIO 0xfed00000, IRQs 2, 8, 0
[    0.746125] hpet0: 3 comparators, 64-bit 100.000000 MHz counter
[    3.682231] clocksource: Switched to clocksource kvm-clock
[    3.682375] VFS: Disk quotas dquot_6.6.0
[    3.682375] VFS: Dquot-cache hash table entries: 512 (order 0, 4096 bytes)
[    3.682375] pnp: PnP ACPI init
[    3.685047] pnp: PnP ACPI: found 6 devices
[    3.698553] clocksource: acpi_pm: mask: 0xffffff max_cycles: 0xffffff, max_idle_ns: 2085701024 ns
[    3.700078] NET: Registered PF_INET protocol family
[    3.700891] IP idents hash table entries: 32768 (order: 6, 262144 bytes, linear)
[    3.703074] tcp_listen_portaddr_hash hash table entries: 1024 (order: 4, 73728 bytes, linear)
[    3.704025] Table-perturb hash table entries: 65536 (order: 6, 262144 bytes, linear)
[    3.704809] TCP established hash table entries: 16384 (order: 5, 131072 bytes, linear)
[    3.705859] TCP bind hash table entries: 16384 (order: 8, 1179648 bytes, linear)
[    3.708772] TCP: Hash tables configured (established 16384 bind 16384)
[    3.710196] UDP hash table entries: 1024 (order: 5, 163840 bytes, linear)
[    3.711080] UDP-Lite hash table entries: 1024 (order: 5, 163840 bytes, linear)
[    3.712184] NET: Registered PF_UNIX/PF_LOCAL protocol family
[    3.713497] RPC: Registered named UNIX socket transport module.
[    3.714126] RPC: Registered udp transport module.
[    3.714613] RPC: Registered tcp transport module.
[    3.715073] RPC: Registered tcp NFSv4.1 backchannel transport module.
[    3.715734] pci_bus 0000:00: resource 4 [io  0x0000-0x0cf7 window]
[    3.716347] pci_bus 0000:00: resource 5 [io  0x0d00-0xffff window]
[    3.716955] pci_bus 0000:00: resource 6 [mem 0x000a0000-0x000bffff window]
[    3.717627] pci_bus 0000:00: resource 7 [mem 0x80000000-0xfebfffff window]
[    3.718312] pci_bus 0000:00: resource 8 [mem 0x100000000-0x17fffffff window]
[    3.719352] pci 0000:00:01.0: PIIX3: Enabling Passive Release
[    3.719947] pci 0000:00:00.0: Limiting direct PCI/PCI transfers
[    3.720670] PCI: CLS 0 bytes, default 64
[    3.721174] ACPI: bus type thunderbolt registered
[    3.722158] clocksource: tsc: mask: 0xffffffffffffffff max_cycles: 0x363e8c91135, max_idle_ns: 881590568389 ns
[    3.745169] Callback from call_rcu_tasks_rude() invoked.
[    3.790656] Callback from call_rcu_tasks() invoked.
[    3.888410] Initialise system trusted keyrings
[    3.889386] Key type blacklist registered
[    3.890557] workingset: timestamp_bits=36 max_order=19 bucket_order=0
[    3.903768] zbud: loaded
[    3.906721] squashfs: version 4.0 (2009/01/31) Phillip Lougher
[    3.910253] NFS: Registering the id_resolver key type
[    3.910814] Key type id_resolver registered
[    3.911206] Key type id_legacy registered
[    3.911719] nfs4filelayout_init: NFSv4 File Layout Driver Registering...
[    3.912361] nfs4flexfilelayout_init: NFSv4 Flexfile Layout Driver Registering...
[    3.913306] fuse: init (API version 7.36)
[    3.914168] SGI XFS with ACLs, security attributes, realtime, quota, no debug enabled
[    3.917515] 9p: Installing v9fs 9p2000 file system support
[    3.927101] Key type asymmetric registered
[    3.927579] Asymmetric key parser 'x509' registered
[    3.931291] alg: self-tests for CTR-KDF (hmac(sha256)) passed
[    3.932515] Block layer SCSI generic (bsg) driver version 0.4 loaded (major 243)
[    3.934176] io scheduler mq-deadline registered
[    3.935094] io scheduler bfq registered
[    3.937924] shpchp: Standard Hot Plug PCI Controller Driver version: 0.4
[    3.940093] IPMI message handler: version 39.2
[    3.940981] ipmi device interface
[    3.944676] input: Power Button as /devices/LNXSYSTM:00/LNXPWRBN:00/input/input0
[    3.946638] ACPI: button: Power Button [PWRF]
[    3.949185] ERST DBG: ERST support is disabled.
[    3.951260] Serial: 8250/16550 driver, 32 ports, IRQ sharing enabled
[    3.953507] 00:04: ttyS0 at I/O 0x3f8 (irq = 4, base_baud = 115200) is a 16550A
[    3.972529] Linux agpgart interface v0.103
[    3.974430] ACPI: bus type drm_connector registered
[    4.002275] brd: module loaded
[    4.018978] loop: module loaded
[    4.030139] scsi host0: ata_piix
[    4.032079] scsi host1: ata_piix
[    4.033040] ata1: PATA max MWDMA2 cmd 0x1f0 ctl 0x3f6 bmdma 0xc040 irq 14
[    4.034271] ata2: PATA max MWDMA2 cmd 0x170 ctl 0x376 bmdma 0xc048 irq 15
[    4.037917] tun: Universal TUN/TAP device driver, 1.6
[    4.039238] e100: Intel(R) PRO/100 Network Driver
[    4.040101] e100: Copyright(c) 1999-2006 Intel Corporation
[    4.041221] e1000: Intel(R) PRO/1000 Network Driver
[    4.042111] e1000: Copyright (c) 1999-2006 Intel Corporation.
[    4.194685] ata1: found unknown device (class 0)
[    4.196577] ata1.00: ATA-7: QEMU HARDDISK, 2.5+, max UDMA/100
[    4.197621] ata1.00: 17196647 sectors, multi 16: LBA48 
[    4.199060] ata2: found unknown device (class 0)
[    4.201526] scsi 0:0:0:0: Direct-Access     ATA      QEMU HARDDISK    2.5+ PQ: 0 ANSI: 5
[    4.204837] sd 0:0:0:0: Attached scsi generic sg0 type 0
[    4.206138] sd 0:0:0:0: [sda] 17196647 512-byte logical blocks: (8.80 GB/8.20 GiB)
[    4.206845] ata2.00: ATAPI: QEMU DVD-ROM, 2.5+, max UDMA/100
[    4.207737] sd 0:0:0:0: [sda] Write Protect is off
[    4.209751] sd 0:0:0:0: [sda] Write cache: enabled, read cache: enabled, doesn't support DPO or FUA
[    4.211957] sd 0:0:0:0: [sda] Preferred minimum I/O size 512 bytes
[    4.216517] scsi 1:0:0:0: CD-ROM            QEMU     QEMU DVD-ROM     2.5+ PQ: 0 ANSI: 5
[    4.239298] sd 0:0:0:0: [sda] Attached SCSI disk
[    4.247788] scsi 1:0:0:0: Attached scsi generic sg1 type 5
[    4.364657] ACPI: \_SB_.LNKC: Enabled at IRQ 11
[    4.701646] e1000 0000:00:03.0 eth0: (PCI:33MHz:32-bit) 52:54:00:12:34:56
[    4.702252] e1000 0000:00:03.0 eth0: Intel(R) PRO/1000 Network Connection
[    4.702965] e1000e: Intel(R) PRO/1000 Network Driver
[    4.703370] e1000e: Copyright(c) 1999 - 2015 Intel Corporation.
[    4.703929] igb: Intel(R) Gigabit Ethernet Network Driver
[    4.704354] igb: Copyright (c) 2007-2014 Intel Corporation.
[    4.704926] PPP generic driver version 2.4.2
[    4.705936] VFIO - User Level meta-driver version: 0.3
[    4.706473] ehci_hcd: USB 2.0 'Enhanced' Host Controller (EHCI) Driver
[    4.707036] ehci-pci: EHCI PCI platform driver
[    4.707445] ehci-platform: EHCI generic platform driver
[    4.707925] ohci_hcd: USB 1.1 'Open' Host Controller (OHCI) Driver
[    4.708443] ohci-pci: OHCI PCI platform driver
[    4.708865] ohci-platform: OHCI generic platform driver
[    4.709310] uhci_hcd: USB Universal Host Controller Interface driver
[    4.710532] usbcore: registered new interface driver uas
[    4.711510] usbcore: registered new interface driver usb-storage
[    4.712712] i8042: PNP: PS/2 Controller [PNP0303:KBD,PNP0f13:MOU] at 0x60,0x64 irq 1,12
[    4.715236] serio: i8042 KBD port at 0x60,0x64 irq 1
[    4.715742] serio: i8042 AUX port at 0x60,0x64 irq 12
[    4.717139] mousedev: PS/2 mouse device common for all mice
[    4.718744] input: AT Translated Set 2 keyboard as /devices/platform/i8042/serio0/input/input1
[    4.720881] input: VirtualPS/2 VMware VMMouse as /devices/platform/i8042/serio1/input/input4
[    4.721921] rtc_cmos 00:05: RTC can wake from S4
[    4.723703] input: VirtualPS/2 VMware VMMouse as /devices/platform/i8042/serio1/input/input3
[    4.724092] rtc_cmos 00:05: registered as rtc0
[    4.725351] rtc_cmos 00:05: setting system clock to 2024-02-18T23:33:30 UTC (1708299210)
[    4.726995] rtc_cmos 00:05: alarms up to one day, y3k, 242 bytes nvram, hpet irqs
[    4.728262] i2c_dev: i2c /dev entries driver
[    4.729073] device-mapper: core: CONFIG_IMA_DISABLE_HTABLE is disabled. Duplicate IMA measurements will not be recorded in the IMA log.
[    4.730889] device-mapper: uevent: version 1.0.3
[    4.731799] device-mapper: ioctl: 4.47.0-ioctl (2022-07-28) initialised: dm-devel@redhat.com
[    4.732566] intel_pstate: CPU model not supported
[    4.733133] sdhci: Secure Digital Host Controller Interface driver
[    4.733634] sdhci: Copyright(c) Pierre Ossman
[    4.734118] sdhci-pltfm: SDHCI platform and OF driver helper
[    4.734899] ledtrig-cpu: registered to indicate activity on CPUs
[    4.735993] drop_monitor: Initializing network drop monitor service
[    4.737436] NET: Registered PF_INET6 protocol family
[    4.742517] Segment Routing with IPv6
[    4.742926] In-situ OAM (IOAM) with IPv6
[    4.743313] NET: Registered PF_PACKET protocol family
[    4.744381] 9pnet: Installing 9P2000 support
[    4.744886] Key type dns_resolver registered
[    4.746976] IPI shorthand broadcast: enabled
[    4.747492] sched_clock: Marking stable (4733189983, 13429700)->(4782540679, -35920996)
[    4.749199] registered taskstats version 1
[    4.750000] Loading compiled-in X.509 certificates
[    4.751281] zswap: loaded using pool lzo/zbud
[    4.753077] Key type ._fscrypt registered
[    4.753439] Key type .fscrypt registered
[    4.753764] Key type fscrypt-provisioning registered
[    4.756032] Key type encrypted registered
[    4.756478] ima: No TPM chip found, activating TPM-bypass!
[    4.756951] ima: Allocated hash algorithm: sha1
[    4.757401] ima: No architecture policies found
[    4.757893] evm: Initialising EVM extended attributes:
[    4.758321] evm: security.selinux
[    4.758648] evm: security.SMACK64
[    4.758924] evm: security.SMACK64EXEC
[    4.759225] evm: security.SMACK64TRANSMUTE
[    4.759573] evm: security.SMACK64MMAP
[    4.759873] evm: security.apparmor
[    4.760154] evm: security.ima
[    4.760399] evm: security.capability
[    4.760708] evm: HMAC attrs: 0x1
[    4.770958] PM:   Magic number: 12:797:605
[    4.772225] RAS: Correctable Errors collector initialized.
[    4.775380] md: Waiting for all devices to be available before autodetect
[    4.775780] md: If you don't use raid, use raid=noautodetect
[    4.776130] md: Autodetecting RAID arrays.
[    4.776379] md: autorun ...
[    4.776547] md: ... autorun DONE.
[    4.790710] EXT4-fs (sda): INFO: recovery required on readonly filesystem
[    4.791541] EXT4-fs (sda): write access will be enabled during recovery
[    5.082040] EXT4-fs (sda): recovery complete
[    5.085389] EXT4-fs (sda): mounted filesystem with ordered data mode. Quota mode: none.
[    5.086484] VFS: Mounted root (ext4 filesystem) readonly on device 8:0.
[    5.090971] devtmpfs: mounted
[    5.099841] Freeing unused decrypted memory: 2036K
[    5.102637] Freeing unused kernel image (initmem) memory: 3644K
[    5.103057] Write protecting the kernel read-only data: 43008k
[    5.106977] Freeing unused kernel image (text/rodata gap) memory: 2028K
[    5.107674] Freeing unused kernel image (rodata/data gap) memory: 124K
[    5.211901] x86/mm: Checked W+X mappings: passed, no W+X pages found.
[    5.212325] Run /sbin/init as init process
[    5.419027] systemd[1]: systemd 252-15.el9 running in system mode (+PAM +AUDIT +SELINUX -APPARMOR +IMA +SMACK +SECCOMP +GCRYPT +GNUTLS +OPENSSL +ACL +BLKID +CURL +ELFUTILS -FIDO2 +IDN2 -IDN -IPTC +KMOD +LIBCRYPTSETUP +LIBFDISK +PCRE2 -PWQUALITY +P11KIT -QRENCODE +TPM2 +BZIP2 +LZ4 +XZ +ZLIB +ZSTD -BPF_FRAMEWORK +XKBCOMMON +UTMP +SYSVINIT default-hierarchy=unified)
[    5.420677] systemd[1]: Detected virtualization kvm.
[    5.420956] systemd[1]: Detected architecture x86-64.

Welcome to [0;31mCentOS Stream 9[0m!

[    5.425962] systemd[1]: Hostname set to <test>.
[    5.534245] systemd-rc-local-generator[161]: /etc/rc.d/rc.local is not marked executable, skipping.
[    6.097028] systemd[1]: Queued start job for default target Multi-User System.
[    6.116198] systemd[1]: Created slice Virtual Machine and Container Slice.
[[0;32m  OK  [0m] Created slice [0;1;39mVirtual Machine and Container Slice[0m.
[    6.119660] systemd[1]: Created slice Slice /system/getty.
[[0;32m  OK  [0m] Created slice [0;1;39mSlice /system/getty[0m.
[    6.121545] systemd[1]: Created slice Slice /system/modprobe.
[[0;32m  OK  [0m] Created slice [0;1;39mSlice /system/modprobe[0m.
[    6.123520] systemd[1]: Created slice Slice /system/serial-getty.
[[0;32m  OK  [0m] Created slice [0;1;39mSlice /system/serial-getty[0m.
[    6.125550] systemd[1]: Created slice Slice /system/sshd-keygen.
[[0;32m  OK  [0m] Created slice [0;1;39mSlice /system/sshd-keygen[0m.
[    6.127369] systemd[1]: Created slice User and Session Slice.
[[0;32m  OK  [0m] Created slice [0;1;39mUser and Session Slice[0m.
[    6.128463] systemd[1]: Started Forward Password Requests to Wall Directory Watch.
[[0;32m  OK  [0m] Started [0;1;39mForward Password R…uests to Wall Directory Watch[0m.
[    6.130133] systemd[1]: Set up automount Arbitrary Executable File Formats File System Automount Point.
[[0;32m  OK  [0m] Set up automount [0;1;39mArbitrary…s File System Automount Point[0m.
[    6.131307] systemd[1]: Reached target Local Integrity Protected Volumes.
[[0;32m  OK  [0m] Reached target [0;1;39mLocal Integrity Protected Volumes[0m.
[    6.132214] systemd[1]: Reached target Slice Units.
[[0;32m  OK  [0m] Reached target [0;1;39mSlice Units[0m.
[    6.132914] systemd[1]: Reached target Swaps.
[[0;32m  OK  [0m] Reached target [0;1;39mSwaps[0m.
[    6.133575] systemd[1]: Reached target Local Verity Protected Volumes.
[[0;32m  OK  [0m] Reached target [0;1;39mLocal Verity Protected Volumes[0m.
[    6.134760] systemd[1]: Listening on Device-mapper event daemon FIFOs.
[[0;32m  OK  [0m] Listening on [0;1;39mDevice-mapper event daemon FIFOs[0m.
[    6.136121] systemd[1]: Listening on LVM2 poll daemon socket.
[[0;32m  OK  [0m] Listening on [0;1;39mLVM2 poll daemon socket[0m.
[    6.137104] systemd[1]: multipathd control socket was skipped because of an unmet condition check (ConditionPathExists=/etc/multipath.conf).
[    6.162735] systemd[1]: Listening on RPCbind Server Activation Socket.
[[0;32m  OK  [0m] Listening on [0;1;39mRPCbind Server Activation Socket[0m.
[    6.164954] systemd[1]: Reached target RPC Port Mapper.
[[0;32m  OK  [0m] Reached target [0;1;39mRPC Port Mapper[0m.
[    6.168943] systemd[1]: Listening on Process Core Dump Socket.
[[0;32m  OK  [0m] Listening on [0;1;39mProcess Core Dump Socket[0m.
[    6.170230] systemd[1]: Listening on initctl Compatibility Named Pipe.
[[0;32m  OK  [0m] Listening on [0;1;39minitctl Compatibility Named Pipe[0m.
[    6.171749] systemd[1]: Listening on Journal Socket (/dev/log).
[[0;32m  OK  [0m] Listening on [0;1;39mJournal Socket (/dev/log)[0m.
[    6.173227] systemd[1]: Listening on Journal Socket.
[[0;32m  OK  [0m] Listening on [0;1;39mJournal Socket[0m.
[    6.174882] systemd[1]: Listening on udev Control Socket.
[[0;32m  OK  [0m] Listening on [0;1;39mudev Control Socket[0m.
[    6.176107] systemd[1]: Listening on udev Kernel Socket.
[[0;32m  OK  [0m] Listening on [0;1;39mudev Kernel Socket[0m.
[    6.181303] systemd[1]: Mounting Huge Pages File System...
         Mounting [0;1;39mHuge Pages File System[0m...
[    6.187213] systemd[1]: Mounting POSIX Message Queue File System...
         Mounting [0;1;39mPOSIX Message Queue File System[0m...
[    6.192359] systemd[1]: Mounting Kernel Debug File System...
         Mounting [0;1;39mKernel Debug File System[0m...
[    6.202575] systemd[1]: Mounting Kernel Trace File System...
         Mounting [0;1;39mKernel Trace File System[0m...
[    6.203749] systemd[1]: Kernel Module supporting RPCSEC_GSS was skipped because of an unmet condition check (ConditionPathExists=/etc/krb5.keytab).
[    6.204635] systemd[1]: Create List of Static Device Nodes was skipped because of an unmet condition check (ConditionFileNotEmpty=/lib/modules/5.19.0-328141e51e6f+/modules.devname).
[    6.211865] systemd[1]: Starting Monitoring of LVM2 mirrors, snapshots etc. using dmeventd or progress polling...
         Starting [0;1;39mMonitoring of LVM…meventd or progress polling[0m...
[    6.217915] systemd[1]: Starting Load Kernel Module configfs...
         Starting [0;1;39mLoad Kernel Module configfs[0m...
[    6.223361] systemd[1]: Starting Load Kernel Module drm...
         Starting [0;1;39mLoad Kernel Module drm[0m...
[    6.237667] systemd[1]: Starting Load Kernel Module fuse...
         Starting [0;1;39mLoad Kernel Module fuse[0m...
[    6.259883] systemd[1]: Starting Read and set NIS domainname from /etc/sysconfig/network...
         Starting [0;1;39mRead and set NIS …from /etc/sysconfig/network[0m...
[    6.268101] systemd[1]: Starting Journal Service...
         Starting [0;1;39mJournal Service[0m...
[    6.290246] systemd[1]: Starting Load Kernel Modules...
         Starting [0;1;39mLoad Kernel Modules[0m...
[    6.302632] systemd[1]: Starting Generate network units from Kernel command line...
         Starting [0;1;39mGenerate network …ts from Kernel command line[0m...
[    6.346235] systemd[1]: Starting Remount Root and Kernel File Systems...
         Starting [0;1;39mRemount Root and Kernel File Systems[0m...
[    6.349571] systemd[1]: Repartition Root Disk was skipped because no trigger condition checks were met.
[    6.364408] systemd[1]: Starting Coldplug All udev Devices...
         Starting [0;1;39mColdplug All udev Devices[0m...
[    6.393670] systemd[1]: Mounted Huge Pages File System.
[    6.401522] EXT4-fs (sda): re-mounted. Quota mode: none.
[[0;32m  OK  [0m] Mounted [0;1;39mHuge Pages File System[0m.
[    6.416141] systemd[1]: Mounted POSIX Message Queue File System.
[[0;32m  OK  [0m] Mounted [0;1;39mPOSIX Message Queue File System[0m.
[    6.423109] systemd[1]: Mounted Kernel Debug File System.
[[0;32m  OK  [0m] Mounted [0;1;39mKernel Debug File System[0m.
[    6.425085] systemd[1]: Mounted Kernel Trace File System.
[[0;32m  OK  [0m] Mounted [0;1;39mKernel Trace File System[0m.
[    6.427876] systemd[1]: modprobe@configfs.service: Deactivated successfully.
[    6.430013] systemd[1]: Finished Load Kernel Module configfs.
[[0;32m  OK  [0m] Finished [0;1;39mLoad Kernel Module configfs[0m.
[    6.440990] systemd[1]: modprobe@drm.service: Deactivated successfully.
[    6.442220] systemd[1]: Finished Load Kernel Module drm.
[[0;32m  OK  [0m] Finished [0;1;39mLoad Kernel Module drm[0m.
[    6.455731] systemd[1]: modprobe@fuse.service: Deactivated successfully.
[    6.463109] systemd[1]: Finished Load Kernel Module fuse.
[[0;32m  OK  [0m] Finished [0;1;39mLoad Kernel Module fuse[0m.
[    6.471127] systemd[1]: Finished Read and set NIS domainname from /etc/sysconfig/network.
[[0;32m  OK  [0m] Finished [0;1;39mRead and set NIS …e from /etc/sysconfig/network[0m.
[    6.473142] systemd[1]: systemd-modules-load.service: Main process exited, code=exited, status=1/FAILURE
[    6.479125] systemd[1]: systemd-modules-load.service: Failed with result 'exit-code'.
[    6.481528] systemd[1]: Failed to start Load Kernel Modules.
[[0;1;31mFAILED[0m] Failed to start [0;1;39mLoad Kernel Modules[0m.
See 'systemctl status systemd-modules-load.service' for details.
[    6.484525] systemd[1]: Started Journal Service.
[[0;32m  OK  [0m] Started [0;1;39mJournal Service[0m.
[[0;32m  OK  [0m] Finished [0;1;39mGenerate network units from Kernel command line[0m.
[[0;32m  OK  [0m] Finished [0;1;39mRemount Root and Kernel File Systems[0m.
[[0;32m  OK  [0m] Reached target [0;1;39mPreparation for Network[0m.
         Mounting [0;1;39mFUSE Control File System[0m...
         Mounting [0;1;39mKernel Configuration File System[0m...
         Starting [0;1;39mFlush Journal to Persistent Storage[0m...
         Starting [0;1;39mLoad/Save Random Seed[0m...
[    6.618875] systemd-journald[187]: Received client request to flush runtime journal.
         Starting [0;1;39mApply Kernel Variables[0m...
         Starting [0;1;39mCreate Static Device Nodes in /dev[0m...
         Starting [0;1;39mSetup Virtual Console[0m...
[[0;32m  OK  [0m] Mounted [0;1;39mFUSE Control File System[0m.
[[0;32m  OK  [0m] Mounted [0;1;39mKernel Configuration File System[0m.
[[0;32m  OK  [0m] Finished [0;1;39mFlush Journal to Persistent Storage[0m.
[[0;32m  OK  [0m] Finished [0;1;39mApply Kernel Variables[0m.
[[0;32m  OK  [0m] Finished [0;1;39mCreate Static Device Nodes in /dev[0m.
         Starting [0;1;39mRule-based Manage…for Device Events and Files[0m...
[[0;32m  OK  [0m] Started [0;1;39mRule-based Manager for Device Events and Files[0m.
         Starting [0;1;39mAuto-connect to s…E devices found during boot[0m...
[[0;32m  OK  [0m] Finished [0;1;39mAuto-connect to s…VME devices found during boot[0m.
[    7.210706] random: crng init done
[[0;32m  OK  [0m] Finished [0;1;39mLoad/Save Random Seed[0m.
[[0;32m  OK  [0m] Finished [0;1;39mSetup Virtual Console[0m.
[[0;32m  OK  [0m] Finished [0;1;39mColdplug All udev Devices[0m.
[[0;32m  OK  [0m] Started [0;1;39mDispatch Password …ts to Console Directory Watch[0m.
[[0;32m  OK  [0m] Reached target [0;1;39mLocal Encrypted Volumes[0m.
[[0;32m  OK  [0m] Reached target [0;1;39mPath Units[0m.
         Starting [0;1;39mWait for udev To …plete Device Initialization[0m...
[[0;32m  OK  [0m] Finished [0;1;39mMonitoring of LVM… dmeventd or progress polling[0m.
[[0;32m  OK  [0m] Found device [0;1;39m/dev/ttyS0[0m.
[[0;32m  OK  [0m] Listening on [0;1;39mLoad/Save RF …itch Status /dev/rfkill Watch[0m.
[[0;32m  OK  [0m] Finished [0;1;39mWait for udev To Complete Device Initialization[0m.
[[0;32m  OK  [0m] Reached target [0;1;39mPreparation for Local File Systems[0m.
[[0;32m  OK  [0m] Reached target [0;1;39mLocal File Systems[0m.
         Starting [0;1;39mTell Plymouth To Write Out Runtime Data[0m...
         Starting [0;1;39mAutomatic Boot Loader Update[0m...
         Starting [0;1;39mCreate Volatile Files and Directories[0m...
[[0;32m  OK  [0m] Finished [0;1;39mTell Plymouth To Write Out Runtime Data[0m.
[[0;32m  OK  [0m] Finished [0;1;39mAutomatic Boot Loader Update[0m.
[[0;32m  OK  [0m] Finished [0;1;39mCreate Volatile Files and Directories[0m.
         Mounting [0;1;39mRPC Pipe File System[0m...
         Starting [0;1;39mSecurity Auditing Service[0m...
         Starting [0;1;39mRPC Bind[0m...
[[0;32m  OK  [0m] Mounted [0;1;39mRPC Pipe File System[0m.
[[0;32m  OK  [0m] Reached target [0;1;39mrpc_pipefs.target[0m.
[[0;32m  OK  [0m] Started [0;1;39mRPC Bind[0m.
[[0;32m  OK  [0m] Started [0;1;39mSecurity Auditing Service[0m.
         Starting [0;1;39mRecord System Boot/Shutdown in UTMP[0m...
[[0;32m  OK  [0m] Finished [0;1;39mRecord System Boot/Shutdown in UTMP[0m.
[[0;32m  OK  [0m] Reached target [0;1;39mSystem Initialization[0m.
[[0;32m  OK  [0m] Started [0;1;39mDaily rotation of log files[0m.
[[0;32m  OK  [0m] Started [0;1;39mUpdates mlocate database every day[0m.
[[0;32m  OK  [0m] Started [0;1;39mDaily Cleanup of Temporary Directories[0m.
[[0;32m  OK  [0m] Started [0;1;39mdaily update of the root trust anchor for DNSSEC[0m.
[[0;32m  OK  [0m] Reached target [0;1;39mTimer Units[0m.
[[0;32m  OK  [0m] Listening on [0;1;39mD-Bus System Message Bus Socket[0m.
[[0;32m  OK  [0m] Listening on [0;1;39mOpen-iSCSI iscsid Socket[0m.
[[0;32m  OK  [0m] Listening on [0;1;39mOpen-iSCSI iscsiuio Socket[0m.
[[0;32m  OK  [0m] Listening on [0;1;39mSSSD Kerberos…ache Manager responder socket[0m.
[[0;32m  OK  [0m] Listening on [0;1;39mLibvirt interface local socket[0m.
[[0;32m  OK  [0m] Listening on [0;1;39mVirtual machine lock manager socket[0m.
[[0;32m  OK  [0m] Listening on [0;1;39mVirtual machine log manager socket[0m.
[[0;32m  OK  [0m] Listening on [0;1;39mLibvirt network local socket[0m.
[[0;32m  OK  [0m] Listening on [0;1;39mLibvirt nodedev local socket[0m.
[[0;32m  OK  [0m] Listening on [0;1;39mLibvirt nwfilter local socket[0m.
[[0;32m  OK  [0m] Listening on [0;1;39mLibvirt proxy local socket[0m.
[[0;32m  OK  [0m] Listening on [0;1;39mLibvirt qemu local socket[0m.
[[0;32m  OK  [0m] Listening on [0;1;39mLibvirt qemu admin socket[0m.
[[0;32m  OK  [0m] Listening on [0;1;39mLibvirt qemu local read-only socket[0m.
[[0;32m  OK  [0m] Listening on [0;1;39mLibvirt secret local socket[0m.
[[0;32m  OK  [0m] Listening on [0;1;39mLibvirt storage local socket[0m.
[[0;32m  OK  [0m] Reached target [0;1;39mSocket Units[0m.
         Starting [0;1;39mD-Bus System Message Bus[0m...
[[0;32m  OK  [0m] Started [0;1;39mD-Bus System Message Bus[0m.
[[0;32m  OK  [0m] Reached target [0;1;39mBasic System[0m.
         Starting [0;1;39mNetwork Manager[0m...
         Starting [0;1;39mNTP client/server[0m...
         Starting [0;1;39mRestore /run/initramfs on shutdown[0m...
[[0;32m  OK  [0m] Started [0;1;39mirqbalance daemon[0m.
[[0;32m  OK  [0m] Started [0;1;39mlibstoragemgmt plug-in server daemon[0m.
[[0;32m  OK  [0m] Started [0;1;39mMachine Check Exception Logging Daemon[0m.
[[0;32m  OK  [0m] Reached target [0;1;39msshd-keygen.target[0m.
[[0;32m  OK  [0m] Reached target [0;1;39mUser and Group Name Lookups[0m.
         Starting [0;1;39mUser Login Management[0m...
         Starting [0;1;39mVirtual Machine a…tainer Registration Service[0m...
         Starting [0;1;39mupdate of the roo…NSSEC validation in unbound[0m...
         Starting [0;1;39mRotate log files[0m...
[[0;32m  OK  [0m] Started [0;1;39mUpdate a database for mlocate[0m.
[[0;32m  OK  [0m] Finished [0;1;39mRestore /run/initramfs on shutdown[0m.
[[0;32m  OK  [0m] Started [0;1;39mVirtual Machine an…ontainer Registration Service[0m.
         Starting [0;1;39mHostname Service[0m...
[[0;32m  OK  [0m] Started [0;1;39mNTP client/server[0m.
[[0;32m  OK  [0m] Finished [0;1;39mupdate of the roo… DNSSEC validation in unbound[0m.
[[0;32m  OK  [0m] Started [0;1;39mUser Login Management[0m.
[[0;32m  OK  [0m] Started [0;1;39mHostname Service[0m.
         Starting [0;1;39mNetwork Manager Script Dispatcher Service[0m...
[[0;32m  OK  [0m] Finished [0;1;39mRotate log files[0m.
[[0;32m  OK  [0m] Started [0;1;39mNetwork Manager Script Dispatcher Service[0m.
[   10.683083] e1000: eth0 NIC Link is Up 1000 Mbps Full Duplex, Flow Control: RX
[   10.685466] IPv6: ADDRCONF(NETDEV_CHANGE): eth0: link becomes ready
[[0;32m  OK  [0m] Started [0;1;39mNetwork Manager[0m.
[[0;32m  OK  [0m] Reached target [0;1;39mNetwork[0m.
[[0;32m  OK  [0m] Reached target [0;1;39mNetwork is Online[0m.
         Starting [0;1;39mGSSAPI Proxy Daemon[0m...
         Starting [0;1;39mNotify NFS peers of a restart[0m...
         Starting [0;1;39mSystem Logging Service[0m...
         Starting [0;1;39mOpenSSH server daemon[0m...
         Starting [0;1;39mDynamic System Tuning Daemon[0m...
[[0;32m  OK  [0m] Started [0;1;39mNotify NFS peers of a restart[0m.
[[0;32m  OK  [0m] Started [0;1;39mGSSAPI Proxy Daemon[0m.
[[0;32m  OK  [0m] Reached target [0;1;39mNFS client services[0m.
[[0;32m  OK  [0m] Reached target [0;1;39mPreparation for Remote File Systems[0m.
[[0;32m  OK  [0m] Reached target [0;1;39mRemote File Systems[0m.
         Starting [0;1;39mPermit User Sessions[0m...
         Starting [0;1;39mVirtualization qemu daemon[0m...
[[0;32m  OK  [0m] Started [0;1;39mOpenSSH server daemon[0m.
[[0;32m  OK  [0m] Finished [0;1;39mPermit User Sessions[0m.
[[0;32m  OK  [0m] Started [0;1;39mDeferred execution scheduler[0m.
[[0;32m  OK  [0m] Started [0;1;39mCommand Scheduler[0m.
         Starting [0;1;39mHold until boot process finishes up[0m...
         Starting [0;1;39mTerminate Plymouth Boot Screen[0m...
[[0;32m  OK  [0m] Started [0;1;39mSystem Logging Service[0m.
[[0;32m  OK  [0m] Finished [0;1;39mHold until boot process finishes up[0m.
[[0;32m  OK  [0m] Finished [0;1;39mTerminate Plymouth Boot Screen[0m.
[[0;32m  OK  [0m] Started [0;1;39mGetty on tty1[0m.
[[0;32m  OK  [0m] Started [0;1;39mSerial Getty on ttyS0[0m.
[[0;32m  OK  [0m] Reached target [0;1;39mLogin Prompts[0m.
[[0;32m  OK  [0m] Started [0;1;39mVirtualization qemu daemon[0m.
         Starting [0;1;39mAuthorization Manager[0m...
[[0;32m  OK  [0m] Started [0;1;39mAuthorization Manager[0m.
[[0;32m  OK  [0m] Started [0;1;39mDynamic System Tuning Daemon[0m.
[[0;32m  OK  [0m] Reached target [0;1;39mMulti-User System[0m.
         Starting [0;1;39mRecord Runlevel Change in UTMP[0m...
[[0;32m  OK  [0m] Finished [0;1;39mRecord Runlevel Change in UTMP[0m.

CentOS Stream 9
Kernel 5.19.0-328141e51e6f+ on an x86_64

Activate the web console with: systemctl enable --now cockpit.socket

test login: [   25.550549] hrtimer: interrupt took 313488 ns
[  259.763483] loop5: detected capacity change from 0 to 65536
[  259.765222] xfs: Unknown parameter ''
[  345.708780] loop0: detected capacity change from 0 to 65536
[  345.709791] xfs: Unknown parameter ''
[  385.074866] loop6: detected capacity change from 0 to 65536
[  397.101736] loop0: detected capacity change from 0 to 65536
[  397.102322] xfs: Unknown parameter ''
[  462.097751] loop0: detected capacity change from 0 to 65536
[  462.099032] xfs: Unknown parameter ''
[  552.918800] loop3: detected capacity change from 0 to 65536
[  552.919839] xfs: Unknown parameter ''
[  560.143950] loop7: detected capacity change from 0 to 65536
[  560.145953] xfs: Unknown parameter ''
[  669.248560] loop3: detected capacity change from 0 to 65536
[  669.249591] xfs: Unknown parameter ''
[  677.469186] loop3: detected capacity change from 0 to 65536
[  677.470222] xfs: Unknown parameter ''
[  759.708114] loop2: detected capacity change from 0 to 65536
[  759.709140] xfs: Unknown parameter ''
[  765.746795] loop6: detected capacity change from 0 to 65536
[  765.747888] xfs: Unknown parameter ''
[ 1027.798690] loop7: detected capacity change from 0 to 65536
[ 1027.799636] xfs: Unknown parameter ''
[ 1033.735597] loop6: detected capacity change from 0 to 65536
[ 1033.736651] xfs: Unknown parameter ''
[ 1156.419865] loop6: detected capacity change from 0 to 65536
[ 1156.420837] xfs: Unknown parameter ''
[ 1257.519015] loop6: detected capacity change from 0 to 65536
[ 1257.519535] xfs: Unknown parameter ''
[ 1306.412044] loop2: detected capacity change from 0 to 65536
[ 1306.413372] xfs: Unknown parameter ''
[ 1362.140331] loop5: detected capacity change from 0 to 65536
[ 1362.141426] xfs: Unknown parameter ''
[ 1409.419676] loop2: detected capacity change from 0 to 65536
[ 1409.421586] xfs: Unknown parameter ''
[ 1489.467498] loop0: detected capacity change from 0 to 65536
[ 1489.468907] xfs: Unknown parameter ''
[ 1677.745750] loop6: detected capacity change from 0 to 65536
[ 1677.746825] xfs: Unknown parameter ''
[ 1692.003713] loop6: detected capacity change from 0 to 65536
[ 1692.004597] xfs: Unknown parameter ''
[ 1831.088065] loop4: detected capacity change from 0 to 65536
[ 1831.089365] xfs: Unknown parameter ''
[ 1854.724393] loop2: detected capacity change from 0 to 65536
[ 1854.724922] xfs: Unknown parameter ''
[ 1883.905580] loop5: detected capacity change from 0 to 65536
[ 1883.906148] xfs: Unknown parameter ''
[ 2546.287519] loop6: detected capacity change from 0 to 65536
[ 2546.288069] xfs: Unknown parameter ''
[ 2587.642961] loop3: detected capacity change from 0 to 65536
[ 2587.643990] xfs: Unknown parameter ''
[ 2598.657174] loop5: detected capacity change from 0 to 65536
[ 2598.657732] xfs: Unknown parameter ''
[ 2845.993362] loop7: detected capacity change from 0 to 65536
[ 2845.994934] xfs: Unknown parameter ''
[ 2965.899674] loop4: detected capacity change from 0 to 65536
[ 2965.900264] xfs: Unknown parameter ''
[ 3348.746084] loop1: detected capacity change from 0 to 65536
[ 3348.747096] xfs: Unknown parameter ''
[ 3442.664804] loop6: detected capacity change from 0 to 65536
[ 3442.665370] xfs: Unknown parameter ''
[ 3650.855935] loop3: detected capacity change from 0 to 65536
[ 3650.857019] xfs: Unknown parameter ''
[ 3657.640372] loop1: detected capacity change from 0 to 65536
[ 3657.640953] xfs: Unknown parameter ''
