c[?7l[2J[0mSeaBIOS (version rel-1.16.0-0-gd239552ce722-prebuilt.qemu.org)


iPXE (http://ipxe.org) 00:03.0 CA00 PCI2.10 PnP PMM+7FF91000+7FEF1000 CA00
Press Ctrl-B to configure iPXE (PCI 00:03.0)...                                                                               


Booting from ROM...
c[?7l[2J[    0.000000] Linux version 6.8.0-rc4-841c35169323+ (root@p-rplp02) (gcc (GCC) 8.5.0 20210514 (Red Hat 8.5.0-21), GNU ld version 2.36.1-2.el8) #1 SMP PREEMPT_DYNAMIC Mon Feb 12 12:47:28 CST 2024
[    0.000000] Command line: console=ttyS0 root=/dev/sda earlyprintk=serial net.ifnames=0 plymouth.enable=0
[    0.000000] KERNEL supported cpus:
[    0.000000]   Intel GenuineIntel
[    0.000000]   AMD AuthenticAMD
[    0.000000]   Hygon HygonGenuine
[    0.000000]   Centaur CentaurHauls
[    0.000000]   zhaoxin   Shanghai  
[    0.000000] BIOS-provided physical RAM map:
[    0.000000] BIOS-e820: [mem 0x0000000000000000-0x000000000009fbff] usable
[    0.000000] BIOS-e820: [mem 0x000000000009fc00-0x000000000009ffff] reserved
[    0.000000] BIOS-e820: [mem 0x00000000000f0000-0x00000000000fffff] reserved
[    0.000000] BIOS-e820: [mem 0x0000000000100000-0x000000007ffdffff] usable
[    0.000000] BIOS-e820: [mem 0x000000007ffe0000-0x000000007fffffff] reserved
[    0.000000] BIOS-e820: [mem 0x00000000feffc000-0x00000000feffffff] reserved
[    0.000000] BIOS-e820: [mem 0x00000000fffc0000-0x00000000ffffffff] reserved
[    0.000000] printk: legacy bootconsole [earlyser0] enabled
[    0.000000] NX (Execute Disable) protection: active
[    0.000000] APIC: Static calls initialized
[    0.000000] SMBIOS 2.8 present.
[    0.000000] DMI: QEMU Standard PC (i440FX + PIIX, 1996), BIOS rel-1.16.0-0-gd239552ce722-prebuilt.qemu.org 04/01/2014
[    0.000000] Hypervisor detected: KVM
[    0.000000] kvm-clock: Using msrs 4b564d01 and 4b564d00
[    0.000006] kvm-clock: using sched offset of 1083609193 cycles
[    0.000519] clocksource: kvm-clock: mask: 0xffffffffffffffff max_cycles: 0x1cd42e4dffb, max_idle_ns: 881590591483 ns
[    0.002150] tsc: Detected 1881.600 MHz processor
[    0.010406] last_pfn = 0x7ffe0 max_arch_pfn = 0x400000000
[    0.011002] MTRR map: 4 entries (3 fixed + 1 variable; max 19), built from 8 variable MTRRs
[    0.011782] x86/PAT: Configuration [0-7]: WB  WC  UC- UC  WB  WP  UC- WT  
[    0.023444] found SMP MP-table at [mem 0x000f5ba0-0x000f5baf]
[    0.024093] Using GB pages for direct mapping
[    0.027176] ACPI: Early table checksum verification disabled
[    0.027717] ACPI: RSDP 0x00000000000F59C0 000014 (v00 BOCHS )
[    0.028252] ACPI: RSDT 0x000000007FFE1951 000034 (v01 BOCHS  BXPC     00000001 BXPC 00000001)
[    0.029024] ACPI: FACP 0x000000007FFE17FD 000074 (v01 BOCHS  BXPC     00000001 BXPC 00000001)
[    0.029811] ACPI: DSDT 0x000000007FFE0040 0017BD (v01 BOCHS  BXPC     00000001 BXPC 00000001)
[    0.030580] ACPI: FACS 0x000000007FFE0000 000040
[    0.031003] ACPI: APIC 0x000000007FFE1871 000080 (v01 BOCHS  BXPC     00000001 BXPC 00000001)
[    0.031770] ACPI: HPET 0x000000007FFE18F1 000038 (v01 BOCHS  BXPC     00000001 BXPC 00000001)
[    0.032539] ACPI: WAET 0x000000007FFE1929 000028 (v01 BOCHS  BXPC     00000001 BXPC 00000001)
[    0.033304] ACPI: Reserving FACP table memory at [mem 0x7ffe17fd-0x7ffe1870]
[    0.033933] ACPI: Reserving DSDT table memory at [mem 0x7ffe0040-0x7ffe17fc]
[    0.034553] ACPI: Reserving FACS table memory at [mem 0x7ffe0000-0x7ffe003f]
[    0.035171] ACPI: Reserving APIC table memory at [mem 0x7ffe1871-0x7ffe18f0]
[    0.035790] ACPI: Reserving HPET table memory at [mem 0x7ffe18f1-0x7ffe1928]
[    0.036410] ACPI: Reserving WAET table memory at [mem 0x7ffe1929-0x7ffe1950]
[    0.037580] No NUMA configuration found
[    0.037922] Faking a node at [mem 0x0000000000000000-0x000000007ffdffff]
[    0.038560] NODE_DATA(0) allocated [mem 0x7ffb5000-0x7ffdffff]
[    0.041010] Zone ranges:
[    0.041261]   DMA      [mem 0x0000000000001000-0x0000000000ffffff]
[    0.041835]   DMA32    [mem 0x0000000001000000-0x000000007ffdffff]
[    0.042398]   Normal   empty
[    0.042661]   Device   empty
[    0.042928] Movable zone start for each node
[    0.043319] Early memory node ranges
[    0.043644]   node   0: [mem 0x0000000000001000-0x000000000009efff]
[    0.044214]   node   0: [mem 0x0000000000100000-0x000000007ffdffff]
[    0.044791] Initmem setup node 0 [mem 0x0000000000001000-0x000000007ffdffff]
[    0.046153] On node 0, zone DMA: 1 pages in unavailable ranges
[    0.047088] On node 0, zone DMA: 97 pages in unavailable ranges
[    0.105040] On node 0, zone DMA32: 32 pages in unavailable ranges
[    0.370276] kasan: KernelAddressSanitizer initialized
[    0.371035] ACPI: PM-Timer IO Port: 0x608
[    0.371409] ACPI: LAPIC_NMI (acpi_id[0xff] dfl dfl lint[0x1])
[    0.371970] IOAPIC[0]: apic_id 0, version 17, address 0xfec00000, GSI 0-23
[    0.372573] ACPI: INT_SRC_OVR (bus 0 bus_irq 0 global_irq 2 dfl dfl)
[    0.373104] ACPI: INT_SRC_OVR (bus 0 bus_irq 5 global_irq 5 high level)
[    0.373654] ACPI: INT_SRC_OVR (bus 0 bus_irq 9 global_irq 9 high level)
[    0.374213] ACPI: INT_SRC_OVR (bus 0 bus_irq 10 global_irq 10 high level)
[    0.374794] ACPI: INT_SRC_OVR (bus 0 bus_irq 11 global_irq 11 high level)
[    0.375391] ACPI: Using ACPI (MADT) for SMP configuration information
[    0.375942] ACPI: HPET id: 0x8086a201 base: 0xfed00000
[    0.376397] TSC deadline timer available
[    0.376733] smpboot: Allowing 2 CPUs, 0 hotplug CPUs
[    0.377211] kvm-guest: APIC: eoi() replaced with kvm_guest_apic_eoi_write()
[    0.377845] kvm-guest: KVM setup pv remote TLB flush
[    0.378272] kvm-guest: setup PV sched yield
[    0.378688] PM: hibernation: Registered nosave memory: [mem 0x00000000-0x00000fff]
[    0.379343] PM: hibernation: Registered nosave memory: [mem 0x0009f000-0x0009ffff]
[    0.379987] PM: hibernation: Registered nosave memory: [mem 0x000a0000-0x000effff]
[    0.380624] PM: hibernation: Registered nosave memory: [mem 0x000f0000-0x000fffff]
[    0.381262] [mem 0x80000000-0xfeffbfff] available for PCI devices
[    0.381785] Booting paravirtualized kernel on KVM
[    0.382197] clocksource: refined-jiffies: mask: 0xffffffff max_cycles: 0xffffffff, max_idle_ns: 7645519600211568 ns
[    0.383099] setup_percpu: NR_CPUS:8192 nr_cpumask_bits:2 nr_cpu_ids:2 nr_node_ids:1
[    0.385867] percpu: Embedded 82 pages/cpu s299008 r8192 d28672 u1048576
[    0.386615] kvm-guest: PV spinlocks enabled
[    0.386980] PV qspinlock hash table entries: 256 (order: 0, 4096 bytes, linear)
[    0.387617] Kernel command line: net.ifnames=0 console=ttyS0 root=/dev/sda earlyprintk=serial net.ifnames=0 plymouth.enable=0
[    0.389037] random: crng init done
[    0.390758] Dentry cache hash table entries: 262144 (order: 9, 2097152 bytes, linear)
[    0.392227] Inode-cache hash table entries: 131072 (order: 8, 1048576 bytes, linear)
[    0.393203] Fallback order for Node 0: 0 
[    0.393216] Built 1 zonelists, mobility grouping on.  Total pages: 515808
[    0.394096] Policy zone: DMA32
[    0.394346] mem auto-init: stack:off, heap alloc:off, heap free:off
[    0.394848] stackdepot: allocating hash table via alloc_large_system_hash
[    0.395397] stackdepot hash table entries: 1048576 (order: 12, 16777216 bytes, linear)
[    0.482305] Memory: 1619036K/2096632K available (73728K kernel code, 14081K rwdata, 16688K rodata, 15004K init, 21832K bss, 477340K reserved, 0K cma-reserved)
[    0.484825] SLUB: HWalign=64, Order=0-3, MinObjects=0, CPUs=2, Nodes=1
[    0.485352] kmemleak: Kernel memory leak detector disabled
[    0.485964] ftrace: allocating 72737 entries in 285 pages
[    0.516205] ftrace: allocated 285 pages with 5 groups
[    0.521380] Dynamic Preempt: voluntary
[    0.522526] Running RCU self tests
[    0.522824] Running RCU synchronous self tests
[    0.523223] rcu: Preemptible hierarchical RCU implementation.
[    0.523709] rcu: 	RCU lockdep checking is enabled.
[    0.524110] rcu: 	RCU restricting CPUs from NR_CPUS=8192 to nr_cpu_ids=2.
[    0.524678] 	Trampoline variant of Tasks RCU enabled.
[    0.525102] 	Rude variant of Tasks RCU enabled.
[    0.525491] 	Tracing variant of Tasks RCU enabled.
[    0.525895] rcu: RCU calculated value of scheduler-enlistment delay is 25 jiffies.
[    0.526530] rcu: Adjusting geometry for rcu_fanout_leaf=16, nr_cpu_ids=2
[    0.527181] Running RCU synchronous self tests
[    0.578982] NR_IRQS: 524544, nr_irqs: 440, preallocated irqs: 16
[    0.580289] rcu: srcu_init: Setting srcu_struct sizes based on contention.
[    0.588263] Console: colour VGA+ 80x25
[    0.588655] printk: legacy console [ttyS0] enabled
[    0.588655] printk: legacy console [ttyS0] enabled
[    0.589445] printk: legacy bootconsole [earlyser0] disabled
[    0.589445] printk: legacy bootconsole [earlyser0] disabled
[    0.590359] Lock dependency validator: Copyright (c) 2006 Red Hat, Inc., Ingo Molnar
[    0.590987] ... MAX_LOCKDEP_SUBCLASSES:  8
[    0.591323] ... MAX_LOCK_DEPTH:          48
[    0.591666] ... MAX_LOCKDEP_KEYS:        8192
[    0.592025] ... CLASSHASH_SIZE:          4096
[    0.592382] ... MAX_LOCKDEP_ENTRIES:     32768
[    0.592750] ... MAX_LOCKDEP_CHAINS:      65536
[    0.593120] ... CHAINHASH_SIZE:          32768
[    0.593497]  memory used by lock dependency info: 6429 kB
[    0.593948]  memory used for stack traces: 4224 kB
[    0.594355]  per task-struct memory footprint: 1920 bytes
[    0.594966] ACPI: Core revision 20230628
[    0.596066] clocksource: hpet: mask: 0xffffffff max_cycles: 0xffffffff, max_idle_ns: 19112604467 ns
[    0.597175] APIC: Switch to symmetric I/O mode setup
[    0.597803] x2apic enabled
[    0.598447] APIC: Switched APIC routing to: physical x2apic
[    0.598953] kvm-guest: APIC: send_IPI_mask() replaced with kvm_send_ipi_mask()
[    0.599626] kvm-guest: APIC: send_IPI_mask_allbutself() replaced with kvm_send_ipi_mask_allbutself()
[    0.600426] kvm-guest: setup PV IPIs
[    0.602098] ..TIMER: vector=0x30 apic1=0 pin1=2 apic2=-1 pin2=-1
[    0.602663] clocksource: tsc-early: mask: 0xffffffffffffffff max_cycles: 0x363e8c91135, max_idle_ns: 881590568389 ns
[    0.603608] Calibrating delay loop (skipped) preset value.. 3763.20 BogoMIPS (lpj=7526400)
[    0.604461] x86/cpu: User Mode Instruction Prevention (UMIP) activated
[    0.607788] Last level iTLB entries: 4KB 0, 2MB 0, 4MB 0
[    0.608287] Last level dTLB entries: 4KB 0, 2MB 0, 4MB 0, 1GB 0
[    0.608829] Spectre V1 : Mitigation: usercopy/swapgs barriers and __user pointer sanitization
[    0.609584] Spectre V2 : WARNING: Unprivileged eBPF is enabled with eIBRS on, data leaks possible via Spectre v2 BHB attacks!
[    0.610564] Spectre V2 : Mitigation: Enhanced / Automatic IBRS
[    0.611061] Spectre V2 : Spectre v2 / SpectreRSB mitigation: Filling RSB on context switch
[    0.611591] Spectre V2 : Spectre v2 / PBRSB-eIBRS: Retire a single CALL on VMEXIT
[    0.612240] Spectre V2 : mitigation: Enabling conditional Indirect Branch Prediction Barrier
[    0.612940] Speculative Store Bypass: Mitigation: Speculative Store Bypass disabled via prctl
[    0.613644] MMIO Stale Data: Unknown: No mitigations
[    0.614099] x86/fpu: Supporting XSAVE feature 0x001: 'x87 floating point registers'
[    0.614752] x86/fpu: Supporting XSAVE feature 0x002: 'SSE registers'
[    0.615587] x86/fpu: Supporting XSAVE feature 0x004: 'AVX registers'
[    0.616157] x86/fpu: Supporting XSAVE feature 0x200: 'Protection Keys User registers'
[    0.616828] x86/fpu: xstate_offset[2]:  576, xstate_sizes[2]:  256
[    0.617376] x86/fpu: xstate_offset[9]:  832, xstate_sizes[9]:    8
[    0.617919] x86/fpu: Enabled xstate features 0x207, context size is 840 bytes, using 'compacted' format.
[    0.763446] Freeing SMP alternatives memory: 56K
[    0.763595] pid_max: default: 32768 minimum: 301
[    0.764576] LSM: initializing lsm=capability,yama,integrity
[    0.765120] Yama: becoming mindful.
[    0.765980] Mount-cache hash table entries: 4096 (order: 3, 32768 bytes, linear)
[    0.766696] Mountpoint-cache hash table entries: 4096 (order: 3, 32768 bytes, linear)
[    0.770292] Running RCU synchronous self tests
[    0.770730] Running RCU synchronous self tests
[    0.772255] smpboot: CPU0: Genuine Intel(R) 0000 (family: 0x6, model: 0xba, stepping: 0x2)
[    0.774487] RCU Tasks: Setting shift to 1 and lim to 1 rcu_task_cb_adjust=1.
[    0.775302] RCU Tasks Rude: Setting shift to 1 and lim to 1 rcu_task_cb_adjust=1.
[    0.775582] RCU Tasks Trace: Setting shift to 1 and lim to 1 rcu_task_cb_adjust=1.
[    0.775732] Running RCU Tasks wait API self tests
[    0.879750] Running RCU Tasks Rude wait API self tests
[    0.880386] Running RCU Tasks Trace wait API self tests
[    0.880903] Performance Events: unsupported p6 CPU model 186 no PMU driver, software events only.
[    0.881788] signal: max sigframe size: 3632
[    0.882497] rcu: Hierarchical SRCU implementation.
[    0.882914] rcu: 	Max phase no-delay instances is 1000.
[    0.887633] Callback from call_rcu_tasks_trace() invoked.
[    0.889468] NMI watchdog: Perf NMI watchdog permanently disabled
[    0.890296] smp: Bringing up secondary CPUs ...
[    0.891675] smpboot: x86: Booting SMP configuration:
[    0.892093] .... node  #0, CPUs:      #1
[    0.892387] smp: Brought up 1 node, 2 CPUs
[    0.892412] smpboot: Max logical packages: 1
[    0.892749] smpboot: Total of 2 processors activated (7526.40 BogoMIPS)
[    0.897283] devtmpfs: initialized
[    0.899614] x86/mm: Memory block size: 128MB
[    0.910152] Running RCU synchronous self tests
[    0.911607] Running RCU synchronous self tests
[    0.912041] clocksource: jiffies: mask: 0xffffffff max_cycles: 0xffffffff, max_idle_ns: 7645041785100000 ns
[    0.912819] futex hash table entries: 512 (order: 4, 65536 bytes, linear)
[    0.914176] pinctrl core: initialized pinctrl subsystem
[    0.915793] 
[    0.915938] *************************************************************
[    0.916480] **     NOTICE NOTICE NOTICE NOTICE NOTICE NOTICE NOTICE    **
[    0.917015] **                                                         **
[    0.917549] **  IOMMU DebugFS SUPPORT HAS BEEN ENABLED IN THIS KERNEL  **
[    0.918086] **                                                         **
[    0.918637] ** This means that this kernel is built to expose internal **
[    0.919180] ** IOMMU data structures, which may compromise security on **
[    0.919593] ** your system.                                            **
[    0.920133] **                                                         **
[    0.920672] ** If you see this message and you are not debugging the   **
[    0.921215] ** kernel, report this immediately to your vendor!         **
[    0.921762] **                                                         **
[    0.922306] **     NOTICE NOTICE NOTICE NOTICE NOTICE NOTICE NOTICE    **
[    0.922856] *************************************************************
[    0.923486] PM: RTC time: 21:55:34, date: 2024-02-18
[    0.928858] NET: Registered PF_NETLINK/PF_ROUTE protocol family
[    0.931126] DMA: preallocated 256 KiB GFP_KERNEL pool for atomic allocations
[    0.931619] DMA: preallocated 256 KiB GFP_KERNEL|GFP_DMA pool for atomic allocations
[    0.932240] DMA: preallocated 256 KiB GFP_KERNEL|GFP_DMA32 pool for atomic allocations
[    0.932990] audit: initializing netlink subsys (disabled)
[    0.933466] audit: type=2000 audit(1708293334.403:1): state=initialized audit_enabled=0 res=1
[    0.936688] thermal_sys: Registered thermal governor 'fair_share'
[    0.936697] thermal_sys: Registered thermal governor 'bang_bang'
[    0.937216] thermal_sys: Registered thermal governor 'step_wise'
[    0.937678] thermal_sys: Registered thermal governor 'user_space'
[    0.938239] cpuidle: using governor ladder
[    0.939085] cpuidle: using governor menu
[    0.939888] acpiphp: ACPI Hot Plug PCI Controller Driver version: 0.5
[    0.941500] PCI: Using configuration type 1 for base access
[    0.942621] kprobes: kprobe jump-optimization is enabled. All kprobes are optimized if possible.
[    1.079582] Callback from call_rcu_tasks_rude() invoked.
[    1.081176] HugeTLB: registered 1.00 GiB page size, pre-allocated 0 pages
[    1.081840] HugeTLB: 16380 KiB vmemmap can be freed for a 1.00 GiB page
[    1.082437] HugeTLB: registered 2.00 MiB page size, pre-allocated 0 pages
[    1.083016] HugeTLB: 28 KiB vmemmap can be freed for a 2.00 MiB page
[    1.090352] ACPI: Added _OSI(Module Device)
[    1.090793] ACPI: Added _OSI(Processor Device)
[    1.091183] ACPI: Added _OSI(3.0 _SCP Extensions)
[    1.091626] ACPI: Added _OSI(Processor Aggregator Device)
[    1.125742] ACPI: 1 ACPI AML tables successfully acquired and loaded
[    1.132280] ACPI: _OSC evaluation for CPUs failed, trying _PDC
[    1.137115] ACPI: Interpreter enabled
[    1.137714] ACPI: PM: (supports S0 S3 S4 S5)
[    1.138123] ACPI: Using IOAPIC for interrupt routing
[    1.138779] PCI: Using host bridge windows from ACPI; if necessary, use "pci=nocrs" and report a bug
[    1.139592] PCI: Using E820 reservations for host bridge windows
[    1.142402] ACPI: Enabled 2 GPEs in block 00 to 0F
[    1.219845] ACPI: PCI Root Bridge [PCI0] (domain 0000 [bus 00-ff])
[    1.220604] acpi PNP0A03:00: _OSC: OS supports [ASPM ClockPM Segments MSI EDR HPX-Type3]
[    1.221379] acpi PNP0A03:00: _OSC: not requesting OS control; OS requires [ExtendedConfig ASPM ClockPM MSI]
[    1.222665] acpi PNP0A03:00: fail to add MMCONFIG information, can't access extended configuration space under this bridge
[    1.232984] acpiphp: Slot [3] registered
[    1.233710] acpiphp: Slot [4] registered
[    1.234374] acpiphp: Slot [5] registered
[    1.235018] acpiphp: Slot [6] registered
[    1.235676] acpiphp: Slot [7] registered
[    1.236326] acpiphp: Slot [8] registered
[    1.237008] acpiphp: Slot [9] registered
[    1.237661] acpiphp: Slot [10] registered
[    1.238335] acpiphp: Slot [11] registered
[    1.238986] acpiphp: Slot [12] registered
[    1.239656] acpiphp: Slot [13] registered
[    1.240294] acpiphp: Slot [14] registered
[    1.240932] acpiphp: Slot [15] registered
[    1.241593] acpiphp: Slot [16] registered
[    1.242258] acpiphp: Slot [17] registered
[    1.242939] acpiphp: Slot [18] registered
[    1.243580] acpiphp: Slot [19] registered
[    1.244246] acpiphp: Slot [20] registered
[    1.244913] acpiphp: Slot [21] registered
[    1.245573] acpiphp: Slot [22] registered
[    1.246215] acpiphp: Slot [23] registered
[    1.246867] acpiphp: Slot [24] registered
[    1.247554] acpiphp: Slot [25] registered
[    1.247862] acpiphp: Slot [26] registered
[    1.248504] acpiphp: Slot [27] registered
[    1.249163] acpiphp: Slot [28] registered
[    1.249840] acpiphp: Slot [29] registered
[    1.250477] acpiphp: Slot [30] registered
[    1.251124] acpiphp: Slot [31] registered
[    1.251666] PCI host bridge to bus 0000:00
[    1.252070] pci_bus 0000:00: root bus resource [io  0x0000-0x0cf7 window]
[    1.252716] pci_bus 0000:00: root bus resource [io  0x0d00-0xffff window]
[    1.253370] pci_bus 0000:00: root bus resource [mem 0x000a0000-0x000bffff window]
[    1.254076] pci_bus 0000:00: root bus resource [mem 0x80000000-0xfebfffff window]
[    1.254787] pci_bus 0000:00: root bus resource [mem 0x100000000-0x17fffffff window]
[    1.255512] pci_bus 0000:00: root bus resource [bus 00-ff]
[    1.255963] pci 0000:00:00.0: [8086:1237] type 00 class 0x060000 conventional PCI endpoint
[    1.280669] pci 0000:00:01.0: [8086:7000] type 00 class 0x060100 conventional PCI endpoint
[    1.283953] pci 0000:00:01.1: [8086:7010] type 00 class 0x010180 conventional PCI endpoint
[    1.286514] pci 0000:00:01.1: BAR 4 [io  0xc040-0xc04f]
[    1.287617] pci 0000:00:01.1: BAR 0 [io  0x01f0-0x01f7]: legacy IDE quirk
[    1.288303] pci 0000:00:01.1: BAR 1 [io  0x03f6]: legacy IDE quirk
[    1.288888] pci 0000:00:01.1: BAR 2 [io  0x0170-0x0177]: legacy IDE quirk
[    1.289529] pci 0000:00:01.1: BAR 3 [io  0x0376]: legacy IDE quirk
[    1.290891] pci 0000:00:01.3: [8086:7113] type 00 class 0x068000 conventional PCI endpoint
[    1.292007] pci 0000:00:01.3: quirk: [io  0x0600-0x063f] claimed by PIIX4 ACPI
[    1.292697] pci 0000:00:01.3: quirk: [io  0x0700-0x070f] claimed by PIIX4 SMB
[    1.294104] pci 0000:00:02.0: [1234:1111] type 00 class 0x030000 conventional PCI endpoint
[    1.296625] pci 0000:00:02.0: BAR 0 [mem 0xfd000000-0xfdffffff pref]
[    1.302802] pci 0000:00:02.0: BAR 2 [mem 0xfebf0000-0xfebf0fff]
[    1.308838] pci 0000:00:02.0: ROM [mem 0xfebe0000-0xfebeffff pref]
[    1.309913] pci 0000:00:02.0: Video device with shadowed ROM at [mem 0x000c0000-0x000dffff]
[    1.333978] pci 0000:00:03.0: [8086:100e] type 00 class 0x020000 conventional PCI endpoint
[    1.335436] pci 0000:00:03.0: BAR 0 [mem 0xfebc0000-0xfebdffff]
[    1.336186] pci 0000:00:03.0: BAR 1 [io  0xc000-0xc03f]
[    1.339596] pci 0000:00:03.0: ROM [mem 0xfeb80000-0xfebbffff pref]
[    1.378205] ACPI: PCI: Interrupt link LNKA configured for IRQ 10
[    1.381162] ACPI: PCI: Interrupt link LNKB configured for IRQ 10
[    1.383893] ACPI: PCI: Interrupt link LNKC configured for IRQ 11
[    1.386668] ACPI: PCI: Interrupt link LNKD configured for IRQ 11
[    1.388122] ACPI: PCI: Interrupt link LNKS configured for IRQ 9
[    1.395188] iommu: Default domain type: Translated
[    1.395596] iommu: DMA domain TLB invalidation policy: lazy mode
[    1.400996] SCSI subsystem initialized
[    1.402433] ACPI: bus type USB registered
[    1.403164] usbcore: registered new interface driver usbfs
[    1.403789] usbcore: registered new interface driver hub
[    1.404415] usbcore: registered new device driver usb
[    1.406141] pps_core: LinuxPPS API ver. 1 registered
[    1.406599] pps_core: Software ver. 5.3.6 - Copyright 2005-2007 Rodolfo Giometti <giometti@linux.it>
[    1.407414] PTP clock support registered
[    1.408465] EDAC MC: Ver: 3.0.0
[    1.414581] NetLabel: Initializing
[    1.414942] NetLabel:  domain hash size = 128
[    1.415345] NetLabel:  protocols = UNLABELED CIPSOv4 CALIPSO
[    1.415939] NetLabel:  unlabeled traffic allowed by default
[    1.417571] PCI: Using ACPI for IRQ routing
[    1.418542] pci 0000:00:02.0: vgaarb: setting as boot VGA device
[    1.419111] pci 0000:00:02.0: vgaarb: bridge control possible
[    1.419582] pci 0000:00:02.0: vgaarb: VGA device added: decodes=io+mem,owns=io+mem,locks=none
[    1.419596] vgaarb: loaded
[    1.421125] hpet0: at MMIO 0xfed00000, IRQs 2, 8, 0
[    1.421592] hpet0: 3 comparators, 64-bit 100.000000 MHz counter
[    1.435146] clocksource: Switched to clocksource kvm-clock
[    1.436772] VFS: Disk quotas dquot_6.6.0
[    1.439188] VFS: Dquot-cache hash table entries: 512 (order 0, 4096 bytes)
[    1.447451] pnp: PnP ACPI init
[    1.460928] pnp: PnP ACPI: found 6 devices
[    1.488697] clocksource: acpi_pm: mask: 0xffffff max_cycles: 0xffffff, max_idle_ns: 2085701024 ns
[    1.490367] NET: Registered PF_INET protocol family
[    1.491230] IP idents hash table entries: 32768 (order: 6, 262144 bytes, linear)
[    1.494115] tcp_listen_portaddr_hash hash table entries: 1024 (order: 4, 73728 bytes, linear)
[    1.495007] Table-perturb hash table entries: 65536 (order: 6, 262144 bytes, linear)
[    1.495783] TCP established hash table entries: 16384 (order: 5, 131072 bytes, linear)
[    1.496972] TCP bind hash table entries: 16384 (order: 9, 2359296 bytes, linear)
[    1.500325] TCP: Hash tables configured (established 16384 bind 16384)
[    1.501369] UDP hash table entries: 1024 (order: 5, 163840 bytes, linear)
[    1.502140] UDP-Lite hash table entries: 1024 (order: 5, 163840 bytes, linear)
[    1.503471] NET: Registered PF_UNIX/PF_LOCAL protocol family
[    1.505601] RPC: Registered named UNIX socket transport module.
[    1.506178] RPC: Registered udp transport module.
[    1.506580] RPC: Registered tcp transport module.
[    1.507014] RPC: Registered tcp-with-tls transport module.
[    1.507480] RPC: Registered tcp NFSv4.1 backchannel transport module.
[    1.508082] pci_bus 0000:00: resource 4 [io  0x0000-0x0cf7 window]
[    1.508613] pci_bus 0000:00: resource 5 [io  0x0d00-0xffff window]
[    1.509140] pci_bus 0000:00: resource 6 [mem 0x000a0000-0x000bffff window]
[    1.509714] pci_bus 0000:00: resource 7 [mem 0x80000000-0xfebfffff window]
[    1.510307] pci_bus 0000:00: resource 8 [mem 0x100000000-0x17fffffff window]
[    1.511527] pci 0000:00:01.0: PIIX3: Enabling Passive Release
[    1.512036] pci 0000:00:00.0: Limiting direct PCI/PCI transfers
[    1.512633] PCI: CLS 0 bytes, default 64
[    1.513105] ACPI: bus type thunderbolt registered
[    1.514171] clocksource: tsc: mask: 0xffffffffffffffff max_cycles: 0x363e8c91135, max_idle_ns: 881590568389 ns
[    3.382489] Callback from call_rcu_tasks() invoked.
[    3.402040] Initialise system trusted keyrings
[    3.403308] Key type blacklist registered
[    3.404839] workingset: timestamp_bits=36 max_order=19 bucket_order=0
[    3.406202] zbud: loaded
[    3.412580] squashfs: version 4.0 (2009/01/31) Phillip Lougher
[    3.418459] NFS: Registering the id_resolver key type
[    3.419440] Key type id_resolver registered
[    3.420152] Key type id_legacy registered
[    3.421108] nfs4filelayout_init: NFSv4 File Layout Driver Registering...
[    3.422419] nfs4flexfilelayout_init: NFSv4 Flexfile Layout Driver Registering...
[    3.424786] fuse: init (API version 7.39)
[    3.427304] SGI XFS with ACLs, security attributes, realtime, quota, no debug enabled
[    3.433042] 9p: Installing v9fs 9p2000 file system support
[    3.449482] Key type asymmetric registered
[    3.450014] Asymmetric key parser 'x509' registered
[    3.451111] Block layer SCSI generic (bsg) driver version 0.4 loaded (major 243)
[    3.452868] io scheduler mq-deadline registered
[    3.454124] io scheduler bfq registered
[    3.458321] shpchp: Standard Hot Plug PCI Controller Driver version: 0.4
[    3.460780] IPMI message handler: version 39.2
[    3.461446] ipmi device interface
[    3.466857] input: Power Button as /devices/LNXSYSTM:00/LNXPWRBN:00/input/input0
[    3.468589] ACPI: button: Power Button [PWRF]
[    3.473261] ERST DBG: ERST support is disabled.
[    3.478463] Serial: 8250/16550 driver, 32 ports, IRQ sharing enabled
[    3.483045] 00:04: ttyS0 at I/O 0x3f8 (irq = 4, base_baud = 115200) is a 16550A
[    3.536653] Linux agpgart interface v0.103
[    3.542688] ACPI: bus type drm_connector registered
[    3.588347] brd: module loaded
[    3.610029] loop: module loaded
[    3.630059] scsi host0: ata_piix
[    3.632641] scsi host1: ata_piix
[    3.633734] ata1: PATA max MWDMA2 cmd 0x1f0 ctl 0x3f6 bmdma 0xc040 irq 14 lpm-pol 0
[    3.634438] ata2: PATA max MWDMA2 cmd 0x170 ctl 0x376 bmdma 0xc048 irq 15 lpm-pol 0
[    3.638623] tun: Universal TUN/TAP device driver, 1.6
[    3.639969] e100: Intel(R) PRO/100 Network Driver
[    3.640405] e100: Copyright(c) 1999-2006 Intel Corporation
[    3.640989] e1000: Intel(R) PRO/1000 Network Driver
[    3.641432] e1000: Copyright (c) 1999-2006 Intel Corporation.
[    3.795257] ata2: found unknown device (class 0)
[    3.796759] ata1: found unknown device (class 0)
[    3.798608] ata1.00: ATA-7: QEMU HARDDISK, 2.5+, max UDMA/100
[    3.799616] ata1.00: 17196647 sectors, multi 16: LBA48 
[    3.801266] ata2.00: ATAPI: QEMU DVD-ROM, 2.5+, max UDMA/100
[    3.806131] scsi 0:0:0:0: Direct-Access     ATA      QEMU HARDDISK    2.5+ PQ: 0 ANSI: 5
[    3.814220] sd 0:0:0:0: Attached scsi generic sg0 type 0
[    3.816172] sd 0:0:0:0: [sda] 17196647 512-byte logical blocks: (8.80 GB/8.20 GiB)
[    3.819323] sd 0:0:0:0: [sda] Write Protect is off
[    3.820513] scsi 1:0:0:0: CD-ROM            QEMU     QEMU DVD-ROM     2.5+ PQ: 0 ANSI: 5
[    3.822250] sd 0:0:0:0: [sda] Write cache: enabled, read cache: enabled, doesn't support DPO or FUA
[    3.824470] sd 0:0:0:0: [sda] Preferred minimum I/O size 512 bytes
[    3.839767] sd 0:0:0:0: [sda] Attached SCSI disk
[    3.850033] scsi 1:0:0:0: Attached scsi generic sg1 type 5
[    5.638398] ACPI: \_SB_.LNKC: Enabled at IRQ 11
[    5.974544] e1000 0000:00:03.0 eth0: (PCI:33MHz:32-bit) 52:54:00:12:34:56
[    5.975858] e1000 0000:00:03.0 eth0: Intel(R) PRO/1000 Network Connection
[    5.977456] e1000e: Intel(R) PRO/1000 Network Driver
[    5.978317] e1000e: Copyright(c) 1999 - 2015 Intel Corporation.
[    5.979662] igb: Intel(R) Gigabit Ethernet Network Driver
[    5.980576] igb: Copyright (c) 2007-2014 Intel Corporation.
[    5.982144] PPP generic driver version 2.4.2
[    5.985382] VFIO - User Level meta-driver version: 0.3
[    5.988842] usbcore: registered new interface driver uas
[    5.990098] usbcore: registered new interface driver usb-storage
[    5.992048] i8042: PNP: PS/2 Controller [PNP0303:KBD,PNP0f13:MOU] at 0x60,0x64 irq 1,12
[    5.995667] serio: i8042 KBD port at 0x60,0x64 irq 1
[    5.996810] serio: i8042 AUX port at 0x60,0x64 irq 12
[    5.999633] mousedev: PS/2 mouse device common for all mice
[    6.004462] rtc_cmos 00:05: RTC can wake from S4
[    6.007981] input: AT Translated Set 2 keyboard as /devices/platform/i8042/serio0/input/input1
[    6.013772] rtc_cmos 00:05: registered as rtc0
[    6.014825] rtc_cmos 00:05: setting system clock to 2024-02-18T21:55:39 UTC (1708293339)
[    6.019027] input: VirtualPS/2 VMware VMMouse as /devices/platform/i8042/serio1/input/input4
[    6.021186] rtc_cmos 00:05: alarms up to one day, y3k, 242 bytes nvram, hpet irqs
[    6.022804] i2c_dev: i2c /dev entries driver
[    6.023665] input: VirtualPS/2 VMware VMMouse as /devices/platform/i8042/serio1/input/input3
[    6.023887] device-mapper: core: CONFIG_IMA_DISABLE_HTABLE is disabled. Duplicate IMA measurements will not be recorded in the IMA log.
[    6.027076] device-mapper: uevent: version 1.0.3
[    6.029141] device-mapper: ioctl: 4.48.0-ioctl (2023-03-01) initialised: dm-devel@redhat.com
[    6.030547] intel_pstate: CPU model not supported
[    6.032036] sdhci: Secure Digital Host Controller Interface driver
[    6.033042] sdhci: Copyright(c) Pierre Ossman
[    6.034268] sdhci-pltfm: SDHCI platform and OF driver helper
[    6.035500] ledtrig-cpu: registered to indicate activity on CPUs
[    6.038398] drop_monitor: Initializing network drop monitor service
[    6.040746] NET: Registered PF_INET6 protocol family
[    6.054424] Segment Routing with IPv6
[    6.055345] In-situ OAM (IOAM) with IPv6
[    6.056297] NET: Registered PF_PACKET protocol family
[    6.057864] 9pnet: Installing 9P2000 support
[    6.058956] Key type dns_resolver registered
[    6.064566] IPI shorthand broadcast: enabled
[    6.237342] sched_clock: Marking stable (6216015213, 18729018)->(6266062948, -31318717)
[    6.241446] registered taskstats version 1
[    6.243644] Loading compiled-in X.509 certificates
[    6.351664] Key type .fscrypt registered
[    6.352430] Key type fscrypt-provisioning registered
[    6.363016] Key type encrypted registered
[    6.363988] ima: No TPM chip found, activating TPM-bypass!
[    6.365077] ima: Allocated hash algorithm: sha1
[    6.366176] ima: No architecture policies found
[    6.367414] evm: Initialising EVM extended attributes:
[    6.368297] evm: security.selinux
[    6.368867] evm: security.SMACK64
[    6.369433] evm: security.SMACK64EXEC
[    6.370055] evm: security.SMACK64TRANSMUTE
[    6.370799] evm: security.SMACK64MMAP
[    6.371424] evm: security.apparmor
[    6.372003] evm: security.ima
[    6.372512] evm: security.capability
[    6.373122] evm: HMAC attrs: 0x1
[    6.382185] PM:   Magic number: 12:447:955
[    6.383556] memory memory8: hash matches
[    6.386499] RAS: Correctable Errors collector initialized.
[    6.389505] clk: Disabling unused clocks
[    6.392322] md: Waiting for all devices to be available before autodetect
[    6.393110] md: If you don't use raid, use raid=noautodetect
[    6.393769] md: Autodetecting RAID arrays.
[    6.394300] md: autorun ...
[    6.394643] md: ... autorun DONE.
[    6.423556] EXT4-fs (sda): INFO: recovery required on readonly filesystem
[    6.424431] EXT4-fs (sda): write access will be enabled during recovery
[    6.838173] EXT4-fs (sda): recovery complete
[    6.849891] EXT4-fs (sda): mounted filesystem 088740a9-c8b4-422c-999d-a804eb68a4da ro with ordered data mode. Quota mode: none.
[    6.851142] VFS: Mounted root (ext4 filesystem) readonly on device 8:0.
[    6.857317] devtmpfs: mounted
[    6.891535] Freeing unused decrypted memory: 2028K
[    6.899998] Freeing unused kernel image (initmem) memory: 15004K
[    6.900480] Write protecting the kernel read-only data: 92160k
[    6.903907] Freeing unused kernel image (rodata/data gap) memory: 1744K
[    6.972786] x86/mm: Checked W+X mappings: passed, no W+X pages found.
[    6.973341] Run /sbin/init as init process
[    7.304535] systemd[1]: systemd 252-15.el9 running in system mode (+PAM +AUDIT +SELINUX -APPARMOR +IMA +SMACK +SECCOMP +GCRYPT +GNUTLS +OPENSSL +ACL +BLKID +CURL +ELFUTILS -FIDO2 +IDN2 -IDN -IPTC +KMOD +LIBCRYPTSETUP +LIBFDISK +PCRE2 -PWQUALITY +P11KIT -QRENCODE +TPM2 +BZIP2 +LZ4 +XZ +ZLIB +ZSTD -BPF_FRAMEWORK +XKBCOMMON +UTMP +SYSVINIT default-hierarchy=unified)
[    7.306444] systemd[1]: Detected virtualization kvm.
[    7.306829] systemd[1]: Detected architecture x86-64.

Welcome to [0;31mCentOS Stream 9[0m!

[    7.318599] systemd[1]: Hostname set to <test>.
[    7.786277] systemd-rc-local-generator[126]: /etc/rc.d/rc.local is not marked executable, skipping.
[    8.498883] systemd[1]: Queued start job for default target Multi-User System.
[    8.524740] systemd[1]: Created slice Virtual Machine and Container Slice.
[[0;32m  OK  [0m] Created slice [0;1;39mVirtual Machine and Container Slice[0m.
[    8.533319] systemd[1]: Created slice Slice /system/getty.
[[0;32m  OK  [0m] Created slice [0;1;39mSlice /system/getty[0m.
[    8.537956] systemd[1]: Created slice Slice /system/modprobe.
[[0;32m  OK  [0m] Created slice [0;1;39mSlice /system/modprobe[0m.
[    8.542567] systemd[1]: Created slice Slice /system/serial-getty.
[[0;32m  OK  [0m] Created slice [0;1;39mSlice /system/serial-getty[0m.
[    8.547334] systemd[1]: Created slice Slice /system/sshd-keygen.
[[0;32m  OK  [0m] Created slice [0;1;39mSlice /system/sshd-keygen[0m.
[    8.551799] systemd[1]: Created slice User and Session Slice.
[[0;32m  OK  [0m] Created slice [0;1;39mUser and Session Slice[0m.
[    8.554229] systemd[1]: Started Forward Password Requests to Wall Directory Watch.
[[0;32m  OK  [0m] Started [0;1;39mForward Password R…uests to Wall Directory Watch[0m.
[    8.557685] systemd[1]: Set up automount Arbitrary Executable File Formats File System Automount Point.
[[0;32m  OK  [0m] Set up automount [0;1;39mArbitrary…s File System Automount Point[0m.
[    8.560549] systemd[1]: Reached target Local Integrity Protected Volumes.
[[0;32m  OK  [0m] Reached target [0;1;39mLocal Integrity Protected Volumes[0m.
[    8.562306] systemd[1]: Reached target Slice Units.
[[0;32m  OK  [0m] Reached target [0;1;39mSlice Units[0m.
[    8.563662] systemd[1]: Reached target Swaps.
[[0;32m  OK  [0m] Reached target [0;1;39mSwaps[0m.
[    8.564890] systemd[1]: Reached target Local Verity Protected Volumes.
[[0;32m  OK  [0m] Reached target [0;1;39mLocal Verity Protected Volumes[0m.
[    8.567205] systemd[1]: Listening on Device-mapper event daemon FIFOs.
[[0;32m  OK  [0m] Listening on [0;1;39mDevice-mapper event daemon FIFOs[0m.
[    8.570007] systemd[1]: Listening on LVM2 poll daemon socket.
[[0;32m  OK  [0m] Listening on [0;1;39mLVM2 poll daemon socket[0m.
[    8.571843] systemd[1]: multipathd control socket was skipped because of an unmet condition check (ConditionPathExists=/etc/multipath.conf).
[    8.669067] systemd[1]: Listening on RPCbind Server Activation Socket.
[[0;32m  OK  [0m] Listening on [0;1;39mRPCbind Server Activation Socket[0m.
[    8.671556] systemd[1]: Reached target RPC Port Mapper.
[[0;32m  OK  [0m] Reached target [0;1;39mRPC Port Mapper[0m.
[    8.676966] systemd[1]: Listening on Process Core Dump Socket.
[[0;32m  OK  [0m] Listening on [0;1;39mProcess Core Dump Socket[0m.
[    8.679431] systemd[1]: Listening on initctl Compatibility Named Pipe.
[[0;32m  OK  [0m] Listening on [0;1;39minitctl Compatibility Named Pipe[0m.
[    8.682379] systemd[1]: Listening on Journal Socket (/dev/log).
[[0;32m  OK  [0m] Listening on [0;1;39mJournal Socket (/dev/log)[0m.
[    8.684912] systemd[1]: Listening on Journal Socket.
[[0;32m  OK  [0m] Listening on [0;1;39mJournal Socket[0m.
[    8.688455] systemd[1]: Listening on udev Control Socket.
[[0;32m  OK  [0m] Listening on [0;1;39mudev Control Socket[0m.
[    8.690430] systemd[1]: Listening on udev Kernel Socket.
[[0;32m  OK  [0m] Listening on [0;1;39mudev Kernel Socket[0m.
[    8.715401] systemd[1]: Mounting Huge Pages File System...
         Mounting [0;1;39mHuge Pages File System[0m...
[    8.727128] systemd[1]: Mounting POSIX Message Queue File System...
         Mounting [0;1;39mPOSIX Message Queue File System[0m...
[    8.767554] systemd[1]: Mounting Kernel Debug File System...
         Mounting [0;1;39mKernel Debug File System[0m...
[    8.786719] systemd[1]: Mounting Kernel Trace File System...
         Mounting [0;1;39mKernel Trace File System[0m...
[    8.791771] systemd[1]: Kernel Module supporting RPCSEC_GSS was skipped because of an unmet condition check (ConditionPathExists=/etc/krb5.keytab).
[    8.793339] systemd[1]: Create List of Static Device Nodes was skipped because of an unmet condition check (ConditionFileNotEmpty=/lib/modules/6.8.0-rc4-841c35169323+/modules.devname).
[    8.805831] systemd[1]: Starting Monitoring of LVM2 mirrors, snapshots etc. using dmeventd or progress polling...
         Starting [0;1;39mMonitoring of LVM…meventd or progress polling[0m...
[    8.825531] systemd[1]: Starting Load Kernel Module configfs...
         Starting [0;1;39mLoad Kernel Module configfs[0m...
[    8.850275] systemd[1]: Starting Load Kernel Module drm...
         Starting [0;1;39mLoad Kernel Module drm[0m...
[    8.892393] systemd[1]: Starting Load Kernel Module fuse...
         Starting [0;1;39mLoad Kernel Module fuse[0m...
[    8.920106] systemd[1]: Starting Read and set NIS domainname from /etc/sysconfig/network...
         Starting [0;1;39mRead and set NIS …from /etc/sysconfig/network[0m...
[    8.959660] systemd[1]: Starting Journal Service...
         Starting [0;1;39mJournal Service[0m...
[    8.988435] systemd[1]: Starting Load Kernel Modules...
         Starting [0;1;39mLoad Kernel Modules[0m...
[    9.009296] systemd[1]: Starting Generate network units from Kernel command line...
         Starting [0;1;39mGenerate network …ts from Kernel command line[0m...
[    9.064156] systemd[1]: Starting Remount Root and Kernel File Systems...
         Starting [0;1;39mRemount Root and Kernel File Systems[0m...
[    9.075777] systemd[1]: Repartition Root Disk was skipped because no trigger condition checks were met.
[    9.154946] systemd[1]: Starting Coldplug All udev Devices...
         Starting [0;1;39mColdplug All udev Devices[0m...
[    9.207349] systemd[1]: Mounted Huge Pages File System.
[[0;32m  OK  [0m] Mounted [0;1;39mHuge Pages File System[0m.
[    9.216337] systemd[1]: Mounted POSIX Message Queue File System.
[[0;32m  OK  [0m] Mounted [0;1;39mPOSIX Message Queue File System[0m.
[    9.220923] systemd[1]: Mounted Kernel Debug File System.
[[0;32m  OK  [0m] Mounted [0;1;39mKernel Debug File System[0m.
[    9.228926] systemd[1]: Mounted Kernel Trace File System.
[[0;32m  OK  [0m] Mounted [0;1;39mKernel Trace File System[0m.
[    9.247017] systemd[1]: Finished Monitoring of LVM2 mirrors, snapshots etc. using dmeventd or progress polling.
[[0;32m  OK  [0m] Finished [0;1;39mMonitoring of LVM… dmeventd or progress polling[0m.
[    9.263287] systemd[1]: Started Journal Service.
[[0;32m  OK  [0m] Started [0;1;39mJournal Service[0m.
[[0;32m  OK  [0m] Finished [0;1;39mLoad Kernel Module configfs[0m.
[    9.291013] EXT4-fs (sda): re-mounted 088740a9-c8b4-422c-999d-a804eb68a4da r/w. Quota mode: none.
[[0;32m  OK  [0m] Finished [0;1;39mLoad Kernel Module drm[0m.
[[0;32m  OK  [0m] Finished [0;1;39mLoad Kernel Module fuse[0m.
[[0;32m  OK  [0m] Finished [0;1;39mRead and set NIS …e from /etc/sysconfig/network[0m.
[[0;1;31mFAILED[0m] Failed to start [0;1;39mLoad Kernel Modules[0m.
See 'systemctl status systemd-modules-load.service' for details.
[[0;32m  OK  [0m] Finished [0;1;39mGenerate network units from Kernel command line[0m.
[[0;32m  OK  [0m] Finished [0;1;39mRemount Root and Kernel File Systems[0m.
[[0;32m  OK  [0m] Reached target [0;1;39mPreparation for Network[0m.
         Mounting [0;1;39mFUSE Control File System[0m...
         Mounting [0;1;39mKernel Configuration File System[0m...
         Starting [0;1;39mFlush Journal to Persistent Storage[0m...
         Starting [0;1;39mLoad/Save Random Seed[0m...
         Starting [0;1;39mApply Kernel Variables[0m...
         Starting [0;1;39mCreate Static Device Nodes in /dev[0m...
[    9.636219] systemd-journald[144]: Received client request to flush runtime journal.
         Starting [0;1;39mSetup Virtual Console[0m...
[[0;32m  OK  [0m] Mounted [0;1;39mFUSE Control File System[0m.
[[0;32m  OK  [0m] Mounted [0;1;39mKernel Configuration File System[0m.
[[0;32m  OK  [0m] Finished [0;1;39mFlush Journal to Persistent Storage[0m.
[[0;32m  OK  [0m] Finished [0;1;39mLoad/Save Random Seed[0m.
[[0;32m  OK  [0m] Finished [0;1;39mApply Kernel Variables[0m.
[[0;32m  OK  [0m] Finished [0;1;39mCreate Static Device Nodes in /dev[0m.
         Starting [0;1;39mRule-based Manage…for Device Events and Files[0m...
[[0;32m  OK  [0m] Finished [0;1;39mColdplug All udev Devices[0m.
         Starting [0;1;39mWait for udev To …plete Device Initialization[0m...
[[0;32m  OK  [0m] Started [0;1;39mRule-based Manager for Device Events and Files[0m.
         Starting [0;1;39mAuto-connect to s…E devices found during boot[0m...
[[0;32m  OK  [0m] Finished [0;1;39mAuto-connect to s…VME devices found during boot[0m.
[[0;32m  OK  [0m] Finished [0;1;39mSetup Virtual Console[0m.
[[0;32m  OK  [0m] Started [0;1;39mDispatch Password …ts to Console Directory Watch[0m.
[[0;32m  OK  [0m] Reached target [0;1;39mLocal Encrypted Volumes[0m.
[[0;32m  OK  [0m] Reached target [0;1;39mPath Units[0m.
[[0;32m  OK  [0m] Found device [0;1;39m/dev/ttyS0[0m.
[[0;32m  OK  [0m] Listening on [0;1;39mLoad/Save RF …itch Status /dev/rfkill Watch[0m.
[[0;32m  OK  [0m] Finished [0;1;39mWait for udev To Complete Device Initialization[0m.
[[0;32m  OK  [0m] Reached target [0;1;39mPreparation for Local File Systems[0m.
[[0;32m  OK  [0m] Reached target [0;1;39mLocal File Systems[0m.
         Starting [0;1;39mTell Plymouth To Write Out Runtime Data[0m...
         Starting [0;1;39mAutomatic Boot Loader Update[0m...
         Starting [0;1;39mCreate Volatile Files and Directories[0m...
[[0;32m  OK  [0m] Finished [0;1;39mTell Plymouth To Write Out Runtime Data[0m.
[[0;32m  OK  [0m] Finished [0;1;39mAutomatic Boot Loader Update[0m.
[[0;32m  OK  [0m] Finished [0;1;39mCreate Volatile Files and Directories[0m.
         Mounting [0;1;39mRPC Pipe File System[0m...
         Starting [0;1;39mSecurity Auditing Service[0m...
         Starting [0;1;39mRPC Bind[0m...
[[0;32m  OK  [0m] Mounted [0;1;39mRPC Pipe File System[0m.
[[0;32m  OK  [0m] Reached target [0;1;39mrpc_pipefs.target[0m.
[[0;32m  OK  [0m] Started [0;1;39mRPC Bind[0m.
[[0;32m  OK  [0m] Started [0;1;39mSecurity Auditing Service[0m.
         Starting [0;1;39mRecord System Boot/Shutdown in UTMP[0m...
[[0;32m  OK  [0m] Finished [0;1;39mRecord System Boot/Shutdown in UTMP[0m.
[[0;32m  OK  [0m] Reached target [0;1;39mSystem Initialization[0m.
[[0;32m  OK  [0m] Started [0;1;39mDaily rotation of log files[0m.
[[0;32m  OK  [0m] Started [0;1;39mUpdates mlocate database every day[0m.
[[0;32m  OK  [0m] Started [0;1;39mDaily Cleanup of Temporary Directories[0m.
[[0;32m  OK  [0m] Started [0;1;39mdaily update of the root trust anchor for DNSSEC[0m.
[[0;32m  OK  [0m] Reached target [0;1;39mTimer Units[0m.
[[0;32m  OK  [0m] Listening on [0;1;39mD-Bus System Message Bus Socket[0m.
[[0;32m  OK  [0m] Listening on [0;1;39mOpen-iSCSI iscsid Socket[0m.
[[0;32m  OK  [0m] Listening on [0;1;39mOpen-iSCSI iscsiuio Socket[0m.
[[0;32m  OK  [0m] Listening on [0;1;39mSSSD Kerberos…ache Manager responder socket[0m.
[[0;32m  OK  [0m] Listening on [0;1;39mLibvirt interface local socket[0m.
[[0;32m  OK  [0m] Listening on [0;1;39mVirtual machine lock manager socket[0m.
[[0;32m  OK  [0m] Listening on [0;1;39mVirtual machine log manager socket[0m.
[[0;32m  OK  [0m] Listening on [0;1;39mLibvirt network local socket[0m.
[[0;32m  OK  [0m] Listening on [0;1;39mLibvirt nodedev local socket[0m.
[[0;32m  OK  [0m] Listening on [0;1;39mLibvirt nwfilter local socket[0m.
[[0;32m  OK  [0m] Listening on [0;1;39mLibvirt proxy local socket[0m.
[[0;32m  OK  [0m] Listening on [0;1;39mLibvirt qemu local socket[0m.
[[0;32m  OK  [0m] Listening on [0;1;39mLibvirt qemu admin socket[0m.
[[0;32m  OK  [0m] Listening on [0;1;39mLibvirt qemu local read-only socket[0m.
[[0;32m  OK  [0m] Listening on [0;1;39mLibvirt secret local socket[0m.
[[0;32m  OK  [0m] Listening on [0;1;39mLibvirt storage local socket[0m.
[[0;32m  OK  [0m] Reached target [0;1;39mSocket Units[0m.
         Starting [0;1;39mD-Bus System Message Bus[0m...
[[0;32m  OK  [0m] Started [0;1;39mD-Bus System Message Bus[0m.
[[0;32m  OK  [0m] Reached target [0;1;39mBasic System[0m.
         Starting [0;1;39mNetwork Manager[0m...
         Starting [0;1;39mNTP client/server[0m...
         Starting [0;1;39mRestore /run/initramfs on shutdown[0m...
[[0;32m  OK  [0m] Started [0;1;39mirqbalance daemon[0m.
[[0;32m  OK  [0m] Started [0;1;39mlibstoragemgmt plug-in server daemon[0m.
[[0;32m  OK  [0m] Started [0;1;39mMachine Check Exception Logging Daemon[0m.
[[0;32m  OK  [0m] Reached target [0;1;39msshd-keygen.target[0m.
[[0;32m  OK  [0m] Reached target [0;1;39mUser and Group Name Lookups[0m.
         Starting [0;1;39mUser Login Management[0m...
         Starting [0;1;39mVirtual Machine a…tainer Registration Service[0m...
         Starting [0;1;39mupdate of the roo…NSSEC validation in unbound[0m...
         Starting [0;1;39mRotate log files[0m...
[[0;32m  OK  [0m] Started [0;1;39mUpdate a database for mlocate[0m.
[[0;32m  OK  [0m] Started [0;1;39mNTP client/server[0m.
[[0;32m  OK  [0m] Finished [0;1;39mRestore /run/initramfs on shutdown[0m.
[[0;32m  OK  [0m] Started [0;1;39mUser Login Management[0m.
[[0;32m  OK  [0m] Started [0;1;39mVirtual Machine an…ontainer Registration Service[0m.
         Starting [0;1;39mHostname Service[0m...
[[0;32m  OK  [0m] Finished [0;1;39mupdate of the roo… DNSSEC validation in unbound[0m.
[[0;32m  OK  [0m] Finished [0;1;39mRotate log files[0m.
[[0;32m  OK  [0m] Started [0;1;39mHostname Service[0m.
         Starting [0;1;39mNetwork Manager Script Dispatcher Service[0m...
[[0;32m  OK  [0m] Started [0;1;39mNetwork Manager Script Dispatcher Service[0m.
[   15.011174] e1000: eth0 NIC Link is Up 1000 Mbps Full Duplex, Flow Control: RX
[[0;32m  OK  [0m] Started [0;1;39mNetwork Manager[0m.
[[0;32m  OK  [0m] Reached target [0;1;39mNetwork[0m.
[[0;32m  OK  [0m] Reached target [0;1;39mNetwork is Online[0m.
         Starting [0;1;39mGSSAPI Proxy Daemon[0m...
         Starting [0;1;39mNotify NFS peers of a restart[0m...
         Starting [0;1;39mSystem Logging Service[0m...
         Starting [0;1;39mOpenSSH server daemon[0m...
         Starting [0;1;39mDynamic System Tuning Daemon[0m...
[[0;32m  OK  [0m] Started [0;1;39mNotify NFS peers of a restart[0m.
[[0;32m  OK  [0m] Started [0;1;39mGSSAPI Proxy Daemon[0m.
[[0;32m  OK  [0m] Started [0;1;39mOpenSSH server daemon[0m.
[[0;32m  OK  [0m] Reached target [0;1;39mNFS client services[0m.
[[0;32m  OK  [0m] Reached target [0;1;39mPreparation for Remote File Systems[0m.
[[0;32m  OK  [0m] Reached target [0;1;39mRemote File Systems[0m.
         Starting [0;1;39mPermit User Sessions[0m...
         Starting [0;1;39mVirtualization qemu daemon[0m...
[[0;32m  OK  [0m] Started [0;1;39mSystem Logging Service[0m.
[[0;32m  OK  [0m] Finished [0;1;39mPermit User Sessions[0m.
[[0;32m  OK  [0m] Started [0;1;39mDeferred execution scheduler[0m.
[[0;32m  OK  [0m] Started [0;1;39mCommand Scheduler[0m.
         Starting [0;1;39mHold until boot process finishes up[0m...
         Starting [0;1;39mTerminate Plymouth Boot Screen[0m...
[[0;32m  OK  [0m] Finished [0;1;39mHold until boot process finishes up[0m.
[[0;32m  OK  [0m] Started [0;1;39mGetty on tty1[0m.
[[0;32m  OK  [0m] Started [0;1;39mSerial Getty on ttyS0[0m.
[[0;32m  OK  [0m] Reached target [0;1;39mLogin Prompts[0m.
[[0;32m  OK  [0m] Started [0;1;39mVirtualization qemu daemon[0m.
[[0;32m  OK  [0m] Finished [0;1;39mTerminate Plymouth Boot Screen[0m.

CentOS Stream 9
Kernel 6.8.0-rc4-841c35169323+ on an x86_64

Activate the web console with: systemctl enable --now cockpit.socket

test login: [   29.723003] hrtimer: interrupt took 28784 ns
[ 1852.986976] INFO: task repro:2718 blocked for more than 143 seconds.
[ 1852.988029]       Not tainted 6.8.0-rc4-841c35169323+ #1
[ 1852.988739] "echo 0 > /proc/sys/kernel/hung_task_timeout_secs" disables this message.
[ 1852.989751] task:repro           state:D stack:0     pid:2718  tgid:2718  ppid:729    flags:0x00004006
[ 1852.991083] Call Trace:
[ 1852.991473]  <TASK>
[ 1852.991818]  __schedule+0xa7d/0x2810
[ 1852.992449]  ? __pfx___schedule+0x10/0x10
[ 1852.993040]  ? ftrace_call+0x5/0x44
[ 1852.993612]  ? __pfx_lock_release+0x10/0x10
[ 1852.994255]  ? __pfx_lock_release+0x10/0x10
[ 1852.994913]  ? preempt_count_add+0x9/0x170
[ 1852.995549]  schedule+0xd0/0x290
[ 1852.996044]  schedule_preempt_disabled+0x1c/0x30
[ 1852.996706]  __mutex_lock+0xf63/0x1b50
[ 1852.997280]  ? perf_trace_init+0x5c/0x310
[ 1852.997899]  ? __pfx___mutex_lock+0x10/0x10
[ 1852.998519]  ? ftrace_call+0x5/0x44
[ 1852.999075]  ? ftrace_call+0x5/0x44
[ 1852.999590]  ? arch_ftrace_ops_list_func+0x2c8/0x520
[ 1853.000315]  ? perf_try_init_event+0x13f/0x5a0
[ 1853.000982]  ? perf_tp_event_init+0x4/0x130
[ 1853.001637]  ? __mutex_lock+0x5/0x1b50
[ 1853.002240]  mutex_lock_nested+0x1f/0x30
[ 1853.002872]  ? __mutex_lock+0x5/0x1b50
[ 1853.003439]  ? mutex_lock_nested+0x1f/0x30
[ 1853.004053]  perf_trace_init+0x5c/0x310
[ 1853.004659]  perf_tp_event_init+0xaf/0x130
[ 1853.005276]  perf_try_init_event+0x13f/0x5a0
[ 1853.005934]  perf_event_alloc+0x1069/0x3e40
[ 1853.006567]  ? __pfx_lock_release+0x10/0x10
[ 1853.007261]  ? find_get_context+0x590/0x600
[ 1853.007918]  __do_sys_perf_event_open+0x48e/0x2c40
[ 1853.008648]  ? __pfx_lock_release+0x10/0x10
[ 1853.009313]  ? __pfx___do_sys_perf_event_open+0x10/0x10
[ 1853.010075]  ? do_syscall_64+0x74/0x150
[ 1853.010831]  ? __pfx___x64_sys_perf_event_open+0x10/0x10
[ 1853.011599]  ? ktime_get_coarse_real_ts64+0x120/0x1b0
[ 1853.012377]  __x64_sys_perf_event_open+0xc7/0x160
[ 1853.013069]  ? __x64_sys_perf_event_open+0x9/0x160
[ 1853.013770]  ? do_syscall_64+0x74/0x150
[ 1853.014363]  do_syscall_64+0x74/0x150
[ 1853.014968]  entry_SYSCALL_64_after_hwframe+0x6e/0x76
[ 1853.015739] RIP: 0033:0x7fefd663ee5d
[ 1853.016276] RSP: 002b:00007ffe492c2218 EFLAGS: 00000246 ORIG_RAX: 000000000000012a
[ 1853.017357] RAX: ffffffffffffffda RBX: 0000000000000000 RCX: 00007fefd663ee5d
[ 1853.018353] RDX: 0000000000000000 RSI: 0000000000000000 RDI: 0000000020000080
[ 1853.019378] RBP: 00007ffe492c2230 R08: 0000000000000000 R09: 00007ffe492c2230
[ 1853.020366] R10: 00000000ffffffff R11: 0000000000000246 R12: 00007ffe492c2388
[ 1853.021357] R13: 0000000000403a49 R14: 0000000000412e08 R15: 00007fefd6962000
[ 1853.022433]  </TASK>
[ 1853.022820] INFO: task repro:2719 blocked for more than 143 seconds.
[ 1853.023707]       Not tainted 6.8.0-rc4-841c35169323+ #1
[ 1853.024456] "echo 0 > /proc/sys/kernel/hung_task_timeout_secs" disables this message.
[ 1853.025524] task:repro           state:D stack:0     pid:2719  tgid:2719  ppid:733    flags:0x00000006
[ 1853.026857] Call Trace:
[ 1853.027238]  <TASK>
[ 1853.027591]  __schedule+0xa7d/0x2810
[ 1853.028164]  ? __pfx___schedule+0x10/0x10
[ 1853.028748]  ? ftrace_call+0x5/0x44
[ 1853.029292]  ? __pfx_lock_release+0x10/0x10
[ 1853.029926]  ? __pfx_lock_release+0x10/0x10
[ 1853.030588]  ? preempt_count_add+0x9/0x170
[ 1853.031291]  schedule+0xd0/0x290
[ 1853.031820]  schedule_preempt_disabled+0x1c/0x30
[ 1853.032511]  __mutex_lock+0xf63/0x1b50
[ 1853.033101]  ? perf_trace_init+0x5c/0x310
[ 1853.033725]  ? __pfx___mutex_lock+0x10/0x10
[ 1853.034348]  ? ftrace_call+0x5/0x44
[ 1853.034910]  ? ftrace_call+0x5/0x44
[ 1853.035435]  ? arch_ftrace_ops_list_func+0x2c8/0x520
[ 1853.036146]  ? perf_try_init_event+0x13f/0x5a0
[ 1853.036800]  ? perf_tp_event_init+0x4/0x130
[ 1853.037448]  ? __mutex_lock+0x5/0x1b50
[ 1853.038024]  mutex_lock_nested+0x1f/0x30
[ 1853.038613]  ? __mutex_lock+0x5/0x1b50
[ 1853.039215]  ? mutex_lock_nested+0x1f/0x30
[ 1853.039839]  perf_trace_init+0x5c/0x310
[ 1853.040440]  perf_tp_event_init+0xaf/0x130
[ 1853.041063]  perf_try_init_event+0x13f/0x5a0
[ 1853.041724]  perf_event_alloc+0x1069/0x3e40
[ 1853.042379]  ? __pfx_lock_release+0x10/0x10
[ 1853.043090]  ? find_get_context+0x590/0x600
[ 1853.043724]  __do_sys_perf_event_open+0x48e/0x2c40
[ 1853.044439]  ? __pfx_lock_release+0x10/0x10
[ 1853.045111]  ? __pfx___do_sys_perf_event_open+0x10/0x10
[ 1853.045866]  ? do_syscall_64+0x74/0x150
[ 1853.046528]  ? __pfx___x64_sys_perf_event_open+0x10/0x10
[ 1853.047343]  ? ktime_get_coarse_real_ts64+0x120/0x1b0
[ 1853.048120]  __x64_sys_perf_event_open+0xc7/0x160
[ 1853.048812]  ? __x64_sys_perf_event_open+0x9/0x160
[ 1853.049513]  ? do_syscall_64+0x74/0x150
[ 1853.050094]  do_syscall_64+0x74/0x150
[ 1853.050674]  entry_SYSCALL_64_after_hwframe+0x6e/0x76
[ 1853.051488] RIP: 0033:0x7fefd663ee5d
[ 1853.052042] RSP: 002b:00007ffe492c2218 EFLAGS: 00000246 ORIG_RAX: 000000000000012a
[ 1853.053089] RAX: ffffffffffffffda RBX: 0000000000000000 RCX: 00007fefd663ee5d
[ 1853.054046] RDX: 0000000000000000 RSI: 0000000000000000 RDI: 0000000020000080
[ 1853.055072] RBP: 00007ffe492c2230 R08: 0000000000000000 R09: 00007ffe492c2230
[ 1853.056077] R10: 00000000ffffffff R11: 0000000000000246 R12: 00007ffe492c2388
[ 1853.057072] R13: 0000000000403a49 R14: 0000000000412e08 R15: 00007fefd6962000
[ 1853.058140]  </TASK>
[ 1853.058500] INFO: task repro:2722 blocked for more than 143 seconds.
[ 1853.059425]       Not tainted 6.8.0-rc4-841c35169323+ #1
[ 1853.060190] "echo 0 > /proc/sys/kernel/hung_task_timeout_secs" disables this message.
[ 1853.061262] task:repro           state:D stack:0     pid:2722  tgid:2722  ppid:740    flags:0x00000006
[ 1853.062562] Call Trace:
[ 1853.062980]  <TASK>
[ 1853.063338]  __schedule+0xa7d/0x2810
[ 1853.063926]  ? __pfx___schedule+0x10/0x10
[ 1853.064534]  ? ftrace_call+0x5/0x44
[ 1853.065083]  ? __pfx_lock_release+0x10/0x10
[ 1853.065717]  ? __pfx_lock_release+0x10/0x10
[ 1853.066372]  ? preempt_count_add+0x9/0x170
[ 1853.067053]  schedule+0xd0/0x290
[ 1853.067568]  schedule_preempt_disabled+0x1c/0x30
[ 1853.068253]  __mutex_lock+0xf63/0x1b50
[ 1853.068839]  ? perf_trace_init+0x5c/0x310
[ 1853.069454]  ? __pfx___mutex_lock+0x10/0x10
[ 1853.070061]  ? ftrace_call+0x5/0x44
[ 1853.070606]  ? ftrace_call+0x5/0x44
[ 1853.071206]  ? arch_ftrace_ops_list_func+0x2c8/0x520
[ 1853.071913]  ? perf_try_init_event+0x13f/0x5a0
[ 1853.072549]  ? perf_tp_event_init+0x4/0x130
[ 1853.073196]  ? __mutex_lock+0x5/0x1b50
[ 1853.073789]  mutex_lock_nested+0x1f/0x30
[ 1853.074393]  ? __mutex_lock+0x5/0x1b50
[ 1853.074999]  ? mutex_lock_nested+0x1f/0x30
[ 1853.075629]  perf_trace_init+0x5c/0x310
[ 1853.076231]  perf_tp_event_init+0xaf/0x130
[ 1853.076850]  perf_try_init_event+0x13f/0x5a0
[ 1853.077507]  perf_event_alloc+0x1069/0x3e40
[ 1853.078132]  ? __pfx_lock_release+0x10/0x10
[ 1853.078836]  ? find_get_context+0x590/0x600
[ 1853.079489]  __do_sys_perf_event_open+0x48e/0x2c40
[ 1853.080206]  ? __pfx_lock_release+0x10/0x10
[ 1853.080875]  ? __pfx___do_sys_perf_event_open+0x10/0x10
[ 1853.081610]  ? do_syscall_64+0x74/0x150
[ 1853.082243]  ? __pfx___x64_sys_perf_event_open+0x10/0x10
[ 1853.083039]  ? ktime_get_coarse_real_ts64+0x120/0x1b0
[ 1853.083809]  __x64_sys_perf_event_open+0xc7/0x160
[ 1853.084506]  ? __x64_sys_perf_event_open+0x9/0x160
[ 1853.085208]  ? do_syscall_64+0x74/0x150
[ 1853.085793]  do_syscall_64+0x74/0x150
[ 1853.086369]  entry_SYSCALL_64_after_hwframe+0x6e/0x76
[ 1853.087125] RIP: 0033:0x7fefd663ee5d
[ 1853.087653] RSP: 002b:00007ffe492c2218 EFLAGS: 00000246 ORIG_RAX: 000000000000012a
[ 1853.088696] RAX: ffffffffffffffda RBX: 0000000000000000 RCX: 00007fefd663ee5d
[ 1853.089686] RDX: 0000000000000000 RSI: 0000000000000000 RDI: 0000000020000080
[ 1853.090684] RBP: 00007ffe492c2230 R08: 0000000000000000 R09: 00007ffe492c2230
[ 1853.091713] R10: 00000000ffffffff R11: 0000000000000246 R12: 00007ffe492c2388
[ 1853.092719] R13: 0000000000403a49 R14: 0000000000412e08 R15: 00007fefd6962000
[ 1853.093791]  </TASK>
[ 1853.094243] INFO: task repro:2724 blocked for more than 143 seconds.
[ 1853.095173]       Not tainted 6.8.0-rc4-841c35169323+ #1
[ 1853.095904] "echo 0 > /proc/sys/kernel/hung_task_timeout_secs" disables this message.
[ 1853.096941] task:repro           state:D stack:0     pid:2724  tgid:2724  ppid:737    flags:0x00000006
[ 1853.098221] Call Trace:
[ 1853.098602]  <TASK>
[ 1853.099028]  __schedule+0xa7d/0x2810
[ 1853.099594]  ? __pfx___schedule+0x10/0x10
[ 1853.100203]  ? ftrace_call+0x5/0x44
[ 1853.100749]  ? __pfx_lock_release+0x10/0x10
[ 1853.101393]  ? __pfx_lock_release+0x10/0x10
[ 1853.102059]  ? preempt_count_add+0x9/0x170
[ 1853.102713]  schedule+0xd0/0x290
[ 1853.103249]  schedule_preempt_disabled+0x1c/0x30
[ 1853.103913]  __mutex_lock+0xf63/0x1b50
[ 1853.104477]  ? perf_trace_init+0x5c/0x310
[ 1853.105078]  ? __pfx___mutex_lock+0x10/0x10
[ 1853.105685]  ? ftrace_call+0x5/0x44
[ 1853.106218]  ? ftrace_call+0x5/0x44
[ 1853.106782]  ? arch_ftrace_ops_list_func+0x2c8/0x520
[ 1853.107511]  ? perf_try_init_event+0x13f/0x5a0
[ 1853.108171]  ? perf_tp_event_init+0x4/0x130
[ 1853.108838]  ? __mutex_lock+0x5/0x1b50
[ 1853.109450]  mutex_lock_nested+0x1f/0x30
[ 1853.110062]  ? __mutex_lock+0x5/0x1b50
[ 1853.110635]  ? mutex_lock_nested+0x1f/0x30
[ 1853.111300]  perf_trace_init+0x5c/0x310
[ 1853.111914]  perf_tp_event_init+0xaf/0x130
[ 1853.112652]  perf_try_init_event+0x13f/0x5a0
[ 1853.113330]  perf_event_alloc+0x1069/0x3e40
[ 1853.113972]  ? __pfx_lock_release+0x10/0x10
[ 1853.114642]  ? find_get_context+0x590/0x600
[ 1853.115375]  __do_sys_perf_event_open+0x48e/0x2c40
[ 1853.116104]  ? __pfx_lock_release+0x10/0x10
[ 1853.116777]  ? __pfx___do_sys_perf_event_open+0x10/0x10
[ 1853.117520]  ? do_syscall_64+0x74/0x150
[ 1853.118150]  ? __pfx___x64_sys_perf_event_open+0x10/0x10
[ 1853.118939]  ? ktime_get_coarse_real_ts64+0x120/0x1b0
[ 1853.119724]  __x64_sys_perf_event_open+0xc7/0x160
[ 1853.120429]  ? __x64_sys_perf_event_open+0x9/0x160
[ 1853.121149]  ? do_syscall_64+0x74/0x150
[ 1853.121748]  do_syscall_64+0x74/0x150
[ 1853.122332]  entry_SYSCALL_64_after_hwframe+0x6e/0x76
[ 1853.123125] RIP: 0033:0x7fefd663ee5d
[ 1853.123689] RSP: 002b:00007ffe492c2218 EFLAGS: 00000246 ORIG_RAX: 000000000000012a
[ 1853.124774] RAX: ffffffffffffffda RBX: 0000000000000000 RCX: 00007fefd663ee5d
[ 1853.125757] RDX: 0000000000000000 RSI: 0000000000000000 RDI: 0000000020000080
[ 1853.126800] RBP: 00007ffe492c2230 R08: 0000000000000000 R09: 00007ffe492c2230
[ 1853.127840] R10: 00000000ffffffff R11: 0000000000000246 R12: 00007ffe492c2388
[ 1853.128853] R13: 0000000000403a49 R14: 0000000000412e08 R15: 00007fefd6962000
[ 1853.129913]  </TASK>
[ 1853.130282] INFO: task repro:2726 blocked for more than 143 seconds.
[ 1853.131216]       Not tainted 6.8.0-rc4-841c35169323+ #1
[ 1853.131972] "echo 0 > /proc/sys/kernel/hung_task_timeout_secs" disables this message.
[ 1853.133072] task:repro           state:D stack:0     pid:2726  tgid:2726  ppid:730    flags:0x00004006
[ 1853.134406] Call Trace:
[ 1853.134850]  <TASK>
[ 1853.135218]  __schedule+0xa7d/0x2810
[ 1853.135798]  ? __pfx___schedule+0x10/0x10
[ 1853.136421]  ? ftrace_call+0x5/0x44
[ 1853.136984]  ? __pfx_lock_release+0x10/0x10
[ 1853.137639]  ? __pfx_lock_release+0x10/0x10
[ 1853.138323]  ? preempt_count_add+0x9/0x170
[ 1853.139030]  schedule+0xd0/0x290
[ 1853.139565]  schedule_preempt_disabled+0x1c/0x30
[ 1853.140266]  __mutex_lock+0xf63/0x1b50
[ 1853.140866]  ? perf_trace_init+0x5c/0x310
[ 1853.141478]  ? __pfx___mutex_lock+0x10/0x10
[ 1853.142120]  ? ftrace_call+0x5/0x44
[ 1853.142663]  ? ftrace_call+0x5/0x44
[ 1853.143243]  ? arch_ftrace_ops_list_func+0x2c8/0x520
[ 1853.143968]  ? perf_try_init_event+0x13f/0x5a0
[ 1853.144627]  ? perf_tp_event_init+0x4/0x130
[ 1853.145290]  ? __mutex_lock+0x5/0x1b50
[ 1853.145898]  mutex_lock_nested+0x1f/0x30
[ 1853.146518]  ? __mutex_lock+0x5/0x1b50
[ 1853.147144]  ? mutex_lock_nested+0x1f/0x30
[ 1853.147778]  perf_trace_init+0x5c/0x310
[ 1853.148389]  perf_tp_event_init+0xaf/0x130
[ 1853.149018]  perf_try_init_event+0x13f/0x5a0
[ 1853.149688]  perf_event_alloc+0x1069/0x3e40
[ 1853.150349]  ? __pfx_lock_release+0x10/0x10
[ 1853.151068]  ? find_get_context+0x590/0x600
[ 1853.151743]  __do_sys_perf_event_open+0x48e/0x2c40
[ 1853.152476]  ? __pfx_lock_release+0x10/0x10
[ 1853.153153]  ? __pfx___do_sys_perf_event_open+0x10/0x10
[ 1853.153895]  ? do_syscall_64+0x74/0x150
[ 1853.154541]  ? __pfx___x64_sys_perf_event_open+0x10/0x10
[ 1853.155378]  ? ktime_get_coarse_real_ts64+0x120/0x1b0
[ 1853.156157]  __x64_sys_perf_event_open+0xc7/0x160
[ 1853.156870]  ? __x64_sys_perf_event_open+0x9/0x160
[ 1853.157589]  ? do_syscall_64+0x74/0x150
[ 1853.158191]  do_syscall_64+0x74/0x150
[ 1853.158863]  entry_SYSCALL_64_after_hwframe+0x6e/0x76
[ 1853.159616] RIP: 0033:0x7fefd663ee5d
[ 1853.160147] RSP: 002b:00007ffe492c2218 EFLAGS: 00000246 ORIG_RAX: 000000000000012a
[ 1853.161205] RAX: ffffffffffffffda RBX: 0000000000000000 RCX: 00007fefd663ee5d
[ 1853.162232] RDX: 0000000000000000 RSI: 0000000000000000 RDI: 0000000020000080
[ 1853.163289] RBP: 00007ffe492c2230 R08: 0000000000000000 R09: 00007ffe492c2230
[ 1853.164318] R10: 00000000ffffffff R11: 0000000000000246 R12: 00007ffe492c2388
[ 1853.165334] R13: 0000000000403a49 R14: 0000000000412e08 R15: 00007fefd6962000
[ 1853.166405]  </TASK>
[ 1853.166783] 
[ 1853.166783] Showing all locks held in the system:
[ 1853.167664] 1 lock held by khungtaskd/31:
[ 1853.168246]  #0: ffffffff86c5ad80 (rcu_read_lock){....}-{1:2}, at: debug_show_all_locks+0x74/0x320
[ 1853.169631] 3 locks held by repro/2714:
[ 1853.170191] 1 lock held by repro/2716:
[ 1853.170784]  #0: ffffffff86d7f928 (event_mutex){+.+.}-{3:3}, at: perf_trace_destroy+0x2c/0x1d0
[ 1853.172066] 2 locks held by repro/2718:
[ 1853.172626]  #0: ffffffff8927c9f0 (&pmus_srcu){.+.+}-{0:0}, at: perf_event_alloc+0xe0b/0x3e40
[ 1853.173903]  #1: ffffffff86d7f928 (event_mutex){+.+.}-{3:3}, at: perf_trace_init+0x5c/0x310
[ 1853.175207] 2 locks held by repro/2719:
[ 1853.175765]  #0: ffffffff8927c9f0 (&pmus_srcu){.+.+}-{0:0}, at: perf_event_alloc+0xe0b/0x3e40
[ 1853.177049]  #1: ffffffff86d7f928 (event_mutex){+.+.}-{3:3}, at: perf_trace_init+0x5c/0x310
[ 1853.178326] 2 locks held by repro/2722:
[ 1853.178949]  #0: ffffffff8927c9f0 (&pmus_srcu){.+.+}-{0:0}, at: perf_event_alloc+0xe0b/0x3e40
[ 1853.180237]  #1: ffffffff86d7f928 (event_mutex){+.+.}-{3:3}, at: perf_trace_init+0x5c/0x310
[ 1853.181490] 2 locks held by repro/2724:
[ 1853.182049]  #0: ffffffff8927c9f0 (&pmus_srcu){.+.+}-{0:0}, at: perf_event_alloc+0xe0b/0x3e40
[ 1853.183375]  #1: ffffffff86d7f928 (event_mutex){+.+.}-{3:3}, at: perf_trace_init+0x5c/0x310
[ 1853.184636] 2 locks held by repro/2726:
[ 1853.185207]  #0: ffffffff8927c9f0 (&pmus_srcu){.+.+}-{0:0}, at: perf_event_alloc+0xe0b/0x3e40
[ 1853.186501]  #1: ffffffff86d7f928 (event_mutex){+.+.}-{3:3}, at: perf_trace_init+0x5c/0x310
[ 1853.187747] 2 locks held by repro/2728:
[ 1853.188301]  #0: ffffffff8927c9f0 (&pmus_srcu){.+.+}-{0:0}, at: perf_event_alloc+0xe0b/0x3e40
[ 1853.189531]  #1: ffffffff86d7f928 (event_mutex){+.+.}-{3:3}, at: perf_trace_init+0x5c/0x310
[ 1853.190778] 
[ 1853.191034] =============================================
[ 1853.191034] 
