c[?7l[2J[0mSeaBIOS (version rel-1.16.0-0-gd239552ce722-prebuilt.qemu.org)


iPXE (http://ipxe.org) 00:03.0 CA00 PCI2.10 PnP PMM+7FF91000+7FEF1000 CA00
Press Ctrl-B to configure iPXE (PCI 00:03.0)...                                                                               


Booting from ROM...
c[?7l[2J[    0.000000] Linux version 6.3.0-rc3-5a796d5cb5d1+ (root@p-arls02) (gcc (GCC) 11.5.0 20240719 (Red Hat 11.5.0-2), GNU ld version 2.35.2-54.el9) #1 SMP PREEMPT_DYNAMIC Sat Aug 24 13:30:22 CST 2024
[    0.000000] Command line: console=ttyS0 root=/dev/sda earlyprintk=serial net.ifnames=0 plymouth.enable=0
[    0.000000] KERNEL supported cpus:
[    0.000000]   Intel GenuineIntel
[    0.000000]   AMD AuthenticAMD
[    0.000000]   Hygon HygonGenuine
[    0.000000]   Centaur CentaurHauls
[    0.000000]   zhaoxin   Shanghai  
[    0.000000] x86/split lock detection: #DB: warning on user-space bus_locks
[    0.000000] x86/fpu: Supporting XSAVE feature 0x001: 'x87 floating point registers'
[    0.000000] x86/fpu: Supporting XSAVE feature 0x002: 'SSE registers'
[    0.000000] x86/fpu: Supporting XSAVE feature 0x004: 'AVX registers'
[    0.000000] x86/fpu: Supporting XSAVE feature 0x200: 'Protection Keys User registers'
[    0.000000] x86/fpu: xstate_offset[2]:  576, xstate_sizes[2]:  256
[    0.000000] x86/fpu: xstate_offset[9]:  832, xstate_sizes[9]:    8
[    0.000000] x86/fpu: Enabled xstate features 0x207, context size is 840 bytes, using 'compacted' format.
[    0.000000] signal: max sigframe size: 3632
[    0.000000] BIOS-provided physical RAM map:
[    0.000000] BIOS-e820: [mem 0x0000000000000000-0x000000000009fbff] usable
[    0.000000] BIOS-e820: [mem 0x000000000009fc00-0x000000000009ffff] reserved
[    0.000000] BIOS-e820: [mem 0x00000000000f0000-0x00000000000fffff] reserved
[    0.000000] BIOS-e820: [mem 0x0000000000100000-0x000000007ffdffff] usable
[    0.000000] BIOS-e820: [mem 0x000000007ffe0000-0x000000007fffffff] reserved
[    0.000000] BIOS-e820: [mem 0x00000000feffc000-0x00000000feffffff] reserved
[    0.000000] BIOS-e820: [mem 0x00000000fffc0000-0x00000000ffffffff] reserved
[    0.000000] printk: bootconsole [earlyser0] enabled
[    0.000000] NX (Execute Disable) protection: active
[    0.000000] SMBIOS 2.8 present.
[    0.000000] DMI: QEMU Standard PC (i440FX + PIIX, 1996), BIOS rel-1.16.0-0-gd239552ce722-prebuilt.qemu.org 04/01/2014
[    0.000000] Hypervisor detected: KVM
[    0.000000] kvm-clock: Using msrs 4b564d01 and 4b564d00
[    0.000003] kvm-clock: using sched offset of 664222008 cycles
[    0.000367] clocksource: kvm-clock: mask: 0xffffffffffffffff max_cycles: 0x1cd42e4dffb, max_idle_ns: 881590591483 ns
[    0.001553] tsc: Detected 1267.200 MHz processor
[    0.004000] last_pfn = 0x7ffe0 max_arch_pfn = 0x400000000
[    0.004000] x86/PAT: Configuration [0-7]: WB  WC  UC- UC  WB  WP  UC- WT  
[    0.004000] found SMP MP-table at [mem 0x000f5ba0-0x000f5baf]
[    0.004000] Using GB pages for direct mapping
[    0.004000] ACPI: Early table checksum verification disabled
[    0.004000] ACPI: RSDP 0x00000000000F59C0 000014 (v00 BOCHS )
[    0.004000] ACPI: RSDT 0x000000007FFE1951 000034 (v01 BOCHS  BXPC     00000001 BXPC 00000001)
[    0.004000] ACPI: FACP 0x000000007FFE17FD 000074 (v01 BOCHS  BXPC     00000001 BXPC 00000001)
[    0.004000] ACPI: DSDT 0x000000007FFE0040 0017BD (v01 BOCHS  BXPC     00000001 BXPC 00000001)
[    0.004000] ACPI: FACS 0x000000007FFE0000 000040
[    0.004000] ACPI: APIC 0x000000007FFE1871 000080 (v01 BOCHS  BXPC     00000001 BXPC 00000001)
[    0.004000] ACPI: HPET 0x000000007FFE18F1 000038 (v01 BOCHS  BXPC     00000001 BXPC 00000001)
[    0.004000] ACPI: WAET 0x000000007FFE1929 000028 (v01 BOCHS  BXPC     00000001 BXPC 00000001)
[    0.004000] ACPI: Reserving FACP table memory at [mem 0x7ffe17fd-0x7ffe1870]
[    0.004000] ACPI: Reserving DSDT table memory at [mem 0x7ffe0040-0x7ffe17fc]
[    0.004000] ACPI: Reserving FACS table memory at [mem 0x7ffe0000-0x7ffe003f]
[    0.004000] ACPI: Reserving APIC table memory at [mem 0x7ffe1871-0x7ffe18f0]
[    0.004000] ACPI: Reserving HPET table memory at [mem 0x7ffe18f1-0x7ffe1928]
[    0.004000] ACPI: Reserving WAET table memory at [mem 0x7ffe1929-0x7ffe1950]
[    0.004000] No NUMA configuration found
[    0.004000] Faking a node at [mem 0x0000000000000000-0x000000007ffdffff]
[    0.004000] NODE_DATA(0) allocated [mem 0x7ffb5000-0x7ffdffff]
[    0.004000] Zone ranges:
[    0.004000]   DMA      [mem 0x0000000000001000-0x0000000000ffffff]
[    0.004000]   DMA32    [mem 0x0000000001000000-0x000000007ffdffff]
[    0.004000]   Normal   empty
[    0.004000]   Device   empty
[    0.004000] Movable zone start for each node
[    0.004000] Early memory node ranges
[    0.004000]   node   0: [mem 0x0000000000001000-0x000000000009efff]
[    0.004000]   node   0: [mem 0x0000000000100000-0x000000007ffdffff]
[    0.004000] Initmem setup node 0 [mem 0x0000000000001000-0x000000007ffdffff]
[    0.004000] On node 0, zone DMA: 1 pages in unavailable ranges
[    0.004000] On node 0, zone DMA: 97 pages in unavailable ranges
[    0.004000] On node 0, zone DMA32: 32 pages in unavailable ranges
[    0.004000] kasan: KernelAddressSanitizer initialized
[    0.004000] ACPI: PM-Timer IO Port: 0x608
[    0.004000] ACPI: LAPIC_NMI (acpi_id[0xff] dfl dfl lint[0x1])
[    0.004000] IOAPIC[0]: apic_id 0, version 17, address 0xfec00000, GSI 0-23
[    0.004000] ACPI: INT_SRC_OVR (bus 0 bus_irq 0 global_irq 2 dfl dfl)
[    0.004000] ACPI: INT_SRC_OVR (bus 0 bus_irq 5 global_irq 5 high level)
[    0.004000] ACPI: INT_SRC_OVR (bus 0 bus_irq 9 global_irq 9 high level)
[    0.004000] ACPI: INT_SRC_OVR (bus 0 bus_irq 10 global_irq 10 high level)
[    0.004000] ACPI: INT_SRC_OVR (bus 0 bus_irq 11 global_irq 11 high level)
[    0.004000] ACPI: Using ACPI (MADT) for SMP configuration information
[    0.004000] ACPI: HPET id: 0x8086a201 base: 0xfed00000
[    0.004000] TSC deadline timer available
[    0.004000] smpboot: Allowing 2 CPUs, 0 hotplug CPUs
[    0.004000] kvm-guest: KVM setup pv remote TLB flush
[    0.004000] kvm-guest: setup PV sched yield
[    0.004000] PM: hibernation: Registered nosave memory: [mem 0x00000000-0x00000fff]
[    0.004000] PM: hibernation: Registered nosave memory: [mem 0x0009f000-0x0009ffff]
[    0.004000] PM: hibernation: Registered nosave memory: [mem 0x000a0000-0x000effff]
[    0.004000] PM: hibernation: Registered nosave memory: [mem 0x000f0000-0x000fffff]
[    0.004000] [mem 0x80000000-0xfeffbfff] available for PCI devices
[    0.004000] Booting paravirtualized kernel on KVM
[    0.004000] clocksource: refined-jiffies: mask: 0xffffffff max_cycles: 0xffffffff, max_idle_ns: 7645519600211568 ns
[    0.004000] setup_percpu: NR_CPUS:8192 nr_cpumask_bits:2 nr_cpu_ids:2 nr_node_ids:1
[    0.004000] percpu: Embedded 81 pages/cpu s294912 r8192 d28672 u1048576
[    0.004000] kvm-guest: PV spinlocks enabled
[    0.004000] PV qspinlock hash table entries: 256 (order: 0, 4096 bytes, linear)
[    0.004000] Fallback order for Node 0: 0 
[    0.004000] Built 1 zonelists, mobility grouping on.  Total pages: 515808
[    0.004000] Policy zone: DMA32
[    0.004000] Kernel command line: net.ifnames=0 console=ttyS0 root=/dev/sda earlyprintk=serial net.ifnames=0 plymouth.enable=0
[    0.004000] random: crng init done
[    0.004000] Dentry cache hash table entries: 262144 (order: 9, 2097152 bytes, linear)
[    0.004000] Inode-cache hash table entries: 131072 (order: 8, 1048576 bytes, linear)
[    0.004000] mem auto-init: stack:off, heap alloc:off, heap free:off
[    0.004000] stackdepot: allocating hash table via alloc_large_system_hash
[    0.004000] stackdepot hash table entries: 1048576 (order: 11, 8388608 bytes, linear)
[    0.004000] Memory: 1564992K/2096632K available (71680K kernel code, 13863K rwdata, 15992K rodata, 14340K init, 82116K bss, 531384K reserved, 0K cma-reserved)
[    0.004000] SLUB: HWalign=64, Order=0-3, MinObjects=0, CPUs=2, Nodes=1
[    0.004000] kmemleak: Kernel memory leak detector disabled
[    0.004000] ftrace: allocating 66578 entries in 261 pages
[    0.004000] ftrace: allocated 261 pages with 3 groups
[    0.004000] Dynamic Preempt: voluntary
[    0.004000] Running RCU self tests
[    0.004000] Running RCU synchronous self tests
[    0.004000] rcu: Preemptible hierarchical RCU implementation.
[    0.004000] rcu: 	RCU lockdep checking is enabled.
[    0.004000] rcu: 	RCU restricting CPUs from NR_CPUS=8192 to nr_cpu_ids=2.
[    0.004000] 	Trampoline variant of Tasks RCU enabled.
[    0.004000] 	Rude variant of Tasks RCU enabled.
[    0.004000] 	Tracing variant of Tasks RCU enabled.
[    0.004000] rcu: RCU calculated value of scheduler-enlistment delay is 25 jiffies.
[    0.004000] rcu: Adjusting geometry for rcu_fanout_leaf=16, nr_cpu_ids=2
[    0.004000] Running RCU synchronous self tests
[    0.004000] NR_IRQS: 524544, nr_irqs: 440, preallocated irqs: 16
[    0.004000] rcu: srcu_init: Setting srcu_struct sizes based on contention.
[    0.004000] Console: colour VGA+ 80x25
[    0.004000] printk: console [ttyS0] enabled
[    0.004000] printk: console [ttyS0] enabled
[    0.004000] printk: bootconsole [earlyser0] disabled
[    0.004000] printk: bootconsole [earlyser0] disabled
[    0.004000] Lock dependency validator: Copyright (c) 2006 Red Hat, Inc., Ingo Molnar
[    0.004000] ... MAX_LOCKDEP_SUBCLASSES:  8
[    0.004000] ... MAX_LOCK_DEPTH:          48
[    0.004000] ... MAX_LOCKDEP_KEYS:        8192
[    0.004000] ... CLASSHASH_SIZE:          4096
[    0.004000] ... MAX_LOCKDEP_ENTRIES:     524288
[    0.004000] ... MAX_LOCKDEP_CHAINS:      524288
[    0.004000] ... CHAINHASH_SIZE:          262144
[    0.004000]  memory used by lock dependency info: 54081 kB
[    0.004000]  memory used for stack traces: 4224 kB
[    0.004000]  per task-struct memory footprint: 1920 bytes
[    0.004000] ACPI: Core revision 20221020
[    0.004000] clocksource: hpet: mask: 0xffffffff max_cycles: 0xffffffff, max_idle_ns: 19112604467 ns
[    0.004000] APIC: Switch to symmetric I/O mode setup
[    0.004000] x2apic enabled
[    0.004000] Switched APIC routing to physical x2apic.
[    0.004000] kvm-guest: setup PV IPIs
[    0.004000] ..TIMER: vector=0x30 apic1=0 pin1=2 apic2=-1 pin2=-1
[    0.004000] clocksource: tsc-early: mask: 0xffffffffffffffff max_cycles: 0x12441513526, max_idle_ns: 440795239872 ns
[    0.478342] Calibrating delay loop (skipped) preset value.. 2534.40 BogoMIPS (lpj=5068800)
[    0.482345] pid_max: default: 32768 minimum: 301
[    0.482808] LSM: initializing lsm=capability,yama,integrity
[    0.483228] Yama: becoming mindful.
[    0.483713] Mount-cache hash table entries: 4096 (order: 3, 32768 bytes, linear)
[    0.484264] Mountpoint-cache hash table entries: 4096 (order: 3, 32768 bytes, linear)
[    0.486037] CPU0: Thermal monitoring enabled (TM1)
[    0.486342] x86/cpu: User Mode Instruction Prevention (UMIP) activated
[    0.486919] Last level iTLB entries: 4KB 0, 2MB 0, 4MB 0
[    0.487307] Last level dTLB entries: 4KB 0, 2MB 0, 4MB 0, 1GB 0
[    0.487751] Spectre V1 : Mitigation: usercopy/swapgs barriers and __user pointer sanitization
[    0.488369] Spectre V2 : WARNING: Unprivileged eBPF is enabled with eIBRS on, data leaks possible via Spectre v2 BHB attacks!
[    0.489182] Spectre V2 : Mitigation: Enhanced / Automatic IBRS
[    0.489588] Spectre V2 : Spectre v2 / SpectreRSB mitigation: Filling RSB on context switch
[    0.490327] Spectre V2 : Spectre v2 / PBRSB-eIBRS: Retire a single CALL on VMEXIT
[    0.490850] Spectre V2 : mitigation: Enabling conditional Indirect Branch Prediction Barrier
[    0.491426] Speculative Store Bypass: Mitigation: Speculative Store Bypass disabled via prctl
[    0.492017] MMIO Stale Data: Unknown: No mitigations
[    0.563616] Freeing SMP alternatives memory: 52K
[    0.563980] Running RCU synchronous self tests
[    0.564292] Running RCU synchronous self tests
[    0.564922] smpboot: CPU0: Genuine Intel(R) 0000 @ (family: 0x6, model: 0xc6, stepping: 0x0)
[    0.565945] cblist_init_generic: Setting adjustable number of callback queues.
[    0.566323] cblist_init_generic: Setting shift to 1 and lim to 1.
[    0.566323] cblist_init_generic: Setting shift to 1 and lim to 1.
[    0.566323] cblist_init_generic: Setting shift to 1 and lim to 1.
[    0.566323] Running RCU-tasks wait API self tests
[    0.666543] Performance Events: unsupported p6 CPU model 198 no PMU driver, software events only.
[    0.667380] rcu: Hierarchical SRCU implementation.
[    0.667717] rcu: 	Max phase no-delay instances is 1000.
[    0.669546] NMI watchdog: Perf NMI watchdog permanently disabled
[    0.670126] smp: Bringing up secondary CPUs ...
[    0.670889] x86: Booting SMP configuration:
[    0.671208] .... node  #0, CPUs:      #1
[    0.671788] smp: Brought up 1 node, 2 CPUs
[    0.671788] smpboot: Max logical packages: 1
[    0.671788] smpboot: Total of 2 processors activated (5068.80 BogoMIPS)
[    0.675261] devtmpfs: initialized
[    0.675261] x86/mm: Memory block size: 128MB
[    0.682382] Callback from call_rcu_tasks_trace() invoked.
[    0.683112] Running RCU synchronous self tests
[    0.683427] Running RCU synchronous self tests
[    0.683781] clocksource: jiffies: mask: 0xffffffff max_cycles: 0xffffffff, max_idle_ns: 7645041785100000 ns
[    0.684460] futex hash table entries: 512 (order: 4, 65536 bytes, linear)
[    0.685211] pinctrl core: initialized pinctrl subsystem
[    0.686289] 
[    0.686330] *************************************************************
[    0.686784] **     NOTICE NOTICE NOTICE NOTICE NOTICE NOTICE NOTICE    **
[    0.687254] **                                                         **
[    0.687711] **  IOMMU DebugFS SUPPORT HAS BEEN ENABLED IN THIS KERNEL  **
[    0.688177] **                                                         **
[    0.688633] ** This means that this kernel is built to expose internal **
[    0.689104] ** IOMMU data structures, which may compromise security on **
[    0.689564] ** your system.                                            **
[    0.690034] **                                                         **
[    0.690332] ** If you see this message and you are not debugging the   **
[    0.690801] ** kernel, report this immediately to your vendor!         **
[    0.691269] **                                                         **
[    0.691735] **     NOTICE NOTICE NOTICE NOTICE NOTICE NOTICE NOTICE    **
[    0.692200] *************************************************************
[    0.692718] PM: RTC time: 05:32:03, date: 2024-08-24
[    0.697109] NET: Registered PF_NETLINK/PF_ROUTE protocol family
[    0.698130] DMA: preallocated 256 KiB GFP_KERNEL pool for atomic allocations
[    0.698345] DMA: preallocated 256 KiB GFP_KERNEL|GFP_DMA pool for atomic allocations
[    0.698900] DMA: preallocated 256 KiB GFP_KERNEL|GFP_DMA32 pool for atomic allocations
[    0.699495] audit: initializing netlink subsys (disabled)
[    0.699963] audit: type=2000 audit(1724477524.006:1): state=initialized audit_enabled=0 res=1
[    0.699963] thermal_sys: Registered thermal governor 'fair_share'
[    0.699963] thermal_sys: Registered thermal governor 'bang_bang'
[    0.700105] thermal_sys: Registered thermal governor 'step_wise'
[    0.702333] thermal_sys: Registered thermal governor 'user_space'
[    0.702803] cpuidle: using governor ladder
[    0.703520] cpuidle: using governor menu
[    0.704086] acpiphp: ACPI Hot Plug PCI Controller Driver version: 0.5
[    0.704909] PCI: Using configuration type 1 for base access
[    0.705910] kprobes: kprobe jump-optimization is enabled. All kprobes are optimized if possible.
[    0.780066] HugeTLB: registered 1.00 GiB page size, pre-allocated 0 pages
[    0.780586] HugeTLB: 16380 KiB vmemmap can be freed for a 1.00 GiB page
[    0.781060] HugeTLB: registered 2.00 MiB page size, pre-allocated 0 pages
[    0.781540] HugeTLB: 28 KiB vmemmap can be freed for a 2.00 MiB page
[    0.786538] ACPI: Added _OSI(Module Device)
[    0.786851] ACPI: Added _OSI(Processor Device)
[    0.787174] ACPI: Added _OSI(3.0 _SCP Extensions)
[    0.787509] ACPI: Added _OSI(Processor Aggregator Device)
[    0.796916] ACPI: 1 ACPI AML tables successfully acquired and loaded
[    0.801360] ACPI: Interpreter enabled
[    0.801735] ACPI: PM: (supports S0 S3 S4 S5)
[    0.802029] ACPI: Using IOAPIC for interrupt routing
[    0.802411] PCI: Using host bridge windows from ACPI; if necessary, use "pci=nocrs" and report a bug
[    0.803051] PCI: Using E820 reservations for host bridge windows
[    0.804235] ACPI: Enabled 2 GPEs in block 00 to 0F
[    0.825974] ACPI: PCI Root Bridge [PCI0] (domain 0000 [bus 00-ff])
[    0.826349] acpi PNP0A03:00: _OSC: OS supports [ASPM ClockPM Segments MSI EDR HPX-Type3]
[    0.826929] acpi PNP0A03:00: _OSC: not requesting OS control; OS requires [ExtendedConfig ASPM ClockPM MSI]
[    0.827728] acpi PNP0A03:00: fail to add MMCONFIG information, can't access extended configuration space under this bridge
[    0.831414] acpiphp: Slot [3] registered
[    0.831769] acpiphp: Slot [4] registered
[    0.832118] acpiphp: Slot [5] registered
[    0.832499] acpiphp: Slot [6] registered
[    0.832863] acpiphp: Slot [7] registered
[    0.833231] acpiphp: Slot [8] registered
[    0.833596] acpiphp: Slot [9] registered
[    0.833975] acpiphp: Slot [10] registered
[    0.834348] acpiphp: Slot [11] registered
[    0.834720] acpiphp: Slot [12] registered
[    0.835094] acpiphp: Slot [13] registered
[    0.835487] acpiphp: Slot [14] registered
[    0.835846] acpiphp: Slot [15] registered
[    0.836208] acpiphp: Slot [16] registered
[    0.836582] acpiphp: Slot [17] registered
[    0.836968] acpiphp: Slot [18] registered
[    0.837334] acpiphp: Slot [19] registered
[    0.837699] acpiphp: Slot [20] registered
[    0.838071] acpiphp: Slot [21] registered
[    0.838432] acpiphp: Slot [22] registered
[    0.838799] acpiphp: Slot [23] registered
[    0.839175] acpiphp: Slot [24] registered
[    0.839548] acpiphp: Slot [25] registered
[    0.839923] acpiphp: Slot [26] registered
[    0.840282] acpiphp: Slot [27] registered
[    0.840643] acpiphp: Slot [28] registered
[    0.841003] acpiphp: Slot [29] registered
[    0.841397] acpiphp: Slot [30] registered
[    0.841765] acpiphp: Slot [31] registered
[    0.842102] PCI host bridge to bus 0000:00
[    0.842334] pci_bus 0000:00: root bus resource [io  0x0000-0x0cf7 window]
[    0.842820] pci_bus 0000:00: root bus resource [io  0x0d00-0xffff window]
[    0.843306] pci_bus 0000:00: root bus resource [mem 0x000a0000-0x000bffff window]
[    0.843838] pci_bus 0000:00: root bus resource [mem 0x80000000-0xfebfffff window]
[    0.844369] pci_bus 0000:00: root bus resource [mem 0x100000000-0x17fffffff window]
[    0.844908] pci_bus 0000:00: root bus resource [bus 00-ff]
[    0.845443] pci 0000:00:00.0: [8086:1237] type 00 class 0x060000
[    0.851697] pci 0000:00:01.0: [8086:7000] type 00 class 0x060100
[    0.853006] pci 0000:00:01.1: [8086:7010] type 00 class 0x010180
[    0.854666] pci 0000:00:01.1: reg 0x20: [io  0xc040-0xc04f]
[    0.855599] pci 0000:00:01.1: legacy IDE quirk: reg 0x10: [io  0x01f0-0x01f7]
[    0.856090] pci 0000:00:01.1: legacy IDE quirk: reg 0x14: [io  0x03f6]
[    0.856549] pci 0000:00:01.1: legacy IDE quirk: reg 0x18: [io  0x0170-0x0177]
[    0.857057] pci 0000:00:01.1: legacy IDE quirk: reg 0x1c: [io  0x0376]
[    0.857815] pci 0000:00:01.3: [8086:7113] type 00 class 0x068000
[    0.858540] pci 0000:00:01.3: quirk: [io  0x0600-0x063f] claimed by PIIX4 ACPI
[    0.859460] pci 0000:00:01.3: quirk: [io  0x0700-0x070f] claimed by PIIX4 SMB
[    0.860311] pci 0000:00:02.0: [1234:1111] type 00 class 0x030000
[    0.862828] pci 0000:00:02.0: reg 0x10: [mem 0xfd000000-0xfdffffff pref]
[    0.865605] pci 0000:00:02.0: reg 0x18: [mem 0xfebf0000-0xfebf0fff]
[    0.870916] pci 0000:00:02.0: reg 0x30: [mem 0xfebe0000-0xfebeffff pref]
[    0.872152] pci 0000:00:02.0: Video device with shadowed ROM at [mem 0x000c0000-0x000dffff]
[    0.879544] pci 0000:00:03.0: [8086:100e] type 00 class 0x020000
[    0.880660] pci 0000:00:03.0: reg 0x10: [mem 0xfebc0000-0xfebdffff]
[    0.881650] pci 0000:00:03.0: reg 0x14: [io  0xc000-0xc03f]
[    0.884178] pci 0000:00:03.0: reg 0x30: [mem 0xfeb80000-0xfebbffff pref]
[    0.899899] ACPI: PCI: Interrupt link LNKA configured for IRQ 10
[    0.901025] ACPI: PCI: Interrupt link LNKB configured for IRQ 10
[    0.902037] ACPI: PCI: Interrupt link LNKC configured for IRQ 11
[    0.902920] ACPI: PCI: Interrupt link LNKD configured for IRQ 11
[    0.903596] ACPI: PCI: Interrupt link LNKS configured for IRQ 9
[    0.906557] iommu: Default domain type: Translated 
[    0.906920] iommu: DMA domain TLB invalidation policy: lazy mode 
[    0.910012] SCSI subsystem initialized
[    0.910826] ACPI: bus type USB registered
[    0.911243] usbcore: registered new interface driver usbfs
[    0.911692] usbcore: registered new interface driver hub
[    0.912147] usbcore: registered new device driver usb
[    0.912766] pps_core: LinuxPPS API ver. 1 registered
[    0.913126] pps_core: Software ver. 5.3.6 - Copyright 2005-2007 Rodolfo Giometti <giometti@linux.it>
[    0.913797] PTP clock support registered
[    0.914321] EDAC MC: Ver: 3.0.0
[    0.917073] NetLabel: Initializing
[    0.917330] NetLabel:  domain hash size = 128
[    0.917628] NetLabel:  protocols = UNLABELED CIPSOv4 CALIPSO
[    0.918186] NetLabel:  unlabeled traffic allowed by default
[    0.918820] PCI: Using ACPI for IRQ routing
[    0.919406] pci 0000:00:02.0: vgaarb: setting as boot VGA device
[    0.919848] pci 0000:00:02.0: vgaarb: bridge control possible
[    0.920253] pci 0000:00:02.0: vgaarb: VGA device added: decodes=io+mem,owns=io+mem,locks=none
[    0.920862] vgaarb: loaded
[    0.921599] hpet0: at MMIO 0xfed00000, IRQs 2, 8, 0
[    0.921962] hpet0: 3 comparators, 64-bit 100.000000 MHz counter
[    2.200081] clocksource: Switched to clocksource kvm-clock
[    2.224412] Callback from call_rcu_tasks_rude() invoked.
[    2.310644] Callback from call_rcu_tasks() invoked.
[    2.372787] VFS: Disk quotas dquot_6.6.0
[    2.373134] VFS: Dquot-cache hash table entries: 512 (order 0, 4096 bytes)
[    2.378523] pnp: PnP ACPI init
[    2.381245] pnp: PnP ACPI: found 6 devices
[    2.421050] clocksource: acpi_pm: mask: 0xffffff max_cycles: 0xffffff, max_idle_ns: 2085701024 ns
[    2.422026] NET: Registered PF_INET protocol family
[    2.422521] IP idents hash table entries: 32768 (order: 6, 262144 bytes, linear)
[    2.426126] tcp_listen_portaddr_hash hash table entries: 1024 (order: 4, 73728 bytes, linear)
[    2.426791] Table-perturb hash table entries: 65536 (order: 6, 262144 bytes, linear)
[    2.427420] TCP established hash table entries: 16384 (order: 5, 131072 bytes, linear)
[    2.428520] TCP bind hash table entries: 16384 (order: 9, 2359296 bytes, linear)
[    2.437262] TCP: Hash tables configured (established 16384 bind 16384)
[    2.437900] UDP hash table entries: 1024 (order: 5, 163840 bytes, linear)
[    2.438558] UDP-Lite hash table entries: 1024 (order: 5, 163840 bytes, linear)
[    2.439330] NET: Registered PF_UNIX/PF_LOCAL protocol family
[    2.440740] RPC: Registered named UNIX socket transport module.
[    2.441200] RPC: Registered udp transport module.
[    2.441534] RPC: Registered tcp transport module.
[    2.441863] RPC: Registered tcp NFSv4.1 backchannel transport module.
[    2.442364] pci_bus 0000:00: resource 4 [io  0x0000-0x0cf7 window]
[    2.442799] pci_bus 0000:00: resource 5 [io  0x0d00-0xffff window]
[    2.443229] pci_bus 0000:00: resource 6 [mem 0x000a0000-0x000bffff window]
[    2.443710] pci_bus 0000:00: resource 7 [mem 0x80000000-0xfebfffff window]
[    2.444185] pci_bus 0000:00: resource 8 [mem 0x100000000-0x17fffffff window]
[    2.444954] pci 0000:00:01.0: PIIX3: Enabling Passive Release
[    2.445377] pci 0000:00:00.0: Limiting direct PCI/PCI transfers
[    2.445866] PCI: CLS 0 bytes, default 64
[    2.446222] ACPI: bus type thunderbolt registered
[    2.446862] clocksource: tsc: mask: 0xffffffffffffffff max_cycles: 0x12441513526, max_idle_ns: 440795239872 ns
[    2.454163] Initialise system trusted keyrings
[    2.454659] Key type blacklist registered
[    2.455329] workingset: timestamp_bits=36 max_order=19 bucket_order=0
[    2.455857] zbud: loaded
[    2.457252] squashfs: version 4.0 (2009/01/31) Phillip Lougher
[    2.459160] NFS: Registering the id_resolver key type
[    2.459519] Key type id_resolver registered
[    2.459823] Key type id_legacy registered
[    2.460165] nfs4filelayout_init: NFSv4 File Layout Driver Registering...
[    2.460676] nfs4flexfilelayout_init: NFSv4 Flexfile Layout Driver Registering...
[    2.461589] fuse: init (API version 7.38)
[    2.462177] SGI XFS with ACLs, security attributes, realtime, quota, no debug enabled
[    2.463743] 9p: Installing v9fs 9p2000 file system support
[    2.470349] Key type asymmetric registered
[    2.470672] Asymmetric key parser 'x509' registered
[    2.471144] Block layer SCSI generic (bsg) driver version 0.4 loaded (major 243)
[    2.471998] io scheduler mq-deadline registered
[    2.472419] io scheduler bfq registered
[    2.473497] shpchp: Standard Hot Plug PCI Controller Driver version: 0.4
[    2.474634] IPMI message handler: version 39.2
[    2.475007] ipmi device interface
[    2.477061] input: Power Button as /devices/LNXSYSTM:00/LNXPWRBN:00/input/input0
[    2.478078] ACPI: button: Power Button [PWRF]
[    2.480356] ERST DBG: ERST support is disabled.
[    2.481922] Serial: 8250/16550 driver, 32 ports, IRQ sharing enabled
[    2.482965] 00:04: ttyS0 at I/O 0x3f8 (irq = 4, base_baud = 115200) is a 16550A
[    2.507567] Linux agpgart interface v0.103
[    2.509870] ACPI: bus type drm_connector registered
[    2.527454] brd: module loaded
[    2.538300] loop: module loaded
[    2.547216] scsi host0: ata_piix
[    2.548575] scsi host1: ata_piix
[    2.549091] ata1: PATA max MWDMA2 cmd 0x1f0 ctl 0x3f6 bmdma 0xc040 irq 14
[    2.549579] ata2: PATA max MWDMA2 cmd 0x170 ctl 0x376 bmdma 0xc048 irq 15
[    2.551501] tun: Universal TUN/TAP device driver, 1.6
[    2.552387] e100: Intel(R) PRO/100 Network Driver
[    2.552730] e100: Copyright(c) 1999-2006 Intel Corporation
[    2.553194] e1000: Intel(R) PRO/1000 Network Driver
[    2.553546] e1000: Copyright (c) 1999-2006 Intel Corporation.
[    2.710832] ata1: found unknown device (class 0)
[    2.711723] ata1.00: ATA-7: QEMU HARDDISK, 2.5+, max UDMA/100
[    2.712124] ata1.00: 17196647 sectors, multi 16: LBA48 
[    2.712953] ata2: found unknown device (class 0)
[    2.713432] scsi 0:0:0:0: Direct-Access     ATA      QEMU HARDDISK    2.5+ PQ: 0 ANSI: 5
[    2.713712] ata2.00: ATAPI: QEMU DVD-ROM, 2.5+, max UDMA/100
[    2.715772] sd 0:0:0:0: Attached scsi generic sg0 type 0
[    2.715835] sd 0:0:0:0: [sda] 17196647 512-byte logical blocks: (8.80 GB/8.20 GiB)
[    2.716804] sd 0:0:0:0: [sda] Write Protect is off
[    2.717483] sd 0:0:0:0: [sda] Write cache: enabled, read cache: enabled, doesn't support DPO or FUA
[    2.718163] scsi 1:0:0:0: CD-ROM            QEMU     QEMU DVD-ROM     2.5+ PQ: 0 ANSI: 5
[    2.719060] sd 0:0:0:0: [sda] Preferred minimum I/O size 512 bytes
[    2.739927] scsi 1:0:0:0: Attached scsi generic sg1 type 5
[    2.742300] sd 0:0:0:0: [sda] Attached SCSI disk
[    2.996677] ACPI: \_SB_.LNKC: Enabled at IRQ 11
[    3.317468] e1000 0000:00:03.0 eth0: (PCI:33MHz:32-bit) 52:54:00:12:34:56
[    3.318015] e1000 0000:00:03.0 eth0: Intel(R) PRO/1000 Network Connection
[    3.318862] e1000e: Intel(R) PRO/1000 Network Driver
[    3.319220] e1000e: Copyright(c) 1999 - 2015 Intel Corporation.
[    3.319724] igb: Intel(R) Gigabit Ethernet Network Driver
[    3.320099] igb: Copyright (c) 2007-2014 Intel Corporation.
[    3.320610] PPP generic driver version 2.4.2
[    3.322509] VFIO - User Level meta-driver version: 0.3
[    3.324037] usbcore: registered new interface driver uas
[    3.324455] usbcore: registered new interface driver usb-storage
[    3.325084] i8042: PNP: PS/2 Controller [PNP0303:KBD,PNP0f13:MOU] at 0x60,0x64 irq 1,12
[    3.326820] serio: i8042 KBD port at 0x60,0x64 irq 1
[    3.327199] serio: i8042 AUX port at 0x60,0x64 irq 12
[    3.329088] mousedev: PS/2 mouse device common for all mice
[    3.330644] input: AT Translated Set 2 keyboard as /devices/platform/i8042/serio0/input/input1
[    3.332443] input: VirtualPS/2 VMware VMMouse as /devices/platform/i8042/serio1/input/input4
[    3.333247] rtc_cmos 00:05: RTC can wake from S4
[    3.334104] input: VirtualPS/2 VMware VMMouse as /devices/platform/i8042/serio1/input/input3
[    3.336324] rtc_cmos 00:05: registered as rtc0
[    3.336724] rtc_cmos 00:05: setting system clock to 2024-08-24T05:32:06 UTC (1724477526)
[    3.337523] rtc_cmos 00:05: alarms up to one day, y3k, 242 bytes nvram, hpet irqs
[    3.338090] i2c_dev: i2c /dev entries driver
[    3.338993] device-mapper: core: CONFIG_IMA_DISABLE_HTABLE is disabled. Duplicate IMA measurements will not be recorded in the IMA log.
[    3.339872] device-mapper: uevent: version 1.0.3
[    3.340678] device-mapper: ioctl: 4.47.0-ioctl (2022-07-28) initialised: dm-devel@redhat.com
[    3.341275] intel_pstate: CPU model not supported
[    3.342659] sdhci: Secure Digital Host Controller Interface driver
[    3.343077] sdhci: Copyright(c) Pierre Ossman
[    3.343464] sdhci-pltfm: SDHCI platform and OF driver helper
[    3.344255] ledtrig-cpu: registered to indicate activity on CPUs
[    3.345177] drop_monitor: Initializing network drop monitor service
[    3.345897] NET: Registered PF_INET6 protocol family
[    3.350558] Segment Routing with IPv6
[    3.351027] In-situ OAM (IOAM) with IPv6
[    3.351373] NET: Registered PF_PACKET protocol family
[    3.352260] 9pnet: Installing 9P2000 support
[    3.352691] Key type dns_resolver registered
[    3.354104] IPI shorthand broadcast: enabled
[    3.376466] sched_clock: Marking stable (2904004340, 470323596)->(3398971128, -24643192)
[    3.378177] registered taskstats version 1
[    3.379155] Loading compiled-in X.509 certificates
[    3.379751] zswap: loaded using pool lzo/zbud
[    3.405417] Key type .fscrypt registered
[    3.405728] Key type fscrypt-provisioning registered
[    3.408352] Key type encrypted registered
[    3.408746] ima: No TPM chip found, activating TPM-bypass!
[    3.409151] ima: Allocated hash algorithm: sha1
[    3.409556] ima: No architecture policies found
[    3.409957] evm: Initialising EVM extended attributes:
[    3.410317] evm: security.selinux
[    3.410576] evm: security.SMACK64
[    3.410810] evm: security.SMACK64EXEC
[    3.411066] evm: security.SMACK64TRANSMUTE
[    3.411350] evm: security.SMACK64MMAP
[    3.411613] evm: security.apparmor
[    3.411853] evm: security.ima
[    3.412062] evm: security.capability
[    3.412312] evm: HMAC attrs: 0x1
[    3.413993] PM:   Magic number: 4:821:517
[    3.415210] RAS: Correctable Errors collector initialized.
[    3.417466] md: Waiting for all devices to be available before autodetect
[    3.417769] md: If you don't use raid, use raid=noautodetect
[    3.418032] md: Autodetecting RAID arrays.
[    3.418230] md: autorun ...
[    3.418393] md: ... autorun DONE.
[    3.445016] EXT4-fs (sda): mounted filesystem 088740a9-c8b4-422c-999d-a804eb68a4da with ordered data mode. Quota mode: none.
[    3.445648] VFS: Mounted root (ext4 filesystem) readonly on device 8:0.
[    3.449587] devtmpfs: mounted
[    3.464063] Freeing unused decrypted memory: 2036K
[    3.468324] Freeing unused kernel image (initmem) memory: 14340K
[    3.468637] Write protecting the kernel read-only data: 88064k
[    3.470317] Freeing unused kernel image (rodata/data gap) memory: 392K
[    3.519332] x86/mm: Checked W+X mappings: passed, no W+X pages found.
[    3.519657] Run /sbin/init as init process
[    3.749343] systemd[1]: systemd 252-15.el9 running in system mode (+PAM +AUDIT +SELINUX -APPARMOR +IMA +SMACK +SECCOMP +GCRYPT +GNUTLS +OPENSSL +ACL +BLKID +CURL +ELFUTILS -FIDO2 +IDN2 -IDN -IPTC +KMOD +LIBCRYPTSETUP +LIBFDISK +PCRE2 -PWQUALITY +P11KIT -QRENCODE +TPM2 +BZIP2 +LZ4 +XZ +ZLIB +ZSTD -BPF_FRAMEWORK +XKBCOMMON +UTMP +SYSVINIT default-hierarchy=unified)
[    3.750825] systemd[1]: Detected virtualization kvm.
[    3.751064] systemd[1]: Detected architecture x86-64.

Welcome to [0;31mCentOS Stream 9[0m!

[    3.758534] systemd[1]: Hostname set to <test>.
[    3.911843] systemd-rc-local-generator[114]: /etc/rc.d/rc.local is not marked executable, skipping.
[    4.364345] systemd[1]: Queued start job for default target Multi-User System.
[    4.380611] systemd[1]: Created slice Virtual Machine and Container Slice.
[[0;32m  OK  [0m] Created slice [0;1;39mVirtual Machine and Container Slice[0m.
[    4.384477] systemd[1]: Created slice Slice /system/getty.
[[0;32m  OK  [0m] Created slice [0;1;39mSlice /system/getty[0m.
[    4.386480] systemd[1]: Created slice Slice /system/modprobe.
[[0;32m  OK  [0m] Created slice [0;1;39mSlice /system/modprobe[0m.
[    4.388454] systemd[1]: Created slice Slice /system/serial-getty.
[[0;32m  OK  [0m] Created slice [0;1;39mSlice /system/serial-getty[0m.
[    4.390602] systemd[1]: Created slice Slice /system/sshd-keygen.
[[0;32m  OK  [0m] Created slice [0;1;39mSlice /system/sshd-keygen[0m.
[    4.392474] systemd[1]: Created slice User and Session Slice.
[[0;32m  OK  [0m] Created slice [0;1;39mUser and Session Slice[0m.
[    4.393541] systemd[1]: Started Forward Password Requests to Wall Directory Watch.
[[0;32m  OK  [0m] Started [0;1;39mForward Password R…uests to Wall Directory Watch[0m.
[    4.395340] systemd[1]: Set up automount Arbitrary Executable File Formats File System Automount Point.
[[0;32m  OK  [0m] Set up automount [0;1;39mArbitrary…s File System Automount Point[0m.
[    4.396426] systemd[1]: Reached target Local Integrity Protected Volumes.
[[0;32m  OK  [0m] Reached target [0;1;39mLocal Integrity Protected Volumes[0m.
[    4.397294] systemd[1]: Reached target Slice Units.
[[0;32m  OK  [0m] Reached target [0;1;39mSlice Units[0m.
[    4.397967] systemd[1]: Reached target Swaps.
[[0;32m  OK  [0m] Reached target [0;1;39mSwaps[0m.
[    4.398598] systemd[1]: Reached target Local Verity Protected Volumes.
[[0;32m  OK  [0m] Reached target [0;1;39mLocal Verity Protected Volumes[0m.
[    4.399726] systemd[1]: Listening on Device-mapper event daemon FIFOs.
[[0;32m  OK  [0m] Listening on [0;1;39mDevice-mapper event daemon FIFOs[0m.
[    4.401107] systemd[1]: Listening on LVM2 poll daemon socket.
[[0;32m  OK  [0m] Listening on [0;1;39mLVM2 poll daemon socket[0m.
[    4.402013] systemd[1]: multipathd control socket was skipped because of an unmet condition check (ConditionPathExists=/etc/multipath.conf).
[    4.424642] systemd[1]: Listening on RPCbind Server Activation Socket.
[[0;32m  OK  [0m] Listening on [0;1;39mRPCbind Server Activation Socket[0m.
[    4.425632] systemd[1]: Reached target RPC Port Mapper.
[[0;32m  OK  [0m] Reached target [0;1;39mRPC Port Mapper[0m.
[    4.428646] systemd[1]: Listening on Process Core Dump Socket.
[[0;32m  OK  [0m] Listening on [0;1;39mProcess Core Dump Socket[0m.
[    4.429700] systemd[1]: Listening on initctl Compatibility Named Pipe.
[[0;32m  OK  [0m] Listening on [0;1;39minitctl Compatibility Named Pipe[0m.
[    4.431017] systemd[1]: Listening on Journal Socket (/dev/log).
[[0;32m  OK  [0m] Listening on [0;1;39mJournal Socket (/dev/log)[0m.
[    4.432468] systemd[1]: Listening on Journal Socket.
[[0;32m  OK  [0m] Listening on [0;1;39mJournal Socket[0m.
[    4.433692] systemd[1]: Listening on udev Control Socket.
[[0;32m  OK  [0m] Listening on [0;1;39mudev Control Socket[0m.
[    4.434831] systemd[1]: Listening on udev Kernel Socket.
[[0;32m  OK  [0m] Listening on [0;1;39mudev Kernel Socket[0m.
[    4.440685] systemd[1]: Mounting Huge Pages File System...
         Mounting [0;1;39mHuge Pages File System[0m...
[    4.445754] systemd[1]: Mounting POSIX Message Queue File System...
         Mounting [0;1;39mPOSIX Message Queue File System[0m...
[    4.451462] systemd[1]: Mounting Kernel Debug File System...
         Mounting [0;1;39mKernel Debug File System[0m...
[    4.456847] systemd[1]: Mounting Kernel Trace File System...
         Mounting [0;1;39mKernel Trace File System[0m...
[    4.465462] systemd[1]: Kernel Module supporting RPCSEC_GSS was skipped because of an unmet condition check (ConditionPathExists=/etc/krb5.keytab).
[    4.466152] systemd[1]: Create List of Static Device Nodes was skipped because of an unmet condition check (ConditionFileNotEmpty=/lib/modules/6.3.0-rc3-5a796d5cb5d1+/modules.devname).
[    4.471140] systemd[1]: Starting Monitoring of LVM2 mirrors, snapshots etc. using dmeventd or progress polling...
         Starting [0;1;39mMonitoring of LVM…meventd or progress polling[0m...
[    4.476442] systemd[1]: Starting Load Kernel Module configfs...
         Starting [0;1;39mLoad Kernel Module configfs[0m...
[    4.482183] systemd[1]: Starting Load Kernel Module drm...
         Starting [0;1;39mLoad Kernel Module drm[0m...
[    4.487222] systemd[1]: Starting Load Kernel Module fuse...
         Starting [0;1;39mLoad Kernel Module fuse[0m...
[    4.501972] systemd[1]: Starting Read and set NIS domainname from /etc/sysconfig/network...
         Starting [0;1;39mRead and set NIS …from /etc/sysconfig/network[0m...
[    4.515827] systemd[1]: Starting Journal Service...
         Starting [0;1;39mJournal Service[0m...
[    4.525972] systemd[1]: Starting Load Kernel Modules...
         Starting [0;1;39mLoad Kernel Modules[0m...
[    4.534211] systemd[1]: Starting Generate network units from Kernel command line...
         Starting [0;1;39mGenerate network …ts from Kernel command line[0m...
[    4.565580] systemd[1]: Starting Remount Root and Kernel File Systems...
         Starting [0;1;39mRemount Root and Kernel File Systems[0m...
[    4.570742] systemd[1]: Repartition Root Disk was skipped because no trigger condition checks were met.
[    4.588772] systemd[1]: Starting Coldplug All udev Devices...
         Starting [0;1;39mColdplug All udev Devices[0m...
[    4.599361] systemd[1]: Mounted Huge Pages File System.
[[0;32m  OK  [0m] Mounted [0;1;39mHuge Pages File System[0m.
[    4.606917] systemd[1]: Mounted POSIX Message Queue File System.
[[0;32m  OK  [0m] Mounted [0;1;39mPOSIX Message Queue File System[0m.
[    4.608127] systemd[1]: Mounted Kernel Debug File System.
[[0;32m  OK  [0m] Mounted [0;1;39mKernel Debug File System[0m.
[    4.609247] systemd[1]: Mounted Kernel Trace File System.
[[0;32m  OK  [0m] Mounted [0;1;39mKernel Trace File System[0m.
[    4.615474] systemd[1]: modprobe@configfs.service: Deactivated successfully.
[    4.616719] systemd[1]: Finished Load Kernel Module configfs.
[[0;32m  OK  [0m] Finished [0;1;39mLoad Kernel Module configfs[0m.
[    4.619218] systemd[1]: modprobe@drm.service: Deactivated successfully.
[    4.620187] systemd[1]: Finished Load Kernel Module drm.
[[0;32m  OK  [0m] Finished [0;1;39mLoad Kernel Module drm[0m.
[    4.628345] systemd[1]: modprobe@fuse.service: Deactivated successfully.
[    4.629344] systemd[1]: Finished Load Kernel Module fuse.
[[0;32m  OK  [0m] Finished [0;1;39mLoad Kernel Module fuse[0m.
[    4.631218] systemd[1]: Finished Monitoring of LVM2 mirrors, snapshots etc. using dmeventd or progress polling.
[[0;32m  OK  [0m] Finished [0;1;39mMonitoring of LVM… dmeventd or progress polling[0m.
[    4.634101] systemd[1]: Finished Read and set NIS domainname from /etc/sysconfig/network.
[[0;32m  OK  [0m] Finished [0;1;39mRead and set NIS …e from /etc/sysconfig/network[0m.
[    4.635819] systemd[1]: systemd-modules-load.service: Main process exited, code=exited, status=1/FAILURE
[    4.636838] systemd[1]: systemd-modules-load.service: Failed with result 'exit-code'.
[    4.637855] systemd[1]: Failed to start Load Kernel Modules.
[[0;1;31mFAILED[0m] Failed to start [0;1;39mLoad Kernel Modules[0m.
See 'systemctl status systemd-modules-load.service' for details.
[    4.640674] systemd[1]: Finished Generate network units from Kernel command line.
[[0;32m  OK  [0m] Finished [0;1;39mGenerate network units from Kernel command line[0m.
[    4.642568] systemd[1]: Reached target Preparation for Network.
[[0;32m  OK  [0m] Reached target [0;1;39mPreparation for Network[0m.
[    4.649367] EXT4-fs (sda): re-mounted 088740a9-c8b4-422c-999d-a804eb68a4da. Quota mode: none.
[    4.662555] systemd[1]: Mounting FUSE Control File System...
         Mounting [0;1;39mFUSE Control File System[0m...
[    4.668351] systemd[1]: Mounting Kernel Configuration File System...
         Mounting [0;1;39mKernel Configuration File System[0m...
[    4.686833] systemd[1]: Starting Apply Kernel Variables...
         Starting [0;1;39mApply Kernel Variables[0m...
[    4.730671] systemd[1]: Started Journal Service.
[[0;32m  OK  [0m] Started [0;1;39mJournal Service[0m.
[[0;32m  OK  [0m] Finished [0;1;39mRemount Root and Kernel File Systems[0m.
[[0;32m  OK  [0m] Mounted [0;1;39mFUSE Control File System[0m.
[[0;32m  OK  [0m] Mounted [0;1;39mKernel Configuration File System[0m.
         Starting [0;1;39mFlush Journal to Persistent Storage[0m...
         Starting [0;1;39mLoad/Save Random Seed[0m...
         Starting [0;1;39mCreate Static Device Nodes in /dev[0m...
         Starting [0;1;39mSetup Virtual Console[0m...
[    4.827422] systemd-journald[138]: Received client request to flush runtime journal.
[[0;32m  OK  [0m] Finished [0;1;39mFlush Journal to Persistent Storage[0m.
[[0;32m  OK  [0m] Finished [0;1;39mApply Kernel Variables[0m.
[[0;32m  OK  [0m] Finished [0;1;39mLoad/Save Random Seed[0m.
[[0;32m  OK  [0m] Finished [0;1;39mCreate Static Device Nodes in /dev[0m.
         Starting [0;1;39mRule-based Manage…for Device Events and Files[0m...
[[0;32m  OK  [0m] Started [0;1;39mRule-based Manager for Device Events and Files[0m.
         Starting [0;1;39mAuto-connect to s…E devices found during boot[0m...
[[0;32m  OK  [0m] Finished [0;1;39mAuto-connect to s…VME devices found during boot[0m.
[[0;32m  OK  [0m] Finished [0;1;39mColdplug All udev Devices[0m.
         Starting [0;1;39mWait for udev To …plete Device Initialization[0m...
[[0;32m  OK  [0m] Finished [0;1;39mSetup Virtual Console[0m.
[[0;32m  OK  [0m] Started [0;1;39mDispatch Password …ts to Console Directory Watch[0m.
[[0;32m  OK  [0m] Reached target [0;1;39mLocal Encrypted Volumes[0m.
[[0;32m  OK  [0m] Reached target [0;1;39mPath Units[0m.
[[0;32m  OK  [0m] Found device [0;1;39m/dev/ttyS0[0m.
[[0;32m  OK  [0m] Listening on [0;1;39mLoad/Save RF …itch Status /dev/rfkill Watch[0m.
[[0;32m  OK  [0m] Finished [0;1;39mWait for udev To Complete Device Initialization[0m.
[[0;32m  OK  [0m] Reached target [0;1;39mPreparation for Local File Systems[0m.
[[0;32m  OK  [0m] Reached target [0;1;39mLocal File Systems[0m.
         Starting [0;1;39mTell Plymouth To Write Out Runtime Data[0m...
         Starting [0;1;39mAutomatic Boot Loader Update[0m...
         Starting [0;1;39mCreate Volatile Files and Directories[0m...
[[0;32m  OK  [0m] Finished [0;1;39mTell Plymouth To Write Out Runtime Data[0m.
[[0;32m  OK  [0m] Finished [0;1;39mAutomatic Boot Loader Update[0m.
[[0;32m  OK  [0m] Finished [0;1;39mCreate Volatile Files and Directories[0m.
         Mounting [0;1;39mRPC Pipe File System[0m...
         Starting [0;1;39mSecurity Auditing Service[0m...
         Starting [0;1;39mRPC Bind[0m...
[[0;32m  OK  [0m] Mounted [0;1;39mRPC Pipe File System[0m.
[[0;32m  OK  [0m] Reached target [0;1;39mrpc_pipefs.target[0m.
[[0;32m  OK  [0m] Started [0;1;39mRPC Bind[0m.
[[0;32m  OK  [0m] Started [0;1;39mSecurity Auditing Service[0m.
         Starting [0;1;39mRecord System Boot/Shutdown in UTMP[0m...
[[0;32m  OK  [0m] Finished [0;1;39mRecord System Boot/Shutdown in UTMP[0m.
[[0;32m  OK  [0m] Reached target [0;1;39mSystem Initialization[0m.
[[0;32m  OK  [0m] Started [0;1;39mDaily rotation of log files[0m.
[[0;32m  OK  [0m] Started [0;1;39mUpdates mlocate database every day[0m.
[[0;32m  OK  [0m] Started [0;1;39mDaily Cleanup of Temporary Directories[0m.
[[0;32m  OK  [0m] Started [0;1;39mdaily update of the root trust anchor for DNSSEC[0m.
[[0;32m  OK  [0m] Reached target [0;1;39mTimer Units[0m.
[[0;32m  OK  [0m] Listening on [0;1;39mD-Bus System Message Bus Socket[0m.
[[0;32m  OK  [0m] Listening on [0;1;39mOpen-iSCSI iscsid Socket[0m.
[[0;32m  OK  [0m] Listening on [0;1;39mOpen-iSCSI iscsiuio Socket[0m.
[[0;32m  OK  [0m] Listening on [0;1;39mSSSD Kerberos…ache Manager responder socket[0m.
[[0;32m  OK  [0m] Listening on [0;1;39mLibvirt interface local socket[0m.
[[0;32m  OK  [0m] Listening on [0;1;39mVirtual machine lock manager socket[0m.
[[0;32m  OK  [0m] Listening on [0;1;39mVirtual machine log manager socket[0m.
[[0;32m  OK  [0m] Listening on [0;1;39mLibvirt network local socket[0m.
[[0;32m  OK  [0m] Listening on [0;1;39mLibvirt nodedev local socket[0m.
[[0;32m  OK  [0m] Listening on [0;1;39mLibvirt nwfilter local socket[0m.
[[0;32m  OK  [0m] Listening on [0;1;39mLibvirt proxy local socket[0m.
[[0;32m  OK  [0m] Listening on [0;1;39mLibvirt qemu local socket[0m.
[[0;32m  OK  [0m] Listening on [0;1;39mLibvirt qemu admin socket[0m.
[[0;32m  OK  [0m] Listening on [0;1;39mLibvirt qemu local read-only socket[0m.
[[0;32m  OK  [0m] Listening on [0;1;39mLibvirt secret local socket[0m.
[[0;32m  OK  [0m] Listening on [0;1;39mLibvirt storage local socket[0m.
[[0;32m  OK  [0m] Reached target [0;1;39mSocket Units[0m.
         Starting [0;1;39mD-Bus System Message Bus[0m...
[[0;32m  OK  [0m] Started [0;1;39mD-Bus System Message Bus[0m.
[[0;32m  OK  [0m] Reached target [0;1;39mBasic System[0m.
[    7.057460] memfd_create() without MFD_EXEC nor MFD_NOEXEC_SEAL, pid=252 'dbus-broker-lau'
         Starting [0;1;39mNetwork Manager[0m...
         Starting [0;1;39mNTP client/server[0m...
         Starting [0;1;39mRestore /run/initramfs on shutdown[0m...
[[0;32m  OK  [0m] Started [0;1;39mirqbalance daemon[0m.
[[0;32m  OK  [0m] Started [0;1;39mlibstoragemgmt plug-in server daemon[0m.
[[0;32m  OK  [0m] Started [0;1;39mMachine Check Exception Logging Daemon[0m.
[[0;32m  OK  [0m] Reached target [0;1;39msshd-keygen.target[0m.
[[0;32m  OK  [0m] Reached target [0;1;39mUser and Group Name Lookups[0m.
         Starting [0;1;39mUser Login Management[0m...
         Starting [0;1;39mVirtual Machine a…tainer Registration Service[0m...
         Starting [0;1;39mupdate of the roo…NSSEC validation in unbound[0m...
         Starting [0;1;39mRotate log files[0m...
[[0;32m  OK  [0m] Started [0;1;39mUpdate a database for mlocate[0m.
[[0;32m  OK  [0m] Finished [0;1;39mRestore /run/initramfs on shutdown[0m.
[[0;32m  OK  [0m] Started [0;1;39mVirtual Machine an…ontainer Registration Service[0m.
[[0;32m  OK  [0m] Started [0;1;39mNTP client/server[0m.
         Starting [0;1;39mHostname Service[0m...
[[0;32m  OK  [0m] Started [0;1;39mUser Login Management[0m.
[[0;32m  OK  [0m] Finished [0;1;39mupdate of the roo… DNSSEC validation in unbound[0m.
[[0;32m  OK  [0m] Finished [0;1;39mRotate log files[0m.
[[0;32m  OK  [0m] Started [0;1;39mHostname Service[0m.
         Starting [0;1;39mNetwork Manager Script Dispatcher Service[0m...
[[0;32m  OK  [0m] Started [0;1;39mNetwork Manager Script Dispatcher Service[0m.
[    7.786561] e1000: eth0 NIC Link is Up 1000 Mbps Full Duplex, Flow Control: RX
[    7.787307] IPv6: ADDRCONF(NETDEV_CHANGE): eth0: link becomes ready
[[0;32m  OK  [0m] Started [0;1;39mNetwork Manager[0m.
[[0;32m  OK  [0m] Reached target [0;1;39mNetwork[0m.
[[0;32m  OK  [0m] Reached target [0;1;39mNetwork is Online[0m.
         Starting [0;1;39mGSSAPI Proxy Daemon[0m...
         Starting [0;1;39mNotify NFS peers of a restart[0m...
         Starting [0;1;39mSystem Logging Service[0m...
         Starting [0;1;39mOpenSSH server daemon[0m...
         Starting [0;1;39mDynamic System Tuning Daemon[0m...
[[0;32m  OK  [0m] Started [0;1;39mNotify NFS peers of a restart[0m.
[[0;32m  OK  [0m] Started [0;1;39mGSSAPI Proxy Daemon[0m.
[[0;32m  OK  [0m] Reached target [0;1;39mNFS client services[0m.
[[0;32m  OK  [0m] Reached target [0;1;39mPreparation for Remote File Systems[0m.
[[0;32m  OK  [0m] Reached target [0;1;39mRemote File Systems[0m.
         Starting [0;1;39mPermit User Sessions[0m...
         Starting [0;1;39mVirtualization qemu daemon[0m...
[[0;32m  OK  [0m] Started [0;1;39mOpenSSH server daemon[0m.
[[0;32m  OK  [0m] Finished [0;1;39mPermit User Sessions[0m.
[[0;32m  OK  [0m] Started [0;1;39mDeferred execution scheduler[0m.
[[0;32m  OK  [0m] Started [0;1;39mCommand Scheduler[0m.
         Starting [0;1;39mHold until boot process finishes up[0m...
         Starting [0;1;39mTerminate Plymouth Boot Screen[0m...
[[0;32m  OK  [0m] Started [0;1;39mSystem Logging Service[0m.
[[0;32m  OK  [0m] Finished [0;1;39mHold until boot process finishes up[0m.
[[0;32m  OK  [0m] Started [0;1;39mGetty on tty1[0m.
[[0;32m  OK  [0m] Started [0;1;39mSerial Getty on ttyS0[0m.
[[0;32m  OK  [0m] Reached target [0;1;39mLogin Prompts[0m.
[[0;32m  OK  [0m] Started [0;1;39mVirtualization qemu daemon[0m.
[[0;32m  OK  [0m] Finished [0;1;39mTerminate Plymouth Boot Screen[0m.
         Starting [0;1;39mAuthorization Manager[0m...
[[0;32m  OK  [0m] Started [0;1;39mAuthorization Manager[0m.
[[0;32m  OK  [0m] Started [0;1;39mDynamic System Tuning Daemon[0m.
[[0;32m  OK  [0m] Reached target [0;1;39mMulti-User System[0m.
         Starting [0;1;39mRecord Runlevel Change in UTMP[0m...
[[0;32m  OK  [0m] Finished [0;1;39mRecord Runlevel Change in UTMP[0m.

CentOS Stream 9
Kernel 6.3.0-rc3-5a796d5cb5d1+ on an x86_64

Activate the web console with: systemctl enable --now cockpit.socket

test login: [   18.430496] hrtimer: interrupt took 11837 ns
