c[?7l[2J[0mSeaBIOS (version rel-1.16.0-0-gd239552ce722-prebuilt.qemu.org)


iPXE (http://ipxe.org) 00:03.0 CA00 PCI2.10 PnP PMM+7FF91000+7FEF1000 CA00
Press Ctrl-B to configure iPXE (PCI 00:03.0)...                                                                               


Booting from ROM...
c[?7l[2J[    0.000000] Linux version 6.10.0-14e826db5cbf+ (root@p-mtlp04) (gcc (GCC) 11.4.1 20231218 (Red Hat 11.4.1-3), GNU ld version 2.35.2-48.el9) #1 SMP PREEMPT_DYNAMIC Tue Jul 16 00:20:32 CST 2024
[    0.000000] Command line: console=ttyS0 root=/dev/sda earlyprintk=serial net.ifnames=0 plymouth.enable=0
[    0.000000] KERNEL supported cpus:
[    0.000000]   Intel GenuineIntel
[    0.000000]   AMD AuthenticAMD
[    0.000000]   Hygon HygonGenuine
[    0.000000]   Centaur CentaurHauls
[    0.000000]   zhaoxin   Shanghai  
[    0.000000] x86/split lock detection: #DB: warning on user-space bus_locks
[    0.000000] BIOS-provided physical RAM map:
[    0.000000] BIOS-e820: [mem 0x0000000000000000-0x000000000009fbff] usable
[    0.000000] BIOS-e820: [mem 0x000000000009fc00-0x000000000009ffff] reserved
[    0.000000] BIOS-e820: [mem 0x00000000000f0000-0x00000000000fffff] reserved
[    0.000000] BIOS-e820: [mem 0x0000000000100000-0x000000007ffdffff] usable
[    0.000000] BIOS-e820: [mem 0x000000007ffe0000-0x000000007fffffff] reserved
[    0.000000] BIOS-e820: [mem 0x00000000feffc000-0x00000000feffffff] reserved
[    0.000000] BIOS-e820: [mem 0x00000000fffc0000-0x00000000ffffffff] reserved
[    0.000000] printk: legacy bootconsole [earlyser0] enabled
[    0.000000] NX (Execute Disable) protection: active
[    0.000000] APIC: Static calls initialized
[    0.000000] SMBIOS 2.8 present.
[    0.000000] DMI: QEMU Standard PC (i440FX + PIIX, 1996), BIOS rel-1.16.0-0-gd239552ce722-prebuilt.qemu.org 04/01/2014
[    0.000000] DMI: Memory slots populated: 1/1
[    0.000000] Hypervisor detected: KVM
[    0.000000] kvm-clock: Using msrs 4b564d01 and 4b564d00
[    0.000003] kvm-clock: using sched offset of 982937450 cycles
[    0.000531] clocksource: kvm-clock: mask: 0xffffffffffffffff max_cycles: 0x1cd42e4dffb, max_idle_ns: 881590591483 ns
[    0.002157] tsc: Detected 2995.200 MHz processor
[    0.011248] last_pfn = 0x7ffe0 max_arch_pfn = 0x400000000
[    0.011826] MTRR map: 4 entries (3 fixed + 1 variable; max 19), built from 8 variable MTRRs
[    0.012668] x86/PAT: Configuration [0-7]: WB  WC  UC- UC  WB  WP  UC- WT  
[    0.025568] found SMP MP-table at [mem 0x000f5ba0-0x000f5baf]
[    0.026189] Using GB pages for direct mapping
[    0.029774] ACPI: Early table checksum verification disabled
[    0.030346] ACPI: RSDP 0x00000000000F59C0 000014 (v00 BOCHS )
[    0.030936] ACPI: RSDT 0x000000007FFE1951 000034 (v01 BOCHS  BXPC     00000001 BXPC 00000001)
[    0.031804] ACPI: FACP 0x000000007FFE17FD 000074 (v01 BOCHS  BXPC     00000001 BXPC 00000001)
[    0.032681] ACPI: DSDT 0x000000007FFE0040 0017BD (v01 BOCHS  BXPC     00000001 BXPC 00000001)
[    0.033543] ACPI: FACS 0x000000007FFE0000 000040
[    0.034021] ACPI: APIC 0x000000007FFE1871 000080 (v01 BOCHS  BXPC     00000001 BXPC 00000001)
[    0.034886] ACPI: HPET 0x000000007FFE18F1 000038 (v01 BOCHS  BXPC     00000001 BXPC 00000001)
[    0.035748] ACPI: WAET 0x000000007FFE1929 000028 (v01 BOCHS  BXPC     00000001 BXPC 00000001)
[    0.036622] ACPI: Reserving FACP table memory at [mem 0x7ffe17fd-0x7ffe1870]
[    0.037325] ACPI: Reserving DSDT table memory at [mem 0x7ffe0040-0x7ffe17fc]
[    0.038026] ACPI: Reserving FACS table memory at [mem 0x7ffe0000-0x7ffe003f]
[    0.038727] ACPI: Reserving APIC table memory at [mem 0x7ffe1871-0x7ffe18f0]
[    0.039431] ACPI: Reserving HPET table memory at [mem 0x7ffe18f1-0x7ffe1928]
[    0.040140] ACPI: Reserving WAET table memory at [mem 0x7ffe1929-0x7ffe1950]
[    0.041430] No NUMA configuration found
[    0.041819] Faking a node at [mem 0x0000000000000000-0x000000007ffdffff]
[    0.042519] NODE_DATA(0) allocated [mem 0x7ffb4e00-0x7ffdfdff]
[    0.045129] Zone ranges:
[    0.045396]   DMA      [mem 0x0000000000001000-0x0000000000ffffff]
[    0.046013]   DMA32    [mem 0x0000000001000000-0x000000007ffdffff]
[    0.046642]   Normal   empty
[    0.046948]   Device   empty
[    0.047252] Movable zone start for each node
[    0.047694] Early memory node ranges
[    0.048061]   node   0: [mem 0x0000000000001000-0x000000000009efff]
[    0.048702]   node   0: [mem 0x0000000000100000-0x000000007ffdffff]
[    0.049331] Initmem setup node 0 [mem 0x0000000000001000-0x000000007ffdffff]
[    0.051024] On node 0, zone DMA: 1 pages in unavailable ranges
[    0.052024] On node 0, zone DMA: 97 pages in unavailable ranges
[    0.127508] On node 0, zone DMA32: 32 pages in unavailable ranges
[    0.436250] kasan: KernelAddressSanitizer initialized
[    0.437079] ACPI: PM-Timer IO Port: 0x608
[    0.437518] ACPI: LAPIC_NMI (acpi_id[0xff] dfl dfl lint[0x1])
[    0.438159] IOAPIC[0]: apic_id 0, version 17, address 0xfec00000, GSI 0-23
[    0.438862] ACPI: INT_SRC_OVR (bus 0 bus_irq 0 global_irq 2 dfl dfl)
[    0.439481] ACPI: INT_SRC_OVR (bus 0 bus_irq 5 global_irq 5 high level)
[    0.440140] ACPI: INT_SRC_OVR (bus 0 bus_irq 9 global_irq 9 high level)
[    0.440778] ACPI: INT_SRC_OVR (bus 0 bus_irq 10 global_irq 10 high level)
[    0.441433] ACPI: INT_SRC_OVR (bus 0 bus_irq 11 global_irq 11 high level)
[    0.442102] ACPI: Using ACPI (MADT) for SMP configuration information
[    0.442730] ACPI: HPET id: 0x8086a201 base: 0xfed00000
[    0.443267] TSC deadline timer available
[    0.443673] CPU topo: Max. logical packages:   1
[    0.444152] CPU topo: Max. logical dies:       1
[    0.444622] CPU topo: Max. dies per package:   1
[    0.445090] CPU topo: Max. threads per core:   1
[    0.445537] CPU topo: Num. cores per package:     2
[    0.446010] CPU topo: Num. threads per package:   2
[    0.446472] CPU topo: Allowing 2 present CPUs plus 0 hotplug CPUs
[    0.447126] kvm-guest: APIC: eoi() replaced with kvm_guest_apic_eoi_write()
[    0.447841] kvm-guest: KVM setup pv remote TLB flush
[    0.448331] kvm-guest: setup PV sched yield
[    0.448807] PM: hibernation: Registered nosave memory: [mem 0x00000000-0x00000fff]
[    0.449560] PM: hibernation: Registered nosave memory: [mem 0x0009f000-0x0009ffff]
[    0.450317] PM: hibernation: Registered nosave memory: [mem 0x000a0000-0x000effff]
[    0.451050] PM: hibernation: Registered nosave memory: [mem 0x000f0000-0x000fffff]
[    0.451768] [mem 0x80000000-0xfeffbfff] available for PCI devices
[    0.452350] Booting paravirtualized kernel on KVM
[    0.452806] clocksource: refined-jiffies: mask: 0xffffffff max_cycles: 0xffffffff, max_idle_ns: 7645519600211568 ns
[    0.453824] setup_percpu: NR_CPUS:8192 nr_cpumask_bits:2 nr_cpu_ids:2 nr_node_ids:1
[    0.456275] percpu: Embedded 85 pages/cpu s311296 r8192 d28672 u1048576
[    0.457101] kvm-guest: PV spinlocks enabled
[    0.457518] PV qspinlock hash table entries: 256 (order: 0, 4096 bytes, linear)
[    0.458254] Kernel command line: net.ifnames=0 console=ttyS0 root=/dev/sda earlyprintk=serial net.ifnames=0 plymouth.enable=0
[    0.459698] random: crng init done
[    0.461572] Dentry cache hash table entries: 262144 (order: 9, 2097152 bytes, linear)
[    0.463301] Inode-cache hash table entries: 131072 (order: 8, 1048576 bytes, linear)
[    0.464430] Fallback order for Node 0: 0 
[    0.464444] Built 1 zonelists, mobility grouping on.  Total pages: 524158
[    0.465468] Policy zone: DMA32
[    0.465768] mem auto-init: stack:off, heap alloc:off, heap free:off
[    0.466381] stackdepot: allocating hash table via alloc_large_system_hash
[    0.467044] stackdepot hash table entries: 1048576 (order: 12, 16777216 bytes, linear)
[    0.573336] SLUB: HWalign=64, Order=0-3, MinObjects=0, CPUs=2, Nodes=1
[    0.573974] kmemleak: Kernel memory leak detector disabled
[    0.574716] ftrace: allocating 72113 entries in 282 pages
[    0.605262] ftrace: allocated 282 pages with 4 groups
[    0.610692] Dynamic Preempt: voluntary
[    0.611936] Running RCU self tests
[    0.612265] Running RCU synchronous self tests
[    0.612694] rcu: Preemptible hierarchical RCU implementation.
[    0.613226] rcu: 	RCU lockdep checking is enabled.
[    0.613672] rcu: 	RCU restricting CPUs from NR_CPUS=8192 to nr_cpu_ids=2.
[    0.614321] 	Trampoline variant of Tasks RCU enabled.
[    0.614802] 	Rude variant of Tasks RCU enabled.
[    0.615236] 	Tracing variant of Tasks RCU enabled.
[    0.615693] rcu: RCU calculated value of scheduler-enlistment delay is 25 jiffies.
[    0.616415] rcu: Adjusting geometry for rcu_fanout_leaf=16, nr_cpu_ids=2
[    0.617141] Running RCU synchronous self tests
[    0.617571] RCU Tasks: Setting shift to 1 and lim to 1 rcu_task_cb_adjust=1.
[    0.618260] RCU Tasks Rude: Setting shift to 1 and lim to 1 rcu_task_cb_adjust=1.
[    0.618977] RCU Tasks Trace: Setting shift to 1 and lim to 1 rcu_task_cb_adjust=1.
[    0.675240] NR_IRQS: 524544, nr_irqs: 440, preallocated irqs: 16
[    0.676743] rcu: srcu_init: Setting srcu_struct sizes based on contention.
[    0.686355] Console: colour VGA+ 80x25
[    0.686805] printk: legacy console [ttyS0] enabled
[    0.686805] printk: legacy console [ttyS0] enabled
[    0.687708] printk: legacy bootconsole [earlyser0] disabled
[    0.687708] printk: legacy bootconsole [earlyser0] disabled
[    0.688779] Lock dependency validator: Copyright (c) 2006 Red Hat, Inc., Ingo Molnar
[    0.689516] ... MAX_LOCKDEP_SUBCLASSES:  8
[    0.689931] ... MAX_LOCK_DEPTH:          48
[    0.690352] ... MAX_LOCKDEP_KEYS:        8192
[    0.690789] ... CLASSHASH_SIZE:          4096
[    0.691228] ... MAX_LOCKDEP_ENTRIES:     524288
[    0.691692] ... MAX_LOCKDEP_CHAINS:      524288
[    0.692163] ... CHAINHASH_SIZE:          262144
[    0.692606]  memory used by lock dependency info: 54145 kB
[    0.693127]  memory used for stack traces: 4224 kB
[    0.693587]  per task-struct memory footprint: 1920 bytes
[    0.694260] ACPI: Core revision 20240322
[    0.695415] clocksource: hpet: mask: 0xffffffff max_cycles: 0xffffffff, max_idle_ns: 19112604467 ns
[    0.696581] APIC: Switch to symmetric I/O mode setup
[    0.697244] x2apic enabled
[    0.697963] APIC: Switched APIC routing to: physical x2apic
[    0.698495] kvm-guest: APIC: send_IPI_mask() replaced with kvm_send_ipi_mask()
[    0.699180] kvm-guest: APIC: send_IPI_mask_allbutself() replaced with kvm_send_ipi_mask_allbutself()
[    0.700027] kvm-guest: setup PV IPIs
[    0.701831] ..TIMER: vector=0x30 apic1=0 pin1=2 apic2=-1 pin2=-1
[    0.702428] clocksource: tsc-early: mask: 0xffffffffffffffff max_cycles: 0x2b2c8ec87c7, max_idle_ns: 440795278598 ns
[    0.703431] Calibrating delay loop (skipped) preset value.. 5990.40 BogoMIPS (lpj=11980800)
[    0.704350] x86/cpu: User Mode Instruction Prevention (UMIP) activated
[    0.707598] Last level iTLB entries: 4KB 0, 2MB 0, 4MB 0
[    0.708095] Last level dTLB entries: 4KB 0, 2MB 0, 4MB 0, 1GB 0
[    0.708664] Spectre V1 : Mitigation: usercopy/swapgs barriers and __user pointer sanitization
[    0.709441] Spectre V2 : WARNING: Unprivileged eBPF is enabled with eIBRS on, data leaks possible via Spectre v2 BHB attacks!
[    0.710468] Spectre V2 : Spectre BHI mitigation: SW BHB clearing on syscall and VM exit
[    0.711420] Spectre V2 : Mitigation: Enhanced / Automatic IBRS
[    0.712006] Spectre V2 : Spectre v2 / SpectreRSB mitigation: Filling RSB on context switch
[    0.712829] Spectre V2 : Spectre v2 / PBRSB-eIBRS: Retire a single CALL on VMEXIT
[    0.713584] Spectre V2 : mitigation: Enabling conditional Indirect Branch Prediction Barrier
[    0.714379] Speculative Store Bypass: Mitigation: Speculative Store Bypass disabled via prctl
[    0.715420] MMIO Stale Data: Unknown: No mitigations
[    0.715939] x86/fpu: Supporting XSAVE feature 0x001: 'x87 floating point registers'
[    0.716669] x86/fpu: Supporting XSAVE feature 0x002: 'SSE registers'
[    0.717273] x86/fpu: Supporting XSAVE feature 0x004: 'AVX registers'
[    0.717878] x86/fpu: Supporting XSAVE feature 0x200: 'Protection Keys User registers'
[    0.718624] x86/fpu: xstate_offset[2]:  576, xstate_sizes[2]:  256
[    0.719420] x86/fpu: xstate_offset[9]:  832, xstate_sizes[9]:    8
[    0.720069] x86/fpu: Enabled xstate features 0x207, context size is 840 bytes, using 'compacted' format.
[    0.885531] Freeing SMP alternatives memory: 56K
[    0.886041] pid_max: default: 32768 minimum: 301
[    0.886884] LSM: initializing lsm=capability,yama,ima,evm
[    0.887463] Yama: becoming mindful.
[    0.888334] Mount-cache hash table entries: 4096 (order: 3, 32768 bytes, linear)
[    0.889056] Mountpoint-cache hash table entries: 4096 (order: 3, 32768 bytes, linear)
[    0.893227] Running RCU synchronous self tests
[    0.893662] Running RCU synchronous self tests
[    0.894678] smpboot: CPU0: Intel(R) Core(TM) Ultra 7 155H (family: 0x6, model: 0xaa, stepping: 0x4)
[    0.895410] Running RCU Tasks wait API self tests
[    0.895410] Running RCU Tasks Rude wait API self tests
[    0.895410] Running RCU Tasks Trace wait API self tests
[    0.895503] Performance Events: unsupported p6 CPU model 170 no PMU driver, software events only.
[    0.896469] signal: max sigframe size: 3632
[    0.897132] rcu: Hierarchical SRCU implementation.
[    0.897625] rcu: 	Max phase no-delay instances is 1000.
[    0.902960] NMI watchdog: Perf NMI watchdog permanently disabled
[    0.903477] Callback from call_rcu_tasks_trace() invoked.
[    0.904372] smp: Bringing up secondary CPUs ...
[    0.905996] smpboot: x86: Booting SMP configuration:
[    0.906515] .... node  #0, CPUs:      #1
[    0.908708] smp: Brought up 1 node, 2 CPUs
[    0.908708] smpboot: Total of 2 processors activated (11980.80 BogoMIPS)
[    0.912316] Memory: 1556824K/2096632K available (75776K kernel code, 14463K rwdata, 17196K rodata, 15352K init, 68196K bss, 532604K reserved, 0K cma-reserved)
[    0.915450] devtmpfs: initialized
[    0.916457] x86/mm: Memory block size: 128MB
[    0.932629] Running RCU synchronous self tests
[    0.933532] Running RCU synchronous self tests
[    0.934428] clocksource: jiffies: mask: 0xffffffff max_cycles: 0xffffffff, max_idle_ns: 7645041785100000 ns
[    0.935445] futex hash table entries: 512 (order: 4, 65536 bytes, linear)
[    0.937844] pinctrl core: initialized pinctrl subsystem
[    0.940502] 
[    0.940807] *************************************************************
[    0.942028] **     NOTICE NOTICE NOTICE NOTICE NOTICE NOTICE NOTICE    **
[    0.943275] **                                                         **
[    0.943423] **  IOMMU DebugFS SUPPORT HAS BEEN ENABLED IN THIS KERNEL  **
[    0.944640] **                                                         **
[    0.945850] ** This means that this kernel is built to expose internal **
[    0.947059] ** IOMMU data structures, which may compromise security on **
[    0.947421] ** your system.                                            **
[    0.948632] **                                                         **
[    0.949839] ** If you see this message and you are not debugging the   **
[    0.951047] ** kernel, report this immediately to your vendor!         **
[    0.955422] **                                                         **
[    0.956641] **     NOTICE NOTICE NOTICE NOTICE NOTICE NOTICE NOTICE    **
[    0.957850] *************************************************************
[    0.959215] PM: RTC time: 16:25:37, date: 2024-07-15
[    0.966527] NET: Registered PF_NETLINK/PF_ROUTE protocol family
[    0.970223] DMA: preallocated 256 KiB GFP_KERNEL pool for atomic allocations
[    0.971351] DMA: preallocated 256 KiB GFP_KERNEL|GFP_DMA pool for atomic allocations
[    0.971471] DMA: preallocated 256 KiB GFP_KERNEL|GFP_DMA32 pool for atomic allocations
[    0.972877] audit: initializing netlink subsys (disabled)
[    0.975584] audit: type=2000 audit(1721060738.165:1): state=initialized audit_enabled=0 res=1
[    0.978627] thermal_sys: Registered thermal governor 'fair_share'
[    0.978638] thermal_sys: Registered thermal governor 'bang_bang'
[    0.979427] thermal_sys: Registered thermal governor 'step_wise'
[    0.980040] thermal_sys: Registered thermal governor 'user_space'
[    0.980765] cpuidle: using governor ladder
[    0.980765] cpuidle: using governor menu
[    0.980765] acpiphp: ACPI Hot Plug PCI Controller Driver version: 0.5
[    0.984511] PCI: Using configuration type 1 for base access
[    0.985421] kprobes: kprobe jump-optimization is enabled. All kprobes are optimized if possible.
[    1.040634] HugeTLB: registered 1.00 GiB page size, pre-allocated 0 pages
[    1.041678] HugeTLB: 16380 KiB vmemmap can be freed for a 1.00 GiB page
[    1.042658] HugeTLB: registered 2.00 MiB page size, pre-allocated 0 pages
[    1.043423] HugeTLB: 28 KiB vmemmap can be freed for a 2.00 MiB page
[    1.119293] Callback from call_rcu_tasks_rude() invoked.
[    1.122346] ACPI: Added _OSI(Module Device)
[    1.122830] ACPI: Added _OSI(Processor Device)
[    1.123301] ACPI: Added _OSI(3.0 _SCP Extensions)
[    1.123429] ACPI: Added _OSI(Processor Aggregator Device)
[    1.162682] ACPI: 1 ACPI AML tables successfully acquired and loaded
[    1.173609] ACPI: Interpreter enabled
[    1.174286] ACPI: PM: (supports S0 S3 S4 S5)
[    1.174738] ACPI: Using IOAPIC for interrupt routing
[    1.175429] PCI: Using host bridge windows from ACPI; if necessary, use "pci=nocrs" and report a bug
[    1.176387] PCI: Using E820 reservations for host bridge windows
[    1.179628] ACPI: Enabled 2 GPEs in block 00 to 0F
[    1.265481] ACPI: PCI Root Bridge [PCI0] (domain 0000 [bus 00-ff])
[    1.266259] acpi PNP0A03:00: _OSC: OS supports [ASPM ClockPM Segments MSI EDR HPX-Type3]
[    1.267112] acpi PNP0A03:00: _OSC: not requesting OS control; OS requires [ExtendedConfig ASPM ClockPM MSI]
[    1.267834] acpi PNP0A03:00: fail to add MMCONFIG information, can't access extended configuration space under this bridge
[    1.279669] acpiphp: Slot [3] registered
[    1.280419] acpiphp: Slot [4] registered
[    1.281155] acpiphp: Slot [5] registered
[    1.281916] acpiphp: Slot [6] registered
[    1.282662] acpiphp: Slot [7] registered
[    1.283410] acpiphp: Slot [8] registered
[    1.284148] acpiphp: Slot [9] registered
[    1.284896] acpiphp: Slot [10] registered
[    1.285640] acpiphp: Slot [11] registered
[    1.286381] acpiphp: Slot [12] registered
[    1.287118] acpiphp: Slot [13] registered
[    1.287861] acpiphp: Slot [14] registered
[    1.288614] acpiphp: Slot [15] registered
[    1.289356] acpiphp: Slot [16] registered
[    1.290090] acpiphp: Slot [17] registered
[    1.290908] acpiphp: Slot [18] registered
[    1.291679] acpiphp: Slot [19] registered
[    1.292421] acpiphp: Slot [20] registered
[    1.293215] acpiphp: Slot [21] registered
[    1.294821] acpiphp: Slot [22] registered
[    1.295672] acpiphp: Slot [23] registered
[    1.296445] acpiphp: Slot [24] registered
[    1.297177] acpiphp: Slot [25] registered
[    1.297952] acpiphp: Slot [26] registered
[    1.298692] acpiphp: Slot [27] registered
[    1.299466] acpiphp: Slot [28] registered
[    1.300205] acpiphp: Slot [29] registered
[    1.300968] acpiphp: Slot [30] registered
[    1.301698] acpiphp: Slot [31] registered
[    1.302306] PCI host bridge to bus 0000:00
[    1.302900] pci_bus 0000:00: root bus resource [io  0x0000-0x0cf7 window]
[    1.303427] pci_bus 0000:00: root bus resource [io  0x0d00-0xffff window]
[    1.304141] pci_bus 0000:00: root bus resource [mem 0x000a0000-0x000bffff window]
[    1.304927] pci_bus 0000:00: root bus resource [mem 0x80000000-0xfebfffff window]
[    1.305765] pci_bus 0000:00: root bus resource [mem 0x100000000-0x17fffffff window]
[    1.306578] pci_bus 0000:00: root bus resource [bus 00-ff]
[    1.307382] pci 0000:00:00.0: [8086:1237] type 00 class 0x060000 conventional PCI endpoint
[    1.333836] pci 0000:00:01.0: [8086:7000] type 00 class 0x060100 conventional PCI endpoint
[    1.337500] pci 0000:00:01.1: [8086:7010] type 00 class 0x010180 conventional PCI endpoint
[    1.339964] pci 0000:00:01.1: BAR 4 [io  0xc040-0xc04f]
[    1.341243] pci 0000:00:01.1: BAR 0 [io  0x01f0-0x01f7]: legacy IDE quirk
[    1.341957] pci 0000:00:01.1: BAR 1 [io  0x03f6]: legacy IDE quirk
[    1.342599] pci 0000:00:01.1: BAR 2 [io  0x0170-0x0177]: legacy IDE quirk
[    1.343309] pci 0000:00:01.1: BAR 3 [io  0x0376]: legacy IDE quirk
[    1.344285] pci 0000:00:01.3: [8086:7113] type 00 class 0x068000 conventional PCI endpoint
[    1.345635] pci 0000:00:01.3: quirk: [io  0x0600-0x063f] claimed by PIIX4 ACPI
[    1.346373] pci 0000:00:01.3: quirk: [io  0x0700-0x070f] claimed by PIIX4 SMB
[    1.347914] pci 0000:00:02.0: [1234:1111] type 00 class 0x030000 conventional PCI endpoint
[    1.351966] pci 0000:00:02.0: BAR 0 [mem 0xfd000000-0xfdffffff pref]
[    1.355534] pci 0000:00:02.0: BAR 2 [mem 0xfebf0000-0xfebf0fff]
[    1.361953] pci 0000:00:02.0: ROM [mem 0xfebe0000-0xfebeffff pref]
[    1.363201] pci 0000:00:02.0: Video device with shadowed ROM at [mem 0x000c0000-0x000dffff]
[    1.390829] pci 0000:00:03.0: [8086:100e] type 00 class 0x020000 conventional PCI endpoint
[    1.392059] pci 0000:00:03.0: BAR 0 [mem 0xfebc0000-0xfebdffff]
[    1.393224] pci 0000:00:03.0: BAR 1 [io  0xc000-0xc03f]
[    1.396578] pci 0000:00:03.0: ROM [mem 0xfeb80000-0xfebbffff pref]
[    1.442841] ACPI: PCI: Interrupt link LNKA configured for IRQ 10
[    1.446004] ACPI: PCI: Interrupt link LNKB configured for IRQ 10
[    1.449125] ACPI: PCI: Interrupt link LNKC configured for IRQ 11
[    1.452165] ACPI: PCI: Interrupt link LNKD configured for IRQ 11
[    1.453817] ACPI: PCI: Interrupt link LNKS configured for IRQ 9
[    1.461235] iommu: Default domain type: Translated
[    1.461759] iommu: DMA domain TLB invalidation policy: lazy mode
[    1.467260] SCSI subsystem initialized
[    1.468482] ACPI: bus type USB registered
[    1.469235] usbcore: registered new interface driver usbfs
[    1.469966] usbcore: registered new interface driver hub
[    1.470633] usbcore: registered new device driver usb
[    1.472862] pps_core: LinuxPPS API ver. 1 registered
[    1.473448] pps_core: Software ver. 5.3.6 - Copyright 2005-2007 Rodolfo Giometti <giometti@linux.it>
[    1.474421] PTP clock support registered
[    1.475597] EDAC MC: Ver: 3.0.0
[    1.482133] NetLabel: Initializing
[    1.482508] NetLabel:  domain hash size = 128
[    1.482954] NetLabel:  protocols = UNLABELED CIPSOv4 CALIPSO
[    1.483774] NetLabel:  unlabeled traffic allowed by default
[    1.485574] PCI: Using ACPI for IRQ routing
[    1.486633] pci 0000:00:02.0: vgaarb: setting as boot VGA device
[    1.487275] pci 0000:00:02.0: vgaarb: bridge control possible
[    1.487410] pci 0000:00:02.0: vgaarb: VGA device added: decodes=io+mem,owns=io+mem,locks=none
[    1.487426] vgaarb: loaded
[    1.489151] hpet0: at MMIO 0xfed00000, IRQs 2, 8, 0
[    1.489694] hpet0: 3 comparators, 64-bit 100.000000 MHz counter
[    1.502179] clocksource: Switched to clocksource kvm-clock
[    1.503109] VFS: Disk quotas dquot_6.6.0
[    1.503597] VFS: Dquot-cache hash table entries: 512 (order 0, 4096 bytes)
[    1.510924] pnp: PnP ACPI init
[    1.519420] pnp: PnP ACPI: found 6 devices
[    1.550697] clocksource: acpi_pm: mask: 0xffffff max_cycles: 0xffffff, max_idle_ns: 2085701024 ns
[    1.555197] NET: Registered PF_INET protocol family
[    1.556550] IP idents hash table entries: 32768 (order: 6, 262144 bytes, linear)
[    1.559710] tcp_listen_portaddr_hash hash table entries: 1024 (order: 4, 73728 bytes, linear)
[    1.560676] Table-perturb hash table entries: 65536 (order: 6, 262144 bytes, linear)
[    1.561523] TCP established hash table entries: 16384 (order: 5, 131072 bytes, linear)
[    1.563218] TCP bind hash table entries: 16384 (order: 9, 2359296 bytes, linear)
[    1.566898] TCP: Hash tables configured (established 16384 bind 16384)
[    1.568168] UDP hash table entries: 1024 (order: 5, 163840 bytes, linear)
[    1.569043] UDP-Lite hash table entries: 1024 (order: 5, 163840 bytes, linear)
[    1.570503] NET: Registered PF_UNIX/PF_LOCAL protocol family
[    1.572793] RPC: Registered named UNIX socket transport module.
[    1.573433] RPC: Registered udp transport module.
[    1.573913] RPC: Registered tcp transport module.
[    1.574416] RPC: Registered tcp-with-tls transport module.
[    1.574972] RPC: Registered tcp NFSv4.1 backchannel transport module.
[    1.575668] pci_bus 0000:00: resource 4 [io  0x0000-0x0cf7 window]
[    1.576304] pci_bus 0000:00: resource 5 [io  0x0d00-0xffff window]
[    1.576937] pci_bus 0000:00: resource 6 [mem 0x000a0000-0x000bffff window]
[    1.577737] pci_bus 0000:00: resource 7 [mem 0x80000000-0xfebfffff window]
[    1.578462] pci_bus 0000:00: resource 8 [mem 0x100000000-0x17fffffff window]
[    1.579850] pci 0000:00:01.0: PIIX3: Enabling Passive Release
[    1.580477] pci 0000:00:00.0: Limiting direct PCI/PCI transfers
[    1.581213] PCI: CLS 0 bytes, default 64
[    1.582986] ACPI: bus type thunderbolt registered
[    1.584253] clocksource: tsc: mask: 0xffffffffffffffff max_cycles: 0x2b2c8ec87c7, max_idle_ns: 440795278598 ns
[    3.804880] Initialise system trusted keyrings
[    3.805546] Key type blacklist registered
[    3.806637] workingset: timestamp_bits=36 max_order=19 bucket_order=0
[    3.807328] zbud: loaded
[    3.810803] squashfs: version 4.0 (2009/01/31) Phillip Lougher
[    3.813606] NFS: Registering the id_resolver key type
[    3.814157] Key type id_resolver registered
[    3.814549] Key type id_legacy registered
[    3.815002] nfs4filelayout_init: NFSv4 File Layout Driver Registering...
[    3.815686] nfs4flexfilelayout_init: NFSv4 Flexfile Layout Driver Registering...
[    3.816827] fuse: init (API version 7.40)
[    3.818026] SGI XFS with ACLs, security attributes, realtime, quota, no debug enabled
[    3.820720] 9p: Installing v9fs 9p2000 file system support
[    3.835559] Key type asymmetric registered
[    3.835984] Asymmetric key parser 'x509' registered
[    3.836734] Block layer SCSI generic (bsg) driver version 0.4 loaded (major 243)
[    3.838003] io scheduler mq-deadline registered
[    3.838594] io scheduler bfq registered
[    3.840767] shpchp: Standard Hot Plug PCI Controller Driver version: 0.4
[    3.842734] IPMI message handler: version 39.2
[    3.843317] ipmi device interface
[    3.846687] input: Power Button as /devices/LNXSYSTM:00/LNXPWRBN:00/input/input0
[    3.848503] ACPI: button: Power Button [PWRF]
[    3.851896] ERST DBG: ERST support is disabled.
[    3.854179] Serial: 8250/16550 driver, 32 ports, IRQ sharing enabled
[    3.856843] 00:04: ttyS0 at I/O 0x3f8 (irq = 4, base_baud = 115200) is a 16550A
[    3.902291] Callback from call_rcu_tasks() invoked.
[    3.905970] Linux agpgart interface v0.103
[    3.913044] ACPI: bus type drm_connector registered
[    3.947458] brd: module loaded
[    3.971298] loop: module loaded
[    3.989743] scsi host0: ata_piix
[    3.992976] scsi host1: ata_piix
[    3.994132] ata1: PATA max MWDMA2 cmd 0x1f0 ctl 0x3f6 bmdma 0xc040 irq 14 lpm-pol 0
[    3.994906] ata2: PATA max MWDMA2 cmd 0x170 ctl 0x376 bmdma 0xc048 irq 15 lpm-pol 0
[    3.999260] tun: Universal TUN/TAP device driver, 1.6
[    4.000519] e100: Intel(R) PRO/100 Network Driver
[    4.001009] e100: Copyright(c) 1999-2006 Intel Corporation
[    4.001678] e1000: Intel(R) PRO/1000 Network Driver
[    4.002208] e1000: Copyright (c) 1999-2006 Intel Corporation.
[    4.154840] ata1: found unknown device (class 0)
[    4.156234] ata2: found unknown device (class 0)
[    4.157816] ata2.00: ATAPI: QEMU DVD-ROM, 2.5+, max UDMA/100
[    4.159197] ata1.00: ATA-7: QEMU HARDDISK, 2.5+, max UDMA/100
[    4.159916] ata1.00: 17196647 sectors, multi 16: LBA48 
[    4.162897] scsi 0:0:0:0: Direct-Access     ATA      QEMU HARDDISK    2.5+ PQ: 0 ANSI: 5
[    4.167284] sd 0:0:0:0: Attached scsi generic sg0 type 0
[    4.168416] sd 0:0:0:0: [sda] 17196647 512-byte logical blocks: (8.80 GB/8.20 GiB)
[    4.169429] sd 0:0:0:0: [sda] Write Protect is off
[    4.170046] sd 0:0:0:0: [sda] Write cache: enabled, read cache: enabled, doesn't support DPO or FUA
[    4.171321] sd 0:0:0:0: [sda] Preferred minimum I/O size 512 bytes
[    4.174082] scsi 1:0:0:0: CD-ROM            QEMU     QEMU DVD-ROM     2.5+ PQ: 0 ANSI: 5
[    4.204900] sd 1:0:0:0: Attached scsi generic sg1 type 5
[    4.206074] sd 0:0:0:0: [sda] Attached SCSI disk
[    6.347546] ACPI: \_SB_.LNKC: Enabled at IRQ 11
[    6.683591] e1000 0000:00:03.0 eth0: (PCI:33MHz:32-bit) 52:54:00:12:34:56
[    6.684399] e1000 0000:00:03.0 eth0: Intel(R) PRO/1000 Network Connection
[    6.685289] e1000e: Intel(R) PRO/1000 Network Driver
[    6.685792] e1000e: Copyright(c) 1999 - 2015 Intel Corporation.
[    6.686570] igb: Intel(R) Gigabit Ethernet Network Driver
[    6.687111] igb: Copyright (c) 2007-2014 Intel Corporation.
[    6.687995] PPP generic driver version 2.4.2
[    6.691289] VFIO - User Level meta-driver version: 0.3
[    6.696820] usbcore: registered new interface driver uas
[    6.697478] usbcore: registered new interface driver usb-storage
[    6.699067] i8042: PNP: PS/2 Controller [PNP0303:KBD,PNP0f13:MOU] at 0x60,0x64 irq 1,12
[    6.701167] serio: i8042 KBD port at 0x60,0x64 irq 1
[    6.701759] serio: i8042 AUX port at 0x60,0x64 irq 12
[    6.704462] mousedev: PS/2 mouse device common for all mice
[    6.707200] rtc_cmos 00:05: RTC can wake from S4
[    6.709926] input: AT Translated Set 2 keyboard as /devices/platform/i8042/serio0/input/input1
[    6.712242] rtc_cmos 00:05: registered as rtc0
[    6.712808] rtc_cmos 00:05: setting system clock to 2024-07-15T16:25:43 UTC (1721060743)
[    6.716358] input: VirtualPS/2 VMware VMMouse as /devices/platform/i8042/serio1/input/input4
[    6.717657] rtc_cmos 00:05: alarms up to one day, y3k, 242 bytes nvram, hpet irqs
[    6.718554] i2c_dev: i2c /dev entries driver
[    6.719193] device-mapper: core: CONFIG_IMA_DISABLE_HTABLE is disabled. Duplicate IMA measurements will not be recorded in the IMA log.
[    6.720421] device-mapper: uevent: version 1.0.3
[    6.721840] device-mapper: ioctl: 4.48.0-ioctl (2023-03-01) initialised: dm-devel@lists.linux.dev
[    6.722760] input: VirtualPS/2 VMware VMMouse as /devices/platform/i8042/serio1/input/input3
[    6.723637] intel_pstate: CPU model not supported
[    6.726046] sdhci: Secure Digital Host Controller Interface driver
[    6.727203] sdhci: Copyright(c) Pierre Ossman
[    6.728318] sdhci-pltfm: SDHCI platform and OF driver helper
[    6.729695] ledtrig-cpu: registered to indicate activity on CPUs
[    6.732138] drop_monitor: Initializing network drop monitor service
[    6.734298] NET: Registered PF_INET6 protocol family
[    6.742542] Segment Routing with IPv6
[    6.743631] In-situ OAM (IOAM) with IPv6
[    6.744574] NET: Registered PF_PACKET protocol family
[    6.746066] 9pnet: Installing 9P2000 support
[    6.746942] Key type dns_resolver registered
[    6.750921] IPI shorthand broadcast: enabled
[    6.832791] sched_clock: Marking stable (6808522227, 21979276)->(6859561394, -29059891)
[    6.835669] Timer migration: 1 hierarchy levels; 8 children per group; 1 crossnode level
[    6.844754] Timer migration setup failed
[    6.845458] registered taskstats version 1
[    6.846730] Loading compiled-in X.509 certificates
[    6.918528] Demotion targets for Node 0: null
[    6.921318] Key type .fscrypt registered
[    6.923174] Key type fscrypt-provisioning registered
[    6.933926] Key type encrypted registered
[    6.934462] ima: No TPM chip found, activating TPM-bypass!
[    6.934997] ima: Allocated hash algorithm: sha1
[    6.935550] ima: No architecture policies found
[    6.936213] evm: Initialising EVM extended attributes:
[    6.936672] evm: security.selinux
[    6.936974] evm: security.SMACK64
[    6.937275] evm: security.SMACK64EXEC
[    6.937607] evm: security.SMACK64TRANSMUTE
[    6.937974] evm: security.SMACK64MMAP
[    6.938329] evm: security.apparmor
[    6.938643] evm: security.ima
[    6.938919] evm: security.capability
[    6.939258] evm: HMAC attrs: 0x1
[    6.944340] PM:   Magic number: 0:206:439
[    6.946146] RAS: Correctable Errors collector initialized.
[    6.946979] clk: Disabling unused clocks
[    6.948981] PM: genpd: Disabling unused power domains
[    6.952455] md: Waiting for all devices to be available before autodetect
[    6.952898] md: If you don't use raid, use raid=noautodetect
[    6.953321] md: Autodetecting RAID arrays.
[    6.953610] md: autorun ...
[    6.953798] md: ... autorun DONE.
[    6.972554] EXT4-fs (sda): mounted filesystem 088740a9-c8b4-422c-999d-a804eb68a4da ro with ordered data mode. Quota mode: none.
[    6.973428] VFS: Mounted root (ext4 filesystem) readonly on device 8:0.
[    6.977765] devtmpfs: mounted
[    7.004921] Freeing unused decrypted memory: 2028K
[    7.015423] Freeing unused kernel image (initmem) memory: 15352K
[    7.015959] Write protecting the kernel read-only data: 94208k
[    7.019321] Freeing unused kernel image (rodata/data gap) memory: 1236K
[    7.097820] x86/mm: Checked W+X mappings: passed, no W+X pages found.
[    7.098362] Run /sbin/init as init process
[    7.289022] systemd[1]: systemd 252-15.el9 running in system mode (+PAM +AUDIT +SELINUX -APPARMOR +IMA +SMACK +SECCOMP +GCRYPT +GNUTLS +OPENSSL +ACL +BLKID +CURL +ELFUTILS -FIDO2 +IDN2 -IDN -IPTC +KMOD +LIBCRYPTSETUP +LIBFDISK +PCRE2 -PWQUALITY +P11KIT -QRENCODE +TPM2 +BZIP2 +LZ4 +XZ +ZLIB +ZSTD -BPF_FRAMEWORK +XKBCOMMON +UTMP +SYSVINIT default-hierarchy=unified)
[    7.291068] systemd[1]: Detected virtualization kvm.
[    7.291412] systemd[1]: Detected architecture x86-64.

Welcome to [0;31mCentOS Stream 9[0m!

[    7.296962] systemd[1]: Hostname set to <test>.
[    7.646271] systemd-rc-local-generator[125]: /etc/rc.d/rc.local is not marked executable, skipping.
[    8.060776] systemd[1]: Queued start job for default target Multi-User System.
[    8.086298] systemd[1]: Created slice Virtual Machine and Container Slice.
[[0;32m  OK  [0m] Created slice [0;1;39mVirtual Machine and Container Slice[0m.
[    8.092992] systemd[1]: Created slice Slice /system/getty.
[[0;32m  OK  [0m] Created slice [0;1;39mSlice /system/getty[0m.
[    8.096614] systemd[1]: Created slice Slice /system/modprobe.
[[0;32m  OK  [0m] Created slice [0;1;39mSlice /system/modprobe[0m.
[    8.100253] systemd[1]: Created slice Slice /system/serial-getty.
[[0;32m  OK  [0m] Created slice [0;1;39mSlice /system/serial-getty[0m.
[    8.104046] systemd[1]: Created slice Slice /system/sshd-keygen.
[[0;32m  OK  [0m] Created slice [0;1;39mSlice /system/sshd-keygen[0m.
[    8.107854] systemd[1]: Created slice User and Session Slice.
[[0;32m  OK  [0m] Created slice [0;1;39mUser and Session Slice[0m.
[    8.109430] systemd[1]: Started Forward Password Requests to Wall Directory Watch.
[[0;32m  OK  [0m] Started [0;1;39mForward Password R…uests to Wall Directory Watch[0m.
[    8.112251] systemd[1]: Set up automount Arbitrary Executable File Formats File System Automount Point.
[[0;32m  OK  [0m] Set up automount [0;1;39mArbitrary…s File System Automount Point[0m.
[    8.113752] systemd[1]: Reached target Local Integrity Protected Volumes.
[[0;32m  OK  [0m] Reached target [0;1;39mLocal Integrity Protected Volumes[0m.
[    8.115025] systemd[1]: Reached target Slice Units.
[[0;32m  OK  [0m] Reached target [0;1;39mSlice Units[0m.
[    8.116034] systemd[1]: Reached target Swaps.
[[0;32m  OK  [0m] Reached target [0;1;39mSwaps[0m.
[    8.116926] systemd[1]: Reached target Local Verity Protected Volumes.
[[0;32m  OK  [0m] Reached target [0;1;39mLocal Verity Protected Volumes[0m.
[    8.118667] systemd[1]: Listening on Device-mapper event daemon FIFOs.
[[0;32m  OK  [0m] Listening on [0;1;39mDevice-mapper event daemon FIFOs[0m.
[    8.121184] systemd[1]: Listening on LVM2 poll daemon socket.
[[0;32m  OK  [0m] Listening on [0;1;39mLVM2 poll daemon socket[0m.
[    8.122658] systemd[1]: multipathd control socket was skipped because of an unmet condition check (ConditionPathExists=/etc/multipath.conf).
[    8.205065] systemd[1]: Listening on RPCbind Server Activation Socket.
[[0;32m  OK  [0m] Listening on [0;1;39mRPCbind Server Activation Socket[0m.
[    8.207946] systemd[1]: Reached target RPC Port Mapper.
[[0;32m  OK  [0m] Reached target [0;1;39mRPC Port Mapper[0m.
[    8.213277] systemd[1]: Listening on Process Core Dump Socket.
[[0;32m  OK  [0m] Listening on [0;1;39mProcess Core Dump Socket[0m.
[    8.216373] systemd[1]: Listening on initctl Compatibility Named Pipe.
[[0;32m  OK  [0m] Listening on [0;1;39minitctl Compatibility Named Pipe[0m.
[    8.219706] systemd[1]: Listening on Journal Socket (/dev/log).
[[0;32m  OK  [0m] Listening on [0;1;39mJournal Socket (/dev/log)[0m.
[    8.222656] systemd[1]: Listening on Journal Socket.
[[0;32m  OK  [0m] Listening on [0;1;39mJournal Socket[0m.
[    8.225614] systemd[1]: Listening on udev Control Socket.
[[0;32m  OK  [0m] Listening on [0;1;39mudev Control Socket[0m.
[    8.228312] systemd[1]: Listening on udev Kernel Socket.
[[0;32m  OK  [0m] Listening on [0;1;39mudev Kernel Socket[0m.
[    8.258602] systemd[1]: Mounting Huge Pages File System...
         Mounting [0;1;39mHuge Pages File System[0m...
[    8.271892] systemd[1]: Mounting POSIX Message Queue File System...
         Mounting [0;1;39mPOSIX Message Queue File System[0m...
[    8.307776] systemd[1]: Mounting Kernel Debug File System...
         Mounting [0;1;39mKernel Debug File System[0m...
[    8.318239] systemd[1]: Mounting Kernel Trace File System...
         Mounting [0;1;39mKernel Trace File System[0m...
[    8.322233] systemd[1]: Kernel Module supporting RPCSEC_GSS was skipped because of an unmet condition check (ConditionPathExists=/etc/krb5.keytab).
[    8.323285] systemd[1]: Create List of Static Device Nodes was skipped because of an unmet condition check (ConditionFileNotEmpty=/lib/modules/6.10.0-14e826db5cbf+/modules.devname).
[    8.333017] systemd[1]: Starting Monitoring of LVM2 mirrors, snapshots etc. using dmeventd or progress polling...
         Starting [0;1;39mMonitoring of LVM…meventd or progress polling[0m...
[    8.343591] systemd[1]: Starting Load Kernel Module configfs...
         Starting [0;1;39mLoad Kernel Module configfs[0m...
[    8.353892] systemd[1]: Starting Load Kernel Module drm...
         Starting [0;1;39mLoad Kernel Module drm[0m...
[    8.390768] systemd[1]: Starting Load Kernel Module fuse...
         Starting [0;1;39mLoad Kernel Module fuse[0m...
[    8.402797] systemd[1]: Starting Read and set NIS domainname from /etc/sysconfig/network...
         Starting [0;1;39mRead and set NIS …from /etc/sysconfig/network[0m...
[    8.438715] systemd[1]: Starting Journal Service...
         Starting [0;1;39mJournal Service[0m...
[    8.461586] systemd[1]: Starting Load Kernel Modules...
         Starting [0;1;39mLoad Kernel Modules[0m...
[    8.473475] systemd[1]: Starting Generate network units from Kernel command line...
         Starting [0;1;39mGenerate network …ts from Kernel command line[0m...
[    8.494812] systemd[1]: Starting Remount Root and Kernel File Systems...
         Starting [0;1;39mRemount Root and Kernel File Systems[0m...
[    8.498962] systemd[1]: Repartition Root Disk was skipped because no trigger condition checks were met.
[    8.542897] systemd[1]: Starting Coldplug All udev Devices...
         Starting [0;1;39mColdplug All udev Devices[0m...
[    8.586927] systemd[1]: Mounted Huge Pages File System.
[[0;32m  OK  [0m] Mounted [0;1;39mHuge Pages File System[0m.
[    8.588983] systemd[1]: Mounted POSIX Message Queue File System.
[[0;32m  OK  [0m] Mounted [0;1;39mPOSIX Message Queue File System[0m.
[    8.595095] systemd[1]: Mounted Kernel Debug File System.
[[0;32m  OK  [0m] Mounted [0;1;39mKernel Debug File System[0m.
[    8.599147] systemd[1]: Mounted Kernel Trace File System.
[[0;32m  OK  [0m] Mounted [0;1;39mKernel Trace File System[0m.
[    8.608778] systemd[1]: Finished Monitoring of LVM2 mirrors, snapshots etc. using dmeventd or progress polling.
[[0;32m  OK  [0m] Finished [0;1;39mMonitoring of LVM… dmeventd or progress polling[0m.
[    8.612824] systemd[1]: modprobe@configfs.service: Deactivated successfully.
[    8.619085] systemd[1]: Finished Load Kernel Module configfs.
[[0;32m  OK  [0m] Finished [0;1;39mLoad Kernel Module configfs[0m.
[    8.632063] systemd[1]: modprobe@drm.service: Deactivated successfully.
[    8.642271] systemd[1]: Finished Load Kernel Module drm.
[[0;32m  OK  [0m] Finished [0;1;39mLoad Kernel Module drm[0m.
[    8.648138] systemd[1]: modprobe@fuse.service: Deactivated successfully.
[    8.660289] systemd[1]: Finished Load Kernel Module fuse.
[[0;32m  OK  [0m] Finished [0;1;39mLoad Kernel Module fuse[0m.
[    8.661544] EXT4-fs (sda): re-mounted 088740a9-c8b4-422c-999d-a804eb68a4da r/w. Quota mode: none.
[    8.682949] systemd[1]: Finished Read and set NIS domainname from /etc/sysconfig/network.
[[0;32m  OK  [0m] Finished [0;1;39mRead and set NIS …e from /etc/sysconfig/network[0m.
[    8.687672] systemd[1]: systemd-modules-load.service: Main process exited, code=exited, status=1/FAILURE
[    8.689665] systemd[1]: systemd-modules-load.service: Failed with result 'exit-code'.
[    8.698140] systemd[1]: Failed to start Load Kernel Modules.
[[0;1;31mFAILED[0m] Failed to start [0;1;39mLoad Kernel Modules[0m.
See 'systemctl status systemd-modules-load.service' for details.
[    8.706434] systemd[1]: Finished Generate network units from Kernel command line.
[[0;32m  OK  [0m] Finished [0;1;39mGenerate network units from Kernel command line[0m.
[    8.719388] systemd[1]: Finished Remount Root and Kernel File Systems.
[[0;32m  OK  [0m] Finished [0;1;39mRemount Root and Kernel File Systems[0m.
[    8.722545] systemd[1]: Reached target Preparation for Network.
[[0;32m  OK  [0m] Reached target [0;1;39mPreparation for Network[0m.
[    8.758751] systemd[1]: Mounting FUSE Control File System...
         Mounting [0;1;39mFUSE Control File System[0m...
[    8.771886] systemd[1]: Mounting Kernel Configuration File System...
         Mounting [0;1;39mKernel Configuration File System[0m...
[    8.774853] systemd[1]: Special handling of early boot iSCSI sessions was skipped because of an unmet condition check (ConditionDirectoryNotEmpty=/sys/class/iscsi_session).
[    8.776105] systemd[1]: First Boot Wizard was skipped because of an unmet condition check (ConditionFirstBoot=yes).
[    8.786412] systemd[1]: Rebuild Hardware Database was skipped because of an unmet condition check (ConditionNeedsUpdate=/etc).
[    8.871296] systemd[1]: Starting Load/Save Random Seed...
         Starting [0;1;39mLoad/Save Random Seed[0m...
[    8.886759] systemd[1]: Starting Apply Kernel Variables...
         Starting [0;1;39mApply Kernel Variables[0m...
[    8.894641] systemd[1]: Create System Users was skipped because no trigger condition checks were met.
[    8.915290] systemd[1]: Starting Create Static Device Nodes in /dev...
         Starting [0;1;39mCreate Static Device Nodes in /dev[0m...
[    8.941683] systemd[1]: Starting Setup Virtual Console...
         Starting [0;1;39mSetup Virtual Console[0m...
[    8.967633] systemd[1]: Started Journal Service.
[[0;32m  OK  [0m] Started [0;1;39mJournal Service[0m.
[[0;32m  OK  [0m] Mounted [0;1;39mFUSE Control File System[0m.
[[0;32m  OK  [0m] Mounted [0;1;39mKernel Configuration File System[0m.
         Starting [0;1;39mFlush Journal to Persistent Storage[0m...
[[0;32m  OK  [0m] Finished [0;1;39mLoad/Save Random Seed[0m.
[[0;32m  OK  [0m] Finished [0;1;39mApply Kernel Variables[0m.
[[0;32m  OK  [0m] Finished [0;1;39mCreate Static Device Nodes in /dev[0m.
[    9.200132] systemd-journald[146]: Received client request to flush runtime journal.
         Starting [0;1;39mRule-based Manage…for Device Events and Files[0m...
[[0;32m  OK  [0m] Finished [0;1;39mFlush Journal to Persistent Storage[0m.
[[0;32m  OK  [0m] Finished [0;1;39mColdplug All udev Devices[0m.
         Starting [0;1;39mWait for udev To …plete Device Initialization[0m...
[[0;32m  OK  [0m] Started [0;1;39mRule-based Manager for Device Events and Files[0m.
         Starting [0;1;39mAuto-connect to s…E devices found during boot[0m...
[[0;32m  OK  [0m] Finished [0;1;39mAuto-connect to s…VME devices found during boot[0m.
[[0;32m  OK  [0m] Finished [0;1;39mSetup Virtual Console[0m.
[[0;32m  OK  [0m] Started [0;1;39mDispatch Password …ts to Console Directory Watch[0m.
[[0;32m  OK  [0m] Reached target [0;1;39mLocal Encrypted Volumes[0m.
[[0;32m  OK  [0m] Reached target [0;1;39mPath Units[0m.
[[0;32m  OK  [0m] Found device [0;1;39m/dev/ttyS0[0m.
[[0;32m  OK  [0m] Listening on [0;1;39mLoad/Save RF …itch Status /dev/rfkill Watch[0m.
[[0;32m  OK  [0m] Finished [0;1;39mWait for udev To Complete Device Initialization[0m.
[[0;32m  OK  [0m] Reached target [0;1;39mPreparation for Local File Systems[0m.
[[0;32m  OK  [0m] Reached target [0;1;39mLocal File Systems[0m.
         Starting [0;1;39mTell Plymouth To Write Out Runtime Data[0m...
         Starting [0;1;39mAutomatic Boot Loader Update[0m...
         Starting [0;1;39mCreate Volatile Files and Directories[0m...
[[0;32m  OK  [0m] Finished [0;1;39mTell Plymouth To Write Out Runtime Data[0m.
[[0;32m  OK  [0m] Finished [0;1;39mAutomatic Boot Loader Update[0m.
[[0;32m  OK  [0m] Finished [0;1;39mCreate Volatile Files and Directories[0m.
         Mounting [0;1;39mRPC Pipe File System[0m...
         Starting [0;1;39mSecurity Auditing Service[0m...
         Starting [0;1;39mRPC Bind[0m...
[[0;32m  OK  [0m] Mounted [0;1;39mRPC Pipe File System[0m.
[[0;32m  OK  [0m] Reached target [0;1;39mrpc_pipefs.target[0m.
[[0;32m  OK  [0m] Started [0;1;39mRPC Bind[0m.
[[0;32m  OK  [0m] Started [0;1;39mSecurity Auditing Service[0m.
         Starting [0;1;39mRecord System Boot/Shutdown in UTMP[0m...
[[0;32m  OK  [0m] Finished [0;1;39mRecord System Boot/Shutdown in UTMP[0m.
[[0;32m  OK  [0m] Reached target [0;1;39mSystem Initialization[0m.
[[0;32m  OK  [0m] Started [0;1;39mDaily rotation of log files[0m.
[[0;32m  OK  [0m] Started [0;1;39mUpdates mlocate database every day[0m.
[[0;32m  OK  [0m] Started [0;1;39mDaily Cleanup of Temporary Directories[0m.
[[0;32m  OK  [0m] Started [0;1;39mdaily update of the root trust anchor for DNSSEC[0m.
[[0;32m  OK  [0m] Reached target [0;1;39mTimer Units[0m.
[[0;32m  OK  [0m] Listening on [0;1;39mD-Bus System Message Bus Socket[0m.
[[0;32m  OK  [0m] Listening on [0;1;39mOpen-iSCSI iscsid Socket[0m.
[[0;32m  OK  [0m] Listening on [0;1;39mOpen-iSCSI iscsiuio Socket[0m.
[[0;32m  OK  [0m] Listening on [0;1;39mSSSD Kerberos…ache Manager responder socket[0m.
[[0;32m  OK  [0m] Listening on [0;1;39mLibvirt interface local socket[0m.
[[0;32m  OK  [0m] Listening on [0;1;39mVirtual machine lock manager socket[0m.
[[0;32m  OK  [0m] Listening on [0;1;39mVirtual machine log manager socket[0m.
[[0;32m  OK  [0m] Listening on [0;1;39mLibvirt network local socket[0m.
[[0;32m  OK  [0m] Listening on [0;1;39mLibvirt nodedev local socket[0m.
[[0;32m  OK  [0m] Listening on [0;1;39mLibvirt nwfilter local socket[0m.
[[0;32m  OK  [0m] Listening on [0;1;39mLibvirt proxy local socket[0m.
[[0;32m  OK  [0m] Listening on [0;1;39mLibvirt qemu local socket[0m.
[[0;32m  OK  [0m] Listening on [0;1;39mLibvirt qemu admin socket[0m.
[[0;32m  OK  [0m] Listening on [0;1;39mLibvirt qemu local read-only socket[0m.
[[0;32m  OK  [0m] Listening on [0;1;39mLibvirt secret local socket[0m.
[[0;32m  OK  [0m] Listening on [0;1;39mLibvirt storage local socket[0m.
[[0;32m  OK  [0m] Reached target [0;1;39mSocket Units[0m.
         Starting [0;1;39mD-Bus System Message Bus[0m...
[[0;32m  OK  [0m] Started [0;1;39mD-Bus System Message Bus[0m.
[[0;32m  OK  [0m] Reached target [0;1;39mBasic System[0m.
         Starting [0;1;39mNetwork Manager[0m...
         Starting [0;1;39mNTP client/server[0m...
         Starting [0;1;39mRestore /run/initramfs on shutdown[0m...
[[0;32m  OK  [0m] Started [0;1;39mirqbalance daemon[0m.
[[0;32m  OK  [0m] Started [0;1;39mlibstoragemgmt plug-in server daemon[0m.
[[0;32m  OK  [0m] Started [0;1;39mMachine Check Exception Logging Daemon[0m.
[[0;32m  OK  [0m] Reached target [0;1;39msshd-keygen.target[0m.
[[0;32m  OK  [0m] Reached target [0;1;39mUser and Group Name Lookups[0m.
         Starting [0;1;39mUser Login Management[0m...
         Starting [0;1;39mVirtual Machine a…tainer Registration Service[0m...
         Starting [0;1;39mupdate of the roo…NSSEC validation in unbound[0m...
         Starting [0;1;39mRotate log files[0m...
[[0;32m  OK  [0m] Started [0;1;39mUpdate a database for mlocate[0m.
[[0;32m  OK  [0m] Finished [0;1;39mRestore /run/initramfs on shutdown[0m.
[[0;32m  OK  [0m] Started [0;1;39mVirtual Machine an…ontainer Registration Service[0m.
[[0;32m  OK  [0m] Started [0;1;39mNTP client/server[0m.
[[0;32m  OK  [0m] Started [0;1;39mUser Login Management[0m.
[[0;32m  OK  [0m] Finished [0;1;39mupdate of the roo… DNSSEC validation in unbound[0m.
         Starting [0;1;39mHostname Service[0m...
[[0;32m  OK  [0m] Finished [0;1;39mRotate log files[0m.
[[0;32m  OK  [0m] Started [0;1;39mHostname Service[0m.
         Starting [0;1;39mNetwork Manager Script Dispatcher Service[0m...
[[0;32m  OK  [0m] Started [0;1;39mNetwork Manager Script Dispatcher Service[0m.
[   14.190322] e1000: eth0 NIC Link is Up 1000 Mbps Full Duplex, Flow Control: RX
[[0;32m  OK  [0m] Started [0;1;39mNetwork Manager[0m.
[[0;32m  OK  [0m] Reached target [0;1;39mNetwork[0m.
[[0;32m  OK  [0m] Reached target [0;1;39mNetwork is Online[0m.
         Starting [0;1;39mGSSAPI Proxy Daemon[0m...
         Starting [0;1;39mNotify NFS peers of a restart[0m...
         Starting [0;1;39mSystem Logging Service[0m...
         Starting [0;1;39mOpenSSH server daemon[0m...
         Starting [0;1;39mDynamic System Tuning Daemon[0m...
[[0;32m  OK  [0m] Started [0;1;39mNotify NFS peers of a restart[0m.
[[0;32m  OK  [0m] Started [0;1;39mOpenSSH server daemon[0m.
[[0;32m  OK  [0m] Started [0;1;39mGSSAPI Proxy Daemon[0m.
[[0;32m  OK  [0m] Reached target [0;1;39mNFS client services[0m.
[[0;32m  OK  [0m] Reached target [0;1;39mPreparation for Remote File Systems[0m.
[[0;32m  OK  [0m] Reached target [0;1;39mRemote File Systems[0m.
         Starting [0;1;39mPermit User Sessions[0m...
         Starting [0;1;39mVirtualization qemu daemon[0m...
[[0;32m  OK  [0m] Started [0;1;39mSystem Logging Service[0m.
[[0;32m  OK  [0m] Finished [0;1;39mPermit User Sessions[0m.
[[0;32m  OK  [0m] Started [0;1;39mDeferred execution scheduler[0m.
[[0;32m  OK  [0m] Started [0;1;39mCommand Scheduler[0m.
         Starting [0;1;39mHold until boot process finishes up[0m...
         Starting [0;1;39mTerminate Plymouth Boot Screen[0m...
[[0;32m  OK  [0m] Started [0;1;39mVirtualization qemu daemon[0m.
[[0;32m  OK  [0m] Finished [0;1;39mHold until boot process finishes up[0m.
[[0;32m  OK  [0m] Started [0;1;39mGetty on tty1[0m.
[[0;32m  OK  [0m] Started [0;1;39mSerial Getty on ttyS0[0m.
[[0;32m  OK  [0m] Reached target [0;1;39mLogin Prompts[0m.
[[0;32m  OK  [0m] Finished [0;1;39mTerminate Plymouth Boot Screen[0m.
         Starting [0;1;39mAuthorization Manager[0m...
[[0;32m  OK  [0m] Started [0;1;39mAuthorization Manager[0m.
[[0;32m  OK  [0m] Started [0;1;39mDynamic System Tuning Daemon[0m.
[[0;32m  OK  [0m] Reached target [0;1;39mMulti-User System[0m.
         Starting [0;1;39mRecord Runlevel Change in UTMP[0m...
[[0;32m  OK  [0m] Finished [0;1;39mRecord Runlevel Change in UTMP[0m.

CentOS Stream 9
Kernel 6.10.0-14e826db5cbf+ on an x86_64

Activate the web console with: systemctl enable --now cockpit.socket

test login: [   28.235970] loop0: detected capacity change from 0 to 32768
[   28.243383] XFS (loop0): Mounting V5 Filesystem bfdc47fc-10d8-4eed-a562-11a831b3f791
[   28.266810] XFS (loop0): Ending clean mount
