c[?7l[2J[0mSeaBIOS (version rel-1.16.0-0-gd239552ce722-prebuilt.qemu.org)


iPXE (http://ipxe.org) 00:03.0 CA00 PCI2.10 PnP PMM+7FF91000+7FEF1000 CA00
Press Ctrl-B to configure iPXE (PCI 00:03.0)...                                                                               


Booting from ROM..c[?7l[2J[    0.000000] Linux version 6.10.0-rc2-2cb61f76be3b+ (root@p-mtlp04) (gcc (GCC) 11.4.1 20231218 (Red Hat 11.4.1-3), GNU ld version 2.35.2-48.el9) #1 SMP PREEMPT_DYNAMIC Tue Jul 16 03:43:40 CST 2024
[    0.000000] Command line: console=ttyS0 root=/dev/sda earlyprintk=serial net.ifnames=0 plymouth.enable=0
[    0.000000] KERNEL supported cpus:
[    0.000000]   Intel GenuineIntel
[    0.000000]   AMD AuthenticAMD
[    0.000000]   Hygon HygonGenuine
[    0.000000]   Centaur CentaurHauls
[    0.000000]   zhaoxin   Shanghai  
[    0.000000] x86/split lock detection: #DB: warning on user-space bus_locks
[    0.000000] BIOS-provided physical RAM map:
[    0.000000] BIOS-e820: [mem 0x0000000000000000-0x000000000009fbff] usable
[    0.000000] BIOS-e820: [mem 0x000000000009fc00-0x000000000009ffff] reserved
[    0.000000] BIOS-e820: [mem 0x00000000000f0000-0x00000000000fffff] reserved
[    0.000000] BIOS-e820: [mem 0x0000000000100000-0x000000007ffdffff] usable
[    0.000000] BIOS-e820: [mem 0x000000007ffe0000-0x000000007fffffff] reserved
[    0.000000] BIOS-e820: [mem 0x00000000feffc000-0x00000000feffffff] reserved
[    0.000000] BIOS-e820: [mem 0x00000000fffc0000-0x00000000ffffffff] reserved
[    0.000000] printk: legacy bootconsole [earlyser0] enabled
[    0.000000] NX (Execute Disable) protection: active
[    0.000000] APIC: Static calls initialized
[    0.000000] SMBIOS 2.8 present.
[    0.000000] DMI: QEMU Standard PC (i440FX + PIIX, 1996), BIOS rel-1.16.0-0-gd239552ce722-prebuilt.qemu.org 04/01/2014
[    0.000000] DMI: Memory slots populated: 1/1
[    0.000000] Hypervisor detected: KVM
[    0.000000] kvm-clock: Using msrs 4b564d01 and 4b564d00
[    0.000005] kvm-clock: using sched offset of 1095616286 cycles
[    0.000633] clocksource: kvm-clock: mask: 0xffffffffffffffff max_cycles: 0x1cd42e4dffb, max_idle_ns: 881590591483 ns
[    0.002613] tsc: Detected 2995.200 MHz processor
[    0.013441] last_pfn = 0x7ffe0 max_arch_pfn = 0x400000000
[    0.014140] MTRR map: 4 entries (3 fixed + 1 variable; max 19), built from 8 variable MTRRs
[    0.015143] x86/PAT: Configuration [0-7]: WB  WC  UC- UC  WB  WP  UC- WT  
[    0.029251] found SMP MP-table at [mem 0x000f5ba0-0x000f5baf]
[    0.029924] Using GB pages for direct mapping
[    0.033125] ACPI: Early table checksum verification disabled
[    0.033758] ACPI: RSDP 0x00000000000F59C0 000014 (v00 BOCHS )
[    0.034410] ACPI: RSDT 0x000000007FFE1951 000034 (v01 BOCHS  BXPC     00000001 BXPC 00000001)
[    0.035408] ACPI: FACP 0x000000007FFE17FD 000074 (v01 BOCHS  BXPC     00000001 BXPC 00000001)
[    0.036413] ACPI: DSDT 0x000000007FFE0040 0017BD (v01 BOCHS  BXPC     00000001 BXPC 00000001)
[    0.037407] ACPI: FACS 0x000000007FFE0000 000040
[    0.037955] ACPI: APIC 0x000000007FFE1871 000080 (v01 BOCHS  BXPC     00000001 BXPC 00000001)
[    0.038948] ACPI: HPET 0x000000007FFE18F1 000038 (v01 BOCHS  BXPC     00000001 BXPC 00000001)
[    0.039961] ACPI: WAET 0x000000007FFE1929 000028 (v01 BOCHS  BXPC     00000001 BXPC 00000001)
[    0.040963] ACPI: Reserving FACP table memory at [mem 0x7ffe17fd-0x7ffe1870]
[    0.041780] ACPI: Reserving DSDT table memory at [mem 0x7ffe0040-0x7ffe17fc]
[    0.042597] ACPI: Reserving FACS table memory at [mem 0x7ffe0000-0x7ffe003f]
[    0.043413] ACPI: Reserving APIC table memory at [mem 0x7ffe1871-0x7ffe18f0]
[    0.044239] ACPI: Reserving HPET table memory at [mem 0x7ffe18f1-0x7ffe1928]
[    0.045054] ACPI: Reserving WAET table memory at [mem 0x7ffe1929-0x7ffe1950]
[    0.046534] No NUMA configuration found
[    0.046984] Faking a node at [mem 0x0000000000000000-0x000000007ffdffff]
[    0.047797] NODE_DATA(0) allocated [mem 0x7ffb4e00-0x7ffdfdff]
[    0.050433] Zone ranges:
[    0.050732]   DMA      [mem 0x0000000000001000-0x0000000000ffffff]
[    0.051449]   DMA32    [mem 0x0000000001000000-0x000000007ffdffff]
[    0.052169]   Normal   empty
[    0.052510]   Device   empty
[    0.052850] Movable zone start for each node
[    0.053349] Early memory node ranges
[    0.053760]   node   0: [mem 0x0000000000001000-0x000000000009efff]
[    0.054482]   node   0: [mem 0x0000000000100000-0x000000007ffdffff]
[    0.055207] Initmem setup node 0 [mem 0x0000000000001000-0x000000007ffdffff]
[    0.056729] On node 0, zone DMA: 1 pages in unavailable ranges
[    0.057870] On node 0, zone DMA: 97 pages in unavailable ranges
[    0.137209] On node 0, zone DMA32: 32 pages in unavailable ranges
[    0.528128] kasan: KernelAddressSanitizer initialized
[    0.529117] ACPI: PM-Timer IO Port: 0x608
[    0.529643] ACPI: LAPIC_NMI (acpi_id[0xff] dfl dfl lint[0x1])
[    0.530419] IOAPIC[0]: apic_id 0, version 17, address 0xfec00000, GSI 0-23
[    0.531287] ACPI: INT_SRC_OVR (bus 0 bus_irq 0 global_irq 2 dfl dfl)
[    0.532058] ACPI: INT_SRC_OVR (bus 0 bus_irq 5 global_irq 5 high level)
[    0.532846] ACPI: INT_SRC_OVR (bus 0 bus_irq 9 global_irq 9 high level)
[    0.533642] ACPI: INT_SRC_OVR (bus 0 bus_irq 10 global_irq 10 high level)
[    0.534456] ACPI: INT_SRC_OVR (bus 0 bus_irq 11 global_irq 11 high level)
[    0.535288] ACPI: Using ACPI (MADT) for SMP configuration information
[    0.536074] ACPI: HPET id: 0x8086a201 base: 0xfed00000
[    0.536720] TSC deadline timer available
[    0.537204] CPU topo: Max. logical packages:   1
[    0.537765] CPU topo: Max. logical dies:       1
[    0.538325] CPU topo: Max. dies per package:   1
[    0.538889] CPU topo: Max. threads per core:   1
[    0.539451] CPU topo: Num. cores per package:     2
[    0.540044] CPU topo: Num. threads per package:   2
[    0.540635] CPU topo: Allowing 2 present CPUs plus 0 hotplug CPUs
[    0.541446] kvm-guest: APIC: eoi() replaced with kvm_guest_apic_eoi_write()
[    0.542319] kvm-guest: KVM setup pv remote TLB flush
[    0.542925] kvm-guest: setup PV sched yield
[    0.543500] PM: hibernation: Registered nosave memory: [mem 0x00000000-0x00000fff]
[    0.544428] PM: hibernation: Registered nosave memory: [mem 0x0009f000-0x0009ffff]
[    0.545350] PM: hibernation: Registered nosave memory: [mem 0x000a0000-0x000effff]
[    0.546260] PM: hibernation: Registered nosave memory: [mem 0x000f0000-0x000fffff]
[    0.547168] [mem 0x80000000-0xfeffbfff] available for PCI devices
[    0.547899] Booting paravirtualized kernel on KVM
[    0.548468] clocksource: refined-jiffies: mask: 0xffffffff max_cycles: 0xffffffff, max_idle_ns: 7645519600211568 ns
[    0.549731] setup_percpu: NR_CPUS:8192 nr_cpumask_bits:2 nr_cpu_ids:2 nr_node_ids:1
[    0.552861] percpu: Embedded 84 pages/cpu s307200 r8192 d28672 u1048576
[    0.553882] kvm-guest: PV spinlocks enabled
[    0.554408] PV qspinlock hash table entries: 256 (order: 0, 4096 bytes, linear)
[    0.555313] Kernel command line: net.ifnames=0 console=ttyS0 root=/dev/sda earlyprintk=serial net.ifnames=0 plymouth.enable=0
[    0.557055] random: crng init done
[    0.559430] Dentry cache hash table entries: 262144 (order: 9, 2097152 bytes, linear)
[    0.561600] Inode-cache hash table entries: 131072 (order: 8, 1048576 bytes, linear)
[    0.562938] Fallback order for Node 0: 0 
[    0.562954] Built 1 zonelists, mobility grouping on.  Total pages: 524158
[    0.564215] Policy zone: DMA32
[    0.564578] mem auto-init: stack:off, heap alloc:off, heap free:off, mlocked free:off
[    0.565481] stackdepot: allocating hash table via alloc_large_system_hash
[    0.566273] stackdepot hash table entries: 1048576 (order: 12, 16777216 bytes, linear)
[    0.662895] Memory: 1563724K/2096632K available (75776K kernel code, 14376K rwdata, 17064K rodata, 15256K init, 68380K bss, 532652K reserved, 0K cma-reserved)
[    0.666775] SLUB: HWalign=64, Order=0-3, MinObjects=0, CPUs=2, Nodes=1
[    0.667545] kmemleak: Kernel memory leak detector disabled
[    0.668527] ftrace: allocating 71614 entries in 280 pages
[    0.702137] ftrace: allocated 280 pages with 3 groups
[    0.707679] Dynamic Preempt: voluntary
[    0.709082] Running RCU self tests
[    0.709501] Running RCU synchronous self tests
[    0.710043] rcu: Preemptible hierarchical RCU implementation.
[    0.710713] rcu: 	RCU lockdep checking is enabled.
[    0.711275] rcu: 	RCU restricting CPUs from NR_CPUS=8192 to nr_cpu_ids=2.
[    0.712075] 	Trampoline variant of Tasks RCU enabled.
[    0.712666] 	Rude variant of Tasks RCU enabled.
[    0.713197] 	Tracing variant of Tasks RCU enabled.
[    0.713757] rcu: RCU calculated value of scheduler-enlistment delay is 25 jiffies.
[    0.714641] rcu: Adjusting geometry for rcu_fanout_leaf=16, nr_cpu_ids=2
[    0.715536] Running RCU synchronous self tests
[    0.716069] RCU Tasks: Setting shift to 1 and lim to 1 rcu_task_cb_adjust=1.
[    0.716902] RCU Tasks Rude: Setting shift to 1 and lim to 1 rcu_task_cb_adjust=1.
[    0.717778] RCU Tasks Trace: Setting shift to 1 and lim to 1 rcu_task_cb_adjust=1.
[    0.784355] NR_IRQS: 524544, nr_irqs: 440, preallocated irqs: 16
[    0.786062] rcu: srcu_init: Setting srcu_struct sizes based on contention.
[    0.797568] Console: colour VGA+ 80x25
[    0.798244] printk: legacy console [ttyS0] enabled
[    0.798244] printk: legacy console [ttyS0] enabled
[    0.799412] printk: legacy bootconsole [earlyser0] disabled
[    0.799412] printk: legacy bootconsole [earlyser0] disabled
[    0.800797] Lock dependency validator: Copyright (c) 2006 Red Hat, Inc., Ingo Molnar
[    0.801734] ... MAX_LOCKDEP_SUBCLASSES:  8
[    0.802239] ... MAX_LOCK_DEPTH:          48
[    0.802753] ... MAX_LOCKDEP_KEYS:        8192
[    0.803291] ... CLASSHASH_SIZE:          4096
[    0.803831] ... MAX_LOCKDEP_ENTRIES:     524288
[    0.804390] ... MAX_LOCKDEP_CHAINS:      524288
[    0.804949] ... CHAINHASH_SIZE:          262144
[    0.805508]  memory used by lock dependency info: 54145 kB
[    0.806179]  memory used for stack traces: 4224 kB
[    0.806768]  per task-struct memory footprint: 1920 bytes
[    0.807580] ACPI: Core revision 20240322
[    0.808889] clocksource: hpet: mask: 0xffffffff max_cycles: 0xffffffff, max_idle_ns: 19112604467 ns
[    0.810315] APIC: Switch to symmetric I/O mode setup
[    0.811160] x2apic enabled
[    0.812056] APIC: Switched APIC routing to: physical x2apic
[    0.812746] kvm-guest: APIC: send_IPI_mask() replaced with kvm_send_ipi_mask()
[    0.813628] kvm-guest: APIC: send_IPI_mask_allbutself() replaced with kvm_send_ipi_mask_allbutself()
[    0.814850] kvm-guest: setup PV IPIs
[    0.817034] ..TIMER: vector=0x30 apic1=0 pin1=2 apic2=-1 pin2=-1
[    0.817794] clocksource: tsc-early: mask: 0xffffffffffffffff max_cycles: 0x2b2c8ec87c7, max_idle_ns: 440795278598 ns
[    0.819146] Calibrating delay loop (skipped) preset value.. 5990.40 BogoMIPS (lpj=11980800)
[    0.820300] x86/cpu: User Mode Instruction Prevention (UMIP) activated
[    0.821215] Last level iTLB entries: 4KB 0, 2MB 0, 4MB 0
[    0.821895] Last level dTLB entries: 4KB 0, 2MB 0, 4MB 0, 1GB 0
[    0.823158] Spectre V1 : Mitigation: usercopy/swapgs barriers and __user pointer sanitization
[    0.824249] Spectre V2 : WARNING: Unprivileged eBPF is enabled with eIBRS on, data leaks possible via Spectre v2 BHB attacks!
[    0.825623] Spectre V2 : Spectre BHI mitigation: SW BHB clearing on vm exit
[    0.826490] Spectre V2 : Spectre BHI mitigation: SW BHB clearing on syscall
[    0.827132] Spectre V2 : Mitigation: Enhanced / Automatic IBRS
[    0.827839] Spectre V2 : Spectre v2 / SpectreRSB mitigation: Filling RSB on context switch
[    0.828830] Spectre V2 : Spectre v2 / PBRSB-eIBRS: Retire a single CALL on VMEXIT
[    0.829743] Spectre V2 : mitigation: Enabling conditional Indirect Branch Prediction Barrier
[    0.831138] Speculative Store Bypass: Mitigation: Speculative Store Bypass disabled via prctl
[    0.832108] MMIO Stale Data: Unknown: No mitigations
[    0.832743] x86/fpu: Supporting XSAVE feature 0x001: 'x87 floating point registers'
[    0.833637] x86/fpu: Supporting XSAVE feature 0x002: 'SSE registers'
[    0.835130] x86/fpu: Supporting XSAVE feature 0x004: 'AVX registers'
[    0.835876] x86/fpu: Supporting XSAVE feature 0x200: 'Protection Keys User registers'
[    0.836793] x86/fpu: xstate_offset[2]:  576, xstate_sizes[2]:  256
[    0.837516] x86/fpu: xstate_offset[9]:  832, xstate_sizes[9]:    8
[    0.838242] x86/fpu: Enabled xstate features 0x207, context size is 840 bytes, using 'compacted' format.
[    1.021824] Freeing SMP alternatives memory: 56K
[    1.022427] pid_max: default: 32768 minimum: 301
[    1.023386] LSM: initializing lsm=capability,yama,ima,evm
[    1.024063] Yama: becoming mindful.
[    1.025039] Mount-cache hash table entries: 4096 (order: 3, 32768 bytes, linear)
[    1.025877] Mountpoint-cache hash table entries: 4096 (order: 3, 32768 bytes, linear)
[    1.030504] Running RCU synchronous self tests
[    1.031026] Running RCU synchronous self tests
[    1.031763] smpboot: CPU0: Intel(R) Core(TM) Ultra 7 155H (family: 0x6, model: 0xaa, stepping: 0x4)
[    1.034579] Running RCU Tasks wait API self tests
[    1.135391] Running RCU Tasks Rude wait API self tests
[    1.136449] Running RCU Tasks Trace wait API self tests
[    1.137386] Performance Events: unsupported p6 CPU model 170 no PMU driver, software events only.
[    1.138794] signal: max sigframe size: 3632
[    1.139737] rcu: Hierarchical SRCU implementation.
[    1.140407] rcu: 	Max phase no-delay instances is 1000.
[    1.143270] Callback from call_rcu_tasks_trace() invoked.
[    1.147552] NMI watchdog: Perf NMI watchdog permanently disabled
[    1.148616] smp: Bringing up secondary CPUs ...
[    1.150411] smpboot: x86: Booting SMP configuration:
[    1.150995] .... node  #0, CPUs:      #1
[    1.151585] smp: Brought up 1 node, 2 CPUs
[    1.152188] smpboot: Total of 2 processors activated (11980.80 BogoMIPS)
[    1.159185] devtmpfs: initialized
[    1.160771] x86/mm: Memory block size: 128MB
[    1.180845] Running RCU synchronous self tests
[    1.182764] Running RCU synchronous self tests
[    1.183299] clocksource: jiffies: mask: 0xffffffff max_cycles: 0xffffffff, max_idle_ns: 7645041785100000 ns
[    1.187177] futex hash table entries: 512 (order: 4, 65536 bytes, linear)
[    1.190861] pinctrl core: initialized pinctrl subsystem
[    1.195203] 
[    1.195203] *************************************************************
[    1.195203] **     NOTICE NOTICE NOTICE NOTICE NOTICE NOTICE NOTICE    **
[    1.195203] **                                                         **
[    1.195203] **  IOMMU DebugFS SUPPORT HAS BEEN ENABLED IN THIS KERNEL  **
[    1.195979] **                                                         **
[    1.196821] ** This means that this kernel is built to expose internal **
[    1.197641] ** IOMMU data structures, which may compromise security on **
[    1.198452] ** your system.                                            **
[    1.199131] **                                                         **
[    1.199888] ** If you see this message and you are not debugging the   **
[    1.200633] ** kernel, report this immediately to your vendor!         **
[    1.201365] **                                                         **
[    1.202093] **     NOTICE NOTICE NOTICE NOTICE NOTICE NOTICE NOTICE    **
[    1.202829] *************************************************************
[    1.207234] PM: RTC time: 19:49:27, date: 2024-07-15
[    1.212940] NET: Registered PF_NETLINK/PF_ROUTE protocol family
[    1.215611] DMA: preallocated 256 KiB GFP_KERNEL pool for atomic allocations
[    1.216411] DMA: preallocated 256 KiB GFP_KERNEL|GFP_DMA pool for atomic allocations
[    1.217273] DMA: preallocated 256 KiB GFP_KERNEL|GFP_DMA32 pool for atomic allocations
[    1.218295] audit: initializing netlink subsys (disabled)
[    1.219351] audit: type=2000 audit(1721072967.763:1): state=initialized audit_enabled=0 res=1
[    1.223471] thermal_sys: Registered thermal governor 'fair_share'
[    1.223480] thermal_sys: Registered thermal governor 'bang_bang'
[    1.224151] thermal_sys: Registered thermal governor 'step_wise'
[    1.224796] thermal_sys: Registered thermal governor 'user_space'
[    1.225558] cpuidle: using governor ladder
[    1.225558] cpuidle: using governor menu
[    1.227610] acpiphp: ACPI Hot Plug PCI Controller Driver version: 0.5
[    1.229674] PCI: Using configuration type 1 for base access
[    1.230667] kprobes: kprobe jump-optimization is enabled. All kprobes are optimized if possible.
[    1.363737] HugeTLB: registered 1.00 GiB page size, pre-allocated 0 pages
[    1.364528] HugeTLB: 16380 KiB vmemmap can be freed for a 1.00 GiB page
[    1.365269] HugeTLB: registered 2.00 MiB page size, pre-allocated 0 pages
[    1.366017] HugeTLB: 28 KiB vmemmap can be freed for a 2.00 MiB page
[    1.367299] Callback from call_rcu_tasks_rude() invoked.
[    1.369018] Demotion targets for Node 0: null
[    1.374806] ACPI: Added _OSI(Module Device)
[    1.375156] ACPI: Added _OSI(Processor Device)
[    1.375664] ACPI: Added _OSI(3.0 _SCP Extensions)
[    1.376199] ACPI: Added _OSI(Processor Aggregator Device)
[    1.417877] ACPI: 1 ACPI AML tables successfully acquired and loaded
[    1.424424] ACPI: _OSC evaluation for CPUs failed, trying _PDC
[    1.429914] ACPI: Interpreter enabled
[    1.430584] ACPI: PM: (supports S0 S3 S4 S5)
[    1.431072] ACPI: Using IOAPIC for interrupt routing
[    1.431303] PCI: Using host bridge windows from ACPI; if necessary, use "pci=nocrs" and report a bug
[    1.432310] PCI: Using E820 reservations for host bridge windows
[    1.435536] ACPI: Enabled 2 GPEs in block 00 to 0F
[    1.523850] ACPI: PCI Root Bridge [PCI0] (domain 0000 [bus 00-ff])
[    1.524683] acpi PNP0A03:00: _OSC: OS supports [ASPM ClockPM Segments MSI EDR HPX-Type3]
[    1.525597] acpi PNP0A03:00: _OSC: not requesting OS control; OS requires [ExtendedConfig ASPM ClockPM MSI]
[    1.527101] acpi PNP0A03:00: fail to add MMCONFIG information, can't access extended configuration space under this bridge
[    1.538027] acpiphp: Slot [3] registered
[    1.538808] acpiphp: Slot [4] registered
[    1.539442] acpiphp: Slot [5] registered
[    1.540224] acpiphp: Slot [6] registered
[    1.541013] acpiphp: Slot [7] registered
[    1.541803] acpiphp: Slot [8] registered
[    1.542582] acpiphp: Slot [9] registered
[    1.543364] acpiphp: Slot [10] registered
[    1.544170] acpiphp: Slot [11] registered
[    1.544943] acpiphp: Slot [12] registered
[    1.545717] acpiphp: Slot [13] registered
[    1.546494] acpiphp: Slot [14] registered
[    1.547996] acpiphp: Slot [15] registered
[    1.548832] acpiphp: Slot [16] registered
[    1.549595] acpiphp: Slot [17] registered
[    1.550395] acpiphp: Slot [18] registered
[    1.551224] acpiphp: Slot [19] registered
[    1.551997] acpiphp: Slot [20] registered
[    1.552765] acpiphp: Slot [21] registered
[    1.553542] acpiphp: Slot [22] registered
[    1.554355] acpiphp: Slot [23] registered
[    1.555132] acpiphp: Slot [24] registered
[    1.555907] acpiphp: Slot [25] registered
[    1.556671] acpiphp: Slot [26] registered
[    1.557479] acpiphp: Slot [27] registered
[    1.558251] acpiphp: Slot [28] registered
[    1.559035] acpiphp: Slot [29] registered
[    1.559443] acpiphp: Slot [30] registered
[    1.560241] acpiphp: Slot [31] registered
[    1.560879] PCI host bridge to bus 0000:00
[    1.561358] pci_bus 0000:00: root bus resource [io  0x0000-0x0cf7 window]
[    1.562147] pci_bus 0000:00: root bus resource [io  0x0d00-0xffff window]
[    1.562921] pci_bus 0000:00: root bus resource [mem 0x000a0000-0x000bffff window]
[    1.563141] pci_bus 0000:00: root bus resource [mem 0x80000000-0xfebfffff window]
[    1.563994] pci_bus 0000:00: root bus resource [mem 0x100000000-0x17fffffff window]
[    1.564867] pci_bus 0000:00: root bus resource [bus 00-ff]
[    1.565881] pci 0000:00:00.0: [8086:1237] type 00 class 0x060000 conventional PCI endpoint
[    1.594473] pci 0000:00:01.0: [8086:7000] type 00 class 0x060100 conventional PCI endpoint
[    1.597902] pci 0000:00:01.1: [8086:7010] type 00 class 0x010180 conventional PCI endpoint
[    1.600437] pci 0000:00:01.1: BAR 4 [io  0xc040-0xc04f]
[    1.601765] pci 0000:00:01.1: BAR 0 [io  0x01f0-0x01f7]: legacy IDE quirk
[    1.602529] pci 0000:00:01.1: BAR 1 [io  0x03f6]: legacy IDE quirk
[    1.603134] pci 0000:00:01.1: BAR 2 [io  0x0170-0x0177]: legacy IDE quirk
[    1.603894] pci 0000:00:01.1: BAR 3 [io  0x0376]: legacy IDE quirk
[    1.605565] pci 0000:00:01.3: [8086:7113] type 00 class 0x068000 conventional PCI endpoint
[    1.607034] pci 0000:00:01.3: quirk: [io  0x0600-0x063f] claimed by PIIX4 ACPI
[    1.607161] pci 0000:00:01.3: quirk: [io  0x0700-0x070f] claimed by PIIX4 SMB
[    1.608876] pci 0000:00:02.0: [1234:1111] type 00 class 0x030000 conventional PCI endpoint
[    1.611857] pci 0000:00:02.0: BAR 0 [mem 0xfd000000-0xfdffffff pref]
[    1.615819] pci 0000:00:02.0: BAR 2 [mem 0xfebf0000-0xfebf0fff]
[    1.623869] pci 0000:00:02.0: ROM [mem 0xfebe0000-0xfebeffff pref]
[    1.626038] pci 0000:00:02.0: Video device with shadowed ROM at [mem 0x000c0000-0x000dffff]
[    1.666312] pci 0000:00:03.0: [8086:100e] type 00 class 0x020000 conventional PCI endpoint
[    1.669223] pci 0000:00:03.0: BAR 0 [mem 0xfebc0000-0xfebdffff]
[    1.671680] pci 0000:00:03.0: BAR 1 [io  0xc000-0xc03f]
[    1.678014] pci 0000:00:03.0: ROM [mem 0xfeb80000-0xfebbffff pref]
[    1.748567] ACPI: PCI: Interrupt link LNKA configured for IRQ 10
[    1.753718] ACPI: PCI: Interrupt link LNKB configured for IRQ 10
[    1.758646] ACPI: PCI: Interrupt link LNKC configured for IRQ 11
[    1.762584] ACPI: PCI: Interrupt link LNKD configured for IRQ 11
[    1.764566] ACPI: PCI: Interrupt link LNKS configured for IRQ 9
[    1.775175] iommu: Default domain type: Translated
[    1.776200] iommu: DMA domain TLB invalidation policy: lazy mode
[    1.785392] SCSI subsystem initialized
[    1.788020] ACPI: bus type USB registered
[    1.789373] usbcore: registered new interface driver usbfs
[    1.790787] usbcore: registered new interface driver hub
[    1.791357] usbcore: registered new device driver usb
[    1.793237] pps_core: LinuxPPS API ver. 1 registered
[    1.794261] pps_core: Software ver. 5.3.6 - Copyright 2005-2007 Rodolfo Giometti <giometti@linux.it>
[    1.799230] PTP clock support registered
[    1.801331] EDAC MC: Ver: 3.0.0
[    1.811354] NetLabel: Initializing
[    1.812112] NetLabel:  domain hash size = 128
[    1.813002] NetLabel:  protocols = UNLABELED CIPSOv4 CALIPSO
[    1.814649] NetLabel:  unlabeled traffic allowed by default
[    1.816983] PCI: Using ACPI for IRQ routing
[    1.818957] pci 0000:00:02.0: vgaarb: setting as boot VGA device
[    1.819123] pci 0000:00:02.0: vgaarb: bridge control possible
[    1.819123] pci 0000:00:02.0: vgaarb: VGA device added: decodes=io+mem,owns=io+mem,locks=none
[    1.819146] vgaarb: loaded
[    1.821444] hpet0: at MMIO 0xfed00000, IRQs 2, 8, 0
[    1.822474] hpet0: 3 comparators, 64-bit 100.000000 MHz counter
[    1.835109] clocksource: Switched to clocksource kvm-clock
[    4.195974] VFS: Disk quotas dquot_6.6.0
[    4.196525] VFS: Dquot-cache hash table entries: 512 (order 0, 4096 bytes)
[    4.199383] pnp: PnP ACPI init
[    4.206940] pnp: PnP ACPI: found 6 devices
[    4.245835] clocksource: acpi_pm: mask: 0xffffff max_cycles: 0xffffff, max_idle_ns: 2085701024 ns
[    4.250328] NET: Registered PF_INET protocol family
[    4.251680] IP idents hash table entries: 32768 (order: 6, 262144 bytes, linear)
[    4.256383] tcp_listen_portaddr_hash hash table entries: 1024 (order: 4, 73728 bytes, linear)
[    4.258139] Table-perturb hash table entries: 65536 (order: 6, 262144 bytes, linear)
[    4.259938] TCP established hash table entries: 16384 (order: 5, 131072 bytes, linear)
[    4.262409] TCP bind hash table entries: 16384 (order: 9, 2359296 bytes, linear)
[    4.265717] TCP: Hash tables configured (established 16384 bind 16384)
[    4.267366] UDP hash table entries: 1024 (order: 5, 163840 bytes, linear)
[    4.268874] UDP-Lite hash table entries: 1024 (order: 5, 163840 bytes, linear)
[    4.271113] NET: Registered PF_UNIX/PF_LOCAL protocol family
[    4.274588] RPC: Registered named UNIX socket transport module.
[    4.275230] RPC: Registered udp transport module.
[    4.275710] RPC: Registered tcp transport module.
[    4.276200] RPC: Registered tcp-with-tls transport module.
[    4.276777] RPC: Registered tcp NFSv4.1 backchannel transport module.
[    4.277457] pci_bus 0000:00: resource 4 [io  0x0000-0x0cf7 window]
[    4.278074] pci_bus 0000:00: resource 5 [io  0x0d00-0xffff window]
[    4.278686] pci_bus 0000:00: resource 6 [mem 0x000a0000-0x000bffff window]
[    4.279366] pci_bus 0000:00: resource 7 [mem 0x80000000-0xfebfffff window]
[    4.280058] pci_bus 0000:00: resource 8 [mem 0x100000000-0x17fffffff window]
[    4.281407] pci 0000:00:01.0: PIIX3: Enabling Passive Release
[    4.282014] pci 0000:00:00.0: Limiting direct PCI/PCI transfers
[    4.282736] PCI: CLS 0 bytes, default 64
[    4.283406] ACPI: bus type thunderbolt registered
[    4.284558] clocksource: tsc: mask: 0xffffffffffffffff max_cycles: 0x2b2c8ec87c7, max_idle_ns: 440795278598 ns
[    4.296542] Callback from call_rcu_tasks() invoked.
[    4.296793] Initialise system trusted keyrings
[    4.298844] Key type blacklist registered
[    4.300342] workingset: timestamp_bits=36 max_order=19 bucket_order=0
[    4.301788] zbud: loaded
[    4.307133] squashfs: version 4.0 (2009/01/31) Phillip Lougher
[    4.312081] NFS: Registering the id_resolver key type
[    4.313236] Key type id_resolver registered
[    4.314094] Key type id_legacy registered
[    4.315039] nfs4filelayout_init: NFSv4 File Layout Driver Registering...
[    4.316531] nfs4flexfilelayout_init: NFSv4 Flexfile Layout Driver Registering...
[    4.318860] fuse: init (API version 7.40)
[    4.321009] SGI XFS with ACLs, security attributes, realtime, quota, no debug enabled
[    4.325872] 9p: Installing v9fs 9p2000 file system support
[    4.351730] Key type asymmetric registered
[    4.352698] Asymmetric key parser 'x509' registered
[    4.354120] Block layer SCSI generic (bsg) driver version 0.4 loaded (major 243)
[    4.356485] io scheduler mq-deadline registered
[    4.358356] io scheduler bfq registered
[    4.363723] shpchp: Standard Hot Plug PCI Controller Driver version: 0.4
[    4.368970] IPMI message handler: version 39.2
[    4.370276] ipmi device interface
[    4.375695] input: Power Button as /devices/LNXSYSTM:00/LNXPWRBN:00/input/input0
[    4.378935] ACPI: button: Power Button [PWRF]
[    4.383997] ERST DBG: ERST support is disabled.
[    4.388918] Serial: 8250/16550 driver, 32 ports, IRQ sharing enabled
[    4.393619] 00:04: ttyS0 at I/O 0x3f8 (irq = 4, base_baud = 115200) is a 16550A
[    4.460684] Linux agpgart interface v0.103
[    4.467916] ACPI: bus type drm_connector registered
[    4.516900] brd: module loaded
[    4.548691] loop: module loaded
[    4.569465] scsi host0: ata_piix
[    4.573123] scsi host1: ata_piix
[    4.574924] ata1: PATA max MWDMA2 cmd 0x1f0 ctl 0x3f6 bmdma 0xc040 irq 14 lpm-pol 0
[    4.576579] ata2: PATA max MWDMA2 cmd 0x170 ctl 0x376 bmdma 0xc048 irq 15 lpm-pol 0
[    4.584673] tun: Universal TUN/TAP device driver, 1.6
[    4.586669] e100: Intel(R) PRO/100 Network Driver
[    4.587643] e100: Copyright(c) 1999-2006 Intel Corporation
[    4.589006] e1000: Intel(R) PRO/1000 Network Driver
[    4.590001] e1000: Copyright (c) 1999-2006 Intel Corporation.
[    4.736602] ata1: found unknown device (class 0)
[    4.738227] ata2: found unknown device (class 0)
[    4.740703] ata2.00: ATAPI: QEMU DVD-ROM, 2.5+, max UDMA/100
[    4.742281] ata1.00: ATA-7: QEMU HARDDISK, 2.5+, max UDMA/100
[    4.743426] ata1.00: 17196647 sectors, multi 16: LBA48 
[    4.748489] scsi 0:0:0:0: Direct-Access     ATA      QEMU HARDDISK    2.5+ PQ: 0 ANSI: 5
[    4.755872] sd 0:0:0:0: Attached scsi generic sg0 type 0
[    4.757742] sd 0:0:0:0: [sda] 17196647 512-byte logical blocks: (8.80 GB/8.20 GiB)
[    4.760885] sd 0:0:0:0: [sda] Write Protect is off
[    4.762022] scsi 1:0:0:0: CD-ROM            QEMU     QEMU DVD-ROM     2.5+ PQ: 0 ANSI: 5
[    4.764162] sd 0:0:0:0: [sda] Write cache: enabled, read cache: enabled, doesn't support DPO or FUA
[    4.767649] sd 0:0:0:0: [sda] Preferred minimum I/O size 512 bytes
[    4.780125] sd 0:0:0:0: [sda] Attached SCSI disk
[    4.791517] scsi 1:0:0:0: Attached scsi generic sg1 type 5
[    7.137481] ACPI: \_SB_.LNKC: Enabled at IRQ 11
[    7.571239] e1000 0000:00:03.0 eth0: (PCI:33MHz:32-bit) 52:54:00:12:34:56
[    7.572981] e1000 0000:00:03.0 eth0: Intel(R) PRO/1000 Network Connection
[    7.574738] e1000e: Intel(R) PRO/1000 Network Driver
[    7.575802] e1000e: Copyright(c) 1999 - 2015 Intel Corporation.
[    7.577334] igb: Intel(R) Gigabit Ethernet Network Driver
[    7.578476] igb: Copyright (c) 2007-2014 Intel Corporation.
[    7.580133] PPP generic driver version 2.4.2
[    7.583712] VFIO - User Level meta-driver version: 0.3
[    7.589029] usbcore: registered new interface driver uas
[    7.590312] usbcore: registered new interface driver usb-storage
[    7.592354] i8042: PNP: PS/2 Controller [PNP0303:KBD,PNP0f13:MOU] at 0x60,0x64 irq 1,12
[    7.596134] serio: i8042 KBD port at 0x60,0x64 irq 1
[    7.597384] serio: i8042 AUX port at 0x60,0x64 irq 12
[    7.601002] mousedev: PS/2 mouse device common for all mice
[    7.605700] rtc_cmos 00:05: RTC can wake from S4
[    7.609310] input: AT Translated Set 2 keyboard as /devices/platform/i8042/serio0/input/input1
[    7.614478] rtc_cmos 00:05: registered as rtc0
[    7.615644] rtc_cmos 00:05: setting system clock to 2024-07-15T19:49:33 UTC (1721072973)
[    7.618305] rtc_cmos 00:05: alarms up to one day, y3k, 242 bytes nvram, hpet irqs
[    7.620143] input: VirtualPS/2 VMware VMMouse as /devices/platform/i8042/serio1/input/input4
[    7.620299] i2c_dev: i2c /dev entries driver
[    7.623194] device-mapper: core: CONFIG_IMA_DISABLE_HTABLE is disabled. Duplicate IMA measurements will not be recorded in the IMA log.
[    7.624831] input: VirtualPS/2 VMware VMMouse as /devices/platform/i8042/serio1/input/input3
[    7.625969] device-mapper: uevent: version 1.0.3
[    7.629599] device-mapper: ioctl: 4.48.0-ioctl (2023-03-01) initialised: dm-devel@lists.linux.dev
[    7.631464] intel_pstate: CPU model not supported
[    7.633086] sdhci: Secure Digital Host Controller Interface driver
[    7.634372] sdhci: Copyright(c) Pierre Ossman
[    7.635623] sdhci-pltfm: SDHCI platform and OF driver helper
[    7.637130] ledtrig-cpu: registered to indicate activity on CPUs
[    7.639814] drop_monitor: Initializing network drop monitor service
[    7.642087] NET: Registered PF_INET6 protocol family
[    7.650565] Segment Routing with IPv6
[    7.651542] In-situ OAM (IOAM) with IPv6
[    7.652595] NET: Registered PF_PACKET protocol family
[    7.654143] 9pnet: Installing 9P2000 support
[    7.655376] Key type dns_resolver registered
[    7.659761] IPI shorthand broadcast: enabled
[    7.769490] sched_clock: Marking stable (7748009565, 20219328)->(7816100066, -47871173)
[    7.773114] Timer migration: 1 hierarchy levels; 8 children per group; 1 crossnode level
[    7.775829] registered taskstats version 1
[    7.778753] Loading compiled-in X.509 certificates
[    7.873878] Demotion targets for Node 0: null
[    7.876875] Key type .fscrypt registered
[    7.877739] Key type fscrypt-provisioning registered
[    7.884575] Key type encrypted registered
[    7.885579] ima: No TPM chip found, activating TPM-bypass!
[    7.886777] ima: Allocated hash algorithm: sha1
[    7.887931] ima: No architecture policies found
[    7.889418] evm: Initialising EVM extended attributes:
[    7.890516] evm: security.selinux
[    7.891226] evm: security.SMACK64
[    7.891947] evm: security.SMACK64EXEC
[    7.892814] evm: security.SMACK64TRANSMUTE
[    7.893684] evm: security.SMACK64MMAP
[    7.894461] evm: security.apparmor
[    7.895183] evm: security.ima
[    7.895828] evm: security.capability
[    7.896613] evm: HMAC attrs: 0x1
[    7.905361] PM:   Magic number: 0:936:849
[    7.906490] graphics fbcon: hash matches
[    7.908754] RAS: Correctable Errors collector initialized.
[    7.909705] clk: Disabling unused clocks
[    7.910804] PM: genpd: Disabling unused power domains
[    7.912735] md: Waiting for all devices to be available before autodetect
[    7.913198] md: If you don't use raid, use raid=noautodetect
[    7.913587] md: Autodetecting RAID arrays.
[    7.913889] md: autorun ...
[    7.914093] md: ... autorun DONE.
[    7.935708] EXT4-fs (sda): mounted filesystem 088740a9-c8b4-422c-999d-a804eb68a4da ro with ordered data mode. Quota mode: none.
[    7.937884] VFS: Mounted root (ext4 filesystem) readonly on device 8:0.
[    7.943017] devtmpfs: mounted
[    7.978093] Freeing unused decrypted memory: 2028K
[    7.999173] Freeing unused kernel image (initmem) memory: 15256K
[    8.000381] Write protecting the kernel read-only data: 94208k
[    8.005402] Freeing unused kernel image (rodata/data gap) memory: 1368K
[    8.122147] x86/mm: Checked W+X mappings: passed, no W+X pages found.
[    8.123128] Run /sbin/init as init process
[    8.438850] systemd[1]: systemd 252-15.el9 running in system mode (+PAM +AUDIT +SELINUX -APPARMOR +IMA +SMACK +SECCOMP +GCRYPT +GNUTLS +OPENSSL +ACL +BLKID +CURL +ELFUTILS -FIDO2 +IDN2 -IDN -IPTC +KMOD +LIBCRYPTSETUP +LIBFDISK +PCRE2 -PWQUALITY +P11KIT -QRENCODE +TPM2 +BZIP2 +LZ4 +XZ +ZLIB +ZSTD -BPF_FRAMEWORK +XKBCOMMON +UTMP +SYSVINIT default-hierarchy=unified)
[    8.444201] systemd[1]: Detected virtualization kvm.
[    8.445002] systemd[1]: Detected architecture x86-64.

Welcome to [0;31mCentOS Stream 9[0m!

[    8.456358] systemd[1]: Hostname set to <test>.
[    8.993059] systemd-rc-local-generator[125]: /etc/rc.d/rc.local is not marked executable, skipping.
[    9.427029] systemd[1]: Queued start job for default target Multi-User System.
[    9.471383] systemd[1]: Created slice Virtual Machine and Container Slice.
[[0;32m  OK  [0m] Created slice [0;1;39mVirtual Machine and Container Slice[0m.
[    9.482953] systemd[1]: Created slice Slice /system/getty.
[[0;32m  OK  [0m] Created slice [0;1;39mSlice /system/getty[0m.
[    9.487405] systemd[1]: Created slice Slice /system/modprobe.
[[0;32m  OK  [0m] Created slice [0;1;39mSlice /system/modprobe[0m.
[    9.491680] systemd[1]: Created slice Slice /system/serial-getty.
[[0;32m  OK  [0m] Created slice [0;1;39mSlice /system/serial-getty[0m.
[    9.495951] systemd[1]: Created slice Slice /system/sshd-keygen.
[[0;32m  OK  [0m] Created slice [0;1;39mSlice /system/sshd-keygen[0m.
[    9.500054] systemd[1]: Created slice User and Session Slice.
[[0;32m  OK  [0m] Created slice [0;1;39mUser and Session Slice[0m.
[    9.501977] systemd[1]: Started Forward Password Requests to Wall Directory Watch.
[[0;32m  OK  [0m] Started [0;1;39mForward Password R…uests to Wall Directory Watch[0m.
[    9.505293] systemd[1]: Set up automount Arbitrary Executable File Formats File System Automount Point.
[[0;32m  OK  [0m] Set up automount [0;1;39mArbitrary…s File System Automount Point[0m.
[    9.507122] systemd[1]: Reached target Local Integrity Protected Volumes.
[[0;32m  OK  [0m] Reached target [0;1;39mLocal Integrity Protected Volumes[0m.
[    9.508638] systemd[1]: Reached target Slice Units.
[[0;32m  OK  [0m] Reached target [0;1;39mSlice Units[0m.
[    9.509810] systemd[1]: Reached target Swaps.
[[0;32m  OK  [0m] Reached target [0;1;39mSwaps[0m.
[    9.510908] systemd[1]: Reached target Local Verity Protected Volumes.
[[0;32m  OK  [0m] Reached target [0;1;39mLocal Verity Protected Volumes[0m.
[    9.513007] systemd[1]: Listening on Device-mapper event daemon FIFOs.
[[0;32m  OK  [0m] Listening on [0;1;39mDevice-mapper event daemon FIFOs[0m.
[    9.515571] systemd[1]: Listening on LVM2 poll daemon socket.
[[0;32m  OK  [0m] Listening on [0;1;39mLVM2 poll daemon socket[0m.
[    9.517269] systemd[1]: multipathd control socket was skipped because of an unmet condition check (ConditionPathExists=/etc/multipath.conf).
[    9.641200] systemd[1]: Listening on RPCbind Server Activation Socket.
[[0;32m  OK  [0m] Listening on [0;1;39mRPCbind Server Activation Socket[0m.
[    9.642778] systemd[1]: Reached target RPC Port Mapper.
[[0;32m  OK  [0m] Reached target [0;1;39mRPC Port Mapper[0m.
[    9.647528] systemd[1]: Listening on Process Core Dump Socket.
[[0;32m  OK  [0m] Listening on [0;1;39mProcess Core Dump Socket[0m.
[    9.649775] systemd[1]: Listening on initctl Compatibility Named Pipe.
[[0;32m  OK  [0m] Listening on [0;1;39minitctl Compatibility Named Pipe[0m.
[    9.652276] systemd[1]: Listening on Journal Socket (/dev/log).
[[0;32m  OK  [0m] Listening on [0;1;39mJournal Socket (/dev/log)[0m.
[    9.654537] systemd[1]: Listening on Journal Socket.
[[0;32m  OK  [0m] Listening on [0;1;39mJournal Socket[0m.
[    9.656925] systemd[1]: Listening on udev Control Socket.
[[0;32m  OK  [0m] Listening on [0;1;39mudev Control Socket[0m.
[    9.658757] systemd[1]: Listening on udev Kernel Socket.
[[0;32m  OK  [0m] Listening on [0;1;39mudev Kernel Socket[0m.
[    9.705078] systemd[1]: Mounting Huge Pages File System...
         Mounting [0;1;39mHuge Pages File System[0m...
[    9.718004] systemd[1]: Mounting POSIX Message Queue File System...
         Mounting [0;1;39mPOSIX Message Queue File System[0m...
[    9.730297] systemd[1]: Mounting Kernel Debug File System...
         Mounting [0;1;39mKernel Debug File System[0m...
[    9.766448] systemd[1]: Mounting Kernel Trace File System...
         Mounting [0;1;39mKernel Trace File System[0m...
[    9.768188] systemd[1]: Kernel Module supporting RPCSEC_GSS was skipped because of an unmet condition check (ConditionPathExists=/etc/krb5.keytab).
[    9.769610] systemd[1]: Create List of Static Device Nodes was skipped because of an unmet condition check (ConditionFileNotEmpty=/lib/modules/6.10.0-rc2-2cb61f76be3b+/modules.devname).
[    9.780948] systemd[1]: Starting Monitoring of LVM2 mirrors, snapshots etc. using dmeventd or progress polling...
         Starting [0;1;39mMonitoring of LVM…meventd or progress polling[0m...
[    9.799971] systemd[1]: Starting Load Kernel Module configfs...
         Starting [0;1;39mLoad Kernel Module configfs[0m...
[    9.827453] systemd[1]: Starting Load Kernel Module drm...
         Starting [0;1;39mLoad Kernel Module drm[0m...
[    9.864954] systemd[1]: Starting Load Kernel Module fuse...
         Starting [0;1;39mLoad Kernel Module fuse[0m...
[    9.877776] systemd[1]: Starting Read and set NIS domainname from /etc/sysconfig/network...
         Starting [0;1;39mRead and set NIS …from /etc/sysconfig/network[0m...
[    9.913764] systemd[1]: Starting Journal Service...
         Starting [0;1;39mJournal Service[0m...
[    9.968935] systemd[1]: Starting Load Kernel Modules...
         Starting [0;1;39mLoad Kernel Modules[0m...
[    9.993342] systemd[1]: Starting Generate network units from Kernel command line...
         Starting [0;1;39mGenerate network …ts from Kernel command line[0m...
[   10.010710] systemd[1]: Starting Remount Root and Kernel File Systems...
         Starting [0;1;39mRemount Root and Kernel File Systems[0m...
[   10.012840] systemd[1]: Repartition Root Disk was skipped because no trigger condition checks were met.
[   10.024941] systemd[1]: Starting Coldplug All udev Devices...
         Starting [0;1;39mColdplug All udev Devices[0m...
[   10.060492] systemd[1]: Mounted Huge Pages File System.
[[0;32m  OK  [0m] Mounted [0;1;39mHuge Pages File System[0m.
[   10.063393] systemd[1]: Mounted POSIX Message Queue File System.
[[0;32m  OK  [0m] Mounted [0;1;39mPOSIX Message Queue File System[0m.
[   10.069378] systemd[1]: Mounted Kernel Debug File System.
[[0;32m  OK  [0m] Mounted [0;1;39mKernel Debug File System[0m.
[   10.077677] systemd[1]: Mounted Kernel Trace File System.
[[0;32m  OK  [0m] Mounted [0;1;39mKernel Trace File System[0m.
[   10.082560] systemd[1]: modprobe@configfs.service: Deactivated successfully.
[   10.101492] systemd[1]: Finished Load Kernel Module configfs.
[[0;32m  OK  [0m] Finished [0;1;39mLoad Kernel Module configfs[0m.
[   10.112705] systemd[1]: Finished Monitoring of LVM2 mirrors, snapshots etc. using dmeventd or progress polling.
[[0;32m  OK  [0m] Finished [0;1;39mMonitoring of LVM… dmeventd or progress polling[0m.
[   10.126155] systemd[1]: modprobe@drm.service: Deactivated successfully.
[   10.141581] systemd[1]: Finished Load Kernel Module drm.
[[0;32m  OK  [0m] Finished [0;1;39mLoad Kernel Module drm[0m.
[   10.145774] systemd[1]: modprobe@fuse.service: Deactivated successfully.
[   10.156499] systemd[1]: Finished Load Kernel Module fuse.
[[0;32m  OK  [0m] Finished [0;1;39mLoad Kernel Module fuse[0m.
[   10.165440] systemd[1]: Finished Read and set NIS domainname from /etc/sysconfig/network.
[[0;32m  OK  [0m] Finished [0;1;39mRead and set NIS …e from /etc/sysconfig/network[0m.
[   10.170036] systemd[1]: systemd-modules-load.service: Main process exited, code=exited, status=1/FAILURE
[   10.171961] systemd[1]: systemd-modules-load.service: Failed with result 'exit-code'.
[   10.182027] systemd[1]: Failed to start Load Kernel Modules.
[[0;1;31mFAILED[0m] Failed to start [0;1;39mLoad Kernel Modules[0m.
See 'systemctl status systemd-modules-load.service' for details.
[   10.236593] systemd[1]: Mounting FUSE Control File System...
         Mounting [0;1;39mFUSE Control File System[0m...
[   10.296964] EXT4-fs (sda): re-mounted 088740a9-c8b4-422c-999d-a804eb68a4da r/w. Quota mode: none.
[   10.316555] systemd[1]: Mounting Kernel Configuration File System...
         Mounting [0;1;39mKernel Configuration File System[0m...
[   10.376950] systemd[1]: Starting Apply Kernel Variables...
         Starting [0;1;39mApply Kernel Variables[0m...
[   10.414973] systemd[1]: Started Journal Service.
[[0;32m  OK  [0m] Started [0;1;39mJournal Service[0m.
[[0;32m  OK  [0m] Finished [0;1;39mGenerate network units from Kernel command line[0m.
[[0;32m  OK  [0m] Finished [0;1;39mRemount Root and Kernel File Systems[0m.
[[0;32m  OK  [0m] Mounted [0;1;39mFUSE Control File System[0m.
[[0;32m  OK  [0m] Mounted [0;1;39mKernel Configuration File System[0m.
[[0;32m  OK  [0m] Reached target [0;1;39mPreparation for Network[0m.
         Starting [0;1;39mFlush Journal to Persistent Storage[0m...
         Starting [0;1;39mLoad/Save Random Seed[0m...
         Starting [0;1;39mCreate Static Device Nodes in /dev[0m...
[   10.615021] systemd-journald[147]: Received client request to flush runtime journal.
         Starting [0;1;39mSetup Virtual Console[0m...
[[0;32m  OK  [0m] Finished [0;1;39mApply Kernel Variables[0m.
[[0;32m  OK  [0m] Finished [0;1;39mFlush Journal to Persistent Storage[0m.
[[0;32m  OK  [0m] Finished [0;1;39mLoad/Save Random Seed[0m.
[[0;32m  OK  [0m] Finished [0;1;39mCreate Static Device Nodes in /dev[0m.
         Starting [0;1;39mRule-based Manage…for Device Events and Files[0m...
[[0;32m  OK  [0m] Started [0;1;39mRule-based Manager for Device Events and Files[0m.
         Starting [0;1;39mAuto-connect to s…E devices found during boot[0m...
[[0;32m  OK  [0m] Finished [0;1;39mAuto-connect to s…VME devices found during boot[0m.
[[0;32m  OK  [0m] Finished [0;1;39mSetup Virtual Console[0m.
[[0;32m  OK  [0m] Finished [0;1;39mColdplug All udev Devices[0m.
[[0;32m  OK  [0m] Started [0;1;39mDispatch Password …ts to Console Directory Watch[0m.
[[0;32m  OK  [0m] Reached target [0;1;39mLocal Encrypted Volumes[0m.
[[0;32m  OK  [0m] Reached target [0;1;39mPath Units[0m.
         Starting [0;1;39mWait for udev To …plete Device Initialization[0m...
[[0;32m  OK  [0m] Found device [0;1;39m/dev/ttyS0[0m.
[[0;32m  OK  [0m] Listening on [0;1;39mLoad/Save RF …itch Status /dev/rfkill Watch[0m.
[[0;32m  OK  [0m] Finished [0;1;39mWait for udev To Complete Device Initialization[0m.
[[0;32m  OK  [0m] Reached target [0;1;39mPreparation for Local File Systems[0m.
[[0;32m  OK  [0m] Reached target [0;1;39mLocal File Systems[0m.
         Starting [0;1;39mTell Plymouth To Write Out Runtime Data[0m...
         Starting [0;1;39mAutomatic Boot Loader Update[0m...
         Starting [0;1;39mCreate Volatile Files and Directories[0m...
[[0;32m  OK  [0m] Finished [0;1;39mTell Plymouth To Write Out Runtime Data[0m.
[[0;32m  OK  [0m] Finished [0;1;39mAutomatic Boot Loader Update[0m.
[[0;32m  OK  [0m] Finished [0;1;39mCreate Volatile Files and Directories[0m.
         Mounting [0;1;39mRPC Pipe File System[0m...
         Starting [0;1;39mSecurity Auditing Service[0m...
         Starting [0;1;39mRPC Bind[0m...
[[0;32m  OK  [0m] Mounted [0;1;39mRPC Pipe File System[0m.
[[0;32m  OK  [0m] Reached target [0;1;39mrpc_pipefs.target[0m.
[[0;32m  OK  [0m] Started [0;1;39mRPC Bind[0m.
[[0;32m  OK  [0m] Started [0;1;39mSecurity Auditing Service[0m.
         Starting [0;1;39mRecord System Boot/Shutdown in UTMP[0m...
[[0;32m  OK  [0m] Finished [0;1;39mRecord System Boot/Shutdown in UTMP[0m.
[[0;32m  OK  [0m] Reached target [0;1;39mSystem Initialization[0m.
[[0;32m  OK  [0m] Started [0;1;39mDaily rotation of log files[0m.
[[0;32m  OK  [0m] Started [0;1;39mUpdates mlocate database every day[0m.
[[0;32m  OK  [0m] Started [0;1;39mDaily Cleanup of Temporary Directories[0m.
[[0;32m  OK  [0m] Started [0;1;39mdaily update of the root trust anchor for DNSSEC[0m.
[[0;32m  OK  [0m] Reached target [0;1;39mTimer Units[0m.
[[0;32m  OK  [0m] Listening on [0;1;39mD-Bus System Message Bus Socket[0m.
[[0;32m  OK  [0m] Listening on [0;1;39mOpen-iSCSI iscsid Socket[0m.
[[0;32m  OK  [0m] Listening on [0;1;39mOpen-iSCSI iscsiuio Socket[0m.
[[0;32m  OK  [0m] Listening on [0;1;39mSSSD Kerberos…ache Manager responder socket[0m.
[[0;32m  OK  [0m] Listening on [0;1;39mLibvirt interface local socket[0m.
[[0;32m  OK  [0m] Listening on [0;1;39mVirtual machine lock manager socket[0m.
[[0;32m  OK  [0m] Listening on [0;1;39mVirtual machine log manager socket[0m.
[[0;32m  OK  [0m] Listening on [0;1;39mLibvirt network local socket[0m.
[[0;32m  OK  [0m] Listening on [0;1;39mLibvirt nodedev local socket[0m.
[[0;32m  OK  [0m] Listening on [0;1;39mLibvirt nwfilter local socket[0m.
[[0;32m  OK  [0m] Listening on [0;1;39mLibvirt proxy local socket[0m.
[[0;32m  OK  [0m] Listening on [0;1;39mLibvirt qemu local socket[0m.
[[0;32m  OK  [0m] Listening on [0;1;39mLibvirt qemu admin socket[0m.
[[0;32m  OK  [0m] Listening on [0;1;39mLibvirt qemu local read-only socket[0m.
[[0;32m  OK  [0m] Listening on [0;1;39mLibvirt secret local socket[0m.
[[0;32m  OK  [0m] Listening on [0;1;39mLibvirt storage local socket[0m.
[[0;32m  OK  [0m] Reached target [0;1;39mSocket Units[0m.
         Starting [0;1;39mD-Bus System Message Bus[0m...
[[0;32m  OK  [0m] Started [0;1;39mD-Bus System Message Bus[0m.
[[0;32m  OK  [0m] Reached target [0;1;39mBasic System[0m.
         Starting [0;1;39mNetwork Manager[0m...
         Starting [0;1;39mNTP client/server[0m...
         Starting [0;1;39mRestore /run/initramfs on shutdown[0m...
[[0;32m  OK  [0m] Started [0;1;39mirqbalance daemon[0m.
[[0;32m  OK  [0m] Started [0;1;39mlibstoragemgmt plug-in server daemon[0m.
[[0;32m  OK  [0m] Started [0;1;39mMachine Check Exception Logging Daemon[0m.
[[0;32m  OK  [0m] Reached target [0;1;39msshd-keygen.target[0m.
[[0;32m  OK  [0m] Reached target [0;1;39mUser and Group Name Lookups[0m.
         Starting [0;1;39mUser Login Management[0m...
         Starting [0;1;39mVirtual Machine a…tainer Registration Service[0m...
         Starting [0;1;39mupdate of the roo…NSSEC validation in unbound[0m...
         Starting [0;1;39mRotate log files[0m...
[[0;32m  OK  [0m] Started [0;1;39mUpdate a database for mlocate[0m.
[[0;32m  OK  [0m] Finished [0;1;39mRestore /run/initramfs on shutdown[0m.
[[0;32m  OK  [0m] Started [0;1;39mVirtual Machine an…ontainer Registration Service[0m.
         Starting [0;1;39mHostname Service[0m...
[[0;32m  OK  [0m] Started [0;1;39mNTP client/server[0m.
[[0;32m  OK  [0m] Finished [0;1;39mupdate of the roo… DNSSEC validation in unbound[0m.
[[0;32m  OK  [0m] Started [0;1;39mUser Login Management[0m.
[[0;32m  OK  [0m] Started [0;1;39mHostname Service[0m.
[[0;32m  OK  [0m] Finished [0;1;39mRotate log files[0m.
         Starting [0;1;39mNetwork Manager Script Dispatcher Service[0m...
[[0;32m  OK  [0m] Started [0;1;39mNetwork Manager Script Dispatcher Service[0m.
[   16.638185] e1000: eth0 NIC Link is Up 1000 Mbps Full Duplex, Flow Control: RX
[[0;32m  OK  [0m] Started [0;1;39mNetwork Manager[0m.
[[0;32m  OK  [0m] Reached target [0;1;39mNetwork[0m.
[[0;32m  OK  [0m] Reached target [0;1;39mNetwork is Online[0m.
         Starting [0;1;39mGSSAPI Proxy Daemon[0m...
         Starting [0;1;39mNotify NFS peers of a restart[0m...
         Starting [0;1;39mSystem Logging Service[0m...
         Starting [0;1;39mOpenSSH server daemon[0m...
         Starting [0;1;39mDynamic System Tuning Daemon[0m...
[[0;32m  OK  [0m] Started [0;1;39mNotify NFS peers of a restart[0m.
[[0;32m  OK  [0m] Started [0;1;39mGSSAPI Proxy Daemon[0m.
[[0;32m  OK  [0m] Reached target [0;1;39mNFS client services[0m.
[[0;32m  OK  [0m] Reached target [0;1;39mPreparation for Remote File Systems[0m.
[[0;32m  OK  [0m] Reached target [0;1;39mRemote File Systems[0m.
         Starting [0;1;39mPermit User Sessions[0m...
         Starting [0;1;39mVirtualization qemu daemon[0m...
[[0;32m  OK  [0m] Started [0;1;39mOpenSSH server daemon[0m.
[[0;32m  OK  [0m] Finished [0;1;39mPermit User Sessions[0m.
[[0;32m  OK  [0m] Started [0;1;39mDeferred execution scheduler[0m.
[[0;32m  OK  [0m] Started [0;1;39mCommand Scheduler[0m.
         Starting [0;1;39mHold until boot process finishes up[0m...
         Starting [0;1;39mTerminate Plymouth Boot Screen[0m...
[[0;32m  OK  [0m] Started [0;1;39mSystem Logging Service[0m.
[[0;32m  OK  [0m] Finished [0;1;39mHold until boot process finishes up[0m.
[[0;32m  OK  [0m] Finished [0;1;39mTerminate Plymouth Boot Screen[0m.
[[0;32m  OK  [0m] Started [0;1;39mGetty on tty1[0m.
[[0;32m  OK  [0m] Started [0;1;39mSerial Getty on ttyS0[0m.
[[0;32m  OK  [0m] Reached target [0;1;39mLogin Prompts[0m.
[[0;32m  OK  [0m] Started [0;1;39mVirtualization qemu daemon[0m.
         Starting [0;1;39mAuthorization Manager[0m...
[[0;32m  OK  [0m] Started [0;1;39mAuthorization Manager[0m.
[[0;32m  OK  [0m] Started [0;1;39mDynamic System Tuning Daemon[0m.
[[0;32m  OK  [0m] Reached target [0;1;39mMulti-User System[0m.
         Starting [0;1;39mRecord Runlevel Change in UTMP[0m...
[[0;32m  OK  [0m] Finished [0;1;39mRecord Runlevel Change in UTMP[0m.

CentOS Stream 9
Kernel 6.10.0-rc2-2cb61f76be3b+ on an x86_64

Activate the web console with: systemctl enable --now cockpit.socket

test login: [   29.995522] ------------[ cut here ]------------
[   29.996012] WARNING: CPU: 0 PID: 729 at kernel/cpu.c:525 lockdep_assert_cpus_held+0xd3/0x100
[   29.996733] Modules linked in:
[   29.996998] CPU: 0 PID: 729 Comm: repro Not tainted 6.10.0-rc2-2cb61f76be3b+ #1
[   29.997573] Hardware name: QEMU Standard PC (i440FX + PIIX, 1996), BIOS rel-1.16.0-0-gd239552ce722-prebuilt.qemu.org 04/01/2014
[   29.998459] RIP: 0010:lockdep_assert_cpus_held+0xd3/0x100
[   29.998900] Code: e8 d2 78 3e 00 be ff ff ff ff 48 c7 c7 30 5f d0 86 e8 61 fa 4b 04 31 ff 89 c3 89 c6 e8 f6 73 3e 00 85 db 75 cc e8 ad 78 3e 00 <0f> 0b eb c3 48 c7 c7 c4 64 9f 87 e8 ed a7 a1 00 e9 59 ff ff ff 48
[   30.000345] RSP: 0018:ffff88802716f8d0 EFLAGS: 00010293
[   30.000763] RAX: 0000000000000000 RBX: 0000000000000000 RCX: ffffffff81265cca
[   30.001313] RDX: ffff88802073ca00 RSI: ffffffff81265cd3 RDI: 0000000000000005
[   30.001861] RBP: ffff88802716f8d8 R08: 0000000000000000 R09: fffffbfff0f3f9e4
[   30.002409] R10: 0000000000000000 R11: 0000000000000001 R12: ffff8880163ff9d8
[   30.002960] R13: ffff8880163ff820 R14: ffff888010bbc900 R15: ffff8880163ff800
[   30.003504] FS:  00007f6643dc9740(0000) GS:ffff88806c600000(0000) knlGS:0000000000000000
[   30.004122] CS:  0010 DS: 0000 ES: 0000 CR0: 0000000080050033
[   30.004593] CR2: 00007f663c5ff000 CR3: 000000001a57e005 CR4: 0000000000770ef0
[   30.005145] DR0: 0000000000000000 DR1: 0000000000000000 DR2: 0000000000000000
[   30.005692] DR3: 0000000000000000 DR6: 00000000ffff07f0 DR7: 0000000000000400
[   30.006231] PKRU: 55555554
[   30.006447] Call Trace:
[   30.006646]  <TASK>
[   30.006823]  ? show_regs+0xa8/0xc0
[   30.007114]  ? __warn+0xee/0x380
[   30.007381]  ? report_bug+0x25e/0x4b0
[   30.007698]  ? lockdep_assert_cpus_held+0xd3/0x100
[   30.008086]  ? report_bug+0x2cb/0x4b0
[   30.008416]  ? alloc_workqueue+0x910/0x1940
[   30.008794]  ? lockdep_assert_cpus_held+0xd3/0x100
[   30.009182]  ? handle_bug+0xa2/0x130
[   30.009488]  ? exc_invalid_op+0x3c/0x80
[   30.009802]  ? asm_exc_invalid_op+0x1f/0x30
[   30.010158]  ? lockdep_assert_cpus_held+0xca/0x100
[   30.010546]  ? lockdep_assert_cpus_held+0xd3/0x100
[   30.010935]  ? lockdep_assert_cpus_held+0xd3/0x100
[   30.011325]  alloc_workqueue+0x9b0/0x1940
[   30.011667]  ? __pfx_alloc_workqueue+0x10/0x10
[   30.012035]  ? __fget_files+0x253/0x4c0
[   30.012391]  ? __sanitizer_cov_trace_switch+0x58/0xa0
[   30.012811]  loop_configure+0x1305/0x1710
[   30.013170]  lo_ioctl+0x99e/0x1a80
[   30.013453]  ? __pfx_mark_lock.part.0+0x10/0x10
[   30.013824]  ? __lock_acquire+0xccf/0x5ca0
[   30.014163]  ? __pfx_lo_ioctl+0x10/0x10
[   30.014485]  ? __pfx___lock_acquire+0x10/0x10
[   30.014844]  ? __kasan_check_read+0x15/0x20
[   30.015188]  ? __lock_acquire+0x1a02/0x5ca0
[   30.015533]  ? __sanitizer_cov_trace_switch+0x58/0xa0
[   30.015987]  ? __this_cpu_preempt_check+0x21/0x30
[   30.016397]  ? __pfx_lo_ioctl+0x10/0x10
[   30.016717]  blkdev_ioctl+0x2a9/0x6b0
[   30.017038]  ? __pfx_blkdev_ioctl+0x10/0x10
[   30.017386]  ? __sanitizer_cov_trace_const_cmp4+0x1a/0x20
[   30.017822]  ? security_file_ioctl+0x9d/0xd0
[   30.018180]  ? __pfx_blkdev_ioctl+0x10/0x10
[   30.018520]  __x64_sys_ioctl+0x1b9/0x230
[   30.018852]  x64_sys_call+0x1219/0x20d0
[   30.019176]  do_syscall_64+0x6d/0x140
[   30.019478]  entry_SYSCALL_64_after_hwframe+0x76/0x7e
[   30.019895] RIP: 0033:0x7f6643a3ec6b
[   30.020188] Code: 73 01 c3 48 8b 0d b5 b1 1b 00 f7 d8 64 89 01 48 83 c8 ff c3 66 2e 0f 1f 84 00 00 00 00 00 90 f3 0f 1e fa b8 10 00 00 00 0f 05 <48> 3d 01 f0 ff ff 73 01 c3 48 8b 0d 85 b1 1b 00 f7 d8 64 89 01 48
[   30.021569] RSP: 002b:00007ffcba9d6ef8 EFLAGS: 00000217 ORIG_RAX: 0000000000000010
[   30.022138] RAX: ffffffffffffffda RBX: 0000000000000000 RCX: 00007f6643a3ec6b
[   30.022693] RDX: 0000000000000003 RSI: 0000000000004c00 RDI: 0000000000000004
[   30.023240] RBP: 00007ffcba9d6f30 R08: 00000000ffffffff R09: 0000000000000000
[   30.023790] R10: 0000000000000000 R11: 0000000000000217 R12: 00007ffcba9d7288
[   30.024362] R13: 0000000000402cb4 R14: 000000000040de08 R15: 00007f6643e14000
[   30.024932]  </TASK>
[   30.025117] irq event stamp: 64045
[   30.025392] hardirqs last  enabled at (64053): [<ffffffff81449074>] console_unlock+0x224/0x240
[   30.026059] hardirqs last disabled at (64060): [<ffffffff81449059>] console_unlock+0x209/0x240
[   30.026718] softirqs last  enabled at (63538): [<ffffffff812795c9>] __irq_exit_rcu+0xa9/0x120
[   30.027374] softirqs last disabled at (63533): [<ffffffff812795c9>] __irq_exit_rcu+0xa9/0x120
[   30.028030] ---[ end trace 0000000000000000 ]---
[   30.028843] loop0: detected capacity change from 0 to 32768
[   30.031162] ------------[ cut here ]------------
[   30.031590] WARNING: CPU: 0 PID: 729 at kernel/cpu.c:525 lockdep_assert_cpus_held+0xd3/0x100
[   30.032303] Modules linked in:
[   30.032560] CPU: 0 PID: 729 Comm: repro Tainted: G        W          6.10.0-rc2-2cb61f76be3b+ #1
[   30.033233] Hardware name: QEMU Standard PC (i440FX + PIIX, 1996), BIOS rel-1.16.0-0-gd239552ce722-prebuilt.qemu.org 04/01/2014
[   30.034105] RIP: 0010:lockdep_assert_cpus_held+0xd3/0x100
[   30.034540] Code: e8 d2 78 3e 00 be ff ff ff ff 48 c7 c7 30 5f d0 86 e8 61 fa 4b 04 31 ff 89 c3 89 c6 e8 f6 73 3e 00 85 db 75 cc e8 ad 78 3e 00 <0f> 0b eb c3 48 c7 c7 c4 64 9f 87 e8 ed a7 a1 00 e9 59 ff ff ff 48
[   30.035956] RSP: 0018:ffff88802716fa28 EFLAGS: 00010293
[   30.036393] RAX: 0000000000000000 RBX: 0000000000000000 RCX: ffffffff81265cca
[   30.036944] RDX: ffff88802073ca00 RSI: ffffffff81265cd3 RDI: 0000000000000005
[   30.037494] RBP: ffff88802716fa30 R08: 0000000000000000 R09: fffffbfff0f3f9e4
[   30.038043] R10: 0000000000000000 R11: 0000000000000001 R12: ffff888011bbc8c0
[   30.038587] R13: ffff88800f7e2020 R14: 0000000000000001 R15: ffff88800f7e2000
[   30.039139] FS:  00007f6643dc9740(0000) GS:ffff88806c600000(0000) knlGS:0000000000000000
[   30.039765] CS:  0010 DS: 0000 ES: 0000 CR0: 0000000080050033
[   30.040253] CR2: 00007f663c5ff000 CR3: 000000001a57e005 CR4: 0000000000770ef0
[   30.040809] DR0: 0000000000000000 DR1: 0000000000000000 DR2: 0000000000000000
[   30.041361] DR3: 0000000000000000 DR6: 00000000ffff07f0 DR7: 0000000000000400
[   30.041912] PKRU: 55555554
[   30.042134] Call Trace:
[   30.042337]  <TASK>
[   30.042518]  ? show_regs+0xa8/0xc0
[   30.042806]  ? __warn+0xee/0x380
[   30.043078]  ? report_bug+0x25e/0x4b0
[   30.043381]  ? lockdep_assert_cpus_held+0xd3/0x100
[   30.043770]  ? report_bug+0x2cb/0x4b0
[   30.044080]  ? alloc_workqueue+0x910/0x1940
[   30.044624]  ? lockdep_assert_cpus_held+0xd3/0x100
[   30.045021]  ? handle_bug+0xa2/0x130
[   30.045322]  ? exc_invalid_op+0x3c/0x80
[   30.045641]  ? asm_exc_invalid_op+0x1f/0x30
[   30.045990]  ? lockdep_assert_cpus_held+0xca/0x100
[   30.046379]  ? lockdep_assert_cpus_held+0xd3/0x100
[   30.046769]  ? lockdep_assert_cpus_held+0xd3/0x100
[   30.047160]  ? lockdep_assert_cpus_held+0xd3/0x100
[   30.047549]  alloc_workqueue+0x9b0/0x1940
[   30.047888]  ? lock_release+0x418/0x840
[   30.048210]  ? __pfx_alloc_workqueue+0x10/0x10
[   30.048598]  ? __pfx_lock_release+0x10/0x10
[   30.048960]  xfs_init_mount_workqueues+0x6b/0x500
[   30.049350]  ? debugfs_create_dir+0x3f1/0x620
[   30.049713]  xfs_fs_fill_super+0x3e4/0x1de0
[   30.050055]  ? setup_bdev_super+0x32c/0x6f0
[   30.050408]  get_tree_bdev+0x3c5/0x6a0
[   30.050721]  ? __pfx_xfs_fs_fill_super+0x10/0x10
[   30.051096]  ? __pfx_get_tree_bdev+0x10/0x10
[   30.051444]  ? __pfx_vfs_parse_comma_sep+0x10/0x10
[   30.051850]  ? cap_capable+0x1d3/0x240
[   30.052166]  ? __sanitizer_cov_trace_const_cmp4+0x1a/0x20
[   30.052656]  ? security_capable+0xa0/0xd0
[   30.052990]  xfs_fs_get_tree+0x26/0x30
[   30.053294]  vfs_get_tree+0x9d/0x390
[   30.053594]  path_mount+0x707/0x2000
[   30.053888]  ? __kasan_slab_free+0x120/0x1a0
[   30.054242]  ? __pfx_path_mount+0x10/0x10
[   30.054566]  ? putname+0x146/0x190
[   30.054856]  __x64_sys_mount+0x2c2/0x350
[   30.055175]  ? __pfx___x64_sys_mount+0x10/0x10
[   30.055542]  x64_sys_call+0x2091/0x20d0
[   30.055857]  do_syscall_64+0x6d/0x140
[   30.056158]  entry_SYSCALL_64_after_hwframe+0x76/0x7e
[   30.056579] RIP: 0033:0x7f6643a3f7be
[   30.056871] Code: 48 8b 0d 65 a6 1b 00 f7 d8 64 89 01 48 83 c8 ff c3 66 2e 0f 1f 84 00 00 00 00 00 90 f3 0f 1e fa 49 89 ca b8 a5 00 00 00 0f 05 <48> 3d 01 f0 ff ff 73 01 c3 48 8b 0d 32 a6 1b 00 f7 d8 64 89 01 48
[   30.058258] RSP: 002b:00007ffcba9d6f38 EFLAGS: 00000202 ORIG_RAX: 00000000000000a5
[   30.058834] RAX: ffffffffffffffda RBX: 0000000000000000 RCX: 00007f6643a3f7be
[   30.059372] RDX: 0000000020009600 RSI: 0000000020009640 RDI: 00007ffcba9d7080
[   30.059915] RBP: 00007ffcba9d7110 R08: 00007ffcba9d6f80 R09: 0000000000000000
[   30.060475] R10: 0000000000004490 R11: 0000000000000202 R12: 00007ffcba9d7288
[   30.061014] R13: 0000000000402cb4 R14: 000000000040de08 R15: 00007f6643e14000
[   30.061577]  </TASK>
[   30.061761] irq event stamp: 65057
[   30.062030] hardirqs last  enabled at (65065): [<ffffffff81449074>] console_unlock+0x224/0x240
[   30.062680] hardirqs last disabled at (65072): [<ffffffff81449059>] console_unlock+0x209/0x240
[   30.063329] softirqs last  enabled at (64598): [<ffffffff812795c9>] __irq_exit_rcu+0xa9/0x120
[   30.063958] softirqs last disabled at (64593): [<ffffffff812795c9>] __irq_exit_rcu+0xa9/0x120
[   30.064552] ---[ end trace 0000000000000000 ]---
[   30.065965] ------------[ cut here ]------------
[   30.066374] WARNING: CPU: 1 PID: 729 at kernel/cpu.c:525 lockdep_assert_cpus_held+0xd3/0x100
[   30.067010] Modules linked in:
[   30.067245] CPU: 1 PID: 729 Comm: repro Tainted: G        W          6.10.0-rc2-2cb61f76be3b+ #1
[   30.067883] Hardware name: QEMU Standard PC (i440FX + PIIX, 1996), BIOS rel-1.16.0-0-gd239552ce722-prebuilt.qemu.org 04/01/2014
[   30.068714] RIP: 0010:lockdep_assert_cpus_held+0xd3/0x100
[   30.069107] Code: e8 d2 78 3e 00 be ff ff ff ff 48 c7 c7 30 5f d0 86 e8 61 fa 4b 04 31 ff 89 c3 89 c6 e8 f6 73 3e 00 85 db 75 cc e8 ad 78 3e 00 <0f> 0b eb c3 48 c7 c7 c4 64 9f 87 e8 ed a7 a1 00 e9 59 ff ff ff 48
[   30.070413] RSP: 0018:ffff88802716fa28 EFLAGS: 00010293
[   30.070794] RAX: 0000000000000000 RBX: 0000000000000000 RCX: ffffffff81265cca
[   30.071297] RDX: ffff88802073ca00 RSI: ffffffff81265cd3 RDI: 0000000000000005
[   30.071809] RBP: ffff88802716fa30 R08: 0000000000000000 R09: fffffbfff0f3f9e4
[   30.072339] R10: 0000000000000000 R11: 0000000000000001 R12: ffff88800e8b5380
[   30.072842] R13: ffff8880119c1c20 R14: 0000000000000008 R15: ffff8880119c1c00
[   30.073345] FS:  00007f6643dc9740(0000) GS:ffff88806c700000(0000) knlGS:0000000000000000
[   30.073911] CS:  0010 DS: 0000 ES: 0000 CR0: 0000000080050033
[   30.074322] CR2: 0000561df6a1ec58 CR3: 000000001a57e003 CR4: 0000000000770ef0
[   30.074828] DR0: 0000000000000000 DR1: 0000000000000000 DR2: 0000000000000000
[   30.075331] DR3: 0000000000000000 DR6: 00000000ffff07f0 DR7: 0000000000000400
[   30.075843] PKRU: 55555554
[   30.076024] Call Trace:
[   30.076187]  <TASK>
[   30.076354]  ? show_regs+0xa8/0xc0
[   30.076623]  ? __warn+0xee/0x380
[   30.076876]  ? report_bug+0x25e/0x4b0
[   30.077159]  ? lockdep_assert_cpus_held+0xd3/0x100
[   30.077520]  ? report_bug+0x2cb/0x4b0
[   30.077801]  ? alloc_workqueue+0x910/0x1940
[   30.078118]  ? lockdep_assert_cpus_held+0xd3/0x100
[   30.078476]  ? handle_bug+0xa2/0x130
[   30.078751]  ? exc_invalid_op+0x3c/0x80
[   30.079040]  ? asm_exc_invalid_op+0x1f/0x30
[   30.079354]  ? lockdep_assert_cpus_held+0xca/0x100
[   30.079705]  ? lockdep_assert_cpus_held+0xd3/0x100
[   30.080071]  ? lockdep_assert_cpus_held+0xd3/0x100
[   30.080456]  ? lockdep_assert_cpus_held+0xd3/0x100
[   30.080820]  alloc_workqueue+0x9b0/0x1940
[   30.081127]  ? __pfx_alloc_workqueue+0x10/0x10
[   30.081454]  ? __pfx_lock_release+0x10/0x10
[   30.081780]  xfs_init_mount_workqueues+0xde/0x500
[   30.082128]  ? debugfs_create_dir+0x3f1/0x620
[   30.082455]  xfs_fs_fill_super+0x3e4/0x1de0
[   30.082766]  ? setup_bdev_super+0x32c/0x6f0
[   30.083105]  get_tree_bdev+0x3c5/0x6a0
[   30.083455]  ? __pfx_xfs_fs_fill_super+0x10/0x10
[   30.083963]  ? __pfx_get_tree_bdev+0x10/0x10
[   30.084667]  ? __pfx_vfs_parse_comma_sep+0x10/0x10
[   30.085397]  ? cap_capable+0x1d3/0x240
[   30.085973]  ? __sanitizer_cov_trace_const_cmp4+0x1a/0x20
[   30.086725]  ? security_capable+0xa0/0xd0
[   30.087305]  xfs_fs_get_tree+0x26/0x30
[   30.087862]  vfs_get_tree+0x9d/0x390
[   30.088427]  path_mount+0x707/0x2000
[   30.088952]  ? __kasan_slab_free+0x120/0x1a0
[   30.089574]  ? __pfx_path_mount+0x10/0x10
[   30.090156]  ? putname+0x146/0x190
[   30.090675]  __x64_sys_mount+0x2c2/0x350
[   30.091247]  ? __pfx___x64_sys_mount+0x10/0x10
[   30.091920]  x64_sys_call+0x2091/0x20d0
[   30.092535]  do_syscall_64+0x6d/0x140
[   30.093068]  entry_SYSCALL_64_after_hwframe+0x76/0x7e
[   30.093779] RIP: 0033:0x7f6643a3f7be
[   30.094290] Code: 48 8b 0d 65 a6 1b 00 f7 d8 64 89 01 48 83 c8 ff c3 66 2e 0f 1f 84 00 00 00 00 00 90 f3 0f 1e fa 49 89 ca b8 a5 00 00 00 0f 05 <48> 3d 01 f0 ff ff 73 01 c3 48 8b 0d 32 a6 1b 00 f7 d8 64 89 01 48
[   30.096793] RSP: 002b:00007ffcba9d6f38 EFLAGS: 00000202 ORIG_RAX: 00000000000000a5
[   30.097829] RAX: ffffffffffffffda RBX: 0000000000000000 RCX: 00007f6643a3f7be
[   30.098800] RDX: 0000000020009600 RSI: 0000000020009640 RDI: 00007ffcba9d7080
[   30.099762] RBP: 00007ffcba9d7110 R08: 00007ffcba9d6f80 R09: 0000000000000000
[   30.100770] R10: 0000000000004490 R11: 0000000000000202 R12: 00007ffcba9d7288
[   30.101730] R13: 0000000000402cb4 R14: 000000000040de08 R15: 00007f6643e14000
[   30.102723]  </TASK>
[   30.103050] irq event stamp: 65769
[   30.103532] hardirqs last  enabled at (65777): [<ffffffff81449074>] console_unlock+0x224/0x240
[   30.104745] hardirqs last disabled at (65786): [<ffffffff81449059>] console_unlock+0x209/0x240
[   30.105935] softirqs last  enabled at (65668): [<ffffffff812795c9>] __irq_exit_rcu+0xa9/0x120
[   30.107111] softirqs last disabled at (65661): [<ffffffff812795c9>] __irq_exit_rcu+0xa9/0x120
[   30.108326] ---[ end trace 0000000000000000 ]---
[   30.109353] ------------[ cut here ]------------
[   30.110006] WARNING: CPU: 1 PID: 729 at kernel/cpu.c:525 lockdep_assert_cpus_held+0xd3/0x100
[   30.111180] Modules linked in:
[   30.111625] CPU: 1 PID: 729 Comm: repro Tainted: G        W          6.10.0-rc2-2cb61f76be3b+ #1
[   30.112885] Hardware name: QEMU Standard PC (i440FX + PIIX, 1996), BIOS rel-1.16.0-0-gd239552ce722-prebuilt.qemu.org 04/01/2014
[   30.114410] RIP: 0010:lockdep_assert_cpus_held+0xd3/0x100
[   30.115167] Code: e8 d2 78 3e 00 be ff ff ff ff 48 c7 c7 30 5f d0 86 e8 61 fa 4b 04 31 ff 89 c3 89 c6 e8 f6 73 3e 00 85 db 75 cc e8 ad 78 3e 00 <0f> 0b eb c3 48 c7 c7 c4 64 9f 87 e8 ed a7 a1 00 e9 59 ff ff ff 48
[   30.117732] RSP: 0018:ffff88802716fa28 EFLAGS: 00010293
[   30.118466] RAX: 0000000000000000 RBX: 0000000000000000 RCX: ffffffff81265cca
[   30.119439] RDX: ffff88802073ca00 RSI: ffffffff81265cd3 RDI: 0000000000000005
[   30.120463] RBP: ffff88802716fa30 R08: 0000000000000000 R09: fffffbfff0f3f9e4
[   30.121463] R10: 0000000000000000 R11: 0000000000000001 R12: ffff88800f488600
[   30.122445] R13: ffff8880119c1820 R14: 0000000000000008 R15: ffff8880119c1800
[   30.123435] FS:  00007f6643dc9740(0000) GS:ffff88806c700000(0000) knlGS:0000000000000000
[   30.124633] CS:  0010 DS: 0000 ES: 0000 CR0: 0000000080050033
[   30.125440] CR2: 0000561df6a1ec58 CR3: 000000001a57e003 CR4: 0000000000770ef0
[   30.126433] DR0: 0000000000000000 DR1: 0000000000000000 DR2: 0000000000000000
[   30.127411] DR3: 0000000000000000 DR6: 00000000ffff07f0 DR7: 0000000000000400
[   30.128490] PKRU: 55555554
[   30.128899] Call Trace:
[   30.129258]  <TASK>
[   30.129577]  ? show_regs+0xa8/0xc0
[   30.130085]  ? __warn+0xee/0x380
[   30.130573]  ? report_bug+0x25e/0x4b0
[   30.131113]  ? lockdep_assert_cpus_held+0xd3/0x100
[   30.131802]  ? report_bug+0x2cb/0x4b0
[   30.132371]  ? alloc_workqueue+0x910/0x1940
[   30.132969]  ? lockdep_assert_cpus_held+0xd3/0x100
[   30.133648]  ? handle_bug+0xa2/0x130
[   30.134172]  ? exc_invalid_op+0x3c/0x80
[   30.134730]  ? asm_exc_invalid_op+0x1f/0x30
[   30.135336]  ? lockdep_assert_cpus_held+0xca/0x100
[   30.136026]  ? lockdep_assert_cpus_held+0xd3/0x100
[   30.136754]  ? lockdep_assert_cpus_held+0xd3/0x100
[   30.137437]  ? lockdep_assert_cpus_held+0xd3/0x100
[   30.138115]  alloc_workqueue+0x9b0/0x1940
[   30.138710]  ? __pfx_alloc_workqueue+0x10/0x10
[   30.139340]  ? __pfx_lock_release+0x10/0x10
[   30.139961]  xfs_init_mount_workqueues+0x151/0x500
[   30.140655]  ? debugfs_create_dir+0x3f1/0x620
[   30.141256]  xfs_fs_fill_super+0x3e4/0x1de0
[   30.141826]  ? setup_bdev_super+0x32c/0x6f0
[   30.142404]  get_tree_bdev+0x3c5/0x6a0
[   30.142923]  ? __pfx_xfs_fs_fill_super+0x10/0x10
[   30.143552]  ? __pfx_get_tree_bdev+0x10/0x10
[   30.144142]  ? __pfx_vfs_parse_comma_sep+0x10/0x10
[   30.144846]  ? cap_capable+0x1d3/0x240
[   30.145387]  ? __sanitizer_cov_trace_const_cmp4+0x1a/0x20
[   30.146119]  ? security_capable+0xa0/0xd0
[   30.146687]  xfs_fs_get_tree+0x26/0x30
[   30.147223]  vfs_get_tree+0x9d/0x390
[   30.147736]  path_mount+0x707/0x2000
[   30.148288]  ? __kasan_slab_free+0x120/0x1a0
[   30.148908]  ? __pfx_path_mount+0x10/0x10
[   30.149469]  ? putname+0x146/0x190
[   30.149973]  __x64_sys_mount+0x2c2/0x350
[   30.150524]  ? __pfx___x64_sys_mount+0x10/0x10
[   30.151155]  x64_sys_call+0x2091/0x20d0
[   30.151692]  do_syscall_64+0x6d/0x140
[   30.152214]  entry_SYSCALL_64_after_hwframe+0x76/0x7e
[   30.152968] RIP: 0033:0x7f6643a3f7be
[   30.153461] Code: 48 8b 0d 65 a6 1b 00 f7 d8 64 89 01 48 83 c8 ff c3 66 2e 0f 1f 84 00 00 00 00 00 90 f3 0f 1e fa 49 89 ca b8 a5 00 00 00 0f 05 <48> 3d 01 f0 ff ff 73 01 c3 48 8b 0d 32 a6 1b 00 f7 d8 64 89 01 48
[   30.155838] RSP: 002b:00007ffcba9d6f38 EFLAGS: 00000202 ORIG_RAX: 00000000000000a5
[   30.156867] RAX: ffffffffffffffda RBX: 0000000000000000 RCX: 00007f6643a3f7be
[   30.157802] RDX: 0000000020009600 RSI: 0000000020009640 RDI: 00007ffcba9d7080
[   30.158729] RBP: 00007ffcba9d7110 R08: 00007ffcba9d6f80 R09: 0000000000000000
[   30.159649] R10: 0000000000004490 R11: 0000000000000202 R12: 00007ffcba9d7288
[   30.160617] R13: 0000000000402cb4 R14: 000000000040de08 R15: 00007f6643e14000
[   30.161572]  </TASK>
[   30.161886] irq event stamp: 66519
[   30.162350] hardirqs last  enabled at (66527): [<ffffffff81449074>] console_unlock+0x224/0x240
[   30.163468] hardirqs last disabled at (66534): [<ffffffff81449059>] console_unlock+0x209/0x240
[   30.164661] softirqs last  enabled at (66260): [<ffffffff812795c9>] __irq_exit_rcu+0xa9/0x120
[   30.165787] softirqs last disabled at (66255): [<ffffffff812795c9>] __irq_exit_rcu+0xa9/0x120
[   30.166899] ---[ end trace 0000000000000000 ]---
[   30.168013] ------------[ cut here ]------------
[   30.168428] WARNING: CPU: 0 PID: 729 at kernel/cpu.c:525 lockdep_assert_cpus_held+0xd3/0x100
[   30.169142] Modules linked in:
[   30.169391] CPU: 0 PID: 729 Comm: repro Tainted: G        W          6.10.0-rc2-2cb61f76be3b+ #1
[   30.170038] Hardware name: QEMU Standard PC (i440FX + PIIX, 1996), BIOS rel-1.16.0-0-gd239552ce722-prebuilt.qemu.org 04/01/2014
[   30.170854] RIP: 0010:lockdep_assert_cpus_held+0xd3/0x100
[   30.171265] Code: e8 d2 78 3e 00 be ff ff ff ff 48 c7 c7 30 5f d0 86 e8 61 fa 4b 04 31 ff 89 c3 89 c6 e8 f6 73 3e 00 85 db 75 cc e8 ad 78 3e 00 <0f> 0b eb c3 48 c7 c7 c4 64 9f 87 e8 ed a7 a1 00 e9 59 ff ff ff 48
[   30.173718] RSP: 0018:ffff88802716fa28 EFLAGS: 00010293
[   30.174130] RAX: 0000000000000000 RBX: 0000000000000000 RCX: ffffffff81265cca
[   30.174673] RDX: ffff88802073ca00 RSI: ffffffff81265cd3 RDI: 0000000000000005
[   30.175199] RBP: ffff88802716fa30 R08: 0000000000000000 R09: fffffbfff0f3f9e4
[   30.175729] R10: 0000000000000000 R11: 0000000000000001 R12: ffff88801310d9d8
[   30.176310] R13: ffff88801310d820 R14: ffff888010bbcc00 R15: ffff88801310d800
[   30.176842] FS:  00007f6643dc9740(0000) GS:ffff88806c600000(0000) knlGS:0000000000000000
[   30.177441] CS:  0010 DS: 0000 ES: 0000 CR0: 0000000080050033
[   30.178060] CR2: 00007f18d7c99000 CR3: 000000001a57e005 CR4: 0000000000770ef0
[   30.178600] DR0: 0000000000000000 DR1: 0000000000000000 DR2: 0000000000000000
[   30.179139] DR3: 0000000000000000 DR6: 00000000ffff07f0 DR7: 0000000000000400
[   30.179792] PKRU: 55555554
[   30.180020] Call Trace:
[   30.180257]  <TASK>
[   30.180435]  ? show_regs+0xa8/0xc0
[   30.180743]  ? __warn+0xee/0x380
[   30.181135]  ? report_bug+0x25e/0x4b0
[   30.181430]  ? lockdep_assert_cpus_held+0xd3/0x100
[   30.181817]  ? report_bug+0x2cb/0x4b0
[   30.182118]  ? alloc_workqueue+0x910/0x1940
[   30.182583]  ? lockdep_assert_cpus_held+0xd3/0x100
[   30.183126]  ? handle_bug+0xa2/0x130
[   30.183424]  ? exc_invalid_op+0x3c/0x80
[   30.183790]  ? asm_exc_invalid_op+0x1f/0x30
[   30.184202]  ? lockdep_assert_cpus_held+0xca/0x100
[   30.184606]  ? lockdep_assert_cpus_held+0xd3/0x100
[   30.184979]  ? lockdep_assert_cpus_held+0xd3/0x100
[   30.185349]  ? lockdep_assert_cpus_held+0xd3/0x100
[   30.185756]  alloc_workqueue+0x9b0/0x1940
[   30.186161]  ? __pfx_alloc_workqueue+0x10/0x10
[   30.186523]  ? __pfx_lock_release+0x10/0x10
[   30.186870]  xfs_init_mount_workqueues+0x1bd/0x500
[   30.187248]  ? debugfs_create_dir+0x3f1/0x620
[   30.187685]  xfs_fs_fill_super+0x3e4/0x1de0
[   30.188017]  ? setup_bdev_super+0x32c/0x6f0
[   30.188374]  get_tree_bdev+0x3c5/0x6a0
[   30.188675]  ? __pfx_xfs_fs_fill_super+0x10/0x10
[   30.189163]  ? __pfx_get_tree_bdev+0x10/0x10
[   30.189489]  ? __pfx_vfs_parse_comma_sep+0x10/0x10
[   30.189851]  ? cap_capable+0x1d3/0x240
[   30.190143]  ? __sanitizer_cov_trace_const_cmp4+0x1a/0x20
[   30.190550]  ? security_capable+0xa0/0xd0
[   30.190862]  xfs_fs_get_tree+0x26/0x30
[   30.191150]  vfs_get_tree+0x9d/0x390
[   30.191540]  path_mount+0x707/0x2000
[   30.191829]  ? __kasan_slab_free+0x120/0x1a0
[   30.192157]  ? __pfx_path_mount+0x10/0x10
[   30.192491]  ? putname+0x146/0x190
[   30.192773]  __x64_sys_mount+0x2c2/0x350
[   30.193082]  ? __pfx___x64_sys_mount+0x10/0x10
[   30.193452]  x64_sys_call+0x2091/0x20d0
[   30.193774]  do_syscall_64+0x6d/0x140
[   30.194181]  entry_SYSCALL_64_after_hwframe+0x76/0x7e
[   30.194610] RIP: 0033:0x7f6643a3f7be
[   30.194894] Code: 48 8b 0d 65 a6 1b 00 f7 d8 64 89 01 48 83 c8 ff c3 66 2e 0f 1f 84 00 00 00 00 00 90 f3 0f 1e fa 49 89 ca b8 a5 00 00 00 0f 05 <48> 3d 01 f0 ff ff 73 01 c3 48 8b 0d 32 a6 1b 00 f7 d8 64 89 01 48
[   30.196401] RSP: 002b:00007ffcba9d6f38 EFLAGS: 00000202 ORIG_RAX: 00000000000000a5
[   30.196978] RAX: ffffffffffffffda RBX: 0000000000000000 RCX: 00007f6643a3f7be
[   30.197620] RDX: 0000000020009600 RSI: 0000000020009640 RDI: 00007ffcba9d7080
[   30.198146] RBP: 00007ffcba9d7110 R08: 00007ffcba9d6f80 R09: 0000000000000000
[   30.198689] R10: 0000000000004490 R11: 0000000000000202 R12: 00007ffcba9d7288
[   30.199267] R13: 0000000000402cb4 R14: 000000000040de08 R15: 00007f6643e14000
[   30.199891]  </TASK>
[   30.200069] irq event stamp: 68101
[   30.200352] hardirqs last  enabled at (68111): [<ffffffff81449074>] console_unlock+0x224/0x240
[   30.201098] hardirqs last disabled at (68130): [<ffffffff81449059>] console_unlock+0x209/0x240
[   30.201730] softirqs last  enabled at (68128): [<ffffffff812795c9>] __irq_exit_rcu+0xa9/0x120
[   30.202370] softirqs last disabled at (68119): [<ffffffff812795c9>] __irq_exit_rcu+0xa9/0x120
[   30.203112] ---[ end trace 0000000000000000 ]---
[   30.203841] ------------[ cut here ]------------
[   30.204210] WARNING: CPU: 0 PID: 729 at kernel/cpu.c:525 lockdep_assert_cpus_held+0xd3/0x100
[   30.204974] Modules linked in:
[   30.205220] CPU: 0 PID: 729 Comm: repro Tainted: G        W          6.10.0-rc2-2cb61f76be3b+ #1
[   30.205860] Hardware name: QEMU Standard PC (i440FX + PIIX, 1996), BIOS rel-1.16.0-0-gd239552ce722-prebuilt.qemu.org 04/01/2014
[   30.206792] RIP: 0010:lockdep_assert_cpus_held+0xd3/0x100
[   30.207205] Code: e8 d2 78 3e 00 be ff ff ff ff 48 c7 c7 30 5f d0 86 e8 61 fa 4b 04 31 ff 89 c3 89 c6 e8 f6 73 3e 00 85 db 75 cc e8 ad 78 3e 00 <0f> 0b eb c3 48 c7 c7 c4 64 9f 87 e8 ed a7 a1 00 e9 59 ff ff ff 48
[   30.208715] RSP: 0018:ffff88802716fa28 EFLAGS: 00010293
[   30.209120] RAX: 0000000000000000 RBX: 0000000000000000 RCX: ffffffff81265cca
[   30.209772] RDX: ffff88802073ca00 RSI: ffffffff81265cd3 RDI: 0000000000000005
[   30.210326] RBP: ffff88802716fa30 R08: 0000000000000000 R09: fffffbfff0f3f9e4
[   30.210869] R10: 0000000000000000 R11: 0000000000000001 R12: ffff88801223e300
[   30.211414] R13: ffff88800f7e0c20 R14: 0000000000000001 R15: ffff88800f7e0c00
[   30.212057] FS:  00007f6643dc9740(0000) GS:ffff88806c600000(0000) knlGS:0000000000000000
[   30.212674] CS:  0010 DS: 0000 ES: 0000 CR0: 0000000080050033
[   30.213105] CR2: 00007f18d7c99000 CR3: 000000001a57e005 CR4: 0000000000770ef0
[   30.213633] DR0: 0000000000000000 DR1: 0000000000000000 DR2: 0000000000000000
[   30.214279] DR3: 0000000000000000 DR6: 00000000ffff07f0 DR7: 0000000000000400
[   30.214803] PKRU: 55555554
[   30.215016] Call Trace:
[   30.215307]  <TASK>
[   30.215483]  ? show_regs+0xa8/0xc0
[   30.215758]  ? __warn+0xee/0x380
[   30.216026]  ? report_bug+0x25e/0x4b0
[   30.216335]  ? lockdep_assert_cpus_held+0xd3/0x100
[   30.216710]  ? report_bug+0x2cb/0x4b0
[   30.217001]  ? alloc_workqueue+0x910/0x1940
[   30.217328]  ? lockdep_assert_cpus_held+0xd3/0x100
[   30.217760]  ? handle_bug+0xa2/0x130
[   30.218185]  ? exc_invalid_op+0x3c/0x80
[   30.218544]  ? asm_exc_invalid_op+0x1f/0x30
[   30.218902]  ? lockdep_assert_cpus_held+0xca/0x100
[   30.219291]  ? lockdep_assert_cpus_held+0xd3/0x100
[   30.219818]  ? lockdep_assert_cpus_held+0xd3/0x100
[   30.220214]  ? lockdep_assert_cpus_held+0xd3/0x100
[   30.220642]  alloc_workqueue+0x9b0/0x1940
[   30.220991]  ? __pfx_alloc_workqueue+0x10/0x10
[   30.221378]  ? __pfx_lock_release+0x10/0x10
[   30.221747]  xfs_init_mount_workqueues+0x237/0x500
[   30.222271]  ? debugfs_create_dir+0x3f1/0x620
[   30.222615]  xfs_fs_fill_super+0x3e4/0x1de0
[   30.222937]  ? setup_bdev_super+0x32c/0x6f0
[   30.223266]  get_tree_bdev+0x3c5/0x6a0
[   30.223560]  ? __pfx_xfs_fs_fill_super+0x10/0x10
[   30.224044]  ? __pfx_get_tree_bdev+0x10/0x10
[   30.224419]  ? __pfx_vfs_parse_comma_sep+0x10/0x10
[   30.224865]  ? cap_capable+0x1d3/0x240
[   30.225194]  ? __sanitizer_cov_trace_const_cmp4+0x1a/0x20
[   30.225604]  ? security_capable+0xa0/0xd0
[   30.225918]  xfs_fs_get_tree+0x26/0x30
[   30.226350]  vfs_get_tree+0x9d/0x390
[   30.226642]  path_mount+0x707/0x2000
[   30.226940]  ? __kasan_slab_free+0x120/0x1a0
[   30.227283]  ? __pfx_path_mount+0x10/0x10
[   30.227622]  ? putname+0x146/0x190
[   30.227990]  __x64_sys_mount+0x2c2/0x350
[   30.228337]  ? __pfx___x64_sys_mount+0x10/0x10
[   30.228699]  x64_sys_call+0x2091/0x20d0
[   30.229023]  do_syscall_64+0x6d/0x140
[   30.229443]  entry_SYSCALL_64_after_hwframe+0x76/0x7e
[   30.229830] RIP: 0033:0x7f6643a3f7be
[   30.230119] Code: 48 8b 0d 65 a6 1b 00 f7 d8 64 89 01 48 83 c8 ff c3 66 2e 0f 1f 84 00 00 00 00 00 90 f3 0f 1e fa 49 89 ca b8 a5 00 00 00 0f 05 <48> 3d 01 f0 ff ff 73 01 c3 48 8b 0d 32 a6 1b 00 f7 d8 64 89 01 48
[   30.231492] RSP: 002b:00007ffcba9d6f38 EFLAGS: 00000202 ORIG_RAX: 00000000000000a5
[   30.232158] RAX: ffffffffffffffda RBX: 0000000000000000 RCX: 00007f6643a3f7be
[   30.232705] RDX: 0000000020009600 RSI: 0000000020009640 RDI: 00007ffcba9d7080
[   30.233362] RBP: 00007ffcba9d7110 R08: 00007ffcba9d6f80 R09: 0000000000000000
[   30.233884] R10: 0000000000004490 R11: 0000000000000202 R12: 00007ffcba9d7288
[   30.234409] R13: 0000000000402cb4 R14: 000000000040de08 R15: 00007f6643e14000
[   30.234977]  </TASK>
[   30.235257] irq event stamp: 69051
[   30.235522] hardirqs last  enabled at (69059): [<ffffffff81449074>] console_unlock+0x224/0x240
[   30.236167] hardirqs last disabled at (69066): [<ffffffff81449059>] console_unlock+0x209/0x240
[   30.236955] softirqs last  enabled at (69086): [<ffffffff812795c9>] __irq_exit_rcu+0xa9/0x120
[   30.237606] softirqs last disabled at (69077): [<ffffffff812795c9>] __irq_exit_rcu+0xa9/0x120
[   30.238341] ---[ end trace 0000000000000000 ]---
[   30.238942] ------------[ cut here ]------------
[   30.239317] WARNING: CPU: 0 PID: 729 at kernel/cpu.c:525 lockdep_assert_cpus_held+0xd3/0x100
[   30.240004] Modules linked in:
[   30.240407] CPU: 0 PID: 729 Comm: repro Tainted: G        W          6.10.0-rc2-2cb61f76be3b+ #1
[   30.241082] Hardware name: QEMU Standard PC (i440FX + PIIX, 1996), BIOS rel-1.16.0-0-gd239552ce722-prebuilt.qemu.org 04/01/2014
[   30.242037] RIP: 0010:lockdep_assert_cpus_held+0xd3/0x100
[   30.242553] Code: e8 d2 78 3e 00 be ff ff ff ff 48 c7 c7 30 5f d0 86 e8 61 fa 4b 04 31 ff 89 c3 89 c6 e8 f6 73 3e 00 85 db 75 cc e8 ad 78 3e 00 <0f> 0b eb c3 48 c7 c7 c4 64 9f 87 e8 ed a7 a1 00 e9 59 ff ff ff 48
[   30.244046] RSP: 0018:ffff88802716fa28 EFLAGS: 00010293
[   30.244594] RAX: 0000000000000000 RBX: 0000000000000000 RCX: ffffffff81265cca
[   30.245156] RDX: ffff88802073ca00 RSI: ffffffff81265cd3 RDI: 0000000000000005
[   30.245709] RBP: ffff88802716fa30 R08: 0000000000000000 R09: fffffbfff0f3f9e4
[   30.246259] R10: 0000000000000000 R11: 0000000000000001 R12: ffff888011bbc0c0
[   30.247043] R13: ffff88800f7e3820 R14: 0000000000000008 R15: ffff88800f7e3800
[   30.247593] FS:  00007f6643dc9740(0000) GS:ffff88806c600000(0000) knlGS:0000000000000000
[   30.248427] CS:  0010 DS: 0000 ES: 0000 CR0: 0000000080050033
[   30.248865] CR2: 00007f18d7c99000 CR3: 000000001a57e005 CR4: 0000000000770ef0
[   30.249397] DR0: 0000000000000000 DR1: 0000000000000000 DR2: 0000000000000000
[   30.249943] DR3: 0000000000000000 DR6: 00000000ffff07f0 DR7: 0000000000000400
[   30.250500] PKRU: 55555554
[   30.250716] Call Trace:
[   30.250909]  <TASK>
[   30.251083]  ? show_regs+0xa8/0xc0
[   30.251361]  ? __warn+0xee/0x380
[   30.251624]  ? report_bug+0x25e/0x4b0
[   30.251922]  ? lockdep_assert_cpus_held+0xd3/0x100
[   30.252455]  ? report_bug+0x2cb/0x4b0
[   30.252748]  ? alloc_workqueue+0x910/0x1940
[   30.253073]  ? lockdep_assert_cpus_held+0xd3/0x100
[   30.253444]  ? handle_bug+0xa2/0x130
[   30.253995]  ? exc_invalid_op+0x3c/0x80
[   30.254341]  ? asm_exc_invalid_op+0x1f/0x30
[   30.254670]  ? lockdep_assert_cpus_held+0xca/0x100
[   30.255049]  ? lockdep_assert_cpus_held+0xd3/0x100
[   30.255414]  ? lockdep_assert_cpus_held+0xd3/0x100
[   30.255789]  ? lockdep_assert_cpus_held+0xd3/0x100
[   30.256176]  alloc_workqueue+0x9b0/0x1940
[   30.256690]  ? __pfx_alloc_workqueue+0x10/0x10
[   30.257034]  ? __pfx_lock_release+0x10/0x10
[   30.257376]  xfs_init_mount_workqueues+0x2ae/0x500
[   30.257747]  xfs_fs_fill_super+0x3e4/0x1de0
[   30.258068]  ? setup_bdev_super+0x32c/0x6f0
[   30.258403]  get_tree_bdev+0x3c5/0x6a0
[   30.258696]  ? __pfx_xfs_fs_fill_super+0x10/0x10
[   30.259048]  ? __pfx_get_tree_bdev+0x10/0x10
[   30.259376]  ? __pfx_vfs_parse_comma_sep+0x10/0x10
[   30.259741]  ? cap_capable+0x1d3/0x240
[   30.260049]  ? __sanitizer_cov_trace_const_cmp4+0x1a/0x20
[   30.260589]  ? security_capable+0xa0/0xd0
[   30.260910]  xfs_fs_get_tree+0x26/0x30
[   30.261228]  vfs_get_tree+0x9d/0x390
[   30.261610]  path_mount+0x707/0x2000
[   30.261896]  ? __kasan_slab_free+0x120/0x1a0
[   30.262232]  ? __pfx_path_mount+0x10/0x10
[   30.262545]  ? putname+0x146/0x190
[   30.262823]  __x64_sys_mount+0x2c2/0x350
[   30.263129]  ? __pfx___x64_sys_mount+0x10/0x10
[   30.263512]  x64_sys_call+0x2091/0x20d0
[   30.263938]  do_syscall_64+0x6d/0x140
[   30.264259]  entry_SYSCALL_64_after_hwframe+0x76/0x7e
[   30.264649] RIP: 0033:0x7f6643a3f7be
[   30.264929] Code: 48 8b 0d 65 a6 1b 00 f7 d8 64 89 01 48 83 c8 ff c3 66 2e 0f 1f 84 00 00 00 00 00 90 f3 0f 1e fa 49 89 ca b8 a5 00 00 00 0f 05 <48> 3d 01 f0 ff ff 73 01 c3 48 8b 0d 32 a6 1b 00 f7 d8 64 89 01 48
[   30.266268] RSP: 002b:00007ffcba9d6f38 EFLAGS: 00000202 ORIG_RAX: 00000000000000a5
[   30.266831] RAX: ffffffffffffffda RBX: 0000000000000000 RCX: 00007f6643a3f7be
[   30.267356] RDX: 0000000020009600 RSI: 0000000020009640 RDI: 00007ffcba9d7080
[   30.267884] RBP: 00007ffcba9d7110 R08: 00007ffcba9d6f80 R09: 0000000000000000
[   30.268571] R10: 0000000000004490 R11: 0000000000000202 R12: 00007ffcba9d7288
[   30.269101] R13: 0000000000402cb4 R14: 000000000040de08 R15: 00007f6643e14000
[   30.269682]  </TASK>
[   30.269948] irq event stamp: 70377
[   30.270215] hardirqs last  enabled at (70385): [<ffffffff81449074>] console_unlock+0x224/0x240
[   30.270850] hardirqs last disabled at (70392): [<ffffffff81449059>] console_unlock+0x209/0x240
[   30.271483] softirqs last  enabled at (70374): [<ffffffff812795c9>] __irq_exit_rcu+0xa9/0x120
[   30.272117] softirqs last disabled at (70365): [<ffffffff812795c9>] __irq_exit_rcu+0xa9/0x120
[   30.272796] ---[ end trace 0000000000000000 ]---
[   30.274932] XFS (loop0): Mounting V5 Filesystem bfdc47fc-10d8-4eed-a562-11a831b3f791
[   30.275875] ------------[ cut here ]------------
[   30.276274] WARNING: CPU: 0 PID: 729 at kernel/cpu.c:525 lockdep_assert_cpus_held+0xd3/0x100
[   30.276915] Modules linked in:
[   30.277160] CPU: 0 PID: 729 Comm: repro Tainted: G        W          6.10.0-rc2-2cb61f76be3b+ #1
[   30.277809] Hardware name: QEMU Standard PC (i440FX + PIIX, 1996), BIOS rel-1.16.0-0-gd239552ce722-prebuilt.qemu.org 04/01/2014
[   30.278653] RIP: 0010:lockdep_assert_cpus_held+0xd3/0x100
[   30.280176] Code: e8 d2 78 3e 00 be ff ff ff ff 48 c7 c7 30 5f d0 86 e8 61 fa 4b 04 31 ff 89 c3 89 c6 e8 f6 73 3e 00 85 db 75 cc e8 ad 78 3e 00 <0f> 0b eb c3 48 c7 c7 c4 64 9f 87 e8 ed a7 a1 00 e9 59 ff ff ff 48
[   30.282765] RSP: 0018:ffff88802716f888 EFLAGS: 00010293
[   30.283497] RAX: 0000000000000000 RBX: 0000000000000000 RCX: ffffffff81265cca
[   30.284625] RDX: ffff88802073ca00 RSI: ffffffff81265cd3 RDI: 0000000000000005
[   30.285711] RBP: ffff88802716f890 R08: 0000000000000000 R09: fffffbfff0f3f9e4
[   30.286788] R10: 0000000000000000 R11: 0000000000000001 R12: ffff888011bbcfc0
[   30.287716] R13: ffff88800f7e0420 R14: 0000000000000008 R15: ffff88800f7e0400
[   30.288858] FS:  00007f6643dc9740(0000) GS:ffff88806c600000(0000) knlGS:0000000000000000
[   30.290054] CS:  0010 DS: 0000 ES: 0000 CR0: 0000000080050033
[   30.290824] CR2: 00007f18d7c99000 CR3: 000000001a57e005 CR4: 0000000000770ef0
[   30.291918] DR0: 0000000000000000 DR1: 0000000000000000 DR2: 0000000000000000
[   30.292515] DR3: 0000000000000000 DR6: 00000000ffff07f0 DR7: 0000000000000400
[   30.293070] PKRU: 55555554
[   30.293294] Call Trace:
[   30.293499]  <TASK>
[   30.293693]  ? show_regs+0xa8/0xc0
[   30.293996]  ? __warn+0xee/0x380
[   30.294272]  ? report_bug+0x25e/0x4b0
[   30.294584]  ? lockdep_assert_cpus_held+0xd3/0x100
[   30.294981]  ? report_bug+0x2cb/0x4b0
[   30.295289]  ? alloc_workqueue+0x910/0x1940
[   30.295638]  ? lockdep_assert_cpus_held+0xd3/0x100
[   30.296047]  ? handle_bug+0xa2/0x130
[   30.296381]  ? exc_invalid_op+0x3c/0x80
[   30.296709]  ? asm_exc_invalid_op+0x1f/0x30
[   30.297066]  ? lockdep_assert_cpus_held+0xca/0x100
[   30.297463]  ? lockdep_assert_cpus_held+0xd3/0x100
[   30.297865]  ? lockdep_assert_cpus_held+0xd3/0x100
[   30.298267]  ? lockdep_assert_cpus_held+0xd3/0x100
[   30.298669]  alloc_workqueue+0x9b0/0x1940
[   30.299022]  ? __pfx_alloc_workqueue+0x10/0x10
[   30.299405]  ? lockdep_init_map_type+0x2df/0x810
[   30.299810]  xlog_alloc_log+0xe30/0x13e0
[   30.300143]  ? lockdep_init_map_type+0x2df/0x810
[   30.300570]  xfs_log_mount+0xf8/0x490
[   30.300883]  ? xfs_log_mount+0xf8/0x490
[   30.301211]  xfs_mountfs+0xe5f/0x1c00
[   30.301537]  ? __pfx_xfs_mountfs+0x10/0x10
[   30.301889]  ? xfs_mru_cache_create+0x4d8/0x5f0
[   30.302282]  xfs_fs_fill_super+0x11a5/0x1de0
[   30.302652]  get_tree_bdev+0x3c5/0x6a0
[   30.302979]  ? __pfx_xfs_fs_fill_super+0x10/0x10
[   30.303366]  ? __pfx_get_tree_bdev+0x10/0x10
[   30.303722]  ? __pfx_vfs_parse_comma_sep+0x10/0x10
[   30.304131]  ? cap_capable+0x1d3/0x240
[   30.304475]  ? __sanitizer_cov_trace_const_cmp4+0x1a/0x20
[   30.304912]  ? security_capable+0xa0/0xd0
[   30.305246]  xfs_fs_get_tree+0x26/0x30
[   30.305557]  vfs_get_tree+0x9d/0x390
[   30.305859]  path_mount+0x707/0x2000
[   30.306161]  ? __kasan_slab_free+0x120/0x1a0
[   30.306519]  ? __pfx_path_mount+0x10/0x10
[   30.306853]  ? putname+0x146/0x190
[   30.307148]  __x64_sys_mount+0x2c2/0x350
[   30.307476]  ? __pfx___x64_sys_mount+0x10/0x10
[   30.307857]  x64_sys_call+0x2091/0x20d0
[   30.308175]  do_syscall_64+0x6d/0x140
[   30.308506]  entry_SYSCALL_64_after_hwframe+0x76/0x7e
[   30.308917] RIP: 0033:0x7f6643a3f7be
[   30.309215] Code: 48 8b 0d 65 a6 1b 00 f7 d8 64 89 01 48 83 c8 ff c3 66 2e 0f 1f 84 00 00 00 00 00 90 f3 0f 1e fa 49 89 ca b8 a5 00 00 00 0f 05 <48> 3d 01 f0 ff ff 73 01 c3 48 8b 0d 32 a6 1b 00 f7 d8 64 89 01 48
[   30.310649] RSP: 002b:00007ffcba9d6f38 EFLAGS: 00000202 ORIG_RAX: 00000000000000a5
[   30.311253] RAX: ffffffffffffffda RBX: 0000000000000000 RCX: 00007f6643a3f7be
[   30.311813] RDX: 0000000020009600 RSI: 0000000020009640 RDI: 00007ffcba9d7080
[   30.312412] RBP: 00007ffcba9d7110 R08: 00007ffcba9d6f80 R09: 0000000000000000
[   30.312974] R10: 0000000000004490 R11: 0000000000000202 R12: 00007ffcba9d7288
[   30.313530] R13: 0000000000402cb4 R14: 000000000040de08 R15: 00007f6643e14000
[   30.314107]  </TASK>
[   30.314297] irq event stamp: 71403
[   30.314575] hardirqs last  enabled at (71411): [<ffffffff81449074>] console_unlock+0x224/0x240
[   30.315251] hardirqs last disabled at (71418): [<ffffffff81449059>] console_unlock+0x209/0x240
[   30.315981] softirqs last  enabled at (70926): [<ffffffff812795c9>] __irq_exit_rcu+0xa9/0x120
[   30.316699] softirqs last disabled at (70917): [<ffffffff812795c9>] __irq_exit_rcu+0xa9/0x120
[   30.317390] ---[ end trace 0000000000000000 ]---
[   30.318193] ------------[ cut here ]------------
[   30.318585] WARNING: CPU: 0 PID: 729 at kernel/cpu.c:525 lockdep_assert_cpus_held+0xd3/0x100
[   30.319275] Modules linked in:
[   30.319543] CPU: 0 PID: 729 Comm: repro Tainted: G        W          6.10.0-rc2-2cb61f76be3b+ #1
[   30.320342] Hardware name: QEMU Standard PC (i440FX + PIIX, 1996), BIOS rel-1.16.0-0-gd239552ce722-prebuilt.qemu.org 04/01/2014
[   30.321277] RIP: 0010:lockdep_assert_cpus_held+0xd3/0x100
[   30.321734] Code: e8 d2 78 3e 00 be ff ff ff ff 48 c7 c7 30 5f d0 86 e8 61 fa 4b 04 31 ff 89 c3 89 c6 e8 f6 73 3e 00 85 db 75 cc e8 ad 78 3e 00 <0f> 0b eb c3 48 c7 c7 c4 64 9f 87 e8 ed a7 a1 00 e9 59 ff ff ff 48
[   30.323189] RSP: 0018:ffff88802716f820 EFLAGS: 00010293
[   30.323616] RAX: 0000000000000000 RBX: 0000000000000000 RCX: ffffffff81265cca
[   30.324193] RDX: ffff88802073ca00 RSI: ffffffff81265cd3 RDI: 0000000000000005
[   30.324815] RBP: ffff88802716f828 R08: 0000000000000000 R09: fffffbfff0f3f9e4
[   30.325396] R10: 0000000000000000 R11: 0000000000000001 R12: ffff88801eb209d8
[   30.325968] R13: ffff88801eb20820 R14: ffff888007c5af80 R15: ffff88801eb20800
[   30.326538] FS:  00007f6643dc9740(0000) GS:ffff88806c600000(0000) knlGS:0000000000000000
[   30.327178] CS:  0010 DS: 0000 ES: 0000 CR0: 0000000080050033
[   30.327644] CR2: 00007f18d7c99000 CR3: 000000001a57e005 CR4: 0000000000770ef0
[   30.328250] DR0: 0000000000000000 DR1: 0000000000000000 DR2: 0000000000000000
[   30.328819] DR3: 0000000000000000 DR6: 00000000ffff07f0 DR7: 0000000000000400
[   30.329379] PKRU: 55555554
[   30.329607] Call Trace:
[   30.329816]  <TASK>
[   30.330000]  ? show_regs+0xa8/0xc0
[   30.330296]  ? __warn+0xee/0x380
[   30.330569]  ? report_bug+0x25e/0x4b0
[   30.330878]  ? lockdep_assert_cpus_held+0xd3/0x100
[   30.331276]  ? report_bug+0x2cb/0x4b0
[   30.331585]  ? alloc_workqueue+0x910/0x1940
[   30.331942]  ? lockdep_assert_cpus_held+0xd3/0x100
[   30.332372]  ? handle_bug+0xa2/0x130
[   30.332678]  ? exc_invalid_op+0x3c/0x80
[   30.333000]  ? asm_exc_invalid_op+0x1f/0x30
[   30.333348]  ? lockdep_assert_cpus_held+0xca/0x100
[   30.333738]  ? lockdep_assert_cpus_held+0xd3/0x100
[   30.334129]  ? lockdep_assert_cpus_held+0xd3/0x100
[   30.334523]  alloc_workqueue+0x9b0/0x1940
[   30.334865]  ? __pfx_alloc_workqueue+0x10/0x10
[   30.335228]  ? kasan_save_track+0x18/0x40
[   30.335561]  ? __kasan_kmalloc+0x88/0xa0
[   30.335899]  ? kmalloc_trace_noprof+0x1b9/0x3c0
[   30.336319]  xlog_cil_init+0xd6/0x5a0
[   30.336633]  xlog_alloc_log+0xe62/0x13e0
[   30.336957]  ? lockdep_init_map_type+0x2df/0x810
[   30.337345]  xfs_log_mount+0xf8/0x490
[   30.337648]  ? xfs_log_mount+0xf8/0x490
[   30.337970]  xfs_mountfs+0xe5f/0x1c00
[   30.338283]  ? __pfx_xfs_mountfs+0x10/0x10
[   30.338622]  ? xfs_mru_cache_create+0x4d8/0x5f0
[   30.339000]  xfs_fs_fill_super+0x11a5/0x1de0
[   30.339358]  get_tree_bdev+0x3c5/0x6a0
[   30.339669]  ? __pfx_xfs_fs_fill_super+0x10/0x10
[   30.340049]  ? __pfx_get_tree_bdev+0x10/0x10
[   30.340434]  ? __pfx_vfs_parse_comma_sep+0x10/0x10
[   30.340830]  ? cap_capable+0x1d3/0x240
[   30.341145]  ? __sanitizer_cov_trace_const_cmp4+0x1a/0x20
[   30.341577]  ? security_capable+0xa0/0xd0
[   30.341910]  xfs_fs_get_tree+0x26/0x30
[   30.342220]  vfs_get_tree+0x9d/0x390
[   30.342520]  path_mount+0x707/0x2000
[   30.342823]  ? __kasan_slab_free+0x120/0x1a0
[   30.343181]  ? __pfx_path_mount+0x10/0x10
[   30.343512]  ? putname+0x146/0x190
[   30.343822]  __x64_sys_mount+0x2c2/0x350
[   30.344154]  ? __pfx___x64_sys_mount+0x10/0x10
[   30.344563]  x64_sys_call+0x2091/0x20d0
[   30.344909]  do_syscall_64+0x6d/0x140
[   30.345232]  entry_SYSCALL_64_after_hwframe+0x76/0x7e
[   30.345659] RIP: 0033:0x7f6643a3f7be
[   30.345955] Code: 48 8b 0d 65 a6 1b 00 f7 d8 64 89 01 48 83 c8 ff c3 66 2e 0f 1f 84 00 00 00 00 00 90 f3 0f 1e fa 49 89 ca b8 a5 00 00 00 0f 05 <48> 3d 01 f0 ff ff 73 01 c3 48 8b 0d 32 a6 1b 00 f7 d8 64 89 01 48
[   30.347392] RSP: 002b:00007ffcba9d6f38 EFLAGS: 00000202 ORIG_RAX: 00000000000000a5
[   30.347995] RAX: ffffffffffffffda RBX: 0000000000000000 RCX: 00007f6643a3f7be
[   30.348574] RDX: 0000000020009600 RSI: 0000000020009640 RDI: 00007ffcba9d7080
[   30.349149] RBP: 00007ffcba9d7110 R08: 00007ffcba9d6f80 R09: 0000000000000000
[   30.349704] R10: 0000000000004490 R11: 0000000000000202 R12: 00007ffcba9d7288
[   30.350263] R13: 0000000000402cb4 R14: 000000000040de08 R15: 00007f6643e14000
[   30.350840]  </TASK>
[   30.351028] irq event stamp: 72189
[   30.351307] hardirqs last  enabled at (72197): [<ffffffff81449074>] console_unlock+0x224/0x240
[   30.351987] hardirqs last disabled at (72204): [<ffffffff81449059>] console_unlock+0x209/0x240
[   30.352687] softirqs last  enabled at (72082): [<ffffffff812795c9>] __irq_exit_rcu+0xa9/0x120
[   30.353383] softirqs last disabled at (72065): [<ffffffff812795c9>] __irq_exit_rcu+0xa9/0x120
[   30.354062] ---[ end trace 0000000000000000 ]---
[   30.369372] XFS (loop0): Ending clean mount
