c[?7l[2J[0mSeaBIOS (version rel-1.16.0-0-gd239552ce722-prebuilt.qemu.org)


iPXE (http://ipxe.org) 00:03.0 CA00 PCI2.10 PnP PMM+7FF91000+7FEF1000 CA00
Press Ctrl-B to configure iPXE (PCI 00:03.0)...                                                                               


Booting from ROM...
c[?7l[2J[    0.000000] Linux version 6.10.0-rc2-445f3d968524+ (root@p-mtlp04) (gcc (GCC) 11.4.1 20231218 (Red Hat 11.4.1-3), GNU ld version 2.35.2-48.el9) #1 SMP PREEMPT_DYNAMIC Tue Jul 16 02:00:56 CST 2024
[    0.000000] Command line: console=ttyS0 root=/dev/sda earlyprintk=serial net.ifnames=0 plymouth.enable=0
[    0.000000] KERNEL supported cpus:
[    0.000000]   Intel GenuineIntel
[    0.000000]   AMD AuthenticAMD
[    0.000000]   Hygon HygonGenuine
[    0.000000]   Centaur CentaurHauls
[    0.000000]   zhaoxin   Shanghai  
[    0.000000] x86/split lock detection: #DB: warning on user-space bus_locks
[    0.000000] BIOS-provided physical RAM map:
[    0.000000] BIOS-e820: [mem 0x0000000000000000-0x000000000009fbff] usable
[    0.000000] BIOS-e820: [mem 0x000000000009fc00-0x000000000009ffff] reserved
[    0.000000] BIOS-e820: [mem 0x00000000000f0000-0x00000000000fffff] reserved
[    0.000000] BIOS-e820: [mem 0x0000000000100000-0x000000007ffdffff] usable
[    0.000000] BIOS-e820: [mem 0x000000007ffe0000-0x000000007fffffff] reserved
[    0.000000] BIOS-e820: [mem 0x00000000feffc000-0x00000000feffffff] reserved
[    0.000000] BIOS-e820: [mem 0x00000000fffc0000-0x00000000ffffffff] reserved
[    0.000000] printk: legacy bootconsole [earlyser0] enabled
[    0.000000] NX (Execute Disable) protection: active
[    0.000000] APIC: Static calls initialized
[    0.000000] SMBIOS 2.8 present.
[    0.000000] DMI: QEMU Standard PC (i440FX + PIIX, 1996), BIOS rel-1.16.0-0-gd239552ce722-prebuilt.qemu.org 04/01/2014
[    0.000000] DMI: Memory slots populated: 1/1
[    0.000000] Hypervisor detected: KVM
[    0.000000] kvm-clock: Using msrs 4b564d01 and 4b564d00
[    0.000004] kvm-clock: using sched offset of 1233080432 cycles
[    0.000600] clocksource: kvm-clock: mask: 0xffffffffffffffff max_cycles: 0x1cd42e4dffb, max_idle_ns: 881590591483 ns
[    0.002477] tsc: Detected 2995.200 MHz processor
[    0.013374] last_pfn = 0x7ffe0 max_arch_pfn = 0x400000000
[    0.014026] MTRR map: 4 entries (3 fixed + 1 variable; max 19), built from 8 variable MTRRs
[    0.014963] x86/PAT: Configuration [0-7]: WB  WC  UC- UC  WB  WP  UC- WT  
[    0.028955] found SMP MP-table at [mem 0x000f5ba0-0x000f5baf]
[    0.029651] Using GB pages for direct mapping
[    0.033004] ACPI: Early table checksum verification disabled
[    0.033634] ACPI: RSDP 0x00000000000F59C0 000014 (v00 BOCHS )
[    0.034289] ACPI: RSDT 0x000000007FFE1951 000034 (v01 BOCHS  BXPC     00000001 BXPC 00000001)
[    0.035261] ACPI: FACP 0x000000007FFE17FD 000074 (v01 BOCHS  BXPC     00000001 BXPC 00000001)
[    0.036223] ACPI: DSDT 0x000000007FFE0040 0017BD (v01 BOCHS  BXPC     00000001 BXPC 00000001)
[    0.037172] ACPI: FACS 0x000000007FFE0000 000040
[    0.037696] ACPI: APIC 0x000000007FFE1871 000080 (v01 BOCHS  BXPC     00000001 BXPC 00000001)
[    0.038644] ACPI: HPET 0x000000007FFE18F1 000038 (v01 BOCHS  BXPC     00000001 BXPC 00000001)
[    0.039598] ACPI: WAET 0x000000007FFE1929 000028 (v01 BOCHS  BXPC     00000001 BXPC 00000001)
[    0.040538] ACPI: Reserving FACP table memory at [mem 0x7ffe17fd-0x7ffe1870]
[    0.041311] ACPI: Reserving DSDT table memory at [mem 0x7ffe0040-0x7ffe17fc]
[    0.042081] ACPI: Reserving FACS table memory at [mem 0x7ffe0000-0x7ffe003f]
[    0.042853] ACPI: Reserving APIC table memory at [mem 0x7ffe1871-0x7ffe18f0]
[    0.043639] ACPI: Reserving HPET table memory at [mem 0x7ffe18f1-0x7ffe1928]
[    0.044413] ACPI: Reserving WAET table memory at [mem 0x7ffe1929-0x7ffe1950]
[    0.045934] No NUMA configuration found
[    0.046363] Faking a node at [mem 0x0000000000000000-0x000000007ffdffff]
[    0.047160] NODE_DATA(0) allocated [mem 0x7ffb4e00-0x7ffdfdff]
[    0.050059] Zone ranges:
[    0.050344]   DMA      [mem 0x0000000000001000-0x0000000000ffffff]
[    0.051030]   DMA32    [mem 0x0000000001000000-0x000000007ffdffff]
[    0.051708]   Normal   empty
[    0.052029]   Device   empty
[    0.052351] Movable zone start for each node
[    0.052824] Early memory node ranges
[    0.053214]   node   0: [mem 0x0000000000001000-0x000000000009efff]
[    0.053901]   node   0: [mem 0x0000000000100000-0x000000007ffdffff]
[    0.054587] Initmem setup node 0 [mem 0x0000000000001000-0x000000007ffdffff]
[    0.056067] On node 0, zone DMA: 1 pages in unavailable ranges
[    0.057174] On node 0, zone DMA: 97 pages in unavailable ranges
[    0.133305] On node 0, zone DMA32: 32 pages in unavailable ranges
[    0.504592] kasan: KernelAddressSanitizer initialized
[    0.505500] ACPI: PM-Timer IO Port: 0x608
[    0.505987] ACPI: LAPIC_NMI (acpi_id[0xff] dfl dfl lint[0x1])
[    0.506705] IOAPIC[0]: apic_id 0, version 17, address 0xfec00000, GSI 0-23
[    0.507503] ACPI: INT_SRC_OVR (bus 0 bus_irq 0 global_irq 2 dfl dfl)
[    0.508207] ACPI: INT_SRC_OVR (bus 0 bus_irq 5 global_irq 5 high level)
[    0.508936] ACPI: INT_SRC_OVR (bus 0 bus_irq 9 global_irq 9 high level)
[    0.509661] ACPI: INT_SRC_OVR (bus 0 bus_irq 10 global_irq 10 high level)
[    0.510408] ACPI: INT_SRC_OVR (bus 0 bus_irq 11 global_irq 11 high level)
[    0.511178] ACPI: Using ACPI (MADT) for SMP configuration information
[    0.511882] ACPI: HPET id: 0x8086a201 base: 0xfed00000
[    0.512462] TSC deadline timer available
[    0.512900] CPU topo: Max. logical packages:   1
[    0.513407] CPU topo: Max. logical dies:       1
[    0.513913] CPU topo: Max. dies per package:   1
[    0.514425] CPU topo: Max. threads per core:   1
[    0.514948] CPU topo: Num. cores per package:     2
[    0.515513] CPU topo: Num. threads per package:   2
[    0.516075] CPU topo: Allowing 2 present CPUs plus 0 hotplug CPUs
[    0.516857] kvm-guest: APIC: eoi() replaced with kvm_guest_apic_eoi_write()
[    0.517692] kvm-guest: KVM setup pv remote TLB flush
[    0.518271] kvm-guest: setup PV sched yield
[    0.518825] PM: hibernation: Registered nosave memory: [mem 0x00000000-0x00000fff]
[    0.519698] PM: hibernation: Registered nosave memory: [mem 0x0009f000-0x0009ffff]
[    0.520566] PM: hibernation: Registered nosave memory: [mem 0x000a0000-0x000effff]
[    0.521435] PM: hibernation: Registered nosave memory: [mem 0x000f0000-0x000fffff]
[    0.522309] [mem 0x80000000-0xfeffbfff] available for PCI devices
[    0.523022] Booting paravirtualized kernel on KVM
[    0.523569] clocksource: refined-jiffies: mask: 0xffffffff max_cycles: 0xffffffff, max_idle_ns: 7645519600211568 ns
[    0.524777] setup_percpu: NR_CPUS:8192 nr_cpumask_bits:2 nr_cpu_ids:2 nr_node_ids:1
[    0.527925] percpu: Embedded 84 pages/cpu s307200 r8192 d28672 u1048576
[    0.529016] kvm-guest: PV spinlocks enabled
[    0.529558] PV qspinlock hash table entries: 256 (order: 0, 4096 bytes, linear)
[    0.530479] Kernel command line: net.ifnames=0 console=ttyS0 root=/dev/sda earlyprintk=serial net.ifnames=0 plymouth.enable=0
[    0.532232] random: crng init done
[    0.534667] Dentry cache hash table entries: 262144 (order: 9, 2097152 bytes, linear)
[    0.536980] Inode-cache hash table entries: 131072 (order: 8, 1048576 bytes, linear)
[    0.538370] Fallback order for Node 0: 0 
[    0.538387] Built 1 zonelists, mobility grouping on.  Total pages: 524158
[    0.539678] Policy zone: DMA32
[    0.540057] mem auto-init: stack:off, heap alloc:off, heap free:off, mlocked free:off
[    0.540962] stackdepot: allocating hash table via alloc_large_system_hash
[    0.541756] stackdepot hash table entries: 1048576 (order: 12, 16777216 bytes, linear)
[    0.655084] Memory: 1563724K/2096632K available (75776K kernel code, 14376K rwdata, 17064K rodata, 15256K init, 68380K bss, 532652K reserved, 0K cma-reserved)
[    0.658966] SLUB: HWalign=64, Order=0-3, MinObjects=0, CPUs=2, Nodes=1
[    0.659730] kmemleak: Kernel memory leak detector disabled
[    0.660648] ftrace: allocating 71615 entries in 280 pages
[    0.695556] ftrace: allocated 280 pages with 3 groups
[    0.701324] Dynamic Preempt: voluntary
[    0.702753] Running RCU self tests
[    0.703173] Running RCU synchronous self tests
[    0.703706] rcu: Preemptible hierarchical RCU implementation.
[    0.704426] rcu: 	RCU lockdep checking is enabled.
[    0.704976] rcu: 	RCU restricting CPUs from NR_CPUS=8192 to nr_cpu_ids=2.
[    0.705756] 	Trampoline variant of Tasks RCU enabled.
[    0.706336] 	Rude variant of Tasks RCU enabled.
[    0.706865] 	Tracing variant of Tasks RCU enabled.
[    0.707422] rcu: RCU calculated value of scheduler-enlistment delay is 25 jiffies.
[    0.708279] rcu: Adjusting geometry for rcu_fanout_leaf=16, nr_cpu_ids=2
[    0.709153] Running RCU synchronous self tests
[    0.709672] RCU Tasks: Setting shift to 1 and lim to 1 rcu_task_cb_adjust=1.
[    0.710483] RCU Tasks Rude: Setting shift to 1 and lim to 1 rcu_task_cb_adjust=1.
[    0.711349] RCU Tasks Trace: Setting shift to 1 and lim to 1 rcu_task_cb_adjust=1.
[    0.777657] NR_IRQS: 524544, nr_irqs: 440, preallocated irqs: 16
[    0.779368] rcu: srcu_init: Setting srcu_struct sizes based on contention.
[    0.790429] Console: colour VGA+ 80x25
[    0.791073] printk: legacy console [ttyS0] enabled
[    0.791073] printk: legacy console [ttyS0] enabled
[    0.792154] printk: legacy bootconsole [earlyser0] disabled
[    0.792154] printk: legacy bootconsole [earlyser0] disabled
[    0.793428] Lock dependency validator: Copyright (c) 2006 Red Hat, Inc., Ingo Molnar
[    0.794296] ... MAX_LOCKDEP_SUBCLASSES:  8
[    0.794766] ... MAX_LOCK_DEPTH:          48
[    0.795327] ... MAX_LOCKDEP_KEYS:        8192
[    0.795872] ... CLASSHASH_SIZE:          4096
[    0.796385] ... MAX_LOCKDEP_ENTRIES:     524288
[    0.796950] ... MAX_LOCKDEP_CHAINS:      524288
[    0.797484] ... CHAINHASH_SIZE:          262144
[    0.798046]  memory used by lock dependency info: 54145 kB
[    0.798696]  memory used for stack traces: 4224 kB
[    0.799272]  per task-struct memory footprint: 1920 bytes
[    0.800081] ACPI: Core revision 20240322
[    0.801399] clocksource: hpet: mask: 0xffffffff max_cycles: 0xffffffff, max_idle_ns: 19112604467 ns
[    0.802808] APIC: Switch to symmetric I/O mode setup
[    0.803619] x2apic enabled
[    0.804493] APIC: Switched APIC routing to: physical x2apic
[    0.805150] kvm-guest: APIC: send_IPI_mask() replaced with kvm_send_ipi_mask()
[    0.805995] kvm-guest: APIC: send_IPI_mask_allbutself() replaced with kvm_send_ipi_mask_allbutself()
[    0.807141] kvm-guest: setup PV IPIs
[    0.809323] ..TIMER: vector=0x30 apic1=0 pin1=2 apic2=-1 pin2=-1
[    0.810062] clocksource: tsc-early: mask: 0xffffffffffffffff max_cycles: 0x2b2c8ec87c7, max_idle_ns: 440795278598 ns
[    0.811367] Calibrating delay loop (skipped) preset value.. 5990.40 BogoMIPS (lpj=11980800)
[    0.812486] x86/cpu: User Mode Instruction Prevention (UMIP) activated
[    0.813385] Last level iTLB entries: 4KB 0, 2MB 0, 4MB 0
[    0.813990] Last level dTLB entries: 4KB 0, 2MB 0, 4MB 0, 1GB 0
[    0.815371] Spectre V1 : Mitigation: usercopy/swapgs barriers and __user pointer sanitization
[    0.816341] Spectre V2 : WARNING: Unprivileged eBPF is enabled with eIBRS on, data leaks possible via Spectre v2 BHB attacks!
[    0.817603] Spectre V2 : Spectre BHI mitigation: SW BHB clearing on vm exit
[    0.818441] Spectre V2 : Spectre BHI mitigation: SW BHB clearing on syscall
[    0.819347] Spectre V2 : Mitigation: Enhanced / Automatic IBRS
[    0.820103] Spectre V2 : Spectre v2 / SpectreRSB mitigation: Filling RSB on context switch
[    0.821137] Spectre V2 : Spectre v2 / PBRSB-eIBRS: Retire a single CALL on VMEXIT
[    0.821990] Spectre V2 : mitigation: Enabling conditional Indirect Branch Prediction Barrier
[    0.822949] Speculative Store Bypass: Mitigation: Speculative Store Bypass disabled via prctl
[    0.823352] MMIO Stale Data: Unknown: No mitigations
[    0.824061] x86/fpu: Supporting XSAVE feature 0x001: 'x87 floating point registers'
[    0.825015] x86/fpu: Supporting XSAVE feature 0x002: 'SSE registers'
[    0.825839] x86/fpu: Supporting XSAVE feature 0x004: 'AVX registers'
[    0.826582] x86/fpu: Supporting XSAVE feature 0x200: 'Protection Keys User registers'
[    0.827349] x86/fpu: xstate_offset[2]:  576, xstate_sizes[2]:  256
[    0.828163] x86/fpu: xstate_offset[9]:  832, xstate_sizes[9]:    8
[    0.828925] x86/fpu: Enabled xstate features 0x207, context size is 840 bytes, using 'compacted' format.
[    1.030280] Freeing SMP alternatives memory: 56K
[    1.030894] pid_max: default: 32768 minimum: 301
[    1.031823] LSM: initializing lsm=capability,yama,ima,evm
[    1.032598] Yama: becoming mindful.
[    1.033653] Mount-cache hash table entries: 4096 (order: 3, 32768 bytes, linear)
[    1.034589] Mountpoint-cache hash table entries: 4096 (order: 3, 32768 bytes, linear)
[    1.038873] Running RCU synchronous self tests
[    1.039360] Running RCU synchronous self tests
[    1.040629] smpboot: CPU0: Intel(R) Core(TM) Ultra 7 155H (family: 0x6, model: 0xaa, stepping: 0x4)
[    1.043341] Running RCU Tasks wait API self tests
[    1.143568] Running RCU Tasks Rude wait API self tests
[    1.145050] Running RCU Tasks Trace wait API self tests
[    1.146352] Performance Events: unsupported p6 CPU model 170 no PMU driver, software events only.
[    1.147542] signal: max sigframe size: 3632
[    1.149099] rcu: Hierarchical SRCU implementation.
[    1.150138] rcu: 	Max phase no-delay instances is 1000.
[    1.151657] Callback from call_rcu_tasks_trace() invoked.
[    1.160933] NMI watchdog: Perf NMI watchdog permanently disabled
[    1.162931] smp: Bringing up secondary CPUs ...
[    1.165522] smpboot: x86: Booting SMP configuration:
[    1.166620] .... node  #0, CPUs:      #1
[    1.167909] smp: Brought up 1 node, 2 CPUs
[    1.169206] smpboot: Total of 2 processors activated (11980.80 BogoMIPS)
[    1.176189] devtmpfs: initialized
[    1.176189] x86/mm: Memory block size: 128MB
[    1.203461] Running RCU synchronous self tests
[    1.204524] Running RCU synchronous self tests
[    1.205592] clocksource: jiffies: mask: 0xffffffff max_cycles: 0xffffffff, max_idle_ns: 7645041785100000 ns
[    1.207382] futex hash table entries: 512 (order: 4, 65536 bytes, linear)
[    1.210270] pinctrl core: initialized pinctrl subsystem
[    1.213919] 
[    1.214303] *************************************************************
[    1.215357] **     NOTICE NOTICE NOTICE NOTICE NOTICE NOTICE NOTICE    **
[    1.216814] **                                                         **
[    1.218251] **  IOMMU DebugFS SUPPORT HAS BEEN ENABLED IN THIS KERNEL  **
[    1.219354] **                                                         **
[    1.220756] ** This means that this kernel is built to expose internal **
[    1.222160] ** IOMMU data structures, which may compromise security on **
[    1.223354] ** your system.                                            **
[    1.224761] **                                                         **
[    1.226167] ** If you see this message and you are not debugging the   **
[    1.227354] ** kernel, report this immediately to your vendor!         **
[    1.228766] **                                                         **
[    1.230175] **     NOTICE NOTICE NOTICE NOTICE NOTICE NOTICE NOTICE    **
[    1.231354] *************************************************************
[    1.233002] PM: RTC time: 18:06:43, date: 2024-07-15
[    1.243714] NET: Registered PF_NETLINK/PF_ROUTE protocol family
[    1.247996] Callback from call_rcu_tasks_rude() invoked.
[    1.248532] DMA: preallocated 256 KiB GFP_KERNEL pool for atomic allocations
[    1.250810] DMA: preallocated 256 KiB GFP_KERNEL|GFP_DMA pool for atomic allocations
[    1.251438] DMA: preallocated 256 KiB GFP_KERNEL|GFP_DMA32 pool for atomic allocations
[    1.253587] audit: initializing netlink subsys (disabled)
[    1.255614] audit: type=2000 audit(1721066803.449:1): state=initialized audit_enabled=0 res=1
[    1.261083] thermal_sys: Registered thermal governor 'fair_share'
[    1.261196] thermal_sys: Registered thermal governor 'bang_bang'
[    1.262753] thermal_sys: Registered thermal governor 'step_wise'
[    1.263364] thermal_sys: Registered thermal governor 'user_space'
[    1.264877] cpuidle: using governor ladder
[    1.267377] cpuidle: using governor menu
[    1.268940] acpiphp: ACPI Hot Plug PCI Controller Driver version: 0.5
[    1.272429] PCI: Using configuration type 1 for base access
[    1.275786] kprobes: kprobe jump-optimization is enabled. All kprobes are optimized if possible.
[    1.365710] Callback from call_rcu_tasks() invoked.
[    1.511353] HugeTLB: registered 1.00 GiB page size, pre-allocated 0 pages
[    1.511364] HugeTLB: 16380 KiB vmemmap can be freed for a 1.00 GiB page
[    1.512733] HugeTLB: registered 2.00 MiB page size, pre-allocated 0 pages
[    1.514130] HugeTLB: 28 KiB vmemmap can be freed for a 2.00 MiB page
[    1.519342] Demotion targets for Node 0: null
[    1.526909] ACPI: Added _OSI(Module Device)
[    1.527389] ACPI: Added _OSI(Processor Device)
[    1.528332] ACPI: Added _OSI(3.0 _SCP Extensions)
[    1.529572] ACPI: Added _OSI(Processor Aggregator Device)
[    1.584722] ACPI: 1 ACPI AML tables successfully acquired and loaded
[    1.601939] ACPI: _OSC evaluation for CPUs failed, trying _PDC
[    1.611696] ACPI: Interpreter enabled
[    1.612846] ACPI: PM: (supports S0 S3 S4 S5)
[    1.613765] ACPI: Using IOAPIC for interrupt routing
[    1.615148] PCI: Using host bridge windows from ACPI; if necessary, use "pci=nocrs" and report a bug
[    1.619359] PCI: Using E820 reservations for host bridge windows
[    1.624267] ACPI: Enabled 2 GPEs in block 00 to 0F
[    1.732944] ACPI: PCI Root Bridge [PCI0] (domain 0000 [bus 00-ff])
[    1.733826] acpi PNP0A03:00: _OSC: OS supports [ASPM ClockPM Segments MSI EDR HPX-Type3]
[    1.734835] acpi PNP0A03:00: _OSC: not requesting OS control; OS requires [ExtendedConfig ASPM ClockPM MSI]
[    1.735783] acpi PNP0A03:00: fail to add MMCONFIG information, can't access extended configuration space under this bridge
[    1.748638] acpiphp: Slot [3] registered
[    1.749516] acpiphp: Slot [4] registered
[    1.750365] acpiphp: Slot [5] registered
[    1.751215] acpiphp: Slot [6] registered
[    1.751731] acpiphp: Slot [7] registered
[    1.752623] acpiphp: Slot [8] registered
[    1.753486] acpiphp: Slot [9] registered
[    1.754330] acpiphp: Slot [10] registered
[    1.755177] acpiphp: Slot [11] registered
[    1.755721] acpiphp: Slot [12] registered
[    1.756570] acpiphp: Slot [13] registered
[    1.757437] acpiphp: Slot [14] registered
[    1.758294] acpiphp: Slot [15] registered
[    1.759169] acpiphp: Slot [16] registered
[    1.759688] acpiphp: Slot [17] registered
[    1.760540] acpiphp: Slot [18] registered
[    1.761392] acpiphp: Slot [19] registered
[    1.762288] acpiphp: Slot [20] registered
[    1.763149] acpiphp: Slot [21] registered
[    1.763695] acpiphp: Slot [22] registered
[    1.764554] acpiphp: Slot [23] registered
[    1.765757] acpiphp: Slot [24] registered
[    1.766669] acpiphp: Slot [25] registered
[    1.767527] acpiphp: Slot [26] registered
[    1.768397] acpiphp: Slot [27] registered
[    1.769278] acpiphp: Slot [28] registered
[    1.770122] acpiphp: Slot [29] registered
[    1.770997] acpiphp: Slot [30] registered
[    1.771699] acpiphp: Slot [31] registered
[    1.772427] PCI host bridge to bus 0000:00
[    1.772964] pci_bus 0000:00: root bus resource [io  0x0000-0x0cf7 window]
[    1.773822] pci_bus 0000:00: root bus resource [io  0x0d00-0xffff window]
[    1.774677] pci_bus 0000:00: root bus resource [mem 0x000a0000-0x000bffff window]
[    1.779361] pci_bus 0000:00: root bus resource [mem 0x80000000-0xfebfffff window]
[    1.780309] pci_bus 0000:00: root bus resource [mem 0x100000000-0x17fffffff window]
[    1.781282] pci_bus 0000:00: root bus resource [bus 00-ff]
[    1.782370] pci 0000:00:00.0: [8086:1237] type 00 class 0x060000 conventional PCI endpoint
[    1.812296] pci 0000:00:01.0: [8086:7000] type 00 class 0x060100 conventional PCI endpoint
[    1.816354] pci 0000:00:01.1: [8086:7010] type 00 class 0x010180 conventional PCI endpoint
[    1.819355] pci 0000:00:01.1: BAR 4 [io  0xc040-0xc04f]
[    1.820952] pci 0000:00:01.1: BAR 0 [io  0x01f0-0x01f7]: legacy IDE quirk
[    1.821804] pci 0000:00:01.1: BAR 1 [io  0x03f6]: legacy IDE quirk
[    1.822602] pci 0000:00:01.1: BAR 2 [io  0x0170-0x0177]: legacy IDE quirk
[    1.823452] pci 0000:00:01.1: BAR 3 [io  0x0376]: legacy IDE quirk
[    1.825315] pci 0000:00:01.3: [8086:7113] type 00 class 0x068000 conventional PCI endpoint
[    1.826903] pci 0000:00:01.3: quirk: [io  0x0600-0x063f] claimed by PIIX4 ACPI
[    1.827376] pci 0000:00:01.3: quirk: [io  0x0700-0x070f] claimed by PIIX4 SMB
[    1.829145] pci 0000:00:02.0: [1234:1111] type 00 class 0x030000 conventional PCI endpoint
[    1.847956] pci 0000:00:02.0: BAR 0 [mem 0xfd000000-0xfdffffff pref]
[    1.851932] pci 0000:00:02.0: BAR 2 [mem 0xfebf0000-0xfebf0fff]
[    1.868382] pci 0000:00:02.0: ROM [mem 0xfebe0000-0xfebeffff pref]
[    1.870844] pci 0000:00:02.0: Video device with shadowed ROM at [mem 0x000c0000-0x000dffff]
[    1.912843] pci 0000:00:03.0: [8086:100e] type 00 class 0x020000 conventional PCI endpoint
[    1.916480] pci 0000:00:03.0: BAR 0 [mem 0xfebc0000-0xfebdffff]
[    1.919327] pci 0000:00:03.0: BAR 1 [io  0xc000-0xc03f]
[    1.926983] pci 0000:00:03.0: ROM [mem 0xfeb80000-0xfebbffff pref]
[    1.990639] ACPI: PCI: Interrupt link LNKA configured for IRQ 10
[    1.994054] ACPI: PCI: Interrupt link LNKB configured for IRQ 10
[    1.997319] ACPI: PCI: Interrupt link LNKC configured for IRQ 11
[    2.000562] ACPI: PCI: Interrupt link LNKD configured for IRQ 11
[    2.002320] ACPI: PCI: Interrupt link LNKS configured for IRQ 9
[    2.010405] iommu: Default domain type: Translated
[    2.011007] iommu: DMA domain TLB invalidation policy: lazy mode
[    2.016772] SCSI subsystem initialized
[    2.018221] ACPI: bus type USB registered
[    2.019028] usbcore: registered new interface driver usbfs
[    2.019527] usbcore: registered new interface driver hub
[    2.020288] usbcore: registered new device driver usb
[    2.021601] pps_core: LinuxPPS API ver. 1 registered
[    2.022212] pps_core: Software ver. 5.3.6 - Copyright 2005-2007 Rodolfo Giometti <giometti@linux.it>
[    2.023341] PTP clock support registered
[    2.024659] EDAC MC: Ver: 3.0.0
[    2.031547] NetLabel: Initializing
[    2.031986] NetLabel:  domain hash size = 128
[    2.032511] NetLabel:  protocols = UNLABELED CIPSOv4 CALIPSO
[    2.033502] NetLabel:  unlabeled traffic allowed by default
[    2.035582] PCI: Using ACPI for IRQ routing
[    2.036911] pci 0000:00:02.0: vgaarb: setting as boot VGA device
[    2.037703] pci 0000:00:02.0: vgaarb: bridge control possible
[    2.038400] pci 0000:00:02.0: vgaarb: VGA device added: decodes=io+mem,owns=io+mem,locks=none
[    2.039352] vgaarb: loaded
[    2.041103] hpet0: at MMIO 0xfed00000, IRQs 2, 8, 0
[    2.041719] hpet0: 3 comparators, 64-bit 100.000000 MHz counter
[    2.071185] clocksource: Switched to clocksource kvm-clock
[    2.079391] VFS: Disk quotas dquot_6.6.0
[    2.079929] VFS: Dquot-cache hash table entries: 512 (order 0, 4096 bytes)
[    2.083294] pnp: PnP ACPI init
[    2.092116] pnp: PnP ACPI: found 6 devices
[    2.122875] clocksource: acpi_pm: mask: 0xffffff max_cycles: 0xffffff, max_idle_ns: 2085701024 ns
[    2.126110] NET: Registered PF_INET protocol family
[    2.127239] IP idents hash table entries: 32768 (order: 6, 262144 bytes, linear)
[    2.130368] tcp_listen_portaddr_hash hash table entries: 1024 (order: 4, 73728 bytes, linear)
[    2.131389] Table-perturb hash table entries: 65536 (order: 6, 262144 bytes, linear)
[    2.132340] TCP established hash table entries: 16384 (order: 5, 131072 bytes, linear)
[    2.133773] TCP bind hash table entries: 16384 (order: 9, 2359296 bytes, linear)
[    2.135667] TCP: Hash tables configured (established 16384 bind 16384)
[    2.136764] UDP hash table entries: 1024 (order: 5, 163840 bytes, linear)
[    2.137601] UDP-Lite hash table entries: 1024 (order: 5, 163840 bytes, linear)
[    2.138966] NET: Registered PF_UNIX/PF_LOCAL protocol family
[    2.141823] RPC: Registered named UNIX socket transport module.
[    2.142539] RPC: Registered udp transport module.
[    2.143069] RPC: Registered tcp transport module.
[    2.143622] RPC: Registered tcp-with-tls transport module.
[    2.144245] RPC: Registered tcp NFSv4.1 backchannel transport module.
[    2.145091] pci_bus 0000:00: resource 4 [io  0x0000-0x0cf7 window]
[    2.145785] pci_bus 0000:00: resource 5 [io  0x0d00-0xffff window]
[    2.146471] pci_bus 0000:00: resource 6 [mem 0x000a0000-0x000bffff window]
[    2.147246] pci_bus 0000:00: resource 7 [mem 0x80000000-0xfebfffff window]
[    2.148014] pci_bus 0000:00: resource 8 [mem 0x100000000-0x17fffffff window]
[    2.149505] pci 0000:00:01.0: PIIX3: Enabling Passive Release
[    2.150161] pci 0000:00:00.0: Limiting direct PCI/PCI transfers
[    2.150940] PCI: CLS 0 bytes, default 64
[    2.152594] ACPI: bus type thunderbolt registered
[    2.153685] clocksource: tsc: mask: 0xffffffffffffffff max_cycles: 0x2b2c8ec87c7, max_idle_ns: 440795278598 ns
[    4.290003] Initialise system trusted keyrings
[    4.291229] Key type blacklist registered
[    4.293277] workingset: timestamp_bits=36 max_order=19 bucket_order=0
[    4.294657] zbud: loaded
[    4.300323] squashfs: version 4.0 (2009/01/31) Phillip Lougher
[    4.305277] NFS: Registering the id_resolver key type
[    4.306353] Key type id_resolver registered
[    4.307161] Key type id_legacy registered
[    4.308145] nfs4filelayout_init: NFSv4 File Layout Driver Registering...
[    4.309525] nfs4flexfilelayout_init: NFSv4 Flexfile Layout Driver Registering...
[    4.311645] fuse: init (API version 7.40)
[    4.313696] SGI XFS with ACLs, security attributes, realtime, quota, no debug enabled
[    4.318338] 9p: Installing v9fs 9p2000 file system support
[    4.343275] Key type asymmetric registered
[    4.344201] Asymmetric key parser 'x509' registered
[    4.345560] Block layer SCSI generic (bsg) driver version 0.4 loaded (major 243)
[    4.347677] io scheduler mq-deadline registered
[    4.348827] io scheduler bfq registered
[    4.352172] shpchp: Standard Hot Plug PCI Controller Driver version: 0.4
[    4.355661] IPMI message handler: version 39.2
[    4.356742] ipmi device interface
[    4.361820] input: Power Button as /devices/LNXSYSTM:00/LNXPWRBN:00/input/input0
[    4.365006] ACPI: button: Power Button [PWRF]
[    4.370569] ERST DBG: ERST support is disabled.
[    4.375521] Serial: 8250/16550 driver, 32 ports, IRQ sharing enabled
[    4.380213] 00:04: ttyS0 at I/O 0x3f8 (irq = 4, base_baud = 115200) is a 16550A
[    4.453695] Linux agpgart interface v0.103
[    4.462542] ACPI: bus type drm_connector registered
[    4.513189] brd: module loaded
[    4.548030] loop: module loaded
[    4.571309] scsi host0: ata_piix
[    4.574924] scsi host1: ata_piix
[    4.576766] ata1: PATA max MWDMA2 cmd 0x1f0 ctl 0x3f6 bmdma 0xc040 irq 14 lpm-pol 0
[    4.578246] ata2: PATA max MWDMA2 cmd 0x170 ctl 0x376 bmdma 0xc048 irq 15 lpm-pol 0
[    4.585546] tun: Universal TUN/TAP device driver, 1.6
[    4.587768] e100: Intel(R) PRO/100 Network Driver
[    4.588704] e100: Copyright(c) 1999-2006 Intel Corporation
[    4.589982] e1000: Intel(R) PRO/1000 Network Driver
[    4.590922] e1000: Copyright (c) 1999-2006 Intel Corporation.
[    4.739567] ata2: found unknown device (class 0)
[    4.741188] ata1: found unknown device (class 0)
[    4.743645] ata1.00: ATA-7: QEMU HARDDISK, 2.5+, max UDMA/100
[    4.744770] ata1.00: 17196647 sectors, multi 16: LBA48 
[    4.746064] ata2.00: ATAPI: QEMU DVD-ROM, 2.5+, max UDMA/100
[    4.750913] scsi 0:0:0:0: Direct-Access     ATA      QEMU HARDDISK    2.5+ PQ: 0 ANSI: 5
[    4.758315] sd 0:0:0:0: Attached scsi generic sg0 type 0
[    4.760234] sd 0:0:0:0: [sda] 17196647 512-byte logical blocks: (8.80 GB/8.20 GiB)
[    4.763439] sd 0:0:0:0: [sda] Write Protect is off
[    4.764879] sd 0:0:0:0: [sda] Write cache: enabled, read cache: enabled, doesn't support DPO or FUA
[    4.766737] scsi 1:0:0:0: CD-ROM            QEMU     QEMU DVD-ROM     2.5+ PQ: 0 ANSI: 5
[    4.768579] sd 0:0:0:0: [sda] Preferred minimum I/O size 512 bytes
[    4.786121] sd 0:0:0:0: [sda] Attached SCSI disk
[    4.794688] scsi 1:0:0:0: Attached scsi generic sg1 type 5
[    6.995629] ACPI: \_SB_.LNKC: Enabled at IRQ 11
[    7.338363] e1000 0000:00:03.0 eth0: (PCI:33MHz:32-bit) 52:54:00:12:34:56
[    7.339257] e1000 0000:00:03.0 eth0: Intel(R) PRO/1000 Network Connection
[    7.340390] e1000e: Intel(R) PRO/1000 Network Driver
[    7.340946] e1000e: Copyright(c) 1999 - 2015 Intel Corporation.
[    7.341730] igb: Intel(R) Gigabit Ethernet Network Driver
[    7.342311] igb: Copyright (c) 2007-2014 Intel Corporation.
[    7.343590] PPP generic driver version 2.4.2
[    7.345877] VFIO - User Level meta-driver version: 0.3
[    7.348910] usbcore: registered new interface driver uas
[    7.349608] usbcore: registered new interface driver usb-storage
[    7.350755] i8042: PNP: PS/2 Controller [PNP0303:KBD,PNP0f13:MOU] at 0x60,0x64 irq 1,12
[    7.352998] serio: i8042 KBD port at 0x60,0x64 irq 1
[    7.353647] serio: i8042 AUX port at 0x60,0x64 irq 12
[    7.356413] mousedev: PS/2 mouse device common for all mice
[    7.360009] input: AT Translated Set 2 keyboard as /devices/platform/i8042/serio0/input/input1
[    7.361443] rtc_cmos 00:05: RTC can wake from S4
[    7.364826] rtc_cmos 00:05: registered as rtc0
[    7.365439] rtc_cmos 00:05: setting system clock to 2024-07-15T18:06:49 UTC (1721066809)
[    7.366923] rtc_cmos 00:05: alarms up to one day, y3k, 242 bytes nvram, hpet irqs
[    7.369492] input: VirtualPS/2 VMware VMMouse as /devices/platform/i8042/serio1/input/input4
[    7.370946] i2c_dev: i2c /dev entries driver
[    7.372705] input: VirtualPS/2 VMware VMMouse as /devices/platform/i8042/serio1/input/input3
[    7.374009] device-mapper: core: CONFIG_IMA_DISABLE_HTABLE is disabled. Duplicate IMA measurements will not be recorded in the IMA log.
[    7.375763] device-mapper: uevent: version 1.0.3
[    7.377368] device-mapper: ioctl: 4.48.0-ioctl (2023-03-01) initialised: dm-devel@lists.linux.dev
[    7.378589] intel_pstate: CPU model not supported
[    7.379534] sdhci: Secure Digital Host Controller Interface driver
[    7.380215] sdhci: Copyright(c) Pierre Ossman
[    7.380901] sdhci-pltfm: SDHCI platform and OF driver helper
[    7.381662] ledtrig-cpu: registered to indicate activity on CPUs
[    7.383387] drop_monitor: Initializing network drop monitor service
[    7.384736] NET: Registered PF_INET6 protocol family
[    7.391941] Segment Routing with IPv6
[    7.392496] In-situ OAM (IOAM) with IPv6
[    7.393060] NET: Registered PF_PACKET protocol family
[    7.394012] 9pnet: Installing 9P2000 support
[    7.395113] Key type dns_resolver registered
[    7.399062] IPI shorthand broadcast: enabled
[    7.503904] sched_clock: Marking stable (7484014361, 19167814)->(7518127701, -14945526)
[    7.508563] Timer migration: 1 hierarchy levels; 8 children per group; 1 crossnode level
[    7.510942] registered taskstats version 1
[    7.513472] Loading compiled-in X.509 certificates
[    7.611293] Demotion targets for Node 0: null
[    7.615448] Key type .fscrypt registered
[    7.616240] Key type fscrypt-provisioning registered
[    7.622095] Key type encrypted registered
[    7.622717] ima: No TPM chip found, activating TPM-bypass!
[    7.623385] ima: Allocated hash algorithm: sha1
[    7.624076] ima: No architecture policies found
[    7.624940] evm: Initialising EVM extended attributes:
[    7.625521] evm: security.selinux
[    7.625906] evm: security.SMACK64
[    7.626280] evm: security.SMACK64EXEC
[    7.626691] evm: security.SMACK64TRANSMUTE
[    7.627151] evm: security.SMACK64MMAP
[    7.627577] evm: security.apparmor
[    7.627967] evm: security.ima
[    7.628300] evm: security.capability
[    7.628690] evm: HMAC attrs: 0x1
[    7.634140] PM:   Magic number: 0:109:140
[    7.634640] block ram5: hash matches
[    7.635141] acpi device:11: hash matches
[    7.637144] RAS: Correctable Errors collector initialized.
[    7.638713] clk: Disabling unused clocks
[    7.640223] PM: genpd: Disabling unused power domains
[    7.642991] md: Waiting for all devices to be available before autodetect
[    7.644301] md: If you don't use raid, use raid=noautodetect
[    7.645059] md: Autodetecting RAID arrays.
[    7.645649] md: autorun ...
[    7.646042] md: ... autorun DONE.
[    7.668149] EXT4-fs (sda): mounted filesystem 088740a9-c8b4-422c-999d-a804eb68a4da ro with ordered data mode. Quota mode: none.
[    7.669957] VFS: Mounted root (ext4 filesystem) readonly on device 8:0.
[    7.675341] devtmpfs: mounted
[    7.709463] Freeing unused decrypted memory: 2028K
[    7.729200] Freeing unused kernel image (initmem) memory: 15256K
[    7.730322] Write protecting the kernel read-only data: 94208k
[    7.735247] Freeing unused kernel image (rodata/data gap) memory: 1368K
[    7.841034] x86/mm: Checked W+X mappings: passed, no W+X pages found.
[    7.841971] Run /sbin/init as init process
[    8.076387] systemd[1]: systemd 252-15.el9 running in system mode (+PAM +AUDIT +SELINUX -APPARMOR +IMA +SMACK +SECCOMP +GCRYPT +GNUTLS +OPENSSL +ACL +BLKID +CURL +ELFUTILS -FIDO2 +IDN2 -IDN -IPTC +KMOD +LIBCRYPTSETUP +LIBFDISK +PCRE2 -PWQUALITY +P11KIT -QRENCODE +TPM2 +BZIP2 +LZ4 +XZ +ZLIB +ZSTD -BPF_FRAMEWORK +XKBCOMMON +UTMP +SYSVINIT default-hierarchy=unified)
[    8.078872] systemd[1]: Detected virtualization kvm.
[    8.079352] systemd[1]: Detected architecture x86-64.

Welcome to [0;31mCentOS Stream 9[0m!

[    8.087621] systemd[1]: Hostname set to <test>.
[    8.479714] systemd-rc-local-generator[126]: /etc/rc.d/rc.local is not marked executable, skipping.
[    9.109575] systemd[1]: Queued start job for default target Multi-User System.
[    9.162482] systemd[1]: Created slice Virtual Machine and Container Slice.
[[0;32m  OK  [0m] Created slice [0;1;39mVirtual Machine and Container Slice[0m.
[    9.174972] systemd[1]: Created slice Slice /system/getty.
[[0;32m  OK  [0m] Created slice [0;1;39mSlice /system/getty[0m.
[    9.181714] systemd[1]: Created slice Slice /system/modprobe.
[[0;32m  OK  [0m] Created slice [0;1;39mSlice /system/modprobe[0m.
[    9.188071] systemd[1]: Created slice Slice /system/serial-getty.
[[0;32m  OK  [0m] Created slice [0;1;39mSlice /system/serial-getty[0m.
[    9.194512] systemd[1]: Created slice Slice /system/sshd-keygen.
[[0;32m  OK  [0m] Created slice [0;1;39mSlice /system/sshd-keygen[0m.
[    9.199986] systemd[1]: Created slice User and Session Slice.
[[0;32m  OK  [0m] Created slice [0;1;39mUser and Session Slice[0m.
[    9.202232] systemd[1]: Started Forward Password Requests to Wall Directory Watch.
[[0;32m  OK  [0m] Started [0;1;39mForward Password R…uests to Wall Directory Watch[0m.
[    9.206172] systemd[1]: Set up automount Arbitrary Executable File Formats File System Automount Point.
[[0;32m  OK  [0m] Set up automount [0;1;39mArbitrary…s File System Automount Point[0m.
[    9.208441] systemd[1]: Reached target Local Integrity Protected Volumes.
[[0;32m  OK  [0m] Reached target [0;1;39mLocal Integrity Protected Volumes[0m.
[    9.210234] systemd[1]: Reached target Slice Units.
[[0;32m  OK  [0m] Reached target [0;1;39mSlice Units[0m.
[    9.211624] systemd[1]: Reached target Swaps.
[[0;32m  OK  [0m] Reached target [0;1;39mSwaps[0m.
[    9.212920] systemd[1]: Reached target Local Verity Protected Volumes.
[[0;32m  OK  [0m] Reached target [0;1;39mLocal Verity Protected Volumes[0m.
[    9.215310] systemd[1]: Listening on Device-mapper event daemon FIFOs.
[[0;32m  OK  [0m] Listening on [0;1;39mDevice-mapper event daemon FIFOs[0m.
[    9.218246] systemd[1]: Listening on LVM2 poll daemon socket.
[[0;32m  OK  [0m] Listening on [0;1;39mLVM2 poll daemon socket[0m.
[    9.220112] systemd[1]: multipathd control socket was skipped because of an unmet condition check (ConditionPathExists=/etc/multipath.conf).
[    9.317998] systemd[1]: Listening on RPCbind Server Activation Socket.
[[0;32m  OK  [0m] Listening on [0;1;39mRPCbind Server Activation Socket[0m.
[    9.320491] systemd[1]: Reached target RPC Port Mapper.
[[0;32m  OK  [0m] Reached target [0;1;39mRPC Port Mapper[0m.
[    9.327370] systemd[1]: Listening on Process Core Dump Socket.
[[0;32m  OK  [0m] Listening on [0;1;39mProcess Core Dump Socket[0m.
[    9.330293] systemd[1]: Listening on initctl Compatibility Named Pipe.
[[0;32m  OK  [0m] Listening on [0;1;39minitctl Compatibility Named Pipe[0m.
[    9.334125] systemd[1]: Listening on Journal Socket (/dev/log).
[[0;32m  OK  [0m] Listening on [0;1;39mJournal Socket (/dev/log)[0m.
[    9.337481] systemd[1]: Listening on Journal Socket.
[[0;32m  OK  [0m] Listening on [0;1;39mJournal Socket[0m.
[    9.340904] systemd[1]: Listening on udev Control Socket.
[[0;32m  OK  [0m] Listening on [0;1;39mudev Control Socket[0m.
[    9.343766] systemd[1]: Listening on udev Kernel Socket.
[[0;32m  OK  [0m] Listening on [0;1;39mudev Kernel Socket[0m.
[    9.395935] systemd[1]: Mounting Huge Pages File System...
         Mounting [0;1;39mHuge Pages File System[0m...
[    9.414700] systemd[1]: Mounting POSIX Message Queue File System...
         Mounting [0;1;39mPOSIX Message Queue File System[0m...
[    9.432448] systemd[1]: Mounting Kernel Debug File System...
         Mounting [0;1;39mKernel Debug File System[0m...
[    9.447080] systemd[1]: Mounting Kernel Trace File System...
         Mounting [0;1;39mKernel Trace File System[0m...
[    9.451652] systemd[1]: Kernel Module supporting RPCSEC_GSS was skipped because of an unmet condition check (ConditionPathExists=/etc/krb5.keytab).
[    9.453019] systemd[1]: Create List of Static Device Nodes was skipped because of an unmet condition check (ConditionFileNotEmpty=/lib/modules/6.10.0-rc2-445f3d968524+/modules.devname).
[    9.469491] systemd[1]: Starting Monitoring of LVM2 mirrors, snapshots etc. using dmeventd or progress polling...
         Starting [0;1;39mMonitoring of LVM…meventd or progress polling[0m...
[    9.508384] systemd[1]: Starting Load Kernel Module configfs...
         Starting [0;1;39mLoad Kernel Module configfs[0m...
[    9.535025] systemd[1]: Starting Load Kernel Module drm...
         Starting [0;1;39mLoad Kernel Module drm[0m...
[    9.567496] systemd[1]: Starting Load Kernel Module fuse...
         Starting [0;1;39mLoad Kernel Module fuse[0m...
[    9.594363] systemd[1]: Starting Read and set NIS domainname from /etc/sysconfig/network...
         Starting [0;1;39mRead and set NIS …from /etc/sysconfig/network[0m...
[    9.648135] systemd[1]: Starting Journal Service...
         Starting [0;1;39mJournal Service[0m...
[    9.663689] systemd[1]: Starting Load Kernel Modules...
         Starting [0;1;39mLoad Kernel Modules[0m...
[    9.698135] systemd[1]: Starting Generate network units from Kernel command line...
         Starting [0;1;39mGenerate network …ts from Kernel command line[0m...
[    9.736633] systemd[1]: Starting Remount Root and Kernel File Systems...
         Starting [0;1;39mRemount Root and Kernel File Systems[0m...
[    9.743669] systemd[1]: Repartition Root Disk was skipped because no trigger condition checks were met.
[    9.791947] systemd[1]: Starting Coldplug All udev Devices...
         Starting [0;1;39mColdplug All udev Devices[0m...
[    9.822320] systemd[1]: Mounted Huge Pages File System.
[[0;32m  OK  [0m] Mounted [0;1;39mHuge Pages File System[0m.
[    9.828431] systemd[1]: Mounted POSIX Message Queue File System.
[[0;32m  OK  [0m] Mounted [0;1;39mPOSIX Message Queue File System[0m.
[    9.836354] systemd[1]: Mounted Kernel Debug File System.
[[0;32m  OK  [0m] Mounted [0;1;39mKernel Debug File System[0m.
[    9.838637] systemd[1]: Mounted Kernel Trace File System.
[[0;32m  OK  [0m] Mounted [0;1;39mKernel Trace File System[0m.
[    9.851331] systemd[1]: Finished Monitoring of LVM2 mirrors, snapshots etc. using dmeventd or progress polling.
[[0;32m  OK  [0m] Finished [0;1;39mMonitoring of LVM… dmeventd or progress polling[0m.
[    9.861848] systemd[1]: modprobe@configfs.service: Deactivated successfully.
[    9.865685] systemd[1]: Finished Load Kernel Module configfs.
[[0;32m  OK  [0m] Finished [0;1;39mLoad Kernel Module configfs[0m.
[    9.873734] systemd[1]: modprobe@drm.service: Deactivated successfully.
[    9.879973] systemd[1]: Finished Load Kernel Module drm.
[[0;32m  OK  [0m] Finished [0;1;39mLoad Kernel Module drm[0m.
[    9.888434] systemd[1]: modprobe@fuse.service: Deactivated successfully.
[    9.895428] systemd[1]: Finished Load Kernel Module fuse.
[[0;32m  OK  [0m] Finished [0;1;39mLoad Kernel Module fuse[0m.
[    9.899709] systemd[1]: Finished Read and set NIS domainname from /etc/sysconfig/network.
[[0;32m  OK  [0m] Finished [0;1;39mRead and set NIS …e from /etc/sysconfig/network[0m.
[    9.902993] systemd[1]: systemd-modules-load.service: Main process exited, code=exited, status=1/FAILURE
[    9.905133] systemd[1]: systemd-modules-load.service: Failed with result 'exit-code'.
[    9.910764] systemd[1]: Failed to start Load Kernel Modules.
[[0;1;31mFAILED[0m] Failed to start [0;1;39mLoad Kernel Modules[0m.
See 'systemctl status systemd-modules-load.service' for details.
[    9.915935] systemd[1]: Finished Generate network units from Kernel command line.
[[0;32m  OK  [0m] Finished [0;1;39mGenerate network units from Kernel command line[0m.
[    9.920174] systemd[1]: Reached target Preparation for Network.
[[0;32m  OK  [0m] Reached target [0;1;39mPreparation for Network[0m.
[    9.923341] EXT4-fs (sda): re-mounted 088740a9-c8b4-422c-999d-a804eb68a4da r/w. Quota mode: none.
[    9.955683] systemd[1]: Mounting FUSE Control File System...
         Mounting [0;1;39mFUSE Control File System[0m...
[    9.985182] systemd[1]: Mounting Kernel Configuration File System...
         Mounting [0;1;39mKernel Configuration File System[0m...
[   10.052662] systemd[1]: Starting Apply Kernel Variables...
         Starting [0;1;39mApply Kernel Variables[0m...
[   10.071949] systemd[1]: Started Journal Service.
[[0;32m  OK  [0m] Started [0;1;39mJournal Service[0m.
[[0;32m  OK  [0m] Finished [0;1;39mRemount Root and Kernel File Systems[0m.
[[0;32m  OK  [0m] Mounted [0;1;39mFUSE Control File System[0m.
[[0;32m  OK  [0m] Mounted [0;1;39mKernel Configuration File System[0m.
         Starting [0;1;39mFlush Journal to Persistent Storage[0m...
         Starting [0;1;39mLoad/Save Random Seed[0m...
[   10.216778] systemd-journald[148]: Received client request to flush runtime journal.
         Starting [0;1;39mCreate Static Device Nodes in /dev[0m...
         Starting [0;1;39mSetup Virtual Console[0m...
[[0;32m  OK  [0m] Finished [0;1;39mApply Kernel Variables[0m.
[[0;32m  OK  [0m] Finished [0;1;39mFlush Journal to Persistent Storage[0m.
[[0;32m  OK  [0m] Finished [0;1;39mLoad/Save Random Seed[0m.
[[0;32m  OK  [0m] Finished [0;1;39mCreate Static Device Nodes in /dev[0m.
         Starting [0;1;39mRule-based Manage…for Device Events and Files[0m...
[[0;32m  OK  [0m] Started [0;1;39mRule-based Manager for Device Events and Files[0m.
         Starting [0;1;39mAuto-connect to s…E devices found during boot[0m...
[[0;32m  OK  [0m] Finished [0;1;39mAuto-connect to s…VME devices found during boot[0m.
[[0;32m  OK  [0m] Finished [0;1;39mColdplug All udev Devices[0m.
         Starting [0;1;39mWait for udev To …plete Device Initialization[0m...
[[0;32m  OK  [0m] Finished [0;1;39mSetup Virtual Console[0m.
[[0;32m  OK  [0m] Started [0;1;39mDispatch Password …ts to Console Directory Watch[0m.
[[0;32m  OK  [0m] Reached target [0;1;39mLocal Encrypted Volumes[0m.
[[0;32m  OK  [0m] Reached target [0;1;39mPath Units[0m.
[[0;32m  OK  [0m] Found device [0;1;39m/dev/ttyS0[0m.
[[0m[0;31m*     [0m] A start job is running for Wait for…ice Initialization (4s / no limit)
M[K[[0;32m  OK  [0m] Listening on [0;1;39mLoad/Save RF …itch Status /dev/rfkill Watch[0m.
[K[[0;32m  OK  [0m] Finished [0;1;39mWait for udev To Complete Device Initialization[0m.
[[0;32m  OK  [0m] Reached target [0;1;39mPreparation for Local File Systems[0m.
[[0;32m  OK  [0m] Reached target [0;1;39mLocal File Systems[0m.
         Starting [0;1;39mTell Plymouth To Write Out Runtime Data[0m...
         Starting [0;1;39mAutomatic Boot Loader Update[0m...
         Starting [0;1;39mCreate Volatile Files and Directories[0m...
[[0;32m  OK  [0m] Finished [0;1;39mTell Plymouth To Write Out Runtime Data[0m.
[[0;32m  OK  [0m] Finished [0;1;39mAutomatic Boot Loader Update[0m.
[[0;32m  OK  [0m] Finished [0;1;39mCreate Volatile Files and Directories[0m.
         Mounting [0;1;39mRPC Pipe File System[0m...
         Starting [0;1;39mSecurity Auditing Service[0m...
         Starting [0;1;39mRPC Bind[0m...
[[0;32m  OK  [0m] Mounted [0;1;39mRPC Pipe File System[0m.
[[0;32m  OK  [0m] Reached target [0;1;39mrpc_pipefs.target[0m.
[[0;32m  OK  [0m] Started [0;1;39mRPC Bind[0m.
[[0;32m  OK  [0m] Started [0;1;39mSecurity Auditing Service[0m.
         Starting [0;1;39mRecord System Boot/Shutdown in UTMP[0m...
[[0;32m  OK  [0m] Finished [0;1;39mRecord System Boot/Shutdown in UTMP[0m.
[[0;32m  OK  [0m] Reached target [0;1;39mSystem Initialization[0m.
[[0;32m  OK  [0m] Started [0;1;39mDaily rotation of log files[0m.
[[0;32m  OK  [0m] Started [0;1;39mUpdates mlocate database every day[0m.
[[0;32m  OK  [0m] Started [0;1;39mDaily Cleanup of Temporary Directories[0m.
[[0;32m  OK  [0m] Started [0;1;39mdaily update of the root trust anchor for DNSSEC[0m.
[[0;32m  OK  [0m] Reached target [0;1;39mTimer Units[0m.
[[0;32m  OK  [0m] Listening on [0;1;39mD-Bus System Message Bus Socket[0m.
[[0;32m  OK  [0m] Listening on [0;1;39mOpen-iSCSI iscsid Socket[0m.
[[0;32m  OK  [0m] Listening on [0;1;39mOpen-iSCSI iscsiuio Socket[0m.
[[0;32m  OK  [0m] Listening on [0;1;39mSSSD Kerberos…ache Manager responder socket[0m.
[[0;32m  OK  [0m] Listening on [0;1;39mLibvirt interface local socket[0m.
[[0;32m  OK  [0m] Listening on [0;1;39mVirtual machine lock manager socket[0m.
[[0;32m  OK  [0m] Listening on [0;1;39mVirtual machine log manager socket[0m.
[[0;32m  OK  [0m] Listening on [0;1;39mLibvirt network local socket[0m.
[[0;32m  OK  [0m] Listening on [0;1;39mLibvirt nodedev local socket[0m.
[[0;32m  OK  [0m] Listening on [0;1;39mLibvirt nwfilter local socket[0m.
[[0;32m  OK  [0m] Listening on [0;1;39mLibvirt proxy local socket[0m.
[[0;32m  OK  [0m] Listening on [0;1;39mLibvirt qemu local socket[0m.
[[0;32m  OK  [0m] Listening on [0;1;39mLibvirt qemu admin socket[0m.
[[0;32m  OK  [0m] Listening on [0;1;39mLibvirt qemu local read-only socket[0m.
[[0;32m  OK  [0m] Listening on [0;1;39mLibvirt secret local socket[0m.
[[0;32m  OK  [0m] Listening on [0;1;39mLibvirt storage local socket[0m.
[[0;32m  OK  [0m] Reached target [0;1;39mSocket Units[0m.
         Starting [0;1;39mD-Bus System Message Bus[0m...
[[0;32m  OK  [0m] Started [0;1;39mD-Bus System Message Bus[0m.
[[0;32m  OK  [0m] Reached target [0;1;39mBasic System[0m.
         Starting [0;1;39mNetwork Manager[0m...
         Starting [0;1;39mNTP client/server[0m...
         Starting [0;1;39mRestore /run/initramfs on shutdown[0m...
[[0;32m  OK  [0m] Started [0;1;39mirqbalance daemon[0m.
[[0;32m  OK  [0m] Started [0;1;39mlibstoragemgmt plug-in server daemon[0m.
[[0;32m  OK  [0m] Started [0;1;39mMachine Check Exception Logging Daemon[0m.
[[0;32m  OK  [0m] Reached target [0;1;39msshd-keygen.target[0m.
[[0;32m  OK  [0m] Reached target [0;1;39mUser and Group Name Lookups[0m.
         Starting [0;1;39mUser Login Management[0m...
         Starting [0;1;39mVirtual Machine a…tainer Registration Service[0m...
         Starting [0;1;39mupdate of the roo…NSSEC validation in unbound[0m...
         Starting [0;1;39mRotate log files[0m...
[[0;32m  OK  [0m] Started [0;1;39mUpdate a database for mlocate[0m.
[[0;32m  OK  [0m] Finished [0;1;39mRestore /run/initramfs on shutdown[0m.
[[0;32m  OK  [0m] Started [0;1;39mNTP client/server[0m.
[[0;32m  OK  [0m] Started [0;1;39mVirtual Machine an…ontainer Registration Service[0m.
         Starting [0;1;39mHostname Service[0m...
[[0;32m  OK  [0m] Finished [0;1;39mupdate of the roo… DNSSEC validation in unbound[0m.
[[0;32m  OK  [0m] Started [0;1;39mUser Login Management[0m.
[[0;32m  OK  [0m] Started [0;1;39mHostname Service[0m.
[[0;32m  OK  [0m] Finished [0;1;39mRotate log files[0m.
         Starting [0;1;39mNetwork Manager Script Dispatcher Service[0m...
[[0;32m  OK  [0m] Started [0;1;39mNetwork Manager Script Dispatcher Service[0m.
[   17.375648] e1000: eth0 NIC Link is Up 1000 Mbps Full Duplex, Flow Control: RX
[[0;32m  OK  [0m] Started [0;1;39mNetwork Manager[0m.
[[0;32m  OK  [0m] Reached target [0;1;39mNetwork[0m.
[[0;32m  OK  [0m] Reached target [0;1;39mNetwork is Online[0m.
         Starting [0;1;39mGSSAPI Proxy Daemon[0m...
         Starting [0;1;39mNotify NFS peers of a restart[0m...
         Starting [0;1;39mSystem Logging Service[0m...
         Starting [0;1;39mOpenSSH server daemon[0m...
         Starting [0;1;39mDynamic System Tuning Daemon[0m...
[[0;32m  OK  [0m] Started [0;1;39mNotify NFS peers of a restart[0m.
[[0;32m  OK  [0m] Started [0;1;39mGSSAPI Proxy Daemon[0m.
[[0;32m  OK  [0m] Reached target [0;1;39mNFS client services[0m.
[[0;32m  OK  [0m] Reached target [0;1;39mPreparation for Remote File Systems[0m.
[[0;32m  OK  [0m] Reached target [0;1;39mRemote File Systems[0m.
         Starting [0;1;39mPermit User Sessions[0m...
         Starting [0;1;39mVirtualization qemu daemon[0m...
[[0;32m  OK  [0m] Started [0;1;39mOpenSSH server daemon[0m.
[[0;32m  OK  [0m] Finished [0;1;39mPermit User Sessions[0m.
[[0;32m  OK  [0m] Started [0;1;39mDeferred execution scheduler[0m.
[[0;32m  OK  [0m] Started [0;1;39mCommand Scheduler[0m.
         Starting [0;1;39mHold until boot process finishes up[0m...
         Starting [0;1;39mTerminate Plymouth Boot Screen[0m...
[[0;32m  OK  [0m] Started [0;1;39mSystem Logging Service[0m.
[[0;32m  OK  [0m] Finished [0;1;39mHold until boot process finishes up[0m.
[[0;32m  OK  [0m] Started [0;1;39mGetty on tty1[0m.
[[0;32m  OK  [0m] Started [0;1;39mSerial Getty on ttyS0[0m.
[[0;32m  OK  [0m] Reached target [0;1;39mLogin Prompts[0m.
[[0;32m  OK  [0m] Started [0;1;39mVirtualization qemu daemon[0m.
[[0;32m  OK  [0m] Finished [0;1;39mTerminate Plymouth Boot Screen[0m.
         Starting [0;1;39mAuthorization Manager[0m...
[[0;32m  OK  [0m] Started [0;1;39mAuthorization Manager[0m.
[[0;32m  OK  [0m] Started [0;1;39mDynamic System Tuning Daemon[0m.
[[0;32m  OK  [0m] Reached target [0;1;39mMulti-User System[0m.
         Starting [0;1;39mRecord Runlevel Change in UTMP[0m...

CentOS Stream 9
Kernel 6.10.0-rc2-445f3d968524+ on an x86_64

Activate the web console with: systemctl enable --now cockpit.socket

test login: [   32.307280] ------------[ cut here ]------------
[   32.307763] WARNING: CPU: 0 PID: 728 at kernel/cpu.c:525 lockdep_assert_cpus_held+0xd3/0x100
[   32.308488] Modules linked in:
[   32.308763] CPU: 0 PID: 728 Comm: repro Not tainted 6.10.0-rc2-445f3d968524+ #1
[   32.309376] Hardware name: QEMU Standard PC (i440FX + PIIX, 1996), BIOS rel-1.16.0-0-gd239552ce722-prebuilt.qemu.org 04/01/2014
[   32.310335] RIP: 0010:lockdep_assert_cpus_held+0xd3/0x100
[   32.310783] Code: e8 a2 7a 3e 00 be ff ff ff ff 48 c7 c7 30 5f d0 86 e8 61 fa 4b 04 31 ff 89 c3 89 c6 e8 c6 75 3e 00 85 db 75 cc e8 7d 7a 3e 00 <0f> 0b eb c3 48 c7 c7 84 64 9f 87 e8 bd a9 a1 00 e9 59 ff ff ff 48
[   32.312642] RSP: 0018:ffff8880205ef8d0 EFLAGS: 00010293
[   32.313083] RAX: 0000000000000000 RBX: 0000000000000000 RCX: ffffffff81265cca
[   32.313683] RDX: ffff888011350000 RSI: ffffffff81265cd3 RDI: 0000000000000005
[   32.314262] RBP: ffff8880205ef8d8 R08: 0000000000000000 R09: fffffbfff0f3f9dc
[   32.314826] R10: 0000000000000000 R11: 0000000000000001 R12: ffff8880106811d8
[   32.315420] R13: ffff888010681020 R14: ffff88800de4be80 R15: ffff888010681000
[   32.316026] FS:  00007f954021c740(0000) GS:ffff88806c600000(0000) knlGS:0000000000000000
[   32.316674] CS:  0010 DS: 0000 ES: 0000 CR0: 0000000080050033
[   32.317143] CR2: 00007f9538bff000 CR3: 0000000018d4e001 CR4: 0000000000770ef0
[   32.317733] DR0: 0000000000000000 DR1: 0000000000000000 DR2: 0000000000000000
[   32.318307] DR3: 0000000000000000 DR6: 00000000ffff07f0 DR7: 0000000000000400
[   32.318876] PKRU: 55555554
[   32.319102] Call Trace:
[   32.319357]  <TASK>
[   32.319552]  ? show_regs+0xa8/0xc0
[   32.319894]  ? __warn+0xee/0x380
[   32.320197]  ? report_bug+0x25e/0x4b0
[   32.320551]  ? lockdep_assert_cpus_held+0xd3/0x100
[   32.320945]  ? report_bug+0x2cb/0x4b0
[   32.321250]  ? alloc_workqueue+0x940/0x1940
[   32.321609]  ? lockdep_assert_cpus_held+0xd3/0x100
[   32.322010]  ? handle_bug+0xa2/0x130
[   32.322350]  ? exc_invalid_op+0x3c/0x80
[   32.322678]  ? asm_exc_invalid_op+0x1f/0x30
[   32.323048]  ? lockdep_assert_cpus_held+0xca/0x100
[   32.323475]  ? lockdep_assert_cpus_held+0xd3/0x100
[   32.323909]  ? lockdep_assert_cpus_held+0xd3/0x100
[   32.324339]  alloc_workqueue+0x9b0/0x1940
[   32.324706]  ? __pfx_alloc_workqueue+0x10/0x10
[   32.325087]  ? __fget_files+0x253/0x4c0
[   32.325433]  ? __sanitizer_cov_trace_switch+0x58/0xa0
[   32.325882]  loop_configure+0x1305/0x1710
[   32.326254]  lo_ioctl+0x99e/0x1a80
[   32.326560]  ? __pfx_mark_lock.part.0+0x10/0x10
[   32.326962]  ? __lock_acquire+0xccf/0x5ca0
[   32.327356]  ? __pfx_lo_ioctl+0x10/0x10
[   32.327733]  ? __pfx___lock_acquire+0x10/0x10
[   32.328136]  ? __kasan_check_read+0x15/0x20
[   32.328518]  ? __lock_acquire+0x1a02/0x5ca0
[   32.328876]  ? __sanitizer_cov_trace_switch+0x58/0xa0
[   32.329341]  ? __this_cpu_preempt_check+0x21/0x30
[   32.329744]  ? __pfx_lo_ioctl+0x10/0x10
[   32.330070]  blkdev_ioctl+0x2a9/0x6b0
[   32.330420]  ? __pfx_blkdev_ioctl+0x10/0x10
[   32.330795]  ? __sanitizer_cov_trace_const_cmp4+0x1a/0x20
[   32.331288]  ? security_file_ioctl+0x9d/0xd0
[   32.331701]  ? __pfx_blkdev_ioctl+0x10/0x10
[   32.332086]  __x64_sys_ioctl+0x1b9/0x230
[   32.332457]  x64_sys_call+0x1219/0x20d0
[   32.332788]  do_syscall_64+0x6d/0x140
[   32.333105]  entry_SYSCALL_64_after_hwframe+0x76/0x7e
[   32.333538] RIP: 0033:0x7f954003ec6b
[   32.333847] Code: 73 01 c3 48 8b 0d b5 b1 1b 00 f7 d8 64 89 01 48 83 c8 ff c3 66 2e 0f 1f 84 00 00 00 00 00 90 f3 0f 1e fa b8 10 00 00 00 0f 05 <48> 3d 01 f0 ff ff 73 01 c3 48 8b 0d 85 b1 1b 00 f7 d8 64 89 01 48
[   32.335343] RSP: 002b:00007ffe54a6e5f8 EFLAGS: 00000217 ORIG_RAX: 0000000000000010
[   32.335992] RAX: ffffffffffffffda RBX: 0000000000000000 RCX: 00007f954003ec6b
[   32.336569] RDX: 0000000000000003 RSI: 0000000000004c00 RDI: 0000000000000004
[   32.337164] RBP: 00007ffe54a6e630 R08: 00000000ffffffff R09: 0000000000000000
[   32.337743] R10: 0000000000000000 R11: 0000000000000217 R12: 00007ffe54a6e988
[   32.338340] R13: 0000000000402cb4 R14: 000000000040de08 R15: 00007f9540267000
[   32.338935]  </TASK>
[   32.339132] irq event stamp: 64077
[   32.339464] hardirqs last  enabled at (64087): [<ffffffff81449244>] console_unlock+0x224/0x240
[   32.340220] hardirqs last disabled at (64094): [<ffffffff81449229>] console_unlock+0x209/0x240
[   32.340906] softirqs last  enabled at (63684): [<ffffffff812795c9>] __irq_exit_rcu+0xa9/0x120
[   32.341580] softirqs last disabled at (63667): [<ffffffff812795c9>] __irq_exit_rcu+0xa9/0x120
[   32.342264] ---[ end trace 0000000000000000 ]---
[   32.343139] loop0: detected capacity change from 0 to 32768
[   32.345767] ------------[ cut here ]------------
[   32.346202] WARNING: CPU: 0 PID: 728 at kernel/cpu.c:525 lockdep_assert_cpus_held+0xd3/0x100
[   32.346888] Modules linked in:
[   32.347197] CPU: 0 PID: 728 Comm: repro Tainted: G        W          6.10.0-rc2-445f3d968524+ #1
[   32.347903] Hardware name: QEMU Standard PC (i440FX + PIIX, 1996), BIOS rel-1.16.0-0-gd239552ce722-prebuilt.qemu.org 04/01/2014
[   32.348778] RIP: 0010:lockdep_assert_cpus_held+0xd3/0x100
[   32.349217] Code: e8 a2 7a 3e 00 be ff ff ff ff 48 c7 c7 30 5f d0 86 e8 61 fa 4b 04 31 ff 89 c3 89 c6 e8 c6 75 3e 00 85 db 75 cc e8 7d 7a 3e 00 <0f> 0b eb c3 48 c7 c7 84 64 9f 87 e8 bd a9 a1 00 e9 59 ff ff ff 48
[   32.350647] RSP: 0018:ffff8880205efa28 EFLAGS: 00010293
[   32.351072] RAX: 0000000000000000 RBX: 0000000000000000 RCX: ffffffff81265cca
[   32.351666] RDX: ffff888011350000 RSI: ffffffff81265cd3 RDI: 0000000000000005
[   32.352241] RBP: ffff8880205efa30 R08: 0000000000000000 R09: fffffbfff0f3f9dc
[   32.352805] R10: 0000000000000000 R11: 0000000000000001 R12: ffff88800e6e6200
[   32.353368] R13: ffff888010180820 R14: 0000000000000001 R15: ffff888010180800
[   32.353932] FS:  00007f954021c740(0000) GS:ffff88806c600000(0000) knlGS:0000000000000000
[   32.354568] CS:  0010 DS: 0000 ES: 0000 CR0: 0000000080050033
[   32.355029] CR2: 00007ffe54a6f000 CR3: 0000000018d4e001 CR4: 0000000000770ef0
[   32.355618] DR0: 0000000000000000 DR1: 0000000000000000 DR2: 0000000000000000
[   32.356182] DR3: 0000000000000000 DR6: 00000000ffff07f0 DR7: 0000000000000400
[   32.356747] PKRU: 55555554
[   32.356974] Call Trace:
[   32.357187]  <TASK>
[   32.357372]  ? show_regs+0xa8/0xc0
[   32.357666]  ? __warn+0xee/0x380
[   32.357941]  ? report_bug+0x25e/0x4b0
[   32.358266]  ? lockdep_assert_cpus_held+0xd3/0x100
[   32.358670]  ? report_bug+0x2cb/0x4b0
[   32.358983]  ? alloc_workqueue+0x940/0x1940
[   32.359377]  ? lockdep_assert_cpus_held+0xd3/0x100
[   32.359783]  ? handle_bug+0xa2/0x130
[   32.360101]  ? exc_invalid_op+0x3c/0x80
[   32.360430]  ? asm_exc_invalid_op+0x1f/0x30
[   32.360790]  ? lockdep_assert_cpus_held+0xca/0x100
[   32.361191]  ? lockdep_assert_cpus_held+0xd3/0x100
[   32.361593]  ? lockdep_assert_cpus_held+0xd3/0x100
[   32.361995]  ? lockdep_assert_cpus_held+0xd3/0x100
[   32.362396]  alloc_workqueue+0x9b0/0x1940
[   32.362742]  ? lock_release+0x418/0x840
[   32.363074]  ? __pfx_alloc_workqueue+0x10/0x10
[   32.363475]  ? __pfx_lock_release+0x10/0x10
[   32.363858]  xfs_init_mount_workqueues+0x6b/0x500
[   32.364274]  ? debugfs_create_dir+0x3f1/0x620
[   32.364651]  xfs_fs_fill_super+0x3e4/0x1de0
[   32.365004]  ? setup_bdev_super+0x32c/0x6f0
[   32.365371]  get_tree_bdev+0x3c5/0x6a0
[   32.365689]  ? __pfx_xfs_fs_fill_super+0x10/0x10
[   32.366079]  ? __pfx_get_tree_bdev+0x10/0x10
[   32.366437]  ? __pfx_vfs_parse_comma_sep+0x10/0x10
[   32.366844]  ? cap_capable+0x1d3/0x240
[   32.367187]  ? __sanitizer_cov_trace_const_cmp4+0x1a/0x20
[   32.367636]  ? security_capable+0xa0/0xd0
[   32.367982]  xfs_fs_get_tree+0x26/0x30
[   32.368298]  vfs_get_tree+0x9d/0x390
[   32.368605]  path_mount+0x707/0x2000
[   32.368910]  ? __kasan_slab_free+0x120/0x1a0
[   32.369280]  ? __pfx_path_mount+0x10/0x10
[   32.369619]  ? putname+0x146/0x190
[   32.369923]  __x64_sys_mount+0x2c2/0x350
[   32.370256]  ? __pfx___x64_sys_mount+0x10/0x10
[   32.370637]  x64_sys_call+0x2091/0x20d0
[   32.370960]  do_syscall_64+0x6d/0x140
[   32.371301]  entry_SYSCALL_64_after_hwframe+0x76/0x7e
[   32.371720] RIP: 0033:0x7f954003f7be
[   32.372029] Code: 48 8b 0d 65 a6 1b 00 f7 d8 64 89 01 48 83 c8 ff c3 66 2e 0f 1f 84 00 00 00 00 00 90 f3 0f 1e fa 49 89 ca b8 a5 00 00 00 0f 05 <48> 3d 01 f0 ff ff 73 01 c3 48 8b 0d 32 a6 1b 00 f7 d8 64 89 01 48
[   32.373467] RSP: 002b:00007ffe54a6e638 EFLAGS: 00000202 ORIG_RAX: 00000000000000a5
[   32.374074] RAX: ffffffffffffffda RBX: 0000000000000000 RCX: 00007f954003f7be
[   32.374638] RDX: 0000000020009600 RSI: 0000000020009640 RDI: 00007ffe54a6e780
[   32.375227] RBP: 00007ffe54a6e810 R08: 00007ffe54a6e680 R09: 0000000000000000
[   32.375798] R10: 0000000000004490 R11: 0000000000000202 R12: 00007ffe54a6e988
[   32.376375] R13: 0000000000402cb4 R14: 000000000040de08 R15: 00007f9540267000
[   32.376953]  </TASK>
[   32.377143] irq event stamp: 65089
[   32.377424] hardirqs last  enabled at (65097): [<ffffffff81449244>] console_unlock+0x224/0x240
[   32.378117] hardirqs last disabled at (65104): [<ffffffff81449229>] console_unlock+0x209/0x240
[   32.378799] softirqs last  enabled at (64728): [<ffffffff812795c9>] __irq_exit_rcu+0xa9/0x120
[   32.379501] softirqs last disabled at (64723): [<ffffffff812795c9>] __irq_exit_rcu+0xa9/0x120
[   32.380204] ---[ end trace 0000000000000000 ]---
[   32.382631] ------------[ cut here ]------------
[   32.383029] WARNING: CPU: 0 PID: 728 at kernel/cpu.c:525 lockdep_assert_cpus_held+0xd3/0x100
[   32.383757] Modules linked in:
[   32.384030] CPU: 0 PID: 728 Comm: repro Tainted: G        W          6.10.0-rc2-445f3d968524+ #1
[   32.384718] Hardware name: QEMU Standard PC (i440FX + PIIX, 1996), BIOS rel-1.16.0-0-gd239552ce722-prebuilt.qemu.org 04/01/2014
[   32.385601] RIP: 0010:lockdep_assert_cpus_held+0xd3/0x100
[   32.386047] Code: e8 a2 7a 3e 00 be ff ff ff ff 48 c7 c7 30 5f d0 86 e8 61 fa 4b 04 31 ff 89 c3 89 c6 e8 c6 75 3e 00 85 db 75 cc e8 7d 7a 3e 00 <0f> 0b eb c3 48 c7 c7 84 64 9f 87 e8 bd a9 a1 00 e9 59 ff ff ff 48
[   32.387579] RSP: 0018:ffff8880205efa28 EFLAGS: 00010293
[   32.388016] RAX: 0000000000000000 RBX: 0000000000000000 RCX: ffffffff81265cca
[   32.388583] RDX: ffff888011350000 RSI: ffffffff81265cd3 RDI: 0000000000000005
[   32.389150] RBP: ffff8880205efa30 R08: 0000000000000000 R09: fffffbfff0f3f9dc
[   32.389717] R10: 0000000000000000 R11: 0000000000000001 R12: ffff88800e6e6900
[   32.390286] R13: ffff88800f98a820 R14: 0000000000000008 R15: ffff88800f98a800
[   32.390851] FS:  00007f954021c740(0000) GS:ffff88806c600000(0000) knlGS:0000000000000000
[   32.391524] CS:  0010 DS: 0000 ES: 0000 CR0: 0000000080050033
[   32.391996] CR2: 00007fbf44003b68 CR3: 0000000018d4e001 CR4: 0000000000770ef0
[   32.392567] DR0: 0000000000000000 DR1: 0000000000000000 DR2: 0000000000000000
[   32.393134] DR3: 0000000000000000 DR6: 00000000ffff07f0 DR7: 0000000000000400
[   32.393699] PKRU: 55555554
[   32.393926] Call Trace:
[   32.394134]  <TASK>
[   32.394320]  ? show_regs+0xa8/0xc0
[   32.394616]  ? __warn+0xee/0x380
[   32.394893]  ? report_bug+0x25e/0x4b0
[   32.395243]  ? lockdep_assert_cpus_held+0xd3/0x100
[   32.395654]  ? report_bug+0x2cb/0x4b0
[   32.395967]  ? alloc_workqueue+0x940/0x1940
[   32.396313]  ? lockdep_assert_cpus_held+0xd3/0x100
[   32.396707]  ? handle_bug+0xa2/0x130
[   32.397016]  ? exc_invalid_op+0x3c/0x80
[   32.397337]  ? asm_exc_invalid_op+0x1f/0x30
[   32.397689]  ? lockdep_assert_cpus_held+0xca/0x100
[   32.398080]  ? lockdep_assert_cpus_held+0xd3/0x100
[   32.398470]  ? lockdep_assert_cpus_held+0xd3/0x100
[   32.398862]  ? lockdep_assert_cpus_held+0xd3/0x100
[   32.399279]  alloc_workqueue+0x9b0/0x1940
[   32.399628]  ? __pfx_alloc_workqueue+0x10/0x10
[   32.400009]  ? __pfx_lock_release+0x10/0x10
[   32.400375]  xfs_init_mount_workqueues+0xde/0x500
[   32.400760]  ? debugfs_create_dir+0x3f1/0x620
[   32.401129]  xfs_fs_fill_super+0x3e4/0x1de0
[   32.401476]  ? setup_bdev_super+0x32c/0x6f0
[   32.401828]  get_tree_bdev+0x3c5/0x6a0
[   32.402143]  ? __pfx_xfs_fs_fill_super+0x10/0x10
[   32.402524]  ? __pfx_get_tree_bdev+0x10/0x10
[   32.402878]  ? __pfx_vfs_parse_comma_sep+0x10/0x10
[   32.403311]  ? cap_capable+0x1d3/0x240
[   32.403635]  ? __sanitizer_cov_trace_const_cmp4+0x1a/0x20
[   32.404082]  ? security_capable+0xa0/0xd0
[   32.404421]  xfs_fs_get_tree+0x26/0x30
[   32.404735]  vfs_get_tree+0x9d/0x390
[   32.405042]  path_mount+0x707/0x2000
[   32.405349]  ? __kasan_slab_free+0x120/0x1a0
[   32.405716]  ? __pfx_path_mount+0x10/0x10
[   32.406060]  ? putname+0x146/0x190
[   32.406367]  __x64_sys_mount+0x2c2/0x350
[   32.406703]  ? __pfx___x64_sys_mount+0x10/0x10
[   32.407090]  x64_sys_call+0x2091/0x20d0
[   32.407445]  do_syscall_64+0x6d/0x140
[   32.407760]  entry_SYSCALL_64_after_hwframe+0x76/0x7e
[   32.408190] RIP: 0033:0x7f954003f7be
[   32.408499] Code: 48 8b 0d 65 a6 1b 00 f7 d8 64 89 01 48 83 c8 ff c3 66 2e 0f 1f 84 00 00 00 00 00 90 f3 0f 1e fa 49 89 ca b8 a5 00 00 00 0f 05 <48> 3d 01 f0 ff ff 73 01 c3 48 8b 0d 32 a6 1b 00 f7 d8 64 89 01 48
[   32.409957] RSP: 002b:00007ffe54a6e638 EFLAGS: 00000202 ORIG_RAX: 00000000000000a5
[   32.410572] RAX: ffffffffffffffda RBX: 0000000000000000 RCX: 00007f954003f7be
[   32.411150] RDX: 0000000020009600 RSI: 0000000020009640 RDI: 00007ffe54a6e780
[   32.411753] RBP: 00007ffe54a6e810 R08: 00007ffe54a6e680 R09: 0000000000000000
[   32.412333] R10: 0000000000004490 R11: 0000000000000202 R12: 00007ffe54a6e988
[   32.412910] R13: 0000000000402cb4 R14: 000000000040de08 R15: 00007f9540267000
[   32.413911]  </TASK>
[   32.414116] irq event stamp: 65859
[   32.414400] hardirqs last  enabled at (65867): [<ffffffff81449244>] console_unlock+0x224/0x240
[   32.415088] hardirqs last disabled at (65874): [<ffffffff81449229>] console_unlock+0x209/0x240
[   32.415821] softirqs last  enabled at (65900): [<ffffffff812795c9>] __irq_exit_rcu+0xa9/0x120
[   32.416517] softirqs last disabled at (65883): [<ffffffff812795c9>] __irq_exit_rcu+0xa9/0x120
[   32.417390] ---[ end trace 0000000000000000 ]---
[   32.418597] ------------[ cut here ]------------
[   32.419018] WARNING: CPU: 0 PID: 728 at kernel/cpu.c:525 lockdep_assert_cpus_held+0xd3/0x100
[   32.420025] Modules linked in:
[   32.420291] CPU: 0 PID: 728 Comm: repro Tainted: G        W          6.10.0-rc2-445f3d968524+ #1
[   32.420988] Hardware name: QEMU Standard PC (i440FX + PIIX, 1996), BIOS rel-1.16.0-0-gd239552ce722-prebuilt.qemu.org 04/01/2014
[   32.422038] RIP: 0010:lockdep_assert_cpus_held+0xd3/0x100
[   32.422485] Code: e8 a2 7a 3e 00 be ff ff ff ff 48 c7 c7 30 5f d0 86 e8 61 fa 4b 04 31 ff 89 c3 89 c6 e8 c6 75 3e 00 85 db 75 cc e8 7d 7a 3e 00 <0f> 0b eb c3 48 c7 c7 84 64 9f 87 e8 bd a9 a1 00 e9 59 ff ff ff 48
[   32.424471] RSP: 0018:ffff8880205efa28 EFLAGS: 00010293
[   32.425246] RAX: 0000000000000000 RBX: 0000000000000000 RCX: ffffffff81265cca
[   32.426449] RDX: ffff888011350000 RSI: ffffffff81265cd3 RDI: 0000000000000005
[   32.427541] RBP: ffff8880205efa30 R08: 0000000000000000 R09: fffffbfff0f3f9dc
[   32.428685] R10: 0000000000000000 R11: 0000000000000001 R12: ffff888011e61a00
[   32.429906] R13: ffff88800f989020 R14: 0000000000000008 R15: ffff88800f989000
[   32.430932] FS:  00007f954021c740(0000) GS:ffff88806c600000(0000) knlGS:0000000000000000
[   32.432322] CS:  0010 DS: 0000 ES: 0000 CR0: 0000000080050033
[   32.433330] CR2: 00007fbf44003b68 CR3: 0000000018d4e001 CR4: 0000000000770ef0
[   32.434363] DR0: 0000000000000000 DR1: 0000000000000000 DR2: 0000000000000000
[   32.435605] DR3: 0000000000000000 DR6: 00000000ffff07f0 DR7: 0000000000000400
[   32.436366] PKRU: 55555554
[   32.436618] Call Trace:
[   32.436868]  <TASK>
[   32.437201]  ? show_regs+0xa8/0xc0
[   32.437529]  ? __warn+0xee/0x380
[   32.437827]  ? report_bug+0x25e/0x4b0
[   32.438165]  ? lockdep_assert_cpus_held+0xd3/0x100
[   32.438732]  ? report_bug+0x2cb/0x4b0
[   32.439071]  ? alloc_workqueue+0x940/0x1940
[   32.439491]  ? lockdep_assert_cpus_held+0xd3/0x100
[   32.439943]  ? handle_bug+0xa2/0x130
[   32.440291]  ? exc_invalid_op+0x3c/0x80
[   32.440645]  ? asm_exc_invalid_op+0x1f/0x30
[   32.441045]  ? lockdep_assert_cpus_held+0xca/0x100
[   32.441597]  ? lockdep_assert_cpus_held+0xd3/0x100
[   32.442050]  ? lockdep_assert_cpus_held+0xd3/0x100
[   32.442478]  ? lockdep_assert_cpus_held+0xd3/0x100
[   32.443035]  alloc_workqueue+0x9b0/0x1940
[   32.443446]  ? __pfx_alloc_workqueue+0x10/0x10
[   32.443854]  ? __pfx_lock_release+0x10/0x10
[   32.444252]  xfs_init_mount_workqueues+0x151/0x500
[   32.444817]  ? debugfs_create_dir+0x3f1/0x620
[   32.445217]  xfs_fs_fill_super+0x3e4/0x1de0
[   32.445589]  ? setup_bdev_super+0x32c/0x6f0
[   32.445968]  get_tree_bdev+0x3c5/0x6a0
[   32.446307]  ? __pfx_xfs_fs_fill_super+0x10/0x10
[   32.446719]  ? __pfx_get_tree_bdev+0x10/0x10
[   32.447275]  ? __pfx_vfs_parse_comma_sep+0x10/0x10
[   32.447760]  ? cap_capable+0x1d3/0x240
[   32.448193]  ? __sanitizer_cov_trace_const_cmp4+0x1a/0x20
[   32.448821]  ? security_capable+0xa0/0xd0
[   32.449287]  xfs_fs_get_tree+0x26/0x30
[   32.449744]  vfs_get_tree+0x9d/0x390
[   32.450141]  path_mount+0x707/0x2000
[   32.450540]  ? __kasan_slab_free+0x120/0x1a0
[   32.451017]  ? __pfx_path_mount+0x10/0x10
[   32.451548]  ? putname+0x146/0x190
[   32.452058]  __x64_sys_mount+0x2c2/0x350
[   32.452601]  ? __pfx___x64_sys_mount+0x10/0x10
[   32.453171]  x64_sys_call+0x2091/0x20d0
[   32.453719]  do_syscall_64+0x6d/0x140
[   32.454133]  entry_SYSCALL_64_after_hwframe+0x76/0x7e
[   32.454694] RIP: 0033:0x7f954003f7be
[   32.455236] Code: 48 8b 0d 65 a6 1b 00 f7 d8 64 89 01 48 83 c8 ff c3 66 2e 0f 1f 84 00 00 00 00 00 90 f3 0f 1e fa 49 89 ca b8 a5 00 00 00 0f 05 <48> 3d 01 f0 ff ff 73 01 c3 48 8b 0d 32 a6 1b 00 f7 d8 64 89 01 48
[   32.457192] RSP: 002b:00007ffe54a6e638 EFLAGS: 00000202 ORIG_RAX: 00000000000000a5
[   32.458115] RAX: ffffffffffffffda RBX: 0000000000000000 RCX: 00007f954003f7be
[   32.458864] RDX: 0000000020009600 RSI: 0000000020009640 RDI: 00007ffe54a6e780
[   32.459641] RBP: 00007ffe54a6e810 R08: 00007ffe54a6e680 R09: 0000000000000000
[   32.460422] R10: 0000000000004490 R11: 0000000000000202 R12: 00007ffe54a6e988
[   32.461302] R13: 0000000000402cb4 R14: 000000000040de08 R15: 00007f9540267000
[   32.462070]  </TASK>
[   32.462319] irq event stamp: 66821
[   32.462687] hardirqs last  enabled at (66829): [<ffffffff81449244>] console_unlock+0x224/0x240
[   32.463753] hardirqs last disabled at (66850): [<ffffffff81449229>] console_unlock+0x209/0x240
[   32.464672] softirqs last  enabled at (66848): [<ffffffff812795c9>] __irq_exit_rcu+0xa9/0x120
[   32.465674] softirqs last disabled at (66867): [<ffffffff812795c9>] __irq_exit_rcu+0xa9/0x120
[   32.466566] ---[ end trace 0000000000000000 ]---
[   32.467848] ------------[ cut here ]------------
[   32.468356] WARNING: CPU: 0 PID: 728 at kernel/cpu.c:525 lockdep_assert_cpus_held+0xd3/0x100
[   32.469264] Modules linked in:
[   32.469749] CPU: 0 PID: 728 Comm: repro Tainted: G        W          6.10.0-rc2-445f3d968524+ #1
[   32.470673] Hardware name: QEMU Standard PC (i440FX + PIIX, 1996), BIOS rel-1.16.0-0-gd239552ce722-prebuilt.qemu.org 04/01/2014
[   32.472035] RIP: 0010:lockdep_assert_cpus_held+0xd3/0x100
[   32.472633] Code: e8 a2 7a 3e 00 be ff ff ff ff 48 c7 c7 30 5f d0 86 e8 61 fa 4b 04 31 ff 89 c3 89 c6 e8 c6 75 3e 00 85 db 75 cc e8 7d 7a 3e 00 <0f> 0b eb c3 48 c7 c7 84 64 9f 87 e8 bd a9 a1 00 e9 59 ff ff ff 48
[   32.474638] RSP: 0018:ffff8880205efa28 EFLAGS: 00010293
[   32.475365] RAX: 0000000000000000 RBX: 0000000000000000 RCX: ffffffff81265cca
[   32.476118] RDX: ffff888011350000 RSI: ffffffff81265cd3 RDI: 0000000000000005
[   32.476859] RBP: ffff8880205efa30 R08: 0000000000000000 R09: fffffbfff0f3f9dc
[   32.477604] R10: 0000000000000000 R11: 0000000000000001 R12: ffff8880146f71d8
[   32.478473] R13: ffff8880146f7020 R14: ffff88800f74be00 R15: ffff8880146f7000
[   32.479249] FS:  00007f954021c740(0000) GS:ffff88806c600000(0000) knlGS:0000000000000000
[   32.480202] CS:  0010 DS: 0000 ES: 0000 CR0: 0000000080050033
[   32.480816] CR2: 00007fbf44003b68 CR3: 0000000018d4e001 CR4: 0000000000770ef0
[   32.481571] DR0: 0000000000000000 DR1: 0000000000000000 DR2: 0000000000000000
[   32.482444] DR3: 0000000000000000 DR6: 00000000ffff07f0 DR7: 0000000000000400
[   32.483226] PKRU: 55555554
[   32.483529] Call Trace:
[   32.483805]  <TASK>
[   32.484056]  ? show_regs+0xa8/0xc0
[   32.484445]  ? __warn+0xee/0x380
[   32.484807]  ? report_bug+0x25e/0x4b0
[   32.485222]  ? lockdep_assert_cpus_held+0xd3/0x100
[   32.485742]  ? report_bug+0x2cb/0x4b0
[   32.486149]  ? alloc_workqueue+0x940/0x1940
[   32.486613]  ? lockdep_assert_cpus_held+0xd3/0x100
[   32.487133]  ? handle_bug+0xa2/0x130
[   32.487564]  ? exc_invalid_op+0x3c/0x80
[   32.488123]  ? asm_exc_invalid_op+0x1f/0x30
[   32.488784]  ? lockdep_assert_cpus_held+0xca/0x100
[   32.489507]  ? lockdep_assert_cpus_held+0xd3/0x100
[   32.490229]  ? lockdep_assert_cpus_held+0xd3/0x100
[   32.490959]  ? lockdep_assert_cpus_held+0xd3/0x100
[   32.491751]  alloc_workqueue+0x9b0/0x1940
[   32.492402]  ? __pfx_alloc_workqueue+0x10/0x10
[   32.493089]  ? __pfx_lock_release+0x10/0x10
[   32.493765]  xfs_init_mount_workqueues+0x1bd/0x500
[   32.494500]  ? debugfs_create_dir+0x3f1/0x620
[   32.495226]  xfs_fs_fill_super+0x3e4/0x1de0
[   32.495885]  ? setup_bdev_super+0x32c/0x6f0
[   32.496543]  get_tree_bdev+0x3c5/0x6a0
[   32.497135]  ? __pfx_xfs_fs_fill_super+0x10/0x10
[   32.497844]  ? __pfx_get_tree_bdev+0x10/0x10
[   32.498512]  ? __pfx_vfs_parse_comma_sep+0x10/0x10
[   32.499299]  ? cap_capable+0x1d3/0x240
[   32.499908]  ? __sanitizer_cov_trace_const_cmp4+0x1a/0x20
[   32.500724]  ? security_capable+0xa0/0xd0
[   32.501353]  xfs_fs_get_tree+0x26/0x30
[   32.501941]  vfs_get_tree+0x9d/0x390
[   32.502504]  path_mount+0x707/0x2000
[   32.503064]  ? __kasan_slab_free+0x120/0x1a0
[   32.503773]  ? __pfx_path_mount+0x10/0x10
[   32.504406]  ? putname+0x146/0x190
[   32.504975]  __x64_sys_mount+0x2c2/0x350
[   32.505620]  ? __pfx___x64_sys_mount+0x10/0x10
[   32.506341]  x64_sys_call+0x2091/0x20d0
[   32.506940]  do_syscall_64+0x6d/0x140
[   32.507554]  entry_SYSCALL_64_after_hwframe+0x76/0x7e
[   32.508324] RIP: 0033:0x7f954003f7be
[   32.508872] Code: 48 8b 0d 65 a6 1b 00 f7 d8 64 89 01 48 83 c8 ff c3 66 2e 0f 1f 84 00 00 00 00 00 90 f3 0f 1e fa 49 89 ca b8 a5 00 00 00 0f 05 <48> 3d 01 f0 ff ff 73 01 c3 48 8b 0d 32 a6 1b 00 f7 d8 64 89 01 48
[   32.511697] RSP: 002b:00007ffe54a6e638 EFLAGS: 00000202 ORIG_RAX: 00000000000000a5
[   32.513079] RAX: ffffffffffffffda RBX: 0000000000000000 RCX: 00007f954003f7be
[   32.514160] RDX: 0000000020009600 RSI: 0000000020009640 RDI: 00007ffe54a6e780
[   32.515341] RBP: 00007ffe54a6e810 R08: 00007ffe54a6e680 R09: 0000000000000000
[   32.516665] R10: 0000000000004490 R11: 0000000000000202 R12: 00007ffe54a6e988
[   32.517905] R13: 0000000000402cb4 R14: 000000000040de08 R15: 00007f9540267000
[   32.518963]  </TASK>
[   32.519358] irq event stamp: 67739
[   32.519880] hardirqs last  enabled at (67747): [<ffffffff81449244>] console_unlock+0x224/0x240
[   32.521138] hardirqs last disabled at (67754): [<ffffffff81449229>] console_unlock+0x209/0x240
[   32.522372] softirqs last  enabled at (67718): [<ffffffff812795c9>] __irq_exit_rcu+0xa9/0x120
[   32.523650] softirqs last disabled at (67697): [<ffffffff812795c9>] __irq_exit_rcu+0xa9/0x120
[   32.524913] ---[ end trace 0000000000000000 ]---
[   32.526510] ------------[ cut here ]------------
[   32.527286] WARNING: CPU: 0 PID: 728 at kernel/cpu.c:525 lockdep_assert_cpus_held+0xd3/0x100
[   32.528532] Modules linked in:
[   32.529010] CPU: 0 PID: 728 Comm: repro Tainted: G        W          6.10.0-rc2-445f3d968524+ #1
[   32.530269] Hardware name: QEMU Standard PC (i440FX + PIIX, 1996), BIOS rel-1.16.0-0-gd239552ce722-prebuilt.qemu.org 04/01/2014
[   32.531938] RIP: 0010:lockdep_assert_cpus_held+0xd3/0x100
[   32.532753] Code: e8 a2 7a 3e 00 be ff ff ff ff 48 c7 c7 30 5f d0 86 e8 61 fa 4b 04 31 ff 89 c3 89 c6 e8 c6 75 3e 00 85 db 75 cc e8 7d 7a 3e 00 <0f> 0b eb c3 48 c7 c7 84 64 9f 87 e8 bd a9 a1 00 e9 59 ff ff ff 48
[   32.535416] RSP: 0018:ffff8880205efa28 EFLAGS: 00010293
[   32.536156] RAX: 0000000000000000 RBX: 0000000000000000 RCX: ffffffff81265cca
[   32.536825] RDX: ffff888011350000 RSI: ffffffff81265cd3 RDI: 0000000000000005
[   32.537497] RBP: ffff8880205efa30 R08: 0000000000000000 R09: fffffbfff0f3f9dc
[   32.538151] R10: 0000000000000000 R11: 0000000000000001 R12: ffff88801077c780
[   32.538823] R13: ffff88800f989820 R14: 0000000000000001 R15: ffff88800f989800
[   32.539522] FS:  00007f954021c740(0000) GS:ffff88806c600000(0000) knlGS:0000000000000000
[   32.540288] CS:  0010 DS: 0000 ES: 0000 CR0: 0000000080050033
[   32.540795] CR2: 00007fbf44003b68 CR3: 0000000018d4e001 CR4: 0000000000770ef0
[   32.541402] DR0: 0000000000000000 DR1: 0000000000000000 DR2: 0000000000000000
[   32.542008] DR3: 0000000000000000 DR6: 00000000ffff07f0 DR7: 0000000000000400
[   32.542594] PKRU: 55555554
[   32.542818] Call Trace:
[   32.543020]  <TASK>
[   32.543227]  ? show_regs+0xa8/0xc0
[   32.543518]  ? __warn+0xee/0x380
[   32.543786]  ? report_bug+0x25e/0x4b0
[   32.544099]  ? lockdep_assert_cpus_held+0xd3/0x100
[   32.544492]  ? report_bug+0x2cb/0x4b0
[   32.544796]  ? alloc_workqueue+0x940/0x1940
[   32.545144]  ? lockdep_assert_cpus_held+0xd3/0x100
[   32.545533]  ? handle_bug+0xa2/0x130
[   32.545843]  ? exc_invalid_op+0x3c/0x80
[   32.546169]  ? asm_exc_invalid_op+0x1f/0x30
[   32.546523]  ? lockdep_assert_cpus_held+0xca/0x100
[   32.546916]  ? lockdep_assert_cpus_held+0xd3/0x100
[   32.547337]  ? lockdep_assert_cpus_held+0xd3/0x100
[   32.547736]  ? lockdep_assert_cpus_held+0xd3/0x100
[   32.548140]  alloc_workqueue+0x9b0/0x1940
[   32.548485]  ? __pfx_alloc_workqueue+0x10/0x10
[   32.548842]  ? __pfx_lock_release+0x10/0x10
[   32.549197]  xfs_init_mount_workqueues+0x237/0x500
[   32.549580]  ? debugfs_create_dir+0x3f1/0x620
[   32.549935]  xfs_fs_fill_super+0x3e4/0x1de0
[   32.550271]  ? setup_bdev_super+0x32c/0x6f0
[   32.550612]  get_tree_bdev+0x3c5/0x6a0
[   32.550918]  ? __pfx_xfs_fs_fill_super+0x10/0x10
[   32.551313]  ? __pfx_get_tree_bdev+0x10/0x10
[   32.551662]  ? __pfx_vfs_parse_comma_sep+0x10/0x10
[   32.552058]  ? cap_capable+0x1d3/0x240
[   32.552368]  ? __sanitizer_cov_trace_const_cmp4+0x1a/0x20
[   32.552796]  ? security_capable+0xa0/0xd0
[   32.553124]  xfs_fs_get_tree+0x26/0x30
[   32.553429]  vfs_get_tree+0x9d/0x390
[   32.553727]  path_mount+0x707/0x2000
[   32.554031]  ? __kasan_slab_free+0x120/0x1a0
[   32.554384]  ? __pfx_path_mount+0x10/0x10
[   32.554713]  ? putname+0x146/0x190
[   32.555006]  __x64_sys_mount+0x2c2/0x350
[   32.555356]  ? __pfx___x64_sys_mount+0x10/0x10
[   32.555730]  x64_sys_call+0x2091/0x20d0
[   32.556057]  do_syscall_64+0x6d/0x140
[   32.556362]  entry_SYSCALL_64_after_hwframe+0x76/0x7e
[   32.556770] RIP: 0033:0x7f954003f7be
[   32.557067] Code: 48 8b 0d 65 a6 1b 00 f7 d8 64 89 01 48 83 c8 ff c3 66 2e 0f 1f 84 00 00 00 00 00 90 f3 0f 1e fa 49 89 ca b8 a5 00 00 00 0f 05 <48> 3d 01 f0 ff ff 73 01 c3 48 8b 0d 32 a6 1b 00 f7 d8 64 89 01 48
[   32.558474] RSP: 002b:00007ffe54a6e638 EFLAGS: 00000202 ORIG_RAX: 00000000000000a5
[   32.559071] RAX: ffffffffffffffda RBX: 0000000000000000 RCX: 00007f954003f7be
[   32.559650] RDX: 0000000020009600 RSI: 0000000020009640 RDI: 00007ffe54a6e780
[   32.560216] RBP: 00007ffe54a6e810 R08: 00007ffe54a6e680 R09: 0000000000000000
[   32.560770] R10: 0000000000004490 R11: 0000000000000202 R12: 00007ffe54a6e988
[   32.561323] R13: 0000000000402cb4 R14: 000000000040de08 R15: 00007f9540267000
[   32.561895]  </TASK>
[   32.562085] irq event stamp: 68461
[   32.562363] hardirqs last  enabled at (68469): [<ffffffff81449244>] console_unlock+0x224/0x240
[   32.563032] hardirqs last disabled at (68476): [<ffffffff81449229>] console_unlock+0x209/0x240
[   32.563728] softirqs last  enabled at (67938): [<ffffffff812795c9>] __irq_exit_rcu+0xa9/0x120
[   32.564406] softirqs last disabled at (67933): [<ffffffff812795c9>] __irq_exit_rcu+0xa9/0x120
[   32.565067] ---[ end trace 0000000000000000 ]---
[   32.565781] ------------[ cut here ]------------
[   32.566166] WARNING: CPU: 0 PID: 728 at kernel/cpu.c:525 lockdep_assert_cpus_held+0xd3/0x100
[   32.566835] Modules linked in:
[   32.567102] CPU: 0 PID: 728 Comm: repro Tainted: G        W          6.10.0-rc2-445f3d968524+ #1
[   32.568004] Hardware name: QEMU Standard PC (i440FX + PIIX, 1996), BIOS rel-1.16.0-0-gd239552ce722-prebuilt.qemu.org 04/01/2014
[   32.569151] RIP: 0010:lockdep_assert_cpus_held+0xd3/0x100
[   32.569626] Code: e8 a2 7a 3e 00 be ff ff ff ff 48 c7 c7 30 5f d0 86 e8 61 fa 4b 04 31 ff 89 c3 89 c6 e8 c6 75 3e 00 85 db 75 cc e8 7d 7a 3e 00 <0f> 0b eb c3 48 c7 c7 84 64 9f 87 e8 bd a9 a1 00 e9 59 ff ff ff 48
[   32.571105] RSP: 0018:ffff8880205efa28 EFLAGS: 00010293
[   32.571551] RAX: 0000000000000000 RBX: 0000000000000000 RCX: ffffffff81265cca
[   32.572118] RDX: ffff888011350000 RSI: ffffffff81265cd3 RDI: 0000000000000005
[   32.572672] RBP: ffff8880205efa30 R08: 0000000000000000 R09: fffffbfff0f3f9dc
[   32.573229] R10: 0000000000000000 R11: 0000000000000001 R12: ffff88800e6e6e00
[   32.573945] R13: ffff88800f98b420 R14: 0000000000000008 R15: ffff88800f98b400
[   32.574507] FS:  00007f954021c740(0000) GS:ffff88806c600000(0000) knlGS:0000000000000000
[   32.575131] CS:  0010 DS: 0000 ES: 0000 CR0: 0000000080050033
[   32.575751] CR2: 00007fbf44003b68 CR3: 0000000018d4e001 CR4: 0000000000770ef0
[   32.576255] DR0: 0000000000000000 DR1: 0000000000000000 DR2: 0000000000000000
[   32.576742] DR3: 0000000000000000 DR6: 00000000ffff07f0 DR7: 0000000000000400
[   32.577316] PKRU: 55555554
[   32.577550] Call Trace:
[   32.577755]  <TASK>
[   32.577941]  ? show_regs+0xa8/0xc0
[   32.578230]  ? __warn+0xee/0x380
[   32.578502]  ? report_bug+0x25e/0x4b0
[   32.578805]  ? lockdep_assert_cpus_held+0xd3/0x100
[   32.579222]  ? report_bug+0x2cb/0x4b0
[   32.579532]  ? alloc_workqueue+0x940/0x1940
[   32.580032]  ? lockdep_assert_cpus_held+0xd3/0x100
[   32.580436]  ? handle_bug+0xa2/0x130
[   32.580742]  ? exc_invalid_op+0x3c/0x80
[   32.581064]  ? asm_exc_invalid_op+0x1f/0x30
[   32.581416]  ? lockdep_assert_cpus_held+0xca/0x100
[   32.581810]  ? lockdep_assert_cpus_held+0xd3/0x100
[   32.582205]  ? lockdep_assert_cpus_held+0xd3/0x100
[   32.582602]  ? lockdep_assert_cpus_held+0xd3/0x100
[   32.582994]  alloc_workqueue+0x9b0/0x1940
[   32.583362]  ? __pfx_alloc_workqueue+0x10/0x10
[   32.583882]  ? __pfx_lock_release+0x10/0x10
[   32.584254]  xfs_init_mount_workqueues+0x2ae/0x500
[   32.584669]  xfs_fs_fill_super+0x3e4/0x1de0
[   32.585020]  ? setup_bdev_super+0x32c/0x6f0
[   32.585376]  get_tree_bdev+0x3c5/0x6a0
[   32.585698]  ? __pfx_xfs_fs_fill_super+0x10/0x10
[   32.586085]  ? __pfx_get_tree_bdev+0x10/0x10
[   32.586443]  ? __pfx_vfs_parse_comma_sep+0x10/0x10
[   32.586983]  ? cap_capable+0x1d3/0x240
[   32.587337]  ? __sanitizer_cov_trace_const_cmp4+0x1a/0x20
[   32.587783]  ? security_capable+0xa0/0xd0
[   32.588131]  xfs_fs_get_tree+0x26/0x30
[   32.588449]  vfs_get_tree+0x9d/0x390
[   32.588758]  path_mount+0x707/0x2000
[   32.589054]  ? __kasan_slab_free+0x120/0x1a0
[   32.589410]  ? __pfx_path_mount+0x10/0x10
[   32.589741]  ? putname+0x146/0x190
[   32.590036]  __x64_sys_mount+0x2c2/0x350
[   32.590503]  ? __pfx___x64_sys_mount+0x10/0x10
[   32.590882]  x64_sys_call+0x2091/0x20d0
[   32.591230]  do_syscall_64+0x6d/0x140
[   32.591545]  entry_SYSCALL_64_after_hwframe+0x76/0x7e
[   32.591959] RIP: 0033:0x7f954003f7be
[   32.592253] Code: 48 8b 0d 65 a6 1b 00 f7 d8 64 89 01 48 83 c8 ff c3 66 2e 0f 1f 84 00 00 00 00 00 90 f3 0f 1e fa 49 89 ca b8 a5 00 00 00 0f 05 <48> 3d 01 f0 ff ff 73 01 c3 48 8b 0d 32 a6 1b 00 f7 d8 64 89 01 48
[   32.593774] RSP: 002b:00007ffe54a6e638 EFLAGS: 00000202 ORIG_RAX: 00000000000000a5
[   32.594362] RAX: ffffffffffffffda RBX: 0000000000000000 RCX: 00007f954003f7be
[   32.594916] RDX: 0000000020009600 RSI: 0000000020009640 RDI: 00007ffe54a6e780
[   32.595485] RBP: 00007ffe54a6e810 R08: 00007ffe54a6e680 R09: 0000000000000000
[   32.596039] R10: 0000000000004490 R11: 0000000000000202 R12: 00007ffe54a6e988
[   32.596597] R13: 0000000000402cb4 R14: 000000000040de08 R15: 00007f9540267000
[   32.597278]  </TASK>
[   32.597467] irq event stamp: 69249
[   32.597737] hardirqs last  enabled at (69257): [<ffffffff81449244>] console_unlock+0x224/0x240
[   32.598395] hardirqs last disabled at (69264): [<ffffffff81449229>] console_unlock+0x209/0x240
[   32.599055] softirqs last  enabled at (69238): [<ffffffff812795c9>] __irq_exit_rcu+0xa9/0x120
[   32.599734] softirqs last disabled at (69229): [<ffffffff812795c9>] __irq_exit_rcu+0xa9/0x120
[   32.600421] ---[ end trace 0000000000000000 ]---
[   32.603548] XFS (loop0): Mounting V5 Filesystem bfdc47fc-10d8-4eed-a562-11a831b3f791
[   32.604708] ------------[ cut here ]------------
[   32.605085] WARNING: CPU: 0 PID: 728 at kernel/cpu.c:525 lockdep_assert_cpus_held+0xd3/0x100
[   32.605782] Modules linked in:
[   32.606175] CPU: 0 PID: 728 Comm: repro Tainted: G        W          6.10.0-rc2-445f3d968524+ #1
[   32.606869] Hardware name: QEMU Standard PC (i440FX + PIIX, 1996), BIOS rel-1.16.0-0-gd239552ce722-prebuilt.qemu.org 04/01/2014
[   32.607786] RIP: 0010:lockdep_assert_cpus_held+0xd3/0x100
[   32.608238] Code: e8 a2 7a 3e 00 be ff ff ff ff 48 c7 c7 30 5f d0 86 e8 61 fa 4b 04 31 ff 89 c3 89 c6 e8 c6 75 3e 00 85 db 75 cc e8 7d 7a 3e 00 <0f> 0b eb c3 48 c7 c7 84 64 9f 87 e8 bd a9 a1 00 e9 59 ff ff ff 48
[   32.609687] RSP: 0018:ffff8880205ef888 EFLAGS: 00010293
[   32.610250] RAX: 0000000000000000 RBX: 0000000000000000 RCX: ffffffff81265cca
[   32.610819] RDX: ffff888011350000 RSI: ffffffff81265cd3 RDI: 0000000000000005
[   32.611409] RBP: ffff8880205ef890 R08: 0000000000000000 R09: fffffbfff0f3f9dc
[   32.611984] R10: 0000000000000000 R11: 0000000000000001 R12: ffff88800e6e6580
[   32.612685] R13: ffff88800f989420 R14: 0000000000000008 R15: ffff88800f989400
[   32.613256] FS:  00007f954021c740(0000) GS:ffff88806c600000(0000) knlGS:0000000000000000
[   32.613894] CS:  0010 DS: 0000 ES: 0000 CR0: 0000000080050033
[   32.614365] CR2: 00007fbf44003b68 CR3: 0000000018d4e001 CR4: 0000000000770ef0
[   32.614939] DR0: 0000000000000000 DR1: 0000000000000000 DR2: 0000000000000000
[   32.615526] DR3: 0000000000000000 DR6: 00000000ffff07f0 DR7: 0000000000000400
[   32.616232] PKRU: 55555554
[   32.616466] Call Trace:
[   32.616673]  <TASK>
[   32.616858]  ? show_regs+0xa8/0xc0
[   32.617152]  ? __warn+0xee/0x380
[   32.617426]  ? report_bug+0x25e/0x4b0
[   32.617735]  ? lockdep_assert_cpus_held+0xd3/0x100
[   32.618134]  ? report_bug+0x2cb/0x4b0
[   32.618443]  ? alloc_workqueue+0x940/0x1940
[   32.618798]  ? lockdep_assert_cpus_held+0xd3/0x100
[   32.619245]  ? handle_bug+0xa2/0x130
[   32.619656]  ? exc_invalid_op+0x3c/0x80
[   32.619993]  ? asm_exc_invalid_op+0x1f/0x30
[   32.620350]  ? lockdep_assert_cpus_held+0xca/0x100
[   32.620748]  ? lockdep_assert_cpus_held+0xd3/0x100
[   32.621145]  ? lockdep_assert_cpus_held+0xd3/0x100
[   32.621542]  ? lockdep_assert_cpus_held+0xd3/0x100
[   32.622091]  alloc_workqueue+0x9b0/0x1940
[   32.622447]  ? __pfx_alloc_workqueue+0x10/0x10
[   32.622821]  ? lockdep_init_map_type+0x2df/0x810
[   32.623234]  xlog_alloc_log+0xe30/0x13e0
[   32.623562]  ? lockdep_init_map_type+0x2df/0x810
[   32.623949]  xfs_log_mount+0xf8/0x490
[   32.624248]  ? xfs_log_mount+0xf8/0x490
[   32.624568]  xfs_mountfs+0xe5f/0x1c00
[   32.624882]  ? __pfx_xfs_mountfs+0x10/0x10
[   32.625217]  ? xfs_mru_cache_create+0x4d8/0x5f0
[   32.625592]  xfs_fs_fill_super+0x11a5/0x1de0
[   32.625967]  get_tree_bdev+0x3c5/0x6a0
[   32.626444]  ? __pfx_xfs_fs_fill_super+0x10/0x10
[   32.626848]  ? __pfx_get_tree_bdev+0x10/0x10
[   32.627239]  ? __pfx_vfs_parse_comma_sep+0x10/0x10
[   32.627648]  ? cap_capable+0x1d3/0x240
[   32.627979]  ? __sanitizer_cov_trace_const_cmp4+0x1a/0x20
[   32.628428]  ? security_capable+0xa0/0xd0
[   32.628769]  xfs_fs_get_tree+0x26/0x30
[   32.629085]  vfs_get_tree+0x9d/0x390
[   32.629391]  path_mount+0x707/0x2000
[   32.629696]  ? __kasan_slab_free+0x120/0x1a0
[   32.630082]  ? __pfx_path_mount+0x10/0x10
[   32.630540]  ? putname+0x146/0x190
[   32.630843]  __x64_sys_mount+0x2c2/0x350
[   32.631195]  ? __pfx___x64_sys_mount+0x10/0x10
[   32.631581]  x64_sys_call+0x2091/0x20d0
[   32.631925]  do_syscall_64+0x6d/0x140
[   32.632236]  entry_SYSCALL_64_after_hwframe+0x76/0x7e
[   32.632658] RIP: 0033:0x7f954003f7be
[   32.632961] Code: 48 8b 0d 65 a6 1b 00 f7 d8 64 89 01 48 83 c8 ff c3 66 2e 0f 1f 84 00 00 00 00 00 90 f3 0f 1e fa 49 89 ca b8 a5 00 00 00 0f 05 <48> 3d 01 f0 ff ff 73 01 c3 48 8b 0d 32 a6 1b 00 f7 d8 64 89 01 48
[   32.634536] RSP: 002b:00007ffe54a6e638 EFLAGS: 00000202 ORIG_RAX: 00000000000000a5
[   32.635143] RAX: ffffffffffffffda RBX: 0000000000000000 RCX: 00007f954003f7be
[   32.635721] RDX: 0000000020009600 RSI: 0000000020009640 RDI: 00007ffe54a6e780
[   32.636447] RBP: 00007ffe54a6e810 R08: 00007ffe54a6e680 R09: 0000000000000000
[   32.637479] R10: 0000000000004490 R11: 0000000000000202 R12: 00007ffe54a6e988
[   32.638522] R13: 0000000000402cb4 R14: 000000000040de08 R15: 00007f9540267000
[   32.639801]  </TASK>
[   32.640165] irq event stamp: 70283
[   32.640692] hardirqs last  enabled at (70291): [<ffffffff81449244>] console_unlock+0x224/0x240
[   32.642079] hardirqs last disabled at (70298): [<ffffffff81449229>] console_unlock+0x209/0x240
[   32.643588] softirqs last  enabled at (70318): [<ffffffff812795c9>] __irq_exit_rcu+0xa9/0x120
[   32.645097] softirqs last disabled at (70329): [<ffffffff812795c9>] __irq_exit_rcu+0xa9/0x120
[   32.646449] ---[ end trace 0000000000000000 ]---
[   32.649001] ------------[ cut here ]------------
[   32.649836] WARNING: CPU: 0 PID: 728 at kernel/cpu.c:525 lockdep_assert_cpus_held+0xd3/0x100
[   32.651269] Modules linked in:
[   32.651819] CPU: 0 PID: 728 Comm: repro Tainted: G        W          6.10.0-rc2-445f3d968524+ #1
[   32.653221] Hardware name: QEMU Standard PC (i440FX + PIIX, 1996), BIOS rel-1.16.0-0-gd239552ce722-prebuilt.qemu.org 04/01/2014
[   32.655307] RIP: 0010:lockdep_assert_cpus_held+0xd3/0x100
[   32.656200] Code: e8 a2 7a 3e 00 be ff ff ff ff 48 c7 c7 30 5f d0 86 e8 61 fa 4b 04 31 ff 89 c3 89 c6 e8 c6 75 3e 00 85 db 75 cc e8 7d 7a 3e 00 <0f> 0b eb c3 48 c7 c7 84 64 9f 87 e8 bd a9 a1 00 e9 59 ff ff ff 48
[   32.659282] RSP: 0018:ffff8880205ef820 EFLAGS: 00010293
[   32.660299] RAX: 0000000000000000 RBX: 0000000000000000 RCX: ffffffff81265cca
[   32.661376] RDX: ffff888011350000 RSI: ffffffff81265cd3 RDI: 0000000000000005
[   32.662418] RBP: ffff8880205ef828 R08: 0000000000000000 R09: fffffbfff0f3f9dc
[   32.663676] R10: 0000000000000000 R11: 0000000000000001 R12: ffff88801423d9d8
[   32.664706] R13: ffff88801423d820 R14: ffff888011949480 R15: ffff88801423d800
[   32.665924] FS:  00007f954021c740(0000) GS:ffff88806c600000(0000) knlGS:0000000000000000
[   32.667063] CS:  0010 DS: 0000 ES: 0000 CR0: 0000000080050033
[   32.668136] CR2: 00007fbf44003b68 CR3: 0000000018d4e002 CR4: 0000000000770ef0
[   32.669168] DR0: 0000000000000000 DR1: 0000000000000000 DR2: 0000000000000000
[   32.670188] DR3: 0000000000000000 DR6: 00000000ffff07f0 DR7: 0000000000000400
[   32.671249] PKRU: 55555554
[   32.671663] Call Trace:
[   32.672048]  <TASK>
[   32.672383]  ? show_regs+0xa8/0xc0
[   32.672911]  ? __warn+0xee/0x380
[   32.673408]  ? report_bug+0x25e/0x4b0
[   32.673968]  ? lockdep_assert_cpus_held+0xd3/0x100
[   32.674686]  ? report_bug+0x2cb/0x4b0
[   32.675289]  ? alloc_workqueue+0x940/0x1940
[   32.675937]  ? lockdep_assert_cpus_held+0xd3/0x100
[   32.676664]  ? handle_bug+0xa2/0x130
[   32.677222]  ? exc_invalid_op+0x3c/0x80
[   32.677815]  ? asm_exc_invalid_op+0x1f/0x30
[   32.678455]  ? lockdep_assert_cpus_held+0xca/0x100
[   32.679217]  ? lockdep_assert_cpus_held+0xd3/0x100
[   32.679962]  ? lockdep_assert_cpus_held+0xd3/0x100
[   32.680703]  alloc_workqueue+0x9b0/0x1940
[   32.681330]  ? __pfx_alloc_workqueue+0x10/0x10
[   32.682011]  ? kasan_save_track+0x18/0x40
[   32.682685]  ? __kasan_kmalloc+0x88/0xa0
[   32.683320]  ? kmalloc_trace_noprof+0x1b9/0x3c0
[   32.684102]  xlog_cil_init+0xd6/0x5a0
[   32.684677]  xlog_alloc_log+0xe62/0x13e0
[   32.685270]  ? lockdep_init_map_type+0x2df/0x810
[   32.685979]  xfs_log_mount+0xf8/0x490
[   32.686539]  ? xfs_log_mount+0xf8/0x490
[   32.687132]  xfs_mountfs+0xe5f/0x1c00
[   32.687748]  ? __pfx_xfs_mountfs+0x10/0x10
[   32.688374]  ? xfs_mru_cache_create+0x4d8/0x5f0
[   32.689063]  xfs_fs_fill_super+0x11a5/0x1de0
[   32.689719]  get_tree_bdev+0x3c5/0x6a0
[   32.690296]  ? __pfx_xfs_fs_fill_super+0x10/0x10
[   32.691009]  ? __pfx_get_tree_bdev+0x10/0x10
[   32.691705]  ? __pfx_vfs_parse_comma_sep+0x10/0x10
[   32.692440]  ? cap_capable+0x1d3/0x240
[   32.693017]  ? __sanitizer_cov_trace_const_cmp4+0x1a/0x20
[   32.693800]  ? security_capable+0xa0/0xd0
[   32.694408]  xfs_fs_get_tree+0x26/0x30
[   32.694972]  vfs_get_tree+0x9d/0x390
[   32.695572]  path_mount+0x707/0x2000
[   32.696129]  ? __kasan_slab_free+0x120/0x1a0
[   32.696776]  ? __pfx_path_mount+0x10/0x10
[   32.697381]  ? putname+0x146/0x190
[   32.697920]  __x64_sys_mount+0x2c2/0x350
[   32.698517]  ? __pfx___x64_sys_mount+0x10/0x10
[   32.699244]  x64_sys_call+0x2091/0x20d0
[   32.699828]  do_syscall_64+0x6d/0x140
[   32.700213]  entry_SYSCALL_64_after_hwframe+0x76/0x7e
[   32.700644] RIP: 0033:0x7f954003f7be
[   32.700941] Code: 48 8b 0d 65 a6 1b 00 f7 d8 64 89 01 48 83 c8 ff c3 66 2e 0f 1f 84 00 00 00 00 00 90 f3 0f 1e fa 49 89 ca b8 a5 00 00 00 0f 05 <48> 3d 01 f0 ff ff 73 01 c3 48 8b 0d 32 a6 1b 00 f7 d8 64 89 01 48
[   32.702348] RSP: 002b:00007ffe54a6e638 EFLAGS: 00000202 ORIG_RAX: 00000000000000a5
[   32.702943] RAX: ffffffffffffffda RBX: 0000000000000000 RCX: 00007f954003f7be
[   32.703533] RDX: 0000000020009600 RSI: 0000000020009640 RDI: 00007ffe54a6e780
[   32.704102] RBP: 00007ffe54a6e810 R08: 00007ffe54a6e680 R09: 0000000000000000
[   32.704665] R10: 0000000000004490 R11: 0000000000000202 R12: 00007ffe54a6e988
[   32.705224] R13: 0000000000402cb4 R14: 000000000040de08 R15: 00007f9540267000
[   32.705803]  </TASK>
[   32.705992] irq event stamp: 71189
[   32.706268] hardirqs last  enabled at (71197): [<ffffffff81449244>] console_unlock+0x224/0x240
[   32.706941] hardirqs last disabled at (71204): [<ffffffff81449229>] console_unlock+0x209/0x240
[   32.707635] softirqs last  enabled at (70682): [<ffffffff812795c9>] __irq_exit_rcu+0xa9/0x120
[   32.708318] softirqs last disabled at (70673): [<ffffffff812795c9>] __irq_exit_rcu+0xa9/0x120
[   32.708985] ---[ end trace 0000000000000000 ]---
[   32.732169] XFS (loop0): Ending clean mount
