c[?7l[2J[0mSeaBIOS (version rel-1.16.0-0-gd239552ce722-prebuilt.qemu.org)


iPXE (http://ipxe.org) 00:03.0 CA00 PCI2.10 PnP PMM+7FF91000+7FEF1000 CA00
Press Ctrl-B to configure iPXE (PCI 00:03.0)...                                                                               


Booting from ROM..c[?7l[2J[    0.000000] Linux version 6.10.0-e940d14bb80a+ (root@p-mtlp04) (gcc (GCC) 11.4.1 20231218 (Red Hat 11.4.1-3), GNU ld version 2.35.2-48.el9) #1 SMP PREEMPT_DYNAMIC Mon Jul 15 21:00:53 CST 2024
[    0.000000] Command line: console=ttyS0 root=/dev/sda earlyprintk=serial net.ifnames=0 plymouth.enable=0
[    0.000000] KERNEL supported cpus:
[    0.000000]   Intel GenuineIntel
[    0.000000]   AMD AuthenticAMD
[    0.000000]   Hygon HygonGenuine
[    0.000000]   Centaur CentaurHauls
[    0.000000]   zhaoxin   Shanghai  
[    0.000000] x86/split lock detection: #DB: warning on user-space bus_locks
[    0.000000] BIOS-provided physical RAM map:
[    0.000000] BIOS-e820: [mem 0x0000000000000000-0x000000000009fbff] usable
[    0.000000] BIOS-e820: [mem 0x000000000009fc00-0x000000000009ffff] reserved
[    0.000000] BIOS-e820: [mem 0x00000000000f0000-0x00000000000fffff] reserved
[    0.000000] BIOS-e820: [mem 0x0000000000100000-0x000000007ffdffff] usable
[    0.000000] BIOS-e820: [mem 0x000000007ffe0000-0x000000007fffffff] reserved
[    0.000000] BIOS-e820: [mem 0x00000000feffc000-0x00000000feffffff] reserved
[    0.000000] BIOS-e820: [mem 0x00000000fffc0000-0x00000000ffffffff] reserved
[    0.000000] printk: legacy bootconsole [earlyser0] enabled
[    0.000000] NX (Execute Disable) protection: active
[    0.000000] APIC: Static calls initialized
[    0.000000] SMBIOS 2.8 present.
[    0.000000] DMI: QEMU Standard PC (i440FX + PIIX, 1996), BIOS rel-1.16.0-0-gd239552ce722-prebuilt.qemu.org 04/01/2014
[    0.000000] DMI: Memory slots populated: 1/1
[    0.000000] Hypervisor detected: KVM
[    0.000000] kvm-clock: Using msrs 4b564d01 and 4b564d00
[    0.000003] kvm-clock: using sched offset of 625135698 cycles
[    0.000463] clocksource: kvm-clock: mask: 0xffffffffffffffff max_cycles: 0x1cd42e4dffb, max_idle_ns: 881590591483 ns
[    0.001917] tsc: Detected 2995.200 MHz processor
[    0.010046] last_pfn = 0x7ffe0 max_arch_pfn = 0x400000000
[    0.010559] MTRR map: 4 entries (3 fixed + 1 variable; max 19), built from 8 variable MTRRs
[    0.011299] x86/PAT: Configuration [0-7]: WB  WC  UC- UC  WB  WP  UC- WT  
[    0.017010] found SMP MP-table at [mem 0x000f5ba0-0x000f5baf]
[    0.017567] Using GB pages for direct mapping
[    0.020683] ACPI: Early table checksum verification disabled
[    0.021188] ACPI: RSDP 0x00000000000F59C0 000014 (v00 BOCHS )
[    0.021708] ACPI: RSDT 0x000000007FFE1951 000034 (v01 BOCHS  BXPC     00000001 BXPC 00000001)
[    0.022478] ACPI: FACP 0x000000007FFE17FD 000074 (v01 BOCHS  BXPC     00000001 BXPC 00000001)
[    0.023258] ACPI: DSDT 0x000000007FFE0040 0017BD (v01 BOCHS  BXPC     00000001 BXPC 00000001)
[    0.024047] ACPI: FACS 0x000000007FFE0000 000040
[    0.024462] ACPI: APIC 0x000000007FFE1871 000080 (v01 BOCHS  BXPC     00000001 BXPC 00000001)
[    0.025218] ACPI: HPET 0x000000007FFE18F1 000038 (v01 BOCHS  BXPC     00000001 BXPC 00000001)
[    0.025971] ACPI: WAET 0x000000007FFE1929 000028 (v01 BOCHS  BXPC     00000001 BXPC 00000001)
[    0.026775] ACPI: Reserving FACP table memory at [mem 0x7ffe17fd-0x7ffe1870]
[    0.027401] ACPI: Reserving DSDT table memory at [mem 0x7ffe0040-0x7ffe17fc]
[    0.028065] ACPI: Reserving FACS table memory at [mem 0x7ffe0000-0x7ffe003f]
[    0.028704] ACPI: Reserving APIC table memory at [mem 0x7ffe1871-0x7ffe18f0]
[    0.029327] ACPI: Reserving HPET table memory at [mem 0x7ffe18f1-0x7ffe1928]
[    0.029949] ACPI: Reserving WAET table memory at [mem 0x7ffe1929-0x7ffe1950]
[    0.031087] No NUMA configuration found
[    0.031427] Faking a node at [mem 0x0000000000000000-0x000000007ffdffff]
[    0.032044] NODE_DATA(0) allocated [mem 0x7ffb4e00-0x7ffdfdff]
[    0.034078] Zone ranges:
[    0.034307]   DMA      [mem 0x0000000000001000-0x0000000000ffffff]
[    0.034858]   DMA32    [mem 0x0000000001000000-0x000000007ffdffff]
[    0.035417]   Normal   empty
[    0.035696]   Device   empty
[    0.035956] Movable zone start for each node
[    0.036345] Early memory node ranges
[    0.036665]   node   0: [mem 0x0000000000001000-0x000000000009efff]
[    0.037226]   node   0: [mem 0x0000000000100000-0x000000007ffdffff]
[    0.037792] Initmem setup node 0 [mem 0x0000000000001000-0x000000007ffdffff]
[    0.038640] On node 0, zone DMA: 1 pages in unavailable ranges
[    0.039370] On node 0, zone DMA: 97 pages in unavailable ranges
[    0.066475] On node 0, zone DMA32: 32 pages in unavailable ranges
[    0.109751] kasan: KernelAddressSanitizer initialized
[    0.110501] ACPI: PM-Timer IO Port: 0x608
[    0.110888] ACPI: LAPIC_NMI (acpi_id[0xff] dfl dfl lint[0x1])
[    0.111468] IOAPIC[0]: apic_id 0, version 17, address 0xfec00000, GSI 0-23
[    0.112102] ACPI: INT_SRC_OVR (bus 0 bus_irq 0 global_irq 2 dfl dfl)
[    0.112664] ACPI: INT_SRC_OVR (bus 0 bus_irq 5 global_irq 5 high level)
[    0.113249] ACPI: INT_SRC_OVR (bus 0 bus_irq 9 global_irq 9 high level)
[    0.113844] ACPI: INT_SRC_OVR (bus 0 bus_irq 10 global_irq 10 high level)
[    0.114481] ACPI: INT_SRC_OVR (bus 0 bus_irq 11 global_irq 11 high level)
[    0.115134] ACPI: Using ACPI (MADT) for SMP configuration information
[    0.115742] ACPI: HPET id: 0x8086a201 base: 0xfed00000
[    0.116250] TSC deadline timer available
[    0.116627] CPU topo: Max. logical packages:   1
[    0.117064] CPU topo: Max. logical dies:       1
[    0.117512] CPU topo: Max. dies per package:   1
[    0.117951] CPU topo: Max. threads per core:   1
[    0.118388] CPU topo: Num. cores per package:     2
[    0.118852] CPU topo: Num. threads per package:   2
[    0.119303] CPU topo: Allowing 2 present CPUs plus 0 hotplug CPUs
[    0.119995] kvm-guest: APIC: eoi() replaced with kvm_guest_apic_eoi_write()
[    0.120759] kvm-guest: KVM setup pv remote TLB flush
[    0.121250] kvm-guest: setup PV sched yield
[    0.121695] PM: hibernation: Registered nosave memory: [mem 0x00000000-0x00000fff]
[    0.122442] PM: hibernation: Registered nosave memory: [mem 0x0009f000-0x0009ffff]
[    0.123194] PM: hibernation: Registered nosave memory: [mem 0x000a0000-0x000effff]
[    0.123924] PM: hibernation: Registered nosave memory: [mem 0x000f0000-0x000fffff]
[    0.124663] [mem 0x80000000-0xfeffbfff] available for PCI devices
[    0.125271] Booting paravirtualized kernel on KVM
[    0.125736] clocksource: refined-jiffies: mask: 0xffffffff max_cycles: 0xffffffff, max_idle_ns: 7645519600211568 ns
[    0.126756] setup_percpu: NR_CPUS:8192 nr_cpumask_bits:2 nr_cpu_ids:2 nr_node_ids:1
[    0.127805] percpu: Embedded 85 pages/cpu s311296 r8192 d28672 u1048576
[    0.128587] kvm-guest: PV spinlocks enabled
[    0.128991] PV qspinlock hash table entries: 256 (order: 0, 4096 bytes, linear)
[    0.129689] Kernel command line: net.ifnames=0 console=ttyS0 root=/dev/sda earlyprintk=serial net.ifnames=0 plymouth.enable=0
[    0.131030] random: crng init done
[    0.131619] Dentry cache hash table entries: 262144 (order: 9, 2097152 bytes, linear)
[    0.132621] Inode-cache hash table entries: 131072 (order: 8, 1048576 bytes, linear)
[    0.133580] Fallback order for Node 0: 0 
[    0.133593] Built 1 zonelists, mobility grouping on.  Total pages: 524158
[    0.134584] Policy zone: DMA32
[    0.134877] mem auto-init: stack:off, heap alloc:off, heap free:off
[    0.135452] stackdepot: allocating hash table via alloc_large_system_hash
[    0.136082] stackdepot hash table entries: 1048576 (order: 12, 16777216 bytes, linear)
[    0.202182] SLUB: HWalign=64, Order=0-3, MinObjects=0, CPUs=2, Nodes=1
[    0.202812] kmemleak: Kernel memory leak detector disabled
[    0.203542] ftrace: allocating 72123 entries in 282 pages
[    0.230498] ftrace: allocated 282 pages with 4 groups
[    0.234956] Dynamic Preempt: voluntary
[    0.236015] Running RCU self tests
[    0.236337] Running RCU synchronous self tests
[    0.236753] rcu: Preemptible hierarchical RCU implementation.
[    0.237277] rcu: 	RCU lockdep checking is enabled.
[    0.237715] rcu: 	RCU restricting CPUs from NR_CPUS=8192 to nr_cpu_ids=2.
[    0.238351] 	Trampoline variant of Tasks RCU enabled.
[    0.238814] 	Rude variant of Tasks RCU enabled.
[    0.239244] 	Tracing variant of Tasks RCU enabled.
[    0.239692] rcu: RCU calculated value of scheduler-enlistment delay is 25 jiffies.
[    0.240403] rcu: Adjusting geometry for rcu_fanout_leaf=16, nr_cpu_ids=2
[    0.241096] Running RCU synchronous self tests
[    0.241509] RCU Tasks: Setting shift to 1 and lim to 1 rcu_task_cb_adjust=1.
[    0.242158] RCU Tasks Rude: Setting shift to 1 and lim to 1 rcu_task_cb_adjust=1.
[    0.242850] RCU Tasks Trace: Setting shift to 1 and lim to 1 rcu_task_cb_adjust=1.
[    0.295102] NR_IRQS: 524544, nr_irqs: 440, preallocated irqs: 16
[    0.296453] rcu: srcu_init: Setting srcu_struct sizes based on contention.
[    0.305378] Console: colour VGA+ 80x25
[    0.305832] printk: legacy console [ttyS0] enabled
[    0.305832] printk: legacy console [ttyS0] enabled
[    0.306747] printk: legacy bootconsole [earlyser0] disabled
[    0.306747] printk: legacy bootconsole [earlyser0] disabled
[    0.307875] Lock dependency validator: Copyright (c) 2006 Red Hat, Inc., Ingo Molnar
[    0.308593] ... MAX_LOCKDEP_SUBCLASSES:  8
[    0.308974] ... MAX_LOCK_DEPTH:          48
[    0.309363] ... MAX_LOCKDEP_KEYS:        8192
[    0.309773] ... CLASSHASH_SIZE:          4096
[    0.310205] ... MAX_LOCKDEP_ENTRIES:     524288
[    0.310655] ... MAX_LOCKDEP_CHAINS:      524288
[    0.311103] ... CHAINHASH_SIZE:          262144
[    0.311538]  memory used by lock dependency info: 54145 kB
[    0.312072]  memory used for stack traces: 4224 kB
[    0.312571]  per task-struct memory footprint: 1920 bytes
[    0.313209] ACPI: Core revision 20240322
[    0.314225] clocksource: hpet: mask: 0xffffffff max_cycles: 0xffffffff, max_idle_ns: 19112604467 ns
[    0.315331] APIC: Switch to symmetric I/O mode setup
[    0.315976] x2apic enabled
[    0.316664] APIC: Switched APIC routing to: physical x2apic
[    0.317187] kvm-guest: APIC: send_IPI_mask() replaced with kvm_send_ipi_mask()
[    0.317862] kvm-guest: APIC: send_IPI_mask_allbutself() replaced with kvm_send_ipi_mask_allbutself()
[    0.318698] kvm-guest: setup PV IPIs
[    0.320394] ..TIMER: vector=0x30 apic1=0 pin1=2 apic2=-1 pin2=-1
[    0.320975] clocksource: tsc-early: mask: 0xffffffffffffffff max_cycles: 0x2b2c8ec87c7, max_idle_ns: 440795278598 ns
[    0.321958] Calibrating delay loop (skipped) preset value.. 5990.40 BogoMIPS (lpj=11980800)
[    0.322862] x86/cpu: User Mode Instruction Prevention (UMIP) activated
[    0.326105] Last level iTLB entries: 4KB 0, 2MB 0, 4MB 0
[    0.326608] Last level dTLB entries: 4KB 0, 2MB 0, 4MB 0, 1GB 0
[    0.327163] Spectre V1 : Mitigation: usercopy/swapgs barriers and __user pointer sanitization
[    0.327913] Spectre V2 : WARNING: Unprivileged eBPF is enabled with eIBRS on, data leaks possible via Spectre v2 BHB attacks!
[    0.328908] Spectre V2 : Spectre BHI mitigation: SW BHB clearing on syscall and VM exit
[    0.329949] Spectre V2 : Mitigation: Enhanced / Automatic IBRS
[    0.330460] Spectre V2 : Spectre v2 / SpectreRSB mitigation: Filling RSB on context switch
[    0.331166] Spectre V2 : Spectre v2 / PBRSB-eIBRS: Retire a single CALL on VMEXIT
[    0.331814] Spectre V2 : mitigation: Enabling conditional Indirect Branch Prediction Barrier
[    0.332537] Speculative Store Bypass: Mitigation: Speculative Store Bypass disabled via prctl
[    0.333263] MMIO Stale Data: Unknown: No mitigations
[    0.333986] x86/fpu: Supporting XSAVE feature 0x001: 'x87 floating point registers'
[    0.334624] x86/fpu: Supporting XSAVE feature 0x002: 'SSE registers'
[    0.335176] x86/fpu: Supporting XSAVE feature 0x004: 'AVX registers'
[    0.335706] x86/fpu: Supporting XSAVE feature 0x200: 'Protection Keys User registers'
[    0.336352] x86/fpu: xstate_offset[2]:  576, xstate_sizes[2]:  256
[    0.336922] x86/fpu: xstate_offset[9]:  832, xstate_sizes[9]:    8
[    0.337502] x86/fpu: Enabled xstate features 0x207, context size is 840 bytes, using 'compacted' format.
[    0.487170] Freeing SMP alternatives memory: 56K
[    0.487675] pid_max: default: 32768 minimum: 301
[    0.488447] LSM: initializing lsm=capability,yama,ima,evm
[    0.489040] Yama: becoming mindful.
[    0.489895] Mount-cache hash table entries: 4096 (order: 3, 32768 bytes, linear)
[    0.489955] Mountpoint-cache hash table entries: 4096 (order: 3, 32768 bytes, linear)
[    0.494071] Running RCU synchronous self tests
[    0.494513] Running RCU synchronous self tests
[    0.495400] smpboot: CPU0: Intel(R) Core(TM) Ultra 7 155H (family: 0x6, model: 0xaa, stepping: 0x4)
[    0.497441] Running RCU Tasks wait API self tests
[    0.598112] Running RCU Tasks Rude wait API self tests
[    0.599095] Running RCU Tasks Trace wait API self tests
[    0.599988] Performance Events: unsupported p6 CPU model 170 no PMU driver, software events only.
[    0.601378] signal: max sigframe size: 3632
[    0.602287] rcu: Hierarchical SRCU implementation.
[    0.603036] rcu: 	Max phase no-delay instances is 1000.
[    0.606090] Callback from call_rcu_tasks_trace() invoked.
[    0.611242] NMI watchdog: Perf NMI watchdog permanently disabled
[    0.612292] smp: Bringing up secondary CPUs ...
[    0.613778] smpboot: x86: Booting SMP configuration:
[    0.613960] .... node  #0, CPUs:      #1
[    0.615053] smp: Brought up 1 node, 2 CPUs
[    0.615053] smpboot: Total of 2 processors activated (11980.80 BogoMIPS)
[    0.619719] Memory: 1556840K/2096632K available (75776K kernel code, 14464K rwdata, 17196K rodata, 15352K init, 68196K bss, 532604K reserved, 0K cma-reserved)
[    0.623019] devtmpfs: initialized
[    0.623019] x86/mm: Memory block size: 128MB
[    0.638445] Running RCU synchronous self tests
[    0.640540] Running RCU synchronous self tests
[    0.642084] clocksource: jiffies: mask: 0xffffffff max_cycles: 0xffffffff, max_idle_ns: 7645041785100000 ns
[    0.646010] futex hash table entries: 512 (order: 4, 65536 bytes, linear)
[    0.650252] pinctrl core: initialized pinctrl subsystem
[    0.653967] 
[    0.654004] *************************************************************
[    0.654004] **     NOTICE NOTICE NOTICE NOTICE NOTICE NOTICE NOTICE    **
[    0.654004] **                                                         **
[    0.654004] **  IOMMU DebugFS SUPPORT HAS BEEN ENABLED IN THIS KERNEL  **
[    0.654603] **                                                         **
[    0.655247] ** This means that this kernel is built to expose internal **
[    0.655892] ** IOMMU data structures, which may compromise security on **
[    0.656536] ** your system.                                            **
[    0.657182] **                                                         **
[    0.657825] ** If you see this message and you are not debugging the   **
[    0.657946] ** kernel, report this immediately to your vendor!         **
[    0.658596] **                                                         **
[    0.659241] **     NOTICE NOTICE NOTICE NOTICE NOTICE NOTICE NOTICE    **
[    0.659885] *************************************************************
[    0.660610] PM: RTC time: 13:06:44, date: 2024-07-15
[    0.664297] NET: Registered PF_NETLINK/PF_ROUTE protocol family
[    0.666530] DMA: preallocated 256 KiB GFP_KERNEL pool for atomic allocations
[    0.667226] DMA: preallocated 256 KiB GFP_KERNEL|GFP_DMA pool for atomic allocations
[    0.667977] DMA: preallocated 256 KiB GFP_KERNEL|GFP_DMA32 pool for atomic allocations
[    0.668849] audit: initializing netlink subsys (disabled)
[    0.670057] audit: type=2000 audit(1721048804.798:1): state=initialized audit_enabled=0 res=1
[    0.676701] thermal_sys: Registered thermal governor 'fair_share'
[    0.676715] thermal_sys: Registered thermal governor 'bang_bang'
[    0.677607] thermal_sys: Registered thermal governor 'step_wise'
[    0.677953] thermal_sys: Registered thermal governor 'user_space'
[    0.678966] cpuidle: using governor ladder
[    0.679384] cpuidle: using governor menu
[    0.679384] acpiphp: ACPI Hot Plug PCI Controller Driver version: 0.5
[    0.683309] PCI: Using configuration type 1 for base access
[    0.684167] kprobes: kprobe jump-optimization is enabled. All kprobes are optimized if possible.
[    0.812993] Callback from call_rcu_tasks_rude() invoked.
[    0.813703] HugeTLB: registered 1.00 GiB page size, pre-allocated 0 pages
[    0.813947] HugeTLB: 16380 KiB vmemmap can be freed for a 1.00 GiB page
[    0.814571] HugeTLB: registered 2.00 MiB page size, pre-allocated 0 pages
[    0.815197] HugeTLB: 28 KiB vmemmap can be freed for a 2.00 MiB page
[    0.821225] ACPI: Added _OSI(Module Device)
[    0.821634] ACPI: Added _OSI(Processor Device)
[    0.821963] ACPI: Added _OSI(3.0 _SCP Extensions)
[    0.822413] ACPI: Added _OSI(Processor Aggregator Device)
[    0.855859] ACPI: 1 ACPI AML tables successfully acquired and loaded
[    0.865076] ACPI: Interpreter enabled
[    0.865633] ACPI: PM: (supports S0 S3 S4 S5)
[    0.865948] ACPI: Using IOAPIC for interrupt routing
[    0.866573] PCI: Using host bridge windows from ACPI; if necessary, use "pci=nocrs" and report a bug
[    0.867423] PCI: Using E820 reservations for host bridge windows
[    0.870092] ACPI: Enabled 2 GPEs in block 00 to 0F
[    0.940785] ACPI: PCI Root Bridge [PCI0] (domain 0000 [bus 00-ff])
[    0.941469] acpi PNP0A03:00: _OSC: OS supports [ASPM ClockPM Segments MSI EDR HPX-Type3]
[    0.941954] acpi PNP0A03:00: _OSC: not requesting OS control; OS requires [ExtendedConfig ASPM ClockPM MSI]
[    0.943224] acpi PNP0A03:00: fail to add MMCONFIG information, can't access extended configuration space under this bridge
[    0.953613] acpiphp: Slot [3] registered
[    0.954237] acpiphp: Slot [4] registered
[    0.954858] acpiphp: Slot [5] registered
[    0.955491] acpiphp: Slot [6] registered
[    0.956119] acpiphp: Slot [7] registered
[    0.956741] acpiphp: Slot [8] registered
[    0.957352] acpiphp: Slot [9] registered
[    0.957959] acpiphp: Slot [10] registered
[    0.958579] acpiphp: Slot [11] registered
[    0.959196] acpiphp: Slot [12] registered
[    0.959821] acpiphp: Slot [13] registered
[    0.960443] acpiphp: Slot [14] registered
[    0.961063] acpiphp: Slot [15] registered
[    0.961683] acpiphp: Slot [16] registered
[    0.962203] acpiphp: Slot [17] registered
[    0.962820] acpiphp: Slot [18] registered
[    0.963479] acpiphp: Slot [19] registered
[    0.964105] acpiphp: Slot [20] registered
[    0.964725] acpiphp: Slot [21] registered
[    0.965346] acpiphp: Slot [22] registered
[    0.965968] acpiphp: Slot [23] registered
[    0.966586] acpiphp: Slot [24] registered
[    0.967207] acpiphp: Slot [25] registered
[    0.967833] acpiphp: Slot [26] registered
[    0.968455] acpiphp: Slot [27] registered
[    0.969075] acpiphp: Slot [28] registered
[    0.969695] acpiphp: Slot [29] registered
[    0.970209] acpiphp: Slot [30] registered
[    0.970830] acpiphp: Slot [31] registered
[    0.971347] PCI host bridge to bus 0000:00
[    0.971846] pci_bus 0000:00: root bus resource [io  0x0000-0x0cf7 window]
[    0.972470] pci_bus 0000:00: root bus resource [io  0x0d00-0xffff window]
[    0.973084] pci_bus 0000:00: root bus resource [mem 0x000a0000-0x000bffff window]
[    0.973756] pci_bus 0000:00: root bus resource [mem 0x80000000-0xfebfffff window]
[    0.973953] pci_bus 0000:00: root bus resource [mem 0x100000000-0x17fffffff window]
[    0.974657] pci_bus 0000:00: root bus resource [bus 00-ff]
[    0.975340] pci 0000:00:00.0: [8086:1237] type 00 class 0x060000 conventional PCI endpoint
[    0.998020] pci 0000:00:01.0: [8086:7000] type 00 class 0x060100 conventional PCI endpoint
[    1.001093] pci 0000:00:01.1: [8086:7010] type 00 class 0x010180 conventional PCI endpoint
[    1.003185] pci 0000:00:01.1: BAR 4 [io  0xc040-0xc04f]
[    1.004292] pci 0000:00:01.1: BAR 0 [io  0x01f0-0x01f7]: legacy IDE quirk
[    1.004910] pci 0000:00:01.1: BAR 1 [io  0x03f6]: legacy IDE quirk
[    1.005493] pci 0000:00:01.1: BAR 2 [io  0x0170-0x0177]: legacy IDE quirk
[    1.005950] pci 0000:00:01.1: BAR 3 [io  0x0376]: legacy IDE quirk
[    1.007242] pci 0000:00:01.3: [8086:7113] type 00 class 0x068000 conventional PCI endpoint
[    1.008406] pci 0000:00:01.3: quirk: [io  0x0600-0x063f] claimed by PIIX4 ACPI
[    1.009072] pci 0000:00:01.3: quirk: [io  0x0700-0x070f] claimed by PIIX4 SMB
[    1.010410] pci 0000:00:02.0: [1234:1111] type 00 class 0x030000 conventional PCI endpoint
[    1.013571] pci 0000:00:02.0: BAR 0 [mem 0xfd000000-0xfdffffff pref]
[    1.016607] pci 0000:00:02.0: BAR 2 [mem 0xfebf0000-0xfebf0fff]
[    1.020386] pci 0000:00:02.0: ROM [mem 0xfebe0000-0xfebeffff pref]
[    1.021674] pci 0000:00:02.0: Video device with shadowed ROM at [mem 0x000c0000-0x000dffff]
[    1.043029] pci 0000:00:03.0: [8086:100e] type 00 class 0x020000 conventional PCI endpoint
[    1.044445] pci 0000:00:03.0: BAR 0 [mem 0xfebc0000-0xfebdffff]
[    1.045452] pci 0000:00:03.0: BAR 1 [io  0xc000-0xc03f]
[    1.048292] pci 0000:00:03.0: ROM [mem 0xfeb80000-0xfebbffff pref]
[    1.086103] ACPI: PCI: Interrupt link LNKA configured for IRQ 10
[    1.088890] ACPI: PCI: Interrupt link LNKB configured for IRQ 10
[    1.091577] ACPI: PCI: Interrupt link LNKC configured for IRQ 11
[    1.094204] ACPI: PCI: Interrupt link LNKD configured for IRQ 11
[    1.095603] ACPI: PCI: Interrupt link LNKS configured for IRQ 9
[    1.100620] iommu: Default domain type: Translated
[    1.101104] iommu: DMA domain TLB invalidation policy: lazy mode
[    1.104657] SCSI subsystem initialized
[    1.106630] ACPI: bus type USB registered
[    1.107273] usbcore: registered new interface driver usbfs
[    1.107933] usbcore: registered new interface driver hub
[    1.108591] usbcore: registered new device driver usb
[    1.109498] pps_core: LinuxPPS API ver. 1 registered
[    1.109959] pps_core: Software ver. 5.3.6 - Copyright 2005-2007 Rodolfo Giometti <giometti@linux.it>
[    1.111004] PTP clock support registered
[    1.111985] EDAC MC: Ver: 3.0.0
[    1.117433] NetLabel: Initializing
[    1.117807] NetLabel:  domain hash size = 128
[    1.117949] NetLabel:  protocols = UNLABELED CIPSOv4 CALIPSO
[    1.118958] NetLabel:  unlabeled traffic allowed by default
[    1.120458] PCI: Using ACPI for IRQ routing
[    1.121593] pci 0000:00:02.0: vgaarb: setting as boot VGA device
[    1.121939] pci 0000:00:02.0: vgaarb: bridge control possible
[    1.121939] pci 0000:00:02.0: vgaarb: VGA device added: decodes=io+mem,owns=io+mem,locks=none
[    1.121951] vgaarb: loaded
[    1.122956] hpet0: at MMIO 0xfed00000, IRQs 2, 8, 0
[    1.123463] hpet0: 3 comparators, 64-bit 100.000000 MHz counter
[    1.141269] clocksource: Switched to clocksource kvm-clock
[    1.141269] VFS: Disk quotas dquot_6.6.0
[    1.141609] VFS: Dquot-cache hash table entries: 512 (order 0, 4096 bytes)
[    1.149076] pnp: PnP ACPI init
[    1.156730] pnp: PnP ACPI: found 6 devices
[    1.193734] clocksource: acpi_pm: mask: 0xffffff max_cycles: 0xffffff, max_idle_ns: 2085701024 ns
[    1.198159] NET: Registered PF_INET protocol family
[    1.198865] IP idents hash table entries: 32768 (order: 6, 262144 bytes, linear)
[    1.201485] tcp_listen_portaddr_hash hash table entries: 1024 (order: 4, 73728 bytes, linear)
[    1.202399] Table-perturb hash table entries: 65536 (order: 6, 262144 bytes, linear)
[    1.203320] TCP established hash table entries: 16384 (order: 5, 131072 bytes, linear)
[    1.204432] TCP bind hash table entries: 16384 (order: 9, 2359296 bytes, linear)
[    1.210086] TCP: Hash tables configured (established 16384 bind 16384)
[    1.211023] UDP hash table entries: 1024 (order: 5, 163840 bytes, linear)
[    1.211912] UDP-Lite hash table entries: 1024 (order: 5, 163840 bytes, linear)
[    1.213226] NET: Registered PF_UNIX/PF_LOCAL protocol family
[    1.215402] RPC: Registered named UNIX socket transport module.
[    1.216030] RPC: Registered udp transport module.
[    1.216482] RPC: Registered tcp transport module.
[    1.216984] RPC: Registered tcp-with-tls transport module.
[    1.217558] RPC: Registered tcp NFSv4.1 backchannel transport module.
[    1.218261] pci_bus 0000:00: resource 4 [io  0x0000-0x0cf7 window]
[    1.218892] pci_bus 0000:00: resource 5 [io  0x0d00-0xffff window]
[    1.219519] pci_bus 0000:00: resource 6 [mem 0x000a0000-0x000bffff window]
[    1.220210] pci_bus 0000:00: resource 7 [mem 0x80000000-0xfebfffff window]
[    1.220919] pci_bus 0000:00: resource 8 [mem 0x100000000-0x17fffffff window]
[    1.222224] pci 0000:00:01.0: PIIX3: Enabling Passive Release
[    1.222816] pci 0000:00:00.0: Limiting direct PCI/PCI transfers
[    1.223528] PCI: CLS 0 bytes, default 64
[    1.225234] ACPI: bus type thunderbolt registered
[    1.226141] clocksource: tsc: mask: 0xffffffffffffffff max_cycles: 0x2b2c8ec87c7, max_idle_ns: 440795278598 ns
[    3.192369] Initialise system trusted keyrings
[    3.193424] Key type blacklist registered
[    3.194419] workingset: timestamp_bits=36 max_order=19 bucket_order=0
[    3.195161] zbud: loaded
[    3.198700] squashfs: version 4.0 (2009/01/31) Phillip Lougher
[    3.201860] NFS: Registering the id_resolver key type
[    3.202397] Key type id_resolver registered
[    3.202810] Key type id_legacy registered
[    3.203278] nfs4filelayout_init: NFSv4 File Layout Driver Registering...
[    3.203985] nfs4flexfilelayout_init: NFSv4 Flexfile Layout Driver Registering...
[    3.205518] fuse: init (API version 7.40)
[    3.208995] SGI XFS with ACLs, security attributes, realtime, quota, no debug enabled
[    3.213521] 9p: Installing v9fs 9p2000 file system support
[    3.235721] Key type asymmetric registered
[    3.236180] Asymmetric key parser 'x509' registered
[    3.236899] Block layer SCSI generic (bsg) driver version 0.4 loaded (major 243)
[    3.238315] io scheduler mq-deadline registered
[    3.238899] io scheduler bfq registered
[    3.240788] shpchp: Standard Hot Plug PCI Controller Driver version: 0.4
[    3.242704] IPMI message handler: version 39.2
[    3.243299] ipmi device interface
[    3.246355] input: Power Button as /devices/LNXSYSTM:00/LNXPWRBN:00/input/input0
[    3.247883] ACPI: button: Power Button [PWRF]
[    3.251363] ERST DBG: ERST support is disabled.
[    3.253825] Serial: 8250/16550 driver, 32 ports, IRQ sharing enabled
[    3.256582] 00:04: ttyS0 at I/O 0x3f8 (irq = 4, base_baud = 115200) is a 16550A
[    3.301239] Callback from call_rcu_tasks() invoked.
[    3.308289] Linux agpgart interface v0.103
[    3.313740] ACPI: bus type drm_connector registered
[    3.356529] brd: module loaded
[    3.376600] loop: module loaded
[    3.396265] scsi host0: ata_piix
[    3.399051] scsi host1: ata_piix
[    3.400634] ata1: PATA max MWDMA2 cmd 0x1f0 ctl 0x3f6 bmdma 0xc040 irq 14 lpm-pol 0
[    3.402019] ata2: PATA max MWDMA2 cmd 0x170 ctl 0x376 bmdma 0xc048 irq 15 lpm-pol 0
[    3.407666] tun: Universal TUN/TAP device driver, 1.6
[    3.408818] e100: Intel(R) PRO/100 Network Driver
[    3.409346] e100: Copyright(c) 1999-2006 Intel Corporation
[    3.410014] e1000: Intel(R) PRO/1000 Network Driver
[    3.410519] e1000: Copyright (c) 1999-2006 Intel Corporation.
[    3.561522] ata2: found unknown device (class 0)
[    3.565009] ata1: found unknown device (class 0)
[    3.570086] ata2.00: ATAPI: QEMU DVD-ROM, 2.5+, max UDMA/100
[    3.573153] ata1.00: ATA-7: QEMU HARDDISK, 2.5+, max UDMA/100
[    3.575106] ata1.00: 17196647 sectors, multi 16: LBA48 
[    3.579791] scsi 0:0:0:0: Direct-Access     ATA      QEMU HARDDISK    2.5+ PQ: 0 ANSI: 5
[    3.584286] sd 0:0:0:0: Attached scsi generic sg0 type 0
[    3.586047] scsi 1:0:0:0: CD-ROM            QEMU     QEMU DVD-ROM     2.5+ PQ: 0 ANSI: 5
[    3.586990] sd 0:0:0:0: [sda] 17196647 512-byte logical blocks: (8.80 GB/8.20 GiB)
[    3.587777] sd 0:0:0:0: [sda] Write Protect is off
[    3.588505] sd 0:0:0:0: [sda] Write cache: enabled, read cache: enabled, doesn't support DPO or FUA
[    3.590042] sd 0:0:0:0: [sda] Preferred minimum I/O size 512 bytes
[    3.612745] sd 0:0:0:0: [sda] Attached SCSI disk
[    3.619773] scsi 1:0:0:0: Attached scsi generic sg1 type 5
[    5.457552] ACPI: \_SB_.LNKC: Enabled at IRQ 11
[    5.908951] e1000 0000:00:03.0 eth0: (PCI:33MHz:32-bit) 52:54:00:12:34:56
[    5.909688] e1000 0000:00:03.0 eth0: Intel(R) PRO/1000 Network Connection
[    5.910549] e1000e: Intel(R) PRO/1000 Network Driver
[    5.911048] e1000e: Copyright(c) 1999 - 2015 Intel Corporation.
[    5.911735] igb: Intel(R) Gigabit Ethernet Network Driver
[    5.912271] igb: Copyright (c) 2007-2014 Intel Corporation.
[    5.913117] PPP generic driver version 2.4.2
[    5.915741] VFIO - User Level meta-driver version: 0.3
[    5.919388] usbcore: registered new interface driver uas
[    5.919963] usbcore: registered new interface driver usb-storage
[    5.920893] i8042: PNP: PS/2 Controller [PNP0303:KBD,PNP0f13:MOU] at 0x60,0x64 irq 1,12
[    5.922971] serio: i8042 KBD port at 0x60,0x64 irq 1
[    5.923503] serio: i8042 AUX port at 0x60,0x64 irq 12
[    5.925991] mousedev: PS/2 mouse device common for all mice
[    5.928234] input: AT Translated Set 2 keyboard as /devices/platform/i8042/serio0/input/input1
[    5.930832] rtc_cmos 00:05: RTC can wake from S4
[    5.931370] input: VirtualPS/2 VMware VMMouse as /devices/platform/i8042/serio1/input/input4
[    5.934293] input: VirtualPS/2 VMware VMMouse as /devices/platform/i8042/serio1/input/input3
[    5.935607] rtc_cmos 00:05: registered as rtc0
[    5.936637] rtc_cmos 00:05: setting system clock to 2024-07-15T13:06:49 UTC (1721048809)
[    5.938825] rtc_cmos 00:05: alarms up to one day, y3k, 242 bytes nvram, hpet irqs
[    5.940308] i2c_dev: i2c /dev entries driver
[    5.941333] device-mapper: core: CONFIG_IMA_DISABLE_HTABLE is disabled. Duplicate IMA measurements will not be recorded in the IMA log.
[    5.943557] device-mapper: uevent: version 1.0.3
[    5.945294] device-mapper: ioctl: 4.48.0-ioctl (2023-03-01) initialised: dm-devel@lists.linux.dev
[    5.946907] intel_pstate: CPU model not supported
[    5.948248] sdhci: Secure Digital Host Controller Interface driver
[    5.949393] sdhci: Copyright(c) Pierre Ossman
[    5.950417] sdhci-pltfm: SDHCI platform and OF driver helper
[    5.951550] ledtrig-cpu: registered to indicate activity on CPUs
[    5.953604] drop_monitor: Initializing network drop monitor service
[    5.955325] NET: Registered PF_INET6 protocol family
[    5.964023] Segment Routing with IPv6
[    5.964897] In-situ OAM (IOAM) with IPv6
[    5.965761] NET: Registered PF_PACKET protocol family
[    5.966997] 9pnet: Installing 9P2000 support
[    5.968962] Key type dns_resolver registered
[    5.974165] IPI shorthand broadcast: enabled
[    6.051559] sched_clock: Marking stable (6028005712, 20837174)->(6214653159, -165810273)
[    6.055031] Timer migration: 1 hierarchy levels; 8 children per group; 1 crossnode level
[    6.056024] Timer migration setup failed
[    6.056542] registered taskstats version 1
[    6.057895] Loading compiled-in X.509 certificates
[    6.118686] Demotion targets for Node 0: null
[    6.120677] Key type .fscrypt registered
[    6.121070] Key type fscrypt-provisioning registered
[    6.125672] Key type encrypted registered
[    6.126100] ima: No TPM chip found, activating TPM-bypass!
[    6.126612] ima: Allocated hash algorithm: sha1
[    6.127095] ima: No architecture policies found
[    6.127704] evm: Initialising EVM extended attributes:
[    6.128160] evm: security.selinux
[    6.128459] evm: security.SMACK64
[    6.128758] evm: security.SMACK64EXEC
[    6.129114] evm: security.SMACK64TRANSMUTE
[    6.129482] evm: security.SMACK64MMAP
[    6.129809] evm: security.apparmor
[    6.130114] evm: security.ima
[    6.130383] evm: security.capability
[    6.130701] evm: HMAC attrs: 0x1
[    6.134898] PM:   Magic number: 0:576:129
[    6.135283] nvmem cmos_nvram0: hash matches
[    6.135776] event_source kprobe: hash matches
[    6.136236] acpi device:04: hash matches
[    6.137819] RAS: Correctable Errors collector initialized.
[    6.139988] clk: Disabling unused clocks
[    6.140763] PM: genpd: Disabling unused power domains
[    6.143247] md: Waiting for all devices to be available before autodetect
[    6.144051] md: If you don't use raid, use raid=noautodetect
[    6.144730] md: Autodetecting RAID arrays.
[    6.145341] md: autorun ...
[    6.145542] md: ... autorun DONE.
[    6.157890] EXT4-fs (sda): mounted filesystem 088740a9-c8b4-422c-999d-a804eb68a4da ro with ordered data mode. Quota mode: none.
[    6.158846] VFS: Mounted root (ext4 filesystem) readonly on device 8:0.
[    6.161578] devtmpfs: mounted
[    6.188799] Freeing unused decrypted memory: 2028K
[    6.194490] Freeing unused kernel image (initmem) memory: 15352K
[    6.194989] Write protecting the kernel read-only data: 94208k
[    6.197519] Freeing unused kernel image (rodata/data gap) memory: 1236K
[    6.280275] x86/mm: Checked W+X mappings: passed, no W+X pages found.
[    6.280790] Run /sbin/init as init process
[    6.476026] systemd[1]: systemd 252-15.el9 running in system mode (+PAM +AUDIT +SELINUX -APPARMOR +IMA +SMACK +SECCOMP +GCRYPT +GNUTLS +OPENSSL +ACL +BLKID +CURL +ELFUTILS -FIDO2 +IDN2 -IDN -IPTC +KMOD +LIBCRYPTSETUP +LIBFDISK +PCRE2 -PWQUALITY +P11KIT -QRENCODE +TPM2 +BZIP2 +LZ4 +XZ +ZLIB +ZSTD -BPF_FRAMEWORK +XKBCOMMON +UTMP +SYSVINIT default-hierarchy=unified)
[    6.478198] systemd[1]: Detected virtualization kvm.
[    6.478563] systemd[1]: Detected architecture x86-64.

Welcome to [0;31mCentOS Stream 9[0m!

[    6.485315] systemd[1]: Hostname set to <test>.
[    6.806438] systemd-rc-local-generator[127]: /etc/rc.d/rc.local is not marked executable, skipping.
[    7.393874] systemd[1]: Queued start job for default target Multi-User System.
[    7.413142] systemd[1]: Created slice Virtual Machine and Container Slice.
[[0;32m  OK  [0m] Created slice [0;1;39mVirtual Machine and Container Slice[0m.
[    7.420760] systemd[1]: Created slice Slice /system/getty.
[[0;32m  OK  [0m] Created slice [0;1;39mSlice /system/getty[0m.
[    7.425106] systemd[1]: Created slice Slice /system/modprobe.
[[0;32m  OK  [0m] Created slice [0;1;39mSlice /system/modprobe[0m.
[    7.429180] systemd[1]: Created slice Slice /system/serial-getty.
[[0;32m  OK  [0m] Created slice [0;1;39mSlice /system/serial-getty[0m.
[    7.433175] systemd[1]: Created slice Slice /system/sshd-keygen.
[[0;32m  OK  [0m] Created slice [0;1;39mSlice /system/sshd-keygen[0m.
[    7.437212] systemd[1]: Created slice User and Session Slice.
[[0;32m  OK  [0m] Created slice [0;1;39mUser and Session Slice[0m.
[    7.439023] systemd[1]: Started Forward Password Requests to Wall Directory Watch.
[[0;32m  OK  [0m] Started [0;1;39mForward Password R…uests to Wall Directory Watch[0m.
[    7.442238] systemd[1]: Set up automount Arbitrary Executable File Formats File System Automount Point.
[[0;32m  OK  [0m] Set up automount [0;1;39mArbitrary…s File System Automount Point[0m.
[    7.444020] systemd[1]: Reached target Local Integrity Protected Volumes.
[[0;32m  OK  [0m] Reached target [0;1;39mLocal Integrity Protected Volumes[0m.
[    7.445517] systemd[1]: Reached target Slice Units.
[[0;32m  OK  [0m] Reached target [0;1;39mSlice Units[0m.
[    7.446667] systemd[1]: Reached target Swaps.
[[0;32m  OK  [0m] Reached target [0;1;39mSwaps[0m.
[    7.447699] systemd[1]: Reached target Local Verity Protected Volumes.
[[0;32m  OK  [0m] Reached target [0;1;39mLocal Verity Protected Volumes[0m.
[    7.449606] systemd[1]: Listening on Device-mapper event daemon FIFOs.
[[0;32m  OK  [0m] Listening on [0;1;39mDevice-mapper event daemon FIFOs[0m.
[    7.452055] systemd[1]: Listening on LVM2 poll daemon socket.
[[0;32m  OK  [0m] Listening on [0;1;39mLVM2 poll daemon socket[0m.
[    7.453499] systemd[1]: multipathd control socket was skipped because of an unmet condition check (ConditionPathExists=/etc/multipath.conf).
[    7.535254] systemd[1]: Listening on RPCbind Server Activation Socket.
[[0;32m  OK  [0m] Listening on [0;1;39mRPCbind Server Activation Socket[0m.
[    7.537014] systemd[1]: Reached target RPC Port Mapper.
[[0;32m  OK  [0m] Reached target [0;1;39mRPC Port Mapper[0m.
[    7.541535] systemd[1]: Listening on Process Core Dump Socket.
[[0;32m  OK  [0m] Listening on [0;1;39mProcess Core Dump Socket[0m.
[    7.543340] systemd[1]: Listening on initctl Compatibility Named Pipe.
[[0;32m  OK  [0m] Listening on [0;1;39minitctl Compatibility Named Pipe[0m.
[    7.545499] systemd[1]: Listening on Journal Socket (/dev/log).
[[0;32m  OK  [0m] Listening on [0;1;39mJournal Socket (/dev/log)[0m.
[    7.547486] systemd[1]: Listening on Journal Socket.
[[0;32m  OK  [0m] Listening on [0;1;39mJournal Socket[0m.
[    7.549539] systemd[1]: Listening on udev Control Socket.
[[0;32m  OK  [0m] Listening on [0;1;39mudev Control Socket[0m.
[    7.551152] systemd[1]: Listening on udev Kernel Socket.
[[0;32m  OK  [0m] Listening on [0;1;39mudev Kernel Socket[0m.
[    7.581289] systemd[1]: Mounting Huge Pages File System...
         Mounting [0;1;39mHuge Pages File System[0m...
[    7.592537] systemd[1]: Mounting POSIX Message Queue File System...
         Mounting [0;1;39mPOSIX Message Queue File System[0m...
[    7.606608] systemd[1]: Mounting Kernel Debug File System...
         Mounting [0;1;39mKernel Debug File System[0m...
[    7.625888] systemd[1]: Mounting Kernel Trace File System...
         Mounting [0;1;39mKernel Trace File System[0m...
[    7.629256] systemd[1]: Kernel Module supporting RPCSEC_GSS was skipped because of an unmet condition check (ConditionPathExists=/etc/krb5.keytab).
[    7.630363] systemd[1]: Create List of Static Device Nodes was skipped because of an unmet condition check (ConditionFileNotEmpty=/lib/modules/6.10.0-e940d14bb80a+/modules.devname).
[    7.674096] systemd[1]: Starting Monitoring of LVM2 mirrors, snapshots etc. using dmeventd or progress polling...
         Starting [0;1;39mMonitoring of LVM…meventd or progress polling[0m...
[    7.691818] systemd[1]: Starting Load Kernel Module configfs...
         Starting [0;1;39mLoad Kernel Module configfs[0m...
[    7.714094] systemd[1]: Starting Load Kernel Module drm...
         Starting [0;1;39mLoad Kernel Module drm[0m...
[    7.725926] systemd[1]: Starting Load Kernel Module fuse...
         Starting [0;1;39mLoad Kernel Module fuse[0m...
[    7.750075] systemd[1]: Starting Read and set NIS domainname from /etc/sysconfig/network...
         Starting [0;1;39mRead and set NIS …from /etc/sysconfig/network[0m...
[    7.794081] systemd[1]: Starting Journal Service...
         Starting [0;1;39mJournal Service[0m...
[    7.828141] systemd[1]: Starting Load Kernel Modules...
         Starting [0;1;39mLoad Kernel Modules[0m...
[    7.866569] systemd[1]: Starting Generate network units from Kernel command line...
         Starting [0;1;39mGenerate network …ts from Kernel command line[0m...
[    7.917004] systemd[1]: Starting Remount Root and Kernel File Systems...
         Starting [0;1;39mRemount Root and Kernel File Systems[0m...
[    7.929603] systemd[1]: Repartition Root Disk was skipped because no trigger condition checks were met.
[    7.969406] systemd[1]: Starting Coldplug All udev Devices...
         Starting [0;1;39mColdplug All udev Devices[0m...
[    8.001845] systemd[1]: Mounted Huge Pages File System.
[[0;32m  OK  [0m] Mounted [0;1;39mHuge Pages File System[0m.
[    8.005744] systemd[1]: Mounted POSIX Message Queue File System.
[[0;32m  OK  [0m] Mounted [0;1;39mPOSIX Message Queue File System[0m.
[    8.008348] systemd[1]: Mounted Kernel Debug File System.
[[0;32m  OK  [0m] Mounted [0;1;39mKernel Debug File System[0m.
[    8.013690] systemd[1]: Mounted Kernel Trace File System.
[[0;32m  OK  [0m] Mounted [0;1;39mKernel Trace File System[0m.
[    8.024754] systemd[1]: Finished Monitoring of LVM2 mirrors, snapshots etc. using dmeventd or progress polling.
[    8.028890] EXT4-fs (sda): re-mounted 088740a9-c8b4-422c-999d-a804eb68a4da r/w. Quota mode: none.
[[0;32m  OK  [0m] Finished [0;1;39mMonitoring of LVM… dmeventd or progress polling[0m.
[    8.049671] systemd[1]: modprobe@configfs.service: Deactivated successfully.
[    8.056997] systemd[1]: Finished Load Kernel Module configfs.
[[0;32m  OK  [0m] Finished [0;1;39mLoad Kernel Module configfs[0m.
[    8.059262] systemd[1]: Started Journal Service.
[[0;32m  OK  [0m] Started [0;1;39mJournal Service[0m.
[[0;32m  OK  [0m] Finished [0;1;39mLoad Kernel Module drm[0m.
[[0;32m  OK  [0m] Finished [0;1;39mLoad Kernel Module fuse[0m.
[[0;32m  OK  [0m] Finished [0;1;39mRead and set NIS …e from /etc/sysconfig/network[0m.
[[0;1;31mFAILED[0m] Failed to start [0;1;39mLoad Kernel Modules[0m.
See 'systemctl status systemd-modules-load.service' for details.
[[0;32m  OK  [0m] Finished [0;1;39mGenerate network units from Kernel command line[0m.
[[0;32m  OK  [0m] Finished [0;1;39mRemount Root and Kernel File Systems[0m.
[[0;32m  OK  [0m] Reached target [0;1;39mPreparation for Network[0m.
         Mounting [0;1;39mFUSE Control File System[0m...
         Mounting [0;1;39mKernel Configuration File System[0m...
         Starting [0;1;39mFlush Journal to Persistent Storage[0m...
         Starting [0;1;39mLoad/Save Random Seed[0m...
         Starting [0;1;39mApply Kernel Variables[0m...
[    8.312126] systemd-journald[149]: Received client request to flush runtime journal.
         Starting [0;1;39mCreate Static Device Nodes in /dev[0m...
         Starting [0;1;39mSetup Virtual Console[0m...
[[0;32m  OK  [0m] Mounted [0;1;39mFUSE Control File System[0m.
[[0;32m  OK  [0m] Mounted [0;1;39mKernel Configuration File System[0m.
[[0;32m  OK  [0m] Finished [0;1;39mFlush Journal to Persistent Storage[0m.
[[0;32m  OK  [0m] Finished [0;1;39mLoad/Save Random Seed[0m.
[[0;32m  OK  [0m] Finished [0;1;39mApply Kernel Variables[0m.
[[0;32m  OK  [0m] Finished [0;1;39mCreate Static Device Nodes in /dev[0m.
         Starting [0;1;39mRule-based Manage…for Device Events and Files[0m...
[[0;32m  OK  [0m] Started [0;1;39mRule-based Manager for Device Events and Files[0m.
         Starting [0;1;39mAuto-connect to s…E devices found during boot[0m...
[[0;32m  OK  [0m] Finished [0;1;39mColdplug All udev Devices[0m.
         Starting [0;1;39mWait for udev To …plete Device Initialization[0m...
[[0;32m  OK  [0m] Finished [0;1;39mAuto-connect to s…VME devices found during boot[0m.
[[0;32m  OK  [0m] Finished [0;1;39mSetup Virtual Console[0m.
[[0;32m  OK  [0m] Started [0;1;39mDispatch Password …ts to Console Directory Watch[0m.
[[0;32m  OK  [0m] Reached target [0;1;39mLocal Encrypted Volumes[0m.
[[0;32m  OK  [0m] Reached target [0;1;39mPath Units[0m.
[[0;32m  OK  [0m] Found device [0;1;39m/dev/ttyS0[0m.
[[0;32m  OK  [0m] Listening on [0;1;39mLoad/Save RF …itch Status /dev/rfkill Watch[0m.
[[0;32m  OK  [0m] Finished [0;1;39mWait for udev To Complete Device Initialization[0m.
[[0;32m  OK  [0m] Reached target [0;1;39mPreparation for Local File Systems[0m.
[[0;32m  OK  [0m] Reached target [0;1;39mLocal File Systems[0m.
         Starting [0;1;39mTell Plymouth To Write Out Runtime Data[0m...
         Starting [0;1;39mAutomatic Boot Loader Update[0m...
         Starting [0;1;39mCreate Volatile Files and Directories[0m...
[[0;32m  OK  [0m] Finished [0;1;39mTell Plymouth To Write Out Runtime Data[0m.
[[0;32m  OK  [0m] Finished [0;1;39mAutomatic Boot Loader Update[0m.
[[0;32m  OK  [0m] Finished [0;1;39mCreate Volatile Files and Directories[0m.
         Mounting [0;1;39mRPC Pipe File System[0m...
         Starting [0;1;39mSecurity Auditing Service[0m...
         Starting [0;1;39mRPC Bind[0m...
[[0;32m  OK  [0m] Mounted [0;1;39mRPC Pipe File System[0m.
[[0;32m  OK  [0m] Reached target [0;1;39mrpc_pipefs.target[0m.
[[0;32m  OK  [0m] Started [0;1;39mRPC Bind[0m.
[[0;32m  OK  [0m] Started [0;1;39mSecurity Auditing Service[0m.
         Starting [0;1;39mRecord System Boot/Shutdown in UTMP[0m...
[[0;32m  OK  [0m] Finished [0;1;39mRecord System Boot/Shutdown in UTMP[0m.
[[0;32m  OK  [0m] Reached target [0;1;39mSystem Initialization[0m.
[[0;32m  OK  [0m] Started [0;1;39mDaily rotation of log files[0m.
[[0;32m  OK  [0m] Started [0;1;39mUpdates mlocate database every day[0m.
[[0;32m  OK  [0m] Started [0;1;39mDaily Cleanup of Temporary Directories[0m.
[[0;32m  OK  [0m] Started [0;1;39mdaily update of the root trust anchor for DNSSEC[0m.
[[0;32m  OK  [0m] Reached target [0;1;39mTimer Units[0m.
[[0;32m  OK  [0m] Listening on [0;1;39mD-Bus System Message Bus Socket[0m.
[[0;32m  OK  [0m] Listening on [0;1;39mOpen-iSCSI iscsid Socket[0m.
[[0;32m  OK  [0m] Listening on [0;1;39mOpen-iSCSI iscsiuio Socket[0m.
[[0;32m  OK  [0m] Listening on [0;1;39mSSSD Kerberos…ache Manager responder socket[0m.
[[0;32m  OK  [0m] Listening on [0;1;39mLibvirt interface local socket[0m.
[[0;32m  OK  [0m] Listening on [0;1;39mVirtual machine lock manager socket[0m.
[[0;32m  OK  [0m] Listening on [0;1;39mVirtual machine log manager socket[0m.
[[0;32m  OK  [0m] Listening on [0;1;39mLibvirt network local socket[0m.
[[0;32m  OK  [0m] Listening on [0;1;39mLibvirt nodedev local socket[0m.
[[0;32m  OK  [0m] Listening on [0;1;39mLibvirt nwfilter local socket[0m.
[[0;32m  OK  [0m] Listening on [0;1;39mLibvirt proxy local socket[0m.
[[0;32m  OK  [0m] Listening on [0;1;39mLibvirt qemu local socket[0m.
[[0;32m  OK  [0m] Listening on [0;1;39mLibvirt qemu admin socket[0m.
[[0;32m  OK  [0m] Listening on [0;1;39mLibvirt qemu local read-only socket[0m.
[[0;32m  OK  [0m] Listening on [0;1;39mLibvirt secret local socket[0m.
[[0;32m  OK  [0m] Listening on [0;1;39mLibvirt storage local socket[0m.
[[0;32m  OK  [0m] Reached target [0;1;39mSocket Units[0m.
         Starting [0;1;39mD-Bus System Message Bus[0m...
[[0;32m  OK  [0m] Started [0;1;39mD-Bus System Message Bus[0m.
[[0;32m  OK  [0m] Reached target [0;1;39mBasic System[0m.
         Starting [0;1;39mNetwork Manager[0m...
         Starting [0;1;39mNTP client/server[0m...
         Starting [0;1;39mRestore /run/initramfs on shutdown[0m...
[[0;32m  OK  [0m] Started [0;1;39mirqbalance daemon[0m.
[[0;32m  OK  [0m] Started [0;1;39mlibstoragemgmt plug-in server daemon[0m.
[[0;32m  OK  [0m] Started [0;1;39mMachine Check Exception Logging Daemon[0m.
[[0;32m  OK  [0m] Reached target [0;1;39msshd-keygen.target[0m.
[[0;32m  OK  [0m] Reached target [0;1;39mUser and Group Name Lookups[0m.
         Starting [0;1;39mUser Login Management[0m...
         Starting [0;1;39mVirtual Machine a…tainer Registration Service[0m...
         Starting [0;1;39mupdate of the roo…NSSEC validation in unbound[0m...
         Starting [0;1;39mRotate log files[0m...
[[0;32m  OK  [0m] Started [0;1;39mUpdate a database for mlocate[0m.
[[0;32m  OK  [0m] Started [0;1;39mNTP client/server[0m.
[[0;32m  OK  [0m] Finished [0;1;39mRestore /run/initramfs on shutdown[0m.
[[0;32m  OK  [0m] Started [0;1;39mVirtual Machine an…ontainer Registration Service[0m.
         Starting [0;1;39mHostname Service[0m...
[[0;32m  OK  [0m] Started [0;1;39mUser Login Management[0m.
[[0;32m  OK  [0m] Finished [0;1;39mupdate of the roo… DNSSEC validation in unbound[0m.
[[0;32m  OK  [0m] Started [0;1;39mHostname Service[0m.
         Starting [0;1;39mNetwork Manager Script Dispatcher Service[0m...
[[0;32m  OK  [0m] Finished [0;1;39mRotate log files[0m.
[[0;32m  OK  [0m] Started [0;1;39mNetwork Manager Script Dispatcher Service[0m.
[   13.709221] e1000: eth0 NIC Link is Up 1000 Mbps Full Duplex, Flow Control: RX
[[0;32m  OK  [0m] Started [0;1;39mNetwork Manager[0m.
[[0;32m  OK  [0m] Reached target [0;1;39mNetwork[0m.
[[0;32m  OK  [0m] Reached target [0;1;39mNetwork is Online[0m.
         Starting [0;1;39mGSSAPI Proxy Daemon[0m...
         Starting [0;1;39mNotify NFS peers of a restart[0m...
         Starting [0;1;39mSystem Logging Service[0m...
         Starting [0;1;39mOpenSSH server daemon[0m...
         Starting [0;1;39mDynamic System Tuning Daemon[0m...
[[0;32m  OK  [0m] Started [0;1;39mNotify NFS peers of a restart[0m.
[[0;32m  OK  [0m] Started [0;1;39mOpenSSH server daemon[0m.
[[0;32m  OK  [0m] Started [0;1;39mGSSAPI Proxy Daemon[0m.
[[0;32m  OK  [0m] Reached target [0;1;39mNFS client services[0m.
[[0;32m  OK  [0m] Reached target [0;1;39mPreparation for Remote File Systems[0m.
[[0;32m  OK  [0m] Reached target [0;1;39mRemote File Systems[0m.
         Starting [0;1;39mPermit User Sessions[0m...
         Starting [0;1;39mVirtualization qemu daemon[0m...
[[0;32m  OK  [0m] Started [0;1;39mSystem Logging Service[0m.
[[0;32m  OK  [0m] Finished [0;1;39mPermit User Sessions[0m.
[[0;32m  OK  [0m] Started [0;1;39mDeferred execution scheduler[0m.
[[0;32m  OK  [0m] Started [0;1;39mCommand Scheduler[0m.
         Starting [0;1;39mHold until boot process finishes up[0m...
         Starting [0;1;39mTerminate Plymouth Boot Screen[0m...
[[0;32m  OK  [0m] Finished [0;1;39mHold until boot process finishes up[0m.
[[0;32m  OK  [0m] Finished [0;1;39mTerminate Plymouth Boot Screen[0m.
[[0;32m  OK  [0m] Started [0;1;39mGetty on tty1[0m.
[[0;32m  OK  [0m] Started [0;1;39mSerial Getty on ttyS0[0m.
[[0;32m  OK  [0m] Reached target [0;1;39mLogin Prompts[0m.
[[0;32m  OK  [0m] Started [0;1;39mVirtualization qemu daemon[0m.
         Starting [0;1;39mAuthorization Manager[0m...
[[0;32m  OK  [0m] Started [0;1;39mAuthorization Manager[0m.
[[0;32m  OK  [0m] Started [0;1;39mDynamic System Tuning Daemon[0m.
[[0;32m  OK  [0m] Reached target [0;1;39mMulti-User System[0m.
         Starting [0;1;39mRecord Runlevel Change in UTMP[0m...
[[0;32m  OK  [0m] Finished [0;1;39mRecord Runlevel Change in UTMP[0m.

CentOS Stream 9
Kernel 6.10.0-e940d14bb80a+ on an x86_64

Activate the web console with: systemctl enable --now cockpit.socket

test login: [   28.524118] ------------[ cut here ]------------
[   28.524622] WARNING: CPU: 1 PID: 730 at kernel/cpu.c:527 lockdep_assert_cpus_held+0xd3/0x100
[   28.524648] Modules linked in:
[   28.524655] CPU: 1 UID: 0 PID: 730 Comm: repro Not tainted 6.10.0-e940d14bb80a+ #1
[   28.524669] Hardware name: QEMU Standard PC (i440FX + PIIX, 1996), BIOS rel-1.16.0-0-gd239552ce722-prebuilt.qemu.org 04/01/2014
[   28.524675] RIP: 0010:lockdep_assert_cpus_held+0xd3/0x100
[   28.524690] Code: e8 42 bd 3e 00 be ff ff ff ff 48 c7 c7 d0 67 d0 86 e8 11 1d 54 04 31 ff 89 c3 89 c6 e8 66 b8 3e 00 85 db 75 cc e8 1d bd 3e 00 <0f> 0b eb c3 48 c7 c7 04 cc a0 87 e8 3d 41 a4 00 e9 59 ff ff ff 48
[   28.524702] RSP: 0018:ffff8880132078d0 EFLAGS: 00010293
[   28.524711] RAX: 0000000000000000 RBX: 0000000000000000 RCX: ffffffff8127548a
[   28.524719] RDX: ffff888013320000 RSI: ffffffff81275493 RDI: 0000000000000005
[   28.524726] RBP: ffff8880132078d8 R08: 0000000000000000 R09: fffffbfff0f42994
[   28.524734] R10: 0000000000000000 R11: 0000000000000001 R12: ffff8880200969d8
[   28.524741] R13: ffff888020096820 R14: ffff888012be2b80 R15: ffff888020096800
[   28.524749] FS:  00007fc3b533a740(0000) GS:ffff88806c700000(0000) knlGS:0000000000000000
[   28.524759] CS:  0010 DS: 0000 ES: 0000 CR0: 0000000080050033
[   28.524767] CR2: 00007fc3adbff000 CR3: 000000000e91a004 CR4: 0000000000770ef0
[   28.524778] DR0: 0000000000000000 DR1: 0000000000000000 DR2: 0000000000000000
[   28.524785] DR3: 0000000000000000 DR6: 00000000ffff07f0 DR7: 0000000000000400
[   28.524792] PKRU: 55555554
[   28.524796] Call Trace:
[   28.524800]  <TASK>
[   28.524805]  ? show_regs+0xa8/0xc0
[   28.524823]  ? __warn+0xf3/0x380
[   28.524889]  ? report_bug+0x25e/0x4b0
[   28.524912]  ? lockdep_assert_cpus_held+0xd3/0x100
[   28.524929]  ? report_bug+0x2cb/0x4b0
[   28.524945]  ? alloc_workqueue+0x900/0x1940
[   28.524960]  ? lockdep_assert_cpus_held+0xd3/0x100
[   28.524976]  ? handle_bug+0xa2/0x130
[   28.524994]  ? exc_invalid_op+0x3c/0x80
[   28.525010]  ? asm_exc_invalid_op+0x1f/0x30
[   28.525042]  ? lockdep_assert_cpus_held+0xca/0x100
[   28.525055]  ? lockdep_assert_cpus_held+0xd3/0x100
[   28.525070]  ? lockdep_assert_cpus_held+0xd3/0x100
[   28.525089]  alloc_workqueue+0x9b0/0x1940
[   28.525116]  ? __pfx_alloc_workqueue+0x10/0x10
[   28.525136]  ? __fget_files+0x253/0x4c0
[   28.525151]  ? __sanitizer_cov_trace_switch+0x58/0xa0
[   28.525177]  loop_configure+0xbb2/0x11f0
[   28.525207]  lo_ioctl+0x930/0x1aa0
[   28.525223]  ? __pfx_mark_lock.part.0+0x10/0x10
[   28.525235]  ? __lock_acquire+0xd87/0x5c90
[   28.525253]  ? __pfx_lo_ioctl+0x10/0x10
[   28.525278]  ? __pfx___lock_acquire+0x10/0x10
[   28.525296]  ? __kasan_check_read+0x15/0x20
[   28.525309]  ? __lock_acquire+0x1b0f/0x5c90
[   28.525329]  ? __sanitizer_cov_trace_switch+0x58/0xa0
[   28.525391]  ? __this_cpu_preempt_check+0x21/0x30
[   28.525406]  ? __pfx_lo_ioctl+0x10/0x10
[   28.525423]  blkdev_ioctl+0x2a9/0x6b0
[   28.525442]  ? __pfx_blkdev_ioctl+0x10/0x10
[   28.525460]  ? __sanitizer_cov_trace_const_cmp4+0x1a/0x20
[   28.525475]  ? security_file_ioctl+0x9d/0xd0
[   28.525491]  ? __pfx_blkdev_ioctl+0x10/0x10
[   28.525506]  __x64_sys_ioctl+0x1b9/0x230
[   28.525524]  x64_sys_call+0x1227/0x2140
[   28.525538]  do_syscall_64+0x6d/0x140
[   28.525552]  entry_SYSCALL_64_after_hwframe+0x76/0x7e
[   28.525565] RIP: 0033:0x7fc3b503ec6b
[   28.525575] Code: 73 01 c3 48 8b 0d b5 b1 1b 00 f7 d8 64 89 01 48 83 c8 ff c3 66 2e 0f 1f 84 00 00 00 00 00 90 f3 0f 1e fa b8 10 00 00 00 0f 05 <48> 3d 01 f0 ff ff 73 01 c3 48 8b 0d 85 b1 1b 00 f7 d8 64 89 01 48
[   28.525586] RSP: 002b:00007ffcf242c3d8 EFLAGS: 00000217 ORIG_RAX: 0000000000000010
[   28.525597] RAX: ffffffffffffffda RBX: 0000000000000000 RCX: 00007fc3b503ec6b
[   28.525605] RDX: 0000000000000003 RSI: 0000000000004c00 RDI: 0000000000000004
[   28.525612] RBP: 00007ffcf242c410 R08: 00000000ffffffff R09: 0000000000000000
[   28.525620] R10: 0000000000000000 R11: 0000000000000217 R12: 00007ffcf242c768
[   28.525627] R13: 0000000000402cb4 R14: 000000000040de08 R15: 00007fc3b5385000
[   28.525655]  </TASK>
[   28.525660] irq event stamp: 54497
[   28.525664] hardirqs last  enabled at (54499): [<ffffffff81456853>] vprintk_store+0x413/0xa90
[   28.525677] hardirqs last disabled at (54500): [<ffffffff81456bda>] vprintk_store+0x79a/0xa90
[   28.525690] softirqs last  enabled at (54406): [<ffffffff81288d19>] __irq_exit_rcu+0xa9/0x120
[   28.525703] softirqs last disabled at (54399): [<ffffffff81288d19>] __irq_exit_rcu+0xa9/0x120
[   28.525716] ---[ end trace 0000000000000000 ]---
[   28.561416] loop0: detected capacity change from 0 to 32768
[   28.563578] ------------[ cut here ]------------
[   28.564048] WARNING: CPU: 1 PID: 730 at kernel/cpu.c:527 lockdep_assert_cpus_held+0xd3/0x100
[   28.564071] Modules linked in:
[   28.564080] CPU: 1 UID: 0 PID: 730 Comm: repro Tainted: G        W          6.10.0-e940d14bb80a+ #1
[   28.564096] Tainted: [W]=WARN
[   28.564100] Hardware name: QEMU Standard PC (i440FX + PIIX, 1996), BIOS rel-1.16.0-0-gd239552ce722-prebuilt.qemu.org 04/01/2014
[   28.564106] RIP: 0010:lockdep_assert_cpus_held+0xd3/0x100
[   28.564120] Code: e8 42 bd 3e 00 be ff ff ff ff 48 c7 c7 d0 67 d0 86 e8 11 1d 54 04 31 ff 89 c3 89 c6 e8 66 b8 3e 00 85 db 75 cc e8 1d bd 3e 00 <0f> 0b eb c3 48 c7 c7 04 cc a0 87 e8 3d 41 a4 00 e9 59 ff ff ff 48
[   28.564132] RSP: 0018:ffff888013207a28 EFLAGS: 00010293
[   28.564142] RAX: 0000000000000000 RBX: 0000000000000000 RCX: ffffffff8127548a
[   28.564149] RDX: ffff888013320000 RSI: ffffffff81275493 RDI: 0000000000000005
[   28.564157] RBP: ffff888013207a30 R08: 0000000000000000 R09: fffffbfff0f42994
[   28.564164] R10: 0000000000000000 R11: 0000000000000001 R12: ffff8880104c3c00
[   28.564171] R13: ffff888013876c20 R14: 0000000000000001 R15: ffff888013876c00
[   28.564178] FS:  00007fc3b533a740(0000) GS:ffff88806c700000(0000) knlGS:0000000000000000
[   28.564191] CS:  0010 DS: 0000 ES: 0000 CR0: 0000000080050033
[   28.564201] CR2: 00007fc3adbff000 CR3: 000000000e91a004 CR4: 0000000000770ef0
[   28.564211] DR0: 0000000000000000 DR1: 0000000000000000 DR2: 0000000000000000
[   28.564221] DR3: 0000000000000000 DR6: 00000000ffff07f0 DR7: 0000000000000400
[   28.564228] PKRU: 55555554
[   28.564233] Call Trace:
[   28.564236]  <TASK>
[   28.564242]  ? show_regs+0xa8/0xc0
[   28.564260]  ? __warn+0xf3/0x380
[   28.564273]  ? report_bug+0x25e/0x4b0
[   28.564290]  ? lockdep_assert_cpus_held+0xd3/0x100
[   28.564306]  ? report_bug+0x2cb/0x4b0
[   28.564323]  ? alloc_workqueue+0x900/0x1940
[   28.564337]  ? lockdep_assert_cpus_held+0xd3/0x100
[   28.564354]  ? handle_bug+0xa2/0x130
[   28.564372]  ? exc_invalid_op+0x3c/0x80
[   28.564388]  ? asm_exc_invalid_op+0x1f/0x30
[   28.564410]  ? lockdep_assert_cpus_held+0xca/0x100
[   28.564423]  ? lockdep_assert_cpus_held+0xd3/0x100
[   28.564438]  ? lockdep_assert_cpus_held+0xd3/0x100
[   28.564455]  ? lockdep_assert_cpus_held+0xd3/0x100
[   28.564469]  alloc_workqueue+0x9b0/0x1940
[   28.564489]  ? lock_release+0x441/0x870
[   28.564507]  ? __pfx_alloc_workqueue+0x10/0x10
[   28.564519]  ? __pfx_lock_release+0x10/0x10
[   28.564554]  xfs_init_mount_workqueues+0x6b/0x500
[   28.564569]  ? debugfs_create_dir+0x3f1/0x620
[   28.564589]  xfs_fs_fill_super+0x3e4/0x1de0
[   28.564605]  ? setup_bdev_super+0x370/0x740
[   28.564625]  get_tree_bdev+0x3c5/0x6a0
[   28.564637]  ? __pfx_xfs_fs_fill_super+0x10/0x10
[   28.564654]  ? __pfx_get_tree_bdev+0x10/0x10
[   28.564665]  ? __pfx_vfs_parse_comma_sep+0x10/0x10
[   28.564681]  ? cap_capable+0x1d3/0x240
[   28.564703]  ? __sanitizer_cov_trace_const_cmp4+0x1a/0x20
[   28.564722]  ? security_capable+0xa0/0xd0
[   28.564747]  xfs_fs_get_tree+0x26/0x30
[   28.564764]  vfs_get_tree+0x9d/0x390
[   28.564784]  path_mount+0x707/0x2000
[   28.564804]  ? __kasan_slab_free+0x120/0x1a0
[   28.564832]  ? __pfx_path_mount+0x10/0x10
[   28.564922]  ? putname+0x146/0x190
[   28.564947]  __x64_sys_mount+0x2bf/0x350
[   28.564964]  ? __pfx___x64_sys_mount+0x10/0x10
[   28.564995]  x64_sys_call+0x1e1d/0x2140
[   28.565030]  do_syscall_64+0x6d/0x140
[   28.565052]  entry_SYSCALL_64_after_hwframe+0x76/0x7e
[   28.565067] RIP: 0033:0x7fc3b503f7be
[   28.565077] Code: 48 8b 0d 65 a6 1b 00 f7 d8 64 89 01 48 83 c8 ff c3 66 2e 0f 1f 84 00 00 00 00 00 90 f3 0f 1e fa 49 89 ca b8 a5 00 00 00 0f 05 <48> 3d 01 f0 ff ff 73 01 c3 48 8b 0d 32 a6 1b 00 f7 d8 64 89 01 48
[   28.565088] RSP: 002b:00007ffcf242c418 EFLAGS: 00000206 ORIG_RAX: 00000000000000a5
[   28.565099] RAX: ffffffffffffffda RBX: 0000000000000000 RCX: 00007fc3b503f7be
[   28.565107] RDX: 0000000020009600 RSI: 0000000020009640 RDI: 00007ffcf242c560
[   28.565114] RBP: 00007ffcf242c5f0 R08: 00007ffcf242c460 R09: 0000000000000000
[   28.565122] R10: 0000000000004490 R11: 0000000000000206 R12: 00007ffcf242c768
[   28.565129] R13: 0000000000402cb4 R14: 000000000040de08 R15: 00007fc3b5385000
[   28.565157]  </TASK>
[   28.565161] irq event stamp: 55195
[   28.565165] hardirqs last  enabled at (55197): [<ffffffff81456853>] vprintk_store+0x413/0xa90
[   28.565178] hardirqs last disabled at (55198): [<ffffffff81456bda>] vprintk_store+0x79a/0xa90
[   28.565191] softirqs last  enabled at (55162): [<ffffffff81288d19>] __irq_exit_rcu+0xa9/0x120
[   28.565204] softirqs last disabled at (55157): [<ffffffff81288d19>] __irq_exit_rcu+0xa9/0x120
[   28.565218] ---[ end trace 0000000000000000 ]---
[   28.605407] ------------[ cut here ]------------
[   28.605844] WARNING: CPU: 1 PID: 730 at kernel/cpu.c:527 lockdep_assert_cpus_held+0xd3/0x100
[   28.605867] Modules linked in:
[   28.605875] CPU: 1 UID: 0 PID: 730 Comm: repro Tainted: G        W          6.10.0-e940d14bb80a+ #1
[   28.605892] Tainted: [W]=WARN
[   28.605895] Hardware name: QEMU Standard PC (i440FX + PIIX, 1996), BIOS rel-1.16.0-0-gd239552ce722-prebuilt.qemu.org 04/01/2014
[   28.605902] RIP: 0010:lockdep_assert_cpus_held+0xd3/0x100
[   28.605916] Code: e8 42 bd 3e 00 be ff ff ff ff 48 c7 c7 d0 67 d0 86 e8 11 1d 54 04 31 ff 89 c3 89 c6 e8 66 b8 3e 00 85 db 75 cc e8 1d bd 3e 00 <0f> 0b eb c3 48 c7 c7 04 cc a0 87 e8 3d 41 a4 00 e9 59 ff ff ff 48
[   28.605928] RSP: 0000:ffff888013207a28 EFLAGS: 00010293
[   28.605938] RAX: 0000000000000000 RBX: 0000000000000000 RCX: ffffffff8127548a
[   28.605945] RDX: ffff888013320000 RSI: ffffffff81275493 RDI: 0000000000000005
[   28.605953] RBP: ffff888013207a30 R08: 0000000000000000 R09: fffffbfff0f42994
[   28.605960] R10: 0000000000000000 R11: 0000000000000001 R12: ffff8880104c3fc0
[   28.605967] R13: ffff888013874c20 R14: 0000000000000008 R15: ffff888013874c00
[   28.605974] FS:  00007fc3b533a740(0000) GS:ffff88806c700000(0000) knlGS:0000000000000000
[   28.605984] CS:  0010 DS: 0000 ES: 0000 CR0: 0000000080050033
[   28.605992] CR2: 0000563528fd5b83 CR3: 000000000e91a004 CR4: 0000000000770ef0
[   28.606003] DR0: 0000000000000000 DR1: 0000000000000000 DR2: 0000000000000000
[   28.606010] DR3: 0000000000000000 DR6: 00000000ffff07f0 DR7: 0000000000000400
[   28.606018] PKRU: 55555554
[   28.606022] Call Trace:
[   28.606025]  <TASK>
[   28.606031]  ? show_regs+0xa8/0xc0
[   28.606049]  ? __warn+0xf3/0x380
[   28.606061]  ? report_bug+0x25e/0x4b0
[   28.606077]  ? lockdep_assert_cpus_held+0xd3/0x100
[   28.606093]  ? report_bug+0x2cb/0x4b0
[   28.606110]  ? alloc_workqueue+0x900/0x1940
[   28.606124]  ? lockdep_assert_cpus_held+0xd3/0x100
[   28.606140]  ? handle_bug+0xa2/0x130
[   28.606157]  ? exc_invalid_op+0x3c/0x80
[   28.606174]  ? asm_exc_invalid_op+0x1f/0x30
[   28.606196]  ? lockdep_assert_cpus_held+0xca/0x100
[   28.606209]  ? lockdep_assert_cpus_held+0xd3/0x100
[   28.606224]  ? lockdep_assert_cpus_held+0xd3/0x100
[   28.606240]  ? lockdep_assert_cpus_held+0xd3/0x100
[   28.606255]  alloc_workqueue+0x9b0/0x1940
[   28.606282]  ? __pfx_alloc_workqueue+0x10/0x10
[   28.606293]  ? __pfx_lock_release+0x10/0x10
[   28.606329]  xfs_init_mount_workqueues+0xde/0x500
[   28.606343]  ? debugfs_create_dir+0x3f1/0x620
[   28.606363]  xfs_fs_fill_super+0x3e4/0x1de0
[   28.606379]  ? setup_bdev_super+0x370/0x740
[   28.606398]  get_tree_bdev+0x3c5/0x6a0
[   28.606410]  ? __pfx_xfs_fs_fill_super+0x10/0x10
[   28.606426]  ? __pfx_get_tree_bdev+0x10/0x10
[   28.606438]  ? __pfx_vfs_parse_comma_sep+0x10/0x10
[   28.606454]  ? cap_capable+0x1d3/0x240
[   28.606473]  ? __sanitizer_cov_trace_const_cmp4+0x1a/0x20
[   28.606489]  ? security_capable+0xa0/0xd0
[   28.606508]  xfs_fs_get_tree+0x26/0x30
[   28.606522]  vfs_get_tree+0x9d/0x390
[   28.606538]  path_mount+0x707/0x2000
[   28.606553]  ? __kasan_slab_free+0x120/0x1a0
[   28.606573]  ? __pfx_path_mount+0x10/0x10
[   28.606592]  ? putname+0x146/0x190
[   28.606615]  __x64_sys_mount+0x2bf/0x350
[   28.606632]  ? __pfx___x64_sys_mount+0x10/0x10
[   28.606657]  x64_sys_call+0x1e1d/0x2140
[   28.606671]  do_syscall_64+0x6d/0x140
[   28.606686]  entry_SYSCALL_64_after_hwframe+0x76/0x7e
[   28.606698] RIP: 0033:0x7fc3b503f7be
[   28.606708] Code: 48 8b 0d 65 a6 1b 00 f7 d8 64 89 01 48 83 c8 ff c3 66 2e 0f 1f 84 00 00 00 00 00 90 f3 0f 1e fa 49 89 ca b8 a5 00 00 00 0f 05 <48> 3d 01 f0 ff ff 73 01 c3 48 8b 0d 32 a6 1b 00 f7 d8 64 89 01 48
[   28.606719] RSP: 002b:00007ffcf242c418 EFLAGS: 00000206 ORIG_RAX: 00000000000000a5
[   28.606730] RAX: ffffffffffffffda RBX: 0000000000000000 RCX: 00007fc3b503f7be
[   28.606738] RDX: 0000000020009600 RSI: 0000000020009640 RDI: 00007ffcf242c560
[   28.606745] RBP: 00007ffcf242c5f0 R08: 00007ffcf242c460 R09: 0000000000000000
[   28.606752] R10: 0000000000004490 R11: 0000000000000206 R12: 00007ffcf242c768
[   28.606759] R13: 0000000000402cb4 R14: 000000000040de08 R15: 00007fc3b5385000
[   28.606786]  </TASK>
[   28.606790] irq event stamp: 55587
[   28.606794] hardirqs last  enabled at (55589): [<ffffffff81456853>] vprintk_store+0x413/0xa90
[   28.606808] hardirqs last disabled at (55590): [<ffffffff81456bda>] vprintk_store+0x79a/0xa90
[   28.606820] softirqs last  enabled at (55392): [<ffffffff81288d19>] __irq_exit_rcu+0xa9/0x120
[   28.606833] softirqs last disabled at (55383): [<ffffffff81288d19>] __irq_exit_rcu+0xa9/0x120
[   28.606846] ---[ end trace 0000000000000000 ]---
[   28.643524] ------------[ cut here ]------------
[   28.643951] WARNING: CPU: 1 PID: 730 at kernel/cpu.c:527 lockdep_assert_cpus_held+0xd3/0x100
[   28.643973] Modules linked in:
[   28.643980] CPU: 1 UID: 0 PID: 730 Comm: repro Tainted: G        W          6.10.0-e940d14bb80a+ #1
[   28.643997] Tainted: [W]=WARN
[   28.644001] Hardware name: QEMU Standard PC (i440FX + PIIX, 1996), BIOS rel-1.16.0-0-gd239552ce722-prebuilt.qemu.org 04/01/2014
[   28.644006] RIP: 0010:lockdep_assert_cpus_held+0xd3/0x100
[   28.644020] Code: e8 42 bd 3e 00 be ff ff ff ff 48 c7 c7 d0 67 d0 86 e8 11 1d 54 04 31 ff 89 c3 89 c6 e8 66 b8 3e 00 85 db 75 cc e8 1d bd 3e 00 <0f> 0b eb c3 48 c7 c7 04 cc a0 87 e8 3d 41 a4 00 e9 59 ff ff ff 48
[   28.644032] RSP: 0000:ffff888013207a28 EFLAGS: 00010293
[   28.644041] RAX: 0000000000000000 RBX: 0000000000000000 RCX: ffffffff8127548a
[   28.644048] RDX: ffff888013320000 RSI: ffffffff81275493 RDI: 0000000000000005
[   28.644056] RBP: ffff888013207a30 R08: 0000000000000000 R09: fffffbfff0f42994
[   28.644063] R10: 0000000000000000 R11: 0000000000000001 R12: ffff888012ca9c80
[   28.644070] R13: ffff888013877c20 R14: 0000000000000008 R15: ffff888013877c00
[   28.644078] FS:  00007fc3b533a740(0000) GS:ffff88806c700000(0000) knlGS:0000000000000000
[   28.644087] CS:  0010 DS: 0000 ES: 0000 CR0: 0000000080050033
[   28.644096] CR2: 0000563528fd5b83 CR3: 000000000e91a004 CR4: 0000000000770ef0
[   28.644106] DR0: 0000000000000000 DR1: 0000000000000000 DR2: 0000000000000000
[   28.644113] DR3: 0000000000000000 DR6: 00000000ffff07f0 DR7: 0000000000000400
[   28.644120] PKRU: 55555554
[   28.644124] Call Trace:
[   28.644128]  <TASK>
[   28.644133]  ? show_regs+0xa8/0xc0
[   28.644150]  ? __warn+0xf3/0x380
[   28.644163]  ? report_bug+0x25e/0x4b0
[   28.644178]  ? lockdep_assert_cpus_held+0xd3/0x100
[   28.644195]  ? report_bug+0x2cb/0x4b0
[   28.644211]  ? alloc_workqueue+0x900/0x1940
[   28.644225]  ? lockdep_assert_cpus_held+0xd3/0x100
[   28.644241]  ? handle_bug+0xa2/0x130
[   28.644258]  ? exc_invalid_op+0x3c/0x80
[   28.644274]  ? asm_exc_invalid_op+0x1f/0x30
[   28.644296]  ? lockdep_assert_cpus_held+0xca/0x100
[   28.644309]  ? lockdep_assert_cpus_held+0xd3/0x100
[   28.644324]  ? lockdep_assert_cpus_held+0xd3/0x100
[   28.644340]  ? lockdep_assert_cpus_held+0xd3/0x100
[   28.644354]  alloc_workqueue+0x9b0/0x1940
[   28.644381]  ? __pfx_alloc_workqueue+0x10/0x10
[   28.644393]  ? __pfx_lock_release+0x10/0x10
[   28.644427]  xfs_init_mount_workqueues+0x151/0x500
[   28.644442]  ? debugfs_create_dir+0x3f1/0x620
[   28.644461]  xfs_fs_fill_super+0x3e4/0x1de0
[   28.644477]  ? setup_bdev_super+0x370/0x740
[   28.644495]  get_tree_bdev+0x3c5/0x6a0
[   28.644508]  ? __pfx_xfs_fs_fill_super+0x10/0x10
[   28.644524]  ? __pfx_get_tree_bdev+0x10/0x10
[   28.644536]  ? __pfx_vfs_parse_comma_sep+0x10/0x10
[   28.644551]  ? cap_capable+0x1d3/0x240
[   28.644571]  ? __sanitizer_cov_trace_const_cmp4+0x1a/0x20
[   28.644585]  ? security_capable+0xa0/0xd0
[   28.644605]  xfs_fs_get_tree+0x26/0x30
[   28.644619]  vfs_get_tree+0x9d/0x390
[   28.644634]  path_mount+0x707/0x2000
[   28.644649]  ? __kasan_slab_free+0x120/0x1a0
[   28.644668]  ? __pfx_path_mount+0x10/0x10
[   28.644687]  ? putname+0x146/0x190
[   28.644709]  __x64_sys_mount+0x2bf/0x350
[   28.644726]  ? __pfx___x64_sys_mount+0x10/0x10
[   28.644752]  x64_sys_call+0x1e1d/0x2140
[   28.644765]  do_syscall_64+0x6d/0x140
[   28.644780]  entry_SYSCALL_64_after_hwframe+0x76/0x7e
[   28.644792] RIP: 0033:0x7fc3b503f7be
[   28.644802] Code: 48 8b 0d 65 a6 1b 00 f7 d8 64 89 01 48 83 c8 ff c3 66 2e 0f 1f 84 00 00 00 00 00 90 f3 0f 1e fa 49 89 ca b8 a5 00 00 00 0f 05 <48> 3d 01 f0 ff ff 73 01 c3 48 8b 0d 32 a6 1b 00 f7 d8 64 89 01 48
[   28.644813] RSP: 002b:00007ffcf242c418 EFLAGS: 00000206 ORIG_RAX: 00000000000000a5
[   28.644823] RAX: ffffffffffffffda RBX: 0000000000000000 RCX: 00007fc3b503f7be
[   28.644831] RDX: 0000000020009600 RSI: 0000000020009640 RDI: 00007ffcf242c560
[   28.644885] RBP: 00007ffcf242c5f0 R08: 00007ffcf242c460 R09: 0000000000000000
[   28.644893] R10: 0000000000004490 R11: 0000000000000206 R12: 00007ffcf242c768
[   28.644900] R13: 0000000000402cb4 R14: 000000000040de08 R15: 00007fc3b5385000
[   28.644928]  </TASK>
[   28.644932] irq event stamp: 56031
[   28.644936] hardirqs last  enabled at (56033): [<ffffffff81456853>] vprintk_store+0x413/0xa90
[   28.644950] hardirqs last disabled at (56034): [<ffffffff81456bda>] vprintk_store+0x79a/0xa90
[   28.644962] softirqs last  enabled at (56022): [<ffffffff81288d19>] __irq_exit_rcu+0xa9/0x120
[   28.644975] softirqs last disabled at (56011): [<ffffffff81288d19>] __irq_exit_rcu+0xa9/0x120
[   28.644988] ---[ end trace 0000000000000000 ]---
[   28.686929] ------------[ cut here ]------------
[   28.687718] WARNING: CPU: 1 PID: 730 at kernel/cpu.c:527 lockdep_assert_cpus_held+0xd3/0x100
[   28.687755] Modules linked in:
[   28.687766] CPU: 1 UID: 0 PID: 730 Comm: repro Tainted: G        W          6.10.0-e940d14bb80a+ #1
[   28.687787] Tainted: [W]=WARN
[   28.687794] Hardware name: QEMU Standard PC (i440FX + PIIX, 1996), BIOS rel-1.16.0-0-gd239552ce722-prebuilt.qemu.org 04/01/2014
[   28.687804] RIP: 0010:lockdep_assert_cpus_held+0xd3/0x100
[   28.687824] Code: e8 42 bd 3e 00 be ff ff ff ff 48 c7 c7 d0 67 d0 86 e8 11 1d 54 04 31 ff 89 c3 89 c6 e8 66 b8 3e 00 85 db 75 cc e8 1d bd 3e 00 <0f> 0b eb c3 48 c7 c7 04 cc a0 87 e8 3d 41 a4 00 e9 59 ff ff ff 48
[   28.687838] RSP: 0018:ffff888013207a28 EFLAGS: 00010293
[   28.687850] RAX: 0000000000000000 RBX: 0000000000000000 RCX: ffffffff8127548a
[   28.687859] RDX: ffff888013320000 RSI: ffffffff81275493 RDI: 0000000000000005
[   28.687868] RBP: ffff888013207a30 R08: 0000000000000000 R09: fffffbfff0f42994
[   28.687877] R10: 0000000000000000 R11: 0000000000000001 R12: ffff88801ed7a1d8
[   28.687886] R13: ffff88801ed7a020 R14: ffff888018865f00 R15: ffff88801ed7a000
[   28.687896] FS:  00007fc3b533a740(0000) GS:ffff88806c700000(0000) knlGS:0000000000000000
[   28.687908] CS:  0010 DS: 0000 ES: 0000 CR0: 0000000080050033
[   28.687918] CR2: 00007fcb74009408 CR3: 000000000e91a005 CR4: 0000000000770ef0
[   28.687932] DR0: 0000000000000000 DR1: 0000000000000000 DR2: 0000000000000000
[   28.687942] DR3: 0000000000000000 DR6: 00000000ffff07f0 DR7: 0000000000000400
[   28.687951] PKRU: 55555554
[   28.687956] Call Trace:
[   28.687960]  <TASK>
[   28.687968]  ? show_regs+0xa8/0xc0
[   28.687994]  ? __warn+0xf3/0x380
[   28.688014]  ? report_bug+0x25e/0x4b0
[   28.688040]  ? lockdep_assert_cpus_held+0xd3/0x100
[   28.688063]  ? report_bug+0x2cb/0x4b0
[   28.688088]  ? alloc_workqueue+0x900/0x1940
[   28.688108]  ? lockdep_assert_cpus_held+0xd3/0x100
[   28.688130]  ? handle_bug+0xa2/0x130
[   28.688155]  ? exc_invalid_op+0x3c/0x80
[   28.688179]  ? asm_exc_invalid_op+0x1f/0x30
[   28.688209]  ? lockdep_assert_cpus_held+0xca/0x100
[   28.688228]  ? lockdep_assert_cpus_held+0xd3/0x100
[   28.688249]  ? lockdep_assert_cpus_held+0xd3/0x100
[   28.688273]  ? lockdep_assert_cpus_held+0xd3/0x100
[   28.688293]  alloc_workqueue+0x9b0/0x1940
[   28.688330]  ? __pfx_alloc_workqueue+0x10/0x10
[   28.688347]  ? __pfx_lock_release+0x10/0x10
[   28.688397]  xfs_init_mount_workqueues+0x1bd/0x500
[   28.688420]  ? debugfs_create_dir+0x3f1/0x620
[   28.688447]  xfs_fs_fill_super+0x3e4/0x1de0
[   28.688471]  ? setup_bdev_super+0x370/0x740
[   28.688498]  get_tree_bdev+0x3c5/0x6a0
[   28.688516]  ? __pfx_xfs_fs_fill_super+0x10/0x10
[   28.688541]  ? __pfx_get_tree_bdev+0x10/0x10
[   28.688558]  ? __pfx_vfs_parse_comma_sep+0x10/0x10
[   28.688582]  ? cap_capable+0x1d3/0x240
[   28.688612]  ? __sanitizer_cov_trace_const_cmp4+0x1a/0x20
[   28.688633]  ? security_capable+0xa0/0xd0
[   28.688663]  xfs_fs_get_tree+0x26/0x30
[   28.688684]  vfs_get_tree+0x9d/0x390
[   28.688706]  path_mount+0x707/0x2000
[   28.688727]  ? __kasan_slab_free+0x120/0x1a0
[   28.688757]  ? __pfx_path_mount+0x10/0x10
[   28.688782]  ? putname+0x146/0x190
[   28.688817]  __x64_sys_mount+0x2bf/0x350
[   28.688912]  ? __pfx___x64_sys_mount+0x10/0x10
[   28.688954]  x64_sys_call+0x1e1d/0x2140
[   28.688975]  do_syscall_64+0x6d/0x140
[   28.688997]  entry_SYSCALL_64_after_hwframe+0x76/0x7e
[   28.689027] RIP: 0033:0x7fc3b503f7be
[   28.689043] Code: 48 8b 0d 65 a6 1b 00 f7 d8 64 89 01 48 83 c8 ff c3 66 2e 0f 1f 84 00 00 00 00 00 90 f3 0f 1e fa 49 89 ca b8 a5 00 00 00 0f 05 <48> 3d 01 f0 ff ff 73 01 c3 48 8b 0d 32 a6 1b 00 f7 d8 64 89 01 48
[   28.689056] RSP: 002b:00007ffcf242c418 EFLAGS: 00000206 ORIG_RAX: 00000000000000a5
[   28.689072] RAX: ffffffffffffffda RBX: 0000000000000000 RCX: 00007fc3b503f7be
[   28.689081] RDX: 0000000020009600 RSI: 0000000020009640 RDI: 00007ffcf242c560
[   28.689090] RBP: 00007ffcf242c5f0 R08: 00007ffcf242c460 R09: 0000000000000000
[   28.689099] R10: 0000000000004490 R11: 0000000000000206 R12: 00007ffcf242c768
[   28.689109] R13: 0000000000402cb4 R14: 000000000040de08 R15: 00007fc3b5385000
[   28.689148]  </TASK>
[   28.689153] irq event stamp: 56463
[   28.689158] hardirqs last  enabled at (56465): [<ffffffff81456853>] vprintk_store+0x413/0xa90
[   28.689175] hardirqs last disabled at (56466): [<ffffffff81456bda>] vprintk_store+0x79a/0xa90
[   28.689191] softirqs last  enabled at (56434): [<ffffffff81288d19>] __irq_exit_rcu+0xa9/0x120
[   28.689210] softirqs last disabled at (56423): [<ffffffff81288d19>] __irq_exit_rcu+0xa9/0x120
[   28.689228] ---[ end trace 0000000000000000 ]---
[   28.753087] ------------[ cut here ]------------
[   28.753545] WARNING: CPU: 1 PID: 730 at kernel/cpu.c:527 lockdep_assert_cpus_held+0xd3/0x100
[   28.753572] Modules linked in:
[   28.753581] CPU: 1 UID: 0 PID: 730 Comm: repro Tainted: G        W          6.10.0-e940d14bb80a+ #1
[   28.753598] Tainted: [W]=WARN
[   28.753602] Hardware name: QEMU Standard PC (i440FX + PIIX, 1996), BIOS rel-1.16.0-0-gd239552ce722-prebuilt.qemu.org 04/01/2014
[   28.753608] RIP: 0010:lockdep_assert_cpus_held+0xd3/0x100
[   28.753623] Code: e8 42 bd 3e 00 be ff ff ff ff 48 c7 c7 d0 67 d0 86 e8 11 1d 54 04 31 ff 89 c3 89 c6 e8 66 b8 3e 00 85 db 75 cc e8 1d bd 3e 00 <0f> 0b eb c3 48 c7 c7 04 cc a0 87 e8 3d 41 a4 00 e9 59 ff ff ff 48
[   28.753635] RSP: 0018:ffff888013207a28 EFLAGS: 00010293
[   28.753648] RAX: 0000000000000000 RBX: 0000000000000000 RCX: ffffffff8127548a
[   28.753659] RDX: ffff888013320000 RSI: ffffffff81275493 RDI: 0000000000000005
[   28.753669] RBP: ffff888013207a30 R08: 0000000000000000 R09: fffffbfff0f42994
[   28.753678] R10: 0000000000000000 R11: 0000000000000001 R12: ffff88800ddd7480
[   28.753688] R13: ffff888013877420 R14: 0000000000000001 R15: ffff888013877400
[   28.753697] FS:  00007fc3b533a740(0000) GS:ffff88806c700000(0000) knlGS:0000000000000000
[   28.753708] CS:  0010 DS: 0000 ES: 0000 CR0: 0000000080050033
[   28.753718] CR2: 00007fcb7400f038 CR3: 000000000e91a005 CR4: 0000000000770ef0
[   28.753731] DR0: 0000000000000000 DR1: 0000000000000000 DR2: 0000000000000000
[   28.753739] DR3: 0000000000000000 DR6: 00000000ffff07f0 DR7: 0000000000000400
[   28.753748] PKRU: 55555554
[   28.753753] Call Trace:
[   28.753758]  <TASK>
[   28.753765]  ? show_regs+0xa8/0xc0
[   28.753788]  ? __warn+0xf3/0x380
[   28.753804]  ? report_bug+0x25e/0x4b0
[   28.753824]  ? lockdep_assert_cpus_held+0xd3/0x100
[   28.753847]  ? report_bug+0x2cb/0x4b0
[   28.753868]  ? alloc_workqueue+0x900/0x1940
[   28.753883]  ? lockdep_assert_cpus_held+0xd3/0x100
[   28.753899]  ? handle_bug+0xa2/0x130
[   28.753917]  ? exc_invalid_op+0x3c/0x80
[   28.753934]  ? asm_exc_invalid_op+0x1f/0x30
[   28.753959]  ? lockdep_assert_cpus_held+0xca/0x100
[   28.753976]  ? lockdep_assert_cpus_held+0xd3/0x100
[   28.753993]  ? lockdep_assert_cpus_held+0xd3/0x100
[   28.754011]  ? lockdep_assert_cpus_held+0xd3/0x100
[   28.754026]  alloc_workqueue+0x9b0/0x1940
[   28.754054]  ? __pfx_alloc_workqueue+0x10/0x10
[   28.754065]  ? __pfx_lock_release+0x10/0x10
[   28.754101]  xfs_init_mount_workqueues+0x237/0x500
[   28.754117]  ? debugfs_create_dir+0x3f1/0x620
[   28.754137]  xfs_fs_fill_super+0x3e4/0x1de0
[   28.754153]  ? setup_bdev_super+0x370/0x740
[   28.754174]  get_tree_bdev+0x3c5/0x6a0
[   28.754187]  ? __pfx_xfs_fs_fill_super+0x10/0x10
[   28.754205]  ? __pfx_get_tree_bdev+0x10/0x10
[   28.754218]  ? __pfx_vfs_parse_comma_sep+0x10/0x10
[   28.754237]  ? cap_capable+0x1d3/0x240
[   28.754264]  ? __sanitizer_cov_trace_const_cmp4+0x1a/0x20
[   28.754282]  ? security_capable+0xa0/0xd0
[   28.754306]  xfs_fs_get_tree+0x26/0x30
[   28.754322]  vfs_get_tree+0x9d/0x390
[   28.754339]  path_mount+0x707/0x2000
[   28.754358]  ? __kasan_slab_free+0x120/0x1a0
[   28.754383]  ? __pfx_path_mount+0x10/0x10
[   28.754404]  ? putname+0x146/0x190
[   28.754431]  __x64_sys_mount+0x2bf/0x350
[   28.754449]  ? __pfx___x64_sys_mount+0x10/0x10
[   28.754478]  x64_sys_call+0x1e1d/0x2140
[   28.754492]  do_syscall_64+0x6d/0x140
[   28.754508]  entry_SYSCALL_64_after_hwframe+0x76/0x7e
[   28.754523] RIP: 0033:0x7fc3b503f7be
[   28.754535] Code: 48 8b 0d 65 a6 1b 00 f7 d8 64 89 01 48 83 c8 ff c3 66 2e 0f 1f 84 00 00 00 00 00 90 f3 0f 1e fa 49 89 ca b8 a5 00 00 00 0f 05 <48> 3d 01 f0 ff ff 73 01 c3 48 8b 0d 32 a6 1b 00 f7 d8 64 89 01 48
[   28.754546] RSP: 002b:00007ffcf242c418 EFLAGS: 00000206 ORIG_RAX: 00000000000000a5
[   28.754557] RAX: ffffffffffffffda RBX: 0000000000000000 RCX: 00007fc3b503f7be
[   28.754565] RDX: 0000000020009600 RSI: 0000000020009640 RDI: 00007ffcf242c560
[   28.754573] RBP: 00007ffcf242c5f0 R08: 00007ffcf242c460 R09: 0000000000000000
[   28.754581] R10: 0000000000004490 R11: 0000000000000206 R12: 00007ffcf242c768
[   28.754590] R13: 0000000000402cb4 R14: 000000000040de08 R15: 00007fc3b5385000
[   28.754619]  </TASK>
[   28.754623] irq event stamp: 56925
[   28.754627] hardirqs last  enabled at (56927): [<ffffffff81456853>] vprintk_store+0x413/0xa90
[   28.754640] hardirqs last disabled at (56928): [<ffffffff81456bda>] vprintk_store+0x79a/0xa90
[   28.754653] softirqs last  enabled at (56564): [<ffffffff81288d19>] __irq_exit_rcu+0xa9/0x120
[   28.754667] softirqs last disabled at (56555): [<ffffffff81288d19>] __irq_exit_rcu+0xa9/0x120
[   28.754680] ---[ end trace 0000000000000000 ]---
[   28.812512] ------------[ cut here ]------------
[   28.813268] WARNING: CPU: 1 PID: 730 at kernel/cpu.c:527 lockdep_assert_cpus_held+0xd3/0x100
[   28.813310] Modules linked in:
[   28.813319] CPU: 1 UID: 0 PID: 730 Comm: repro Tainted: G        W          6.10.0-e940d14bb80a+ #1
[   28.813336] Tainted: [W]=WARN
[   28.813340] Hardware name: QEMU Standard PC (i440FX + PIIX, 1996), BIOS rel-1.16.0-0-gd239552ce722-prebuilt.qemu.org 04/01/2014
[   28.813346] RIP: 0010:lockdep_assert_cpus_held+0xd3/0x100
[   28.813361] Code: e8 42 bd 3e 00 be ff ff ff ff 48 c7 c7 d0 67 d0 86 e8 11 1d 54 04 31 ff 89 c3 89 c6 e8 66 b8 3e 00 85 db 75 cc e8 1d bd 3e 00 <0f> 0b eb c3 48 c7 c7 04 cc a0 87 e8 3d 41 a4 00 e9 59 ff ff ff 48
[   28.813373] RSP: 0018:ffff888013207a28 EFLAGS: 00010293
[   28.813387] RAX: 0000000000000000 RBX: 0000000000000000 RCX: ffffffff8127548a
[   28.813401] RDX: ffff888013320000 RSI: ffffffff81275493 RDI: 0000000000000005
[   28.813415] RBP: ffff888013207a30 R08: 0000000000000000 R09: fffffbfff0f42994
[   28.813427] R10: 0000000000000000 R11: 0000000000000001 R12: ffff8880104c3140
[   28.813437] R13: ffff888013875820 R14: 0000000000000008 R15: ffff888013875800
[   28.813447] FS:  00007fc3b533a740(0000) GS:ffff88806c700000(0000) knlGS:0000000000000000
[   28.813457] CS:  0010 DS: 0000 ES: 0000 CR0: 0000000080050033
[   28.813465] CR2: 00007fcb7400f038 CR3: 000000000e91a005 CR4: 0000000000770ef0
[   28.813477] DR0: 0000000000000000 DR1: 0000000000000000 DR2: 0000000000000000
[   28.813484] DR3: 0000000000000000 DR6: 00000000ffff07f0 DR7: 0000000000000400
[   28.813491] PKRU: 55555554
[   28.813495] Call Trace:
[   28.813499]  <TASK>
[   28.813506]  ? show_regs+0xa8/0xc0
[   28.813525]  ? __warn+0xf3/0x380
[   28.813538]  ? report_bug+0x25e/0x4b0
[   28.813555]  ? lockdep_assert_cpus_held+0xd3/0x100
[   28.813571]  ? report_bug+0x2cb/0x4b0
[   28.813588]  ? alloc_workqueue+0x900/0x1940
[   28.813602]  ? lockdep_assert_cpus_held+0xd3/0x100
[   28.813618]  ? handle_bug+0xa2/0x130
[   28.813635]  ? exc_invalid_op+0x3c/0x80
[   28.813651]  ? asm_exc_invalid_op+0x1f/0x30
[   28.813673]  ? lockdep_assert_cpus_held+0xca/0x100
[   28.813687]  ? lockdep_assert_cpus_held+0xd3/0x100
[   28.813702]  ? lockdep_assert_cpus_held+0xd3/0x100
[   28.813719]  ? lockdep_assert_cpus_held+0xd3/0x100
[   28.813733]  alloc_workqueue+0x9b0/0x1940
[   28.813760]  ? __pfx_alloc_workqueue+0x10/0x10
[   28.813772]  ? __pfx_lock_release+0x10/0x10
[   28.813808]  xfs_init_mount_workqueues+0x2ae/0x500
[   28.813831]  xfs_fs_fill_super+0x3e4/0x1de0
[   28.813848]  ? setup_bdev_super+0x370/0x740
[   28.813867]  get_tree_bdev+0x3c5/0x6a0
[   28.813880]  ? __pfx_xfs_fs_fill_super+0x10/0x10
[   28.813897]  ? __pfx_get_tree_bdev+0x10/0x10
[   28.813908]  ? __pfx_vfs_parse_comma_sep+0x10/0x10
[   28.813925]  ? cap_capable+0x1d3/0x240
[   28.813944]  ? __sanitizer_cov_trace_const_cmp4+0x1a/0x20
[   28.813959]  ? security_capable+0xa0/0xd0
[   28.813979]  xfs_fs_get_tree+0x26/0x30
[   28.813993]  vfs_get_tree+0x9d/0x390
[   28.814009]  path_mount+0x707/0x2000
[   28.814024]  ? __kasan_slab_free+0x120/0x1a0
[   28.814044]  ? __pfx_path_mount+0x10/0x10
[   28.814062]  ? putname+0x146/0x190
[   28.814085]  __x64_sys_mount+0x2bf/0x350
[   28.814102]  ? __pfx___x64_sys_mount+0x10/0x10
[   28.814128]  x64_sys_call+0x1e1d/0x2140
[   28.814142]  do_syscall_64+0x6d/0x140
[   28.814157]  entry_SYSCALL_64_after_hwframe+0x76/0x7e
[   28.814169] RIP: 0033:0x7fc3b503f7be
[   28.814180] Code: 48 8b 0d 65 a6 1b 00 f7 d8 64 89 01 48 83 c8 ff c3 66 2e 0f 1f 84 00 00 00 00 00 90 f3 0f 1e fa 49 89 ca b8 a5 00 00 00 0f 05 <48> 3d 01 f0 ff ff 73 01 c3 48 8b 0d 32 a6 1b 00 f7 d8 64 89 01 48
[   28.814191] RSP: 002b:00007ffcf242c418 EFLAGS: 00000206 ORIG_RAX: 00000000000000a5
[   28.814203] RAX: ffffffffffffffda RBX: 0000000000000000 RCX: 00007fc3b503f7be
[   28.814210] RDX: 0000000020009600 RSI: 0000000020009640 RDI: 00007ffcf242c560
[   28.814218] RBP: 00007ffcf242c5f0 R08: 00007ffcf242c460 R09: 0000000000000000
[   28.814225] R10: 0000000000004490 R11: 0000000000000206 R12: 00007ffcf242c768
[   28.814233] R13: 0000000000402cb4 R14: 000000000040de08 R15: 00007fc3b5385000
[   28.814260]  </TASK>
[   28.814265] irq event stamp: 57341
[   28.814269] hardirqs last  enabled at (57343): [<ffffffff81456853>] vprintk_store+0x413/0xa90
[   28.814282] hardirqs last disabled at (57344): [<ffffffff81456bda>] vprintk_store+0x79a/0xa90
[   28.814295] softirqs last  enabled at (57196): [<ffffffff81288d19>] __irq_exit_rcu+0xa9/0x120
[   28.814308] softirqs last disabled at (57185): [<ffffffff81288d19>] __irq_exit_rcu+0xa9/0x120
[   28.814322] ---[ end trace 0000000000000000 ]---
[   28.871070] XFS (loop0): Mounting V5 Filesystem bfdc47fc-10d8-4eed-a562-11a831b3f791
[   28.873469] ------------[ cut here ]------------
[   28.874151] WARNING: CPU: 1 PID: 730 at kernel/cpu.c:527 lockdep_assert_cpus_held+0xd3/0x100
[   28.874185] Modules linked in:
[   28.874196] CPU: 1 UID: 0 PID: 730 Comm: repro Tainted: G        W          6.10.0-e940d14bb80a+ #1
[   28.874218] Tainted: [W]=WARN
[   28.874222] Hardware name: QEMU Standard PC (i440FX + PIIX, 1996), BIOS rel-1.16.0-0-gd239552ce722-prebuilt.qemu.org 04/01/2014
[   28.874232] RIP: 0010:lockdep_assert_cpus_held+0xd3/0x100
[   28.874253] Code: e8 42 bd 3e 00 be ff ff ff ff 48 c7 c7 d0 67 d0 86 e8 11 1d 54 04 31 ff 89 c3 89 c6 e8 66 b8 3e 00 85 db 75 cc e8 1d bd 3e 00 <0f> 0b eb c3 48 c7 c7 04 cc a0 87 e8 3d 41 a4 00 e9 59 ff ff ff 48
[   28.874267] RSP: 0018:ffff888013207888 EFLAGS: 00010293
[   28.874279] RAX: 0000000000000000 RBX: 0000000000000000 RCX: ffffffff8127548a
[   28.874288] RDX: ffff888013320000 RSI: ffffffff81275493 RDI: 0000000000000005
[   28.874298] RBP: ffff888013207890 R08: 0000000000000000 R09: fffffbfff0f42994
[   28.874307] R10: 0000000000000000 R11: 0000000000000001 R12: ffff8880104c3800
[   28.874316] R13: ffff888013877820 R14: 0000000000000008 R15: ffff888013877800
[   28.874325] FS:  00007fc3b533a740(0000) GS:ffff88806c700000(0000) knlGS:0000000000000000
[   28.874338] CS:  0010 DS: 0000 ES: 0000 CR0: 0000000080050033
[   28.874348] CR2: 00007fcb7400f038 CR3: 000000000e91a005 CR4: 0000000000770ef0
[   28.874361] DR0: 0000000000000000 DR1: 0000000000000000 DR2: 0000000000000000
[   28.874370] DR3: 0000000000000000 DR6: 00000000ffff07f0 DR7: 0000000000000400
[   28.874379] PKRU: 55555554
[   28.874385] Call Trace:
[   28.874389]  <TASK>
[   28.874397]  ? show_regs+0xa8/0xc0
[   28.874423]  ? __warn+0xf3/0x380
[   28.874444]  ? report_bug+0x25e/0x4b0
[   28.874470]  ? lockdep_assert_cpus_held+0xd3/0x100
[   28.874493]  ? report_bug+0x2cb/0x4b0
[   28.874518]  ? alloc_workqueue+0x900/0x1940
[   28.874538]  ? lockdep_assert_cpus_held+0xd3/0x100
[   28.874561]  ? handle_bug+0xa2/0x130
[   28.874586]  ? exc_invalid_op+0x3c/0x80
[   28.874610]  ? asm_exc_invalid_op+0x1f/0x30
[   28.874639]  ? lockdep_assert_cpus_held+0xca/0x100
[   28.874659]  ? lockdep_assert_cpus_held+0xd3/0x100
[   28.874680]  ? lockdep_assert_cpus_held+0xd3/0x100
[   28.874703]  ? lockdep_assert_cpus_held+0xd3/0x100
[   28.874724]  alloc_workqueue+0x9b0/0x1940
[   28.874762]  ? __pfx_alloc_workqueue+0x10/0x10
[   28.874791]  ? lockdep_init_map_type+0x2df/0x810
[   28.874831]  xlog_alloc_log+0xf3e/0x1530
[   28.874850]  ? lockdep_init_map_type+0x2df/0x810
[   28.874888]  xfs_log_mount+0xf8/0x490
[   28.874903]  ? xfs_log_mount+0xf8/0x490
[   28.874931]  xfs_mountfs+0xe5f/0x1c00
[   28.874969]  ? __pfx_xfs_mountfs+0x10/0x10
[   28.875000]  ? xfs_mru_cache_create+0x4d8/0x5f0
[   28.875031]  xfs_fs_fill_super+0x11a5/0x1de0
[   28.875067]  get_tree_bdev+0x3c5/0x6a0
[   28.875087]  ? __pfx_xfs_fs_fill_super+0x10/0x10
[   28.875112]  ? __pfx_get_tree_bdev+0x10/0x10
[   28.875129]  ? __pfx_vfs_parse_comma_sep+0x10/0x10
[   28.875155]  ? cap_capable+0x1d3/0x240
[   28.875184]  ? __sanitizer_cov_trace_const_cmp4+0x1a/0x20
[   28.875206]  ? security_capable+0xa0/0xd0
[   28.875236]  xfs_fs_get_tree+0x26/0x30
[   28.875256]  vfs_get_tree+0x9d/0x390
[   28.875277]  path_mount+0x707/0x2000
[   28.875299]  ? __kasan_slab_free+0x120/0x1a0
[   28.875329]  ? __pfx_path_mount+0x10/0x10
[   28.875355]  ? putname+0x146/0x190
[   28.875391]  __x64_sys_mount+0x2bf/0x350
[   28.875415]  ? __pfx___x64_sys_mount+0x10/0x10
[   28.875452]  x64_sys_call+0x1e1d/0x2140
[   28.875472]  do_syscall_64+0x6d/0x140
[   28.875493]  entry_SYSCALL_64_after_hwframe+0x76/0x7e
[   28.875510] RIP: 0033:0x7fc3b503f7be
[   28.875525] Code: 48 8b 0d 65 a6 1b 00 f7 d8 64 89 01 48 83 c8 ff c3 66 2e 0f 1f 84 00 00 00 00 00 90 f3 0f 1e fa 49 89 ca b8 a5 00 00 00 0f 05 <48> 3d 01 f0 ff ff 73 01 c3 48 8b 0d 32 a6 1b 00 f7 d8 64 89 01 48
[   28.875538] RSP: 002b:00007ffcf242c418 EFLAGS: 00000206 ORIG_RAX: 00000000000000a5
[   28.875553] RAX: ffffffffffffffda RBX: 0000000000000000 RCX: 00007fc3b503f7be
[   28.875563] RDX: 0000000020009600 RSI: 0000000020009640 RDI: 00007ffcf242c560
[   28.875572] RBP: 00007ffcf242c5f0 R08: 00007ffcf242c460 R09: 0000000000000000
[   28.875582] R10: 0000000000004490 R11: 0000000000000206 R12: 00007ffcf242c768
[   28.875592] R13: 0000000000402cb4 R14: 000000000040de08 R15: 00007fc3b5385000
[   28.875631]  </TASK>
[   28.875637] irq event stamp: 57929
[   28.875642] hardirqs last  enabled at (57931): [<ffffffff81456853>] vprintk_store+0x413/0xa90
[   28.875660] hardirqs last disabled at (57932): [<ffffffff81456bda>] vprintk_store+0x79a/0xa90
[   28.875677] softirqs last  enabled at (57742): [<ffffffff81288d19>] __irq_exit_rcu+0xa9/0x120
[   28.875697] softirqs last disabled at (57735): [<ffffffff81288d19>] __irq_exit_rcu+0xa9/0x120
[   28.875717] ---[ end trace 0000000000000000 ]---
[   28.937912] ------------[ cut here ]------------
[   28.938643] WARNING: CPU: 1 PID: 730 at kernel/cpu.c:527 lockdep_assert_cpus_held+0xd3/0x100
[   28.938685] Modules linked in:
[   28.938699] CPU: 1 UID: 0 PID: 730 Comm: repro Tainted: G        W          6.10.0-e940d14bb80a+ #1
[   28.938720] Tainted: [W]=WARN
[   28.938725] Hardware name: QEMU Standard PC (i440FX + PIIX, 1996), BIOS rel-1.16.0-0-gd239552ce722-prebuilt.qemu.org 04/01/2014
[   28.938736] RIP: 0010:lockdep_assert_cpus_held+0xd3/0x100
[   28.938758] Code: e8 42 bd 3e 00 be ff ff ff ff 48 c7 c7 d0 67 d0 86 e8 11 1d 54 04 31 ff 89 c3 89 c6 e8 66 b8 3e 00 85 db 75 cc e8 1d bd 3e 00 <0f> 0b eb c3 48 c7 c7 04 cc a0 87 e8 3d 41 a4 00 e9 59 ff ff ff 48
[   28.938774] RSP: 0018:ffff888013207820 EFLAGS: 00010293
[   28.938786] RAX: 0000000000000000 RBX: 0000000000000000 RCX: ffffffff8127548a
[   28.938795] RDX: ffff888013320000 RSI: ffffffff81275493 RDI: 0000000000000005
[   28.938805] RBP: ffff888013207828 R08: 0000000000000000 R09: fffffbfff0f42994
[   28.938814] R10: 0000000000000000 R11: 0000000000000001 R12: ffff88800db881d8
[   28.938823] R13: ffff88800db88020 R14: ffff888018865c00 R15: ffff88800db88000
[   28.938834] FS:  00007fc3b533a740(0000) GS:ffff88806c700000(0000) knlGS:0000000000000000
[   28.938846] CS:  0010 DS: 0000 ES: 0000 CR0: 0000000080050033
[   28.938856] CR2: 00007fcb7400f038 CR3: 000000000e91a005 CR4: 0000000000770ef0
[   28.938870] DR0: 0000000000000000 DR1: 0000000000000000 DR2: 0000000000000000
[   28.938879] DR3: 0000000000000000 DR6: 00000000ffff07f0 DR7: 0000000000000400
[   28.938888] PKRU: 55555554
[   28.938893] Call Trace:
[   28.938899]  <TASK>
[   28.938907]  ? show_regs+0xa8/0xc0
[   28.938935]  ? __warn+0xf3/0x380
[   28.938956]  ? report_bug+0x25e/0x4b0
[   28.938984]  ? lockdep_assert_cpus_held+0xd3/0x100
[   28.939008]  ? report_bug+0x2cb/0x4b0
[   28.939037]  ? alloc_workqueue+0x900/0x1940
[   28.939059]  ? lockdep_assert_cpus_held+0xd3/0x100
[   28.939086]  ? handle_bug+0xa2/0x130
[   28.939115]  ? exc_invalid_op+0x3c/0x80
[   28.939141]  ? asm_exc_invalid_op+0x1f/0x30
[   28.939174]  ? lockdep_assert_cpus_held+0xca/0x100
[   28.939195]  ? lockdep_assert_cpus_held+0xd3/0x100
[   28.939217]  ? lockdep_assert_cpus_held+0xd3/0x100
[   28.939243]  alloc_workqueue+0x9b0/0x1940
[   28.939286]  ? __pfx_alloc_workqueue+0x10/0x10
[   28.939304]  ? kasan_save_track+0x18/0x40
[   28.939332]  ? __kasan_kmalloc+0x88/0xa0
[   28.939356]  ? kmalloc_trace_noprof+0x1a1/0x3a0
[   28.939396]  xlog_cil_init+0xd6/0x5a0
[   28.939435]  xlog_alloc_log+0xf70/0x1530
[   28.939452]  ? lockdep_init_map_type+0x2df/0x810
[   28.939490]  xfs_log_mount+0xf8/0x490
[   28.939507]  ? xfs_log_mount+0xf8/0x490
[   28.939540]  xfs_mountfs+0xe5f/0x1c00
[   28.939585]  ? __pfx_xfs_mountfs+0x10/0x10
[   28.939621]  ? xfs_mru_cache_create+0x4d8/0x5f0
[   28.939655]  xfs_fs_fill_super+0x11a5/0x1de0
[   28.939695]  get_tree_bdev+0x3c5/0x6a0
[   28.939717]  ? __pfx_xfs_fs_fill_super+0x10/0x10
[   28.939743]  ? __pfx_get_tree_bdev+0x10/0x10
[   28.939760]  ? __pfx_vfs_parse_comma_sep+0x10/0x10
[   28.939787]  ? cap_capable+0x1d3/0x240
[   28.939818]  ? __sanitizer_cov_trace_const_cmp4+0x1a/0x20
[   28.939841]  ? security_capable+0xa0/0xd0
[   28.939872]  xfs_fs_get_tree+0x26/0x30
[   28.939894]  vfs_get_tree+0x9d/0x390
[   28.939915]  path_mount+0x707/0x2000
[   28.939938]  ? __kasan_slab_free+0x120/0x1a0
[   28.939967]  ? __pfx_path_mount+0x10/0x10
[   28.939995]  ? putname+0x146/0x190
[   28.940030]  __x64_sys_mount+0x2bf/0x350
[   28.940055]  ? __pfx___x64_sys_mount+0x10/0x10
[   28.940093]  x64_sys_call+0x1e1d/0x2140
[   28.940113]  do_syscall_64+0x6d/0x140
[   28.940138]  entry_SYSCALL_64_after_hwframe+0x76/0x7e
[   28.940160] RIP: 0033:0x7fc3b503f7be
[   28.940180] Code: 48 8b 0d 65 a6 1b 00 f7 d8 64 89 01 48 83 c8 ff c3 66 2e 0f 1f 84 00 00 00 00 00 90 f3 0f 1e fa 49 89 ca b8 a5 00 00 00 0f 05 <48> 3d 01 f0 ff ff 73 01 c3 48 8b 0d 32 a6 1b 00 f7 d8 64 89 01 48
[   28.940198] RSP: 002b:00007ffcf242c418 EFLAGS: 00000206 ORIG_RAX: 00000000000000a5
[   28.940217] RAX: ffffffffffffffda RBX: 0000000000000000 RCX: 00007fc3b503f7be
[   28.940227] RDX: 0000000020009600 RSI: 0000000020009640 RDI: 00007ffcf242c560
[   28.940237] RBP: 00007ffcf242c5f0 R08: 00007ffcf242c460 R09: 0000000000000000
[   28.940247] R10: 0000000000004490 R11: 0000000000000206 R12: 00007ffcf242c768
[   28.940257] R13: 0000000000402cb4 R14: 000000000040de08 R15: 00007fc3b5385000
[   28.940301]  </TASK>
[   28.940308] irq event stamp: 58367
[   28.940314] hardirqs last  enabled at (58369): [<ffffffff81456853>] vprintk_store+0x413/0xa90
[   28.940335] hardirqs last disabled at (58370): [<ffffffff81456bda>] vprintk_store+0x79a/0xa90
[   28.940355] softirqs last  enabled at (58078): [<ffffffff81288d19>] __irq_exit_rcu+0xa9/0x120
[   28.940377] softirqs last disabled at (58069): [<ffffffff81288d19>] __irq_exit_rcu+0xa9/0x120
[   28.940398] ---[ end trace 0000000000000000 ]---
[   29.034806] XFS (loop0): Ending clean mount
