c[?7l[2J[0mSeaBIOS (version rel-1.16.0-0-gd239552ce722-prebuilt.qemu.org)


iPXE (http://ipxe.org) 00:03.0 CA00 PCI2.10 PnP PMM+7FF91000+7FEF1000 CA00
Press Ctrl-B to configure iPXE (PCI 00:03.0)...                                                                               


Booting from ROM...
c[?7l[2J[    0.000000] Linux version 6.8.0-rc6-1576b0796197+ (root@p-mtlp04) (gcc (GCC) 11.4.1 20231218 (Red Hat 11.4.1-3), GNU ld version 2.35.2-43.el9) #1 SMP PREEMPT_DYNAMIC Wed Jun  5 02:54:40 CST 2024
[    0.000000] Command line: console=ttyS0 root=/dev/sda earlyprintk=serial net.ifnames=0 plymouth.enable=0
[    0.000000] KERNEL supported cpus:
[    0.000000]   Intel GenuineIntel
[    0.000000]   AMD AuthenticAMD
[    0.000000]   Hygon HygonGenuine
[    0.000000]   Centaur CentaurHauls
[    0.000000]   zhaoxin   Shanghai  
[    0.000000] x86/split lock detection: #DB: warning on user-space bus_locks
[    0.000000] BIOS-provided physical RAM map:
[    0.000000] BIOS-e820: [mem 0x0000000000000000-0x000000000009fbff] usable
[    0.000000] BIOS-e820: [mem 0x000000000009fc00-0x000000000009ffff] reserved
[    0.000000] BIOS-e820: [mem 0x00000000000f0000-0x00000000000fffff] reserved
[    0.000000] BIOS-e820: [mem 0x0000000000100000-0x000000007ffdffff] usable
[    0.000000] BIOS-e820: [mem 0x000000007ffe0000-0x000000007fffffff] reserved
[    0.000000] BIOS-e820: [mem 0x00000000feffc000-0x00000000feffffff] reserved
[    0.000000] BIOS-e820: [mem 0x00000000fffc0000-0x00000000ffffffff] reserved
[    0.000000] printk: legacy bootconsole [earlyser0] enabled
[    0.000000] NX (Execute Disable) protection: active
[    0.000000] APIC: Static calls initialized
[    0.000000] SMBIOS 2.8 present.
[    0.000000] DMI: QEMU Standard PC (i440FX + PIIX, 1996), BIOS rel-1.16.0-0-gd239552ce722-prebuilt.qemu.org 04/01/2014
[    0.000000] Hypervisor detected: KVM
[    0.000000] kvm-clock: Using msrs 4b564d01 and 4b564d00
[    0.000002] kvm-clock: using sched offset of 826804914 cycles
[    0.000400] clocksource: kvm-clock: mask: 0xffffffffffffffff max_cycles: 0x1cd42e4dffb, max_idle_ns: 881590591483 ns
[    0.001632] tsc: Detected 2995.200 MHz processor
[    0.008539] last_pfn = 0x7ffe0 max_arch_pfn = 0x400000000
[    0.008977] MTRR map: 4 entries (3 fixed + 1 variable; max 19), built from 8 variable MTRRs
[    0.009606] x86/PAT: Configuration [0-7]: WB  WC  UC- UC  WB  WP  UC- WT  
[    0.018916] found SMP MP-table at [mem 0x000f5ba0-0x000f5baf]
[    0.019470] Using GB pages for direct mapping
[    0.021681] ACPI: Early table checksum verification disabled
[    0.022123] ACPI: RSDP 0x00000000000F59C0 000014 (v00 BOCHS )
[    0.022581] ACPI: RSDT 0x000000007FFE1951 000034 (v01 BOCHS  BXPC     00000001 BXPC 00000001)
[    0.023247] ACPI: FACP 0x000000007FFE17FD 000074 (v01 BOCHS  BXPC     00000001 BXPC 00000001)
[    0.023917] ACPI: DSDT 0x000000007FFE0040 0017BD (v01 BOCHS  BXPC     00000001 BXPC 00000001)
[    0.024583] ACPI: FACS 0x000000007FFE0000 000040
[    0.024951] ACPI: APIC 0x000000007FFE1871 000080 (v01 BOCHS  BXPC     00000001 BXPC 00000001)
[    0.025616] ACPI: HPET 0x000000007FFE18F1 000038 (v01 BOCHS  BXPC     00000001 BXPC 00000001)
[    0.026280] ACPI: WAET 0x000000007FFE1929 000028 (v01 BOCHS  BXPC     00000001 BXPC 00000001)
[    0.026947] ACPI: Reserving FACP table memory at [mem 0x7ffe17fd-0x7ffe1870]
[    0.027488] ACPI: Reserving DSDT table memory at [mem 0x7ffe0040-0x7ffe17fc]
[    0.028027] ACPI: Reserving FACS table memory at [mem 0x7ffe0000-0x7ffe003f]
[    0.028565] ACPI: Reserving APIC table memory at [mem 0x7ffe1871-0x7ffe18f0]
[    0.029101] ACPI: Reserving HPET table memory at [mem 0x7ffe18f1-0x7ffe1928]
[    0.029640] ACPI: Reserving WAET table memory at [mem 0x7ffe1929-0x7ffe1950]
[    0.030612] No NUMA configuration found
[    0.030912] Faking a node at [mem 0x0000000000000000-0x000000007ffdffff]
[    0.031451] NODE_DATA(0) allocated [mem 0x7ffb5000-0x7ffdffff]
[    0.033257] Zone ranges:
[    0.033459]   DMA      [mem 0x0000000000001000-0x0000000000ffffff]
[    0.033942]   DMA32    [mem 0x0000000001000000-0x000000007ffdffff]
[    0.034426]   Normal   empty
[    0.034653]   Device   empty
[    0.034883] Movable zone start for each node
[    0.035219] Early memory node ranges
[    0.035496]   node   0: [mem 0x0000000000001000-0x000000000009efff]
[    0.035985]   node   0: [mem 0x0000000000100000-0x000000007ffdffff]
[    0.036483] Initmem setup node 0 [mem 0x0000000000001000-0x000000007ffdffff]
[    0.037660] On node 0, zone DMA: 1 pages in unavailable ranges
[    0.038454] On node 0, zone DMA: 97 pages in unavailable ranges
[    0.080349] On node 0, zone DMA32: 32 pages in unavailable ranges
[    0.345293] kasan: KernelAddressSanitizer initialized
[    0.346011] ACPI: PM-Timer IO Port: 0x608
[    0.346372] ACPI: LAPIC_NMI (acpi_id[0xff] dfl dfl lint[0x1])
[    0.346908] IOAPIC[0]: apic_id 0, version 17, address 0xfec00000, GSI 0-23
[    0.347481] ACPI: INT_SRC_OVR (bus 0 bus_irq 0 global_irq 2 dfl dfl)
[    0.347992] ACPI: INT_SRC_OVR (bus 0 bus_irq 5 global_irq 5 high level)
[    0.348515] ACPI: INT_SRC_OVR (bus 0 bus_irq 9 global_irq 9 high level)
[    0.349040] ACPI: INT_SRC_OVR (bus 0 bus_irq 10 global_irq 10 high level)
[    0.349578] ACPI: INT_SRC_OVR (bus 0 bus_irq 11 global_irq 11 high level)
[    0.350127] ACPI: Using ACPI (MADT) for SMP configuration information
[    0.350642] ACPI: HPET id: 0x8086a201 base: 0xfed00000
[    0.351064] TSC deadline timer available
[    0.351378] smpboot: Allowing 2 CPUs, 0 hotplug CPUs
[    0.351831] kvm-guest: APIC: eoi() replaced with kvm_guest_apic_eoi_write()
[    0.352441] kvm-guest: KVM setup pv remote TLB flush
[    0.352838] kvm-guest: setup PV sched yield
[    0.353226] PM: hibernation: Registered nosave memory: [mem 0x00000000-0x00000fff]
[    0.353828] PM: hibernation: Registered nosave memory: [mem 0x0009f000-0x0009ffff]
[    0.354426] PM: hibernation: Registered nosave memory: [mem 0x000a0000-0x000effff]
[    0.355025] PM: hibernation: Registered nosave memory: [mem 0x000f0000-0x000fffff]
[    0.355624] [mem 0x80000000-0xfeffbfff] available for PCI devices
[    0.356109] Booting paravirtualized kernel on KVM
[    0.356500] clocksource: refined-jiffies: mask: 0xffffffff max_cycles: 0xffffffff, max_idle_ns: 7645519600211568 ns
[    0.357339] setup_percpu: NR_CPUS:8192 nr_cpumask_bits:2 nr_cpu_ids:2 nr_node_ids:1
[    0.359634] percpu: Embedded 82 pages/cpu s299008 r8192 d28672 u1048576
[    0.360337] kvm-guest: PV spinlocks enabled
[    0.360690] PV qspinlock hash table entries: 256 (order: 0, 4096 bytes, linear)
[    0.361302] Kernel command line: net.ifnames=0 console=ttyS0 root=/dev/sda earlyprintk=serial net.ifnames=0 plymouth.enable=0
[    0.362730] random: crng init done
[    0.365309] Dentry cache hash table entries: 262144 (order: 9, 2097152 bytes, linear)
[    0.366762] Inode-cache hash table entries: 131072 (order: 8, 1048576 bytes, linear)
[    0.367674] Fallback order for Node 0: 0 
[    0.367689] Built 1 zonelists, mobility grouping on.  Total pages: 515808
[    0.368520] Policy zone: DMA32
[    0.368760] mem auto-init: stack:off, heap alloc:off, heap free:off
[    0.369242] stackdepot: allocating hash table via alloc_large_system_hash
[    0.369767] stackdepot hash table entries: 1048576 (order: 12, 16777216 bytes, linear)
[    0.473198] Memory: 1619036K/2096632K available (73728K kernel code, 14151K rwdata, 16640K rodata, 14936K init, 21824K bss, 477340K reserved, 0K cma-reserved)
[    0.475953] SLUB: HWalign=64, Order=0-3, MinObjects=0, CPUs=2, Nodes=1
[    0.476509] kmemleak: Kernel memory leak detector disabled
[    0.477154] ftrace: allocating 70466 entries in 276 pages
[    0.505002] ftrace: allocated 276 pages with 3 groups
[    0.510253] Dynamic Preempt: voluntary
[    0.511165] Running RCU self tests
[    0.511448] Running RCU synchronous self tests
[    0.511824] rcu: Preemptible hierarchical RCU implementation.
[    0.512288] rcu: 	RCU lockdep checking is enabled.
[    0.512679] rcu: 	RCU restricting CPUs from NR_CPUS=8192 to nr_cpu_ids=2.
[    0.513217] 	Trampoline variant of Tasks RCU enabled.
[    0.513615] 	Rude variant of Tasks RCU enabled.
[    0.513974] 	Tracing variant of Tasks RCU enabled.
[    0.514361] rcu: RCU calculated value of scheduler-enlistment delay is 25 jiffies.
[    0.514958] rcu: Adjusting geometry for rcu_fanout_leaf=16, nr_cpu_ids=2
[    0.515557] Running RCU synchronous self tests
[    0.559297] NR_IRQS: 524544, nr_irqs: 440, preallocated irqs: 16
[    0.560528] rcu: srcu_init: Setting srcu_struct sizes based on contention.
[    0.568249] Console: colour VGA+ 80x25
[    0.568635] printk: legacy console [ttyS0] enabled
[    0.568635] printk: legacy console [ttyS0] enabled
[    0.569426] printk: legacy bootconsole [earlyser0] disabled
[    0.569426] printk: legacy bootconsole [earlyser0] disabled
[    0.570360] Lock dependency validator: Copyright (c) 2006 Red Hat, Inc., Ingo Molnar
[    0.570997] ... MAX_LOCKDEP_SUBCLASSES:  8
[    0.571336] ... MAX_LOCK_DEPTH:          48
[    0.571698] ... MAX_LOCKDEP_KEYS:        8192
[    0.572063] ... CLASSHASH_SIZE:          4096
[    0.572429] ... MAX_LOCKDEP_ENTRIES:     32768
[    0.572800] ... MAX_LOCKDEP_CHAINS:      65536
[    0.573170] ... CHAINHASH_SIZE:          32768
[    0.573544]  memory used by lock dependency info: 6429 kB
[    0.573991]  memory used for stack traces: 4224 kB
[    0.574395]  per task-struct memory footprint: 1920 bytes
[    0.574965] ACPI: Core revision 20230628
[    0.575937] clocksource: hpet: mask: 0xffffffff max_cycles: 0xffffffff, max_idle_ns: 19112604467 ns
[    0.576972] APIC: Switch to symmetric I/O mode setup
[    0.577548] x2apic enabled
[    0.578179] APIC: Switched APIC routing to: physical x2apic
[    0.578649] kvm-guest: APIC: send_IPI_mask() replaced with kvm_send_ipi_mask()
[    0.579246] kvm-guest: APIC: send_IPI_mask_allbutself() replaced with kvm_send_ipi_mask_allbutself()
[    0.579984] kvm-guest: setup PV IPIs
[    0.581478] ..TIMER: vector=0x30 apic1=0 pin1=2 apic2=-1 pin2=-1
[    0.581994] clocksource: tsc-early: mask: 0xffffffffffffffff max_cycles: 0x2b2c8ec87c7, max_idle_ns: 440795278598 ns
[    0.582874] Calibrating delay loop (skipped) preset value.. 5990.40 BogoMIPS (lpj=11980800)
[    0.583685] x86/cpu: User Mode Instruction Prevention (UMIP) activated
[    0.584334] Last level iTLB entries: 4KB 0, 2MB 0, 4MB 0
[    0.584769] Last level dTLB entries: 4KB 0, 2MB 0, 4MB 0, 1GB 0
[    0.586910] Spectre V1 : Mitigation: usercopy/swapgs barriers and __user pointer sanitization
[    0.587600] Spectre V2 : WARNING: Unprivileged eBPF is enabled with eIBRS on, data leaks possible via Spectre v2 BHB attacks!
[    0.588501] Spectre V2 : Mitigation: Enhanced / Automatic IBRS
[    0.588972] Spectre V2 : Spectre v2 / SpectreRSB mitigation: Filling RSB on context switch
[    0.589632] Spectre V2 : Spectre v2 / PBRSB-eIBRS: Retire a single CALL on VMEXIT
[    0.590235] Spectre V2 : mitigation: Enabling conditional Indirect Branch Prediction Barrier
[    0.590855] Speculative Store Bypass: Mitigation: Speculative Store Bypass disabled via prctl
[    0.591544] MMIO Stale Data: Unknown: No mitigations
[    0.591999] x86/fpu: Supporting XSAVE feature 0x001: 'x87 floating point registers'
[    0.592647] x86/fpu: Supporting XSAVE feature 0x002: 'SSE registers'
[    0.593184] x86/fpu: Supporting XSAVE feature 0x004: 'AVX registers'
[    0.593719] x86/fpu: Supporting XSAVE feature 0x200: 'Protection Keys User registers'
[    0.594855] x86/fpu: xstate_offset[2]:  576, xstate_sizes[2]:  256
[    0.595376] x86/fpu: xstate_offset[9]:  832, xstate_sizes[9]:    8
[    0.595894] x86/fpu: Enabled xstate features 0x207, context size is 840 bytes, using 'compacted' format.
[    0.721388] Freeing SMP alternatives memory: 56K
[    0.721817] pid_max: default: 32768 minimum: 301
[    0.722504] LSM: initializing lsm=capability,yama,integrity
[    0.722864] Yama: becoming mindful.
[    0.723597] Mount-cache hash table entries: 4096 (order: 3, 32768 bytes, linear)
[    0.724252] Mountpoint-cache hash table entries: 4096 (order: 3, 32768 bytes, linear)
[    0.727032] Running RCU synchronous self tests
[    0.727422] Running RCU synchronous self tests
[    0.728728] smpboot: CPU0: Intel(R) Core(TM) Ultra 7 155H (family: 0x6, model: 0xaa, stepping: 0x4)
[    0.730566] RCU Tasks: Setting shift to 1 and lim to 1 rcu_task_cb_adjust=1.
[    0.730850] RCU Tasks Rude: Setting shift to 1 and lim to 1 rcu_task_cb_adjust=1.
[    0.730850] RCU Tasks Trace: Setting shift to 1 and lim to 1 rcu_task_cb_adjust=1.
[    0.730921] Running RCU Tasks wait API self tests
[    0.731557] Running RCU Tasks Rude wait API self tests
[    0.732115] Running RCU Tasks Trace wait API self tests
[    0.732624] Performance Events: unsupported p6 CPU model 170 no PMU driver, software events only.
[    0.733409] signal: max sigframe size: 3632
[    0.733981] rcu: Hierarchical SRCU implementation.
[    0.734396] rcu: 	Max phase no-delay instances is 1000.
[    0.738941] Callback from call_rcu_tasks_trace() invoked.
[    0.739575] NMI watchdog: Perf NMI watchdog permanently disabled
[    0.740431] smp: Bringing up secondary CPUs ...
[    0.741875] smpboot: x86: Booting SMP configuration:
[    0.742333] .... node  #0, CPUs:      #1
[    0.743287] smp: Brought up 1 node, 2 CPUs
[    0.743631] smpboot: Max logical packages: 1
[    0.743978] smpboot: Total of 2 processors activated (11980.80 BogoMIPS)
[    0.748207] devtmpfs: initialized
[    0.748207] x86/mm: Memory block size: 128MB
[    0.761345] Running RCU synchronous self tests
[    0.761345] Running RCU synchronous self tests
[    0.762918] clocksource: jiffies: mask: 0xffffffff max_cycles: 0xffffffff, max_idle_ns: 7645041785100000 ns
[    0.763659] futex hash table entries: 512 (order: 4, 65536 bytes, linear)
[    0.764801] pinctrl core: initialized pinctrl subsystem
[    0.766216] 
[    0.766359] *************************************************************
[    0.766865] **     NOTICE NOTICE NOTICE NOTICE NOTICE NOTICE NOTICE    **
[    0.767436] **                                                         **
[    0.767994] **  IOMMU DebugFS SUPPORT HAS BEEN ENABLED IN THIS KERNEL  **
[    0.768567] **                                                         **
[    0.769142] ** This means that this kernel is built to expose internal **
[    0.769708] ** IOMMU data structures, which may compromise security on **
[    0.770250] ** your system.                                            **
[    0.770784] **                                                         **
[    0.770862] ** If you see this message and you are not debugging the   **
[    0.771403] ** kernel, report this immediately to your vendor!         **
[    0.771939] **                                                         **
[    0.772476] **     NOTICE NOTICE NOTICE NOTICE NOTICE NOTICE NOTICE    **
[    0.773028] *************************************************************
[    0.773637] PM: RTC time: 17:32:41, date: 2024-06-12
[    0.778152] NET: Registered PF_NETLINK/PF_ROUTE protocol family
[    0.780194] DMA: preallocated 256 KiB GFP_KERNEL pool for atomic allocations
[    0.780794] DMA: preallocated 256 KiB GFP_KERNEL|GFP_DMA pool for atomic allocations
[    0.781437] DMA: preallocated 256 KiB GFP_KERNEL|GFP_DMA32 pool for atomic allocations
[    0.782190] audit: initializing netlink subsys (disabled)
[    0.782976] audit: type=2000 audit(1718213561.913:1): state=initialized audit_enabled=0 res=1
[    0.785160] thermal_sys: Registered thermal governor 'fair_share'
[    0.785168] thermal_sys: Registered thermal governor 'bang_bang'
[    0.785670] thermal_sys: Registered thermal governor 'step_wise'
[    0.786144] thermal_sys: Registered thermal governor 'user_space'
[    0.786967] cpuidle: using governor ladder
[    0.787811] cpuidle: using governor menu
[    0.788419] acpiphp: ACPI Hot Plug PCI Controller Driver version: 0.5
[    0.789912] PCI: Using configuration type 1 for base access
[    0.790863] kprobes: kprobe jump-optimization is enabled. All kprobes are optimized if possible.
[    0.896024] HugeTLB: registered 1.00 GiB page size, pre-allocated 0 pages
[    0.895888] Callback from call_rcu_tasks_rude() invoked.
[    0.896657] HugeTLB: 16380 KiB vmemmap can be freed for a 1.00 GiB page
[    0.897837] HugeTLB: registered 2.00 MiB page size, pre-allocated 0 pages
[    0.898425] HugeTLB: 28 KiB vmemmap can be freed for a 2.00 MiB page
[    0.903963] ACPI: Added _OSI(Module Device)
[    0.904373] ACPI: Added _OSI(Processor Device)
[    0.904821] ACPI: Added _OSI(3.0 _SCP Extensions)
[    0.905239] ACPI: Added _OSI(Processor Aggregator Device)
[    0.935565] ACPI: 1 ACPI AML tables successfully acquired and loaded
[    0.940272] ACPI: _OSC evaluation for CPUs failed, trying _PDC
[    0.944322] ACPI: Interpreter enabled
[    0.944835] ACPI: PM: (supports S0 S3 S4 S5)
[    0.945199] ACPI: Using IOAPIC for interrupt routing
[    0.945751] PCI: Using host bridge windows from ACPI; if necessary, use "pci=nocrs" and report a bug
[    0.946502] PCI: Using E820 reservations for host bridge windows
[    0.948791] ACPI: Enabled 2 GPEs in block 00 to 0F
[    1.016774] ACPI: PCI Root Bridge [PCI0] (domain 0000 [bus 00-ff])
[    1.017432] acpi PNP0A03:00: _OSC: OS supports [ASPM ClockPM Segments MSI EDR HPX-Type3]
[    1.018207] acpi PNP0A03:00: _OSC: not requesting OS control; OS requires [ExtendedConfig ASPM ClockPM MSI]
[    1.019200] acpi PNP0A03:00: fail to add MMCONFIG information, can't access extended configuration space under this bridge
[    1.028608] acpiphp: Slot [3] registered
[    1.029219] acpiphp: Slot [4] registered
[    1.029848] acpiphp: Slot [5] registered
[    1.030450] acpiphp: Slot [6] registered
[    1.031049] acpiphp: Slot [7] registered
[    1.031651] acpiphp: Slot [8] registered
[    1.032275] acpiphp: Slot [9] registered
[    1.032870] acpiphp: Slot [10] registered
[    1.033470] acpiphp: Slot [11] registered
[    1.034080] acpiphp: Slot [12] registered
[    1.034735] acpiphp: Slot [13] registered
[    1.035100] acpiphp: Slot [14] registered
[    1.035711] acpiphp: Slot [15] registered
[    1.036325] acpiphp: Slot [16] registered
[    1.036954] acpiphp: Slot [17] registered
[    1.037562] acpiphp: Slot [18] registered
[    1.038168] acpiphp: Slot [19] registered
[    1.038774] acpiphp: Slot [20] registered
[    1.039135] acpiphp: Slot [21] registered
[    1.039750] acpiphp: Slot [22] registered
[    1.040349] acpiphp: Slot [23] registered
[    1.040960] acpiphp: Slot [24] registered
[    1.041599] acpiphp: Slot [25] registered
[    1.042200] acpiphp: Slot [26] registered
[    1.042802] acpiphp: Slot [27] registered
[    1.043099] acpiphp: Slot [28] registered
[    1.043737] acpiphp: Slot [29] registered
[    1.044338] acpiphp: Slot [30] registered
[    1.044936] acpiphp: Slot [31] registered
[    1.045437] PCI host bridge to bus 0000:00
[    1.045811] pci_bus 0000:00: root bus resource [io  0x0000-0x0cf7 window]
[    1.046412] pci_bus 0000:00: root bus resource [io  0x0d00-0xffff window]
[    1.046863] pci_bus 0000:00: root bus resource [mem 0x000a0000-0x000bffff window]
[    1.047526] pci_bus 0000:00: root bus resource [mem 0x80000000-0xfebfffff window]
[    1.048184] pci_bus 0000:00: root bus resource [mem 0x100000000-0x17fffffff window]
[    1.048857] pci_bus 0000:00: root bus resource [bus 00-ff]
[    1.049644] pci 0000:00:00.0: [8086:1237] type 00 class 0x060000 conventional PCI endpoint
[    1.071189] pci 0000:00:01.0: [8086:7000] type 00 class 0x060100 conventional PCI endpoint
[    1.074096] pci 0000:00:01.1: [8086:7010] type 00 class 0x010180 conventional PCI endpoint
[    1.076313] pci 0000:00:01.1: BAR 4 [io  0xc040-0xc04f]
[    1.077374] pci 0000:00:01.1: BAR 0 [io  0x01f0-0x01f7]: legacy IDE quirk
[    1.077963] pci 0000:00:01.1: BAR 1 [io  0x03f6]: legacy IDE quirk
[    1.078496] pci 0000:00:01.1: BAR 2 [io  0x0170-0x0177]: legacy IDE quirk
[    1.078859] pci 0000:00:01.1: BAR 3 [io  0x0376]: legacy IDE quirk
[    1.080114] pci 0000:00:01.3: [8086:7113] type 00 class 0x068000 conventional PCI endpoint
[    1.081216] pci 0000:00:01.3: quirk: [io  0x0600-0x063f] claimed by PIIX4 ACPI
[    1.081865] pci 0000:00:01.3: quirk: [io  0x0700-0x070f] claimed by PIIX4 SMB
[    1.083162] pci 0000:00:02.0: [1234:1111] type 00 class 0x030000 conventional PCI endpoint
[    1.088783] pci 0000:00:02.0: BAR 0 [mem 0xfd000000-0xfdffffff pref]
[    1.096181] pci 0000:00:02.0: BAR 2 [mem 0xfebf0000-0xfebf0fff]
[    1.102995] pci 0000:00:02.0: ROM [mem 0xfebe0000-0xfebeffff pref]
[    1.104027] pci 0000:00:02.0: Video device with shadowed ROM at [mem 0x000c0000-0x000dffff]
[    1.128196] pci 0000:00:03.0: [8086:100e] type 00 class 0x020000 conventional PCI endpoint
[    1.129604] pci 0000:00:03.0: BAR 0 [mem 0xfebc0000-0xfebdffff]
[    1.130655] pci 0000:00:03.0: BAR 1 [io  0xc000-0xc03f]
[    1.133758] pci 0000:00:03.0: ROM [mem 0xfeb80000-0xfebbffff pref]
[    1.173889] ACPI: PCI: Interrupt link LNKA configured for IRQ 10
[    1.176682] ACPI: PCI: Interrupt link LNKB configured for IRQ 10
[    1.179389] ACPI: PCI: Interrupt link LNKC configured for IRQ 11
[    1.182773] ACPI: PCI: Interrupt link LNKD configured for IRQ 11
[    1.183716] ACPI: PCI: Interrupt link LNKS configured for IRQ 9
[    1.190019] iommu: Default domain type: Translated
[    1.190487] iommu: DMA domain TLB invalidation policy: lazy mode
[    1.194969] SCSI subsystem initialized
[    1.196350] ACPI: bus type USB registered
[    1.197033] usbcore: registered new interface driver usbfs
[    1.197691] usbcore: registered new interface driver hub
[    1.198312] usbcore: registered new device driver usb
[    1.199252] pps_core: LinuxPPS API ver. 1 registered
[    1.199721] pps_core: Software ver. 5.3.6 - Copyright 2005-2007 Rodolfo Giometti <giometti@linux.it>
[    1.200597] PTP clock support registered
[    1.201607] EDAC MC: Ver: 3.0.0
[    1.207121] NetLabel: Initializing
[    1.207464] NetLabel:  domain hash size = 128
[    1.207892] NetLabel:  protocols = UNLABELED CIPSOv4 CALIPSO
[    1.209456] NetLabel:  unlabeled traffic allowed by default
[    1.211079] PCI: Using ACPI for IRQ routing
[    1.212046] pci 0000:00:02.0: vgaarb: setting as boot VGA device
[    1.212645] pci 0000:00:02.0: vgaarb: bridge control possible
[    1.213213] pci 0000:00:02.0: vgaarb: VGA device added: decodes=io+mem,owns=io+mem,locks=none
[    1.214052] vgaarb: loaded
[    1.215584] hpet0: at MMIO 0xfed00000, IRQs 2, 8, 0
[    1.216088] hpet0: 3 comparators, 64-bit 100.000000 MHz counter
[    1.230216] clocksource: Switched to clocksource kvm-clock
[    1.230850] VFS: Disk quotas dquot_6.6.0
[    1.230893] VFS: Dquot-cache hash table entries: 512 (order 0, 4096 bytes)
[    1.234840] pnp: PnP ACPI init
[    1.242532] pnp: PnP ACPI: found 6 devices
[    1.269163] clocksource: acpi_pm: mask: 0xffffff max_cycles: 0xffffff, max_idle_ns: 2085701024 ns
[    1.270819] NET: Registered PF_INET protocol family
[    1.271803] IP idents hash table entries: 32768 (order: 6, 262144 bytes, linear)
[    1.274612] tcp_listen_portaddr_hash hash table entries: 1024 (order: 4, 73728 bytes, linear)
[    1.275887] Table-perturb hash table entries: 65536 (order: 6, 262144 bytes, linear)
[    1.276708] TCP established hash table entries: 16384 (order: 5, 131072 bytes, linear)
[    1.278160] TCP bind hash table entries: 16384 (order: 9, 2359296 bytes, linear)
[    1.282863] TCP: Hash tables configured (established 16384 bind 16384)
[    1.283798] UDP hash table entries: 1024 (order: 5, 163840 bytes, linear)
[    1.284622] UDP-Lite hash table entries: 1024 (order: 5, 163840 bytes, linear)
[    1.285998] NET: Registered PF_UNIX/PF_LOCAL protocol family
[    1.288057] RPC: Registered named UNIX socket transport module.
[    1.288659] RPC: Registered udp transport module.
[    1.289107] RPC: Registered tcp transport module.
[    1.289560] RPC: Registered tcp-with-tls transport module.
[    1.290112] RPC: Registered tcp NFSv4.1 backchannel transport module.
[    1.290768] pci_bus 0000:00: resource 4 [io  0x0000-0x0cf7 window]
[    1.291375] pci_bus 0000:00: resource 5 [io  0x0d00-0xffff window]
[    1.291959] pci_bus 0000:00: resource 6 [mem 0x000a0000-0x000bffff window]
[    1.292618] pci_bus 0000:00: resource 7 [mem 0x80000000-0xfebfffff window]
[    1.293269] pci_bus 0000:00: resource 8 [mem 0x100000000-0x17fffffff window]
[    1.294544] pci 0000:00:01.0: PIIX3: Enabling Passive Release
[    1.295108] pci 0000:00:00.0: Limiting direct PCI/PCI transfers
[    1.295793] PCI: CLS 0 bytes, default 64
[    1.296324] ACPI: bus type thunderbolt registered
[    1.297355] clocksource: tsc: mask: 0xffffffffffffffff max_cycles: 0x2b2c8ec87c7, max_idle_ns: 440795278598 ns
[    2.793006] Initialise system trusted keyrings
[    2.793577] Key type blacklist registered
[    2.794373] workingset: timestamp_bits=36 max_order=19 bucket_order=0
[    2.794959] zbud: loaded
[    2.797876] squashfs: version 4.0 (2009/01/31) Phillip Lougher
[    2.800749] NFS: Registering the id_resolver key type
[    2.801179] Key type id_resolver registered
[    2.801501] Key type id_legacy registered
[    2.801945] nfs4filelayout_init: NFSv4 File Layout Driver Registering...
[    2.802515] nfs4flexfilelayout_init: NFSv4 Flexfile Layout Driver Registering...
[    2.803465] fuse: init (API version 7.39)
[    2.804434] SGI XFS with ACLs, security attributes, realtime, quota, no debug enabled
[    2.806615] 9p: Installing v9fs 9p2000 file system support
[    2.818862] Key type asymmetric registered
[    2.819222] Asymmetric key parser 'x509' registered
[    2.819787] Block layer SCSI generic (bsg) driver version 0.4 loaded (major 243)
[    2.820628] io scheduler mq-deadline registered
[    2.821088] io scheduler bfq registered
[    2.822520] shpchp: Standard Hot Plug PCI Controller Driver version: 0.4
[    2.824152] IPMI message handler: version 39.2
[    2.824622] ipmi device interface
[    2.827612] input: Power Button as /devices/LNXSYSTM:00/LNXPWRBN:00/input/input0
[    2.828675] Callback from call_rcu_tasks() invoked.
[    2.829345] ACPI: button: Power Button [PWRF]
[    2.831772] ERST DBG: ERST support is disabled.
[    2.833733] Serial: 8250/16550 driver, 32 ports, IRQ sharing enabled
[    2.835952] 00:04: ttyS0 at I/O 0x3f8 (irq = 4, base_baud = 115200) is a 16550A
[    2.871331] Linux agpgart interface v0.103
[    2.874325] ACPI: bus type drm_connector registered
[    2.910037] brd: module loaded
[    2.927494] loop: module loaded
[    2.940540] scsi host0: ata_piix
[    2.942599] scsi host1: ata_piix
[    2.943519] ata1: PATA max MWDMA2 cmd 0x1f0 ctl 0x3f6 bmdma 0xc040 irq 14 lpm-pol 0
[    2.944162] ata2: PATA max MWDMA2 cmd 0x170 ctl 0x376 bmdma 0xc048 irq 15 lpm-pol 0
[    2.947785] tun: Universal TUN/TAP device driver, 1.6
[    2.948741] e100: Intel(R) PRO/100 Network Driver
[    2.949143] e100: Copyright(c) 1999-2006 Intel Corporation
[    2.949675] e1000: Intel(R) PRO/1000 Network Driver
[    2.950113] e1000: Copyright (c) 1999-2006 Intel Corporation.
[    3.106097] ata1: found unknown device (class 0)
[    3.107337] ata2: found unknown device (class 0)
[    3.109174] ata1.00: ATA-7: QEMU HARDDISK, 2.5+, max UDMA/100
[    3.110064] ata1.00: 17196647 sectors, multi 16: LBA48 
[    3.111057] ata2.00: ATAPI: QEMU DVD-ROM, 2.5+, max UDMA/100
[    3.114987] scsi 0:0:0:0: Direct-Access     ATA      QEMU HARDDISK    2.5+ PQ: 0 ANSI: 5
[    3.119791] scsi 0:0:0:0: Attached scsi generic sg0 type 0
[    3.122603] scsi 1:0:0:0: CD-ROM            QEMU     QEMU DVD-ROM     2.5+ PQ: 0 ANSI: 5
[    3.123653] sd 0:0:0:0: [sda] 17196647 512-byte logical blocks: (8.80 GB/8.20 GiB)
[    3.124586] sd 0:0:0:0: [sda] Write Protect is off
[    3.125340] sd 0:0:0:0: [sda] Write cache: enabled, read cache: enabled, doesn't support DPO or FUA
[    3.126660] sd 0:0:0:0: [sda] Preferred minimum I/O size 512 bytes
[    3.134580] sd 0:0:0:0: [sda] Attached SCSI disk
[    3.152145] scsi 1:0:0:0: Attached scsi generic sg1 type 5
[    4.943296] ACPI: \_SB_.LNKC: Enabled at IRQ 11
[    5.270699] e1000 0000:00:03.0 eth0: (PCI:33MHz:32-bit) 52:54:00:12:34:56
[    5.271289] e1000 0000:00:03.0 eth0: Intel(R) PRO/1000 Network Connection
[    5.271955] e1000e: Intel(R) PRO/1000 Network Driver
[    5.272351] e1000e: Copyright(c) 1999 - 2015 Intel Corporation.
[    5.272946] igb: Intel(R) Gigabit Ethernet Network Driver
[    5.273370] igb: Copyright (c) 2007-2014 Intel Corporation.
[    5.274146] PPP generic driver version 2.4.2
[    5.275880] VFIO - User Level meta-driver version: 0.3
[    5.278513] usbcore: registered new interface driver uas
[    5.279019] usbcore: registered new interface driver usb-storage
[    5.279869] i8042: PNP: PS/2 Controller [PNP0303:KBD,PNP0f13:MOU] at 0x60,0x64 irq 1,12
[    5.281759] serio: i8042 KBD port at 0x60,0x64 irq 1
[    5.282254] serio: i8042 AUX port at 0x60,0x64 irq 12
[    5.285189] mousedev: PS/2 mouse device common for all mice
[    5.287161] input: AT Translated Set 2 keyboard as /devices/platform/i8042/serio0/input/input1
[    5.289514] rtc_cmos 00:05: RTC can wake from S4
[    5.290564] input: VirtualPS/2 VMware VMMouse as /devices/platform/i8042/serio1/input/input4
[    5.292729] input: VirtualPS/2 VMware VMMouse as /devices/platform/i8042/serio1/input/input3
[    5.295835] rtc_cmos 00:05: registered as rtc0
[    5.296280] rtc_cmos 00:05: setting system clock to 2024-06-12T17:32:46 UTC (1718213566)
[    5.297328] rtc_cmos 00:05: alarms up to one day, y3k, 242 bytes nvram, hpet irqs
[    5.298022] i2c_dev: i2c /dev entries driver
[    5.298510] device-mapper: core: CONFIG_IMA_DISABLE_HTABLE is disabled. Duplicate IMA measurements will not be recorded in the IMA log.
[    5.299486] device-mapper: uevent: version 1.0.3
[    5.300488] device-mapper: ioctl: 4.48.0-ioctl (2023-03-01) initialised: dm-devel@redhat.com
[    5.301167] intel_pstate: CPU model not supported
[    5.301875] sdhci: Secure Digital Host Controller Interface driver
[    5.302359] sdhci: Copyright(c) Pierre Ossman
[    5.302865] sdhci-pltfm: SDHCI platform and OF driver helper
[    5.303428] ledtrig-cpu: registered to indicate activity on CPUs
[    5.304603] drop_monitor: Initializing network drop monitor service
[    5.305556] NET: Registered PF_INET6 protocol family
[    5.312545] Segment Routing with IPv6
[    5.313268] In-situ OAM (IOAM) with IPv6
[    5.314091] NET: Registered PF_PACKET protocol family
[    5.315230] 9pnet: Installing 9P2000 support
[    5.315946] Key type dns_resolver registered
[    5.319117] IPI shorthand broadcast: enabled
[    5.376434] sched_clock: Marking stable (5356007149, 17762377)->(5398275550, -24506024)
[    5.378633] registered taskstats version 1
[    5.379836] Loading compiled-in X.509 certificates
[    5.439828] Key type .fscrypt registered
[    5.440470] Key type fscrypt-provisioning registered
[    5.445617] Key type encrypted registered
[    5.446181] ima: No TPM chip found, activating TPM-bypass!
[    5.446820] ima: Allocated hash algorithm: sha1
[    5.447435] ima: No architecture policies found
[    5.448091] evm: Initialising EVM extended attributes:
[    5.448655] evm: security.selinux
[    5.449024] evm: security.SMACK64
[    5.449393] evm: security.SMACK64EXEC
[    5.449807] evm: security.SMACK64TRANSMUTE
[    5.450268] evm: security.SMACK64MMAP
[    5.450681] evm: security.apparmor
[    5.451062] evm: security.ima
[    5.451397] evm: security.capability
[    5.451795] evm: HMAC attrs: 0x1
[    5.456388] PM:   Magic number: 12:183:542
[    5.458673] RAS: Correctable Errors collector initialized.
[    5.460145] clk: Disabling unused clocks
[    5.462271] md: Waiting for all devices to be available before autodetect
[    5.462879] md: If you don't use raid, use raid=noautodetect
[    5.463388] md: Autodetecting RAID arrays.
[    5.463743] md: autorun ...
[    5.463969] md: ... autorun DONE.
[    5.493928] EXT4-fs (sda): mounted filesystem 088740a9-c8b4-422c-999d-a804eb68a4da ro with ordered data mode. Quota mode: none.
[    5.494798] VFS: Mounted root (ext4 filesystem) readonly on device 8:0.
[    5.497698] devtmpfs: mounted
[    5.522662] Freeing unused decrypted memory: 2028K
[    5.530908] Freeing unused kernel image (initmem) memory: 14936K
[    5.531320] Write protecting the kernel read-only data: 92160k
[    5.534199] Freeing unused kernel image (rodata/data gap) memory: 1792K
[    5.597264] x86/mm: Checked W+X mappings: passed, no W+X pages found.
[    5.597658] Run /sbin/init as init process
[    5.732794] systemd[1]: systemd 252-15.el9 running in system mode (+PAM +AUDIT +SELINUX -APPARMOR +IMA +SMACK +SECCOMP +GCRYPT +GNUTLS +OPENSSL +ACL +BLKID +CURL +ELFUTILS -FIDO2 +IDN2 -IDN -IPTC +KMOD +LIBCRYPTSETUP +LIBFDISK +PCRE2 -PWQUALITY +P11KIT -QRENCODE +TPM2 +BZIP2 +LZ4 +XZ +ZLIB +ZSTD -BPF_FRAMEWORK +XKBCOMMON +UTMP +SYSVINIT default-hierarchy=unified)
[    5.734371] systemd[1]: Detected virtualization kvm.
[    5.734633] systemd[1]: Detected architecture x86-64.

Welcome to [0;31mCentOS Stream 9[0m!

[    5.739445] systemd[1]: Hostname set to <test>.
[    6.020436] systemd-rc-local-generator[123]: /etc/rc.d/rc.local is not marked executable, skipping.
[    6.384407] systemd[1]: Queued start job for default target Multi-User System.
[    6.412624] systemd[1]: Created slice Virtual Machine and Container Slice.
[[0;32m  OK  [0m] Created slice [0;1;39mVirtual Machine and Container Slice[0m.
[    6.421094] systemd[1]: Created slice Slice /system/getty.
[[0;32m  OK  [0m] Created slice [0;1;39mSlice /system/getty[0m.
[    6.424534] systemd[1]: Created slice Slice /system/modprobe.
[[0;32m  OK  [0m] Created slice [0;1;39mSlice /system/modprobe[0m.
[    6.427853] systemd[1]: Created slice Slice /system/serial-getty.
[[0;32m  OK  [0m] Created slice [0;1;39mSlice /system/serial-getty[0m.
[    6.431289] systemd[1]: Created slice Slice /system/sshd-keygen.
[[0;32m  OK  [0m] Created slice [0;1;39mSlice /system/sshd-keygen[0m.
[    6.434583] systemd[1]: Created slice User and Session Slice.
[[0;32m  OK  [0m] Created slice [0;1;39mUser and Session Slice[0m.
[    6.436127] systemd[1]: Started Forward Password Requests to Wall Directory Watch.
[[0;32m  OK  [0m] Started [0;1;39mForward Password R…uests to Wall Directory Watch[0m.
[    6.439311] systemd[1]: Set up automount Arbitrary Executable File Formats File System Automount Point.
[[0;32m  OK  [0m] Set up automount [0;1;39mArbitrary…s File System Automount Point[0m.
[    6.441541] systemd[1]: Reached target Local Integrity Protected Volumes.
[[0;32m  OK  [0m] Reached target [0;1;39mLocal Integrity Protected Volumes[0m.
[    6.442897] systemd[1]: Reached target Slice Units.
[[0;32m  OK  [0m] Reached target [0;1;39mSlice Units[0m.
[    6.443796] systemd[1]: Reached target Swaps.
[[0;32m  OK  [0m] Reached target [0;1;39mSwaps[0m.
[    6.444631] systemd[1]: Reached target Local Verity Protected Volumes.
[[0;32m  OK  [0m] Reached target [0;1;39mLocal Verity Protected Volumes[0m.
[    6.446173] systemd[1]: Listening on Device-mapper event daemon FIFOs.
[[0;32m  OK  [0m] Listening on [0;1;39mDevice-mapper event daemon FIFOs[0m.
[    6.448088] systemd[1]: Listening on LVM2 poll daemon socket.
[[0;32m  OK  [0m] Listening on [0;1;39mLVM2 poll daemon socket[0m.
[    6.449312] systemd[1]: multipathd control socket was skipped because of an unmet condition check (ConditionPathExists=/etc/multipath.conf).
[    6.522362] systemd[1]: Listening on RPCbind Server Activation Socket.
[[0;32m  OK  [0m] Listening on [0;1;39mRPCbind Server Activation Socket[0m.
[    6.523841] systemd[1]: Reached target RPC Port Mapper.
[[0;32m  OK  [0m] Reached target [0;1;39mRPC Port Mapper[0m.
[    6.527505] systemd[1]: Listening on Process Core Dump Socket.
[[0;32m  OK  [0m] Listening on [0;1;39mProcess Core Dump Socket[0m.
[    6.528951] systemd[1]: Listening on initctl Compatibility Named Pipe.
[[0;32m  OK  [0m] Listening on [0;1;39minitctl Compatibility Named Pipe[0m.
[    6.530793] systemd[1]: Listening on Journal Socket (/dev/log).
[[0;32m  OK  [0m] Listening on [0;1;39mJournal Socket (/dev/log)[0m.
[    6.532458] systemd[1]: Listening on Journal Socket.
[[0;32m  OK  [0m] Listening on [0;1;39mJournal Socket[0m.
[    6.534184] systemd[1]: Listening on udev Control Socket.
[[0;32m  OK  [0m] Listening on [0;1;39mudev Control Socket[0m.
[    6.535611] systemd[1]: Listening on udev Kernel Socket.
[[0;32m  OK  [0m] Listening on [0;1;39mudev Kernel Socket[0m.
[    6.562312] systemd[1]: Mounting Huge Pages File System...
         Mounting [0;1;39mHuge Pages File System[0m...
[    6.571178] systemd[1]: Mounting POSIX Message Queue File System...
         Mounting [0;1;39mPOSIX Message Queue File System[0m...
[    6.581366] systemd[1]: Mounting Kernel Debug File System...
         Mounting [0;1;39mKernel Debug File System[0m...
[    6.598580] systemd[1]: Mounting Kernel Trace File System...
         Mounting [0;1;39mKernel Trace File System[0m...
[    6.602091] systemd[1]: Kernel Module supporting RPCSEC_GSS was skipped because of an unmet condition check (ConditionPathExists=/etc/krb5.keytab).
[    6.603062] systemd[1]: Create List of Static Device Nodes was skipped because of an unmet condition check (ConditionFileNotEmpty=/lib/modules/6.8.0-rc6-1576b0796197+/modules.devname).
[    6.612276] systemd[1]: Starting Monitoring of LVM2 mirrors, snapshots etc. using dmeventd or progress polling...
         Starting [0;1;39mMonitoring of LVM…meventd or progress polling[0m...
[    6.626733] systemd[1]: Starting Load Kernel Module configfs...
         Starting [0;1;39mLoad Kernel Module configfs[0m...
[    6.666554] systemd[1]: Starting Load Kernel Module drm...
         Starting [0;1;39mLoad Kernel Module drm[0m...
[    6.683954] systemd[1]: Starting Load Kernel Module fuse...
         Starting [0;1;39mLoad Kernel Module fuse[0m...
[    6.706358] systemd[1]: Starting Read and set NIS domainname from /etc/sysconfig/network...
         Starting [0;1;39mRead and set NIS …from /etc/sysconfig/network[0m...
[    6.724235] systemd[1]: Starting Journal Service...
         Starting [0;1;39mJournal Service[0m...
[    6.737475] systemd[1]: Starting Load Kernel Modules...
         Starting [0;1;39mLoad Kernel Modules[0m...
[    6.758054] systemd[1]: Starting Generate network units from Kernel command line...
         Starting [0;1;39mGenerate network …ts from Kernel command line[0m...
[    6.783055] systemd[1]: Starting Remount Root and Kernel File Systems...
         Starting [0;1;39mRemount Root and Kernel File Systems[0m...
[    6.790634] systemd[1]: Repartition Root Disk was skipped because no trigger condition checks were met.
[    6.838255] systemd[1]: Starting Coldplug All udev Devices...
         Starting [0;1;39mColdplug All udev Devices[0m...
[    6.863843] systemd[1]: Mounted Huge Pages File System.
[[0;32m  OK  [0m] Mounted [0;1;39mHuge Pages File System[0m.
[    6.870622] systemd[1]: Mounted POSIX Message Queue File System.
[[0;32m  OK  [0m] Mounted [0;1;39mPOSIX Message Queue File System[0m.
[    6.872577] systemd[1]: Mounted Kernel Debug File System.
[[0;32m  OK  [0m] Mounted [0;1;39mKernel Debug File System[0m.
[    6.878747] systemd[1]: Mounted Kernel Trace File System.
[[0;32m  OK  [0m] Mounted [0;1;39mKernel Trace File System[0m.
[    6.889927] systemd[1]: Finished Monitoring of LVM2 mirrors, snapshots etc. using dmeventd or progress polling.
[[0;32m  OK  [0m] Finished [0;1;39mMonitoring of LVM… dmeventd or progress polling[0m.
[    6.894756] EXT4-fs (sda): re-mounted 088740a9-c8b4-422c-999d-a804eb68a4da r/w. Quota mode: none.
[    6.910343] systemd[1]: modprobe@configfs.service: Deactivated successfully.
[    6.912270] systemd[1]: Finished Load Kernel Module configfs.
[[0;32m  OK  [0m] Finished [0;1;39mLoad Kernel Module configfs[0m.
[    6.921142] systemd[1]: modprobe@drm.service: Deactivated successfully.
[    6.928067] systemd[1]: Finished Load Kernel Module drm.
[[0;32m  OK  [0m] Finished [0;1;39mLoad Kernel Module drm[0m.
[    6.935078] systemd[1]: modprobe@fuse.service: Deactivated successfully.
[    6.936899] systemd[1]: Finished Load Kernel Module fuse.
[[0;32m  OK  [0m] Finished [0;1;39mLoad Kernel Module fuse[0m.
[    6.942617] systemd[1]: Started Journal Service.
[[0;32m  OK  [0m] Started [0;1;39mJournal Service[0m.
[[0;32m  OK  [0m] Finished [0;1;39mRead and set NIS …e from /etc/sysconfig/network[0m.
[[0;1;31mFAILED[0m] Failed to start [0;1;39mLoad Kernel Modules[0m.
See 'systemctl status systemd-modules-load.service' for details.
[[0;32m  OK  [0m] Finished [0;1;39mGenerate network units from Kernel command line[0m.
[[0;32m  OK  [0m] Finished [0;1;39mRemount Root and Kernel File Systems[0m.
[[0;32m  OK  [0m] Reached target [0;1;39mPreparation for Network[0m.
         Mounting [0;1;39mFUSE Control File System[0m...
         Mounting [0;1;39mKernel Configuration File System[0m...
         Starting [0;1;39mFlush Journal to Persistent Storage[0m...
         Starting [0;1;39mLoad/Save Random Seed[0m...
         Starting [0;1;39mApply Kernel Variables[0m...
         Starting [0;1;39mCreate Static Device Nodes in /dev[0m...
[    7.146264] systemd-journald[145]: Received client request to flush runtime journal.
         Starting [0;1;39mSetup Virtual Console[0m...
[[0;32m  OK  [0m] Mounted [0;1;39mFUSE Control File System[0m.
[[0;32m  OK  [0m] Mounted [0;1;39mKernel Configuration File System[0m.
[[0;32m  OK  [0m] Finished [0;1;39mFlush Journal to Persistent Storage[0m.
[[0;32m  OK  [0m] Finished [0;1;39mLoad/Save Random Seed[0m.
[[0;32m  OK  [0m] Finished [0;1;39mApply Kernel Variables[0m.
[[0;32m  OK  [0m] Finished [0;1;39mCreate Static Device Nodes in /dev[0m.
         Starting [0;1;39mRule-based Manage…for Device Events and Files[0m...
[[0;32m  OK  [0m] Started [0;1;39mRule-based Manager for Device Events and Files[0m.
         Starting [0;1;39mAuto-connect to s…E devices found during boot[0m...
[[0;32m  OK  [0m] Finished [0;1;39mAuto-connect to s…VME devices found during boot[0m.
[[0;32m  OK  [0m] Finished [0;1;39mSetup Virtual Console[0m.
[[0;32m  OK  [0m] Finished [0;1;39mColdplug All udev Devices[0m.
[[0;32m  OK  [0m] Started [0;1;39mDispatch Password …ts to Console Directory Watch[0m.
[[0;32m  OK  [0m] Reached target [0;1;39mLocal Encrypted Volumes[0m.
[[0;32m  OK  [0m] Reached target [0;1;39mPath Units[0m.
         Starting [0;1;39mWait for udev To …plete Device Initialization[0m...
[[0;32m  OK  [0m] Found device [0;1;39m/dev/ttyS0[0m.
[[0;32m  OK  [0m] Listening on [0;1;39mLoad/Save RF …itch Status /dev/rfkill Watch[0m.
[[0;32m  OK  [0m] Finished [0;1;39mWait for udev To Complete Device Initialization[0m.
[[0;32m  OK  [0m] Reached target [0;1;39mPreparation for Local File Systems[0m.
[[0;32m  OK  [0m] Reached target [0;1;39mLocal File Systems[0m.
         Starting [0;1;39mTell Plymouth To Write Out Runtime Data[0m...
         Starting [0;1;39mAutomatic Boot Loader Update[0m...
         Starting [0;1;39mCreate Volatile Files and Directories[0m...
[[0;32m  OK  [0m] Finished [0;1;39mTell Plymouth To Write Out Runtime Data[0m.
[[0;32m  OK  [0m] Finished [0;1;39mAutomatic Boot Loader Update[0m.
[[0;32m  OK  [0m] Finished [0;1;39mCreate Volatile Files and Directories[0m.
         Mounting [0;1;39mRPC Pipe File System[0m...
         Starting [0;1;39mSecurity Auditing Service[0m...
         Starting [0;1;39mRPC Bind[0m...
[[0;32m  OK  [0m] Mounted [0;1;39mRPC Pipe File System[0m.
[[0;32m  OK  [0m] Reached target [0;1;39mrpc_pipefs.target[0m.
[[0;32m  OK  [0m] Started [0;1;39mRPC Bind[0m.
[[0;32m  OK  [0m] Started [0;1;39mSecurity Auditing Service[0m.
         Starting [0;1;39mRecord System Boot/Shutdown in UTMP[0m...
[[0;32m  OK  [0m] Finished [0;1;39mRecord System Boot/Shutdown in UTMP[0m.
[[0;32m  OK  [0m] Reached target [0;1;39mSystem Initialization[0m.
[[0;32m  OK  [0m] Started [0;1;39mDaily rotation of log files[0m.
[[0;32m  OK  [0m] Started [0;1;39mUpdates mlocate database every day[0m.
[[0;32m  OK  [0m] Started [0;1;39mDaily Cleanup of Temporary Directories[0m.
[[0;32m  OK  [0m] Started [0;1;39mdaily update of the root trust anchor for DNSSEC[0m.
[[0;32m  OK  [0m] Reached target [0;1;39mTimer Units[0m.
[[0;32m  OK  [0m] Listening on [0;1;39mD-Bus System Message Bus Socket[0m.
[[0;32m  OK  [0m] Listening on [0;1;39mOpen-iSCSI iscsid Socket[0m.
[[0;32m  OK  [0m] Listening on [0;1;39mOpen-iSCSI iscsiuio Socket[0m.
[[0;32m  OK  [0m] Listening on [0;1;39mSSSD Kerberos…ache Manager responder socket[0m.
[[0;32m  OK  [0m] Listening on [0;1;39mLibvirt interface local socket[0m.
[[0;32m  OK  [0m] Listening on [0;1;39mVirtual machine lock manager socket[0m.
[[0;32m  OK  [0m] Listening on [0;1;39mVirtual machine log manager socket[0m.
[[0;32m  OK  [0m] Listening on [0;1;39mLibvirt network local socket[0m.
[[0;32m  OK  [0m] Listening on [0;1;39mLibvirt nodedev local socket[0m.
[[0;32m  OK  [0m] Listening on [0;1;39mLibvirt nwfilter local socket[0m.
[[0;32m  OK  [0m] Listening on [0;1;39mLibvirt proxy local socket[0m.
[[0;32m  OK  [0m] Listening on [0;1;39mLibvirt qemu local socket[0m.
[[0;32m  OK  [0m] Listening on [0;1;39mLibvirt qemu admin socket[0m.
[[0;32m  OK  [0m] Listening on [0;1;39mLibvirt qemu local read-only socket[0m.
[[0;32m  OK  [0m] Listening on [0;1;39mLibvirt secret local socket[0m.
[[0;32m  OK  [0m] Listening on [0;1;39mLibvirt storage local socket[0m.
[[0;32m  OK  [0m] Reached target [0;1;39mSocket Units[0m.
         Starting [0;1;39mD-Bus System Message Bus[0m...
[[0;32m  OK  [0m] Started [0;1;39mD-Bus System Message Bus[0m.
[[0;32m  OK  [0m] Reached target [0;1;39mBasic System[0m.
         Starting [0;1;39mNetwork Manager[0m...
         Starting [0;1;39mNTP client/server[0m...
         Starting [0;1;39mRestore /run/initramfs on shutdown[0m...
[[0;32m  OK  [0m] Started [0;1;39mirqbalance daemon[0m.
[[0;32m  OK  [0m] Started [0;1;39mlibstoragemgmt plug-in server daemon[0m.
[[0;32m  OK  [0m] Started [0;1;39mMachine Check Exception Logging Daemon[0m.
[[0;32m  OK  [0m] Reached target [0;1;39msshd-keygen.target[0m.
[[0;32m  OK  [0m] Reached target [0;1;39mUser and Group Name Lookups[0m.
         Starting [0;1;39mUser Login Management[0m...
         Starting [0;1;39mVirtual Machine a…tainer Registration Service[0m...
         Starting [0;1;39mupdate of the roo…NSSEC validation in unbound[0m...
         Starting [0;1;39mRotate log files[0m...
[[0;32m  OK  [0m] Started [0;1;39mUpdate a database for mlocate[0m.
[[0;32m  OK  [0m] Started [0;1;39mNTP client/server[0m.
[[0;32m  OK  [0m] Finished [0;1;39mRestore /run/initramfs on shutdown[0m.
[[0;32m  OK  [0m] Started [0;1;39mVirtual Machine an…ontainer Registration Service[0m.
         Starting [0;1;39mHostname Service[0m...
[[0;32m  OK  [0m] Started [0;1;39mUser Login Management[0m.
[[0;32m  OK  [0m] Finished [0;1;39mupdate of the roo… DNSSEC validation in unbound[0m.
[[0;32m  OK  [0m] Started [0;1;39mHostname Service[0m.
[[0;32m  OK  [0m] Finished [0;1;39mRotate log files[0m.
         Starting [0;1;39mNetwork Manager Script Dispatcher Service[0m...
[[0;32m  OK  [0m] Started [0;1;39mNetwork Manager Script Dispatcher Service[0m.
[   11.782092] e1000: eth0 NIC Link is Up 1000 Mbps Full Duplex, Flow Control: RX
[[0;32m  OK  [0m] Started [0;1;39mNetwork Manager[0m.
[[0;32m  OK  [0m] Reached target [0;1;39mNetwork[0m.
[[0;32m  OK  [0m] Reached target [0;1;39mNetwork is Online[0m.
         Starting [0;1;39mGSSAPI Proxy Daemon[0m...
         Starting [0;1;39mNotify NFS peers of a restart[0m...
         Starting [0;1;39mSystem Logging Service[0m...
         Starting [0;1;39mOpenSSH server daemon[0m...
         Starting [0;1;39mDynamic System Tuning Daemon[0m...
[[0;32m  OK  [0m] Started [0;1;39mNotify NFS peers of a restart[0m.
[[0;32m  OK  [0m] Started [0;1;39mGSSAPI Proxy Daemon[0m.
[[0;32m  OK  [0m] Reached target [0;1;39mNFS client services[0m.
[[0;32m  OK  [0m] Reached target [0;1;39mPreparation for Remote File Systems[0m.
[[0;32m  OK  [0m] Reached target [0;1;39mRemote File Systems[0m.
         Starting [0;1;39mPermit User Sessions[0m...
         Starting [0;1;39mVirtualization qemu daemon[0m...
[[0;32m  OK  [0m] Started [0;1;39mOpenSSH server daemon[0m.
[[0;32m  OK  [0m] Finished [0;1;39mPermit User Sessions[0m.
[[0;32m  OK  [0m] Started [0;1;39mDeferred execution scheduler[0m.
[[0;32m  OK  [0m] Started [0;1;39mCommand Scheduler[0m.
         Starting [0;1;39mHold until boot process finishes up[0m...
         Starting [0;1;39mTerminate Plymouth Boot Screen[0m...
[[0;32m  OK  [0m] Started [0;1;39mSystem Logging Service[0m.
[[0;32m  OK  [0m] Finished [0;1;39mHold until boot process finishes up[0m.
[[0;32m  OK  [0m] Started [0;1;39mGetty on tty1[0m.
[[0;32m  OK  [0m] Started [0;1;39mSerial Getty on ttyS0[0m.
[[0;32m  OK  [0m] Reached target [0;1;39mLogin Prompts[0m.
[[0;32m  OK  [0m] Started [0;1;39mVirtualization qemu daemon[0m.
[[0;32m  OK  [0m] Finished [0;1;39mTerminate Plymouth Boot Screen[0m.
         Starting [0;1;39mAuthorization Manager[0m...
[[0;32m  OK  [0m] Started [0;1;39mAuthorization Manager[0m.
[[0;32m  OK  [0m] Started [0;1;39mDynamic System Tuning Daemon[0m.
[[0;32m  OK  [0m] Reached target [0;1;39mMulti-User System[0m.
         Starting [0;1;39mRecord Runlevel Change in UTMP[0m...
[[0;32m  OK  [0m] Finished [0;1;39mRecord Runlevel Change in UTMP[0m.

CentOS Stream 9
Kernel 6.8.0-rc6-1576b0796197+ on an x86_64

Activate the web console with: systemctl enable --now cockpit.socket

test login: 