c[?7l[2J[0mSeaBIOS (version rel-1.16.0-0-gd239552ce722-prebuilt.qemu.org)


iPXE (http://ipxe.org) 00:03.0 CA00 PCI2.10 PnP PMM+7FF91000+7FEF1000 CA00
Press Ctrl-B to configure iPXE (PCI 00:03.0)...                                                                               


Booting from ROM...
c[?7l[2J[    0.000000] Linux version 6.10.0-rc3-83a7eefedc9b (root@p-mtlp04) (gcc (GCC) 11.4.1 20231218 (Red Hat 11.4.1-3), GNU ld version 2.35.2-43.el9) #1 SMP PREEMPT_DYNAMIC Tue Jun 11 23:03:15 CST 2024
[    0.000000] Command line: console=ttyS0 root=/dev/sda earlyprintk=serial net.ifnames=0 plymouth.enable=0
[    0.000000] KERNEL supported cpus:
[    0.000000]   Intel GenuineIntel
[    0.000000]   AMD AuthenticAMD
[    0.000000]   Hygon HygonGenuine
[    0.000000]   Centaur CentaurHauls
[    0.000000]   zhaoxin   Shanghai  
[    0.000000] x86/split lock detection: #DB: warning on user-space bus_locks
[    0.000000] BIOS-provided physical RAM map:
[    0.000000] BIOS-e820: [mem 0x0000000000000000-0x000000000009fbff] usable
[    0.000000] BIOS-e820: [mem 0x000000000009fc00-0x000000000009ffff] reserved
[    0.000000] BIOS-e820: [mem 0x00000000000f0000-0x00000000000fffff] reserved
[    0.000000] BIOS-e820: [mem 0x0000000000100000-0x000000007ffdffff] usable
[    0.000000] BIOS-e820: [mem 0x000000007ffe0000-0x000000007fffffff] reserved
[    0.000000] BIOS-e820: [mem 0x00000000feffc000-0x00000000feffffff] reserved
[    0.000000] BIOS-e820: [mem 0x00000000fffc0000-0x00000000ffffffff] reserved
[    0.000000] printk: legacy bootconsole [earlyser0] enabled
[    0.000000] NX (Execute Disable) protection: active
[    0.000000] APIC: Static calls initialized
[    0.000000] SMBIOS 2.8 present.
[    0.000000] DMI: QEMU Standard PC (i440FX + PIIX, 1996), BIOS rel-1.16.0-0-gd239552ce722-prebuilt.qemu.org 04/01/2014
[    0.000000] DMI: Memory slots populated: 1/1
[    0.000000] Hypervisor detected: KVM
[    0.000000] kvm-clock: Using msrs 4b564d01 and 4b564d00
[    0.000003] kvm-clock: using sched offset of 919545304 cycles
[    0.000508] clocksource: kvm-clock: mask: 0xffffffffffffffff max_cycles: 0x1cd42e4dffb, max_idle_ns: 881590591483 ns
[    0.002083] tsc: Detected 2995.200 MHz processor
[    0.011609] last_pfn = 0x7ffe0 max_arch_pfn = 0x400000000
[    0.012178] MTRR map: 4 entries (3 fixed + 1 variable; max 19), built from 8 variable MTRRs
[    0.012986] x86/PAT: Configuration [0-7]: WB  WC  UC- UC  WB  WP  UC- WT  
[    0.025100] found SMP MP-table at [mem 0x000f5ba0-0x000f5baf]
[    0.025734] Using GB pages for direct mapping
[    0.028867] ACPI: Early table checksum verification disabled
[    0.029489] ACPI: RSDP 0x00000000000F59C0 000014 (v00 BOCHS )
[    0.030135] ACPI: RSDT 0x000000007FFE1951 000034 (v01 BOCHS  BXPC     00000001 BXPC 00000001)
[    0.031066] ACPI: FACP 0x000000007FFE17FD 000074 (v01 BOCHS  BXPC     00000001 BXPC 00000001)
[    0.031986] ACPI: DSDT 0x000000007FFE0040 0017BD (v01 BOCHS  BXPC     00000001 BXPC 00000001)
[    0.032905] ACPI: FACS 0x000000007FFE0000 000040
[    0.033411] ACPI: APIC 0x000000007FFE1871 000080 (v01 BOCHS  BXPC     00000001 BXPC 00000001)
[    0.034317] ACPI: HPET 0x000000007FFE18F1 000038 (v01 BOCHS  BXPC     00000001 BXPC 00000001)
[    0.035259] ACPI: WAET 0x000000007FFE1929 000028 (v01 BOCHS  BXPC     00000001 BXPC 00000001)
[    0.036185] ACPI: Reserving FACP table memory at [mem 0x7ffe17fd-0x7ffe1870]
[    0.036964] ACPI: Reserving DSDT table memory at [mem 0x7ffe0040-0x7ffe17fc]
[    0.037641] ACPI: Reserving FACS table memory at [mem 0x7ffe0000-0x7ffe003f]
[    0.038320] ACPI: Reserving APIC table memory at [mem 0x7ffe1871-0x7ffe18f0]
[    0.039005] ACPI: Reserving HPET table memory at [mem 0x7ffe18f1-0x7ffe1928]
[    0.039682] ACPI: Reserving WAET table memory at [mem 0x7ffe1929-0x7ffe1950]
[    0.040941] No NUMA configuration found
[    0.041318] Faking a node at [mem 0x0000000000000000-0x000000007ffdffff]
[    0.041993] NODE_DATA(0) allocated [mem 0x7ffb4e00-0x7ffdfdff]
[    0.044549] Zone ranges:
[    0.044804]   DMA      [mem 0x0000000000001000-0x0000000000ffffff]
[    0.045406]   DMA32    [mem 0x0000000001000000-0x000000007ffdffff]
[    0.046007]   Normal   empty
[    0.046292]   Device   empty
[    0.046577] Movable zone start for each node
[    0.046993] Early memory node ranges
[    0.047338]   node   0: [mem 0x0000000000001000-0x000000000009efff]
[    0.047957]   node   0: [mem 0x0000000000100000-0x000000007ffdffff]
[    0.048513] Initmem setup node 0 [mem 0x0000000000001000-0x000000007ffdffff]
[    0.050357] On node 0, zone DMA: 1 pages in unavailable ranges
[    0.051743] On node 0, zone DMA: 97 pages in unavailable ranges
[    0.121601] On node 0, zone DMA32: 32 pages in unavailable ranges
[    0.417498] kasan: KernelAddressSanitizer initialized
[    0.418363] ACPI: PM-Timer IO Port: 0x608
[    0.418785] ACPI: LAPIC_NMI (acpi_id[0xff] dfl dfl lint[0x1])
[    0.419435] IOAPIC[0]: apic_id 0, version 17, address 0xfec00000, GSI 0-23
[    0.420158] ACPI: INT_SRC_OVR (bus 0 bus_irq 0 global_irq 2 dfl dfl)
[    0.420794] ACPI: INT_SRC_OVR (bus 0 bus_irq 5 global_irq 5 high level)
[    0.421453] ACPI: INT_SRC_OVR (bus 0 bus_irq 9 global_irq 9 high level)
[    0.422109] ACPI: INT_SRC_OVR (bus 0 bus_irq 10 global_irq 10 high level)
[    0.422785] ACPI: INT_SRC_OVR (bus 0 bus_irq 11 global_irq 11 high level)
[    0.423474] ACPI: Using ACPI (MADT) for SMP configuration information
[    0.424124] ACPI: HPET id: 0x8086a201 base: 0xfed00000
[    0.424652] TSC deadline timer available
[    0.425047] CPU topo: Max. logical packages:   1
[    0.425504] CPU topo: Max. logical dies:       1
[    0.425959] CPU topo: Max. dies per package:   1
[    0.426418] CPU topo: Max. threads per core:   1
[    0.426874] CPU topo: Num. cores per package:     2
[    0.427362] CPU topo: Num. threads per package:   2
[    0.427848] CPU topo: Allowing 2 present CPUs plus 0 hotplug CPUs
[    0.428516] kvm-guest: APIC: eoi() replaced with kvm_guest_apic_eoi_write()
[    0.429245] kvm-guest: KVM setup pv remote TLB flush
[    0.429744] kvm-guest: setup PV sched yield
[    0.430230] PM: hibernation: Registered nosave memory: [mem 0x00000000-0x00000fff]
[    0.430992] PM: hibernation: Registered nosave memory: [mem 0x0009f000-0x0009ffff]
[    0.431747] PM: hibernation: Registered nosave memory: [mem 0x000a0000-0x000effff]
[    0.432506] PM: hibernation: Registered nosave memory: [mem 0x000f0000-0x000fffff]
[    0.433261] [mem 0x80000000-0xfeffbfff] available for PCI devices
[    0.433875] Booting paravirtualized kernel on KVM
[    0.434363] clocksource: refined-jiffies: mask: 0xffffffff max_cycles: 0xffffffff, max_idle_ns: 7645519600211568 ns
[    0.435419] setup_percpu: NR_CPUS:8192 nr_cpumask_bits:2 nr_cpu_ids:2 nr_node_ids:1
[    0.437987] percpu: Embedded 84 pages/cpu s307200 r8192 d28672 u1048576
[    0.438855] kvm-guest: PV spinlocks enabled
[    0.439293] PV qspinlock hash table entries: 256 (order: 0, 4096 bytes, linear)
[    0.440059] Kernel command line: net.ifnames=0 console=ttyS0 root=/dev/sda earlyprintk=serial net.ifnames=0 plymouth.enable=0
[    0.441587] random: crng init done
[    0.443170] Dentry cache hash table entries: 262144 (order: 9, 2097152 bytes, linear)
[    0.444950] Inode-cache hash table entries: 131072 (order: 8, 1048576 bytes, linear)
[    0.446026] Fallback order for Node 0: 0 
[    0.446040] Built 1 zonelists, mobility grouping on.  Total pages: 524158
[    0.447083] Policy zone: DMA32
[    0.447388] mem auto-init: stack:off, heap alloc:off, heap free:off, mlocked free:off
[    0.448150] stackdepot: allocating hash table via alloc_large_system_hash
[    0.448811] stackdepot hash table entries: 1048576 (order: 12, 16777216 bytes, linear)
[    0.531322] Memory: 1616716K/2096632K available (75776K kernel code, 14376K rwdata, 17064K rodata, 15256K init, 21276K bss, 479660K reserved, 0K cma-reserved)
[    0.534577] SLUB: HWalign=64, Order=0-3, MinObjects=0, CPUs=2, Nodes=1
[    0.535226] kmemleak: Kernel memory leak detector disabled
[    0.535996] ftrace: allocating 71616 entries in 280 pages
[    0.566804] ftrace: allocated 280 pages with 3 groups
[    0.571661] Dynamic Preempt: voluntary
[    0.572842] Running RCU self tests
[    0.573183] Running RCU synchronous self tests
[    0.573628] rcu: Preemptible hierarchical RCU implementation.
[    0.574181] rcu: 	RCU lockdep checking is enabled.
[    0.574640] rcu: 	RCU restricting CPUs from NR_CPUS=8192 to nr_cpu_ids=2.
[    0.575293] 	Trampoline variant of Tasks RCU enabled.
[    0.575775] 	Rude variant of Tasks RCU enabled.
[    0.576222] 	Tracing variant of Tasks RCU enabled.
[    0.576692] rcu: RCU calculated value of scheduler-enlistment delay is 25 jiffies.
[    0.577411] rcu: Adjusting geometry for rcu_fanout_leaf=16, nr_cpu_ids=2
[    0.578140] Running RCU synchronous self tests
[    0.578580] RCU Tasks: Setting shift to 1 and lim to 1 rcu_task_cb_adjust=1.
[    0.579262] RCU Tasks Rude: Setting shift to 1 and lim to 1 rcu_task_cb_adjust=1.
[    0.579982] RCU Tasks Trace: Setting shift to 1 and lim to 1 rcu_task_cb_adjust=1.
[    0.635731] NR_IRQS: 524544, nr_irqs: 440, preallocated irqs: 16
[    0.637141] rcu: srcu_init: Setting srcu_struct sizes based on contention.
[    0.646309] Console: colour VGA+ 80x25
[    0.646871] printk: legacy console [ttyS0] enabled
[    0.646871] printk: legacy console [ttyS0] enabled
[    0.647818] printk: legacy bootconsole [earlyser0] disabled
[    0.647818] printk: legacy bootconsole [earlyser0] disabled
[    0.648940] Lock dependency validator: Copyright (c) 2006 Red Hat, Inc., Ingo Molnar
[    0.649699] ... MAX_LOCKDEP_SUBCLASSES:  8
[    0.650109] ... MAX_LOCK_DEPTH:          48
[    0.650530] ... MAX_LOCKDEP_KEYS:        8192
[    0.650965] ... CLASSHASH_SIZE:          4096
[    0.651398] ... MAX_LOCKDEP_ENTRIES:     32768
[    0.651841] ... MAX_LOCKDEP_CHAINS:      65536
[    0.652286] ... CHAINHASH_SIZE:          32768
[    0.652730]  memory used by lock dependency info: 6429 kB
[    0.653263]  memory used for stack traces: 4224 kB
[    0.653739]  per task-struct memory footprint: 1920 bytes
[    0.654403] ACPI: Core revision 20240322
[    0.655503] clocksource: hpet: mask: 0xffffffff max_cycles: 0xffffffff, max_idle_ns: 19112604467 ns
[    0.656697] APIC: Switch to symmetric I/O mode setup
[    0.657391] x2apic enabled
[    0.658150] APIC: Switched APIC routing to: physical x2apic
[    0.658714] kvm-guest: APIC: send_IPI_mask() replaced with kvm_send_ipi_mask()
[    0.659450] kvm-guest: APIC: send_IPI_mask_allbutself() replaced with kvm_send_ipi_mask_allbutself()
[    0.660359] kvm-guest: setup PV IPIs
[    0.662325] ..TIMER: vector=0x30 apic1=0 pin1=2 apic2=-1 pin2=-1
[    0.662963] clocksource: tsc-early: mask: 0xffffffffffffffff max_cycles: 0x2b2c8ec87c7, max_idle_ns: 440795278598 ns
[    0.664037] Calibrating delay loop (skipped) preset value.. 5990.40 BogoMIPS (lpj=11980800)
[    0.668154] x86/cpu: User Mode Instruction Prevention (UMIP) activated
[    0.668886] Last level iTLB entries: 4KB 0, 2MB 0, 4MB 0
[    0.669386] Last level dTLB entries: 4KB 0, 2MB 0, 4MB 0, 1GB 0
[    0.669961] Spectre V1 : Mitigation: usercopy/swapgs barriers and __user pointer sanitization
[    0.670757] Spectre V2 : WARNING: Unprivileged eBPF is enabled with eIBRS on, data leaks possible via Spectre v2 BHB attacks!
[    0.672026] Spectre V2 : Spectre BHI mitigation: SW BHB clearing on vm exit
[    0.672678] Spectre V2 : Spectre BHI mitigation: SW BHB clearing on syscall
[    0.673323] Spectre V2 : Mitigation: Enhanced / Automatic IBRS
[    0.673870] Spectre V2 : Spectre v2 / SpectreRSB mitigation: Filling RSB on context switch
[    0.674632] Spectre V2 : Spectre v2 / PBRSB-eIBRS: Retire a single CALL on VMEXIT
[    0.675340] Spectre V2 : mitigation: Enabling conditional Indirect Branch Prediction Barrier
[    0.676036] Speculative Store Bypass: Mitigation: Speculative Store Bypass disabled via prctl
[    0.677254] MMIO Stale Data: Unknown: No mitigations
[    0.678037] x86/fpu: Supporting XSAVE feature 0x001: 'x87 floating point registers'
[    0.680026] x86/fpu: Supporting XSAVE feature 0x002: 'SSE registers'
[    0.680956] x86/fpu: Supporting XSAVE feature 0x004: 'AVX registers'
[    0.681884] x86/fpu: Supporting XSAVE feature 0x200: 'Protection Keys User registers'
[    0.683022] x86/fpu: xstate_offset[2]:  576, xstate_sizes[2]:  256
[    0.684025] x86/fpu: xstate_offset[9]:  832, xstate_sizes[9]:    8
[    0.684936] x86/fpu: Enabled xstate features 0x207, context size is 840 bytes, using 'compacted' format.
[    0.843104] Freeing SMP alternatives memory: 56K
[    0.843630] pid_max: default: 32768 minimum: 301
[    0.844369] LSM: initializing lsm=capability,yama,ima,evm
[    0.844968] Yama: becoming mindful.
[    0.845820] Mount-cache hash table entries: 4096 (order: 3, 32768 bytes, linear)
[    0.846570] Mountpoint-cache hash table entries: 4096 (order: 3, 32768 bytes, linear)
[    0.849882] Running RCU synchronous self tests
[    0.850343] Running RCU synchronous self tests
[    0.851256] smpboot: CPU0: Intel(R) Core(TM) Ultra 7 155H (family: 0x6, model: 0xaa, stepping: 0x4)
[    0.852015] Running RCU Tasks wait API self tests
[    0.852015] Running RCU Tasks Rude wait API self tests
[    0.852015] Running RCU Tasks Trace wait API self tests
[    0.852090] Performance Events: unsupported p6 CPU model 170 no PMU driver, software events only.
[    0.853098] signal: max sigframe size: 3632
[    0.853786] rcu: Hierarchical SRCU implementation.
[    0.854284] rcu: 	Max phase no-delay instances is 1000.
[    0.859886] NMI watchdog: Perf NMI watchdog permanently disabled
[    0.860080] Callback from call_rcu_tasks_trace() invoked.
[    0.860975] smp: Bringing up secondary CPUs ...
[    0.862589] smpboot: x86: Booting SMP configuration:
[    0.863123] .... node  #0, CPUs:      #1
[    0.864482] smp: Brought up 1 node, 2 CPUs
[    0.864922] smpboot: Total of 2 processors activated (11980.80 BogoMIPS)
[    0.869163] devtmpfs: initialized
[    0.874060] x86/mm: Memory block size: 128MB
[    0.893822] Running RCU synchronous self tests
[    0.893822] Running RCU synchronous self tests
[    0.896143] clocksource: jiffies: mask: 0xffffffff max_cycles: 0xffffffff, max_idle_ns: 7645041785100000 ns
[    0.896985] futex hash table entries: 512 (order: 4, 65536 bytes, linear)
[    0.898484] pinctrl core: initialized pinctrl subsystem
[    0.900558] 
[    0.900717] *************************************************************
[    0.901336] **     NOTICE NOTICE NOTICE NOTICE NOTICE NOTICE NOTICE    **
[    0.901963] **                                                         **
[    0.902581] **  IOMMU DebugFS SUPPORT HAS BEEN ENABLED IN THIS KERNEL  **
[    0.903205] **                                                         **
[    0.903822] ** This means that this kernel is built to expose internal **
[    0.904023] ** IOMMU data structures, which may compromise security on **
[    0.904643] ** your system.                                            **
[    0.905262] **                                                         **
[    0.905877] ** If you see this message and you are not debugging the   **
[    0.906492] ** kernel, report this immediately to your vendor!         **
[    0.907113] **                                                         **
[    0.907729] **     NOTICE NOTICE NOTICE NOTICE NOTICE NOTICE NOTICE    **
[    0.908021] *************************************************************
[    0.908716] PM: RTC time: 17:11:17, date: 2024-06-12
[    0.914171] NET: Registered PF_NETLINK/PF_ROUTE protocol family
[    0.916538] DMA: preallocated 256 KiB GFP_KERNEL pool for atomic allocations
[    0.917226] DMA: preallocated 256 KiB GFP_KERNEL|GFP_DMA pool for atomic allocations
[    0.917966] DMA: preallocated 256 KiB GFP_KERNEL|GFP_DMA32 pool for atomic allocations
[    0.918851] audit: initializing netlink subsys (disabled)
[    0.920451] audit: type=2000 audit(1718212278.092:1): state=initialized audit_enabled=0 res=1
[    0.924966] thermal_sys: Registered thermal governor 'fair_share'
[    0.924975] thermal_sys: Registered thermal governor 'bang_bang'
[    0.925578] thermal_sys: Registered thermal governor 'step_wise'
[    0.926155] thermal_sys: Registered thermal governor 'user_space'
[    0.926834] cpuidle: using governor ladder
[    0.926834] cpuidle: using governor menu
[    0.928392] acpiphp: ACPI Hot Plug PCI Controller Driver version: 0.5
[    0.930752] PCI: Using configuration type 1 for base access
[    0.931686] kprobes: kprobe jump-optimization is enabled. All kprobes are optimized if possible.
[    1.021203] HugeTLB: registered 1.00 GiB page size, pre-allocated 0 pages
[    1.021203] HugeTLB: 16380 KiB vmemmap can be freed for a 1.00 GiB page
[    1.021203] HugeTLB: registered 2.00 MiB page size, pre-allocated 0 pages
[    1.021203] HugeTLB: 28 KiB vmemmap can be freed for a 2.00 MiB page
[    1.074448] Callback from call_rcu_tasks_rude() invoked.
[    1.075967] Demotion targets for Node 0: null
[    1.080780] ACPI: Added _OSI(Module Device)
[    1.081275] ACPI: Added _OSI(Processor Device)
[    1.081762] ACPI: Added _OSI(3.0 _SCP Extensions)
[    1.082272] ACPI: Added _OSI(Processor Aggregator Device)
[    1.122202] ACPI: 1 ACPI AML tables successfully acquired and loaded
[    1.128849] ACPI: _OSC evaluation for CPUs failed, trying _PDC
[    1.136372] ACPI: Interpreter enabled
[    1.138841] ACPI: PM: (supports S0 S3 S4 S5)
[    1.140035] ACPI: Using IOAPIC for interrupt routing
[    1.140830] PCI: Using host bridge windows from ACPI; if necessary, use "pci=nocrs" and report a bug
[    1.141806] PCI: Using E820 reservations for host bridge windows
[    1.144937] ACPI: Enabled 2 GPEs in block 00 to 0F
[    1.228485] ACPI: PCI Root Bridge [PCI0] (domain 0000 [bus 00-ff])
[    1.229275] acpi PNP0A03:00: _OSC: OS supports [ASPM ClockPM Segments MSI EDR HPX-Type3]
[    1.230151] acpi PNP0A03:00: _OSC: not requesting OS control; OS requires [ExtendedConfig ASPM ClockPM MSI]
[    1.231564] acpi PNP0A03:00: fail to add MMCONFIG information, can't access extended configuration space under this bridge
[    1.242414] acpiphp: Slot [3] registered
[    1.243204] acpiphp: Slot [4] registered
[    1.243988] acpiphp: Slot [5] registered
[    1.244328] acpiphp: Slot [6] registered
[    1.245069] acpiphp: Slot [7] registered
[    1.245873] acpiphp: Slot [8] registered
[    1.246691] acpiphp: Slot [9] registered
[    1.247515] acpiphp: Slot [10] registered
[    1.248289] acpiphp: Slot [11] registered
[    1.249084] acpiphp: Slot [12] registered
[    1.249913] acpiphp: Slot [13] registered
[    1.250718] acpiphp: Slot [14] registered
[    1.251462] acpiphp: Slot [15] registered
[    1.252796] acpiphp: Slot [16] registered
[    1.253599] acpiphp: Slot [17] registered
[    1.254394] acpiphp: Slot [18] registered
[    1.255169] acpiphp: Slot [19] registered
[    1.255944] acpiphp: Slot [20] registered
[    1.256347] acpiphp: Slot [21] registered
[    1.257101] acpiphp: Slot [22] registered
[    1.257877] acpiphp: Slot [23] registered
[    1.258746] acpiphp: Slot [24] registered
[    1.259623] acpiphp: Slot [25] registered
[    1.260350] acpiphp: Slot [26] registered
[    1.261103] acpiphp: Slot [27] registered
[    1.261886] acpiphp: Slot [28] registered
[    1.262644] acpiphp: Slot [29] registered
[    1.263381] acpiphp: Slot [30] registered
[    1.264142] acpiphp: Slot [31] registered
[    1.264766] PCI host bridge to bus 0000:00
[    1.265238] pci_bus 0000:00: root bus resource [io  0x0000-0x0cf7 window]
[    1.266001] pci_bus 0000:00: root bus resource [io  0x0d00-0xffff window]
[    1.266749] pci_bus 0000:00: root bus resource [mem 0x000a0000-0x000bffff window]
[    1.267576] pci_bus 0000:00: root bus resource [mem 0x80000000-0xfebfffff window]
[    1.268037] pci_bus 0000:00: root bus resource [mem 0x100000000-0x17fffffff window]
[    1.268901] pci_bus 0000:00: root bus resource [bus 00-ff]
[    1.269891] pci 0000:00:00.0: [8086:1237] type 00 class 0x060000 conventional PCI endpoint
[    1.296795] pci 0000:00:01.0: [8086:7000] type 00 class 0x060100 conventional PCI endpoint
[    1.300473] pci 0000:00:01.1: [8086:7010] type 00 class 0x010180 conventional PCI endpoint
[    1.303049] pci 0000:00:01.1: BAR 4 [io  0xc040-0xc04f]
[    1.304232] pci 0000:00:01.1: BAR 0 [io  0x01f0-0x01f7]: legacy IDE quirk
[    1.304973] pci 0000:00:01.1: BAR 1 [io  0x03f6]: legacy IDE quirk
[    1.305651] pci 0000:00:01.1: BAR 2 [io  0x0170-0x0177]: legacy IDE quirk
[    1.306384] pci 0000:00:01.1: BAR 3 [io  0x0376]: legacy IDE quirk
[    1.307943] pci 0000:00:01.3: [8086:7113] type 00 class 0x068000 conventional PCI endpoint
[    1.308505] pci 0000:00:01.3: quirk: [io  0x0600-0x063f] claimed by PIIX4 ACPI
[    1.309297] pci 0000:00:01.3: quirk: [io  0x0700-0x070f] claimed by PIIX4 SMB
[    1.311448] pci 0000:00:02.0: [1234:1111] type 00 class 0x030000 conventional PCI endpoint
[    1.316552] pci 0000:00:02.0: BAR 0 [mem 0xfd000000-0xfdffffff pref]
[    1.320535] pci 0000:00:02.0: BAR 2 [mem 0xfebf0000-0xfebf0fff]
[    1.328015] pci 0000:00:02.0: ROM [mem 0xfebe0000-0xfebeffff pref]
[    1.329325] pci 0000:00:02.0: Video device with shadowed ROM at [mem 0x000c0000-0x000dffff]
[    1.358293] pci 0000:00:03.0: [8086:100e] type 00 class 0x020000 conventional PCI endpoint
[    1.359984] pci 0000:00:03.0: BAR 0 [mem 0xfebc0000-0xfebdffff]
[    1.360681] pci 0000:00:03.0: BAR 1 [io  0xc000-0xc03f]
[    1.364826] pci 0000:00:03.0: ROM [mem 0xfeb80000-0xfebbffff pref]
[    1.422246] ACPI: PCI: Interrupt link LNKA configured for IRQ 10
[    1.425582] ACPI: PCI: Interrupt link LNKB configured for IRQ 10
[    1.428736] ACPI: PCI: Interrupt link LNKC configured for IRQ 11
[    1.431802] ACPI: PCI: Interrupt link LNKD configured for IRQ 11
[    1.433087] ACPI: PCI: Interrupt link LNKS configured for IRQ 9
[    1.440416] iommu: Default domain type: Translated
[    1.441032] iommu: DMA domain TLB invalidation policy: lazy mode
[    1.446711] SCSI subsystem initialized
[    1.448206] ACPI: bus type USB registered
[    1.449024] usbcore: registered new interface driver usbfs
[    1.449780] usbcore: registered new interface driver hub
[    1.450519] usbcore: registered new device driver usb
[    1.451567] pps_core: LinuxPPS API ver. 1 registered
[    1.452027] pps_core: Software ver. 5.3.6 - Copyright 2005-2007 Rodolfo Giometti <giometti@linux.it>
[    1.453105] PTP clock support registered
[    1.455436] EDAC MC: Ver: 3.0.0
[    1.462108] NetLabel: Initializing
[    1.462523] NetLabel:  domain hash size = 128
[    1.463004] NetLabel:  protocols = UNLABELED CIPSOv4 CALIPSO
[    1.463933] NetLabel:  unlabeled traffic allowed by default
[    1.465204] PCI: Using ACPI for IRQ routing
[    1.466285] pci 0000:00:02.0: vgaarb: setting as boot VGA device
[    1.466970] pci 0000:00:02.0: vgaarb: bridge control possible
[    1.467599] pci 0000:00:02.0: vgaarb: VGA device added: decodes=io+mem,owns=io+mem,locks=none
[    1.468030] vgaarb: loaded
[    1.469545] hpet0: at MMIO 0xfed00000, IRQs 2, 8, 0
[    1.470133] hpet0: 3 comparators, 64-bit 100.000000 MHz counter
[    1.478964] clocksource: Switched to clocksource kvm-clock
[    1.479753] VFS: Disk quotas dquot_6.6.0
[    1.480265] VFS: Dquot-cache hash table entries: 512 (order 0, 4096 bytes)
[    1.487693] pnp: PnP ACPI init
[    1.496447] pnp: PnP ACPI: found 6 devices
[    1.528114] clocksource: acpi_pm: mask: 0xffffff max_cycles: 0xffffff, max_idle_ns: 2085701024 ns
[    1.532704] NET: Registered PF_INET protocol family
[    1.534140] IP idents hash table entries: 32768 (order: 6, 262144 bytes, linear)
[    1.537345] tcp_listen_portaddr_hash hash table entries: 1024 (order: 4, 73728 bytes, linear)
[    1.538378] Table-perturb hash table entries: 65536 (order: 6, 262144 bytes, linear)
[    1.539282] TCP established hash table entries: 16384 (order: 5, 131072 bytes, linear)
[    1.540766] TCP bind hash table entries: 16384 (order: 9, 2359296 bytes, linear)
[    1.544608] TCP: Hash tables configured (established 16384 bind 16384)
[    1.545801] UDP hash table entries: 1024 (order: 5, 163840 bytes, linear)
[    1.546786] UDP-Lite hash table entries: 1024 (order: 5, 163840 bytes, linear)
[    1.548248] NET: Registered PF_UNIX/PF_LOCAL protocol family
[    1.550540] RPC: Registered named UNIX socket transport module.
[    1.551226] RPC: Registered udp transport module.
[    1.551747] RPC: Registered tcp transport module.
[    1.552260] RPC: Registered tcp-with-tls transport module.
[    1.552843] RPC: Registered tcp NFSv4.1 backchannel transport module.
[    1.553564] pci_bus 0000:00: resource 4 [io  0x0000-0x0cf7 window]
[    1.554247] pci_bus 0000:00: resource 5 [io  0x0d00-0xffff window]
[    1.554911] pci_bus 0000:00: resource 6 [mem 0x000a0000-0x000bffff window]
[    1.555650] pci_bus 0000:00: resource 7 [mem 0x80000000-0xfebfffff window]
[    1.556390] pci_bus 0000:00: resource 8 [mem 0x100000000-0x17fffffff window]
[    1.557825] pci 0000:00:01.0: PIIX3: Enabling Passive Release
[    1.558479] pci 0000:00:00.0: Limiting direct PCI/PCI transfers
[    1.559229] PCI: CLS 0 bytes, default 64
[    1.559876] ACPI: bus type thunderbolt registered
[    1.560940] clocksource: tsc: mask: 0xffffffffffffffff max_cycles: 0x2b2c8ec87c7, max_idle_ns: 440795278598 ns
[    3.594934] Initialise system trusted keyrings
[    3.595601] Key type blacklist registered
[    3.596394] workingset: timestamp_bits=36 max_order=19 bucket_order=0
[    3.597079] zbud: loaded
[    3.600570] squashfs: version 4.0 (2009/01/31) Phillip Lougher
[    3.603708] NFS: Registering the id_resolver key type
[    3.604241] Key type id_resolver registered
[    3.604639] Key type id_legacy registered
[    3.605107] nfs4filelayout_init: NFSv4 File Layout Driver Registering...
[    3.605833] nfs4flexfilelayout_init: NFSv4 Flexfile Layout Driver Registering...
[    3.606941] fuse: init (API version 7.40)
[    3.608081] SGI XFS with ACLs, security attributes, realtime, quota, no debug enabled
[    3.610972] 9p: Installing v9fs 9p2000 file system support
[    3.625311] Key type asymmetric registered
[    3.625741] Asymmetric key parser 'x509' registered
[    3.626489] Block layer SCSI generic (bsg) driver version 0.4 loaded (major 243)
[    3.627772] io scheduler mq-deadline registered
[    3.628339] io scheduler bfq registered
[    3.630267] shpchp: Standard Hot Plug PCI Controller Driver version: 0.4
[    3.632218] IPMI message handler: version 39.2
[    3.632803] ipmi device interface
[    3.637483] input: Power Button as /devices/LNXSYSTM:00/LNXPWRBN:00/input/input0
[    3.639136] ACPI: button: Power Button [PWRF]
[    3.641916] ERST DBG: ERST support is disabled.
[    3.644178] Serial: 8250/16550 driver, 32 ports, IRQ sharing enabled
[    3.646872] 00:04: ttyS0 at I/O 0x3f8 (irq = 4, base_baud = 115200) is a 16550A
[    3.690098] Linux agpgart interface v0.103
[    3.693717] ACPI: bus type drm_connector registered
[    3.694532] Callback from call_rcu_tasks() invoked.
[    3.724486] brd: module loaded
[    3.744371] loop: module loaded
[    3.759890] scsi host0: ata_piix
[    3.762114] scsi host1: ata_piix
[    3.763160] ata1: PATA max MWDMA2 cmd 0x1f0 ctl 0x3f6 bmdma 0xc040 irq 14 lpm-pol 0
[    3.763888] ata2: PATA max MWDMA2 cmd 0x170 ctl 0x376 bmdma 0xc048 irq 15 lpm-pol 0
[    3.768441] tun: Universal TUN/TAP device driver, 1.6
[    3.769425] e100: Intel(R) PRO/100 Network Driver
[    3.769861] e100: Copyright(c) 1999-2006 Intel Corporation
[    3.770509] e1000: Intel(R) PRO/1000 Network Driver
[    3.770973] e1000: Copyright (c) 1999-2006 Intel Corporation.
[    3.922520] ata1: found unknown device (class 0)
[    3.923742] ata2: found unknown device (class 0)
[    3.925598] ata1.00: ATA-7: QEMU HARDDISK, 2.5+, max UDMA/100
[    3.926513] ata1.00: 17196647 sectors, multi 16: LBA48 
[    3.927514] ata2.00: ATAPI: QEMU DVD-ROM, 2.5+, max UDMA/100
[    3.931576] scsi 0:0:0:0: Direct-Access     ATA      QEMU HARDDISK    2.5+ PQ: 0 ANSI: 5
[    3.935326] sd 0:0:0:0: [sda] 17196647 512-byte logical blocks: (8.80 GB/8.20 GiB)
[    3.936190] sd 0:0:0:0: [sda] Write Protect is off
[    3.936765] sd 0:0:0:0: [sda] Write cache: enabled, read cache: enabled, doesn't support DPO or FUA
[    3.937792] sd 0:0:0:0: [sda] Preferred minimum I/O size 512 bytes
[    3.938402] sd 0:0:0:0: Attached scsi generic sg0 type 0
[    3.940091] scsi 1:0:0:0: CD-ROM            QEMU     QEMU DVD-ROM     2.5+ PQ: 0 ANSI: 5
[    3.951431] sd 0:0:0:0: [sda] Attached SCSI disk
[    3.964305] scsi 1:0:0:0: Attached scsi generic sg1 type 5
[    5.994515] ACPI: \_SB_.LNKC: Enabled at IRQ 11
[    6.331342] e1000 0000:00:03.0 eth0: (PCI:33MHz:32-bit) 52:54:00:12:34:56
[    6.332061] e1000 0000:00:03.0 eth0: Intel(R) PRO/1000 Network Connection
[    6.332923] e1000e: Intel(R) PRO/1000 Network Driver
[    6.333390] e1000e: Copyright(c) 1999 - 2015 Intel Corporation.
[    6.334051] igb: Intel(R) Gigabit Ethernet Network Driver
[    6.334582] igb: Copyright (c) 2007-2014 Intel Corporation.
[    6.335397] PPP generic driver version 2.4.2
[    6.337290] VFIO - User Level meta-driver version: 0.3
[    6.339324] usbcore: registered new interface driver uas
[    6.340023] usbcore: registered new interface driver usb-storage
[    6.340975] i8042: PNP: PS/2 Controller [PNP0303:KBD,PNP0f13:MOU] at 0x60,0x64 irq 1,12
[    6.342851] serio: i8042 KBD port at 0x60,0x64 irq 1
[    6.343415] serio: i8042 AUX port at 0x60,0x64 irq 12
[    6.345476] mousedev: PS/2 mouse device common for all mice
[    6.348549] input: AT Translated Set 2 keyboard as /devices/platform/i8042/serio0/input/input1
[    6.349758] rtc_cmos 00:05: RTC can wake from S4
[    6.352961] input: VirtualPS/2 VMware VMMouse as /devices/platform/i8042/serio1/input/input4
[    6.355382] rtc_cmos 00:05: registered as rtc0
[    6.355884] rtc_cmos 00:05: setting system clock to 2024-06-12T17:11:23 UTC (1718212283)
[    6.357082] rtc_cmos 00:05: alarms up to one day, y3k, 242 bytes nvram, hpet irqs
[    6.357836] i2c_dev: i2c /dev entries driver
[    6.359885] input: VirtualPS/2 VMware VMMouse as /devices/platform/i8042/serio1/input/input3
[    6.360971] device-mapper: core: CONFIG_IMA_DISABLE_HTABLE is disabled. Duplicate IMA measurements will not be recorded in the IMA log.
[    6.362376] device-mapper: uevent: version 1.0.3
[    6.364509] device-mapper: ioctl: 4.48.0-ioctl (2023-03-01) initialised: dm-devel@lists.linux.dev
[    6.365814] intel_pstate: CPU model not supported
[    6.367108] sdhci: Secure Digital Host Controller Interface driver
[    6.367963] sdhci: Copyright(c) Pierre Ossman
[    6.368759] sdhci-pltfm: SDHCI platform and OF driver helper
[    6.369727] ledtrig-cpu: registered to indicate activity on CPUs
[    6.371239] drop_monitor: Initializing network drop monitor service
[    6.372443] NET: Registered PF_INET6 protocol family
[    6.383750] Segment Routing with IPv6
[    6.386020] In-situ OAM (IOAM) with IPv6
[    6.388206] NET: Registered PF_PACKET protocol family
[    6.390650] 9pnet: Installing 9P2000 support
[    6.391492] Key type dns_resolver registered
[    6.395497] IPI shorthand broadcast: enabled
[    6.467202] sched_clock: Marking stable (6448010257, 18224748)->(6490815080, -24580075)
[    6.469570] Timer migration: 1 hierarchy levels; 8 children per group; 1 crossnode level
[    6.471107] registered taskstats version 1
[    6.472488] Loading compiled-in X.509 certificates
[    6.541042] Demotion targets for Node 0: null
[    6.543905] Key type .fscrypt registered
[    6.544334] Key type fscrypt-provisioning registered
[    6.551797] Key type encrypted registered
[    6.552359] ima: No TPM chip found, activating TPM-bypass!
[    6.552966] ima: Allocated hash algorithm: sha1
[    6.553564] ima: No architecture policies found
[    6.554392] evm: Initialising EVM extended attributes:
[    6.554927] evm: security.selinux
[    6.555273] evm: security.SMACK64
[    6.555628] evm: security.SMACK64EXEC
[    6.556005] evm: security.SMACK64TRANSMUTE
[    6.556425] evm: security.SMACK64MMAP
[    6.556804] evm: security.apparmor
[    6.557155] evm: security.ima
[    6.557464] evm: security.capability
[    6.557831] evm: HMAC attrs: 0x1
[    6.563383] PM:   Magic number: 12:321:188
[    6.563948] acpi device:1a: hash matches
[    6.565638] RAS: Correctable Errors collector initialized.
[    6.567323] clk: Disabling unused clocks
[    6.567847] PM: genpd: Disabling unused power domains
[    6.569582] md: Waiting for all devices to be available before autodetect
[    6.570059] md: If you don't use raid, use raid=noautodetect
[    6.570510] md: Autodetecting RAID arrays.
[    6.570824] md: autorun ...
[    6.571029] md: ... autorun DONE.
[    6.587183] EXT4-fs (sda): mounted filesystem 088740a9-c8b4-422c-999d-a804eb68a4da ro with ordered data mode. Quota mode: none.
[    6.588134] VFS: Mounted root (ext4 filesystem) readonly on device 8:0.
[    6.591700] devtmpfs: mounted
[    6.619383] Freeing unused decrypted memory: 2028K
[    6.629859] Freeing unused kernel image (initmem) memory: 15256K
[    6.630434] Write protecting the kernel read-only data: 94208k
[    6.633414] Freeing unused kernel image (rodata/data gap) memory: 1368K
[    6.715963] x86/mm: Checked W+X mappings: passed, no W+X pages found.
[    6.716457] Run /sbin/init as init process
[    6.967779] systemd[1]: systemd 252-15.el9 running in system mode (+PAM +AUDIT +SELINUX -APPARMOR +IMA +SMACK +SECCOMP +GCRYPT +GNUTLS +OPENSSL +ACL +BLKID +CURL +ELFUTILS -FIDO2 +IDN2 -IDN -IPTC +KMOD +LIBCRYPTSETUP +LIBFDISK +PCRE2 -PWQUALITY +P11KIT -QRENCODE +TPM2 +BZIP2 +LZ4 +XZ +ZLIB +ZSTD -BPF_FRAMEWORK +XKBCOMMON +UTMP +SYSVINIT default-hierarchy=unified)
[    6.970019] systemd[1]: Detected virtualization kvm.
[    6.970878] systemd[1]: Detected architecture x86-64.

Welcome to [0;31mCentOS Stream 9[0m!

[    6.977844] systemd[1]: Hostname set to <test>.
[    7.430463] systemd-rc-local-generator[125]: /etc/rc.d/rc.local is not marked executable, skipping.
[    7.818709] systemd[1]: Queued start job for default target Multi-User System.
[    7.850879] systemd[1]: Created slice Virtual Machine and Container Slice.
[[0;32m  OK  [0m] Created slice [0;1;39mVirtual Machine and Container Slice[0m.
[    7.857612] systemd[1]: Created slice Slice /system/getty.
[[0;32m  OK  [0m] Created slice [0;1;39mSlice /system/getty[0m.
[    7.861200] systemd[1]: Created slice Slice /system/modprobe.
[[0;32m  OK  [0m] Created slice [0;1;39mSlice /system/modprobe[0m.
[    7.864806] systemd[1]: Created slice Slice /system/serial-getty.
[[0;32m  OK  [0m] Created slice [0;1;39mSlice /system/serial-getty[0m.
[    7.868394] systemd[1]: Created slice Slice /system/sshd-keygen.
[[0;32m  OK  [0m] Created slice [0;1;39mSlice /system/sshd-keygen[0m.
[    7.872402] systemd[1]: Created slice User and Session Slice.
[[0;32m  OK  [0m] Created slice [0;1;39mUser and Session Slice[0m.
[    7.874047] systemd[1]: Started Forward Password Requests to Wall Directory Watch.
[[0;32m  OK  [0m] Started [0;1;39mForward Password R…uests to Wall Directory Watch[0m.
[    7.876927] systemd[1]: Set up automount Arbitrary Executable File Formats File System Automount Point.
[[0;32m  OK  [0m] Set up automount [0;1;39mArbitrary…s File System Automount Point[0m.
[    7.878544] systemd[1]: Reached target Local Integrity Protected Volumes.
[[0;32m  OK  [0m] Reached target [0;1;39mLocal Integrity Protected Volumes[0m.
[    7.879810] systemd[1]: Reached target Slice Units.
[[0;32m  OK  [0m] Reached target [0;1;39mSlice Units[0m.
[    7.880782] systemd[1]: Reached target Swaps.
[[0;32m  OK  [0m] Reached target [0;1;39mSwaps[0m.
[    7.881684] systemd[1]: Reached target Local Verity Protected Volumes.
[[0;32m  OK  [0m] Reached target [0;1;39mLocal Verity Protected Volumes[0m.
[    7.883370] systemd[1]: Listening on Device-mapper event daemon FIFOs.
[[0;32m  OK  [0m] Listening on [0;1;39mDevice-mapper event daemon FIFOs[0m.
[    7.885489] systemd[1]: Listening on LVM2 poll daemon socket.
[[0;32m  OK  [0m] Listening on [0;1;39mLVM2 poll daemon socket[0m.
[    7.886821] systemd[1]: multipathd control socket was skipped because of an unmet condition check (ConditionPathExists=/etc/multipath.conf).
[    7.963402] systemd[1]: Listening on RPCbind Server Activation Socket.
[[0;32m  OK  [0m] Listening on [0;1;39mRPCbind Server Activation Socket[0m.
[    7.964721] systemd[1]: Reached target RPC Port Mapper.
[[0;32m  OK  [0m] Reached target [0;1;39mRPC Port Mapper[0m.
[    7.968642] systemd[1]: Listening on Process Core Dump Socket.
[[0;32m  OK  [0m] Listening on [0;1;39mProcess Core Dump Socket[0m.
[    7.970510] systemd[1]: Listening on initctl Compatibility Named Pipe.
[[0;32m  OK  [0m] Listening on [0;1;39minitctl Compatibility Named Pipe[0m.
[    7.972447] systemd[1]: Listening on Journal Socket (/dev/log).
[[0;32m  OK  [0m] Listening on [0;1;39mJournal Socket (/dev/log)[0m.
[    7.974212] systemd[1]: Listening on Journal Socket.
[[0;32m  OK  [0m] Listening on [0;1;39mJournal Socket[0m.
[    7.976193] systemd[1]: Listening on udev Control Socket.
[[0;32m  OK  [0m] Listening on [0;1;39mudev Control Socket[0m.
[    7.977657] systemd[1]: Listening on udev Kernel Socket.
[[0;32m  OK  [0m] Listening on [0;1;39mudev Kernel Socket[0m.
[    8.014772] systemd[1]: Mounting Huge Pages File System...
         Mounting [0;1;39mHuge Pages File System[0m...
[    8.025476] systemd[1]: Mounting POSIX Message Queue File System...
         Mounting [0;1;39mPOSIX Message Queue File System[0m...
[    8.043269] systemd[1]: Mounting Kernel Debug File System...
         Mounting [0;1;39mKernel Debug File System[0m...
[    8.055262] systemd[1]: Mounting Kernel Trace File System...
         Mounting [0;1;39mKernel Trace File System[0m...
[    8.059036] systemd[1]: Kernel Module supporting RPCSEC_GSS was skipped because of an unmet condition check (ConditionPathExists=/etc/krb5.keytab).
[    8.059975] systemd[1]: Create List of Static Device Nodes was skipped because of an unmet condition check (ConditionFileNotEmpty=/lib/modules/6.10.0-rc3-83a7eefedc9b/modules.devname).
[    8.069346] systemd[1]: Starting Monitoring of LVM2 mirrors, snapshots etc. using dmeventd or progress polling...
         Starting [0;1;39mMonitoring of LVM…meventd or progress polling[0m...
[    8.080434] systemd[1]: Starting Load Kernel Module configfs...
         Starting [0;1;39mLoad Kernel Module configfs[0m...
[    8.098484] systemd[1]: Starting Load Kernel Module drm...
         Starting [0;1;39mLoad Kernel Module drm[0m...
[    8.129280] systemd[1]: Starting Load Kernel Module fuse...
         Starting [0;1;39mLoad Kernel Module fuse[0m...
[    8.155017] systemd[1]: Starting Read and set NIS domainname from /etc/sysconfig/network...
         Starting [0;1;39mRead and set NIS …from /etc/sysconfig/network[0m...
[    8.174061] systemd[1]: Starting Journal Service...
         Starting [0;1;39mJournal Service[0m...
[    8.200819] systemd[1]: Starting Load Kernel Modules...
         Starting [0;1;39mLoad Kernel Modules[0m...
[    8.243794] systemd[1]: Starting Generate network units from Kernel command line...
         Starting [0;1;39mGenerate network …ts from Kernel command line[0m...
[    8.270316] systemd[1]: Starting Remount Root and Kernel File Systems...
         Starting [0;1;39mRemount Root and Kernel File Systems[0m...
[    8.272175] systemd[1]: Repartition Root Disk was skipped because no trigger condition checks were met.
[    8.282426] systemd[1]: Starting Coldplug All udev Devices...
         Starting [0;1;39mColdplug All udev Devices[0m...
[    8.300594] systemd[1]: Mounted Huge Pages File System.
[[0;32m  OK  [0m] Mounted [0;1;39mHuge Pages File System[0m.
[    8.302599] systemd[1]: Mounted POSIX Message Queue File System.
[[0;32m  OK  [0m] Mounted [0;1;39mPOSIX Message Queue File System[0m.
[    8.304522] systemd[1]: Mounted Kernel Debug File System.
[[0;32m  OK  [0m] Mounted [0;1;39mKernel Debug File System[0m.
[    8.306889] systemd[1]: Mounted Kernel Trace File System.
[[0;32m  OK  [0m] Mounted [0;1;39mKernel Trace File System[0m.
[    8.310091] systemd[1]: modprobe@configfs.service: Deactivated successfully.
[    8.312729] systemd[1]: Finished Load Kernel Module configfs.
[[0;32m  OK  [0m] Finished [0;1;39mLoad Kernel Module configfs[0m.
[    8.316321] systemd[1]: modprobe@drm.service: Deactivated successfully.
[    8.318093] systemd[1]: Finished Load Kernel Module drm.
[[0;32m  OK  [0m] Finished [0;1;39mLoad Kernel Module drm[0m.
[    8.321003] systemd[1]: modprobe@fuse.service: Deactivated successfully.
[    8.322765] systemd[1]: Finished Load Kernel Module fuse.
[[0;32m  OK  [0m] Finished [0;1;39mLoad Kernel Module fuse[0m.
[    8.325615] systemd[1]: Finished Read and set NIS domainname from /etc/sysconfig/network.
[[0;32m  OK  [0m] Finished [0;1;39mRead and set NIS …e from /etc/sysconfig/network[0m.
[    8.328230] systemd[1]: systemd-modules-load.service: Main process exited, code=exited, status=1/FAILURE
[    8.330200] systemd[1]: systemd-modules-load.service: Failed with result 'exit-code'.
[    8.331992] systemd[1]: Failed to start Load Kernel Modules.
[[0;1;31mFAILED[0m] Failed to start [0;1;39mLoad Kernel Modules[0m.
See 'systemctl status systemd-modules-load.service' for details.
[    8.370538] systemd[1]: Mounting FUSE Control File System...
         Mounting [0;1;39mFUSE Control File System[0m...
[    8.414978] systemd[1]: Mounting Kernel Configuration File System...
         Mounting [0;1;39mKernel Configuration File System[0m...
[    8.486842] systemd[1]: Starting Apply Kernel Variables...
         Starting [0;1;39mApply Kernel Variables[0m...
[    8.492149] systemd[1]: Started Journal Service.
[[0;32m  OK  [0m] Started [0;1;39mJournal Service[0m.
[    8.494327] EXT4-fs (sda): re-mounted 088740a9-c8b4-422c-999d-a804eb68a4da r/w. Quota mode: none.
[[0;32m  OK  [0m] Finished [0;1;39mMonitoring of LVM… dmeventd or progress polling[0m.
[[0;32m  OK  [0m] Finished [0;1;39mGenerate network units from Kernel command line[0m.
[[0;32m  OK  [0m] Finished [0;1;39mRemount Root and Kernel File Systems[0m.
[[0;32m  OK  [0m] Mounted [0;1;39mFUSE Control File System[0m.
[[0;32m  OK  [0m] Mounted [0;1;39mKernel Configuration File System[0m.
[[0;32m  OK  [0m] Reached target [0;1;39mPreparation for Network[0m.
         Starting [0;1;39mFlush Journal to Persistent Storage[0m...
         Starting [0;1;39mLoad/Save Random Seed[0m...
         Starting [0;1;39mCreate Static Device Nodes in /dev[0m...
[    8.696501] systemd-journald[147]: Received client request to flush runtime journal.
         Starting [0;1;39mSetup Virtual Console[0m...
[[0;32m  OK  [0m] Finished [0;1;39mApply Kernel Variables[0m.
[[0;32m  OK  [0m] Finished [0;1;39mFlush Journal to Persistent Storage[0m.
[[0;32m  OK  [0m] Finished [0;1;39mLoad/Save Random Seed[0m.
[[0;32m  OK  [0m] Finished [0;1;39mCreate Static Device Nodes in /dev[0m.
         Starting [0;1;39mRule-based Manage…for Device Events and Files[0m...
[[0;32m  OK  [0m] Started [0;1;39mRule-based Manager for Device Events and Files[0m.
         Starting [0;1;39mAuto-connect to s…E devices found during boot[0m...
[[0;32m  OK  [0m] Finished [0;1;39mAuto-connect to s…VME devices found during boot[0m.
[[0;32m  OK  [0m] Finished [0;1;39mColdplug All udev Devices[0m.
         Starting [0;1;39mWait for udev To …plete Device Initialization[0m...
[[0;32m  OK  [0m] Finished [0;1;39mSetup Virtual Console[0m.
[[0;32m  OK  [0m] Started [0;1;39mDispatch Password …ts to Console Directory Watch[0m.
[[0;32m  OK  [0m] Reached target [0;1;39mLocal Encrypted Volumes[0m.
[[0;32m  OK  [0m] Reached target [0;1;39mPath Units[0m.
[[0;32m  OK  [0m] Found device [0;1;39m/dev/ttyS0[0m.
[[0;32m  OK  [0m] Listening on [0;1;39mLoad/Save RF …itch Status /dev/rfkill Watch[0m.
[[0;32m  OK  [0m] Finished [0;1;39mWait for udev To Complete Device Initialization[0m.
[[0;32m  OK  [0m] Reached target [0;1;39mPreparation for Local File Systems[0m.
[[0;32m  OK  [0m] Reached target [0;1;39mLocal File Systems[0m.
         Starting [0;1;39mTell Plymouth To Write Out Runtime Data[0m...
         Starting [0;1;39mAutomatic Boot Loader Update[0m...
         Starting [0;1;39mCreate Volatile Files and Directories[0m...
[[0;32m  OK  [0m] Finished [0;1;39mTell Plymouth To Write Out Runtime Data[0m.
[[0;32m  OK  [0m] Finished [0;1;39mAutomatic Boot Loader Update[0m.
[[0;32m  OK  [0m] Finished [0;1;39mCreate Volatile Files and Directories[0m.
         Mounting [0;1;39mRPC Pipe File System[0m...
         Starting [0;1;39mSecurity Auditing Service[0m...
         Starting [0;1;39mRPC Bind[0m...
[[0;32m  OK  [0m] Mounted [0;1;39mRPC Pipe File System[0m.
[[0;32m  OK  [0m] Reached target [0;1;39mrpc_pipefs.target[0m.
[[0;32m  OK  [0m] Started [0;1;39mRPC Bind[0m.
[[0;32m  OK  [0m] Started [0;1;39mSecurity Auditing Service[0m.
         Starting [0;1;39mRecord System Boot/Shutdown in UTMP[0m...
[[0;32m  OK  [0m] Finished [0;1;39mRecord System Boot/Shutdown in UTMP[0m.
[[0;32m  OK  [0m] Reached target [0;1;39mSystem Initialization[0m.
[[0;32m  OK  [0m] Started [0;1;39mDaily rotation of log files[0m.
[[0;32m  OK  [0m] Started [0;1;39mUpdates mlocate database every day[0m.
[[0;32m  OK  [0m] Started [0;1;39mDaily Cleanup of Temporary Directories[0m.
[[0;32m  OK  [0m] Started [0;1;39mdaily update of the root trust anchor for DNSSEC[0m.
[[0;32m  OK  [0m] Reached target [0;1;39mTimer Units[0m.
[[0;32m  OK  [0m] Listening on [0;1;39mD-Bus System Message Bus Socket[0m.
[[0;32m  OK  [0m] Listening on [0;1;39mOpen-iSCSI iscsid Socket[0m.
[[0;32m  OK  [0m] Listening on [0;1;39mOpen-iSCSI iscsiuio Socket[0m.
[[0;32m  OK  [0m] Listening on [0;1;39mSSSD Kerberos…ache Manager responder socket[0m.
[[0;32m  OK  [0m] Listening on [0;1;39mLibvirt interface local socket[0m.
[[0;32m  OK  [0m] Listening on [0;1;39mVirtual machine lock manager socket[0m.
[[0;32m  OK  [0m] Listening on [0;1;39mVirtual machine log manager socket[0m.
[[0;32m  OK  [0m] Listening on [0;1;39mLibvirt network local socket[0m.
[[0;32m  OK  [0m] Listening on [0;1;39mLibvirt nodedev local socket[0m.
[[0;32m  OK  [0m] Listening on [0;1;39mLibvirt nwfilter local socket[0m.
[[0;32m  OK  [0m] Listening on [0;1;39mLibvirt proxy local socket[0m.
[[0;32m  OK  [0m] Listening on [0;1;39mLibvirt qemu local socket[0m.
[[0;32m  OK  [0m] Listening on [0;1;39mLibvirt qemu admin socket[0m.
[[0;32m  OK  [0m] Listening on [0;1;39mLibvirt qemu local read-only socket[0m.
[[0;32m  OK  [0m] Listening on [0;1;39mLibvirt secret local socket[0m.
[[0;32m  OK  [0m] Listening on [0;1;39mLibvirt storage local socket[0m.
[[0;32m  OK  [0m] Reached target [0;1;39mSocket Units[0m.
         Starting [0;1;39mD-Bus System Message Bus[0m...
[[0;32m  OK  [0m] Started [0;1;39mD-Bus System Message Bus[0m.
[[0;32m  OK  [0m] Reached target [0;1;39mBasic System[0m.
         Starting [0;1;39mNetwork Manager[0m...
         Starting [0;1;39mNTP client/server[0m...
         Starting [0;1;39mRestore /run/initramfs on shutdown[0m...
[[0;32m  OK  [0m] Started [0;1;39mirqbalance daemon[0m.
[[0;32m  OK  [0m] Started [0;1;39mlibstoragemgmt plug-in server daemon[0m.
[[0;32m  OK  [0m] Started [0;1;39mMachine Check Exception Logging Daemon[0m.
[[0;32m  OK  [0m] Reached target [0;1;39msshd-keygen.target[0m.
[[0;32m  OK  [0m] Reached target [0;1;39mUser and Group Name Lookups[0m.
         Starting [0;1;39mUser Login Management[0m...
         Starting [0;1;39mVirtual Machine a…tainer Registration Service[0m...
         Starting [0;1;39mupdate of the roo…NSSEC validation in unbound[0m...
         Starting [0;1;39mRotate log files[0m...
[[0;32m  OK  [0m] Started [0;1;39mUpdate a database for mlocate[0m.
[[0;32m  OK  [0m] Finished [0;1;39mRestore /run/initramfs on shutdown[0m.
[[0;32m  OK  [0m] Started [0;1;39mVirtual Machine an…ontainer Registration Service[0m.
[[0;32m  OK  [0m] Started [0;1;39mNTP client/server[0m.
         Starting [0;1;39mHostname Service[0m...
[[0;32m  OK  [0m] Started [0;1;39mUser Login Management[0m.
[[0;32m  OK  [0m] Finished [0;1;39mupdate of the roo… DNSSEC validation in unbound[0m.
[[0;32m  OK  [0m] Started [0;1;39mHostname Service[0m.
         Starting [0;1;39mNetwork Manager Script Dispatcher Service[0m...
[[0;32m  OK  [0m] Finished [0;1;39mRotate log files[0m.
[[0;32m  OK  [0m] Started [0;1;39mNetwork Manager Script Dispatcher Service[0m.
[   13.870661] e1000: eth0 NIC Link is Up 1000 Mbps Full Duplex, Flow Control: RX
[[0;32m  OK  [0m] Started [0;1;39mNetwork Manager[0m.
[[0;32m  OK  [0m] Reached target [0;1;39mNetwork[0m.
[[0;32m  OK  [0m] Reached target [0;1;39mNetwork is Online[0m.
         Starting [0;1;39mGSSAPI Proxy Daemon[0m...
         Starting [0;1;39mNotify NFS peers of a restart[0m...
         Starting [0;1;39mSystem Logging Service[0m...
         Starting [0;1;39mOpenSSH server daemon[0m...
         Starting [0;1;39mDynamic System Tuning Daemon[0m...
[[0;32m  OK  [0m] Started [0;1;39mGSSAPI Proxy Daemon[0m.
[[0;32m  OK  [0m] Started [0;1;39mNotify NFS peers of a restart[0m.
[[0;32m  OK  [0m] Reached target [0;1;39mNFS client services[0m.
[[0;32m  OK  [0m] Reached target [0;1;39mPreparation for Remote File Systems[0m.
[[0;32m  OK  [0m] Reached target [0;1;39mRemote File Systems[0m.
         Starting [0;1;39mPermit User Sessions[0m...
         Starting [0;1;39mVirtualization qemu daemon[0m...
[[0;32m  OK  [0m] Finished [0;1;39mPermit User Sessions[0m.
[[0;32m  OK  [0m] Started [0;1;39mOpenSSH server daemon[0m.
[[0;32m  OK  [0m] Started [0;1;39mDeferred execution scheduler[0m.
[[0;32m  OK  [0m] Started [0;1;39mCommand Scheduler[0m.
         Starting [0;1;39mHold until boot process finishes up[0m...
         Starting [0;1;39mTerminate Plymouth Boot Screen[0m...
[[0;32m  OK  [0m] Started [0;1;39mSystem Logging Service[0m.
[[0;32m  OK  [0m] Finished [0;1;39mHold until boot process finishes up[0m.
[[0;32m  OK  [0m] Started [0;1;39mGetty on tty1[0m.
[[0;32m  OK  [0m] Started [0;1;39mSerial Getty on ttyS0[0m.
[[0;32m  OK  [0m] Reached target [0;1;39mLogin Prompts[0m.
[[0;32m  OK  [0m] Started [0;1;39mVirtualization qemu daemon[0m.
[[0;32m  OK  [0m] Finished [0;1;39mTerminate Plymouth Boot Screen[0m.
         Starting [0;1;39mAuthorization Manager[0m...
[[0;32m  OK  [0m] Started [0;1;39mAuthorization Manager[0m.
[[0;32m  OK  [0m] Started [0;1;39mDynamic System Tuning Daemon[0m.
[[0;32m  OK  [0m] Reached target [0;1;39mMulti-User System[0m.
         Starting [0;1;39mRecord Runlevel Change in UTMP[0m...
[[0;32m  OK  [0m] Finished [0;1;39mRecord Runlevel Change in UTMP[0m.

CentOS Stream 9
Kernel 6.10.0-rc3-83a7eefedc9b on an x86_64

Activate the web console with: systemctl enable --now cockpit.socket

test login: [   25.142953] ==================================================================
[   25.143738] BUG: KASAN: slab-use-after-free in arena_vm_close+0x1b1/0x1d0
[   25.144474] Read of size 8 at addr ffff88800d3c93c8 by task repro/728
[   25.145091] 
[   25.145266] CPU: 0 PID: 728 Comm: repro Not tainted 6.10.0-rc3-83a7eefedc9b #1
[   25.145942] Hardware name: QEMU Standard PC (i440FX + PIIX, 1996), BIOS rel-1.16.0-0-gd239552ce722-prebuilt.qemu.org 04/01/2014
[   25.147003] Call Trace:
[   25.147256]  <TASK>
[   25.147482]  dump_stack_lvl+0xea/0x150
[   25.147883]  print_report+0xce/0x610
[   25.148267]  ? arena_vm_close+0x1b1/0x1d0
[   25.148668]  ? kasan_complete_mode_report_info+0x80/0x200
[   25.149168]  ? arena_vm_close+0x1b1/0x1d0
[   25.149555]  kasan_report+0xcc/0x110
[   25.149904]  ? arena_vm_close+0x1b1/0x1d0
[   25.150246]  __asan_report_load8_noabort+0x18/0x20
[   25.150616]  arena_vm_close+0x1b1/0x1d0
[   25.150922]  ? __pfx_arena_vm_close+0x10/0x10
[   25.151266]  remove_vma+0x95/0x190
[   25.151552]  exit_mmap+0x4bf/0xb00
[   25.151834]  ? __pfx_exit_mmap+0x10/0x10
[   25.152110]  ? __kasan_check_write+0x18/0x20
[   25.152405]  ? __pfx___mutex_unlock_slowpath+0x10/0x10
[   25.152768]  ? mutex_unlock+0x16/0x20
[   25.153024]  __mmput+0xde/0x3e0
[   25.153262]  mmput+0x74/0x90
[   25.153471]  do_exit+0x9fb/0x29f0
[   25.153705]  ? lock_release+0x418/0x840
[   25.153983]  ? __pfx_do_exit+0x10/0x10
[   25.154239]  ? __this_cpu_preempt_check+0x21/0x30
[   25.154561]  ? _raw_spin_unlock_irq+0x2c/0x60
[   25.154858]  ? lockdep_hardirqs_on+0x89/0x110
[   25.155157]  do_group_exit+0xe4/0x2c0
[   25.155413]  __x64_sys_exit_group+0x4d/0x60
[   25.155697]  x64_sys_call+0x1a1f/0x20d0
[   25.155965]  do_syscall_64+0x6d/0x140
[   25.156220]  entry_SYSCALL_64_after_hwframe+0x76/0x7e
[   25.156566] RIP: 0033:0x7f1343d18a4d
[   25.156817] Code: Unable to access opcode bytes at 0x7f1343d18a23.
[   25.157221] RSP: 002b:00007ffdc66dc268 EFLAGS: 00000246 ORIG_RAX: 00000000000000e7
[   25.157713] RAX: ffffffffffffffda RBX: 00007f1343df69e0 RCX: 00007f1343d18a4d
[   25.158174] RDX: 00000000000000e7 RSI: ffffffffffffff80 RDI: 0000000000000000
[   25.158634] RBP: 0000000000000000 R08: 0000000000000000 R09: 0000000000000020
[   25.159092] R10: 00007ffdc66dc110 R11: 0000000000000246 R12: 00007f1343df69e0
[   25.159557] R13: 00007f1343dfbf00 R14: 0000000000000001 R15: 00007f1343dfbee8
[   25.160023]  </TASK>
[   25.160176] 
[   25.160287] Allocated by task 728:
[   25.160519]  kasan_save_stack+0x2c/0x60
[   25.160782]  kasan_save_track+0x18/0x40
[   25.161043]  kasan_save_alloc_info+0x3c/0x50
[   25.161330]  __kasan_kmalloc+0x88/0xa0
[   25.161588]  kmalloc_trace_noprof+0x1b9/0x3c0
[   25.161891]  arena_map_mmap+0x232/0x7a0
[   25.162156]  bpf_map_mmap+0x4b5/0x9a0
[   25.162412]  mmap_region+0x5f7/0x2740
[   25.162666]  do_mmap+0xd6a/0x11a0
[   25.162898]  vm_mmap_pgoff+0x1ea/0x390
[   25.163155]  ksys_mmap_pgoff+0x3e8/0x530
[   25.163425]  __x64_sys_mmap+0x139/0x1d0
[   25.163691]  x64_sys_call+0x1922/0x20d0
[   25.163950]  do_syscall_64+0x6d/0x140
[   25.164200]  entry_SYSCALL_64_after_hwframe+0x76/0x7e
[   25.164534] 
[   25.164647] Freed by task 728:
[   25.164854]  kasan_save_stack+0x2c/0x60
[   25.165118]  kasan_save_track+0x18/0x40
[   25.165389]  kasan_save_free_info+0x3f/0x60
[   25.165668]  __kasan_slab_free+0x115/0x1a0
[   25.165946]  kfree+0xfe/0x330
[   25.166157]  arena_vm_close+0x15e/0x1d0
[   25.166420]  remove_vma+0x95/0x190
[   25.166654]  do_vmi_align_munmap+0xc02/0x11f0
[   25.166949]  do_vmi_munmap+0x22c/0x420
[   25.167206]  __do_sys_mremap+0x7db/0x1830
[   25.167481]  __x64_sys_mremap+0xc7/0x150
[   25.167755]  x64_sys_call+0x1c50/0x20d0
[   25.168014]  do_syscall_64+0x6d/0x140
[   25.168265]  entry_SYSCALL_64_after_hwframe+0x76/0x7e
[   25.168601] 
[   25.168712] The buggy address belongs to the object at ffff88800d3c93c0
[   25.168712]  which belongs to the cache kmalloc-32 of size 32
[   25.169492] The buggy address is located 8 bytes inside of
[   25.169492]  freed 32-byte region [ffff88800d3c93c0, ffff88800d3c93e0)
[   25.170253] 
[   25.170366] The buggy address belongs to the physical page:
[   25.170726] page: refcount:1 mapcount:0 mapping:0000000000000000 index:0x0 pfn:0xd3c9
[   25.171234] flags: 0xfffffc0000000(node=0|zone=1|lastcpupid=0x1fffff)
[   25.171656] page_type: 0xffffefff(slab)
[   25.171923] raw: 000fffffc0000000 ffff88800a041780 ffffea000028cc40 dead000000000002
[   25.172421] raw: 0000000000000000 0000000080400040 00000001ffffefff 0000000000000000
[   25.172914] page dumped because: kasan: bad access detected
[   25.173273] 
[   25.173383] Memory state around the buggy address:
[   25.173697]  ffff88800d3c9280: 00 00 00 fc fc fc fc fc 00 00 00 fc fc fc fc fc
[   25.174162]  ffff88800d3c9300: fa fb fb fb fc fc fc fc 00 00 01 fc fc fc fc fc
[   25.174628] >ffff88800d3c9380: fa fb fb fb fc fc fc fc fa fb fb fb fc fc fc fc
[   25.175092]                                               ^
[   25.175456]  ffff88800d3c9400: 00 00 00 fc fc fc fc fc 00 00 04 fc fc fc fc fc
[   25.175921]  ffff88800d3c9480: 00 00 01 fc fc fc fc fc 00 00 07 fc fc fc fc fc
[   25.176393] ==================================================================
[   25.177020] Disabling lock debugging due to kernel taint
[   25.177414] Oops: general protection fault, probably for non-canonical address 0xe095fc1e8000005c: 0000 [#1] PREEMPT SMP KASAN NOPTI
[   25.178167] KASAN: maybe wild-memory-access in range [0x04b000f4000002e0-0x04b000f4000002e7]
[   25.178735] CPU: 0 PID: 728 Comm: repro Tainted: G    B              6.10.0-rc3-83a7eefedc9b #1
[   25.179319] Hardware name: QEMU Standard PC (i440FX + PIIX, 1996), BIOS rel-1.16.0-0-gd239552ce722-prebuilt.qemu.org 04/01/2014
[   25.180089] RIP: 0010:arena_vm_close+0x10b/0x1d0
[   25.180425] Code: 89 fa 48 c1 ea 03 80 3c 02 00 0f 85 b1 00 00 00 49 8d 7f 08 4d 8b 74 24 10 48 b8 00 00 00 00 00 fc ff df 48 89 fa 48 c1 ea 03 <80> 3c 02 00 0f 85 83 00 00 00 4c 89 f2 4d 89 77 08 48 b8 00 00 00
[   25.181656] RSP: 0018:ffff88801eecfb78 EFLAGS: 00010206
[   25.182021] RAX: dffffc0000000000 RBX: ffff888010cce780 RCX: ffffffff8194cac7
[   25.182505] RDX: 0096001e8000005c RSI: 0000000000000008 RDI: 04b000f4000002e0
[   25.182986] RBP: ffff88801eecfba0 R08: 0000000000000000 R09: fffffbfff113773c
[   25.183473] R10: 0000000000000000 R11: 6e696c6261736944 R12: ffff88800d3c93c0
[   25.183962] R13: ffff8880184d7238 R14: dead000000000122 R15: 04b000f4000002d8
[   25.184447] FS:  0000000000000000(0000) GS:ffff88806ca00000(0000) knlGS:0000000000000000
[   25.185003] CS:  0010 DS: 0000 ES: 0000 CR0: 0000000080050033
[   25.185403] CR2: 00007f1343dfca50 CR3: 0000000006c80006 CR4: 0000000000770ef0
[   25.185902] DR0: 0000000000000000 DR1: 0000000000000000 DR2: 0000000000000000
[   25.186402] DR3: 0000000000000000 DR6: 00000000ffff07f0 DR7: 0000000000000400
[   25.186903] PKRU: 55555554
[   25.187105] Call Trace:
[   25.187285]  <TASK>
[   25.187448]  ? show_regs+0xa8/0xc0
[   25.187711]  ? die_addr+0x5d/0xf0
[   25.187959]  ? exc_general_protection+0x1ae/0x340
[   25.188311]  ? asm_exc_general_protection+0x2b/0x30
[   25.188674]  ? arena_vm_close+0x1a7/0x1d0
[   25.188977]  ? arena_vm_close+0x10b/0x1d0
[   25.189274]  ? arena_vm_close+0x1a7/0x1d0
[   25.189570]  ? __pfx_arena_vm_close+0x10/0x10
[   25.189893]  remove_vma+0x95/0x190
[   25.190147]  exit_mmap+0x4bf/0xb00
[   25.190405]  ? __pfx_exit_mmap+0x10/0x10
[   25.190694]  ? __kasan_check_write+0x18/0x20
[   25.191012]  ? __pfx___mutex_unlock_slowpath+0x10/0x10
[   25.191396]  ? mutex_unlock+0x16/0x20
[   25.191671]  __mmput+0xde/0x3e0
[   25.191913]  mmput+0x74/0x90
[   25.192136]  do_exit+0x9fb/0x29f0
[   25.192384]  ? lock_release+0x418/0x840
[   25.192673]  ? __pfx_do_exit+0x10/0x10
[   25.192949]  ? __this_cpu_preempt_check+0x21/0x30
[   25.193296]  ? _raw_spin_unlock_irq+0x2c/0x60
[   25.193615]  ? lockdep_hardirqs_on+0x89/0x110
[   25.193909]  do_group_exit+0xe4/0x2c0
[   25.194180]  __x64_sys_exit_group+0x4d/0x60
[   25.194489]  x64_sys_call+0x1a1f/0x20d0
[   25.194772]  do_syscall_64+0x6d/0x140
[   25.195045]  entry_SYSCALL_64_after_hwframe+0x76/0x7e
[   25.195411] RIP: 0033:0x7f1343d18a4d
[   25.195673] Code: Unable to access opcode bytes at 0x7f1343d18a23.
[   25.196106] RSP: 002b:00007ffdc66dc268 EFLAGS: 00000246 ORIG_RAX: 00000000000000e7
[   25.196637] RAX: ffffffffffffffda RBX: 00007f1343df69e0 RCX: 00007f1343d18a4d
[   25.197132] RDX: 00000000000000e7 RSI: ffffffffffffff80 RDI: 0000000000000000
[   25.197633] RBP: 0000000000000000 R08: 0000000000000000 R09: 0000000000000020
[   25.198116] R10: 00007ffdc66dc110 R11: 0000000000000246 R12: 00007f1343df69e0
[   25.198614] R13: 00007f1343dfbf00 R14: 0000000000000001 R15: 00007f1343dfbee8
[   25.199126]  </TASK>
[   25.199292] Modules linked in:
[   25.199589] ---[ end trace 0000000000000000 ]---
[   25.199921] RIP: 0010:arena_vm_close+0x10b/0x1d0
[   25.200258] Code: 89 fa 48 c1 ea 03 80 3c 02 00 0f 85 b1 00 00 00 49 8d 7f 08 4d 8b 74 24 10 48 b8 00 00 00 00 00 fc ff df 48 89 fa 48 c1 ea 03 <80> 3c 02 00 0f 85 83 00 00 00 4c 89 f2 4d 89 77 08 48 b8 00 00 00
[   25.201522] RSP: 0018:ffff88801eecfb78 EFLAGS: 00010206
[   25.201902] RAX: dffffc0000000000 RBX: ffff888010cce780 RCX: ffffffff8194cac7
[   25.202528] RDX: 0096001e8000005c RSI: 0000000000000008 RDI: 04b000f4000002e0
[   25.203028] RBP: ffff88801eecfba0 R08: 0000000000000000 R09: fffffbfff113773c
[   25.203539] R10: 0000000000000000 R11: 6e696c6261736944 R12: ffff88800d3c93c0
[   25.204044] R13: ffff8880184d7238 R14: dead000000000122 R15: 04b000f4000002d8
[   25.204545] FS:  0000000000000000(0000) GS:ffff88806ca00000(0000) knlGS:0000000000000000
[   25.205114] CS:  0010 DS: 0000 ES: 0000 CR0: 0000000080050033
[   25.205525] CR2: 00007f1343dfca50 CR3: 0000000006c80006 CR4: 0000000000770ef0
[   25.206030] DR0: 0000000000000000 DR1: 0000000000000000 DR2: 0000000000000000
[   25.206595] DR3: 0000000000000000 DR6: 00000000ffff07f0 DR7: 0000000000000400
[   25.207100] PKRU: 55555554
[   25.207316] Fixing recursive fault but reboot is needed!
[   25.207714] BUG: using smp_processor_id() in preemptible [00000000] code: repro/728
[   25.208305] caller is debug_smp_processor_id+0x20/0x30
[   25.208706] CPU: 0 PID: 728 Comm: repro Tainted: G    B D            6.10.0-rc3-83a7eefedc9b #1
[   25.209391] Hardware name: QEMU Standard PC (i440FX + PIIX, 1996), BIOS rel-1.16.0-0-gd239552ce722-prebuilt.qemu.org 04/01/2014
[   25.210186] Call Trace:
[   25.210374]  <TASK>
[   25.210536]  dump_stack_lvl+0x121/0x150
[   25.210827]  dump_stack+0x19/0x20
[   25.211079]  check_preemption_disabled+0x168/0x180
[   25.211446]  debug_smp_processor_id+0x20/0x30
[   25.211774]  __schedule+0x9a/0x3120
[   25.212040]  ? debug_smp_processor_id+0x20/0x30
[   25.212379]  ? rcu_is_watching+0x19/0xc0
[   25.212683]  ? lock_release+0x569/0x840
[   25.212977]  ? __pfx___schedule+0x10/0x10
[   25.213288]  ? debug_smp_processor_id+0x20/0x30
[   25.213621]  ? rcu_is_watching+0x19/0xc0
[   25.213910]  ? trace_irq_enable+0xe1/0x120
[   25.214220]  ? do_task_dead+0x4a/0x110
[   25.214509]  do_task_dead+0xe0/0x110
[   25.214782]  make_task_dead+0x384/0x3c0
[   25.215069]  rewind_stack_and_make_dead+0x16/0x20
[   25.215412] RIP: 0033:0x7f1343d18a4d
[   25.215672] Code: Unable to access opcode bytes at 0x7f1343d18a23.
[   25.216099] RSP: 002b:00007ffdc66dc268 EFLAGS: 00000246 ORIG_RAX: 00000000000000e7
[   25.216625] RAX: ffffffffffffffda RBX: 00007f1343df69e0 RCX: 00007f1343d18a4d
[   25.217120] RDX: 00000000000000e7 RSI: ffffffffffffff80 RDI: 0000000000000000
[   25.217617] RBP: 0000000000000000 R08: 0000000000000000 R09: 0000000000000020
[   25.218114] R10: 00007ffdc66dc110 R11: 0000000000000246 R12: 00007f1343df69e0
[   25.218619] R13: 00007f1343dfbf00 R14: 0000000000000001 R15: 00007f1343dfbee8
[   25.219122]  </TASK>
[   25.219310] BUG: scheduling while atomic: repro/728/0x00000000
[   25.219725] INFO: lockdep is turned off.
[   25.220013] Modules linked in:
[   25.220242] Preemption disabled at:
[   25.220245] [<ffffffff8134b1f8>] do_task_dead+0x28/0x110
[   25.220897] CPU: 0 PID: 728 Comm: repro Tainted: G    B D            6.10.0-rc3-83a7eefedc9b #1
[   25.221525] Hardware name: QEMU Standard PC (i440FX + PIIX, 1996), BIOS rel-1.16.0-0-gd239552ce722-prebuilt.qemu.org 04/01/2014
[   25.222323] Call Trace:
[   25.222522]  <TASK>
[   25.222688]  dump_stack_lvl+0x121/0x150
[   25.222974]  ? do_task_dead+0x28/0x110
[   25.223272]  dump_stack+0x19/0x20
[   25.223541]  __schedule_bug+0x12d/0x180
[   25.223838]  __schedule+0x243d/0x3120
[   25.224118]  ? rcu_is_watching+0x19/0xc0
[   25.224413]  ? lock_release+0x569/0x840
[   25.224709]  ? __pfx___schedule+0x10/0x10
[   25.225015]  ? debug_smp_processor_id+0x20/0x30
[   25.225357]  ? rcu_is_watching+0x19/0xc0
[   25.225662]  ? trace_irq_enable+0xe1/0x120
[   25.225972]  ? do_task_dead+0x4a/0x110
[   25.226262]  do_task_dead+0xe0/0x110
[   25.226535]  make_task_dead+0x384/0x3c0
[   25.226824]  rewind_stack_and_make_dead+0x16/0x20
[   25.227171] RIP: 0033:0x7f1343d18a4d
[   25.227444] Code: Unable to access opcode bytes at 0x7f1343d18a23.
[   25.227880] RSP: 002b:00007ffdc66dc268 EFLAGS: 00000246 ORIG_RAX: 00000000000000e7
[   25.228413] RAX: ffffffffffffffda RBX: 00007f1343df69e0 RCX: 00007f1343d18a4d
[   25.228920] RDX: 00000000000000e7 RSI: ffffffffffffff80 RDI: 0000000000000000
[   25.229418] RBP: 0000000000000000 R08: 0000000000000000 R09: 0000000000000020
[   25.229925] R10: 00007ffdc66dc110 R11: 0000000000000246 R12: 00007f1343df69e0
[   25.230441] R13: 00007f1343dfbf00 R14: 0000000000000001 R15: 00007f1343dfbee8
[   25.230954]  </TASK>
