c[?7l[2J[0mSeaBIOS (version rel-1.16.0-0-gd239552ce722-prebuilt.qemu.org)


iPXE (http://ipxe.org) 00:03.0 CA00 PCI2.10 PnP PMM+7FF91000+7FEF1000 CA00
Press Ctrl-B to configure iPXE (PCI 00:03.0)...                                                                               


Booting from ROM...
c[?7l[2J[    0.000000] Linux version 6.8.0-902861e34c40+ (root@p-mtlp04) (gcc (GCC) 11.4.1 20231218 (Red Hat 11.4.1-3), GNU ld version 2.35.2-43.el9) #1 SMP PREEMPT_DYNAMIC Tue Jun  4 22:23:55 CST 2024
[    0.000000] Command line: console=ttyS0 root=/dev/sda earlyprintk=serial net.ifnames=0 plymouth.enable=0
[    0.000000] KERNEL supported cpus:
[    0.000000]   Intel GenuineIntel
[    0.000000]   AMD AuthenticAMD
[    0.000000]   Hygon HygonGenuine
[    0.000000]   Centaur CentaurHauls
[    0.000000]   zhaoxin   Shanghai  
[    0.000000] x86/split lock detection: #DB: warning on user-space bus_locks
[    0.000000] BIOS-provided physical RAM map:
[    0.000000] BIOS-e820: [mem 0x0000000000000000-0x000000000009fbff] usable
[    0.000000] BIOS-e820: [mem 0x000000000009fc00-0x000000000009ffff] reserved
[    0.000000] BIOS-e820: [mem 0x00000000000f0000-0x00000000000fffff] reserved
[    0.000000] BIOS-e820: [mem 0x0000000000100000-0x000000007ffdffff] usable
[    0.000000] BIOS-e820: [mem 0x000000007ffe0000-0x000000007fffffff] reserved
[    0.000000] BIOS-e820: [mem 0x00000000feffc000-0x00000000feffffff] reserved
[    0.000000] BIOS-e820: [mem 0x00000000fffc0000-0x00000000ffffffff] reserved
[    0.000000] printk: legacy bootconsole [earlyser0] enabled
[    0.000000] NX (Execute Disable) protection: active
[    0.000000] APIC: Static calls initialized
[    0.000000] SMBIOS 2.8 present.
[    0.000000] DMI: QEMU Standard PC (i440FX + PIIX, 1996), BIOS rel-1.16.0-0-gd239552ce722-prebuilt.qemu.org 04/01/2014
[    0.000000] Hypervisor detected: KVM
[    0.000000] kvm-clock: Using msrs 4b564d01 and 4b564d00
[    0.000003] kvm-clock: using sched offset of 755523351 cycles
[    0.000440] clocksource: kvm-clock: mask: 0xffffffffffffffff max_cycles: 0x1cd42e4dffb, max_idle_ns: 881590591483 ns
[    0.001775] tsc: Detected 2995.200 MHz processor
[    0.010162] last_pfn = 0x7ffe0 max_arch_pfn = 0x400000000
[    0.010650] MTRR map: 4 entries (3 fixed + 1 variable; max 19), built from 8 variable MTRRs
[    0.011339] x86/PAT: Configuration [0-7]: WB  WC  UC- UC  WB  WP  UC- WT  
[    0.021861] found SMP MP-table at [mem 0x000f5ba0-0x000f5baf]
[    0.022375] Using GB pages for direct mapping
[    0.024981] ACPI: Early table checksum verification disabled
[    0.025455] ACPI: RSDP 0x00000000000F59C0 000014 (v00 BOCHS )
[    0.025956] ACPI: RSDT 0x000000007FFE1951 000034 (v01 BOCHS  BXPC     00000001 BXPC 00000001)
[    0.026675] ACPI: FACP 0x000000007FFE17FD 000074 (v01 BOCHS  BXPC     00000001 BXPC 00000001)
[    0.027400] ACPI: DSDT 0x000000007FFE0040 0017BD (v01 BOCHS  BXPC     00000001 BXPC 00000001)
[    0.028126] ACPI: FACS 0x000000007FFE0000 000040
[    0.028525] ACPI: APIC 0x000000007FFE1871 000080 (v01 BOCHS  BXPC     00000001 BXPC 00000001)
[    0.029251] ACPI: HPET 0x000000007FFE18F1 000038 (v01 BOCHS  BXPC     00000001 BXPC 00000001)
[    0.029966] ACPI: WAET 0x000000007FFE1929 000028 (v01 BOCHS  BXPC     00000001 BXPC 00000001)
[    0.030682] ACPI: Reserving FACP table memory at [mem 0x7ffe17fd-0x7ffe1870]
[    0.031270] ACPI: Reserving DSDT table memory at [mem 0x7ffe0040-0x7ffe17fc]
[    0.031855] ACPI: Reserving FACS table memory at [mem 0x7ffe0000-0x7ffe003f]
[    0.032442] ACPI: Reserving APIC table memory at [mem 0x7ffe1871-0x7ffe18f0]
[    0.033022] ACPI: Reserving HPET table memory at [mem 0x7ffe18f1-0x7ffe1928]
[    0.033605] ACPI: Reserving WAET table memory at [mem 0x7ffe1929-0x7ffe1950]
[    0.034639] No NUMA configuration found
[    0.034963] Faking a node at [mem 0x0000000000000000-0x000000007ffdffff]
[    0.035546] NODE_DATA(0) allocated [mem 0x7ffb5000-0x7ffdffff]
[    0.037832] Zone ranges:
[    0.038067]   DMA      [mem 0x0000000000001000-0x0000000000ffffff]
[    0.038632]   DMA32    [mem 0x0000000001000000-0x000000007ffdffff]
[    0.039203]   Normal   empty
[    0.039451]   Device   empty
[    0.039693] Movable zone start for each node
[    0.040041] Early memory node ranges
[    0.040334]   node   0: [mem 0x0000000000001000-0x000000000009efff]
[    0.040856]   node   0: [mem 0x0000000000100000-0x000000007ffdffff]
[    0.041370] Initmem setup node 0 [mem 0x0000000000001000-0x000000007ffdffff]
[    0.042452] On node 0, zone DMA: 1 pages in unavailable ranges
[    0.043271] On node 0, zone DMA: 97 pages in unavailable ranges
[    0.088468] On node 0, zone DMA32: 32 pages in unavailable ranges
[    0.407120] kasan: KernelAddressSanitizer initialized
[    0.407866] ACPI: PM-Timer IO Port: 0x608
[    0.408253] ACPI: LAPIC_NMI (acpi_id[0xff] dfl dfl lint[0x1])
[    0.408816] IOAPIC[0]: apic_id 0, version 17, address 0xfec00000, GSI 0-23
[    0.409440] ACPI: INT_SRC_OVR (bus 0 bus_irq 0 global_irq 2 dfl dfl)
[    0.409994] ACPI: INT_SRC_OVR (bus 0 bus_irq 5 global_irq 5 high level)
[    0.410567] ACPI: INT_SRC_OVR (bus 0 bus_irq 9 global_irq 9 high level)
[    0.411143] ACPI: INT_SRC_OVR (bus 0 bus_irq 10 global_irq 10 high level)
[    0.411732] ACPI: INT_SRC_OVR (bus 0 bus_irq 11 global_irq 11 high level)
[    0.412335] ACPI: Using ACPI (MADT) for SMP configuration information
[    0.412897] ACPI: HPET id: 0x8086a201 base: 0xfed00000
[    0.413357] TSC deadline timer available
[    0.413703] CPU topo: Max. logical packages:   1
[    0.414103] CPU topo: Max. logical dies:       1
[    0.414511] CPU topo: Max. dies per package:   1
[    0.414919] CPU topo: Max. threads per core:   1
[    0.415357] CPU topo: Num. cores per package:     2
[    0.415793] CPU topo: Num. threads per package:   2
[    0.416216] CPU topo: Allowing 2 present CPUs plus 0 hotplug CPUs
[    0.416802] kvm-guest: APIC: eoi() replaced with kvm_guest_apic_eoi_write()
[    0.417434] kvm-guest: KVM setup pv remote TLB flush
[    0.417866] kvm-guest: setup PV sched yield
[    0.418280] PM: hibernation: Registered nosave memory: [mem 0x00000000-0x00000fff]
[    0.418940] PM: hibernation: Registered nosave memory: [mem 0x0009f000-0x0009ffff]
[    0.419595] PM: hibernation: Registered nosave memory: [mem 0x000a0000-0x000effff]
[    0.420250] PM: hibernation: Registered nosave memory: [mem 0x000f0000-0x000fffff]
[    0.420924] [mem 0x80000000-0xfeffbfff] available for PCI devices
[    0.421498] Booting paravirtualized kernel on KVM
[    0.421918] clocksource: refined-jiffies: mask: 0xffffffff max_cycles: 0xffffffff, max_idle_ns: 7645519600211568 ns
[    0.422864] setup_percpu: NR_CPUS:8192 nr_cpumask_bits:2 nr_cpu_ids:2 nr_node_ids:1
[    0.425114] percpu: Embedded 84 pages/cpu s307200 r8192 d28672 u1048576
[    0.425876] kvm-guest: PV spinlocks enabled
[    0.426265] PV qspinlock hash table entries: 256 (order: 0, 4096 bytes, linear)
[    0.426924] Kernel command line: net.ifnames=0 console=ttyS0 root=/dev/sda earlyprintk=serial net.ifnames=0 plymouth.enable=0
[    0.428262] random: crng init done
[    0.429730] Dentry cache hash table entries: 262144 (order: 9, 2097152 bytes, linear)
[    0.431410] Inode-cache hash table entries: 131072 (order: 8, 1048576 bytes, linear)
[    0.432453] Fallback order for Node 0: 0 
[    0.432469] Built 1 zonelists, mobility grouping on.  Total pages: 515808
[    0.433484] Policy zone: DMA32
[    0.433803] mem auto-init: stack:off, heap alloc:off, heap free:off
[    0.434371] stackdepot: allocating hash table via alloc_large_system_hash
[    0.434996] stackdepot hash table entries: 1048576 (order: 12, 16777216 bytes, linear)
[    0.513003] Memory: 1616716K/2096632K available (75776K kernel code, 14215K rwdata, 16820K rodata, 15068K init, 21624K bss, 479660K reserved, 0K cma-reserved)
[    0.515944] SLUB: HWalign=64, Order=0-3, MinObjects=0, CPUs=2, Nodes=1
[    0.516528] kmemleak: Kernel memory leak detector disabled
[    0.517212] ftrace: allocating 71018 entries in 278 pages
[    0.545141] ftrace: allocated 278 pages with 4 groups
[    0.549896] Dynamic Preempt: voluntary
[    0.550990] Running RCU self tests
[    0.551294] Running RCU synchronous self tests
[    0.551692] rcu: Preemptible hierarchical RCU implementation.
[    0.552189] rcu: 	RCU lockdep checking is enabled.
[    0.552610] rcu: 	RCU restricting CPUs from NR_CPUS=8192 to nr_cpu_ids=2.
[    0.553199] 	Trampoline variant of Tasks RCU enabled.
[    0.553637] 	Rude variant of Tasks RCU enabled.
[    0.554030] 	Tracing variant of Tasks RCU enabled.
[    0.554445] rcu: RCU calculated value of scheduler-enlistment delay is 25 jiffies.
[    0.555099] rcu: Adjusting geometry for rcu_fanout_leaf=16, nr_cpu_ids=2
[    0.555739] Running RCU synchronous self tests
[    0.556129] RCU Tasks: Setting shift to 1 and lim to 1 rcu_task_cb_adjust=1.
[    0.556738] RCU Tasks Rude: Setting shift to 1 and lim to 1 rcu_task_cb_adjust=1.
[    0.557385] RCU Tasks Trace: Setting shift to 1 and lim to 1 rcu_task_cb_adjust=1.
[    0.609940] NR_IRQS: 524544, nr_irqs: 440, preallocated irqs: 16
[    0.611357] rcu: srcu_init: Setting srcu_struct sizes based on contention.
[    0.619912] Console: colour VGA+ 80x25
[    0.620322] printk: legacy console [ttyS0] enabled
[    0.620322] printk: legacy console [ttyS0] enabled
[    0.621177] printk: legacy bootconsole [earlyser0] disabled
[    0.621177] printk: legacy bootconsole [earlyser0] disabled
[    0.622182] Lock dependency validator: Copyright (c) 2006 Red Hat, Inc., Ingo Molnar
[    0.622865] ... MAX_LOCKDEP_SUBCLASSES:  8
[    0.623235] ... MAX_LOCK_DEPTH:          48
[    0.623612] ... MAX_LOCKDEP_KEYS:        8192
[    0.624003] ... CLASSHASH_SIZE:          4096
[    0.624400] ... MAX_LOCKDEP_ENTRIES:     32768
[    0.624800] ... MAX_LOCKDEP_CHAINS:      65536
[    0.625200] ... CHAINHASH_SIZE:          32768
[    0.625602]  memory used by lock dependency info: 6429 kB
[    0.626135]  memory used for stack traces: 4224 kB
[    0.626568]  per task-struct memory footprint: 1920 bytes
[    0.627185] ACPI: Core revision 20230628
[    0.628217] clocksource: hpet: mask: 0xffffffff max_cycles: 0xffffffff, max_idle_ns: 19112604467 ns
[    0.629296] APIC: Switch to symmetric I/O mode setup
[    0.629915] x2apic enabled
[    0.630594] APIC: Switched APIC routing to: physical x2apic
[    0.631100] kvm-guest: APIC: send_IPI_mask() replaced with kvm_send_ipi_mask()
[    0.631775] kvm-guest: APIC: send_IPI_mask_allbutself() replaced with kvm_send_ipi_mask_allbutself()
[    0.632602] kvm-guest: setup PV IPIs
[    0.634312] ..TIMER: vector=0x30 apic1=0 pin1=2 apic2=-1 pin2=-1
[    0.634894] clocksource: tsc-early: mask: 0xffffffffffffffff max_cycles: 0x2b2c8ec87c7, max_idle_ns: 440795278598 ns
[    0.635883] Calibrating delay loop (skipped) preset value.. 5990.40 BogoMIPS (lpj=11980800)
[    0.636785] x86/cpu: User Mode Instruction Prevention (UMIP) activated
[    0.640031] Last level iTLB entries: 4KB 0, 2MB 0, 4MB 0
[    0.640514] Last level dTLB entries: 4KB 0, 2MB 0, 4MB 0, 1GB 0
[    0.641062] Spectre V1 : Mitigation: usercopy/swapgs barriers and __user pointer sanitization
[    0.641819] Spectre V2 : WARNING: Unprivileged eBPF is enabled with eIBRS on, data leaks possible via Spectre v2 BHB attacks!
[    0.642820] Spectre V2 : Mitigation: Enhanced / Automatic IBRS
[    0.643347] Spectre V2 : Spectre v2 / SpectreRSB mitigation: Filling RSB on context switch
[    0.643859] Spectre V2 : Spectre v2 / PBRSB-eIBRS: Retire a single CALL on VMEXIT
[    0.644534] Spectre V2 : mitigation: Enabling conditional Indirect Branch Prediction Barrier
[    0.645304] Speculative Store Bypass: Mitigation: Speculative Store Bypass disabled via prctl
[    0.646058] MMIO Stale Data: Unknown: No mitigations
[    0.646539] x86/fpu: Supporting XSAVE feature 0x001: 'x87 floating point registers'
[    0.647251] x86/fpu: Supporting XSAVE feature 0x002: 'SSE registers'
[    0.647859] x86/fpu: Supporting XSAVE feature 0x004: 'AVX registers'
[    0.648441] x86/fpu: Supporting XSAVE feature 0x200: 'Protection Keys User registers'
[    0.649157] x86/fpu: xstate_offset[2]:  576, xstate_sizes[2]:  256
[    0.649721] x86/fpu: xstate_offset[9]:  832, xstate_sizes[9]:    8
[    0.650285] x86/fpu: Enabled xstate features 0x207, context size is 840 bytes, using 'compacted' format.
[    0.782955] Freeing SMP alternatives memory: 56K
[    0.783415] pid_max: default: 32768 minimum: 301
[    0.784157] LSM: initializing lsm=capability,yama,ima,evm
[    0.784700] Yama: becoming mindful.
[    0.785438] Mount-cache hash table entries: 4096 (order: 3, 32768 bytes, linear)
[    0.786101] Mountpoint-cache hash table entries: 4096 (order: 3, 32768 bytes, linear)
[    0.788878] Running RCU synchronous self tests
[    0.789289] Running RCU synchronous self tests
[    0.790098] smpboot: CPU0: Intel(R) Core(TM) Ultra 7 155H (family: 0x6, model: 0xaa, stepping: 0x4)
[    0.791854] Running RCU Tasks wait API self tests
[    0.791854] Running RCU Tasks Rude wait API self tests
[    0.791854] Running RCU Tasks Trace wait API self tests
[    0.791854] Performance Events: unsupported p6 CPU model 170 no PMU driver, software events only.
[    0.791900] signal: max sigframe size: 3632
[    0.792484] rcu: Hierarchical SRCU implementation.
[    0.792922] rcu: 	Max phase no-delay instances is 1000.
[    0.796016] Callback from call_rcu_tasks_trace() invoked.
[    0.798170] NMI watchdog: Perf NMI watchdog permanently disabled
[    0.799042] smp: Bringing up secondary CPUs ...
[    0.800550] smpboot: x86: Booting SMP configuration:
[    0.801027] .... node  #0, CPUs:      #1
[    0.803973] smp: Brought up 1 node, 2 CPUs
[    0.805187] smpboot: Total of 2 processors activated (11980.80 BogoMIPS)
[    0.810622] devtmpfs: initialized
[    0.812749] x86/mm: Memory block size: 128MB
[    0.824931] Running RCU synchronous self tests
[    0.825052] Running RCU synchronous self tests
[    0.825513] clocksource: jiffies: mask: 0xffffffff max_cycles: 0xffffffff, max_idle_ns: 7645041785100000 ns
[    0.826397] futex hash table entries: 512 (order: 4, 65536 bytes, linear)
[    0.828551] pinctrl core: initialized pinctrl subsystem
[    0.830182] 
[    0.830339] *************************************************************
[    0.830955] **     NOTICE NOTICE NOTICE NOTICE NOTICE NOTICE NOTICE    **
[    0.831571] **                                                         **
[    0.831862] **  IOMMU DebugFS SUPPORT HAS BEEN ENABLED IN THIS KERNEL  **
[    0.832498] **                                                         **
[    0.833133] ** This means that this kernel is built to expose internal **
[    0.833770] ** IOMMU data structures, which may compromise security on **
[    0.834403] ** your system.                                            **
[    0.835038] **                                                         **
[    0.835675] ** If you see this message and you are not debugging the   **
[    0.835866] ** kernel, report this immediately to your vendor!         **
[    0.836502] **                                                         **
[    0.837137] **     NOTICE NOTICE NOTICE NOTICE NOTICE NOTICE NOTICE    **
[    0.837773] *************************************************************
[    0.838488] PM: RTC time: 17:19:16, date: 2024-06-12
[    0.843934] NET: Registered PF_NETLINK/PF_ROUTE protocol family
[    0.846312] DMA: preallocated 256 KiB GFP_KERNEL pool for atomic allocations
[    0.847006] DMA: preallocated 256 KiB GFP_KERNEL|GFP_DMA pool for atomic allocations
[    0.847739] DMA: preallocated 256 KiB GFP_KERNEL|GFP_DMA32 pool for atomic allocations
[    0.848009] audit: initializing netlink subsys (disabled)
[    0.848563] audit: type=2000 audit(1718212757.522:1): state=initialized audit_enabled=0 res=1
[    0.850314] thermal_sys: Registered thermal governor 'fair_share'
[    0.851877] thermal_sys: Registered thermal governor 'bang_bang'
[    0.852450] thermal_sys: Registered thermal governor 'step_wise'
[    0.853011] thermal_sys: Registered thermal governor 'user_space'
[    0.853687] cpuidle: using governor ladder
[    0.854680] cpuidle: using governor menu
[    0.855463] acpiphp: ACPI Hot Plug PCI Controller Driver version: 0.5
[    0.857036] PCI: Using configuration type 1 for base access
[    0.858134] kprobes: kprobe jump-optimization is enabled. All kprobes are optimized if possible.
[    0.860697] HugeTLB: registered 1.00 GiB page size, pre-allocated 0 pages
[    0.861356] HugeTLB: 16380 KiB vmemmap can be freed for a 1.00 GiB page
[    0.861979] HugeTLB: registered 2.00 MiB page size, pre-allocated 0 pages
[    0.862596] HugeTLB: 28 KiB vmemmap can be freed for a 2.00 MiB page
[    0.864419] Demotion targets for Node 0: null
[    0.868596] ACPI: Added _OSI(Module Device)
[    0.869005] ACPI: Added _OSI(Processor Device)
[    0.869417] ACPI: Added _OSI(3.0 _SCP Extensions)
[    0.869851] ACPI: Added _OSI(Processor Aggregator Device)
[    0.904083] ACPI: 1 ACPI AML tables successfully acquired and loaded
[    0.909442] ACPI: _OSC evaluation for CPUs failed, trying _PDC
[    0.914030] ACPI: Interpreter enabled
[    0.914591] ACPI: PM: (supports S0 S3 S4 S5)
[    0.914999] ACPI: Using IOAPIC for interrupt routing
[    0.915655] PCI: Using host bridge windows from ACPI; if necessary, use "pci=nocrs" and report a bug
[    0.915863] PCI: Using E820 reservations for host bridge windows
[    0.918698] ACPI: Enabled 2 GPEs in block 00 to 0F
[    0.989087] Callback from call_rcu_tasks_rude() invoked.
[    1.000815] Callback from call_rcu_tasks() invoked.
[    1.024583] ACPI: PCI Root Bridge [PCI0] (domain 0000 [bus 00-ff])
[    1.025214] acpi PNP0A03:00: _OSC: OS supports [ASPM ClockPM Segments MSI EDR HPX-Type3]
[    1.025938] acpi PNP0A03:00: _OSC: not requesting OS control; OS requires [ExtendedConfig ASPM ClockPM MSI]
[    1.027102] acpi PNP0A03:00: fail to add MMCONFIG information, can't access extended configuration space under this bridge
[    1.036491] acpiphp: Slot [3] registered
[    1.037096] acpiphp: Slot [4] registered
[    1.037695] acpiphp: Slot [5] registered
[    1.038297] acpiphp: Slot [6] registered
[    1.038917] acpiphp: Slot [7] registered
[    1.039542] acpiphp: Slot [8] registered
[    1.040113] acpiphp: Slot [9] registered
[    1.040726] acpiphp: Slot [10] registered
[    1.041385] acpiphp: Slot [11] registered
[    1.042003] acpiphp: Slot [12] registered
[    1.042622] acpiphp: Slot [13] registered
[    1.043231] acpiphp: Slot [14] registered
[    1.043874] acpiphp: Slot [15] registered
[    1.044489] acpiphp: Slot [16] registered
[    1.045098] acpiphp: Slot [17] registered
[    1.045727] acpiphp: Slot [18] registered
[    1.046368] acpiphp: Slot [19] registered
[    1.046975] acpiphp: Slot [20] registered
[    1.047596] acpiphp: Slot [21] registered
[    1.048131] acpiphp: Slot [22] registered
[    1.048774] acpiphp: Slot [23] registered
[    1.049393] acpiphp: Slot [24] registered
[    1.050002] acpiphp: Slot [25] registered
[    1.050612] acpiphp: Slot [26] registered
[    1.051248] acpiphp: Slot [27] registered
[    1.051868] acpiphp: Slot [28] registered
[    1.052510] acpiphp: Slot [29] registered
[    1.053121] acpiphp: Slot [30] registered
[    1.053751] acpiphp: Slot [31] registered
[    1.054248] PCI host bridge to bus 0000:00
[    1.054622] pci_bus 0000:00: root bus resource [io  0x0000-0x0cf7 window]
[    1.055226] pci_bus 0000:00: root bus resource [io  0x0d00-0xffff window]
[    1.055824] pci_bus 0000:00: root bus resource [mem 0x000a0000-0x000bffff window]
[    1.055869] pci_bus 0000:00: root bus resource [mem 0x80000000-0xfebfffff window]
[    1.056541] pci_bus 0000:00: root bus resource [mem 0x100000000-0x17fffffff window]
[    1.057230] pci_bus 0000:00: root bus resource [bus 00-ff]
[    1.058029] pci 0000:00:00.0: [8086:1237] type 00 class 0x060000 conventional PCI endpoint
[    1.080581] pci 0000:00:01.0: [8086:7000] type 00 class 0x060100 conventional PCI endpoint
[    1.083516] pci 0000:00:01.1: [8086:7010] type 00 class 0x010180 conventional PCI endpoint
[    1.089569] pci 0000:00:01.1: BAR 4 [io  0xc040-0xc04f]
[    1.090774] pci 0000:00:01.1: BAR 0 [io  0x01f0-0x01f7]: legacy IDE quirk
[    1.091379] pci 0000:00:01.1: BAR 1 [io  0x03f6]: legacy IDE quirk
[    1.091864] pci 0000:00:01.1: BAR 2 [io  0x0170-0x0177]: legacy IDE quirk
[    1.092463] pci 0000:00:01.1: BAR 3 [io  0x0376]: legacy IDE quirk
[    1.093774] pci 0000:00:01.3: [8086:7113] type 00 class 0x068000 conventional PCI endpoint
[    1.094885] pci 0000:00:01.3: quirk: [io  0x0600-0x063f] claimed by PIIX4 ACPI
[    1.095536] pci 0000:00:01.3: quirk: [io  0x0700-0x070f] claimed by PIIX4 SMB
[    1.096502] pci 0000:00:02.0: [1234:1111] type 00 class 0x030000 conventional PCI endpoint
[    1.112777] pci 0000:00:02.0: BAR 0 [mem 0xfd000000-0xfdffffff pref]
[    1.125384] pci 0000:00:02.0: BAR 2 [mem 0xfebf0000-0xfebf0fff]
[    1.136396] pci 0000:00:02.0: ROM [mem 0xfebe0000-0xfebeffff pref]
[    1.138128] pci 0000:00:02.0: Video device with shadowed ROM at [mem 0x000c0000-0x000dffff]
[    1.163912] pci 0000:00:03.0: [8086:100e] type 00 class 0x020000 conventional PCI endpoint
[    1.166861] pci 0000:00:03.0: BAR 0 [mem 0xfebc0000-0xfebdffff]
[    1.168370] pci 0000:00:03.0: BAR 1 [io  0xc000-0xc03f]
[    1.184116] pci 0000:00:03.0: ROM [mem 0xfeb80000-0xfebbffff pref]
[    1.224479] ACPI: PCI: Interrupt link LNKA configured for IRQ 10
[    1.227398] ACPI: PCI: Interrupt link LNKB configured for IRQ 10
[    1.230024] ACPI: PCI: Interrupt link LNKC configured for IRQ 11
[    1.232788] ACPI: PCI: Interrupt link LNKD configured for IRQ 11
[    1.234292] ACPI: PCI: Interrupt link LNKS configured for IRQ 9
[    1.244615] iommu: Default domain type: Translated
[    1.244615] iommu: DMA domain TLB invalidation policy: lazy mode
[    1.246939] SCSI subsystem initialized
[    1.250931] ACPI: bus type USB registered
[    1.250931] usbcore: registered new interface driver usbfs
[    1.250931] usbcore: registered new interface driver hub
[    1.250931] usbcore: registered new device driver usb
[    1.251425] pps_core: LinuxPPS API ver. 1 registered
[    1.251863] pps_core: Software ver. 5.3.6 - Copyright 2005-2007 Rodolfo Giometti <giometti@linux.it>
[    1.252808] PTP clock support registered
[    1.260317] EDAC MC: Ver: 3.0.0
[    1.266968] NetLabel: Initializing
[    1.267311] NetLabel:  domain hash size = 128
[    1.267716] NetLabel:  protocols = UNLABELED CIPSOv4 CALIPSO
[    1.268189] NetLabel:  unlabeled traffic allowed by default
[    1.269736] PCI: Using ACPI for IRQ routing
[    1.270715] pci 0000:00:02.0: vgaarb: setting as boot VGA device
[    1.271297] pci 0000:00:02.0: vgaarb: bridge control possible
[    1.271830] pci 0000:00:02.0: vgaarb: VGA device added: decodes=io+mem,owns=io+mem,locks=none
[    1.275864] vgaarb: loaded
[    1.277243] hpet0: at MMIO 0xfed00000, IRQs 2, 8, 0
[    1.277729] hpet0: 3 comparators, 64-bit 100.000000 MHz counter
[    1.287855] clocksource: Switched to clocksource kvm-clock
[    1.326242] VFS: Disk quotas dquot_6.6.0
[    1.326774] VFS: Dquot-cache hash table entries: 512 (order 0, 4096 bytes)
[    1.328588] pnp: PnP ACPI init
[    1.336256] pnp: PnP ACPI: found 6 devices
[    1.365421] clocksource: acpi_pm: mask: 0xffffff max_cycles: 0xffffff, max_idle_ns: 2085701024 ns
[    1.367229] NET: Registered PF_INET protocol family
[    1.368164] IP idents hash table entries: 32768 (order: 6, 262144 bytes, linear)
[    1.370957] tcp_listen_portaddr_hash hash table entries: 1024 (order: 4, 73728 bytes, linear)
[    1.371836] Table-perturb hash table entries: 65536 (order: 6, 262144 bytes, linear)
[    1.372923] TCP established hash table entries: 16384 (order: 5, 131072 bytes, linear)
[    1.374232] TCP bind hash table entries: 16384 (order: 9, 2359296 bytes, linear)
[    1.377869] TCP: Hash tables configured (established 16384 bind 16384)
[    1.378790] UDP hash table entries: 1024 (order: 5, 163840 bytes, linear)
[    1.379591] UDP-Lite hash table entries: 1024 (order: 5, 163840 bytes, linear)
[    1.380936] NET: Registered PF_UNIX/PF_LOCAL protocol family
[    1.432128] RPC: Registered named UNIX socket transport module.
[    1.432968] RPC: Registered udp transport module.
[    1.433570] RPC: Registered tcp transport module.
[    1.434168] RPC: Registered tcp-with-tls transport module.
[    1.434856] RPC: Registered tcp NFSv4.1 backchannel transport module.
[    1.435704] pci_bus 0000:00: resource 4 [io  0x0000-0x0cf7 window]
[    1.436478] pci_bus 0000:00: resource 5 [io  0x0d00-0xffff window]
[    1.437232] pci_bus 0000:00: resource 6 [mem 0x000a0000-0x000bffff window]
[    1.437998] pci_bus 0000:00: resource 7 [mem 0x80000000-0xfebfffff window]
[    1.438765] pci_bus 0000:00: resource 8 [mem 0x100000000-0x17fffffff window]
[    1.440250] pci 0000:00:01.0: PIIX3: Enabling Passive Release
[    1.440883] pci 0000:00:00.0: Limiting direct PCI/PCI transfers
[    1.441615] PCI: CLS 0 bytes, default 64
[    1.442199] ACPI: bus type thunderbolt registered
[    1.443336] clocksource: tsc: mask: 0xffffffffffffffff max_cycles: 0x2b2c8ec87c7, max_idle_ns: 440795278598 ns
[    3.323398] Initialise system trusted keyrings
[    3.324351] Key type blacklist registered
[    3.325336] workingset: timestamp_bits=36 max_order=19 bucket_order=0
[    3.325954] zbud: loaded
[    3.330022] squashfs: version 4.0 (2009/01/31) Phillip Lougher
[    3.335385] NFS: Registering the id_resolver key type
[    3.335926] Key type id_resolver registered
[    3.336316] Key type id_legacy registered
[    3.336775] nfs4filelayout_init: NFSv4 File Layout Driver Registering...
[    3.337443] nfs4flexfilelayout_init: NFSv4 Flexfile Layout Driver Registering...
[    3.338677] fuse: init (API version 7.39)
[    3.340182] SGI XFS with ACLs, security attributes, realtime, quota, no debug enabled
[    3.343689] 9p: Installing v9fs 9p2000 file system support
[    3.358345] Key type asymmetric registered
[    3.358756] Asymmetric key parser 'x509' registered
[    3.359499] Block layer SCSI generic (bsg) driver version 0.4 loaded (major 243)
[    3.361161] io scheduler mq-deadline registered
[    3.361713] io scheduler bfq registered
[    3.363768] shpchp: Standard Hot Plug PCI Controller Driver version: 0.4
[    3.365827] IPMI message handler: version 39.2
[    3.366379] ipmi device interface
[    3.370112] input: Power Button as /devices/LNXSYSTM:00/LNXPWRBN:00/input/input0
[    3.371589] ACPI: button: Power Button [PWRF]
[    3.374446] ERST DBG: ERST support is disabled.
[    3.376840] Serial: 8250/16550 driver, 32 ports, IRQ sharing enabled
[    3.379391] 00:04: ttyS0 at I/O 0x3f8 (irq = 4, base_baud = 115200) is a 16550A
[    3.425330] Linux agpgart interface v0.103
[    3.428901] ACPI: bus type drm_connector registered
[    3.459232] brd: module loaded
[    3.488495] loop: module loaded
[    3.506479] scsi host0: ata_piix
[    3.509755] scsi host1: ata_piix
[    3.511316] ata1: PATA max MWDMA2 cmd 0x1f0 ctl 0x3f6 bmdma 0xc040 irq 14 lpm-pol 0
[    3.512110] ata2: PATA max MWDMA2 cmd 0x170 ctl 0x376 bmdma 0xc048 irq 15 lpm-pol 0
[    3.516702] tun: Universal TUN/TAP device driver, 1.6
[    3.518023] e100: Intel(R) PRO/100 Network Driver
[    3.518494] e100: Copyright(c) 1999-2006 Intel Corporation
[    3.519166] e1000: Intel(R) PRO/1000 Network Driver
[    3.519649] e1000: Copyright (c) 1999-2006 Intel Corporation.
[    3.676674] ata1: found unknown device (class 0)
[    3.680178] ata2: found unknown device (class 0)
[    3.685339] ata1.00: ATA-7: QEMU HARDDISK, 2.5+, max UDMA/100
[    3.685933] ata1.00: 17196647 sectors, multi 16: LBA48 
[    3.686620] ata2.00: ATAPI: QEMU DVD-ROM, 2.5+, max UDMA/100
[    3.689394] scsi 0:0:0:0: Direct-Access     ATA      QEMU HARDDISK    2.5+ PQ: 0 ANSI: 5
[    3.694716] sd 0:0:0:0: [sda] 17196647 512-byte logical blocks: (8.80 GB/8.20 GiB)
[    3.695656] sd 0:0:0:0: Attached scsi generic sg0 type 0
[    3.696737] sd 0:0:0:0: [sda] Write Protect is off
[    3.697348] sd 0:0:0:0: [sda] Write cache: enabled, read cache: enabled, doesn't support DPO or FUA
[    3.698487] sd 0:0:0:0: [sda] Preferred minimum I/O size 512 bytes
[    3.699266] scsi 1:0:0:0: CD-ROM            QEMU     QEMU DVD-ROM     2.5+ PQ: 0 ANSI: 5
[    3.710049] sd 0:0:0:0: [sda] Attached SCSI disk
[    3.722127] scsi 1:0:0:0: Attached scsi generic sg1 type 5
[    5.550246] ACPI: \_SB_.LNKC: Enabled at IRQ 11
[    5.880878] e1000 0000:00:03.0 eth0: (PCI:33MHz:32-bit) 52:54:00:12:34:56
[    5.881558] e1000 0000:00:03.0 eth0: Intel(R) PRO/1000 Network Connection
[    5.882355] e1000e: Intel(R) PRO/1000 Network Driver
[    5.882779] e1000e: Copyright(c) 1999 - 2015 Intel Corporation.
[    5.883373] igb: Intel(R) Gigabit Ethernet Network Driver
[    5.883811] igb: Copyright (c) 2007-2014 Intel Corporation.
[    5.884563] PPP generic driver version 2.4.2
[    5.887733] VFIO - User Level meta-driver version: 0.3
[    5.894214] usbcore: registered new interface driver uas
[    5.894752] usbcore: registered new interface driver usb-storage
[    5.895616] i8042: PNP: PS/2 Controller [PNP0303:KBD,PNP0f13:MOU] at 0x60,0x64 irq 1,12
[    5.897382] serio: i8042 KBD port at 0x60,0x64 irq 1
[    5.897871] serio: i8042 AUX port at 0x60,0x64 irq 12
[    5.901095] mousedev: PS/2 mouse device common for all mice
[    5.903834] rtc_cmos 00:05: RTC can wake from S4
[    5.904790] input: AT Translated Set 2 keyboard as /devices/platform/i8042/serio0/input/input1
[    5.914901] rtc_cmos 00:05: registered as rtc0
[    5.915679] rtc_cmos 00:05: setting system clock to 2024-06-12T17:19:21 UTC (1718212761)
[    5.916914] input: VirtualPS/2 VMware VMMouse as /devices/platform/i8042/serio1/input/input4
[    5.919659] input: VirtualPS/2 VMware VMMouse as /devices/platform/i8042/serio1/input/input3
[    5.921166] rtc_cmos 00:05: alarms up to one day, y3k, 242 bytes nvram, hpet irqs
[    5.921907] i2c_dev: i2c /dev entries driver
[    5.922490] device-mapper: core: CONFIG_IMA_DISABLE_HTABLE is disabled. Duplicate IMA measurements will not be recorded in the IMA log.
[    5.923571] device-mapper: uevent: version 1.0.3
[    5.925073] device-mapper: ioctl: 4.48.0-ioctl (2023-03-01) initialised: dm-devel@lists.linux.dev
[    5.925835] intel_pstate: CPU model not supported
[    5.926524] sdhci: Secure Digital Host Controller Interface driver
[    5.927042] sdhci: Copyright(c) Pierre Ossman
[    5.927586] sdhci-pltfm: SDHCI platform and OF driver helper
[    5.928192] ledtrig-cpu: registered to indicate activity on CPUs
[    5.929409] drop_monitor: Initializing network drop monitor service
[    5.930423] NET: Registered PF_INET6 protocol family
[    5.935940] Segment Routing with IPv6
[    5.936744] In-situ OAM (IOAM) with IPv6
[    5.937609] NET: Registered PF_PACKET protocol family
[    5.938691] 9pnet: Installing 9P2000 support
[    5.939540] Key type dns_resolver registered
[    5.942888] IPI shorthand broadcast: enabled
[    6.001829] sched_clock: Marking stable (5980005909, 19869870)->(6007173510, -7297731)
[    6.003708] Timer migration: 1 hierarchy levels; 8 children per group; 1 crossnode level
[    6.004906] registered taskstats version 1
[    6.006212] Loading compiled-in X.509 certificates
[    6.066741] Key type .fscrypt registered
[    6.067468] Key type fscrypt-provisioning registered
[    6.075643] Key type encrypted registered
[    6.076120] ima: No TPM chip found, activating TPM-bypass!
[    6.076649] ima: Allocated hash algorithm: sha1
[    6.077177] ima: No architecture policies found
[    6.077774] evm: Initialising EVM extended attributes:
[    6.078240] evm: security.selinux
[    6.078547] evm: security.SMACK64
[    6.078851] evm: security.SMACK64EXEC
[    6.079184] evm: security.SMACK64TRANSMUTE
[    6.079554] evm: security.SMACK64MMAP
[    6.079903] evm: security.apparmor
[    6.080217] evm: security.ima
[    6.080491] evm: security.capability
[    6.080817] evm: HMAC attrs: 0x1
[    6.085381] PM:   Magic number: 12:974:339
[    6.089411] RAS: Correctable Errors collector initialized.
[    6.090454] clk: Disabling unused clocks
[    6.090826] PM: genpd: Disabling unused power domains
[    6.092563] md: Waiting for all devices to be available before autodetect
[    6.092972] md: If you don't use raid, use raid=noautodetect
[    6.093324] md: Autodetecting RAID arrays.
[    6.093592] md: autorun ...
[    6.093769] md: ... autorun DONE.
[    6.107867] EXT4-fs (sda): mounted filesystem 088740a9-c8b4-422c-999d-a804eb68a4da ro with ordered data mode. Quota mode: none.
[    6.108675] VFS: Mounted root (ext4 filesystem) readonly on device 8:0.
[    6.111499] devtmpfs: mounted
[    6.134896] Freeing unused decrypted memory: 2028K
[    6.145365] Freeing unused kernel image (initmem) memory: 15068K
[    6.145725] Write protecting the kernel read-only data: 94208k
[    6.148544] Freeing unused kernel image (rodata/data gap) memory: 1612K
[    6.223863] x86/mm: Checked W+X mappings: passed, no W+X pages found.
[    6.224301] Run /sbin/init as init process
[    6.394751] systemd[1]: systemd 252-15.el9 running in system mode (+PAM +AUDIT +SELINUX -APPARMOR +IMA +SMACK +SECCOMP +GCRYPT +GNUTLS +OPENSSL +ACL +BLKID +CURL +ELFUTILS -FIDO2 +IDN2 -IDN -IPTC +KMOD +LIBCRYPTSETUP +LIBFDISK +PCRE2 -PWQUALITY +P11KIT -QRENCODE +TPM2 +BZIP2 +LZ4 +XZ +ZLIB +ZSTD -BPF_FRAMEWORK +XKBCOMMON +UTMP +SYSVINIT default-hierarchy=unified)
[    6.397134] systemd[1]: Detected virtualization kvm.
[    6.397459] systemd[1]: Detected architecture x86-64.

Welcome to [0;31mCentOS Stream 9[0m!

[    6.405555] systemd[1]: Hostname set to <test>.
[    6.801844] systemd-rc-local-generator[125]: /etc/rc.d/rc.local is not marked executable, skipping.
[    7.160611] systemd[1]: Queued start job for default target Multi-User System.
[    7.200004] systemd[1]: Created slice Virtual Machine and Container Slice.
[[0;32m  OK  [0m] Created slice [0;1;39mVirtual Machine and Container Slice[0m.
[    7.206518] systemd[1]: Created slice Slice /system/getty.
[[0;32m  OK  [0m] Created slice [0;1;39mSlice /system/getty[0m.
[    7.209855] systemd[1]: Created slice Slice /system/modprobe.
[[0;32m  OK  [0m] Created slice [0;1;39mSlice /system/modprobe[0m.
[    7.213178] systemd[1]: Created slice Slice /system/serial-getty.
[[0;32m  OK  [0m] Created slice [0;1;39mSlice /system/serial-getty[0m.
[    7.216582] systemd[1]: Created slice Slice /system/sshd-keygen.
[[0;32m  OK  [0m] Created slice [0;1;39mSlice /system/sshd-keygen[0m.
[    7.219813] systemd[1]: Created slice User and Session Slice.
[[0;32m  OK  [0m] Created slice [0;1;39mUser and Session Slice[0m.
[    7.221520] systemd[1]: Started Forward Password Requests to Wall Directory Watch.
[[0;32m  OK  [0m] Started [0;1;39mForward Password R…uests to Wall Directory Watch[0m.
[    7.224203] systemd[1]: Set up automount Arbitrary Executable File Formats File System Automount Point.
[[0;32m  OK  [0m] Set up automount [0;1;39mArbitrary…s File System Automount Point[0m.
[    7.225695] systemd[1]: Reached target Local Integrity Protected Volumes.
[[0;32m  OK  [0m] Reached target [0;1;39mLocal Integrity Protected Volumes[0m.
[    7.226888] systemd[1]: Reached target Slice Units.
[[0;32m  OK  [0m] Reached target [0;1;39mSlice Units[0m.
[    7.227807] systemd[1]: Reached target Swaps.
[[0;32m  OK  [0m] Reached target [0;1;39mSwaps[0m.
[    7.228688] systemd[1]: Reached target Local Verity Protected Volumes.
[[0;32m  OK  [0m] Reached target [0;1;39mLocal Verity Protected Volumes[0m.
[    7.230293] systemd[1]: Listening on Device-mapper event daemon FIFOs.
[[0;32m  OK  [0m] Listening on [0;1;39mDevice-mapper event daemon FIFOs[0m.
[    7.232328] systemd[1]: Listening on LVM2 poll daemon socket.
[[0;32m  OK  [0m] Listening on [0;1;39mLVM2 poll daemon socket[0m.
[    7.233602] systemd[1]: multipathd control socket was skipped because of an unmet condition check (ConditionPathExists=/etc/multipath.conf).
[    7.302943] systemd[1]: Listening on RPCbind Server Activation Socket.
[[0;32m  OK  [0m] Listening on [0;1;39mRPCbind Server Activation Socket[0m.
[    7.304674] systemd[1]: Reached target RPC Port Mapper.
[[0;32m  OK  [0m] Reached target [0;1;39mRPC Port Mapper[0m.
[    7.308886] systemd[1]: Listening on Process Core Dump Socket.
[[0;32m  OK  [0m] Listening on [0;1;39mProcess Core Dump Socket[0m.
[    7.311065] systemd[1]: Listening on initctl Compatibility Named Pipe.
[[0;32m  OK  [0m] Listening on [0;1;39minitctl Compatibility Named Pipe[0m.
[    7.313897] systemd[1]: Listening on Journal Socket (/dev/log).
[[0;32m  OK  [0m] Listening on [0;1;39mJournal Socket (/dev/log)[0m.
[    7.316122] systemd[1]: Listening on Journal Socket.
[[0;32m  OK  [0m] Listening on [0;1;39mJournal Socket[0m.
[    7.318199] systemd[1]: Listening on udev Control Socket.
[[0;32m  OK  [0m] Listening on [0;1;39mudev Control Socket[0m.
[    7.319654] systemd[1]: Listening on udev Kernel Socket.
[[0;32m  OK  [0m] Listening on [0;1;39mudev Kernel Socket[0m.
[    7.360555] systemd[1]: Mounting Huge Pages File System...
         Mounting [0;1;39mHuge Pages File System[0m...
[    7.378787] systemd[1]: Mounting POSIX Message Queue File System...
         Mounting [0;1;39mPOSIX Message Queue File System[0m...
[    7.388084] systemd[1]: Mounting Kernel Debug File System...
         Mounting [0;1;39mKernel Debug File System[0m...
[    7.400185] systemd[1]: Mounting Kernel Trace File System...
         Mounting [0;1;39mKernel Trace File System[0m...
[    7.404211] systemd[1]: Kernel Module supporting RPCSEC_GSS was skipped because of an unmet condition check (ConditionPathExists=/etc/krb5.keytab).
[    7.405241] systemd[1]: Create List of Static Device Nodes was skipped because of an unmet condition check (ConditionFileNotEmpty=/lib/modules/6.8.0-902861e34c40+/modules.devname).
[    7.414072] systemd[1]: Starting Monitoring of LVM2 mirrors, snapshots etc. using dmeventd or progress polling...
         Starting [0;1;39mMonitoring of LVM…meventd or progress polling[0m...
[    7.425104] systemd[1]: Starting Load Kernel Module configfs...
         Starting [0;1;39mLoad Kernel Module configfs[0m...
[    7.434407] systemd[1]: Starting Load Kernel Module drm...
         Starting [0;1;39mLoad Kernel Module drm[0m...
[    7.456315] systemd[1]: Starting Load Kernel Module fuse...
         Starting [0;1;39mLoad Kernel Module fuse[0m...
[    7.474926] systemd[1]: Starting Read and set NIS domainname from /etc/sysconfig/network...
         Starting [0;1;39mRead and set NIS …from /etc/sysconfig/network[0m...
[    7.516553] systemd[1]: Starting Journal Service...
         Starting [0;1;39mJournal Service[0m...
[    7.544363] systemd[1]: Starting Load Kernel Modules...
         Starting [0;1;39mLoad Kernel Modules[0m...
[    7.563999] systemd[1]: Starting Generate network units from Kernel command line...
         Starting [0;1;39mGenerate network …ts from Kernel command line[0m...
[    7.595758] systemd[1]: Starting Remount Root and Kernel File Systems...
         Starting [0;1;39mRemount Root and Kernel File Systems[0m...
[    7.604347] systemd[1]: Repartition Root Disk was skipped because no trigger condition checks were met.
[    7.639622] systemd[1]: Starting Coldplug All udev Devices...
         Starting [0;1;39mColdplug All udev Devices[0m...
[    7.671621] systemd[1]: Mounted Huge Pages File System.
[[0;32m  OK  [0m] Mounted [0;1;39mHuge Pages File System[0m.
[    7.677478] systemd[1]: Mounted POSIX Message Queue File System.
[[0;32m  OK  [0m] Mounted [0;1;39mPOSIX Message Queue File System[0m.
[    7.682027] systemd[1]: Mounted Kernel Debug File System.
[[0;32m  OK  [0m] Mounted [0;1;39mKernel Debug File System[0m.
[    7.684451] systemd[1]: Mounted Kernel Trace File System.
[[0;32m  OK  [0m] Mounted [0;1;39mKernel Trace File System[0m.
[    7.685974] EXT4-fs (sda): re-mounted 088740a9-c8b4-422c-999d-a804eb68a4da r/w. Quota mode: none.
[    7.697189] systemd[1]: Finished Monitoring of LVM2 mirrors, snapshots etc. using dmeventd or progress polling.
[[0;32m  OK  [0m] Finished [0;1;39mMonitoring of LVM… dmeventd or progress polling[0m.
[    7.703092] systemd[1]: modprobe@configfs.service: Deactivated successfully.
[    7.706744] systemd[1]: Finished Load Kernel Module configfs.
[[0;32m  OK  [0m] Finished [0;1;39mLoad Kernel Module configfs[0m.
[    7.710023] systemd[1]: modprobe@drm.service: Deactivated successfully.
[    7.712501] systemd[1]: Finished Load Kernel Module drm.
[[0;32m  OK  [0m] Finished [0;1;39mLoad Kernel Module drm[0m.
[    7.715521] systemd[1]: modprobe@fuse.service: Deactivated successfully.
[    7.717928] systemd[1]: Finished Load Kernel Module fuse.
[[0;32m  OK  [0m] Finished [0;1;39mLoad Kernel Module fuse[0m.
[    7.723138] systemd[1]: Finished Read and set NIS domainname from /etc/sysconfig/network.
[[0;32m  OK  [0m] Finished [0;1;39mRead and set NIS …e from /etc/sysconfig/network[0m.
[    7.725775] systemd[1]: systemd-modules-load.service: Main process exited, code=exited, status=1/FAILURE
[    7.727463] systemd[1]: systemd-modules-load.service: Failed with result 'exit-code'.
[    7.729769] systemd[1]: Failed to start Load Kernel Modules.
[[0;1;31mFAILED[0m] Failed to start [0;1;39mLoad Kernel Modules[0m.
See 'systemctl status systemd-modules-load.service' for details.
[    7.736558] systemd[1]: Finished Generate network units from Kernel command line.
[[0;32m  OK  [0m] Finished [0;1;39mGenerate network units from Kernel command line[0m.
[    7.741628] systemd[1]: Finished Remount Root and Kernel File Systems.
[[0;32m  OK  [0m] Finished [0;1;39mRemount Root and Kernel File Systems[0m.
[    7.744647] systemd[1]: Reached target Preparation for Network.
[[0;32m  OK  [0m] Reached target [0;1;39mPreparation for Network[0m.
[    7.776571] systemd[1]: Mounting FUSE Control File System...
         Mounting [0;1;39mFUSE Control File System[0m...
[    7.798710] systemd[1]: Mounting Kernel Configuration File System...
         Mounting [0;1;39mKernel Configuration File System[0m...
[    7.801287] systemd[1]: Special handling of early boot iSCSI sessions was skipped because of an unmet condition check (ConditionDirectoryNotEmpty=/sys/class/iscsi_session).
[    7.802498] systemd[1]: First Boot Wizard was skipped because of an unmet condition check (ConditionFirstBoot=yes).
[    7.807326] systemd[1]: Rebuild Hardware Database was skipped because of an unmet condition check (ConditionNeedsUpdate=/etc).
[    7.816821] systemd[1]: Starting Load/Save Random Seed...
         Starting [0;1;39mLoad/Save Random Seed[0m...
[    7.860077] systemd[1]: Starting Apply Kernel Variables...
         Starting [0;1;39mApply Kernel Variables[0m...
[    7.867050] systemd[1]: Create System Users was skipped because no trigger condition checks were met.
[    7.880397] systemd[1]: Starting Create Static Device Nodes in /dev...
         Starting [0;1;39mCreate Static Device Nodes in /dev[0m...
[    7.900717] systemd[1]: Starting Setup Virtual Console...
         Starting [0;1;39mSetup Virtual Console[0m...
[    7.925779] systemd[1]: Started Journal Service.
[[0;32m  OK  [0m] Started [0;1;39mJournal Service[0m.
[[0;32m  OK  [0m] Mounted [0;1;39mFUSE Control File System[0m.
[[0;32m  OK  [0m] Mounted [0;1;39mKernel Configuration File System[0m.
[[0;32m  OK  [0m] Finished [0;1;39mLoad/Save Random Seed[0m.
         Starting [0;1;39mFlush Journal to Persistent Storage[0m...
[[0;32m  OK  [0m] Finished [0;1;39mApply Kernel Variables[0m.
[[0;32m  OK  [0m] Finished [0;1;39mCreate Static Device Nodes in /dev[0m.
[    8.093339] systemd-journald[147]: Received client request to flush runtime journal.
         Starting [0;1;39mRule-based Manage…for Device Events and Files[0m...
[[0;32m  OK  [0m] Finished [0;1;39mFlush Journal to Persistent Storage[0m.
[[0;32m  OK  [0m] Started [0;1;39mRule-based Manager for Device Events and Files[0m.
         Starting [0;1;39mAuto-connect to s…E devices found during boot[0m...
[[0;32m  OK  [0m] Finished [0;1;39mAuto-connect to s…VME devices found during boot[0m.
[[0;32m  OK  [0m] Finished [0;1;39mSetup Virtual Console[0m.
[[0;32m  OK  [0m] Finished [0;1;39mColdplug All udev Devices[0m.
[[0;32m  OK  [0m] Started [0;1;39mDispatch Password …ts to Console Directory Watch[0m.
[[0;32m  OK  [0m] Reached target [0;1;39mLocal Encrypted Volumes[0m.
[[0;32m  OK  [0m] Reached target [0;1;39mPath Units[0m.
         Starting [0;1;39mWait for udev To …plete Device Initialization[0m...
[[0;32m  OK  [0m] Found device [0;1;39m/dev/ttyS0[0m.
[[0;32m  OK  [0m] Listening on [0;1;39mLoad/Save RF …itch Status /dev/rfkill Watch[0m.
[[0;32m  OK  [0m] Finished [0;1;39mWait for udev To Complete Device Initialization[0m.
[[0;32m  OK  [0m] Reached target [0;1;39mPreparation for Local File Systems[0m.
[[0;32m  OK  [0m] Reached target [0;1;39mLocal File Systems[0m.
         Starting [0;1;39mTell Plymouth To Write Out Runtime Data[0m...
         Starting [0;1;39mAutomatic Boot Loader Update[0m...
         Starting [0;1;39mCreate Volatile Files and Directories[0m...
[[0;32m  OK  [0m] Finished [0;1;39mTell Plymouth To Write Out Runtime Data[0m.
[[0;32m  OK  [0m] Finished [0;1;39mAutomatic Boot Loader Update[0m.
[[0;32m  OK  [0m] Finished [0;1;39mCreate Volatile Files and Directories[0m.
         Mounting [0;1;39mRPC Pipe File System[0m...
         Starting [0;1;39mSecurity Auditing Service[0m...
         Starting [0;1;39mRPC Bind[0m...
[[0;32m  OK  [0m] Mounted [0;1;39mRPC Pipe File System[0m.
[[0;32m  OK  [0m] Reached target [0;1;39mrpc_pipefs.target[0m.
[[0;32m  OK  [0m] Started [0;1;39mRPC Bind[0m.
[[0;32m  OK  [0m] Started [0;1;39mSecurity Auditing Service[0m.
         Starting [0;1;39mRecord System Boot/Shutdown in UTMP[0m...
[[0;32m  OK  [0m] Finished [0;1;39mRecord System Boot/Shutdown in UTMP[0m.
[[0;32m  OK  [0m] Reached target [0;1;39mSystem Initialization[0m.
[[0;32m  OK  [0m] Started [0;1;39mDaily rotation of log files[0m.
[[0;32m  OK  [0m] Started [0;1;39mUpdates mlocate database every day[0m.
[[0;32m  OK  [0m] Started [0;1;39mDaily Cleanup of Temporary Directories[0m.
[[0;32m  OK  [0m] Started [0;1;39mdaily update of the root trust anchor for DNSSEC[0m.
[[0;32m  OK  [0m] Reached target [0;1;39mTimer Units[0m.
[[0;32m  OK  [0m] Listening on [0;1;39mD-Bus System Message Bus Socket[0m.
[[0;32m  OK  [0m] Listening on [0;1;39mOpen-iSCSI iscsid Socket[0m.
[[0;32m  OK  [0m] Listening on [0;1;39mOpen-iSCSI iscsiuio Socket[0m.
[[0;32m  OK  [0m] Listening on [0;1;39mSSSD Kerberos…ache Manager responder socket[0m.
[[0;32m  OK  [0m] Listening on [0;1;39mLibvirt interface local socket[0m.
[[0;32m  OK  [0m] Listening on [0;1;39mVirtual machine lock manager socket[0m.
[[0;32m  OK  [0m] Listening on [0;1;39mVirtual machine log manager socket[0m.
[[0;32m  OK  [0m] Listening on [0;1;39mLibvirt network local socket[0m.
[[0;32m  OK  [0m] Listening on [0;1;39mLibvirt nodedev local socket[0m.
[[0;32m  OK  [0m] Listening on [0;1;39mLibvirt nwfilter local socket[0m.
[[0;32m  OK  [0m] Listening on [0;1;39mLibvirt proxy local socket[0m.
[[0;32m  OK  [0m] Listening on [0;1;39mLibvirt qemu local socket[0m.
[[0;32m  OK  [0m] Listening on [0;1;39mLibvirt qemu admin socket[0m.
[[0;32m  OK  [0m] Listening on [0;1;39mLibvirt qemu local read-only socket[0m.
[[0;32m  OK  [0m] Listening on [0;1;39mLibvirt secret local socket[0m.
[[0;32m  OK  [0m] Listening on [0;1;39mLibvirt storage local socket[0m.
[[0;32m  OK  [0m] Reached target [0;1;39mSocket Units[0m.
         Starting [0;1;39mD-Bus System Message Bus[0m...
[[0;32m  OK  [0m] Started [0;1;39mD-Bus System Message Bus[0m.
[[0;32m  OK  [0m] Reached target [0;1;39mBasic System[0m.
         Starting [0;1;39mNetwork Manager[0m...
         Starting [0;1;39mNTP client/server[0m...
         Starting [0;1;39mRestore /run/initramfs on shutdown[0m...
[[0;32m  OK  [0m] Started [0;1;39mirqbalance daemon[0m.
[[0;32m  OK  [0m] Started [0;1;39mlibstoragemgmt plug-in server daemon[0m.
[[0;32m  OK  [0m] Started [0;1;39mMachine Check Exception Logging Daemon[0m.
[[0;32m  OK  [0m] Reached target [0;1;39msshd-keygen.target[0m.
[[0;32m  OK  [0m] Reached target [0;1;39mUser and Group Name Lookups[0m.
         Starting [0;1;39mUser Login Management[0m...
         Starting [0;1;39mVirtual Machine a…tainer Registration Service[0m...
         Starting [0;1;39mupdate of the roo…NSSEC validation in unbound[0m...
         Starting [0;1;39mRotate log files[0m...
[[0;32m  OK  [0m] Started [0;1;39mUpdate a database for mlocate[0m.
[[0;32m  OK  [0m] Started [0;1;39mNTP client/server[0m.
[[0;32m  OK  [0m] Finished [0;1;39mRestore /run/initramfs on shutdown[0m.
[[0;32m  OK  [0m] Started [0;1;39mVirtual Machine an…ontainer Registration Service[0m.
         Starting [0;1;39mHostname Service[0m...
[[0;32m  OK  [0m] Finished [0;1;39mupdate of the roo… DNSSEC validation in unbound[0m.
[[0;32m  OK  [0m] Started [0;1;39mUser Login Management[0m.
[[0;32m  OK  [0m] Finished [0;1;39mRotate log files[0m.
[[0;32m  OK  [0m] Started [0;1;39mHostname Service[0m.
         Starting [0;1;39mNetwork Manager Script Dispatcher Service[0m...
[[0;32m  OK  [0m] Started [0;1;39mNetwork Manager Script Dispatcher Service[0m.
[   12.885260] e1000: eth0 NIC Link is Up 1000 Mbps Full Duplex, Flow Control: RX
[[0;32m  OK  [0m] Started [0;1;39mNetwork Manager[0m.
[[0;32m  OK  [0m] Reached target [0;1;39mNetwork[0m.
[[0;32m  OK  [0m] Reached target [0;1;39mNetwork is Online[0m.
         Starting [0;1;39mGSSAPI Proxy Daemon[0m...
         Starting [0;1;39mNotify NFS peers of a restart[0m...
         Starting [0;1;39mSystem Logging Service[0m...
         Starting [0;1;39mOpenSSH server daemon[0m...
         Starting [0;1;39mDynamic System Tuning Daemon[0m...
[[0;32m  OK  [0m] Started [0;1;39mNotify NFS peers of a restart[0m.
[[0;32m  OK  [0m] Started [0;1;39mGSSAPI Proxy Daemon[0m.
[[0;32m  OK  [0m] Reached target [0;1;39mNFS client services[0m.
[[0;32m  OK  [0m] Reached target [0;1;39mPreparation for Remote File Systems[0m.
[[0;32m  OK  [0m] Reached target [0;1;39mRemote File Systems[0m.
         Starting [0;1;39mPermit User Sessions[0m...
         Starting [0;1;39mVirtualization qemu daemon[0m...
[[0;32m  OK  [0m] Started [0;1;39mOpenSSH server daemon[0m.
[[0;32m  OK  [0m] Started [0;1;39mSystem Logging Service[0m.
[[0;32m  OK  [0m] Finished [0;1;39mPermit User Sessions[0m.
[[0;32m  OK  [0m] Started [0;1;39mDeferred execution scheduler[0m.
[[0;32m  OK  [0m] Started [0;1;39mCommand Scheduler[0m.
         Starting [0;1;39mHold until boot process finishes up[0m...
         Starting [0;1;39mTerminate Plymouth Boot Screen[0m...
[[0;32m  OK  [0m] Finished [0;1;39mHold until boot process finishes up[0m.
[[0;32m  OK  [0m] Started [0;1;39mGetty on tty1[0m.
[[0;32m  OK  [0m] Started [0;1;39mSerial Getty on ttyS0[0m.
[[0;32m  OK  [0m] Reached target [0;1;39mLogin Prompts[0m.
[[0;32m  OK  [0m] Started [0;1;39mVirtualization qemu daemon[0m.
[[0;32m  OK  [0m] Finished [0;1;39mTerminate Plymouth Boot Screen[0m.
         Starting [0;1;39mAuthorization Manager[0m...
[[0;32m  OK  [0m] Started [0;1;39mAuthorization Manager[0m.
[[0;32m  OK  [0m] Started [0;1;39mDynamic System Tuning Daemon[0m.
[[0;32m  OK  [0m] Reached target [0;1;39mMulti-User System[0m.
         Starting [0;1;39mRecord Runlevel Change in UTMP[0m...
[[0;32m  OK  [0m] Finished [0;1;39mRecord Runlevel Change in UTMP[0m.

CentOS Stream 9
Kernel 6.8.0-902861e34c40+ on an x86_64

Activate the web console with: systemctl enable --now cockpit.socket

test login: [   23.845508] ==================================================================
[   23.846349] BUG: KASAN: slab-use-after-free in arena_vm_close+0x1b1/0x1d0
[   23.847141] Read of size 8 at addr ffff88800b275548 by task repro/728
[   23.847809] 
[   23.847998] CPU: 0 PID: 728 Comm: repro Not tainted 6.8.0-902861e34c40+ #1
[   23.848728] Hardware name: QEMU Standard PC (i440FX + PIIX, 1996), BIOS rel-1.16.0-0-gd239552ce722-prebuilt.qemu.org 04/01/2014
[   23.849875] Call Trace:
[   23.850144]  <TASK>
[   23.850374]  dump_stack_lvl+0xea/0x150
[   23.850782]  print_report+0xce/0x610
[   23.851130]  ? arena_vm_close+0x1b1/0x1d0
[   23.851503]  ? kasan_complete_mode_report_info+0x80/0x200
[   23.851995]  ? arena_vm_close+0x1b1/0x1d0
[   23.852367]  kasan_report+0xcc/0x110
[   23.852702]  ? arena_vm_close+0x1b1/0x1d0
[   23.853014]  __asan_report_load8_noabort+0x18/0x20
[   23.853389]  arena_vm_close+0x1b1/0x1d0
[   23.853688]  ? __pfx_arena_vm_close+0x10/0x10
[   23.854024]  remove_vma+0x95/0x190
[   23.854299]  exit_mmap+0x4ca/0xac0
[   23.854567]  ? __pfx_exit_mmap+0x10/0x10
[   23.854867]  ? __kasan_check_write+0x18/0x20
[   23.855162]  ? __pfx___mutex_unlock_slowpath+0x10/0x10
[   23.855507]  ? mutex_unlock+0x16/0x20
[   23.855751]  __mmput+0xde/0x3e0
[   23.855971]  mmput+0x74/0x90
[   23.856170]  do_exit+0xa4c/0x2a20
[   23.856391]  ? lock_release+0x415/0x7e0
[   23.856650]  ? __pfx_lock_release+0x10/0x10
[   23.856924]  ? __pfx_do_exit+0x10/0x10
[   23.857172]  ? __this_cpu_preempt_check+0x21/0x30
[   23.857478]  ? _raw_spin_unlock_irq+0x2c/0x60
[   23.857767]  ? lockdep_hardirqs_on+0x89/0x110
[   23.858066]  ? _raw_spin_unlock_irq+0x2c/0x60
[   23.858362]  ? trace_hardirqs_on+0x26/0x120
[   23.858648]  do_group_exit+0xe4/0x2c0
[   23.858896]  __x64_sys_exit_group+0x4d/0x60
[   23.859178]  do_syscall_64+0x72/0x150
[   23.859437]  entry_SYSCALL_64_after_hwframe+0x6c/0x74
[   23.859783] RIP: 0033:0x7fa405318a4d
[   23.860029] Code: Unable to access opcode bytes at 0x7fa405318a23.
[   23.860431] RSP: 002b:00007ffd076305c8 EFLAGS: 00000246 ORIG_RAX: 00000000000000e7
[   23.860925] RAX: ffffffffffffffda RBX: 00007fa4053f69e0 RCX: 00007fa405318a4d
[   23.861393] RDX: 00000000000000e7 RSI: ffffffffffffff80 RDI: 0000000000000000
[   23.861856] RBP: 0000000000000000 R08: 0000000000000000 R09: 0000000000000020
[   23.862321] R10: 00007ffd07630470 R11: 0000000000000246 R12: 00007fa4053f69e0
[   23.862783] R13: 00007fa4053fbf00 R14: 0000000000000001 R15: 00007fa4053fbee8
[   23.863251]  </TASK>
[   23.863405] 
[   23.863516] Allocated by task 728:
[   23.863746]  kasan_save_stack+0x2c/0x60
[   23.864006]  kasan_save_track+0x18/0x40
[   23.864263]  kasan_save_alloc_info+0x3c/0x50
[   23.864555]  __kasan_kmalloc+0x88/0xa0
[   23.864809]  kmalloc_trace+0x1b8/0x3c0
[   23.865073]  arena_map_mmap+0x238/0x790
[   23.865337]  bpf_map_mmap+0x4a8/0x980
[   23.865597]  mmap_region+0x5e1/0x2690
[   23.865843]  do_mmap+0xa09/0x1100
[   23.866067]  vm_mmap_pgoff+0x1ea/0x390
[   23.866326]  ksys_mmap_pgoff+0x3b7/0x500
[   23.866584]  __x64_sys_mmap+0x139/0x1d0
[   23.866839]  do_syscall_64+0x72/0x150
[   23.867084]  entry_SYSCALL_64_after_hwframe+0x6c/0x74
[   23.867411] 
[   23.867519] Freed by task 728:
[   23.867723]  kasan_save_stack+0x2c/0x60
[   23.867976]  kasan_save_track+0x18/0x40
[   23.868226]  kasan_save_free_info+0x3f/0x60
[   23.868501]  __kasan_slab_free+0x10e/0x1a0
[   23.868772]  kfree+0xf3/0x320
[   23.868975]  arena_vm_close+0x15e/0x1d0
[   23.869233]  remove_vma+0x95/0x190
[   23.869461]  do_vmi_align_munmap+0xbf9/0x11e0
[   23.869747]  do_vmi_munmap+0x202/0x3f0
[   23.869994]  __do_sys_mremap+0x767/0x16b0
[   23.870264]  __x64_sys_mremap+0xc7/0x150
[   23.870525]  do_syscall_64+0x72/0x150
[   23.870770]  entry_SYSCALL_64_after_hwframe+0x6c/0x74
[   23.871100] 
[   23.871209] The buggy address belongs to the object at ffff88800b275540
[   23.871209]  which belongs to the cache kmalloc-32 of size 32
[   23.871990] The buggy address is located 8 bytes inside of
[   23.871990]  freed 32-byte region [ffff88800b275540, ffff88800b275560)
[   23.872754] 
[   23.872865] The buggy address belongs to the physical page:
[   23.873220] page: refcount:1 mapcount:0 mapping:0000000000000000 index:0xffff88800b275580 pfn:0xb275
[   23.873810] flags: 0xfffffc0000800(slab|node=0|zone=1|lastcpupid=0x1fffff)
[   23.874262] page_type: 0xffffffff()
[   23.874502] raw: 000fffffc0000800 ffff88800a041500 dead000000000100 dead000000000122
[   23.875006] raw: ffff88800b275580 000000008040003f 00000001ffffffff 0000000000000000
[   23.875500] page dumped because: kasan: bad access detected
[   23.875862] 
[   23.875972] Memory state around the buggy address:
[   23.876286]  ffff88800b275400: 00 00 03 fc fc fc fc fc 00 00 01 fc fc fc fc fc
[   23.876752]  ffff88800b275480: 00 00 01 fc fc fc fc fc fa fb fb fb fc fc fc fc
[   23.877221] >ffff88800b275500: 00 00 07 fc fc fc fc fc fa fb fb fb fc fc fc fc
[   23.877689]                                               ^
[   23.878054]  ffff88800b275580: fa fb fb fb fc fc fc fc 00 00 00 00 fc fc fc fc
[   23.878526]  ffff88800b275600: 00 00 00 fc fc fc fc fc 00 00 00 fc fc fc fc fc
[   23.878991] ==================================================================
[   23.879580] Disabling lock debugging due to kernel taint
[   23.879980] general protection fault, probably for non-canonical address 0xe0553c1de000005c: 0000 [#1] PREEMPT SMP KASAN NOPTI
[   23.880715] KASAN: maybe wild-memory-access in range [0x02aa00ef000002e0-0x02aa00ef000002e7]
[   23.881263] CPU: 0 PID: 728 Comm: repro Tainted: G    B              6.8.0-902861e34c40+ #1
[   23.881802] Hardware name: QEMU Standard PC (i440FX + PIIX, 1996), BIOS rel-1.16.0-0-gd239552ce722-prebuilt.qemu.org 04/01/2014
[   23.882521] RIP: 0010:arena_vm_close+0x10b/0x1d0
[   23.882830] Code: 89 fa 48 c1 ea 03 80 3c 02 00 0f 85 b1 00 00 00 49 8d 7f 08 4d 8b 74 24 10 48 b8 00 00 00 00 00 fc ff df 48 89 fa 48 c1 ea 03 <80> 3c 02 00 0f 85 83 00 00 00 4c 89 f2 4d 89 77 08 48 b8 00 00 00
[   23.884002] RSP: 0018:ffff888020d7fb88 EFLAGS: 00010206
[   23.884346] RAX: dffffc0000000000 RBX: ffff88801e365c98 RCX: ffffffff81934c57
[   23.884805] RDX: 0055401de000005c RSI: 0000000000000008 RDI: 02aa00ef000002e0
[   23.885266] RBP: ffff888020d7fbb0 R08: 0000000000000000 R09: fffffbfff112cd50
[   23.885724] R10: 0000000000000000 R11: 6e696c6261736944 R12: ffff88800b275540
[   23.886184] R13: ffff88800e3e9238 R14: dead000000000122 R15: 02aa00ef000002d8
[   23.886642] FS:  0000000000000000(0000) GS:ffff88806ca00000(0000) knlGS:0000000000000000
[   23.887162] CS:  0010 DS: 0000 ES: 0000 CR0: 0000000080050033
[   23.887536] CR2: 00007fa4053fca50 CR3: 0000000006c7e004 CR4: 0000000000770ef0
[   23.887994] DR0: 0000000000000000 DR1: 0000000000000000 DR2: 0000000000000000
[   23.888454] DR3: 0000000000000000 DR6: 00000000ffff07f0 DR7: 0000000000000400
[   23.888913] PKRU: 55555554
[   23.889101] Call Trace:
[   23.889268]  <TASK>
[   23.889416]  ? show_regs+0xa8/0xc0
[   23.889653]  ? die_addr+0x5d/0xf0
[   23.889881]  ? exc_general_protection+0x1ae/0x340
[   23.890201]  ? asm_exc_general_protection+0x2b/0x30
[   23.890536]  ? arena_vm_close+0x1a7/0x1d0
[   23.890835]  ? arena_vm_close+0x10b/0x1d0
[   23.891146]  ? arena_vm_close+0x1a7/0x1d0
[   23.891451]  ? __pfx_arena_vm_close+0x10/0x10
[   23.891749]  remove_vma+0x95/0x190
[   23.892006]  exit_mmap+0x4ca/0xac0
[   23.892245]  ? __pfx_exit_mmap+0x10/0x10
[   23.892539]  ? __kasan_check_write+0x18/0x20
[   23.892838]  ? __pfx___mutex_unlock_slowpath+0x10/0x10
[   23.893252]  ? mutex_unlock+0x16/0x20
[   23.893523]  __mmput+0xde/0x3e0
[   23.893751]  mmput+0x74/0x90
[   23.893959]  do_exit+0xa4c/0x2a20
[   23.894191]  ? lock_release+0x415/0x7e0
[   23.894459]  ? __pfx_lock_release+0x10/0x10
[   23.894765]  ? __pfx_do_exit+0x10/0x10
[   23.895025]  ? __this_cpu_preempt_check+0x21/0x30
[   23.895346]  ? _raw_spin_unlock_irq+0x2c/0x60
[   23.895647]  ? lockdep_hardirqs_on+0x89/0x110
[   23.895948]  ? _raw_spin_unlock_irq+0x2c/0x60
[   23.896249]  ? trace_hardirqs_on+0x26/0x120
[   23.896535]  do_group_exit+0xe4/0x2c0
[   23.896793]  __x64_sys_exit_group+0x4d/0x60
[   23.897081]  do_syscall_64+0x72/0x150
[   23.897336]  entry_SYSCALL_64_after_hwframe+0x6c/0x74
[   23.897673] RIP: 0033:0x7fa405318a4d
[   23.897925] Code: Unable to access opcode bytes at 0x7fa405318a23.
[   23.898329] RSP: 002b:00007ffd076305c8 EFLAGS: 00000246 ORIG_RAX: 00000000000000e7
[   23.898828] RAX: ffffffffffffffda RBX: 00007fa4053f69e0 RCX: 00007fa405318a4d
[   23.899293] RDX: 00000000000000e7 RSI: ffffffffffffff80 RDI: 0000000000000000
[   23.899757] RBP: 0000000000000000 R08: 0000000000000000 R09: 0000000000000020
[   23.900223] R10: 00007ffd07630470 R11: 0000000000000246 R12: 00007fa4053f69e0
[   23.900692] R13: 00007fa4053fbf00 R14: 0000000000000001 R15: 00007fa4053fbee8
[   23.901165]  </TASK>
[   23.901320] Modules linked in:
[   23.901595] ---[ end trace 0000000000000000 ]---
[   23.901907] RIP: 0010:arena_vm_close+0x10b/0x1d0
[   23.902226] Code: 89 fa 48 c1 ea 03 80 3c 02 00 0f 85 b1 00 00 00 49 8d 7f 08 4d 8b 74 24 10 48 b8 00 00 00 00 00 fc ff df 48 89 fa 48 c1 ea 03 <80> 3c 02 00 0f 85 83 00 00 00 4c 89 f2 4d 89 77 08 48 b8 00 00 00
[   23.903433] RSP: 0018:ffff888020d7fb88 EFLAGS: 00010206
[   23.903789] RAX: dffffc0000000000 RBX: ffff88801e365c98 RCX: ffffffff81934c57
[   23.904311] RDX: 0055401de000005c RSI: 0000000000000008 RDI: 02aa00ef000002e0
[   23.904774] RBP: ffff888020d7fbb0 R08: 0000000000000000 R09: fffffbfff112cd50
[   23.905240] R10: 0000000000000000 R11: 6e696c6261736944 R12: ffff88800b275540
[   23.905707] R13: ffff88800e3e9238 R14: dead000000000122 R15: 02aa00ef000002d8
[   23.906171] FS:  0000000000000000(0000) GS:ffff88806ca00000(0000) knlGS:0000000000000000
[   23.906697] CS:  0010 DS: 0000 ES: 0000 CR0: 0000000080050033
[   23.907076] CR2: 00007fa4053fca50 CR3: 0000000006c7e004 CR4: 0000000000770ef0
[   23.907545] DR0: 0000000000000000 DR1: 0000000000000000 DR2: 0000000000000000
[   23.908018] DR3: 0000000000000000 DR6: 00000000ffff07f0 DR7: 0000000000000400
[   23.908480] PKRU: 55555554
[   23.908669] Fixing recursive fault but reboot is needed!
[   23.909018] BUG: using smp_processor_id() in preemptible [00000000] code: repro/728
[   23.909517] caller is debug_smp_processor_id+0x20/0x30
[   23.909867] CPU: 0 PID: 728 Comm: repro Tainted: G    B D            6.8.0-902861e34c40+ #1
[   23.910407] Hardware name: QEMU Standard PC (i440FX + PIIX, 1996), BIOS rel-1.16.0-0-gd239552ce722-prebuilt.qemu.org 04/01/2014
[   23.911141] Call Trace:
[   23.911310]  <TASK>
[   23.911461]  dump_stack_lvl+0x121/0x150
[   23.911725]  dump_stack+0x19/0x20
[   23.911961]  check_preemption_disabled+0x168/0x180
[   23.912287]  debug_smp_processor_id+0x20/0x30
[   23.912585]  __schedule+0x9a/0x30c0
[   23.912832]  ? debug_smp_processor_id+0x20/0x30
[   23.913149]  ? rcu_is_watching+0x19/0xc0
[   23.913423]  ? lock_release+0x543/0x7e0
[   23.913677]  ? __pfx___schedule+0x10/0x10
[   23.913945]  ? __pfx_lock_release+0x10/0x10
[   23.914230]  ? _raw_spin_unlock_irqrestore+0x35/0x70
[   23.914554]  ? do_task_dead+0xa8/0x110
[   23.914814]  ? debug_smp_processor_id+0x20/0x30
[   23.915127]  ? rcu_is_watching+0x19/0xc0
[   23.915404]  ? _raw_spin_unlock_irqrestore+0x35/0x70
[   23.915729]  ? trace_hardirqs_on+0x26/0x120
[   23.916003]  ? do_task_dead+0x4a/0x110
[   23.916253]  do_task_dead+0xe0/0x110
[   23.916505]  make_task_dead+0x384/0x3c0
[   23.916786]  rewind_stack_and_make_dead+0x16/0x20
[   23.917147] RIP: 0033:0x7fa405318a4d
[   23.917390] Code: Unable to access opcode bytes at 0x7fa405318a23.
[   23.917794] RSP: 002b:00007ffd076305c8 EFLAGS: 00000246 ORIG_RAX: 00000000000000e7
[   23.918323] RAX: ffffffffffffffda RBX: 00007fa4053f69e0 RCX: 00007fa405318a4d
[   23.918800] RDX: 00000000000000e7 RSI: ffffffffffffff80 RDI: 0000000000000000
[   23.919263] RBP: 0000000000000000 R08: 0000000000000000 R09: 0000000000000020
[   23.919730] R10: 00007ffd07630470 R11: 0000000000000246 R12: 00007fa4053f69e0
[   23.920213] R13: 00007fa4053fbf00 R14: 0000000000000001 R15: 00007fa4053fbee8
[   23.920691]  </TASK>
[   23.920880] BUG: scheduling while atomic: repro/728/0x00000000
[   23.921273] INFO: lockdep is turned off.
[   23.921541] Modules linked in:
[   23.921754] Preemption disabled at:
[   23.921756] [<ffffffff81340948>] do_task_dead+0x28/0x110
[   23.922343] CPU: 0 PID: 728 Comm: repro Tainted: G    B D            6.8.0-902861e34c40+ #1
[   23.922888] Hardware name: QEMU Standard PC (i440FX + PIIX, 1996), BIOS rel-1.16.0-0-gd239552ce722-prebuilt.qemu.org 04/01/2014
[   23.923616] Call Trace:
[   23.923786]  <TASK>
[   23.923936]  dump_stack_lvl+0x121/0x150
[   23.924202]  ? do_task_dead+0x28/0x110
[   23.924458]  dump_stack+0x19/0x20
[   23.924690]  __schedule_bug+0x12d/0x180
[   23.924954]  __schedule+0x23ed/0x30c0
[   23.925216]  ? rcu_is_watching+0x19/0xc0
[   23.925489]  ? lock_release+0x543/0x7e0
[   23.925759]  ? __pfx___schedule+0x10/0x10
[   23.926035]  ? __pfx_lock_release+0x10/0x10
[   23.926320]  ? _raw_spin_unlock_irqrestore+0x35/0x70
[   23.926655]  ? do_task_dead+0xa8/0x110
[   23.926917]  ? debug_smp_processor_id+0x20/0x30
[   23.927221]  ? rcu_is_watching+0x19/0xc0
[   23.927496]  ? _raw_spin_unlock_irqrestore+0x35/0x70
[   23.927834]  ? trace_hardirqs_on+0x26/0x120
[   23.928126]  ? do_task_dead+0x4a/0x110
[   23.928386]  do_task_dead+0xe0/0x110
[   23.928636]  make_task_dead+0x384/0x3c0
[   23.928900]  rewind_stack_and_make_dead+0x16/0x20
[   23.929228] RIP: 0033:0x7fa405318a4d
[   23.929471] Code: Unable to access opcode bytes at 0x7fa405318a23.
[   23.929872] RSP: 002b:00007ffd076305c8 EFLAGS: 00000246 ORIG_RAX: 00000000000000e7
[   23.930366] RAX: ffffffffffffffda RBX: 00007fa4053f69e0 RCX: 00007fa405318a4d
[   23.930827] RDX: 00000000000000e7 RSI: ffffffffffffff80 RDI: 0000000000000000
[   23.931291] RBP: 0000000000000000 R08: 0000000000000000 R09: 0000000000000020
[   23.931752] R10: 00007ffd07630470 R11: 0000000000000246 R12: 00007fa4053f69e0
[   23.932217] R13: 00007fa4053fbf00 R14: 0000000000000001 R15: 00007fa4053fbee8
[   23.932688]  </TASK>
