c[?7l[2J[0mSeaBIOS (version rel-1.16.0-0-gd239552ce722-prebuilt.qemu.org)


iPXE (http://ipxe.org) 00:03.0 CA00 PCI2.10 PnP PMM+7FF91000+7FEF1000 CA00
Press Ctrl-B to configure iPXE (PCI 00:03.0)...                                                                               


Booting from ROM..c[?7l[2J[    0.000000] Linux version 6.0.0-a09476668e30+ (root@p-mtlp04) (gcc (GCC) 11.4.1 20231218 (Red Hat 11.4.1-3), GNU ld version 2.35.2-43.el9) #1 SMP PREEMPT_DYNAMIC Tue Jun 4 21:01:50 CST 2024
[    0.000000] Command line: console=ttyS0 root=/dev/sda earlyprintk=serial net.ifnames=0 plymouth.enable=0
[    0.000000] KERNEL supported cpus:
[    0.000000]   Intel GenuineIntel
[    0.000000]   AMD AuthenticAMD
[    0.000000]   Hygon HygonGenuine
[    0.000000]   Centaur CentaurHauls
[    0.000000]   zhaoxin   Shanghai  
[    0.000000] x86/split lock detection: #DB: warning on user-space bus_locks
[    0.000000] x86/fpu: Supporting XSAVE feature 0x001: 'x87 floating point registers'
[    0.000000] x86/fpu: Supporting XSAVE feature 0x002: 'SSE registers'
[    0.000000] x86/fpu: Supporting XSAVE feature 0x004: 'AVX registers'
[    0.000000] x86/fpu: Supporting XSAVE feature 0x200: 'Protection Keys User registers'
[    0.000000] x86/fpu: xstate_offset[2]:  576, xstate_sizes[2]:  256
[    0.000000] x86/fpu: xstate_offset[9]:  832, xstate_sizes[9]:    8
[    0.000000] x86/fpu: Enabled xstate features 0x207, context size is 840 bytes, using 'compacted' format.
[    0.000000] signal: max sigframe size: 3632
[    0.000000] BIOS-provided physical RAM map:
[    0.000000] BIOS-e820: [mem 0x0000000000000000-0x000000000009fbff] usable
[    0.000000] BIOS-e820: [mem 0x000000000009fc00-0x000000000009ffff] reserved
[    0.000000] BIOS-e820: [mem 0x00000000000f0000-0x00000000000fffff] reserved
[    0.000000] BIOS-e820: [mem 0x0000000000100000-0x000000007ffdffff] usable
[    0.000000] BIOS-e820: [mem 0x000000007ffe0000-0x000000007fffffff] reserved
[    0.000000] BIOS-e820: [mem 0x00000000feffc000-0x00000000feffffff] reserved
[    0.000000] BIOS-e820: [mem 0x00000000fffc0000-0x00000000ffffffff] reserved
[    0.000000] printk: bootconsole [earlyser0] enabled
[    0.000000] NX (Execute Disable) protection: active
[    0.000000] SMBIOS 2.8 present.
[    0.000000] DMI: QEMU Standard PC (i440FX + PIIX, 1996), BIOS rel-1.16.0-0-gd239552ce722-prebuilt.qemu.org 04/01/2014
[    0.000000] Hypervisor detected: KVM
[    0.000000] kvm-clock: Using msrs 4b564d01 and 4b564d00
[    0.000004] kvm-clock: using sched offset of 641221938 cycles
[    0.000433] clocksource: kvm-clock: mask: 0xffffffffffffffff max_cycles: 0x1cd42e4dffb, max_idle_ns: 881590591483 ns
[    0.001814] tsc: Detected 2995.200 MHz processor
[    0.007101] last_pfn = 0x7ffe0 max_arch_pfn = 0x400000000
[    0.007597] x86/PAT: Configuration [0-7]: WB  WC  UC- UC  WB  WP  UC- WT  
[    0.017656] found SMP MP-table at [mem 0x000f5ba0-0x000f5baf]
[    0.018199] Using GB pages for direct mapping
[    0.019419] ACPI: Early table checksum verification disabled
[    0.019903] ACPI: RSDP 0x00000000000F59C0 000014 (v00 BOCHS )
[    0.020386] ACPI: RSDT 0x000000007FFE1951 000034 (v01 BOCHS  BXPC     00000001 BXPC 00000001)
[    0.021102] ACPI: FACP 0x000000007FFE17FD 000074 (v01 BOCHS  BXPC     00000001 BXPC 00000001)
[    0.021817] ACPI: DSDT 0x000000007FFE0040 0017BD (v01 BOCHS  BXPC     00000001 BXPC 00000001)
[    0.022530] ACPI: FACS 0x000000007FFE0000 000040
[    0.022923] ACPI: APIC 0x000000007FFE1871 000080 (v01 BOCHS  BXPC     00000001 BXPC 00000001)
[    0.023643] ACPI: HPET 0x000000007FFE18F1 000038 (v01 BOCHS  BXPC     00000001 BXPC 00000001)
[    0.024355] ACPI: WAET 0x000000007FFE1929 000028 (v01 BOCHS  BXPC     00000001 BXPC 00000001)
[    0.025099] ACPI: Reserving FACP table memory at [mem 0x7ffe17fd-0x7ffe1870]
[    0.025718] ACPI: Reserving DSDT table memory at [mem 0x7ffe0040-0x7ffe17fc]
[    0.026348] ACPI: Reserving FACS table memory at [mem 0x7ffe0000-0x7ffe003f]
[    0.026980] ACPI: Reserving APIC table memory at [mem 0x7ffe1871-0x7ffe18f0]
[    0.027574] ACPI: Reserving HPET table memory at [mem 0x7ffe18f1-0x7ffe1928]
[    0.028185] ACPI: Reserving WAET table memory at [mem 0x7ffe1929-0x7ffe1950]
[    0.029265] No NUMA configuration found
[    0.029603] Faking a node at [mem 0x0000000000000000-0x000000007ffdffff]
[    0.030218] NODE_DATA(0) allocated [mem 0x7ffb5000-0x7ffdffff]
[    0.032704] Zone ranges:
[    0.032948]   DMA      [mem 0x0000000000001000-0x0000000000ffffff]
[    0.033486]   DMA32    [mem 0x0000000001000000-0x000000007ffdffff]
[    0.034062]   Normal   empty
[    0.034325]   Device   empty
[    0.034598] Movable zone start for each node
[    0.034980] Early memory node ranges
[    0.035303]   node   0: [mem 0x0000000000001000-0x000000000009efff]
[    0.035839]   node   0: [mem 0x0000000000100000-0x000000007ffdffff]
[    0.036372] Initmem setup node 0 [mem 0x0000000000001000-0x000000007ffdffff]
[    0.037497] On node 0, zone DMA: 1 pages in unavailable ranges
[    0.037755] On node 0, zone DMA: 97 pages in unavailable ranges
[    0.086988] On node 0, zone DMA32: 32 pages in unavailable ranges
[    0.579137] kasan: KernelAddressSanitizer initialized
[    0.580442] ACPI: PM-Timer IO Port: 0x608
[    0.580831] ACPI: LAPIC_NMI (acpi_id[0xff] dfl dfl lint[0x1])
[    0.581405] IOAPIC[0]: apic_id 0, version 17, address 0xfec00000, GSI 0-23
[    0.582015] ACPI: INT_SRC_OVR (bus 0 bus_irq 0 global_irq 2 dfl dfl)
[    0.582566] ACPI: INT_SRC_OVR (bus 0 bus_irq 5 global_irq 5 high level)
[    0.583143] ACPI: INT_SRC_OVR (bus 0 bus_irq 9 global_irq 9 high level)
[    0.583718] ACPI: INT_SRC_OVR (bus 0 bus_irq 10 global_irq 10 high level)
[    0.584297] ACPI: INT_SRC_OVR (bus 0 bus_irq 11 global_irq 11 high level)
[    0.584890] ACPI: Using ACPI (MADT) for SMP configuration information
[    0.585440] ACPI: HPET id: 0x8086a201 base: 0xfed00000
[    0.585896] TSC deadline timer available
[    0.586229] smpboot: Allowing 2 CPUs, 0 hotplug CPUs
[    0.586712] kvm-guest: KVM setup pv remote TLB flush
[    0.587141] kvm-guest: setup PV sched yield
[    0.587571] PM: hibernation: Registered nosave memory: [mem 0x00000000-0x00000fff]
[    0.588221] PM: hibernation: Registered nosave memory: [mem 0x0009f000-0x0009ffff]
[    0.588862] PM: hibernation: Registered nosave memory: [mem 0x000a0000-0x000effff]
[    0.589501] PM: hibernation: Registered nosave memory: [mem 0x000f0000-0x000fffff]
[    0.590151] [mem 0x80000000-0xfeffbfff] available for PCI devices
[    0.590676] Booting paravirtualized kernel on KVM
[    0.591096] clocksource: refined-jiffies: mask: 0xffffffff max_cycles: 0xffffffff, max_idle_ns: 7645519600211568 ns
[    0.592012] setup_percpu: NR_CPUS:8192 nr_cpumask_bits:2 nr_cpu_ids:2 nr_node_ids:1
[    0.594242] percpu: Embedded 80 pages/cpu s290816 r8192 d28672 u1048576
[    0.595025] kvm-guest: PV spinlocks enabled
[    0.595398] PV qspinlock hash table entries: 256 (order: 0, 4096 bytes, linear)
[    0.596066] Fallback order for Node 0: 0 
[    0.596430] Built 1 zonelists, mobility grouping on.  Total pages: 515808
[    0.597010] Policy zone: DMA32
[    0.597276] Kernel command line: net.ifnames=0 console=ttyS0 root=/dev/sda earlyprintk=serial net.ifnames=0 plymouth.enable=0
[    0.599648] Dentry cache hash table entries: 262144 (order: 9, 2097152 bytes, linear)
[    0.601206] Inode-cache hash table entries: 131072 (order: 8, 1048576 bytes, linear)
[    0.601985] mem auto-init: stack:off, heap alloc:off, heap free:off
[    0.608430] stackdepot hash table entries: 1048576 (order: 11, 8388608 bytes, linear)
[    0.662425] Memory: 1352624K/2096632K available (67601K kernel code, 13881K rwdata, 14396K rodata, 4524K init, 24368K bss, 743752K reserved, 0K cma-reserved)
[    0.665203] SLUB: HWalign=64, Order=0-3, MinObjects=0, CPUs=2, Nodes=1
[    0.665777] kmemleak: Kernel memory leak detector disabled
[    0.666330] ftrace: allocating 65105 entries in 255 pages
[    0.691386] ftrace: allocated 255 pages with 8 groups
[    0.696184] Dynamic Preempt: voluntary
[    0.696851] Running RCU self tests
[    0.697206] rcu: Preemptible hierarchical RCU implementation.
[    0.697713] rcu: 	RCU lockdep checking is enabled.
[    0.698126] rcu: 	RCU restricting CPUs from NR_CPUS=8192 to nr_cpu_ids=2.
[    0.698713] 	Trampoline variant of Tasks RCU enabled.
[    0.699149] 	Rude variant of Tasks RCU enabled.
[    0.699547] 	Tracing variant of Tasks RCU enabled.
[    0.699963] rcu: RCU calculated value of scheduler-enlistment delay is 25 jiffies.
[    0.700617] rcu: Adjusting geometry for rcu_fanout_leaf=16, nr_cpu_ids=2
[    0.732818] NR_IRQS: 524544, nr_irqs: 440, preallocated irqs: 16
[    0.733812] rcu: srcu_init: Setting srcu_struct sizes based on contention.
[    0.742759] Console: colour VGA+ 80x25
[    0.743167] printk: console [ttyS0] enabled
[    0.743167] printk: console [ttyS0] enabled
[    0.743946] printk: bootconsole [earlyser0] disabled
[    0.743946] printk: bootconsole [earlyser0] disabled
[    0.744847] Lock dependency validator: Copyright (c) 2006 Red Hat, Inc., Ingo Molnar
[    0.745537] ... MAX_LOCKDEP_SUBCLASSES:  8
[    0.745917] ... MAX_LOCK_DEPTH:          48
[    0.746305] ... MAX_LOCKDEP_KEYS:        8192
[    0.746703] ... CLASSHASH_SIZE:          4096
[    0.747100] ... MAX_LOCKDEP_ENTRIES:     32768
[    0.747507] ... MAX_LOCKDEP_CHAINS:      65536
[    0.747909] ... CHAINHASH_SIZE:          32768
[    0.748310]  memory used by lock dependency info: 6365 kB
[    0.748795]  memory used for stack traces: 4224 kB
[    0.749228]  per task-struct memory footprint: 1920 bytes
[    0.749817] ACPI: Core revision 20220331
[    0.750617] clocksource: hpet: mask: 0xffffffff max_cycles: 0xffffffff, max_idle_ns: 19112604467 ns
[    0.751647] APIC: Switch to symmetric I/O mode setup
[    0.752324] x2apic enabled
[    0.752771] Switched APIC routing to physical x2apic.
[    0.753232] kvm-guest: setup PV IPIs
[    0.754668] ..TIMER: vector=0x30 apic1=0 pin1=2 apic2=-1 pin2=-1
[    0.755264] clocksource: tsc-early: mask: 0xffffffffffffffff max_cycles: 0x2b2c8ec87c7, max_idle_ns: 440795278598 ns
[    0.756332] Calibrating delay loop (skipped) preset value.. 5990.40 BogoMIPS (lpj=11980800)
[    0.757102] pid_max: default: 32768 minimum: 301
[    0.757823] LSM: Security Framework initializing
[    0.758273] Yama: becoming mindful.
[    0.758948] Mount-cache hash table entries: 4096 (order: 3, 32768 bytes, linear)
[    0.760325] Mountpoint-cache hash table entries: 4096 (order: 3, 32768 bytes, linear)
[    0.762849] x86/cpu: User Mode Instruction Prevention (UMIP) activated
[    0.763554] Last level iTLB entries: 4KB 0, 2MB 0, 4MB 0
[    0.764062] Last level dTLB entries: 4KB 0, 2MB 0, 4MB 0, 1GB 0
[    0.764335] Spectre V1 : Mitigation: usercopy/swapgs barriers and __user pointer sanitization
[    0.765114] Spectre V2 : WARNING: Unprivileged eBPF is enabled with eIBRS on, data leaks possible via Spectre v2 BHB attacks!
[    0.766132] Spectre V2 : Mitigation: Enhanced IBRS
[    0.766576] Spectre V2 : Spectre v2 / SpectreRSB mitigation: Filling RSB on context switch
[    0.767330] Spectre V2 : Spectre v2 / PBRSB-eIBRS: Retire a single CALL on VMEXIT
[    0.768323] Spectre V2 : mitigation: Enabling conditional Indirect Branch Prediction Barrier
[    0.769094] Speculative Store Bypass: Mitigation: Speculative Store Bypass disabled via prctl
[    0.769870] MMIO Stale Data: Unknown: No mitigations
[    0.863377] Freeing SMP alternatives memory: 52K
[    0.864271] smpboot: CPU0: Intel(R) Core(TM) Ultra 7 155H (family: 0x6, model: 0xaa, stepping: 0x4)
[    0.864311] cblist_init_generic: Setting adjustable number of callback queues.
[    0.864311] cblist_init_generic: Setting shift to 1 and lim to 1.
[    0.864311] cblist_init_generic: Setting shift to 1 and lim to 1.
[    0.864311] cblist_init_generic: Setting shift to 1 and lim to 1.
[    0.864402] Running RCU-tasks wait API self tests
[    0.968546] Performance Events: unsupported p6 CPU model 170 no PMU driver, software events only.
[    0.970178] rcu: Hierarchical SRCU implementation.
[    0.970851] rcu: 	Max phase no-delay instances is 1000.
[    0.976382] Callback from call_rcu_tasks_trace() invoked.
[    0.977395] NMI watchdog: Perf NMI watchdog permanently disabled
[    0.978691] smp: Bringing up secondary CPUs ...
[    0.980291] x86: Booting SMP configuration:
[    0.980329] .... node  #0, CPUs:      #1
[    0.980795] smp: Brought up 1 node, 2 CPUs
[    0.981338] smpboot: Max logical packages: 1
[    0.981812] smpboot: Total of 2 processors activated (11980.80 BogoMIPS)
[    0.992808] devtmpfs: initialized
[    0.997048] x86/mm: Memory block size: 128MB
[    1.005532] clocksource: jiffies: mask: 0xffffffff max_cycles: 0xffffffff, max_idle_ns: 7645041785100000 ns
[    1.005872] futex hash table entries: 512 (order: 4, 65536 bytes, linear)
[    1.006942] pinctrl core: initialized pinctrl subsystem
[    1.009319] 
[    1.009481] *************************************************************
[    1.010114] **     NOTICE NOTICE NOTICE NOTICE NOTICE NOTICE NOTICE    **
[    1.010724] **                                                         **
[    1.011347] **  IOMMU DebugFS SUPPORT HAS BEEN ENABLED IN THIS KERNEL  **
[    1.011960] **                                                         **
[    1.012317] ** This means that this kernel is built to expose internal **
[    1.012919] ** IOMMU data structures, which may compromise security on **
[    1.013518] ** your system.                                            **
[    1.014132] **                                                         **
[    1.014741] ** If you see this message and you are not debugging the   **
[    1.015341] ** kernel, report this immediately to your vendor!         **
[    1.015939] **                                                         **
[    1.016316] **     NOTICE NOTICE NOTICE NOTICE NOTICE NOTICE NOTICE    **
[    1.016921] *************************************************************
[    1.017601] PM: RTC time: 17:14:26, date: 2024-06-12
[    1.022255] NET: Registered PF_NETLINK/PF_ROUTE protocol family
[    1.023844] DMA: preallocated 256 KiB GFP_KERNEL pool for atomic allocations
[    1.024343] DMA: preallocated 256 KiB GFP_KERNEL|GFP_DMA pool for atomic allocations
[    1.025063] DMA: preallocated 256 KiB GFP_KERNEL|GFP_DMA32 pool for atomic allocations
[    1.025871] audit: initializing netlink subsys (disabled)
[    1.026530] audit: type=2000 audit(1718212467.050:1): state=initialized audit_enabled=0 res=1
[    1.028690] thermal_sys: Registered thermal governor 'fair_share'
[    1.028697] thermal_sys: Registered thermal governor 'bang_bang'
[    1.029263] thermal_sys: Registered thermal governor 'step_wise'
[    1.029815] thermal_sys: Registered thermal governor 'user_space'
[    1.030447] cpuidle: using governor ladder
[    1.031395] cpuidle: using governor menu
[    1.032024] acpiphp: ACPI Hot Plug PCI Controller Driver version: 0.5
[    1.032955] PCI: Using configuration type 1 for base access
[    1.067463] kprobes: kprobe jump-optimization is enabled. All kprobes are optimized if possible.
[    1.188578] Callback from call_rcu_tasks_rude() invoked.
[    1.190079] HugeTLB: registered 1.00 GiB page size, pre-allocated 0 pages
[    1.190764] HugeTLB: 16380 KiB vmemmap can be freed for a 1.00 GiB page
[    1.191380] HugeTLB: registered 2.00 MiB page size, pre-allocated 0 pages
[    1.192012] HugeTLB: 28 KiB vmemmap can be freed for a 2.00 MiB page
[    1.197604] ACPI: Added _OSI(Module Device)
[    1.198044] ACPI: Added _OSI(Processor Device)
[    1.198480] ACPI: Added _OSI(3.0 _SCP Extensions)
[    1.198939] ACPI: Added _OSI(Processor Aggregator Device)
[    1.215008] ACPI: 1 ACPI AML tables successfully acquired and loaded
[    1.223034] ACPI: Interpreter enabled
[    1.223590] ACPI: PM: (supports S0 S3 S4 S5)
[    1.224010] ACPI: Using IOAPIC for interrupt routing
[    1.224469] PCI: Using host bridge windows from ACPI; if necessary, use "pci=nocrs" and report a bug
[    1.225334] PCI: Using E820 reservations for host bridge windows
[    1.227209] ACPI: Enabled 2 GPEs in block 00 to 0F
[    1.265636] ACPI: PCI Root Bridge [PCI0] (domain 0000 [bus 00-ff])
[    1.266303] acpi PNP0A03:00: _OSC: OS supports [ASPM ClockPM Segments MSI EDR HPX-Type3]
[    1.267079] acpi PNP0A03:00: _OSC: not requesting OS control; OS requires [ExtendedConfig ASPM ClockPM MSI]
[    1.268208] acpi PNP0A03:00: fail to add MMCONFIG information, can't access extended PCI configuration space under this bridge.
[    1.273513] acpiphp: Slot [3] registered
[    1.274068] acpiphp: Slot [4] registered
[    1.274597] acpiphp: Slot [5] registered
[    1.275129] acpiphp: Slot [6] registered
[    1.275661] acpiphp: Slot [7] registered
[    1.276231] acpiphp: Slot [8] registered
[    1.276488] acpiphp: Slot [9] registered
[    1.277045] acpiphp: Slot [10] registered
[    1.277588] acpiphp: Slot [11] registered
[    1.278190] acpiphp: Slot [12] registered
[    1.278787] acpiphp: Slot [13] registered
[    1.279331] acpiphp: Slot [14] registered
[    1.279870] acpiphp: Slot [15] registered
[    1.280463] acpiphp: Slot [16] registered
[    1.281008] acpiphp: Slot [17] registered
[    1.281546] acpiphp: Slot [18] registered
[    1.282116] acpiphp: Slot [19] registered
[    1.282707] acpiphp: Slot [20] registered
[    1.283266] acpiphp: Slot [21] registered
[    1.283810] acpiphp: Slot [22] registered
[    1.284373] acpiphp: Slot [23] registered
[    1.284963] acpiphp: Slot [24] registered
[    1.285510] acpiphp: Slot [25] registered
[    1.286080] acpiphp: Slot [26] registered
[    1.286636] acpiphp: Slot [27] registered
[    1.287246] acpiphp: Slot [28] registered
[    1.287812] acpiphp: Slot [29] registered
[    1.288410] acpiphp: Slot [30] registered
[    1.288968] acpiphp: Slot [31] registered
[    1.289452] PCI host bridge to bus 0000:00
[    1.289870] pci_bus 0000:00: root bus resource [io  0x0000-0x0cf7 window]
[    1.290560] pci_bus 0000:00: root bus resource [io  0x0d00-0xffff window]
[    1.291235] pci_bus 0000:00: root bus resource [mem 0x000a0000-0x000bffff window]
[    1.291962] pci_bus 0000:00: root bus resource [mem 0x80000000-0xfebfffff window]
[    1.292440] Callback from call_rcu_tasks() invoked.
[    1.292946] pci_bus 0000:00: root bus resource [mem 0x100000000-0x17fffffff window]
[    1.293703] pci_bus 0000:00: root bus resource [bus 00-ff]
[    1.294485] pci 0000:00:00.0: [8086:1237] type 00 class 0x060000
[    1.304916] pci 0000:00:01.0: [8086:7000] type 00 class 0x060100
[    1.307328] pci 0000:00:01.1: [8086:7010] type 00 class 0x010180
[    1.309561] pci 0000:00:01.1: reg 0x20: [io  0xc040-0xc04f]
[    1.310803] pci 0000:00:01.1: legacy IDE quirk: reg 0x10: [io  0x01f0-0x01f7]
[    1.311559] pci 0000:00:01.1: legacy IDE quirk: reg 0x14: [io  0x03f6]
[    1.312243] pci 0000:00:01.1: legacy IDE quirk: reg 0x18: [io  0x0170-0x0177]
[    1.312321] pci 0000:00:01.1: legacy IDE quirk: reg 0x1c: [io  0x0376]
[    1.313613] pci 0000:00:01.3: [8086:7113] type 00 class 0x068000
[    1.314676] pci 0000:00:01.3: quirk: [io  0x0600-0x063f] claimed by PIIX4 ACPI
[    1.315428] pci 0000:00:01.3: quirk: [io  0x0700-0x070f] claimed by PIIX4 SMB
[    1.316678] pci 0000:00:02.0: [1234:1111] type 00 class 0x030000
[    1.320741] pci 0000:00:02.0: reg 0x10: [mem 0xfd000000-0xfdffffff pref]
[    1.323766] pci 0000:00:02.0: reg 0x18: [mem 0xfebf0000-0xfebf0fff]
[    1.328750] pci 0000:00:02.0: reg 0x30: [mem 0xfebe0000-0xfebeffff pref]
[    1.330209] pci 0000:00:02.0: Video device with shadowed ROM at [mem 0x000c0000-0x000dffff]
[    1.342654] pci 0000:00:03.0: [8086:100e] type 00 class 0x020000
[    1.344139] pci 0000:00:03.0: reg 0x10: [mem 0xfebc0000-0xfebdffff]
[    1.345007] pci 0000:00:03.0: reg 0x14: [io  0xc000-0xc03f]
[    1.348700] pci 0000:00:03.0: reg 0x30: [mem 0xfeb80000-0xfebbffff pref]
[    1.374625] ACPI: PCI: Interrupt link LNKA configured for IRQ 10
[    1.376517] ACPI: PCI: Interrupt link LNKB configured for IRQ 10
[    1.378233] ACPI: PCI: Interrupt link LNKC configured for IRQ 11
[    1.379919] ACPI: PCI: Interrupt link LNKD configured for IRQ 11
[    1.380801] ACPI: PCI: Interrupt link LNKS configured for IRQ 9
[    1.384916] iommu: Default domain type: Translated 
[    1.385451] iommu: DMA domain TLB invalidation policy: lazy mode 
[    1.389146] SCSI subsystem initialized
[    1.390319] ACPI: bus type USB registered
[    1.390957] usbcore: registered new interface driver usbfs
[    1.391650] usbcore: registered new interface driver hub
[    1.392279] usbcore: registered new device driver usb
[    1.392638] pps_core: LinuxPPS API ver. 1 registered
[    1.393166] pps_core: Software ver. 5.3.6 - Copyright 2005-2007 Rodolfo Giometti <giometti@linux.it>
[    1.394156] PTP clock support registered
[    1.394898] EDAC MC: Ver: 3.0.0
[    1.398518] NetLabel: Initializing
[    1.398903] NetLabel:  domain hash size = 128
[    1.399357] NetLabel:  protocols = UNLABELED CIPSOv4 CALIPSO
[    1.400146] NetLabel:  unlabeled traffic allowed by default
[    1.401029] PCI: Using ACPI for IRQ routing
[    1.401903] pci 0000:00:02.0: vgaarb: setting as boot VGA device
[    1.402544] pci 0000:00:02.0: vgaarb: bridge control possible
[    1.403141] pci 0000:00:02.0: vgaarb: VGA device added: decodes=io+mem,owns=io+mem,locks=none
[    1.404036] vgaarb: loaded
[    1.405813] hpet0: at MMIO 0xfed00000, IRQs 2, 8, 0
[    1.406358] hpet0: 3 comparators, 64-bit 100.000000 MHz counter
[    3.295879] clocksource: Switched to clocksource kvm-clock
[    3.296311] VFS: Disk quotas dquot_6.6.0
[    3.296311] VFS: Dquot-cache hash table entries: 512 (order 0, 4096 bytes)
[    3.296450] pnp: PnP ACPI init
[    3.300937] pnp: PnP ACPI: found 6 devices
[    3.319943] clocksource: acpi_pm: mask: 0xffffff max_cycles: 0xffffff, max_idle_ns: 2085701024 ns
[    3.321420] NET: Registered PF_INET protocol family
[    3.322142] IP idents hash table entries: 32768 (order: 6, 262144 bytes, linear)
[    3.324520] tcp_listen_portaddr_hash hash table entries: 1024 (order: 4, 73728 bytes, linear)
[    3.325376] Table-perturb hash table entries: 65536 (order: 6, 262144 bytes, linear)
[    3.326151] TCP established hash table entries: 16384 (order: 5, 131072 bytes, linear)
[    3.327379] TCP bind hash table entries: 16384 (order: 9, 2359296 bytes, linear)
[    3.330282] TCP: Hash tables configured (established 16384 bind 16384)
[    3.331127] UDP hash table entries: 1024 (order: 5, 163840 bytes, linear)
[    3.332241] UDP-Lite hash table entries: 1024 (order: 5, 163840 bytes, linear)
[    3.333450] NET: Registered PF_UNIX/PF_LOCAL protocol family
[    3.335125] RPC: Registered named UNIX socket transport module.
[    3.335702] RPC: Registered udp transport module.
[    3.336153] RPC: Registered tcp transport module.
[    3.336605] RPC: Registered tcp NFSv4.1 backchannel transport module.
[    3.337253] pci_bus 0000:00: resource 4 [io  0x0000-0x0cf7 window]
[    3.337865] pci_bus 0000:00: resource 5 [io  0x0d00-0xffff window]
[    3.338483] pci_bus 0000:00: resource 6 [mem 0x000a0000-0x000bffff window]
[    3.339169] pci_bus 0000:00: resource 7 [mem 0x80000000-0xfebfffff window]
[    3.339842] pci_bus 0000:00: resource 8 [mem 0x100000000-0x17fffffff window]
[    3.340925] pci 0000:00:01.0: PIIX3: Enabling Passive Release
[    3.341479] pci 0000:00:00.0: Limiting direct PCI/PCI transfers
[    3.342117] PCI: CLS 0 bytes, default 64
[    3.343225] ACPI: bus type thunderbolt registered
[    3.344177] clocksource: tsc: mask: 0xffffffffffffffff max_cycles: 0x2b2c8ec87c7, max_idle_ns: 440795278598 ns
[    3.568380] Initialise system trusted keyrings
[    3.569000] Key type blacklist registered
[    3.569851] workingset: timestamp_bits=36 max_order=19 bucket_order=0
[    3.592670] zbud: loaded
[    3.598696] squashfs: version 4.0 (2009/01/31) Phillip Lougher
[    3.603458] NFS: Registering the id_resolver key type
[    3.603970] Key type id_resolver registered
[    3.604383] Key type id_legacy registered
[    3.604947] nfs4filelayout_init: NFSv4 File Layout Driver Registering...
[    3.605588] nfs4flexfilelayout_init: NFSv4 Flexfile Layout Driver Registering...
[    3.606552] fuse: init (API version 7.36)
[    3.607505] SGI XFS with ACLs, security attributes, realtime, quota, no debug enabled
[    3.614251] 9p: Installing v9fs 9p2000 file system support
[    3.622540] Key type asymmetric registered
[    3.622963] Asymmetric key parser 'x509' registered
[    3.628160] alg: self-tests for CTR-KDF (hmac(sha256)) passed
[    3.628844] Block layer SCSI generic (bsg) driver version 0.4 loaded (major 243)
[    3.629788] io scheduler mq-deadline registered
[    3.630661] io scheduler bfq registered
[    3.634570] shpchp: Standard Hot Plug PCI Controller Driver version: 0.4
[    3.636222] IPMI message handler: version 39.2
[    3.636773] ipmi device interface
[    3.639886] input: Power Button as /devices/LNXSYSTM:00/LNXPWRBN:00/input/input0
[    3.641134] ACPI: button: Power Button [PWRF]
[    3.643327] ERST DBG: ERST support is disabled.
[    3.645400] Serial: 8250/16550 driver, 32 ports, IRQ sharing enabled
[    3.646924] 00:04: ttyS0 at I/O 0x3f8 (irq = 4, base_baud = 115200) is a 16550A
[    3.666811] Linux agpgart interface v0.103
[    3.668708] ACPI: bus type drm_connector registered
[    3.693314] brd: module loaded
[    3.707708] loop: module loaded
[    3.719204] scsi host0: ata_piix
[    3.721267] scsi host1: ata_piix
[    3.721989] ata1: PATA max MWDMA2 cmd 0x1f0 ctl 0x3f6 bmdma 0xc040 irq 14
[    3.722670] ata2: PATA max MWDMA2 cmd 0x170 ctl 0x376 bmdma 0xc048 irq 15
[    3.725659] tun: Universal TUN/TAP device driver, 1.6
[    3.726550] e100: Intel(R) PRO/100 Network Driver
[    3.727021] e100: Copyright(c) 1999-2006 Intel Corporation
[    3.727650] e1000: Intel(R) PRO/1000 Network Driver
[    3.728138] e1000: Copyright (c) 1999-2006 Intel Corporation.
[    3.885068] ata1: found unknown device (class 0)
[    3.888660] ata2: found unknown device (class 0)
[    3.891212] ata1.00: ATA-7: QEMU HARDDISK, 2.5+, max UDMA/100
[    3.891803] ata1.00: 17196647 sectors, multi 16: LBA48 
[    3.892799] ata2.00: ATAPI: QEMU DVD-ROM, 2.5+, max UDMA/100
[    3.894544] scsi 0:0:0:0: Direct-Access     ATA      QEMU HARDDISK    2.5+ PQ: 0 ANSI: 5
[    3.897621] sd 0:0:0:0: Attached scsi generic sg0 type 0
[    3.897760] sd 0:0:0:0: [sda] 17196647 512-byte logical blocks: (8.80 GB/8.20 GiB)
[    3.899190] sd 0:0:0:0: [sda] Write Protect is off
[    3.899794] scsi 1:0:0:0: CD-ROM            QEMU     QEMU DVD-ROM     2.5+ PQ: 0 ANSI: 5
[    3.899818] sd 0:0:0:0: [sda] Write cache: enabled, read cache: enabled, doesn't support DPO or FUA
[    3.901875] sd 0:0:0:0: [sda] Preferred minimum I/O size 512 bytes
[    3.924122] sd 0:0:0:0: [sda] Attached SCSI disk
[    3.929861] scsi 1:0:0:0: Attached scsi generic sg1 type 5
[    4.495266] ACPI: \_SB_.LNKC: Enabled at IRQ 11
[    4.828717] e1000 0000:00:03.0 eth0: (PCI:33MHz:32-bit) 52:54:00:12:34:56
[    4.829392] e1000 0000:00:03.0 eth0: Intel(R) PRO/1000 Network Connection
[    4.830163] e1000e: Intel(R) PRO/1000 Network Driver
[    4.830587] e1000e: Copyright(c) 1999 - 2015 Intel Corporation.
[    4.831197] igb: Intel(R) Gigabit Ethernet Network Driver
[    4.831638] igb: Copyright (c) 2007-2014 Intel Corporation.
[    4.832296] PPP generic driver version 2.4.2
[    4.833691] VFIO - User Level meta-driver version: 0.3
[    4.835255] usbcore: registered new interface driver uas
[    4.836034] usbcore: registered new interface driver usb-storage
[    4.837182] i8042: PNP: PS/2 Controller [PNP0303:KBD,PNP0f13:MOU] at 0x60,0x64 irq 1,12
[    4.839239] serio: i8042 KBD port at 0x60,0x64 irq 1
[    4.839728] serio: i8042 AUX port at 0x60,0x64 irq 12
[    4.841305] mousedev: PS/2 mouse device common for all mice
[    4.843978] input: AT Translated Set 2 keyboard as /devices/platform/i8042/serio0/input/input1
[    4.844523] rtc_cmos 00:05: RTC can wake from S4
[    4.846247] input: VirtualPS/2 VMware VMMouse as /devices/platform/i8042/serio1/input/input4
[    4.846948] rtc_cmos 00:05: registered as rtc0
[    4.847396] rtc_cmos 00:05: setting system clock to 2024-06-12T17:14:30 UTC (1718212470)
[    4.847869] input: VirtualPS/2 VMware VMMouse as /devices/platform/i8042/serio1/input/input3
[    4.849016] rtc_cmos 00:05: alarms up to one day, y3k, 242 bytes nvram, hpet irqs
[    4.849683] i2c_dev: i2c /dev entries driver
[    4.850159] device-mapper: core: CONFIG_IMA_DISABLE_HTABLE is disabled. Duplicate IMA measurements will not be recorded in the IMA log.
[    4.851292] device-mapper: uevent: version 1.0.3
[    4.852300] device-mapper: ioctl: 4.47.0-ioctl (2022-07-28) initialised: dm-devel@redhat.com
[    4.853002] intel_pstate: CPU model not supported
[    4.853576] sdhci: Secure Digital Host Controller Interface driver
[    4.854074] sdhci: Copyright(c) Pierre Ossman
[    4.854546] sdhci-pltfm: SDHCI platform and OF driver helper
[    4.855113] ledtrig-cpu: registered to indicate activity on CPUs
[    4.856225] drop_monitor: Initializing network drop monitor service
[    4.858060] NET: Registered PF_INET6 protocol family
[    4.862882] Segment Routing with IPv6
[    4.863453] In-situ OAM (IOAM) with IPv6
[    4.864059] NET: Registered PF_PACKET protocol family
[    4.865227] 9pnet: Installing 9P2000 support
[    4.865720] Key type dns_resolver registered
[    4.867378] IPI shorthand broadcast: enabled
[    4.867874] sched_clock: Marking stable (4853272746, 13876545)->(4904214829, -37065538)
[    4.884236] registered taskstats version 1
[    4.885176] Loading compiled-in X.509 certificates
[    4.887559] zswap: loaded using pool lzo/zbud
[    4.892798] Key type .fscrypt registered
[    4.893152] Key type fscrypt-provisioning registered
[    4.897247] Key type encrypted registered
[    4.897667] ima: No TPM chip found, activating TPM-bypass!
[    4.898156] ima: Allocated hash algorithm: sha1
[    4.898638] ima: No architecture policies found
[    4.899178] evm: Initialising EVM extended attributes:
[    4.899615] evm: security.selinux
[    4.899902] evm: security.SMACK64
[    4.900188] evm: security.SMACK64EXEC
[    4.900532] evm: security.SMACK64TRANSMUTE
[    4.900883] evm: security.SMACK64MMAP
[    4.901198] evm: security.apparmor
[    4.901490] evm: security.ima
[    4.901749] evm: security.capability
[    4.902055] evm: HMAC attrs: 0x1
[    4.913305] PM:   Magic number: 12:871:238
[    4.915342] RAS: Correctable Errors collector initialized.
[    4.921019] md: Waiting for all devices to be available before autodetect
[    4.921852] md: If you don't use raid, use raid=noautodetect
[    4.922502] md: Autodetecting RAID arrays.
[    4.922779] md: autorun ...
[    4.922960] md: ... autorun DONE.
[    4.933333] EXT4-fs (sda): mounted filesystem with ordered data mode. Quota mode: none.
[    4.933910] VFS: Mounted root (ext4 filesystem) readonly on device 8:0.
[    4.936426] devtmpfs: mounted
[    4.952284] Freeing unused decrypted memory: 2036K
[    4.955128] Freeing unused kernel image (initmem) memory: 4524K
[    4.955545] Write protecting the kernel read-only data: 86016k
[    4.959129] Freeing unused kernel image (text/rodata gap) memory: 2028K
[    4.961258] Freeing unused kernel image (rodata/data gap) memory: 1988K
[    5.032732] x86/mm: Checked W+X mappings: passed, no W+X pages found.
[    5.033318] Run /sbin/init as init process
[    5.198045] systemd[1]: systemd 252-15.el9 running in system mode (+PAM +AUDIT +SELINUX -APPARMOR +IMA +SMACK +SECCOMP +GCRYPT +GNUTLS +OPENSSL +ACL +BLKID +CURL +ELFUTILS -FIDO2 +IDN2 -IDN -IPTC +KMOD +LIBCRYPTSETUP +LIBFDISK +PCRE2 -PWQUALITY +P11KIT -QRENCODE +TPM2 +BZIP2 +LZ4 +XZ +ZLIB +ZSTD -BPF_FRAMEWORK +XKBCOMMON +UTMP +SYSVINIT default-hierarchy=unified)
[    5.200114] systemd[1]: Detected virtualization kvm.
[    5.200543] systemd[1]: Detected architecture x86-64.

Welcome to [0;31mCentOS Stream 9[0m!

[    5.207596] systemd[1]: Hostname set to <test>.
[    5.480678] systemd-rc-local-generator[162]: /etc/rc.d/rc.local is not marked executable, skipping.
[    5.843425] systemd[1]: Queued start job for default target Multi-User System.
[    5.872817] systemd[1]: Created slice Virtual Machine and Container Slice.
[[0;32m  OK  [0m] Created slice [0;1;39mVirtual Machine and Container Slice[0m.
[    5.878715] systemd[1]: Created slice Slice /system/getty.
[[0;32m  OK  [0m] Created slice [0;1;39mSlice /system/getty[0m.
[    5.882077] systemd[1]: Created slice Slice /system/modprobe.
[[0;32m  OK  [0m] Created slice [0;1;39mSlice /system/modprobe[0m.
[    5.885345] systemd[1]: Created slice Slice /system/serial-getty.
[[0;32m  OK  [0m] Created slice [0;1;39mSlice /system/serial-getty[0m.
[    5.888759] systemd[1]: Created slice Slice /system/sshd-keygen.
[[0;32m  OK  [0m] Created slice [0;1;39mSlice /system/sshd-keygen[0m.
[    5.892055] systemd[1]: Created slice User and Session Slice.
[[0;32m  OK  [0m] Created slice [0;1;39mUser and Session Slice[0m.
[    5.893999] systemd[1]: Started Forward Password Requests to Wall Directory Watch.
[[0;32m  OK  [0m] Started [0;1;39mForward Password R…uests to Wall Directory Watch[0m.
[    5.896795] systemd[1]: Set up automount Arbitrary Executable File Formats File System Automount Point.
[[0;32m  OK  [0m] Set up automount [0;1;39mArbitrary…s File System Automount Point[0m.
[    5.898533] systemd[1]: Reached target Local Integrity Protected Volumes.
[[0;32m  OK  [0m] Reached target [0;1;39mLocal Integrity Protected Volumes[0m.
[    5.900036] systemd[1]: Reached target Slice Units.
[[0;32m  OK  [0m] Reached target [0;1;39mSlice Units[0m.
[    5.901154] systemd[1]: Reached target Swaps.
[[0;32m  OK  [0m] Reached target [0;1;39mSwaps[0m.
[    5.902191] systemd[1]: Reached target Local Verity Protected Volumes.
[[0;32m  OK  [0m] Reached target [0;1;39mLocal Verity Protected Volumes[0m.
[    5.903993] systemd[1]: Listening on Device-mapper event daemon FIFOs.
[[0;32m  OK  [0m] Listening on [0;1;39mDevice-mapper event daemon FIFOs[0m.
[    5.906326] systemd[1]: Listening on LVM2 poll daemon socket.
[[0;32m  OK  [0m] Listening on [0;1;39mLVM2 poll daemon socket[0m.
[    5.907824] systemd[1]: multipathd control socket was skipped because of an unmet condition check (ConditionPathExists=/etc/multipath.conf).
[    5.993734] systemd[1]: Listening on RPCbind Server Activation Socket.
[[0;32m  OK  [0m] Listening on [0;1;39mRPCbind Server Activation Socket[0m.
[    5.995570] systemd[1]: Reached target RPC Port Mapper.
[[0;32m  OK  [0m] Reached target [0;1;39mRPC Port Mapper[0m.
[    6.000097] systemd[1]: Listening on Process Core Dump Socket.
[[0;32m  OK  [0m] Listening on [0;1;39mProcess Core Dump Socket[0m.
[    6.001675] systemd[1]: Listening on initctl Compatibility Named Pipe.
[[0;32m  OK  [0m] Listening on [0;1;39minitctl Compatibility Named Pipe[0m.
[    6.003763] systemd[1]: Listening on Journal Socket (/dev/log).
[[0;32m  OK  [0m] Listening on [0;1;39mJournal Socket (/dev/log)[0m.
[    6.005783] systemd[1]: Listening on Journal Socket.
[[0;32m  OK  [0m] Listening on [0;1;39mJournal Socket[0m.
[    6.007766] systemd[1]: Listening on udev Control Socket.
[[0;32m  OK  [0m] Listening on [0;1;39mudev Control Socket[0m.
[    6.009428] systemd[1]: Listening on udev Kernel Socket.
[[0;32m  OK  [0m] Listening on [0;1;39mudev Kernel Socket[0m.
[    6.017254] systemd[1]: Mounting Huge Pages File System...
         Mounting [0;1;39mHuge Pages File System[0m...
[    6.025593] systemd[1]: Mounting POSIX Message Queue File System...
         Mounting [0;1;39mPOSIX Message Queue File System[0m...
[    6.045127] systemd[1]: Mounting Kernel Debug File System...
         Mounting [0;1;39mKernel Debug File System[0m...
[    6.057799] systemd[1]: Mounting Kernel Trace File System...
         Mounting [0;1;39mKernel Trace File System[0m...
[    6.059275] systemd[1]: Kernel Module supporting RPCSEC_GSS was skipped because of an unmet condition check (ConditionPathExists=/etc/krb5.keytab).
[    6.060262] systemd[1]: Create List of Static Device Nodes was skipped because of an unmet condition check (ConditionFileNotEmpty=/lib/modules/6.0.0-a09476668e30+/modules.devname).
[    6.068242] systemd[1]: Starting Monitoring of LVM2 mirrors, snapshots etc. using dmeventd or progress polling...
         Starting [0;1;39mMonitoring of LVM…meventd or progress polling[0m...
[    6.076270] systemd[1]: Starting Load Kernel Module configfs...
         Starting [0;1;39mLoad Kernel Module configfs[0m...
[    6.083686] systemd[1]: Starting Load Kernel Module drm...
         Starting [0;1;39mLoad Kernel Module drm[0m...
[    6.103125] systemd[1]: Starting Load Kernel Module fuse...
         Starting [0;1;39mLoad Kernel Module fuse[0m...
[    6.111664] systemd[1]: Starting Read and set NIS domainname from /etc/sysconfig/network...
         Starting [0;1;39mRead and set NIS …from /etc/sysconfig/network[0m...
[    6.124607] systemd[1]: Starting Journal Service...
         Starting [0;1;39mJournal Service[0m...
[    6.141803] systemd[1]: Starting Load Kernel Modules...
         Starting [0;1;39mLoad Kernel Modules[0m...
[    6.154643] systemd[1]: Starting Generate network units from Kernel command line...
         Starting [0;1;39mGenerate network …ts from Kernel command line[0m...
[    6.198080] systemd[1]: Starting Remount Root and Kernel File Systems...
         Starting [0;1;39mRemount Root and Kernel File Systems[0m...
[    6.200416] systemd[1]: Repartition Root Disk was skipped because no trigger condition checks were met.
[    6.211009] systemd[1]: Starting Coldplug All udev Devices...
         Starting [0;1;39mColdplug All udev Devices[0m...
[    6.236733] systemd[1]: Mounted Huge Pages File System.
[[0;32m  OK  [0m] Mounted [0;1;39mHuge Pages File System[0m.
[    6.241052] systemd[1]: Mounted POSIX Message Queue File System.
[[0;32m  OK  [0m] Mounted [0;1;39mPOSIX Message Queue File System[0m.
[    6.243130] systemd[1]: Mounted Kernel Debug File System.
[[0;32m  OK  [0m] Mounted [0;1;39mKernel Debug File System[0m.
[    6.245699] systemd[1]: Mounted Kernel Trace File System.
[[0;32m  OK  [0m] Mounted [0;1;39mKernel Trace File System[0m.
[    6.250449] systemd[1]: modprobe@configfs.service: Deactivated successfully.
[    6.255514] systemd[1]: Finished Load Kernel Module configfs.
[[0;32m  OK  [0m] Finished [0;1;39mLoad Kernel Module configfs[0m.
[    6.261850] systemd[1]: modprobe@drm.service: Deactivated successfully.
[    6.265415] systemd[1]: Finished Load Kernel Module drm.
[[0;32m  OK  [0m] Finished [0;1;39mLoad Kernel Module drm[0m.
[    6.271420] systemd[1]: modprobe@fuse.service: Deactivated successfully.
[    6.274784] systemd[1]: Finished Load Kernel Module fuse.
[[0;32m  OK  [0m] Finished [0;1;39mLoad Kernel Module fuse[0m.
[    6.285276] systemd[1]: Finished Read and set NIS domainname from /etc/sysconfig/network.
[[0;32m  OK  [0m] Finished [0;1;39mRead and set NIS …e from /etc/sysconfig/network[0m.
[    6.288252] systemd[1]: systemd-modules-load.service: Main process exited, code=exited, status=1/FAILURE
[    6.297121] systemd[1]: systemd-modules-load.service: Failed with result 'exit-code'.
[    6.300709] systemd[1]: Failed to start Load Kernel Modules.
[[0;1;31mFAILED[0m] Failed to start [0;1;39mLoad Kernel Modules[0m.
See 'systemctl status systemd-modules-load.service' for details.
[    6.307101] systemd[1]: Finished Generate network units from Kernel command line.
[[0;32m  OK  [0m] Finished [0;1;39mGenerate network units from Kernel command line[0m.
[    6.310135] systemd[1]: Reached target Preparation for Network.
[[0;32m  OK  [0m] Reached target [0;1;39mPreparation for Network[0m.
[    6.335831] EXT4-fs (sda): re-mounted. Quota mode: none.
[    6.340729] systemd[1]: Mounting FUSE Control File System...
         Mounting [0;1;39mFUSE Control File System[0m...
[    6.356639] systemd[1]: Mounting Kernel Configuration File System...
         Mounting [0;1;39mKernel Configuration File System[0m...
[    6.420849] systemd[1]: Starting Apply Kernel Variables...
         Starting [0;1;39mApply Kernel Variables[0m...
[    6.435604] systemd[1]: Finished Remount Root and Kernel File Systems.
[[0;32m  OK  [0m] Finished [0;1;39mRemount Root and Kernel File Systems[0m.
[    6.454480] systemd[1]: Mounted FUSE Control File System.
[[0;32m  OK  [0m] Mounted [0;1;39mFUSE Control File System[0m.
[    6.469414] systemd[1]: Mounted Kernel Configuration File System.
[[0;32m  OK  [0m] Mounted [0;1;39mKernel Configuration File System[0m.
[    6.471258] systemd[1]: Special handling of early boot iSCSI sessions was skipped because of an unmet condition check (ConditionDirectoryNotEmpty=/sys/class/iscsi_session).
[    6.472354] systemd[1]: First Boot Wizard was skipped because of an unmet condition check (ConditionFirstBoot=yes).
[    6.480051] systemd[1]: Rebuild Hardware Database was skipped because of an unmet condition check (ConditionNeedsUpdate=/etc).
[    6.501662] systemd[1]: Starting Load/Save Random Seed...
         Starting [0;1;39mLoad/Save Random Seed[0m...
[    6.516541] systemd[1]: Create System Users was skipped because no trigger condition checks were met.
[    6.548892] systemd[1]: Starting Create Static Device Nodes in /dev...
         Starting [0;1;39mCreate Static Device Nodes in /dev[0m...
[    6.564605] systemd[1]: Starting Setup Virtual Console...
         Starting [0;1;39mSetup Virtual Console[0m...
[    6.595001] systemd[1]: Started Journal Service.
[[0;32m  OK  [0m] Started [0;1;39mJournal Service[0m.
[[0;32m  OK  [0m] Finished [0;1;39mApply Kernel Variables[0m.
         Starting [0;1;39mFlush Journal to Persistent Storage[0m...
[    6.716463] systemd-journald[188]: Received client request to flush runtime journal.
[[0;32m  OK  [0m] Finished [0;1;39mCreate Static Device Nodes in /dev[0m.
         Starting [0;1;39mRule-based Manage…for Device Events and Files[0m...
[[0;32m  OK  [0m] Finished [0;1;39mFlush Journal to Persistent Storage[0m.
[[0;32m  OK  [0m] Started [0;1;39mRule-based Manager for Device Events and Files[0m.
         Starting [0;1;39mAuto-connect to s…E devices found during boot[0m...
[[0;32m  OK  [0m] Finished [0;1;39mAuto-connect to s…VME devices found during boot[0m.
[    7.092555] random: crng init done
[[0;32m  OK  [0m] Finished [0;1;39mLoad/Save Random Seed[0m.
[[0;32m  OK  [0m] Finished [0;1;39mMonitoring of LVM… dmeventd or progress polling[0m.
[[0;32m  OK  [0m] Finished [0;1;39mSetup Virtual Console[0m.
[[0;32m  OK  [0m] Finished [0;1;39mColdplug All udev Devices[0m.
[[0;32m  OK  [0m] Started [0;1;39mDispatch Password …ts to Console Directory Watch[0m.
[[0;32m  OK  [0m] Reached target [0;1;39mLocal Encrypted Volumes[0m.
[[0;32m  OK  [0m] Reached target [0;1;39mPath Units[0m.
         Starting [0;1;39mWait for udev To …plete Device Initialization[0m...
[[0;32m  OK  [0m] Found device [0;1;39m/dev/ttyS0[0m.
[[0;32m  OK  [0m] Listening on [0;1;39mLoad/Save RF …itch Status /dev/rfkill Watch[0m.
[[0;32m  OK  [0m] Finished [0;1;39mWait for udev To Complete Device Initialization[0m.
[[0;32m  OK  [0m] Reached target [0;1;39mPreparation for Local File Systems[0m.
[[0;32m  OK  [0m] Reached target [0;1;39mLocal File Systems[0m.
         Starting [0;1;39mTell Plymouth To Write Out Runtime Data[0m...
         Starting [0;1;39mAutomatic Boot Loader Update[0m...
         Starting [0;1;39mCreate Volatile Files and Directories[0m...
[[0;32m  OK  [0m] Finished [0;1;39mTell Plymouth To Write Out Runtime Data[0m.
[[0;32m  OK  [0m] Finished [0;1;39mAutomatic Boot Loader Update[0m.
[[0;32m  OK  [0m] Finished [0;1;39mCreate Volatile Files and Directories[0m.
         Mounting [0;1;39mRPC Pipe File System[0m...
         Starting [0;1;39mSecurity Auditing Service[0m...
         Starting [0;1;39mRPC Bind[0m...
[[0;32m  OK  [0m] Mounted [0;1;39mRPC Pipe File System[0m.
[[0;32m  OK  [0m] Reached target [0;1;39mrpc_pipefs.target[0m.
[[0;32m  OK  [0m] Started [0;1;39mRPC Bind[0m.
[[0;32m  OK  [0m] Started [0;1;39mSecurity Auditing Service[0m.
         Starting [0;1;39mRecord System Boot/Shutdown in UTMP[0m...
[[0;32m  OK  [0m] Finished [0;1;39mRecord System Boot/Shutdown in UTMP[0m.
[[0;32m  OK  [0m] Reached target [0;1;39mSystem Initialization[0m.
[[0;32m  OK  [0m] Started [0;1;39mDaily rotation of log files[0m.
[[0;32m  OK  [0m] Started [0;1;39mUpdates mlocate database every day[0m.
[[0;32m  OK  [0m] Started [0;1;39mDaily Cleanup of Temporary Directories[0m.
[[0;32m  OK  [0m] Started [0;1;39mdaily update of the root trust anchor for DNSSEC[0m.
[[0;32m  OK  [0m] Reached target [0;1;39mTimer Units[0m.
[[0;32m  OK  [0m] Listening on [0;1;39mD-Bus System Message Bus Socket[0m.
[[0;32m  OK  [0m] Listening on [0;1;39mOpen-iSCSI iscsid Socket[0m.
[[0;32m  OK  [0m] Listening on [0;1;39mOpen-iSCSI iscsiuio Socket[0m.
[[0;32m  OK  [0m] Listening on [0;1;39mSSSD Kerberos…ache Manager responder socket[0m.
[[0;32m  OK  [0m] Listening on [0;1;39mLibvirt interface local socket[0m.
[[0;32m  OK  [0m] Listening on [0;1;39mVirtual machine lock manager socket[0m.
[[0;32m  OK  [0m] Listening on [0;1;39mVirtual machine log manager socket[0m.
[[0;32m  OK  [0m] Listening on [0;1;39mLibvirt network local socket[0m.
[[0;32m  OK  [0m] Listening on [0;1;39mLibvirt nodedev local socket[0m.
[[0;32m  OK  [0m] Listening on [0;1;39mLibvirt nwfilter local socket[0m.
[[0;32m  OK  [0m] Listening on [0;1;39mLibvirt proxy local socket[0m.
[[0;32m  OK  [0m] Listening on [0;1;39mLibvirt qemu local socket[0m.
[[0;32m  OK  [0m] Listening on [0;1;39mLibvirt qemu admin socket[0m.
[[0;32m  OK  [0m] Listening on [0;1;39mLibvirt qemu local read-only socket[0m.
[[0;32m  OK  [0m] Listening on [0;1;39mLibvirt secret local socket[0m.
[[0;32m  OK  [0m] Listening on [0;1;39mLibvirt storage local socket[0m.
[[0;32m  OK  [0m] Reached target [0;1;39mSocket Units[0m.
         Starting [0;1;39mD-Bus System Message Bus[0m...
[[0;32m  OK  [0m] Started [0;1;39mD-Bus System Message Bus[0m.
[[0;32m  OK  [0m] Reached target [0;1;39mBasic System[0m.
         Starting [0;1;39mNetwork Manager[0m...
         Starting [0;1;39mNTP client/server[0m...
         Starting [0;1;39mRestore /run/initramfs on shutdown[0m...
[[0;32m  OK  [0m] Started [0;1;39mirqbalance daemon[0m.
[[0;32m  OK  [0m] Started [0;1;39mlibstoragemgmt plug-in server daemon[0m.
[[0;32m  OK  [0m] Started [0;1;39mMachine Check Exception Logging Daemon[0m.
[[0;32m  OK  [0m] Reached target [0;1;39msshd-keygen.target[0m.
[[0;32m  OK  [0m] Reached target [0;1;39mUser and Group Name Lookups[0m.
         Starting [0;1;39mUser Login Management[0m...
         Starting [0;1;39mVirtual Machine a…tainer Registration Service[0m...
         Starting [0;1;39mupdate of the roo…NSSEC validation in unbound[0m...
         Starting [0;1;39mRotate log files[0m...
[[0;32m  OK  [0m] Started [0;1;39mUpdate a database for mlocate[0m.
[[0;32m  OK  [0m] Finished [0;1;39mRestore /run/initramfs on shutdown[0m.
[[0;32m  OK  [0m] Started [0;1;39mVirtual Machine an…ontainer Registration Service[0m.
         Starting [0;1;39mHostname Service[0m...
[[0;32m  OK  [0m] Started [0;1;39mNTP client/server[0m.
[[0;32m  OK  [0m] Finished [0;1;39mupdate of the roo… DNSSEC validation in unbound[0m.
[[0;32m  OK  [0m] Started [0;1;39mUser Login Management[0m.
[[0;32m  OK  [0m] Finished [0;1;39mRotate log files[0m.
[[0;32m  OK  [0m] Started [0;1;39mHostname Service[0m.
         Starting [0;1;39mNetwork Manager Script Dispatcher Service[0m...
[[0;32m  OK  [0m] Started [0;1;39mNetwork Manager Script Dispatcher Service[0m.
[   11.288713] e1000: eth0 NIC Link is Up 1000 Mbps Full Duplex, Flow Control: RX
[   11.289725] IPv6: ADDRCONF(NETDEV_CHANGE): eth0: link becomes ready
[[0;32m  OK  [0m] Started [0;1;39mNetwork Manager[0m.
[[0;32m  OK  [0m] Reached target [0;1;39mNetwork[0m.
[[0;32m  OK  [0m] Reached target [0;1;39mNetwork is Online[0m.
         Starting [0;1;39mGSSAPI Proxy Daemon[0m...
         Starting [0;1;39mNotify NFS peers of a restart[0m...
         Starting [0;1;39mSystem Logging Service[0m...
         Starting [0;1;39mOpenSSH server daemon[0m...
         Starting [0;1;39mDynamic System Tuning Daemon[0m...
[[0;32m  OK  [0m] Started [0;1;39mGSSAPI Proxy Daemon[0m.
[[0;32m  OK  [0m] Started [0;1;39mNotify NFS peers of a restart[0m.
[[0;32m  OK  [0m] Started [0;1;39mOpenSSH server daemon[0m.
[[0;32m  OK  [0m] Reached target [0;1;39mNFS client services[0m.
[[0;32m  OK  [0m] Reached target [0;1;39mPreparation for Remote File Systems[0m.
[[0;32m  OK  [0m] Reached target [0;1;39mRemote File Systems[0m.
         Starting [0;1;39mPermit User Sessions[0m...
         Starting [0;1;39mVirtualization qemu daemon[0m...
[[0;32m  OK  [0m] Started [0;1;39mSystem Logging Service[0m.
[[0;32m  OK  [0m] Finished [0;1;39mPermit User Sessions[0m.
[[0;32m  OK  [0m] Started [0;1;39mDeferred execution scheduler[0m.
[[0;32m  OK  [0m] Started [0;1;39mCommand Scheduler[0m.
         Starting [0;1;39mHold until boot process finishes up[0m...
         Starting [0;1;39mTerminate Plymouth Boot Screen[0m...
[[0;32m  OK  [0m] Finished [0;1;39mHold until boot process finishes up[0m.
[[0;32m  OK  [0m] Finished [0;1;39mTerminate Plymouth Boot Screen[0m.
[[0;32m  OK  [0m] Started [0;1;39mGetty on tty1[0m.
[[0;32m  OK  [0m] Started [0;1;39mSerial Getty on ttyS0[0m.
[[0;32m  OK  [0m] Reached target [0;1;39mLogin Prompts[0m.
[[0;32m  OK  [0m] Started [0;1;39mVirtualization qemu daemon[0m.
         Starting [0;1;39mAuthorization Manager[0m...
[[0;32m  OK  [0m] Started [0;1;39mAuthorization Manager[0m.
[[0;32m  OK  [0m] Started [0;1;39mDynamic System Tuning Daemon[0m.
[[0;32m  OK  [0m] Reached target [0;1;39mMulti-User System[0m.
         Starting [0;1;39mRecord Runlevel Change in UTMP[0m...
[[0;32m  OK  [0m] Finished [0;1;39mRecord Runlevel Change in UTMP[0m.

CentOS Stream 9
Kernel 6.0.0-a09476668e30+ on an x86_64

Activate the web console with: systemctl enable --now cockpit.socket

test login: 