c[?7l[2J[0mSeaBIOS (version rel-1.16.0-0-gd239552ce722-prebuilt.qemu.org)


iPXE (http://ipxe.org) 00:03.0 CA00 PCI2.10 PnP PMM+7FF91000+7FEF1000 CA00
Press Ctrl-B to configure iPXE (PCI 00:03.0)...                                                                               


Booting from ROM..c[?7l[2J[0m.[    0.000000] Linux version 6.6.0-rc6-4fb56e3e92bc+ (root@p-mtlsx) (gcc (GCC) 11.4.1 20230605 (Red Hat 11.4.1-2), GNU ld version 2.35.2-42.el9) #1 SMP PREEMPT_DYNAMIC Fri Dec  1 14:50:32 CST 2023
[    0.000000] Command line: console=ttyS0 root=/dev/sda earlyprintk=serial net.ifnames=0 plymouth.enable=0
[    0.000000] KERNEL supported cpus:
[    0.000000]   Intel GenuineIntel
[    0.000000]   AMD AuthenticAMD
[    0.000000]   Hygon HygonGenuine
[    0.000000]   Centaur CentaurHauls
[    0.000000]   zhaoxin   Shanghai  
[    0.000000] x86/split lock detection: #DB: warning on user-space bus_locks
[    0.000000] BIOS-provided physical RAM map:
[    0.000000] BIOS-e820: [mem 0x0000000000000000-0x000000000009fbff] usable
[    0.000000] BIOS-e820: [mem 0x000000000009fc00-0x000000000009ffff] reserved
[    0.000000] BIOS-e820: [mem 0x00000000000f0000-0x00000000000fffff] reserved
[    0.000000] BIOS-e820: [mem 0x0000000000100000-0x000000007ffdffff] usable
[    0.000000] BIOS-e820: [mem 0x000000007ffe0000-0x000000007fffffff] reserved
[    0.000000] BIOS-e820: [mem 0x00000000feffc000-0x00000000feffffff] reserved
[    0.000000] BIOS-e820: [mem 0x00000000fffc0000-0x00000000ffffffff] reserved
[    0.000000] printk: bootconsole [earlyser0] enabled
[    0.000000] NX (Execute Disable) protection: active
[    0.000000] APIC: Static calls initialized
[    0.000000] SMBIOS 2.8 present.
[    0.000000] DMI: QEMU Standard PC (i440FX + PIIX, 1996), BIOS rel-1.16.0-0-gd239552ce722-prebuilt.qemu.org 04/01/2014
[    0.000000] Hypervisor detected: KVM
[    0.000000] kvm-clock: Using msrs 4b564d01 and 4b564d00
[    0.000003] kvm-clock: using sched offset of 1060380614 cycles
[    0.000543] clocksource: kvm-clock: mask: 0xffffffffffffffff max_cycles: 0x1cd42e4dffb, max_idle_ns: 881590591483 ns
[    0.002310] tsc: Detected 2380.800 MHz processor
[    0.009973] last_pfn = 0x7ffe0 max_arch_pfn = 0x400000000
[    0.011149] MTRR map: 4 entries (3 fixed + 1 variable; max 19), built from 8 variable MTRRs
[    0.012064] x86/PAT: Configuration [0-7]: WB  WC  UC- UC  WB  WP  UC- WT  
[    0.017682] found SMP MP-table at [mem 0x000f5ba0-0x000f5baf]
[    0.018283] Using GB pages for direct mapping
[    0.021182] ACPI: Early table checksum verification disabled
[    0.021757] ACPI: RSDP 0x00000000000F59C0 000014 (v00 BOCHS )
[    0.022344] ACPI: RSDT 0x000000007FFE1951 000034 (v01 BOCHS  BXPC     00000001 BXPC 00000001)
[    0.023221] ACPI: FACP 0x000000007FFE17FD 000074 (v01 BOCHS  BXPC     00000001 BXPC 00000001)
[    0.024072] ACPI: DSDT 0x000000007FFE0040 0017BD (v01 BOCHS  BXPC     00000001 BXPC 00000001)
[    0.024919] ACPI: FACS 0x000000007FFE0000 000040
[    0.025394] ACPI: APIC 0x000000007FFE1871 000080 (v01 BOCHS  BXPC     00000001 BXPC 00000001)
[    0.026259] ACPI: HPET 0x000000007FFE18F1 000038 (v01 BOCHS  BXPC     00000001 BXPC 00000001)
[    0.027119] ACPI: WAET 0x000000007FFE1929 000028 (v01 BOCHS  BXPC     00000001 BXPC 00000001)
[    0.027994] ACPI: Reserving FACP table memory at [mem 0x7ffe17fd-0x7ffe1870]
[    0.028786] ACPI: Reserving DSDT table memory at [mem 0x7ffe0040-0x7ffe17fc]
[    0.029504] ACPI: Reserving FACS table memory at [mem 0x7ffe0000-0x7ffe003f]
[    0.030188] ACPI: Reserving APIC table memory at [mem 0x7ffe1871-0x7ffe18f0]
[    0.030871] ACPI: Reserving HPET table memory at [mem 0x7ffe18f1-0x7ffe1928]
[    0.031559] ACPI: Reserving WAET table memory at [mem 0x7ffe1929-0x7ffe1950]
[    0.032736] No NUMA configuration found
[    0.033108] Faking a node at [mem 0x0000000000000000-0x000000007ffdffff]
[    0.033774] NODE_DATA(0) allocated [mem 0x7ffb5000-0x7ffdffff]
[    0.037195] Zone ranges:
[    0.037595]   DMA      [mem 0x0000000000001000-0x0000000000ffffff]
[    0.038518]   DMA32    [mem 0x0000000001000000-0x000000007ffdffff]
[    0.039372]   Normal   empty
[    0.039779]   Device   empty
[    0.040269] Movable zone start for each node
[    0.040991] Early memory node ranges
[    0.041542]   node   0: [mem 0x0000000000001000-0x000000000009efff]
[    0.042246]   node   0: [mem 0x0000000000100000-0x000000007ffdffff]
[    0.042956] Initmem setup node 0 [mem 0x0000000000001000-0x000000007ffdffff]
[    0.044056] On node 0, zone DMA: 1 pages in unavailable ranges
[    0.044407] On node 0, zone DMA: 97 pages in unavailable ranges
[    0.072004] On node 0, zone DMA32: 32 pages in unavailable ranges
[    0.120479] kasan: KernelAddressSanitizer initialized
[    0.122050] ACPI: PM-Timer IO Port: 0x608
[    0.122769] ACPI: LAPIC_NMI (acpi_id[0xff] dfl dfl lint[0x1])
[    0.123828] IOAPIC[0]: apic_id 0, version 17, address 0xfec00000, GSI 0-23
[    0.125018] ACPI: INT_SRC_OVR (bus 0 bus_irq 0 global_irq 2 dfl dfl)
[    0.126078] ACPI: INT_SRC_OVR (bus 0 bus_irq 5 global_irq 5 high level)
[    0.127181] ACPI: INT_SRC_OVR (bus 0 bus_irq 9 global_irq 9 high level)
[    0.128279] ACPI: INT_SRC_OVR (bus 0 bus_irq 10 global_irq 10 high level)
[    0.129406] ACPI: INT_SRC_OVR (bus 0 bus_irq 11 global_irq 11 high level)
[    0.130558] ACPI: Using ACPI (MADT) for SMP configuration information
[    0.131614] ACPI: HPET id: 0x8086a201 base: 0xfed00000
[    0.132475] TSC deadline timer available
[    0.133120] smpboot: Allowing 2 CPUs, 0 hotplug CPUs
[    0.133993] kvm-guest: APIC: eoi() replaced with kvm_guest_apic_eoi_write()
[    0.135194] kvm-guest: KVM setup pv remote TLB flush
[    0.136016] kvm-guest: setup PV sched yield
[    0.136783] PM: hibernation: Registered nosave memory: [mem 0x00000000-0x00000fff]
[    0.138044] PM: hibernation: Registered nosave memory: [mem 0x0009f000-0x0009ffff]
[    0.139456] PM: hibernation: Registered nosave memory: [mem 0x000a0000-0x000effff]
[    0.140830] PM: hibernation: Registered nosave memory: [mem 0x000f0000-0x000fffff]
[    0.142155] [mem 0x80000000-0xfeffbfff] available for PCI devices
[    0.143282] Booting paravirtualized kernel on KVM
[    0.144144] clocksource: refined-jiffies: mask: 0xffffffff max_cycles: 0xffffffff, max_idle_ns: 7645519600211568 ns
[    0.146055] setup_percpu: NR_CPUS:8192 nr_cpumask_bits:2 nr_cpu_ids:2 nr_node_ids:1
[    0.148307] percpu: Embedded 82 pages/cpu s299008 r8192 d28672 u1048576
[    0.149788] kvm-guest: PV spinlocks enabled
[    0.150590] PV qspinlock hash table entries: 256 (order: 0, 4096 bytes, linear)
[    0.151994] Kernel command line: net.ifnames=0 console=ttyS0 root=/dev/sda earlyprintk=serial net.ifnames=0 plymouth.enable=0
[    0.154684] random: crng init done
[    0.155741] Dentry cache hash table entries: 262144 (order: 9, 2097152 bytes, linear)
[    0.157448] Inode-cache hash table entries: 131072 (order: 8, 1048576 bytes, linear)
[    0.159175] Fallback order for Node 0: 0 
[    0.159195] Built 1 zonelists, mobility grouping on.  Total pages: 515808
[    0.161164] Policy zone: DMA32
[    0.161730] mem auto-init: stack:off, heap alloc:off, heap free:off
[    0.162850] stackdepot: allocating hash table via alloc_large_system_hash
[    0.165742] stackdepot hash table entries: 1048576 (order: 11, 8388608 bytes, linear)
[    0.223427] Memory: 1627232K/2096632K available (73728K kernel code, 14108K rwdata, 16556K rodata, 14728K init, 22080K bss, 469144K reserved, 0K cma-reserved)
[    0.228791] SLUB: HWalign=64, Order=0-3, MinObjects=0, CPUs=2, Nodes=1
[    0.229849] kmemleak: Kernel memory leak detector disabled
[    0.231042] ftrace: allocating 69734 entries in 273 pages
[    0.277218] ftrace: allocated 273 pages with 3 groups
[    0.285947] Dynamic Preempt: voluntary
[    0.287853] Running RCU self tests
[    0.288445] Running RCU synchronous self tests
[    0.289208] rcu: Preemptible hierarchical RCU implementation.
[    0.290123] rcu: 	RCU lockdep checking is enabled.
[    0.290897] rcu: 	RCU restricting CPUs from NR_CPUS=8192 to nr_cpu_ids=2.
[    0.291978] 	Trampoline variant of Tasks RCU enabled.
[    0.292781] 	Rude variant of Tasks RCU enabled.
[    0.293504] 	Tracing variant of Tasks RCU enabled.
[    0.294271] rcu: RCU calculated value of scheduler-enlistment delay is 25 jiffies.
[    0.295478] rcu: Adjusting geometry for rcu_fanout_leaf=16, nr_cpu_ids=2
[    0.296669] Running RCU synchronous self tests
[    0.382006] NR_IRQS: 524544, nr_irqs: 440, preallocated irqs: 16
[    0.383502] rcu: srcu_init: Setting srcu_struct sizes based on contention.
[    0.402511] Console: colour VGA+ 80x25
[    0.403406] printk: console [ttyS0] enabled
[    0.403406] printk: console [ttyS0] enabled
[    0.404982] printk: bootconsole [earlyser0] disabled
[    0.404982] printk: bootconsole [earlyser0] disabled
[    0.406773] Lock dependency validator: Copyright (c) 2006 Red Hat, Inc., Ingo Molnar
[    0.408067] ... MAX_LOCKDEP_SUBCLASSES:  8
[    0.408761] ... MAX_LOCK_DEPTH:          48
[    0.409473] ... MAX_LOCKDEP_KEYS:        8192
[    0.410212] ... CLASSHASH_SIZE:          4096
[    0.410955] ... MAX_LOCKDEP_ENTRIES:     32768
[    0.411691] ... MAX_LOCKDEP_CHAINS:      65536
[    0.412443] ... CHAINHASH_SIZE:          32768
[    0.413195]  memory used by lock dependency info: 6493 kB
[    0.414099]  memory used for stack traces: 4224 kB
[    0.414919]  per task-struct memory footprint: 1920 bytes
[    0.416102] ACPI: Core revision 20230628
[    0.417913] clocksource: hpet: mask: 0xffffffff max_cycles: 0xffffffff, max_idle_ns: 19112604467 ns
[    0.420305] APIC: Switch to symmetric I/O mode setup
[    0.421625] x2apic enabled
[    0.423079] APIC: Switched APIC routing to: physical x2apic
[    0.424489] kvm-guest: APIC: send_IPI_mask() replaced with kvm_send_ipi_mask()
[    0.425842] kvm-guest: APIC: send_IPI_mask_allbutself() replaced with kvm_send_ipi_mask_allbutself()
[    0.427547] kvm-guest: setup PV IPIs
[    0.431644] ..TIMER: vector=0x30 apic1=0 pin1=2 apic2=-1 pin2=-1
[    0.433400] clocksource: tsc-early: mask: 0xffffffffffffffff max_cycles: 0x22515dbcb04, max_idle_ns: 440795204659 ns
[    0.435846] Calibrating delay loop (skipped) preset value.. 4761.60 BogoMIPS (lpj=9523200)
[    0.440078] CPU0: Thermal monitoring enabled (TM1)
[    0.441091] x86/cpu: User Mode Instruction Prevention (UMIP) activated
[    0.444068] Last level iTLB entries: 4KB 0, 2MB 0, 4MB 0
[    0.445141] Last level dTLB entries: 4KB 0, 2MB 0, 4MB 0, 1GB 0
[    0.446371] Spectre V1 : Mitigation: usercopy/swapgs barriers and __user pointer sanitization
[    0.447820] Spectre V2 : WARNING: Unprivileged eBPF is enabled with eIBRS on, data leaks possible via Spectre v2 BHB attacks!
[    0.450056] Spectre V2 : Mitigation: Enhanced / Automatic IBRS
[    0.451817] Spectre V2 : Spectre v2 / SpectreRSB mitigation: Filling RSB on context switch
[    0.453414] Spectre V2 : Spectre v2 / PBRSB-eIBRS: Retire a single CALL on VMEXIT
[    0.455832] Spectre V2 : mitigation: Enabling conditional Indirect Branch Prediction Barrier
[    0.457457] Speculative Store Bypass: Mitigation: Speculative Store Bypass disabled via prctl
[    0.459081] MMIO Stale Data: Unknown: No mitigations
[    0.459893] x86/fpu: Supporting XSAVE feature 0x001: 'x87 floating point registers'
[    0.461441] x86/fpu: Supporting XSAVE feature 0x002: 'SSE registers'
[    0.463812] x86/fpu: Supporting XSAVE feature 0x004: 'AVX registers'
[    0.464996] x86/fpu: Supporting XSAVE feature 0x200: 'Protection Keys User registers'
[    0.466453] x86/fpu: xstate_offset[2]:  576, xstate_sizes[2]:  256
[    0.467818] x86/fpu: xstate_offset[9]:  832, xstate_sizes[9]:    8
[    0.468975] x86/fpu: Enabled xstate features 0x207, context size is 840 bytes, using 'compacted' format.
[    0.741348] Freeing SMP alternatives memory: 56K
[    0.741738] pid_max: default: 32768 minimum: 301
[    0.742355] LSM: initializing lsm=capability,yama,integrity
[    0.742862] Yama: becoming mindful.
[    0.744426] Mount-cache hash table entries: 4096 (order: 3, 32768 bytes, linear)
[    0.745672] Mountpoint-cache hash table entries: 4096 (order: 3, 32768 bytes, linear)
[    0.752589] Running RCU synchronous self tests
[    0.753702] Running RCU synchronous self tests
[    0.756378] smpboot: CPU0: Genuine Intel(R) 0000 @ (family: 0x6, model: 0xac, stepping: 0x0)
[    0.760419] RCU Tasks: Setting shift to 1 and lim to 1 rcu_task_cb_adjust=1.
[    0.762289] RCU Tasks Rude: Setting shift to 1 and lim to 1 rcu_task_cb_adjust=1.
[    0.764010] RCU Tasks Trace: Setting shift to 1 and lim to 1 rcu_task_cb_adjust=1.
[    0.765681] Running RCU-tasks wait API self tests
[    0.868642] Performance Events: unsupported p6 CPU model 172 no PMU driver, software events only.
[    0.870789] signal: max sigframe size: 3632
[    0.872400] rcu: Hierarchical SRCU implementation.
[    0.873540] rcu: 	Max phase no-delay instances is 1000.
[    0.876070] Callback from call_rcu_tasks_trace() invoked.
[    0.886796] NMI watchdog: Perf NMI watchdog permanently disabled
[    0.888371] smp: Bringing up secondary CPUs ...
[    0.890772] smpboot: x86: Booting SMP configuration:
[    0.891646] .... node  #0, CPUs:      #1
[    0.892357] smp: Brought up 1 node, 2 CPUs
[    0.893424] smpboot: Max logical packages: 1
[    0.895848] smpboot: Total of 2 processors activated (9523.20 BogoMIPS)
[    0.901177] devtmpfs: initialized
[    0.904597] x86/mm: Memory block size: 128MB
[    0.921143] Running RCU synchronous self tests
[    0.921942] Running RCU synchronous self tests
[    0.923958] clocksource: jiffies: mask: 0xffffffff max_cycles: 0xffffffff, max_idle_ns: 7645041785100000 ns
[    0.925549] futex hash table entries: 512 (order: 4, 65536 bytes, linear)
[    0.927666] pinctrl core: initialized pinctrl subsystem
[    0.929488] 
[    0.929766] *************************************************************
[    0.930859] **     NOTICE NOTICE NOTICE NOTICE NOTICE NOTICE NOTICE    **
[    0.931814] **                                                         **
[    0.932886] **  IOMMU DebugFS SUPPORT HAS BEEN ENABLED IN THIS KERNEL  **
[    0.933962] **                                                         **
[    0.935054] ** This means that this kernel is built to expose internal **
[    0.935812] ** IOMMU data structures, which may compromise security on **
[    0.936903] ** your system.                                            **
[    0.937992] **                                                         **
[    0.939079] ** If you see this message and you are not debugging the   **
[    0.939815] ** kernel, report this immediately to your vendor!         **
[    0.940910] **                                                         **
[    0.942000] **     NOTICE NOTICE NOTICE NOTICE NOTICE NOTICE NOTICE    **
[    0.943087] *************************************************************
[    0.943939] PM: RTC time: 22:26:14, date: 2023-12-01
[    0.949279] NET: Registered PF_NETLINK/PF_ROUTE protocol family
[    0.953318] DMA: preallocated 256 KiB GFP_KERNEL pool for atomic allocations
[    0.954535] DMA: preallocated 256 KiB GFP_KERNEL|GFP_DMA pool for atomic allocations
[    0.955857] DMA: preallocated 256 KiB GFP_KERNEL|GFP_DMA32 pool for atomic allocations
[    0.957367] audit: initializing netlink subsys (disabled)
[    0.958350] audit: type=2000 audit(1701469575.810:1): state=initialized audit_enabled=0 res=1
[    0.962752] thermal_sys: Registered thermal governor 'fair_share'
[    0.963041] thermal_sys: Registered thermal governor 'bang_bang'
[    0.963817] thermal_sys: Registered thermal governor 'step_wise'
[    0.964786] thermal_sys: Registered thermal governor 'user_space'
[    0.965928] cpuidle: using governor ladder
[    0.967675] cpuidle: using governor menu
[    0.968611] acpiphp: ACPI Hot Plug PCI Controller Driver version: 0.5
[    0.971420] PCI: Using configuration type 1 for base access
[    0.974133] kprobes: kprobe jump-optimization is enabled. All kprobes are optimized if possible.
[    0.975952] Callback from call_rcu_tasks_rude() invoked.
[    1.084247] Callback from call_rcu_tasks() invoked.
[    1.279803] HugeTLB: registered 1.00 GiB page size, pre-allocated 0 pages
[    1.279827] HugeTLB: 16380 KiB vmemmap can be freed for a 1.00 GiB page
[    1.280957] HugeTLB: registered 2.00 MiB page size, pre-allocated 0 pages
[    1.282127] HugeTLB: 28 KiB vmemmap can be freed for a 2.00 MiB page
[    1.291392] ACPI: Added _OSI(Module Device)
[    1.291854] ACPI: Added _OSI(Processor Device)
[    1.292808] ACPI: Added _OSI(3.0 _SCP Extensions)
[    1.293802] ACPI: Added _OSI(Processor Aggregator Device)
[    1.366140] ACPI: 1 ACPI AML tables successfully acquired and loaded
[    1.381472] ACPI: _OSC evaluation for CPUs failed, trying _PDC
[    1.393198] ACPI: Interpreter enabled
[    1.394456] ACPI: PM: (supports S0 S3 S4 S5)
[    1.395363] ACPI: Using IOAPIC for interrupt routing
[    1.396127] PCI: Using host bridge windows from ACPI; if necessary, use "pci=nocrs" and report a bug
[    1.398011] PCI: Using E820 reservations for host bridge windows
[    1.404457] ACPI: Enabled 2 GPEs in block 00 to 0F
[    1.539613] ACPI: PCI Root Bridge [PCI0] (domain 0000 [bus 00-ff])
[    1.539881] acpi PNP0A03:00: _OSC: OS supports [ASPM ClockPM Segments MSI EDR HPX-Type3]
[    1.541196] acpi PNP0A03:00: _OSC: not requesting OS control; OS requires [ExtendedConfig ASPM ClockPM MSI]
[    1.543366] acpi PNP0A03:00: fail to add MMCONFIG information, can't access extended configuration space under this bridge
[    1.559934] acpiphp: Slot [3] registered
[    1.561093] acpiphp: Slot [4] registered
[    1.562236] acpiphp: Slot [5] registered
[    1.563378] acpiphp: Slot [6] registered
[    1.564298] acpiphp: Slot [7] registered
[    1.565429] acpiphp: Slot [8] registered
[    1.566566] acpiphp: Slot [9] registered
[    1.567703] acpiphp: Slot [10] registered
[    1.568312] acpiphp: Slot [11] registered
[    1.569474] acpiphp: Slot [12] registered
[    1.570626] acpiphp: Slot [13] registered
[    1.571792] acpiphp: Slot [14] registered
[    1.576301] acpiphp: Slot [15] registered
[    1.577447] acpiphp: Slot [16] registered
[    1.578607] acpiphp: Slot [17] registered
[    1.579770] acpiphp: Slot [18] registered
[    1.580293] acpiphp: Slot [19] registered
[    1.581437] acpiphp: Slot [20] registered
[    1.582604] acpiphp: Slot [21] registered
[    1.583797] acpiphp: Slot [22] registered
[    1.584971] acpiphp: Slot [23] registered
[    1.586133] acpiphp: Slot [24] registered
[    1.587291] acpiphp: Slot [25] registered
[    1.588298] acpiphp: Slot [26] registered
[    1.589462] acpiphp: Slot [27] registered
[    1.590647] acpiphp: Slot [28] registered
[    1.591800] acpiphp: Slot [29] registered
[    1.592956] acpiphp: Slot [30] registered
[    1.594119] acpiphp: Slot [31] registered
[    1.595031] PCI host bridge to bus 0000:00
[    1.595722] pci_bus 0000:00: root bus resource [io  0x0000-0x0cf7 window]
[    1.595828] pci_bus 0000:00: root bus resource [io  0x0d00-0xffff window]
[    1.596948] pci_bus 0000:00: root bus resource [mem 0x000a0000-0x000bffff window]
[    1.598173] pci_bus 0000:00: root bus resource [mem 0x80000000-0xfebfffff window]
[    1.599398] pci_bus 0000:00: root bus resource [mem 0x100000000-0x17fffffff window]
[    1.599830] pci_bus 0000:00: root bus resource [bus 00-ff]
[    1.601227] pci 0000:00:00.0: [8086:1237] type 00 class 0x060000
[    1.642764] pci 0000:00:01.0: [8086:7000] type 00 class 0x060100
[    1.648010] pci 0000:00:01.1: [8086:7010] type 00 class 0x010180
[    1.651821] pci 0000:00:01.1: reg 0x20: [io  0xc040-0xc04f]
[    1.653842] pci 0000:00:01.1: legacy IDE quirk: reg 0x10: [io  0x01f0-0x01f7]
[    1.654998] pci 0000:00:01.1: legacy IDE quirk: reg 0x14: [io  0x03f6]
[    1.655816] pci 0000:00:01.1: legacy IDE quirk: reg 0x18: [io  0x0170-0x0177]
[    1.656965] pci 0000:00:01.1: legacy IDE quirk: reg 0x1c: [io  0x0376]
[    1.659318] pci 0000:00:01.3: [8086:7113] type 00 class 0x068000
[    1.664571] pci 0000:00:01.3: quirk: [io  0x0600-0x063f] claimed by PIIX4 ACPI
[    1.665756] pci 0000:00:01.3: quirk: [io  0x0700-0x070f] claimed by PIIX4 SMB
[    1.668173] pci 0000:00:02.0: [1234:1111] type 00 class 0x030000
[    1.670822] pci 0000:00:02.0: reg 0x10: [mem 0xfd000000-0xfdffffff pref]
[    1.675858] pci 0000:00:02.0: reg 0x18: [mem 0xfebf0000-0xfebf0fff]
[    1.694201] pci 0000:00:02.0: reg 0x30: [mem 0xfebe0000-0xfebeffff pref]
[    1.696230] pci 0000:00:02.0: Video device with shadowed ROM at [mem 0x000c0000-0x000dffff]
[    1.755272] pci 0000:00:03.0: [8086:100e] type 00 class 0x020000
[    1.759477] pci 0000:00:03.0: reg 0x10: [mem 0xfebc0000-0xfebdffff]
[    1.767631] pci 0000:00:03.0: reg 0x14: [io  0xc000-0xc03f]
[    1.776720] pci 0000:00:03.0: reg 0x30: [mem 0xfeb80000-0xfebbffff pref]
[    1.865466] ACPI: PCI: Interrupt link LNKA configured for IRQ 10
[    1.870385] ACPI: PCI: Interrupt link LNKB configured for IRQ 10
[    1.875236] ACPI: PCI: Interrupt link LNKC configured for IRQ 11
[    1.879653] ACPI: PCI: Interrupt link LNKD configured for IRQ 11
[    1.885375] ACPI: PCI: Interrupt link LNKS configured for IRQ 9
[    1.894271] iommu: Default domain type: Translated
[    1.895133] iommu: DMA domain TLB invalidation policy: lazy mode
[    1.901414] SCSI subsystem initialized
[    1.903111] ACPI: bus type USB registered
[    1.904143] usbcore: registered new interface driver usbfs
[    1.905222] usbcore: registered new interface driver hub
[    1.906225] usbcore: registered new device driver usb
[    1.907601] pps_core: LinuxPPS API ver. 1 registered
[    1.907814] pps_core: Software ver. 5.3.6 - Copyright 2005-2007 Rodolfo Giometti <giometti@linux.it>
[    1.909366] PTP clock support registered
[    1.911802] EDAC MC: Ver: 3.0.0
[    1.918001] NetLabel: Initializing
[    1.918592] NetLabel:  domain hash size = 128
[    1.919299] NetLabel:  protocols = UNLABELED CIPSOv4 CALIPSO
[    1.920164] NetLabel:  unlabeled traffic allowed by default
[    1.922192] PCI: Using ACPI for IRQ routing
[    1.923678] pci 0000:00:02.0: vgaarb: setting as boot VGA device
[    1.923802] pci 0000:00:02.0: vgaarb: bridge control possible
[    1.923802] pci 0000:00:02.0: vgaarb: VGA device added: decodes=io+mem,owns=io+mem,locks=none
[    1.927821] vgaarb: loaded
[    1.929738] hpet0: at MMIO 0xfed00000, IRQs 2, 8, 0
[    1.930574] hpet0: 3 comparators, 64-bit 100.000000 MHz counter
[    1.952039] clocksource: Switched to clocksource kvm-clock
[    1.955636] VFS: Disk quotas dquot_6.6.0
[    1.956403] VFS: Dquot-cache hash table entries: 512 (order 0, 4096 bytes)
[    1.958661] pnp: PnP ACPI init
[    1.971463] pnp: PnP ACPI: found 6 devices
[    2.010724] clocksource: acpi_pm: mask: 0xffffff max_cycles: 0xffffff, max_idle_ns: 2085701024 ns
[    2.014667] NET: Registered PF_INET protocol family
[    2.015795] IP idents hash table entries: 32768 (order: 6, 262144 bytes, linear)
[    2.019827] tcp_listen_portaddr_hash hash table entries: 1024 (order: 4, 73728 bytes, linear)
[    2.021255] Table-perturb hash table entries: 65536 (order: 6, 262144 bytes, linear)
[    2.022601] TCP established hash table entries: 16384 (order: 5, 131072 bytes, linear)
[    2.024346] TCP bind hash table entries: 16384 (order: 9, 2359296 bytes, linear)
[    2.027047] TCP: Hash tables configured (established 16384 bind 16384)
[    2.028424] UDP hash table entries: 1024 (order: 5, 163840 bytes, linear)
[    2.029630] UDP-Lite hash table entries: 1024 (order: 5, 163840 bytes, linear)
[    2.031525] NET: Registered PF_UNIX/PF_LOCAL protocol family
[    2.034053] RPC: Registered named UNIX socket transport module.
[    2.035059] RPC: Registered udp transport module.
[    2.035859] RPC: Registered tcp transport module.
[    2.036626] RPC: Registered tcp-with-tls transport module.
[    2.037513] RPC: Registered tcp NFSv4.1 backchannel transport module.
[    2.038591] pci_bus 0000:00: resource 4 [io  0x0000-0x0cf7 window]
[    2.039633] pci_bus 0000:00: resource 5 [io  0x0d00-0xffff window]
[    2.040643] pci_bus 0000:00: resource 6 [mem 0x000a0000-0x000bffff window]
[    2.041762] pci_bus 0000:00: resource 7 [mem 0x80000000-0xfebfffff window]
[    2.042873] pci_bus 0000:00: resource 8 [mem 0x100000000-0x17fffffff window]
[    2.045243] pci 0000:00:01.0: PIIX3: Enabling Passive Release
[    2.046203] pci 0000:00:00.0: Limiting direct PCI/PCI transfers
[    2.047368] PCI: CLS 0 bytes, default 64
[    2.048172] ACPI: bus type thunderbolt registered
[    2.049622] clocksource: tsc: mask: 0xffffffffffffffff max_cycles: 0x22515dbcb04, max_idle_ns: 440795204659 ns
[    5.005014] Initialise system trusted keyrings
[    5.006811] Key type blacklist registered
[    5.009179] workingset: timestamp_bits=36 max_order=19 bucket_order=0
[    5.011554] zbud: loaded
[    5.018230] squashfs: version 4.0 (2009/01/31) Phillip Lougher
[    5.025418] NFS: Registering the id_resolver key type
[    5.027456] Key type id_resolver registered
[    5.029030] Key type id_legacy registered
[    5.030648] nfs4filelayout_init: NFSv4 File Layout Driver Registering...
[    5.033320] nfs4flexfilelayout_init: NFSv4 Flexfile Layout Driver Registering...
[    5.037105] fuse: init (API version 7.39)
[    5.040113] SGI XFS with ACLs, security attributes, realtime, quota, no debug enabled
[    5.046773] 9p: Installing v9fs 9p2000 file system support
[    5.077547] Key type asymmetric registered
[    5.079245] Asymmetric key parser 'x509' registered
[    5.080722] Block layer SCSI generic (bsg) driver version 0.4 loaded (major 243)
[    5.082506] io scheduler mq-deadline registered
[    5.083536] io scheduler bfq registered
[    5.086636] shpchp: Standard Hot Plug PCI Controller Driver version: 0.4
[    5.089654] IPMI message handler: version 39.2
[    5.090592] ipmi device interface
[    5.095960] input: Power Button as /devices/LNXSYSTM:00/LNXPWRBN:00/input/input0
[    5.098424] ACPI: button: Power Button [PWRF]
[    5.102874] ERST DBG: ERST support is disabled.
[    5.106518] Serial: 8250/16550 driver, 32 ports, IRQ sharing enabled
[    5.110983] 00:04: ttyS0 at I/O 0x3f8 (irq = 4, base_baud = 115200) is a 16550A
[    5.206063] Linux agpgart interface v0.103
[    5.213428] ACPI: bus type drm_connector registered
[    5.281033] brd: module loaded
[    5.323001] loop: module loaded
[    5.347460] scsi host0: ata_piix
[    5.351302] scsi host1: ata_piix
[    5.353096] ata1: PATA max MWDMA2 cmd 0x1f0 ctl 0x3f6 bmdma 0xc040 irq 14
[    5.354233] ata2: PATA max MWDMA2 cmd 0x170 ctl 0x376 bmdma 0xc048 irq 15
[    5.360406] tun: Universal TUN/TAP device driver, 1.6
[    5.362219] e100: Intel(R) PRO/100 Network Driver
[    5.363014] e100: Copyright(c) 1999-2006 Intel Corporation
[    5.364143] e1000: Intel(R) PRO/1000 Network Driver
[    5.364955] e1000: Copyright (c) 1999-2006 Intel Corporation.
[    5.515668] ata2: found unknown device (class 0)
[    5.518116] ata1: found unknown device (class 0)
[    5.521812] ata1.00: ATA-7: QEMU HARDDISK, 2.5+, max UDMA/100
[    5.523528] ata1.00: 17196647 sectors, multi 16: LBA48 
[    5.524172] ata2.00: ATAPI: QEMU DVD-ROM, 2.5+, max UDMA/100
[    5.526615] scsi 0:0:0:0: Direct-Access     ATA      QEMU HARDDISK    2.5+ PQ: 0 ANSI: 5
[    5.530281] sd 0:0:0:0: Attached scsi generic sg0 type 0
[    5.531301] sd 0:0:0:0: [sda] 17196647 512-byte logical blocks: (8.80 GB/8.20 GiB)
[    5.532733] scsi 1:0:0:0: CD-ROM            QEMU     QEMU DVD-ROM     2.5+ PQ: 0 ANSI: 5
[    5.533560] sd 0:0:0:0: [sda] Write Protect is off
[    5.534202] sd 0:0:0:0: [sda] Write cache: enabled, read cache: enabled, doesn't support DPO or FUA
[    5.535732] sd 0:0:0:0: [sda] Preferred minimum I/O size 512 bytes
[    5.547896] sd 0:0:0:0: [sda] Attached SCSI disk
[    5.552982] scsi 1:0:0:0: Attached scsi generic sg1 type 5
[    7.831041] ACPI: \_SB_.LNKC: Enabled at IRQ 11
[    8.269258] e1000 0000:00:03.0 eth0: (PCI:33MHz:32-bit) 52:54:00:12:34:56
[    8.272074] e1000 0000:00:03.0 eth0: Intel(R) PRO/1000 Network Connection
[    8.275280] e1000e: Intel(R) PRO/1000 Network Driver
[    8.277046] e1000e: Copyright(c) 1999 - 2015 Intel Corporation.
[    8.279452] igb: Intel(R) Gigabit Ethernet Network Driver
[    8.281417] igb: Copyright (c) 2007-2014 Intel Corporation.
[    8.284125] PPP generic driver version 2.4.2
[    8.288086] VFIO - User Level meta-driver version: 0.3
[    8.290496] usbcore: registered new interface driver uas
[    8.293307] usbcore: registered new interface driver usb-storage
[    8.296390] i8042: PNP: PS/2 Controller [PNP0303:KBD,PNP0f13:MOU] at 0x60,0x64 irq 1,12
[    8.302215] serio: i8042 KBD port at 0x60,0x64 irq 1
[    8.304353] serio: i8042 AUX port at 0x60,0x64 irq 12
[    8.308648] mousedev: PS/2 mouse device common for all mice
[    8.311952] input: AT Translated Set 2 keyboard as /devices/platform/i8042/serio0/input/input1
[    8.312920] rtc_cmos 00:05: RTC can wake from S4
[    8.316952] input: VirtualPS/2 VMware VMMouse as /devices/platform/i8042/serio1/input/input4
[    8.320696] input: VirtualPS/2 VMware VMMouse as /devices/platform/i8042/serio1/input/input3
[    8.321677] rtc_cmos 00:05: registered as rtc0
[    8.323961] rtc_cmos 00:05: setting system clock to 2023-12-01T22:26:22 UTC (1701469582)
[    8.327795] rtc_cmos 00:05: alarms up to one day, y3k, 242 bytes nvram, hpet irqs
[    8.330395] i2c_dev: i2c /dev entries driver
[    8.332756] device-mapper: core: CONFIG_IMA_DISABLE_HTABLE is disabled. Duplicate IMA measurements will not be recorded in the IMA log.
[    8.336845] device-mapper: uevent: version 1.0.3
[    8.339686] device-mapper: ioctl: 4.48.0-ioctl (2023-03-01) initialised: dm-devel@redhat.com
[    8.342484] intel_pstate: CPU model not supported
[    8.344720] sdhci: Secure Digital Host Controller Interface driver
[    8.346773] sdhci: Copyright(c) Pierre Ossman
[    8.348994] sdhci-pltfm: SDHCI platform and OF driver helper
[    8.351642] ledtrig-cpu: registered to indicate activity on CPUs
[    8.354556] drop_monitor: Initializing network drop monitor service
[    8.358179] NET: Registered PF_INET6 protocol family
[    8.372563] Segment Routing with IPv6
[    8.374171] In-situ OAM (IOAM) with IPv6
[    8.375733] NET: Registered PF_PACKET protocol family
[    8.377269] 9pnet: Installing 9P2000 support
[    8.378233] Key type dns_resolver registered
[    8.382686] IPI shorthand broadcast: enabled
[    8.485891] sched_clock: Marking stable (8444012797, 39162589)->(8494414921, -11239535)
[    8.489233] registered taskstats version 1
[    8.492727] Loading compiled-in X.509 certificates
[    8.600910] Key type .fscrypt registered
[    8.602548] Key type fscrypt-provisioning registered
[    8.610174] Key type encrypted registered
[    8.610998] ima: No TPM chip found, activating TPM-bypass!
[    8.611993] ima: Allocated hash algorithm: sha1
[    8.612909] ima: No architecture policies found
[    8.613912] evm: Initialising EVM extended attributes:
[    8.614757] evm: security.selinux
[    8.615345] evm: security.SMACK64
[    8.615892] evm: security.SMACK64EXEC
[    8.616488] evm: security.SMACK64TRANSMUTE
[    8.617151] evm: security.SMACK64MMAP
[    8.617747] evm: security.apparmor
[    8.618304] evm: security.ima
[    8.618796] evm: security.capability
[    8.619406] evm: HMAC attrs: 0x1
[    8.626845] PM:   Magic number: 3:820:450
[    8.627567]  machinecheck: hash matches
[    8.630517] RAS: Correctable Errors collector initialized.
[    8.633750] clk: Disabling unused clocks
[    8.638400] md: Waiting for all devices to be available before autodetect
[    8.640450] md: If you don't use raid, use raid=noautodetect
[    8.642022] md: Autodetecting RAID arrays.
[    8.643158] md: autorun ...
[    8.644019] md: ... autorun DONE.
[    8.686678] EXT4-fs (sda): mounted filesystem 088740a9-c8b4-422c-999d-a804eb68a4da ro with ordered data mode. Quota mode: none.
[    8.688832] VFS: Mounted root (ext4 filesystem) readonly on device 8:0.
[    8.695565] devtmpfs: mounted
[    8.754047] Freeing unused decrypted memory: 2028K
[    8.758992] Freeing unused kernel image (initmem) memory: 14728K
[    8.759843] Write protecting the kernel read-only data: 92160k
[    8.764395] Freeing unused kernel image (rodata/data gap) memory: 1876K
[    8.897240] x86/mm: Checked W+X mappings: passed, no W+X pages found.
[    8.898048] Run /sbin/init as init process
[    9.253757] systemd[1]: systemd 252-15.el9 running in system mode (+PAM +AUDIT +SELINUX -APPARMOR +IMA +SMACK +SECCOMP +GCRYPT +GNUTLS +OPENSSL +ACL +BLKID +CURL +ELFUTILS -FIDO2 +IDN2 -IDN -IPTC +KMOD +LIBCRYPTSETUP +LIBFDISK +PCRE2 -PWQUALITY +P11KIT -QRENCODE +TPM2 +BZIP2 +LZ4 +XZ +ZLIB +ZSTD -BPF_FRAMEWORK +XKBCOMMON +UTMP +SYSVINIT default-hierarchy=unified)
[    9.255665] systemd[1]: Detected virtualization kvm.
[    9.255978] systemd[1]: Detected architecture x86-64.

Welcome to [0;31mCentOS Stream 9[0m!

[    9.266827] systemd[1]: Hostname set to <test>.
[    9.754937] systemd-rc-local-generator[116]: /etc/rc.d/rc.local is not marked executable, skipping.
[   10.491750] systemd[1]: Queued start job for default target Multi-User System.
[   10.524087] systemd[1]: Created slice Virtual Machine and Container Slice.
[[0;32m  OK  [0m] Created slice [0;1;39mVirtual Machine and Container Slice[0m.
[   10.535582] systemd[1]: Created slice Slice /system/getty.
[[0;32m  OK  [0m] Created slice [0;1;39mSlice /system/getty[0m.
[   10.541922] systemd[1]: Created slice Slice /system/modprobe.
[[0;32m  OK  [0m] Created slice [0;1;39mSlice /system/modprobe[0m.
[   10.548319] systemd[1]: Created slice Slice /system/serial-getty.
[[0;32m  OK  [0m] Created slice [0;1;39mSlice /system/serial-getty[0m.
[   10.554691] systemd[1]: Created slice Slice /system/sshd-keygen.
[[0;32m  OK  [0m] Created slice [0;1;39mSlice /system/sshd-keygen[0m.
[   10.560581] systemd[1]: Created slice User and Session Slice.
[[0;32m  OK  [0m] Created slice [0;1;39mUser and Session Slice[0m.
[   10.563521] systemd[1]: Started Forward Password Requests to Wall Directory Watch.
[[0;32m  OK  [0m] Started [0;1;39mForward Password R…uests to Wall Directory Watch[0m.
[   10.568282] systemd[1]: Set up automount Arbitrary Executable File Formats File System Automount Point.
[[0;32m  OK  [0m] Set up automount [0;1;39mArbitrary…s File System Automount Point[0m.
[   10.570966] systemd[1]: Reached target Local Integrity Protected Volumes.
[[0;32m  OK  [0m] Reached target [0;1;39mLocal Integrity Protected Volumes[0m.
[   10.573461] systemd[1]: Reached target Slice Units.
[[0;32m  OK  [0m] Reached target [0;1;39mSlice Units[0m.
[   10.575215] systemd[1]: Reached target Swaps.
[[0;32m  OK  [0m] Reached target [0;1;39mSwaps[0m.
[   10.576849] systemd[1]: Reached target Local Verity Protected Volumes.
[[0;32m  OK  [0m] Reached target [0;1;39mLocal Verity Protected Volumes[0m.
[   10.580210] systemd[1]: Listening on Device-mapper event daemon FIFOs.
[[0;32m  OK  [0m] Listening on [0;1;39mDevice-mapper event daemon FIFOs[0m.
[   10.583925] systemd[1]: Listening on LVM2 poll daemon socket.
[[0;32m  OK  [0m] Listening on [0;1;39mLVM2 poll daemon socket[0m.
[   10.586224] systemd[1]: multipathd control socket was skipped because of an unmet condition check (ConditionPathExists=/etc/multipath.conf).
[   10.752703] systemd[1]: Listening on RPCbind Server Activation Socket.
[[0;32m  OK  [0m] Listening on [0;1;39mRPCbind Server Activation Socket[0m.
[   10.755151] systemd[1]: Reached target RPC Port Mapper.
[[0;32m  OK  [0m] Reached target [0;1;39mRPC Port Mapper[0m.
[   10.762696] systemd[1]: Listening on Process Core Dump Socket.
[[0;32m  OK  [0m] Listening on [0;1;39mProcess Core Dump Socket[0m.
[   10.765726] systemd[1]: Listening on initctl Compatibility Named Pipe.
[[0;32m  OK  [0m] Listening on [0;1;39minitctl Compatibility Named Pipe[0m.
[   10.769858] systemd[1]: Listening on Journal Socket (/dev/log).
[[0;32m  OK  [0m] Listening on [0;1;39mJournal Socket (/dev/log)[0m.
[   10.773216] systemd[1]: Listening on Journal Socket.
[[0;32m  OK  [0m] Listening on [0;1;39mJournal Socket[0m.
[   10.777082] systemd[1]: Listening on udev Control Socket.
[[0;32m  OK  [0m] Listening on [0;1;39mudev Control Socket[0m.
[   10.779907] systemd[1]: Listening on udev Kernel Socket.
[[0;32m  OK  [0m] Listening on [0;1;39mudev Kernel Socket[0m.
[   10.820262] systemd[1]: Mounting Huge Pages File System...
         Mounting [0;1;39mHuge Pages File System[0m...
[   10.848425] systemd[1]: Mounting POSIX Message Queue File System...
         Mounting [0;1;39mPOSIX Message Queue File System[0m...
[   10.875971] systemd[1]: Mounting Kernel Debug File System...
         Mounting [0;1;39mKernel Debug File System[0m...
[   10.931951] systemd[1]: Mounting Kernel Trace File System...
         Mounting [0;1;39mKernel Trace File System[0m...
[   10.935318] systemd[1]: Kernel Module supporting RPCSEC_GSS was skipped because of an unmet condition check (ConditionPathExists=/etc/krb5.keytab).
[   10.937086] systemd[1]: Create List of Static Device Nodes was skipped because of an unmet condition check (ConditionFileNotEmpty=/lib/modules/6.6.0-rc6-4fb56e3e92bc+/modules.devname).
[   10.958327] systemd[1]: Starting Monitoring of LVM2 mirrors, snapshots etc. using dmeventd or progress polling...
         Starting [0;1;39mMonitoring of LVM…meventd or progress polling[0m...
[   10.985200] systemd[1]: Starting Load Kernel Module configfs...
         Starting [0;1;39mLoad Kernel Module configfs[0m...
[   11.014117] systemd[1]: Starting Load Kernel Module drm...
         Starting [0;1;39mLoad Kernel Module drm[0m...
[   11.057439] systemd[1]: Starting Load Kernel Module fuse...
         Starting [0;1;39mLoad Kernel Module fuse[0m...
[   11.100080] systemd[1]: Starting Read and set NIS domainname from /etc/sysconfig/network...
         Starting [0;1;39mRead and set NIS …from /etc/sysconfig/network[0m...
[   11.130492] systemd[1]: Starting Journal Service...
         Starting [0;1;39mJournal Service[0m...
[   11.202280] systemd[1]: Starting Load Kernel Modules...
         Starting [0;1;39mLoad Kernel Modules[0m...
[   11.267244] systemd[1]: Starting Generate network units from Kernel command line...
         Starting [0;1;39mGenerate network …ts from Kernel command line[0m...
[   11.337154] systemd[1]: Starting Remount Root and Kernel File Systems...
         Starting [0;1;39mRemount Root and Kernel File Systems[0m...
[   11.352801] systemd[1]: Repartition Root Disk was skipped because no trigger condition checks were met.
[   11.416280] systemd[1]: Starting Coldplug All udev Devices...
         Starting [0;1;39mColdplug All udev Devices[0m...
[   11.495741] systemd[1]: Mounted Huge Pages File System.
[[0;32m  OK  [0m] Mounted [0;1;39mHuge Pages File System[0m.
[   11.507462] systemd[1]: Mounted POSIX Message Queue File System.
[[0;32m  OK  [0m] Mounted [0;1;39mPOSIX Message Queue File System[0m.
[   11.517696] systemd[1]: Mounted Kernel Debug File System.
[[0;32m  OK  [0m] Mounted [0;1;39mKernel Debug File System[0m.
[   11.533732] systemd[1]: Mounted Kernel Trace File System.
[[0;32m  OK  [0m] Mounted [0;1;39mKernel Trace File System[0m.
[   11.549672] systemd[1]: Finished Monitoring of LVM2 mirrors, snapshots etc. using dmeventd or progress polling.
[[0;32m  OK  [0m] Finished [0;1;39mMonitoring of LVM… dmeventd or progress polling[0m.
[   11.581422] systemd[1]: modprobe@configfs.service: Deactivated successfully.
[   11.601725] systemd[1]: Finished Load Kernel Module configfs.
[[0;32m  OK  [0m] Finished [0;1;39mLoad Kernel Module configfs[0m.
[   11.620667] systemd[1]: modprobe@drm.service: Deactivated successfully.
[   11.625943] systemd[1]: Finished Load Kernel Module drm.
[[0;32m  OK  [0m] Finished [0;1;39mLoad Kernel Module drm[0m.
[   11.641217] systemd[1]: modprobe@fuse.service: Deactivated successfully.
[   11.647090] systemd[1]: Finished Load Kernel Module fuse.
[[0;32m  OK  [0m] Finished [0;1;39mLoad Kernel Module fuse[0m.
[   11.657339] EXT4-fs (sda): re-mounted 088740a9-c8b4-422c-999d-a804eb68a4da r/w. Quota mode: none.
[   11.662248] systemd[1]: Finished Read and set NIS domainname from /etc/sysconfig/network.
[[0;32m  OK  [0m] Finished [0;1;39mRead and set NIS …e from /etc/sysconfig/network[0m.
[   11.696426] systemd[1]: systemd-modules-load.service: Main process exited, code=exited, status=1/FAILURE
[   11.702263] systemd[1]: systemd-modules-load.service: Failed with result 'exit-code'.
[   11.709765] systemd[1]: Failed to start Load Kernel Modules.
[[0;1;31mFAILED[0m] Failed to start [0;1;39mLoad Kernel Modules[0m.
See 'systemctl status systemd-modules-load.service' for details.
[   11.727639] systemd[1]: Finished Generate network units from Kernel command line.
[[0;32m  OK  [0m] Finished [0;1;39mGenerate network units from Kernel command line[0m.
[   11.740471] systemd[1]: Finished Remount Root and Kernel File Systems.
[[0;32m  OK  [0m] Finished [0;1;39mRemount Root and Kernel File Systems[0m.
[   11.750979] systemd[1]: Reached target Preparation for Network.
[[0;32m  OK  [0m] Reached target [0;1;39mPreparation for Network[0m.
[   11.813318] systemd[1]: Mounting FUSE Control File System...
         Mounting [0;1;39mFUSE Control File System[0m...
[   11.867940] systemd[1]: Mounting Kernel Configuration File System...
         Mounting [0;1;39mKernel Configuration File System[0m...
[   11.881426] systemd[1]: Special handling of early boot iSCSI sessions was skipped because of an unmet condition check (ConditionDirectoryNotEmpty=/sys/class/iscsi_session).
[   11.891642] systemd[1]: First Boot Wizard was skipped because of an unmet condition check (ConditionFirstBoot=yes).
[   11.913041] systemd[1]: Rebuild Hardware Database was skipped because of an unmet condition check (ConditionNeedsUpdate=/etc).
[   11.960208] systemd[1]: Starting Load/Save Random Seed...
         Starting [0;1;39mLoad/Save Random Seed[0m...
[   12.021011] systemd[1]: Starting Apply Kernel Variables...
         Starting [0;1;39mApply Kernel Variables[0m...
[   12.028121] systemd[1]: Create System Users was skipped because no trigger condition checks were met.
[   12.076390] systemd[1]: Starting Create Static Device Nodes in /dev...
         Starting [0;1;39mCreate Static Device Nodes in /dev[0m...
[   12.153207] systemd[1]: Starting Setup Virtual Console...
         Starting [0;1;39mSetup Virtual Console[0m...
[   12.198760] systemd[1]: Started Journal Service.
[[0;32m  OK  [0m] Started [0;1;39mJournal Service[0m.
[[0;32m  OK  [0m] Mounted [0;1;39mFUSE Control File System[0m.
[[0;32m  OK  [0m] Mounted [0;1;39mKernel Configuration File System[0m.
[[0;32m  OK  [0m] Finished [0;1;39mLoad/Save Random Seed[0m.
         Starting [0;1;39mFlush Journal to Persistent Storage[0m...
[[0;32m  OK  [0m] Finished [0;1;39mApply Kernel Variables[0m.
[   12.511871] systemd-journald[136]: Received client request to flush runtime journal.
[[0;32m  OK  [0m] Finished [0;1;39mCreate Static Device Nodes in /dev[0m.
[[0;32m  OK  [0m] Finished [0;1;39mFlush Journal to Persistent Storage[0m.
         Starting [0;1;39mRule-based Manage…for Device Events and Files[0m...
[[0;32m  OK  [0m] Started [0;1;39mRule-based Manager for Device Events and Files[0m.
         Starting [0;1;39mAuto-connect to s…E devices found during boot[0m...
[[0;32m  OK  [0m] Finished [0;1;39mAuto-connect to s…VME devices found during boot[0m.
[[0;32m  OK  [0m] Finished [0;1;39mSetup Virtual Console[0m.
[[0;32m  OK  [0m] Finished [0;1;39mColdplug All udev Devices[0m.
[[0;32m  OK  [0m] Started [0;1;39mDispatch Password …ts to Console Directory Watch[0m.
[[0;32m  OK  [0m] Reached target [0;1;39mLocal Encrypted Volumes[0m.
[[0;32m  OK  [0m] Reached target [0;1;39mPath Units[0m.
         Starting [0;1;39mWait for udev To …plete Device Initialization[0m...
[[0;32m  OK  [0m] Found device [0;1;39m/dev/ttyS0[0m.
[[0m[0;31m*     [0m] A start job is running for Wait for…ice Initialization (5s / no limit)
M[K[[0;1;31m*[0m[0;31m*    [0m] A start job is running for Wait for…ice Initialization (6s / no limit)
M[K[[0;32m  OK  [0m] Listening on [0;1;39mLoad/Save RF …itch Status /dev/rfkill Watch[0m.
[K[[0;32m  OK  [0m] Finished [0;1;39mWait for udev To Complete Device Initialization[0m.
[[0;32m  OK  [0m] Reached target [0;1;39mPreparation for Local File Systems[0m.
[[0;32m  OK  [0m] Reached target [0;1;39mLocal File Systems[0m.
         Starting [0;1;39mTell Plymouth To Write Out Runtime Data[0m...
         Starting [0;1;39mAutomatic Boot Loader Update[0m...
         Starting [0;1;39mCreate Volatile Files and Directories[0m...
[[0;32m  OK  [0m] Finished [0;1;39mTell Plymouth To Write Out Runtime Data[0m.
[[0;32m  OK  [0m] Finished [0;1;39mAutomatic Boot Loader Update[0m.
[[0;32m  OK  [0m] Finished [0;1;39mCreate Volatile Files and Directories[0m.
         Mounting [0;1;39mRPC Pipe File System[0m...
         Starting [0;1;39mSecurity Auditing Service[0m...
         Starting [0;1;39mRPC Bind[0m...
[[0;32m  OK  [0m] Mounted [0;1;39mRPC Pipe File System[0m.
[[0;32m  OK  [0m] Reached target [0;1;39mrpc_pipefs.target[0m.
[[0;32m  OK  [0m] Started [0;1;39mRPC Bind[0m.
[[0;32m  OK  [0m] Started [0;1;39mSecurity Auditing Service[0m.
         Starting [0;1;39mRecord System Boot/Shutdown in UTMP[0m...
[[0;32m  OK  [0m] Finished [0;1;39mRecord System Boot/Shutdown in UTMP[0m.
[[0;32m  OK  [0m] Reached target [0;1;39mSystem Initialization[0m.
[[0;32m  OK  [0m] Started [0;1;39mDaily rotation of log files[0m.
[[0;32m  OK  [0m] Started [0;1;39mUpdates mlocate database every day[0m.
[[0;32m  OK  [0m] Started [0;1;39mDaily Cleanup of Temporary Directories[0m.
[[0;32m  OK  [0m] Started [0;1;39mdaily update of the root trust anchor for DNSSEC[0m.
[[0;32m  OK  [0m] Reached target [0;1;39mTimer Units[0m.
[[0;32m  OK  [0m] Listening on [0;1;39mD-Bus System Message Bus Socket[0m.
[[0;32m  OK  [0m] Listening on [0;1;39mOpen-iSCSI iscsid Socket[0m.
[[0;32m  OK  [0m] Listening on [0;1;39mOpen-iSCSI iscsiuio Socket[0m.
[[0;32m  OK  [0m] Listening on [0;1;39mSSSD Kerberos…ache Manager responder socket[0m.
[[0;32m  OK  [0m] Listening on [0;1;39mLibvirt interface local socket[0m.
[[0;32m  OK  [0m] Listening on [0;1;39mVirtual machine lock manager socket[0m.
[[0;32m  OK  [0m] Listening on [0;1;39mVirtual machine log manager socket[0m.
[[0;32m  OK  [0m] Listening on [0;1;39mLibvirt network local socket[0m.
[[0;32m  OK  [0m] Listening on [0;1;39mLibvirt nodedev local socket[0m.
[[0;32m  OK  [0m] Listening on [0;1;39mLibvirt nwfilter local socket[0m.
[[0;32m  OK  [0m] Listening on [0;1;39mLibvirt proxy local socket[0m.
[[0;32m  OK  [0m] Listening on [0;1;39mLibvirt qemu local socket[0m.
[[0;32m  OK  [0m] Listening on [0;1;39mLibvirt qemu admin socket[0m.
[[0;32m  OK  [0m] Listening on [0;1;39mLibvirt qemu local read-only socket[0m.
[[0;32m  OK  [0m] Listening on [0;1;39mLibvirt secret local socket[0m.
[[0;32m  OK  [0m] Listening on [0;1;39mLibvirt storage local socket[0m.
[[0;32m  OK  [0m] Reached target [0;1;39mSocket Units[0m.
         Starting [0;1;39mD-Bus System Message Bus[0m...
[[0;32m  OK  [0m] Started [0;1;39mD-Bus System Message Bus[0m.
[[0;32m  OK  [0m] Reached target [0;1;39mBasic System[0m.
[   18.845044] dbus-broker-lau[251]: memfd_create() called without MFD_EXEC or MFD_NOEXEC_SEAL set
         Starting [0;1;39mNetwork Manager[0m...
         Starting [0;1;39mNTP client/server[0m...
         Starting [0;1;39mRestore /run/initramfs on shutdown[0m...
[[0;32m  OK  [0m] Started [0;1;39mirqbalance daemon[0m.
[[0;32m  OK  [0m] Started [0;1;39mlibstoragemgmt plug-in server daemon[0m.
[[0;32m  OK  [0m] Started [0;1;39mMachine Check Exception Logging Daemon[0m.
[[0;32m  OK  [0m] Reached target [0;1;39msshd-keygen.target[0m.
[[0;32m  OK  [0m] Reached target [0;1;39mUser and Group Name Lookups[0m.
         Starting [0;1;39mUser Login Management[0m...
         Starting [0;1;39mVirtual Machine a…tainer Registration Service[0m...
         Starting [0;1;39mupdate of the roo…NSSEC validation in unbound[0m...
         Starting [0;1;39mRotate log files[0m...
[[0;32m  OK  [0m] Started [0;1;39mUpdate a database for mlocate[0m.
[[0;32m  OK  [0m] Started [0;1;39mNTP client/server[0m.
[[0;32m  OK  [0m] Finished [0;1;39mRestore /run/initramfs on shutdown[0m.
[[0;32m  OK  [0m] Started [0;1;39mVirtual Machine an…ontainer Registration Service[0m.
         Starting [0;1;39mHostname Service[0m...
[[0;32m  OK  [0m] Finished [0;1;39mupdate of the roo… DNSSEC validation in unbound[0m.
[[0;32m  OK  [0m] Started [0;1;39mUser Login Management[0m.
[[0;32m  OK  [0m] Started [0;1;39mHostname Service[0m.
[[0;32m  OK  [0m] Finished [0;1;39mRotate log files[0m.
         Starting [0;1;39mNetwork Manager Script Dispatcher Service[0m...
[[0;32m  OK  [0m] Started [0;1;39mNetwork Manager Script Dispatcher Service[0m.
[   20.901446] e1000: eth0 NIC Link is Up 1000 Mbps Full Duplex, Flow Control: RX
[[0;32m  OK  [0m] Started [0;1;39mNetwork Manager[0m.
[[0;32m  OK  [0m] Reached target [0;1;39mNetwork[0m.
[[0;32m  OK  [0m] Reached target [0;1;39mNetwork is Online[0m.
         Starting [0;1;39mGSSAPI Proxy Daemon[0m...
         Starting [0;1;39mNotify NFS peers of a restart[0m...
         Starting [0;1;39mSystem Logging Service[0m...
         Starting [0;1;39mOpenSSH server daemon[0m...
         Starting [0;1;39mDynamic System Tuning Daemon[0m...
[[0;32m  OK  [0m] Started [0;1;39mNotify NFS peers of a restart[0m.
[[0;32m  OK  [0m] Started [0;1;39mOpenSSH server daemon[0m.
[[0;32m  OK  [0m] Started [0;1;39mGSSAPI Proxy Daemon[0m.
[[0;32m  OK  [0m] Reached target [0;1;39mNFS client services[0m.
[[0;32m  OK  [0m] Reached target [0;1;39mPreparation for Remote File Systems[0m.
[[0;32m  OK  [0m] Reached target [0;1;39mRemote File Systems[0m.
         Starting [0;1;39mPermit User Sessions[0m...
         Starting [0;1;39mVirtualization qemu daemon[0m...
[[0;32m  OK  [0m] Started [0;1;39mSystem Logging Service[0m.
[[0;32m  OK  [0m] Finished [0;1;39mPermit User Sessions[0m.
[[0;32m  OK  [0m] Started [0;1;39mDeferred execution scheduler[0m.
[[0;32m  OK  [0m] Started [0;1;39mCommand Scheduler[0m.
         Starting [0;1;39mHold until boot process finishes up[0m...
         Starting [0;1;39mTerminate Plymouth Boot Screen[0m...
[[0;32m  OK  [0m] Finished [0;1;39mHold until boot process finishes up[0m.
[[0;32m  OK  [0m] Started [0;1;39mGetty on tty1[0m.
[[0;32m  OK  [0m] Started [0;1;39mSerial Getty on ttyS0[0m.
[[0;32m  OK  [0m] Reached target [0;1;39mLogin Prompts[0m.
[[0;32m  OK  [0m] Started [0;1;39mVirtualization qemu daemon[0m.
[[0;32m  OK  [0m] Finished [0;1;39mTerminate Plymouth Boot Screen[0m.
         Starting [0;1;39mAuthorization Manager[0m...
[[0;32m  OK  [0m] Started [0;1;39mAuthorization Manager[0m.

CentOS Stream 9
Kernel 6.6.0-rc6-4fb56e3e92bc+ on an x86_64

Activate the web console with: systemctl enable --now cockpit.socket

test login: [   38.687436] 
[   38.688226] ======================================================
[   38.690402] WARNING: possible circular locking dependency detected
[   38.692038] 6.6.0-rc6-4fb56e3e92bc+ #1 Not tainted
[   38.693526] ------------------------------------------------------
[   38.695274] repro/715 is trying to acquire lock:
[   38.696602] ffff8880137f9680 (nlk_cb_mutex-GENERIC){+.+.}-{3:3}, at: netlink_dump+0xd7/0xcb0
[   38.699162] 
[   38.699162] but task is already holding lock:
[   38.700828] ffffffff8760bde8 (dpll_lock){+.+.}-{3:3}, at: dpll_lock_dumpit+0x20/0x30
[   38.703143] 
[   38.703143] which lock already depends on the new lock.
[   38.703143] 
[   38.705815] 
[   38.705815] the existing dependency chain (in reverse order) is:
[   38.707787] 
[   38.707787] -> #1 (dpll_lock){+.+.}-{3:3}:
[   38.709329]        __mutex_lock+0x154/0x1a40
[   38.710469]        mutex_lock_nested+0x1f/0x30
[   38.711524]        dpll_lock_dumpit+0x20/0x30
[   38.712222]        genl_start+0x624/0x980
[   38.712719]        __netlink_dump_start+0x60f/0x9e0
[   38.713461]        genl_family_rcv_msg_dumpit+0x1f2/0x2f0
[   38.714283]        genl_rcv_msg+0x48e/0x850
[   38.714767]        netlink_rcv_skb+0x187/0x470
[   38.715419]        genl_rcv+0x32/0x50
[   38.715853]        netlink_unicast+0x5bb/0x8a0
[   38.716456]        netlink_sendmsg+0x9e7/0xf60
[   38.716979]        ____sys_sendmsg+0xac0/0xc90
[   38.717567]        ___sys_sendmsg+0x122/0x1c0
[   38.718073]        __sys_sendmsg+0x11f/0x200
[   38.718570]        __x64_sys_sendmsg+0x80/0xc0
[   38.719085]        do_syscall_64+0x3c/0x90
[   38.719591]        entry_SYSCALL_64_after_hwframe+0x6e/0xd8
[   38.720384] 
[   38.720384] -> #0 (nlk_cb_mutex-GENERIC){+.+.}-{3:3}:
[   38.721247]        __lock_acquire+0x2fe2/0x5c70
[   38.721830]        lock_acquire+0x1c9/0x530
[   38.722429]        __mutex_lock+0x154/0x1a40
[   38.722935]        mutex_lock_nested+0x1f/0x30
[   38.723550]        netlink_dump+0xd7/0xcb0
[   38.724024]        __netlink_dump_start+0x704/0x9e0
[   38.724672]        genl_family_rcv_msg_dumpit+0x1f2/0x2f0
[   38.725331]        genl_rcv_msg+0x48e/0x850
[   38.725858]        netlink_rcv_skb+0x187/0x470
[   38.726472]        genl_rcv+0x32/0x50
[   38.726908]        netlink_unicast+0x5bb/0x8a0
[   38.727495]        netlink_sendmsg+0x9e7/0xf60
[   38.728046]        ____sys_sendmsg+0xac0/0xc90
[   38.728650]        ___sys_sendmsg+0x122/0x1c0
[   38.729168]        __sys_sendmsg+0x11f/0x200
[   38.729756]        __x64_sys_sendmsg+0x80/0xc0
[   38.730302]        do_syscall_64+0x3c/0x90
[   38.730847]        entry_SYSCALL_64_after_hwframe+0x6e/0xd8
[   38.731583] 
[   38.731583] other info that might help us debug this:
[   38.731583] 
[   38.732450]  Possible unsafe locking scenario:
[   38.732450] 
[   38.733260]        CPU0                    CPU1
[   38.733776]        ----                    ----
[   38.734373]   lock(dpll_lock);
[   38.734733]                                lock(nlk_cb_mutex-GENERIC);
[   38.735541]                                lock(dpll_lock);
[   38.736248]   lock(nlk_cb_mutex-GENERIC);
[   38.736713] 
[   38.736713]  *** DEADLOCK ***
[   38.736713] 
[   38.737459] 2 locks held by repro/715:
[   38.737909]  #0: ffffffff87665ad0 (cb_lock){++++}-{3:3}, at: genl_rcv+0x23/0x50
[   38.738829]  #1: ffffffff8760bde8 (dpll_lock){+.+.}-{3:3}, at: dpll_lock_dumpit+0x20/0x30
[   38.739769] 
[   38.739769] stack backtrace:
[   38.740261] CPU: 1 PID: 715 Comm: repro Not tainted 6.6.0-rc6-4fb56e3e92bc+ #1
[   38.741058] Hardware name: QEMU Standard PC (i440FX + PIIX, 1996), BIOS rel-1.16.0-0-gd239552ce722-prebuilt.qemu.org 04/01/2014
[   38.742424] Call Trace:
[   38.742873]  <TASK>
[   38.743129]  dump_stack_lvl+0xaa/0x110
[   38.743599]  dump_stack+0x19/0x20
[   38.744084]  print_circular_bug+0x47e/0x750
[   38.744582]  check_noncircular+0x2f7/0x3e0
[   38.745140]  ? __pfx_check_noncircular+0x10/0x10
[   38.745706]  ? lockdep_lock+0xd0/0x1d0
[   38.746207]  ? __pfx_lockdep_lock+0x10/0x10
[   38.746730]  ? __sanitizer_cov_trace_const_cmp8+0x1c/0x30
[   38.747405]  ? _find_first_zero_bit+0x99/0xc0
[   38.748027]  __lock_acquire+0x2fe2/0x5c70
[   38.748515]  ? __pfx___lock_acquire+0x10/0x10
[   38.749154]  ? __schedule+0xb4c/0x3010
[   38.749625]  lock_acquire+0x1c9/0x530
[   38.750125]  ? netlink_dump+0xd7/0xcb0
[   38.750595]  ? __pfx_lock_acquire+0x10/0x10
[   38.751148]  ? __cond_resched+0x24/0x30
[   38.751619]  __mutex_lock+0x154/0x1a40
[   38.752135]  ? netlink_dump+0xd7/0xcb0
[   38.752602]  ? trace_hardirqs_on+0x26/0x120
[   38.753157]  ? netlink_dump+0xd7/0xcb0
[   38.753621]  ? irqentry_exit+0x3e/0xa0
[   38.754122]  ? __pfx___mutex_lock+0x10/0x10
[   38.754636]  ? lock_release+0x440/0x7e0
[   38.755157]  ? lock_release+0x417/0x7e0
[   38.755631]  mutex_lock_nested+0x1f/0x30
[   38.756132]  ? mutex_lock_nested+0x1f/0x30
[   38.756715]  netlink_dump+0xd7/0xcb0
[   38.757140]  ? __pfx___mutex_lock+0x10/0x10
[   38.757683]  ? __pfx_netlink_dump+0x10/0x10
[   38.758183]  ? __kasan_check_write+0x18/0x20
[   38.758721]  ? mutex_lock_nested+0x1f/0x30
[   38.759261]  ? __sanitizer_cov_trace_const_cmp4+0x1a/0x20
[   38.760005]  ? genl_start+0x6a0/0x980
[   38.760460]  __netlink_dump_start+0x704/0x9e0
[   38.761017]  genl_family_rcv_msg_dumpit+0x1f2/0x2f0
[   38.761655]  ? __pfx_genl_family_rcv_msg_dumpit+0x10/0x10
[   38.762331]  ? __sanitizer_cov_trace_const_cmp1+0x1e/0x30
[   38.762968]  ? cap_capable+0x1dc/0x250
[   38.763452]  ? __pfx_genl_start+0x10/0x10
[   38.763923]  ? __pfx_genl_dumpit+0x10/0x10
[   38.764475]  ? __pfx_genl_done+0x10/0x10
[   38.764942]  ? __sanitizer_cov_trace_const_cmp4+0x1a/0x20
[   38.765593]  ? ns_capable+0xee/0x130
[   38.766046]  genl_rcv_msg+0x48e/0x850
[   38.766551]  ? __pfx_genl_rcv_msg+0x10/0x10
[   38.767048]  ? __pfx___lock_acquire+0x10/0x10
[   38.767607]  ? __pfx_dpll_lock_dumpit+0x10/0x10
[   38.768202]  ? __pfx_dpll_nl_pin_get_dumpit+0x10/0x10
[   38.768800]  ? __pfx_dpll_unlock_dumpit+0x10/0x10
[   38.769397]  netlink_rcv_skb+0x187/0x470
[   38.769930]  ? __pfx_genl_rcv_msg+0x10/0x10
[   38.770478]  ? __pfx_netlink_rcv_skb+0x10/0x10
[   38.771019]  ? __pfx_down_read+0x10/0x10
[   38.771505]  ? netlink_deliver_tap+0x1b9/0xcb0
[   38.772096]  genl_rcv+0x32/0x50
[   38.772544]  netlink_unicast+0x5bb/0x8a0
[   38.773026]  ? __pfx_netlink_unicast+0x10/0x10
[   38.773593]  ? __sanitizer_cov_trace_cmp8+0x1c/0x30
[   38.774221]  ? __check_object_size+0x43/0x900
[   38.774756]  netlink_sendmsg+0x9e7/0xf60
[   38.775247]  ? __pfx_netlink_sendmsg+0x10/0x10
[   38.775835]  ? __import_iovec+0x1f5/0x740
[   38.776327]  ? __might_fault+0xf4/0x1b0
[   38.776863]  ? security_socket_sendmsg+0x9b/0xd0
[   38.777399]  ? __pfx_netlink_sendmsg+0x10/0x10
[   38.777913]  ____sys_sendmsg+0xac0/0xc90
[   38.778370]  ? __pfx_____sys_sendmsg+0x10/0x10
[   38.778942]  ? __this_cpu_preempt_check+0x21/0x30
[   38.779488]  ? lock_release+0x417/0x7e0
[   38.779939]  ___sys_sendmsg+0x122/0x1c0
[   38.780387]  ? __lock_acquire+0x1a03/0x5c70
[   38.780974]  ? __pfx____sys_sendmsg+0x10/0x10
[   38.781574]  ? kasan_print_address_stack_frame+0x1e2/0x240
[   38.782221]  ? __pfx___lock_acquire+0x10/0x10
[   38.782756]  ? __pfx_mark_lock.part.0+0x10/0x10
[   38.783346]  ? __pfx___lock_acquire+0x10/0x10
[   38.783923]  ? __sanitizer_cov_trace_const_cmp4+0x1a/0x20
[   38.784549]  ? __fget_light+0xf1/0x260
[   38.785043]  ? __fdget+0x24/0x30
[   38.785496]  ? __sanitizer_cov_trace_const_cmp8+0x1c/0x30
[   38.786115]  ? sockfd_lookup_light+0xda/0x1a0
[   38.786678]  __sys_sendmsg+0x11f/0x200
[   38.787176]  ? __pfx___sys_sendmsg+0x10/0x10
[   38.787685]  ? trace_hardirqs_on+0x26/0x120
[   38.788250]  ? __audit_syscall_entry+0x39e/0x500
[   38.788804]  __x64_sys_sendmsg+0x80/0xc0
[   38.789310]  ? syscall_enter_from_user_mode+0x53/0x70
[   38.789953]  do_syscall_64+0x3c/0x90
[   38.790443]  entry_SYSCALL_64_after_hwframe+0x6e/0xd8
[   38.791035] RIP: 0033:0x7fd16e43ee5d
[   38.791502] Code: ff c3 66 2e 0f 1f 84 00 00 00 00 00 90 f3 0f 1e fa 48 89 f8 48 89 f7 48 89 d6 48 89 ca 4d 89 c2 4d 89 c8 4c 8b 4c 24 08 0f 05 <48> 3d 01 f0 ff ff 73 01 c3 48 8b 0d 93 af 1b 00 f7 d8 64 89 01 48
[   38.793613] RSP: 002b:00007ffe20c6a398 EFLAGS: 00000202 ORIG_RAX: 000000000000002e
[   38.794534] RAX: ffffffffffffffda RBX: 0000000000000000 RCX: 00007fd16e43ee5d
[   38.795428] RDX: 0000000000000000 RSI: 0000000020000ac0 RDI: 0000000000000003
[   38.796265] RBP: 00007ffe20c6a3b0 R08: 00007ffe20c6a3b0 R09: 00007ffe20c6a3b0
[   38.797112] R10: 00007ffe20c69e20 R11: 0000000000000202 R12: 00007ffe20c6a508
[   38.797983] R13: 00000000004017ad R14: 0000000000403e08 R15: 00007fd16e6d7000
[   38.798852]  </TASK>
