c[?7l[2J[0mSeaBIOS (version rel-1.16.0-0-gd239552ce722-prebuilt.qemu.org)


iPXE (http://ipxe.org) 00:03.0 CA00 PCI2.10 PnP PMM+7FF91000+7FEF1000 CA00
Press Ctrl-B to configure iPXE (PCI 00:03.0)...                                                                               


Booting from ROM...
c[?7l[2J[    0.000000] Linux version 6.5.0-cd99b9eb4b70+ (root@p-mtlsx) (gcc (GCC) 11.4.1 20230605 (Red Hat 11.4.1-2), GNU ld version 2.35.2-42.el9) #1 SMP PREEMPT_DYNAMIC Fri Dec  1 15:54:04 CST 2023
[    0.000000] Command line: console=ttyS0 root=/dev/sda earlyprintk=serial net.ifnames=0 plymouth.enable=0
[    0.000000] KERNEL supported cpus:
[    0.000000]   Intel GenuineIntel
[    0.000000]   AMD AuthenticAMD
[    0.000000]   Hygon HygonGenuine
[    0.000000]   Centaur CentaurHauls
[    0.000000]   zhaoxin   Shanghai  
[    0.000000] x86/split lock detection: #DB: warning on user-space bus_locks
[    0.000000] BIOS-provided physical RAM map:
[    0.000000] BIOS-e820: [mem 0x0000000000000000-0x000000000009fbff] usable
[    0.000000] BIOS-e820: [mem 0x000000000009fc00-0x000000000009ffff] reserved
[    0.000000] BIOS-e820: [mem 0x00000000000f0000-0x00000000000fffff] reserved
[    0.000000] BIOS-e820: [mem 0x0000000000100000-0x000000007ffdffff] usable
[    0.000000] BIOS-e820: [mem 0x000000007ffe0000-0x000000007fffffff] reserved
[    0.000000] BIOS-e820: [mem 0x00000000feffc000-0x00000000feffffff] reserved
[    0.000000] BIOS-e820: [mem 0x00000000fffc0000-0x00000000ffffffff] reserved
[    0.000000] printk: bootconsole [earlyser0] enabled
[    0.000000] NX (Execute Disable) protection: active
[    0.000000] APIC: Static calls initialized
[    0.000000] SMBIOS 2.8 present.
[    0.000000] DMI: QEMU Standard PC (i440FX + PIIX, 1996), BIOS rel-1.16.0-0-gd239552ce722-prebuilt.qemu.org 04/01/2014
[    0.000000] Hypervisor detected: KVM
[    0.000000] kvm-clock: Using msrs 4b564d01 and 4b564d00
[    0.000006] kvm-clock: using sched offset of 1261620742 cycles
[    0.000924] clocksource: kvm-clock: mask: 0xffffffffffffffff max_cycles: 0x1cd42e4dffb, max_idle_ns: 881590591483 ns
[    0.003614] tsc: Detected 2380.800 MHz processor
[    0.017332] last_pfn = 0x7ffe0 max_arch_pfn = 0x400000000
[    0.018402] MTRR map: 4 entries (3 fixed + 1 variable; max 19), built from 8 variable MTRRs
[    0.019842] x86/PAT: Configuration [0-7]: WB  WC  UC- UC  WB  WP  UC- WT  
[    0.032201] found SMP MP-table at [mem 0x000f5ba0-0x000f5baf]
[    0.033486] Using GB pages for direct mapping
[    0.039160] ACPI: Early table checksum verification disabled
[    0.040295] ACPI: RSDP 0x00000000000F59C0 000014 (v00 BOCHS )
[    0.041474] ACPI: RSDT 0x000000007FFE1951 000034 (v01 BOCHS  BXPC     00000001 BXPC 00000001)
[    0.043061] ACPI: FACP 0x000000007FFE17FD 000074 (v01 BOCHS  BXPC     00000001 BXPC 00000001)
[    0.044669] ACPI: DSDT 0x000000007FFE0040 0017BD (v01 BOCHS  BXPC     00000001 BXPC 00000001)
[    0.046276] ACPI: FACS 0x000000007FFE0000 000040
[    0.047164] ACPI: APIC 0x000000007FFE1871 000080 (v01 BOCHS  BXPC     00000001 BXPC 00000001)
[    0.048771] ACPI: HPET 0x000000007FFE18F1 000038 (v01 BOCHS  BXPC     00000001 BXPC 00000001)
[    0.050377] ACPI: WAET 0x000000007FFE1929 000028 (v01 BOCHS  BXPC     00000001 BXPC 00000001)
[    0.051908] ACPI: Reserving FACP table memory at [mem 0x7ffe17fd-0x7ffe1870]
[    0.053119] ACPI: Reserving DSDT table memory at [mem 0x7ffe0040-0x7ffe17fc]
[    0.054285] ACPI: Reserving FACS table memory at [mem 0x7ffe0000-0x7ffe003f]
[    0.055441] ACPI: Reserving APIC table memory at [mem 0x7ffe1871-0x7ffe18f0]
[    0.056613] ACPI: Reserving HPET table memory at [mem 0x7ffe18f1-0x7ffe1928]
[    0.057780] ACPI: Reserving WAET table memory at [mem 0x7ffe1929-0x7ffe1950]
[    0.060049] No NUMA configuration found
[    0.060780] Faking a node at [mem 0x0000000000000000-0x000000007ffdffff]
[    0.062083] NODE_DATA(0) allocated [mem 0x7ffb5000-0x7ffdffff]
[    0.066549] Zone ranges:
[    0.067042]   DMA      [mem 0x0000000000001000-0x0000000000ffffff]
[    0.068205]   DMA32    [mem 0x0000000001000000-0x000000007ffdffff]
[    0.069375]   Normal   empty
[    0.069931]   Device   empty
[    0.070480] Movable zone start for each node
[    0.071292] Early memory node ranges
[    0.071959]   node   0: [mem 0x0000000000001000-0x000000000009efff]
[    0.073132]   node   0: [mem 0x0000000000100000-0x000000007ffdffff]
[    0.074302] Initmem setup node 0 [mem 0x0000000000001000-0x000000007ffdffff]
[    0.075956] On node 0, zone DMA: 1 pages in unavailable ranges
[    0.076352] On node 0, zone DMA: 97 pages in unavailable ranges
[    0.128656] On node 0, zone DMA32: 32 pages in unavailable ranges
[    0.188712] kasan: KernelAddressSanitizer initialized
[    0.191086] ACPI: PM-Timer IO Port: 0x608
[    0.191798] ACPI: LAPIC_NMI (acpi_id[0xff] dfl dfl lint[0x1])
[    0.192863] IOAPIC[0]: apic_id 0, version 17, address 0xfec00000, GSI 0-23
[    0.194052] ACPI: INT_SRC_OVR (bus 0 bus_irq 0 global_irq 2 dfl dfl)
[    0.195107] ACPI: INT_SRC_OVR (bus 0 bus_irq 5 global_irq 5 high level)
[    0.196204] ACPI: INT_SRC_OVR (bus 0 bus_irq 9 global_irq 9 high level)
[    0.197306] ACPI: INT_SRC_OVR (bus 0 bus_irq 10 global_irq 10 high level)
[    0.198432] ACPI: INT_SRC_OVR (bus 0 bus_irq 11 global_irq 11 high level)
[    0.199577] ACPI: Using ACPI (MADT) for SMP configuration information
[    0.200647] ACPI: HPET id: 0x8086a201 base: 0xfed00000
[    0.201516] TSC deadline timer available
[    0.202167] smpboot: Allowing 2 CPUs, 0 hotplug CPUs
[    0.203072] kvm-guest: APIC: eoi() replaced with kvm_guest_apic_eoi_write()
[    0.204263] kvm-guest: KVM setup pv remote TLB flush
[    0.205111] kvm-guest: setup PV sched yield
[    0.205879] PM: hibernation: Registered nosave memory: [mem 0x00000000-0x00000fff]
[    0.207135] PM: hibernation: Registered nosave memory: [mem 0x0009f000-0x0009ffff]
[    0.208381] PM: hibernation: Registered nosave memory: [mem 0x000a0000-0x000effff]
[    0.209659] PM: hibernation: Registered nosave memory: [mem 0x000f0000-0x000fffff]
[    0.210911] [mem 0x80000000-0xfeffbfff] available for PCI devices
[    0.211920] Booting paravirtualized kernel on KVM
[    0.212722] clocksource: refined-jiffies: mask: 0xffffffff max_cycles: 0xffffffff, max_idle_ns: 7645519600211568 ns
[    0.214452] setup_percpu: NR_CPUS:8192 nr_cpumask_bits:2 nr_cpu_ids:2 nr_node_ids:1
[    0.216253] percpu: Embedded 82 pages/cpu s299008 r8192 d28672 u1048576
[    0.217644] kvm-guest: PV spinlocks enabled
[    0.218357] PV qspinlock hash table entries: 256 (order: 0, 4096 bytes, linear)
[    0.219586] Kernel command line: net.ifnames=0 console=ttyS0 root=/dev/sda earlyprintk=serial net.ifnames=0 plymouth.enable=0
[    0.222035] random: crng init done
[    0.223051] Dentry cache hash table entries: 262144 (order: 9, 2097152 bytes, linear)
[    0.224769] Inode-cache hash table entries: 131072 (order: 8, 1048576 bytes, linear)
[    0.226479] Fallback order for Node 0: 0 
[    0.226499] Built 1 zonelists, mobility grouping on.  Total pages: 515808
[    0.228208] Policy zone: DMA32
[    0.228713] mem auto-init: stack:off, heap alloc:off, heap free:off
[    0.229707] stackdepot: allocating hash table via alloc_large_system_hash
[    0.232439] stackdepot hash table entries: 1048576 (order: 11, 8388608 bytes, linear)
[    0.283144] Memory: 1627232K/2096632K available (73728K kernel code, 14081K rwdata, 16456K rodata, 14696K init, 22140K bss, 469144K reserved, 0K cma-reserved)
[    0.288583] SLUB: HWalign=64, Order=0-3, MinObjects=0, CPUs=2, Nodes=1
[    0.289630] kmemleak: Kernel memory leak detector disabled
[    0.290830] ftrace: allocating 69486 entries in 272 pages
[    0.337189] ftrace: allocated 272 pages with 2 groups
[    0.345834] Dynamic Preempt: voluntary
[    0.347530] Running RCU self tests
[    0.348110] Running RCU synchronous self tests
[    0.348885] rcu: Preemptible hierarchical RCU implementation.
[    0.349845] rcu: 	RCU lockdep checking is enabled.
[    0.350643] rcu: 	RCU restricting CPUs from NR_CPUS=8192 to nr_cpu_ids=2.
[    0.351719] 	Trampoline variant of Tasks RCU enabled.
[    0.352521] 	Rude variant of Tasks RCU enabled.
[    0.353239] 	Tracing variant of Tasks RCU enabled.
[    0.353996] rcu: RCU calculated value of scheduler-enlistment delay is 25 jiffies.
[    0.355188] rcu: Adjusting geometry for rcu_fanout_leaf=16, nr_cpu_ids=2
[    0.356358] Running RCU synchronous self tests
[    0.448049] NR_IRQS: 524544, nr_irqs: 440, preallocated irqs: 16
[    0.450313] rcu: srcu_init: Setting srcu_struct sizes based on contention.
[    0.466573] Console: colour VGA+ 80x25
[    0.467322] printk: console [ttyS0] enabled
[    0.467322] printk: console [ttyS0] enabled
[    0.468704] printk: bootconsole [earlyser0] disabled
[    0.468704] printk: bootconsole [earlyser0] disabled
[    0.470352] Lock dependency validator: Copyright (c) 2006 Red Hat, Inc., Ingo Molnar
[    0.471604] ... MAX_LOCKDEP_SUBCLASSES:  8
[    0.472284] ... MAX_LOCK_DEPTH:          48
[    0.472986] ... MAX_LOCKDEP_KEYS:        8192
[    0.473697] ... CLASSHASH_SIZE:          4096
[    0.474415] ... MAX_LOCKDEP_ENTRIES:     32768
[    0.475147] ... MAX_LOCKDEP_CHAINS:      65536
[    0.475879] ... CHAINHASH_SIZE:          32768
[    0.476626]  memory used by lock dependency info: 6493 kB
[    0.477501]  memory used for stack traces: 4224 kB
[    0.478285]  per task-struct memory footprint: 1920 bytes
[    0.479401] ACPI: Core revision 20230628
[    0.481192] clocksource: hpet: mask: 0xffffffff max_cycles: 0xffffffff, max_idle_ns: 19112604467 ns
[    0.483132] APIC: Switch to symmetric I/O mode setup
[    0.484283] x2apic enabled
[    0.485516] APIC: Switched APIC routing to: physical x2apic
[    0.486446] kvm-guest: APIC: send_IPI_mask() replaced with kvm_send_ipi_mask()
[    0.487839] kvm-guest: APIC: send_IPI_mask_allbutself() replaced with kvm_send_ipi_mask_allbutself()
[    0.489333] kvm-guest: setup PV IPIs
[    0.492338] ..TIMER: vector=0x30 apic1=0 pin1=2 apic2=-1 pin2=-1
[    0.493374] clocksource: tsc-early: mask: 0xffffffffffffffff max_cycles: 0x22515dbcb04, max_idle_ns: 440795204659 ns
[    0.495231] Calibrating delay loop (skipped) preset value.. 4761.60 BogoMIPS (lpj=9523200)
[    0.496802] CPU0: Thermal monitoring enabled (TM1)
[    0.497606] x86/cpu: User Mode Instruction Prevention (UMIP) activated
[    0.499218] Last level iTLB entries: 4KB 0, 2MB 0, 4MB 0
[    0.500098] Last level dTLB entries: 4KB 0, 2MB 0, 4MB 0, 1GB 0
[    0.501087] Spectre V1 : Mitigation: usercopy/swapgs barriers and __user pointer sanitization
[    0.502444] Spectre V2 : WARNING: Unprivileged eBPF is enabled with eIBRS on, data leaks possible via Spectre v2 BHB attacks!
[    0.503212] Spectre V2 : Mitigation: Enhanced / Automatic IBRS
[    0.504144] Spectre V2 : Spectre v2 / SpectreRSB mitigation: Filling RSB on context switch
[    0.505414] Spectre V2 : Spectre v2 / PBRSB-eIBRS: Retire a single CALL on VMEXIT
[    0.507220] Spectre V2 : mitigation: Enabling conditional Indirect Branch Prediction Barrier
[    0.508532] Speculative Store Bypass: Mitigation: Speculative Store Bypass disabled via prctl
[    0.509841] MMIO Stale Data: Unknown: No mitigations
[    0.511272] x86/fpu: Supporting XSAVE feature 0x001: 'x87 floating point registers'
[    0.512497] x86/fpu: Supporting XSAVE feature 0x002: 'SSE registers'
[    0.513522] x86/fpu: Supporting XSAVE feature 0x004: 'AVX registers'
[    0.514550] x86/fpu: Supporting XSAVE feature 0x200: 'Protection Keys User registers'
[    0.515206] x86/fpu: xstate_offset[2]:  576, xstate_sizes[2]:  256
[    0.516218] x86/fpu: xstate_offset[9]:  832, xstate_sizes[9]:    8
[    0.517221] x86/fpu: Enabled xstate features 0x207, context size is 840 bytes, using 'compacted' format.
[    0.759612] Freeing SMP alternatives memory: 56K
[    0.760556] pid_max: default: 32768 minimum: 301
[    0.762094] LSM: initializing lsm=capability,yama,integrity
[    0.763230] Yama: becoming mindful.
[    0.764642] Mount-cache hash table entries: 4096 (order: 3, 32768 bytes, linear)
[    0.765870] Mountpoint-cache hash table entries: 4096 (order: 3, 32768 bytes, linear)
[    0.770730] Running RCU synchronous self tests
[    0.771214] Running RCU synchronous self tests
[    0.773007] smpboot: CPU0: Genuine Intel(R) 0000 @ (family: 0x6, model: 0xac, stepping: 0x0)
[    0.775197] RCU Tasks: Setting shift to 1 and lim to 1 rcu_task_cb_adjust=1.
[    0.775278] RCU Tasks Rude: Setting shift to 1 and lim to 1 rcu_task_cb_adjust=1.
[    0.776640] RCU Tasks Trace: Setting shift to 1 and lim to 1 rcu_task_cb_adjust=1.
[    0.777996] Running RCU-tasks wait API self tests
[    0.879687] Performance Events: unsupported p6 CPU model 172 no PMU driver, software events only.
[    0.881755] signal: max sigframe size: 3632
[    0.883071] rcu: Hierarchical SRCU implementation.
[    0.883218] rcu: 	Max phase no-delay instances is 1000.
[    0.887435] Callback from call_rcu_tasks_trace() invoked.
[    0.892044] NMI watchdog: Perf NMI watchdog permanently disabled
[    0.893838] smp: Bringing up secondary CPUs ...
[    0.896308] smpboot: x86: Booting SMP configuration:
[    0.897450] .... node  #0, CPUs:      #1
[    0.899331] smp: Brought up 1 node, 2 CPUs
[    0.901053] smpboot: Max logical packages: 1
[    0.901930] smpboot: Total of 2 processors activated (9523.20 BogoMIPS)
[    0.907248] devtmpfs: initialized
[    0.909116] x86/mm: Memory block size: 128MB
[    0.924076] Running RCU synchronous self tests
[    0.925149] Running RCU synchronous self tests
[    0.926289] clocksource: jiffies: mask: 0xffffffff max_cycles: 0xffffffff, max_idle_ns: 7645041785100000 ns
[    0.927226] futex hash table entries: 512 (order: 4, 65536 bytes, linear)
[    0.929569] pinctrl core: initialized pinctrl subsystem
[    0.932151] 
[    0.932529] *************************************************************
[    0.934023] **     NOTICE NOTICE NOTICE NOTICE NOTICE NOTICE NOTICE    **
[    0.935210] **                                                         **
[    0.936710] **  IOMMU DebugFS SUPPORT HAS BEEN ENABLED IN THIS KERNEL  **
[    0.938239] **                                                         **
[    0.939211] ** This means that this kernel is built to expose internal **
[    0.940725] ** IOMMU data structures, which may compromise security on **
[    0.942251] ** your system.                                            **
[    0.943210] **                                                         **
[    0.944778] ** If you see this message and you are not debugging the   **
[    0.945825] ** kernel, report this immediately to your vendor!         **
[    0.946868] **                                                         **
[    0.947213] **     NOTICE NOTICE NOTICE NOTICE NOTICE NOTICE NOTICE    **
[    0.948284] *************************************************************
[    0.949487] PM: RTC time: 22:30:27, date: 2023-12-01
[    0.955445] NET: Registered PF_NETLINK/PF_ROUTE protocol family
[    0.959379] DMA: preallocated 256 KiB GFP_KERNEL pool for atomic allocations
[    0.960565] DMA: preallocated 256 KiB GFP_KERNEL|GFP_DMA pool for atomic allocations
[    0.961812] DMA: preallocated 256 KiB GFP_KERNEL|GFP_DMA32 pool for atomic allocations
[    0.963299] audit: initializing netlink subsys (disabled)
[    0.964263] audit: type=2000 audit(1701469827.995:1): state=initialized audit_enabled=0 res=1
[    0.968613] thermal_sys: Registered thermal governor 'fair_share'
[    0.968995] thermal_sys: Registered thermal governor 'bang_bang'
[    0.969980] thermal_sys: Registered thermal governor 'step_wise'
[    0.970926] thermal_sys: Registered thermal governor 'user_space'
[    0.971406] cpuidle: using governor ladder
[    0.973063] cpuidle: using governor menu
[    0.974247] acpiphp: ACPI Hot Plug PCI Controller Driver version: 0.5
[    0.976921] PCI: Using configuration type 1 for base access
[    0.980012] kprobes: kprobe jump-optimization is enabled. All kprobes are optimized if possible.
[    1.352454] Callback from call_rcu_tasks_rude() invoked.
[    1.355384] HugeTLB: registered 1.00 GiB page size, pre-allocated 0 pages
[    1.357791] HugeTLB: 16380 KiB vmemmap can be freed for a 1.00 GiB page
[    1.359225] HugeTLB: registered 2.00 MiB page size, pre-allocated 0 pages
[    1.361464] HugeTLB: 28 KiB vmemmap can be freed for a 2.00 MiB page
[    1.374536] ACPI: Added _OSI(Module Device)
[    1.375257] ACPI: Added _OSI(Processor Device)
[    1.376923] ACPI: Added _OSI(3.0 _SCP Extensions)
[    1.378902] ACPI: Added _OSI(Processor Aggregator Device)
[    1.459459] Callback from call_rcu_tasks() invoked.
[    1.473046] ACPI: 1 ACPI AML tables successfully acquired and loaded
[    5.124070] ACPI: _OSC evaluation for CPUs failed, trying _PDC
[    5.133719] ACPI: Interpreter enabled
[    5.134976] ACPI: PM: (supports S0 S3 S4 S5)
[    5.135216] ACPI: Using IOAPIC for interrupt routing
[    5.136452] PCI: Using host bridge windows from ACPI; if necessary, use "pci=nocrs" and report a bug
[    5.138022] PCI: Using E820 reservations for host bridge windows
[    5.143259] ACPI: Enabled 2 GPEs in block 00 to 0F
[    5.291323] ACPI: PCI Root Bridge [PCI0] (domain 0000 [bus 00-ff])
[    5.292608] acpi PNP0A03:00: _OSC: OS supports [ASPM ClockPM Segments MSI EDR HPX-Type3]
[    5.294072] acpi PNP0A03:00: _OSC: not requesting OS control; OS requires [ExtendedConfig ASPM ClockPM MSI]
[    5.295801] acpi PNP0A03:00: fail to add MMCONFIG information, can't access extended configuration space under this bridge
[    5.316218] acpiphp: Slot [3] registered
[    5.317694] acpiphp: Slot [4] registered
[    5.319138] acpiphp: Slot [5] registered
[    5.319784] acpiphp: Slot [6] registered
[    5.321051] acpiphp: Slot [7] registered
[    5.322308] acpiphp: Slot [8] registered
[    5.323681] acpiphp: Slot [9] registered
[    5.325010] acpiphp: Slot [10] registered
[    5.326557] acpiphp: Slot [11] registered
[    5.327770] acpiphp: Slot [12] registered
[    5.328981] acpiphp: Slot [13] registered
[    5.330117] acpiphp: Slot [14] registered
[    5.331271] acpiphp: Slot [15] registered
[    5.332429] acpiphp: Slot [16] registered
[    5.333577] acpiphp: Slot [17] registered
[    5.334739] acpiphp: Slot [18] registered
[    5.335695] acpiphp: Slot [19] registered
[    5.336856] acpiphp: Slot [20] registered
[    5.337997] acpiphp: Slot [21] registered
[    5.339140] acpiphp: Slot [22] registered
[    5.339728] acpiphp: Slot [23] registered
[    5.340890] acpiphp: Slot [24] registered
[    5.342160] acpiphp: Slot [25] registered
[    5.343392] acpiphp: Slot [26] registered
[    5.344695] acpiphp: Slot [27] registered
[    5.345998] acpiphp: Slot [28] registered
[    5.347268] acpiphp: Slot [29] registered
[    5.348560] acpiphp: Slot [30] registered
[    5.349808] acpiphp: Slot [31] registered
[    5.350823] PCI host bridge to bus 0000:00
[    5.351231] pci_bus 0000:00: root bus resource [io  0x0000-0x0cf7 window]
[    5.352584] pci_bus 0000:00: root bus resource [io  0x0d00-0xffff window]
[    5.353906] pci_bus 0000:00: root bus resource [mem 0x000a0000-0x000bffff window]
[    5.355224] pci_bus 0000:00: root bus resource [mem 0x80000000-0xfebfffff window]
[    5.356704] pci_bus 0000:00: root bus resource [mem 0x100000000-0x17fffffff window]
[    5.358270] pci_bus 0000:00: root bus resource [bus 00-ff]
[    5.359823] pci 0000:00:00.0: [8086:1237] type 00 class 0x060000
[    5.405578] pci 0000:00:01.0: [8086:7000] type 00 class 0x060100
[    5.411075] pci 0000:00:01.1: [8086:7010] type 00 class 0x010180
[    5.414275] pci 0000:00:01.1: reg 0x20: [io  0xc040-0xc04f]
[    5.416562] pci 0000:00:01.1: legacy IDE quirk: reg 0x10: [io  0x01f0-0x01f7]
[    5.418007] pci 0000:00:01.1: legacy IDE quirk: reg 0x14: [io  0x03f6]
[    5.419213] pci 0000:00:01.1: legacy IDE quirk: reg 0x18: [io  0x0170-0x0177]
[    5.420588] pci 0000:00:01.1: legacy IDE quirk: reg 0x1c: [io  0x0376]
[    5.424002] pci 0000:00:01.3: [8086:7113] type 00 class 0x068000
[    5.426092] pci 0000:00:01.3: quirk: [io  0x0600-0x063f] claimed by PIIX4 ACPI
[    5.427230] pci 0000:00:01.3: quirk: [io  0x0700-0x070f] claimed by PIIX4 SMB
[    5.430062] pci 0000:00:02.0: [1234:1111] type 00 class 0x030000
[    5.433991] pci 0000:00:02.0: reg 0x10: [mem 0xfd000000-0xfdffffff pref]
[    5.437904] pci 0000:00:02.0: reg 0x18: [mem 0xfebf0000-0xfebf0fff]
[    5.444051] pci 0000:00:02.0: reg 0x30: [mem 0xfebe0000-0xfebeffff pref]
[    5.445421] pci 0000:00:02.0: Video device with shadowed ROM at [mem 0x000c0000-0x000dffff]
[    5.489070] pci 0000:00:03.0: [8086:100e] type 00 class 0x020000
[    5.491218] pci 0000:00:03.0: reg 0x10: [mem 0xfebc0000-0xfebdffff]
[    5.493163] pci 0000:00:03.0: reg 0x14: [io  0xc000-0xc03f]
[    5.508223] pci 0000:00:03.0: reg 0x30: [mem 0xfeb80000-0xfebbffff pref]
[    5.602275] ACPI: PCI: Interrupt link LNKA configured for IRQ 10
[    5.607146] ACPI: PCI: Interrupt link LNKB configured for IRQ 10
[    5.611422] ACPI: PCI: Interrupt link LNKC configured for IRQ 11
[    5.616408] ACPI: PCI: Interrupt link LNKD configured for IRQ 11
[    5.618939] ACPI: PCI: Interrupt link LNKS configured for IRQ 9
[    5.628535] iommu: Default domain type: Translated
[    5.628535] iommu: DMA domain TLB invalidation policy: lazy mode
[    5.636951] SCSI subsystem initialized
[    5.643235] ACPI: bus type USB registered
[    5.644298] usbcore: registered new interface driver usbfs
[    5.645388] usbcore: registered new interface driver hub
[    5.646458] usbcore: registered new device driver usb
[    5.647837] pps_core: LinuxPPS API ver. 1 registered
[    5.648708] pps_core: Software ver. 5.3.6 - Copyright 2005-2007 Rodolfo Giometti <giometti@linux.it>
[    5.650305] PTP clock support registered
[    5.651529] EDAC MC: Ver: 3.0.0
[    5.662586] NetLabel: Initializing
[    5.663216] NetLabel:  domain hash size = 128
[    5.664076] NetLabel:  protocols = UNLABELED CIPSOv4 CALIPSO
[    5.665513] NetLabel:  unlabeled traffic allowed by default
[    5.667501] PCI: Using ACPI for IRQ routing
[    5.668831] pci 0000:00:02.0: vgaarb: setting as boot VGA device
[    5.668831] pci 0000:00:02.0: vgaarb: bridge control possible
[    5.669309] pci 0000:00:02.0: vgaarb: VGA device added: decodes=io+mem,owns=io+mem,locks=none
[    5.671216] vgaarb: loaded
[    5.672142] hpet0: at MMIO 0xfed00000, IRQs 2, 8, 0
[    5.673783] hpet0: 3 comparators, 64-bit 100.000000 MHz counter
[    5.679220] clocksource: Switched to clocksource kvm-clock
[    5.686049] VFS: Disk quotas dquot_6.6.0
[    5.687902] VFS: Dquot-cache hash table entries: 512 (order 0, 4096 bytes)
[    5.692220] pnp: PnP ACPI init
[    5.709499] pnp: PnP ACPI: found 6 devices
[    5.748536] clocksource: acpi_pm: mask: 0xffffff max_cycles: 0xffffff, max_idle_ns: 2085701024 ns
[    5.751205] NET: Registered PF_INET protocol family
[    5.752662] IP idents hash table entries: 32768 (order: 6, 262144 bytes, linear)
[    5.757214] tcp_listen_portaddr_hash hash table entries: 1024 (order: 4, 73728 bytes, linear)
[    5.758658] Table-perturb hash table entries: 65536 (order: 6, 262144 bytes, linear)
[    5.760223] TCP established hash table entries: 16384 (order: 5, 131072 bytes, linear)
[    5.761965] TCP bind hash table entries: 16384 (order: 9, 2359296 bytes, linear)
[    5.765017] TCP: Hash tables configured (established 16384 bind 16384)
[    5.766547] UDP hash table entries: 1024 (order: 5, 163840 bytes, linear)
[    5.768118] UDP-Lite hash table entries: 1024 (order: 5, 163840 bytes, linear)
[    5.770389] NET: Registered PF_UNIX/PF_LOCAL protocol family
[    5.773856] RPC: Registered named UNIX socket transport module.
[    5.775275] RPC: Registered udp transport module.
[    5.776378] RPC: Registered tcp transport module.
[    5.777437] RPC: Registered tcp-with-tls transport module.
[    5.778665] RPC: Registered tcp NFSv4.1 backchannel transport module.
[    5.780157] pci_bus 0000:00: resource 4 [io  0x0000-0x0cf7 window]
[    5.781459] pci_bus 0000:00: resource 5 [io  0x0d00-0xffff window]
[    5.782769] pci_bus 0000:00: resource 6 [mem 0x000a0000-0x000bffff window]
[    5.784332] pci_bus 0000:00: resource 7 [mem 0x80000000-0xfebfffff window]
[    5.785863] pci_bus 0000:00: resource 8 [mem 0x100000000-0x17fffffff window]
[    5.788898] pci 0000:00:01.0: PIIX3: Enabling Passive Release
[    5.790183] pci 0000:00:00.0: Limiting direct PCI/PCI transfers
[    5.791573] PCI: CLS 0 bytes, default 64
[    5.793678] ACPI: bus type thunderbolt registered
[    5.795461] clocksource: tsc: mask: 0xffffffffffffffff max_cycles: 0x22515dbcb04, max_idle_ns: 440795204659 ns
[    6.238228] Initialise system trusted keyrings
[    6.239519] Key type blacklist registered
[    6.241041] workingset: timestamp_bits=36 max_order=19 bucket_order=0
[    6.242379] zbud: loaded
[    6.247904] squashfs: version 4.0 (2009/01/31) Phillip Lougher
[    6.253201] NFS: Registering the id_resolver key type
[    6.254303] Key type id_resolver registered
[    6.255140] Key type id_legacy registered
[    6.256111] nfs4filelayout_init: NFSv4 File Layout Driver Registering...
[    6.257550] nfs4flexfilelayout_init: NFSv4 Flexfile Layout Driver Registering...
[    6.259638] fuse: init (API version 7.38)
[    6.261625] SGI XFS with ACLs, security attributes, realtime, quota, no debug enabled
[    6.266648] 9p: Installing v9fs 9p2000 file system support
[    6.292807] Key type asymmetric registered
[    6.294461] Asymmetric key parser 'x509' registered
[    6.296757] Block layer SCSI generic (bsg) driver version 0.4 loaded (major 243)
[    6.300214] io scheduler mq-deadline registered
[    6.302267] io scheduler bfq registered
[    6.306328] shpchp: Standard Hot Plug PCI Controller Driver version: 0.4
[    6.312119] IPMI message handler: version 39.2
[    6.314410] ipmi device interface
[    6.321261] input: Power Button as /devices/LNXSYSTM:00/LNXPWRBN:00/input/input0
[    6.325516] ACPI: button: Power Button [PWRF]
[    6.332137] ERST DBG: ERST support is disabled.
[    6.337426] Serial: 8250/16550 driver, 32 ports, IRQ sharing enabled
[    6.344842] 00:04: ttyS0 at I/O 0x3f8 (irq = 4, base_baud = 115200) is a 16550A
[    6.427611] Linux agpgart interface v0.103
[    6.432443] ACPI: bus type drm_connector registered
[    6.486587] brd: module loaded
[    6.520768] loop: module loaded
[    6.546274] scsi host0: ata_piix
[    6.550419] scsi host1: ata_piix
[    6.552327] ata1: PATA max MWDMA2 cmd 0x1f0 ctl 0x3f6 bmdma 0xc040 irq 14
[    6.553583] ata2: PATA max MWDMA2 cmd 0x170 ctl 0x376 bmdma 0xc048 irq 15
[    6.560720] tun: Universal TUN/TAP device driver, 1.6
[    6.563017] e100: Intel(R) PRO/100 Network Driver
[    6.564110] e100: Copyright(c) 1999-2006 Intel Corporation
[    6.565443] e1000: Intel(R) PRO/1000 Network Driver
[    6.566491] e1000: Copyright (c) 1999-2006 Intel Corporation.
[    6.712436] ata1: found unknown device (class 0)
[    6.715640] ata1.00: ATA-7: QEMU HARDDISK, 2.5+, max UDMA/100
[    6.717746] ata1.00: 17196647 sectors, multi 16: LBA48 
[    6.720635] ata2: found unknown device (class 0)
[    6.726719] ata2.00: ATAPI: QEMU DVD-ROM, 2.5+, max UDMA/100
[    6.730576] scsi 0:0:0:0: Direct-Access     ATA      QEMU HARDDISK    2.5+ PQ: 0 ANSI: 5
[    6.742648] sd 0:0:0:0: Attached scsi generic sg0 type 0
[    6.744425] sd 0:0:0:0: [sda] 17196647 512-byte logical blocks: (8.80 GB/8.20 GiB)
[    6.747224] scsi 1:0:0:0: CD-ROM            QEMU     QEMU DVD-ROM     2.5+ PQ: 0 ANSI: 5
[    6.748673] sd 0:0:0:0: [sda] Write Protect is off
[    6.749757] sd 0:0:0:0: [sda] Write cache: enabled, read cache: enabled, doesn't support DPO or FUA
[    6.755498] sd 0:0:0:0: [sda] Preferred minimum I/O size 512 bytes
[    6.772653] sd 0:0:0:0: [sda] Attached SCSI disk
[    6.848227] scsi 1:0:0:0: Attached scsi generic sg1 type 5
[   10.293665] ACPI: \_SB_.LNKC: Enabled at IRQ 11
[   10.746311] e1000 0000:00:03.0 eth0: (PCI:33MHz:32-bit) 52:54:00:12:34:56
[   10.749178] e1000 0000:00:03.0 eth0: Intel(R) PRO/1000 Network Connection
[   10.752203] e1000e: Intel(R) PRO/1000 Network Driver
[   10.754006] e1000e: Copyright(c) 1999 - 2015 Intel Corporation.
[   10.756787] igb: Intel(R) Gigabit Ethernet Network Driver
[   10.758766] igb: Copyright (c) 2007-2014 Intel Corporation.
[   10.761400] PPP generic driver version 2.4.2
[   10.765731] VFIO - User Level meta-driver version: 0.3
[   10.770557] usbcore: registered new interface driver uas
[   10.772691] usbcore: registered new interface driver usb-storage
[   10.775497] i8042: PNP: PS/2 Controller [PNP0303:KBD,PNP0f13:MOU] at 0x60,0x64 irq 1,12
[   10.781214] serio: i8042 KBD port at 0x60,0x64 irq 1
[   10.783218] serio: i8042 AUX port at 0x60,0x64 irq 12
[   10.789155] mousedev: PS/2 mouse device common for all mice
[   10.797137] input: AT Translated Set 2 keyboard as /devices/platform/i8042/serio0/input/input1
[   10.800602] rtc_cmos 00:05: RTC can wake from S4
[   10.805183] input: VirtualPS/2 VMware VMMouse as /devices/platform/i8042/serio1/input/input4
[   10.808507] rtc_cmos 00:05: registered as rtc0
[   10.810352] rtc_cmos 00:05: setting system clock to 2023-12-01T22:30:37 UTC (1701469837)
[   10.811624] input: VirtualPS/2 VMware VMMouse as /devices/platform/i8042/serio1/input/input3
[   10.817701] rtc_cmos 00:05: alarms up to one day, y3k, 242 bytes nvram, hpet irqs
[   10.820853] i2c_dev: i2c /dev entries driver
[   10.823243] device-mapper: core: CONFIG_IMA_DISABLE_HTABLE is disabled. Duplicate IMA measurements will not be recorded in the IMA log.
[   10.828137] device-mapper: uevent: version 1.0.3
[   10.831593] device-mapper: ioctl: 4.48.0-ioctl (2023-03-01) initialised: dm-devel@redhat.com
[   10.834930] intel_pstate: CPU model not supported
[   10.837546] sdhci: Secure Digital Host Controller Interface driver
[   10.839655] sdhci: Copyright(c) Pierre Ossman
[   10.841270] sdhci-pltfm: SDHCI platform and OF driver helper
[   10.843262] ledtrig-cpu: registered to indicate activity on CPUs
[   10.845846] drop_monitor: Initializing network drop monitor service
[   10.848581] NET: Registered PF_INET6 protocol family
[   10.861969] Segment Routing with IPv6
[   10.862786] In-situ OAM (IOAM) with IPv6
[   10.863674] NET: Registered PF_PACKET protocol family
[   10.865344] 9pnet: Installing 9P2000 support
[   10.866552] Key type dns_resolver registered
[   10.872203] IPI shorthand broadcast: enabled
[   10.982093] sched_clock: Marking stable (10948016921, 31779613)->(11025964832, -46168298)
[   10.985839] registered taskstats version 1
[   10.987720] Loading compiled-in X.509 certificates
[   11.113666] Key type .fscrypt registered
[   11.115088] Key type fscrypt-provisioning registered
[   11.121964] Key type encrypted registered
[   11.123635] ima: No TPM chip found, activating TPM-bypass!
[   11.125716] ima: Allocated hash algorithm: sha1
[   11.127473] ima: No architecture policies found
[   11.129457] evm: Initialising EVM extended attributes:
[   11.131525] evm: security.selinux
[   11.132822] evm: security.SMACK64
[   11.134131] evm: security.SMACK64EXEC
[   11.135609] evm: security.SMACK64TRANSMUTE
[   11.137132] evm: security.SMACK64MMAP
[   11.138451] evm: security.apparmor
[   11.139671] evm: security.ima
[   11.140744] evm: security.capability
[   11.141958] evm: HMAC attrs: 0x1
[   11.152856] PM:   Magic number: 3:923:551
[   11.154474] block sda: hash matches
[   11.156025] tty ttyS27: hash matches
[   11.157332] port serial8250:0.26: hash matches
[   11.158760] acpi PNP0C0F:02: hash matches
[   11.160934] RAS: Correctable Errors collector initialized.
[   11.163173] clk: Disabling unused clocks
[   11.165588] md: Waiting for all devices to be available before autodetect
[   11.166406] md: If you don't use raid, use raid=noautodetect
[   11.167134] md: Autodetecting RAID arrays.
[   11.167714] md: autorun ...
[   11.168090] md: ... autorun DONE.
[   11.202080] EXT4-fs (sda): mounted filesystem 088740a9-c8b4-422c-999d-a804eb68a4da ro with ordered data mode. Quota mode: none.
[   11.204283] VFS: Mounted root (ext4 filesystem) readonly on device 8:0.
[   11.210543] devtmpfs: mounted
[   11.278383] Freeing unused decrypted memory: 2036K
[   11.283287] Freeing unused kernel image (initmem) memory: 14696K
[   11.284119] Write protecting the kernel read-only data: 92160k
[   11.288583] Freeing unused kernel image (rodata/data gap) memory: 1976K
[   11.432761] x86/mm: Checked W+X mappings: passed, no W+X pages found.
[   11.433636] Run /sbin/init as init process
[   11.825596] systemd[1]: systemd 252-15.el9 running in system mode (+PAM +AUDIT +SELINUX -APPARMOR +IMA +SMACK +SECCOMP +GCRYPT +GNUTLS +OPENSSL +ACL +BLKID +CURL +ELFUTILS -FIDO2 +IDN2 -IDN -IPTC +KMOD +LIBCRYPTSETUP +LIBFDISK +PCRE2 -PWQUALITY +P11KIT -QRENCODE +TPM2 +BZIP2 +LZ4 +XZ +ZLIB +ZSTD -BPF_FRAMEWORK +XKBCOMMON +UTMP +SYSVINIT default-hierarchy=unified)
[   11.829645] systemd[1]: Detected virtualization kvm.
[   11.830485] systemd[1]: Detected architecture x86-64.

Welcome to [0;31mCentOS Stream 9[0m!

[   11.847198] systemd[1]: Hostname set to <test>.
[   12.412229] systemd-rc-local-generator[116]: /etc/rc.d/rc.local is not marked executable, skipping.
[   13.286744] systemd[1]: Queued start job for default target Multi-User System.
[   13.317716] systemd[1]: Created slice Virtual Machine and Container Slice.
[[0;32m  OK  [0m] Created slice [0;1;39mVirtual Machine and Container Slice[0m.[   44.495406] systemd[1]: Created slice Slice /system/getty.

[[0;32m  OK  [0m] Created slice [0;1;39mSlice /system/getty[0m.
[   44.503671] systemd[1]: Created slice Slice /system/modprobe.
[[0;32m  OK  [0m] Created slice [0;1;39mSlice /system/modprobe[0m.
[   44.511674] systemd[1]: Created slice Slice /system/serial-getty.
[[0;32m  OK  [0m] Created slice [0;1;39mSlice /system/serial-getty[0m.
[   44.519647] systemd[1]: Created slice Slice /system/sshd-keygen.
[[0;32m  OK  [0m] Created slice [0;1;39mSlice /system/sshd-keygen[0m.
[   44.527612] systemd[1]: Created slice User and Session Slice.
[[0;32m  OK  [0m] Created slice [0;1;39mUser and Session Slice[0m.
[   44.532247] systemd[1]: Started Forward Password Requests to Wall Directory Watch.
[[0;32m  OK  [0m] Started [0;1;39mForward Password R…uests to Wall Directory Watch[0m.
[   44.539016] systemd[1]: Set up automount Arbitrary Executable File Formats File System Automount Point.
[[0;32m  OK  [0m] Set up automount [0;1;39mArbitrary…s File System Automount Point[0m.
[   44.543764] systemd[1]: Reached target Local Integrity Protected Volumes.
[[0;32m  OK  [0m] Reached target [0;1;39mLocal Integrity Protected Volumes[0m.
[   44.547958] systemd[1]: Reached target Slice Units.
[[0;32m  OK  [0m] Reached target [0;1;39mSlice Units[0m.
[   44.550640] systemd[1]: Reached target Swaps.
[[0;32m  OK  [0m] Reached target [0;1;39mSwaps[0m.
[   44.553031] systemd[1]: Reached target Local Verity Protected Volumes.
[[0;32m  OK  [0m] Reached target [0;1;39mLocal Verity Protected Volumes[0m.
[   44.557390] systemd[1]: Listening on Device-mapper event daemon FIFOs.
[[0;32m  OK  [0m] Listening on [0;1;39mDevice-mapper event daemon FIFOs[0m.
[   44.563489] systemd[1]: Listening on LVM2 poll daemon socket.
[[0;32m  OK  [0m] Listening on [0;1;39mLVM2 poll daemon socket[0m.
[   44.568753] systemd[1]: multipathd control socket was skipped because of an unmet condition check (ConditionPathExists=/etc/multipath.conf).
[   44.764169] systemd[1]: Listening on RPCbind Server Activation Socket.
[[0;32m  OK  [0m] Listening on [0;1;39mRPCbind Server Activation Socket[0m.
[   44.769930] systemd[1]: Reached target RPC Port Mapper.
[[0;32m  OK  [0m] Reached target [0;1;39mRPC Port Mapper[0m.
[   44.780787] systemd[1]: Listening on Process Core Dump Socket.
[[0;32m  OK  [0m] Listening on [0;1;39mProcess Core Dump Socket[0m.
[   44.785660] systemd[1]: Listening on initctl Compatibility Named Pipe.
[[0;32m  OK  [0m] Listening on [0;1;39minitctl Compatibility Named Pipe[0m.
[   44.792183] systemd[1]: Listening on Journal Socket (/dev/log).
[[0;32m  OK  [0m] Listening on [0;1;39mJournal Socket (/dev/log)[0m.
[   44.798351] systemd[1]: Listening on Journal Socket.
[[0;32m  OK  [0m] Listening on [0;1;39mJournal Socket[0m.
[   44.805406] systemd[1]: Listening on udev Control Socket.
[[0;32m  OK  [0m] Listening on [0;1;39mudev Control Socket[0m.
[   44.810952] systemd[1]: Listening on udev Kernel Socket.
[[0;32m  OK  [0m] Listening on [0;1;39mudev Kernel Socket[0m.
[   44.852662] systemd[1]: Mounting Huge Pages File System...
         Mounting [0;1;39mHuge Pages File System[0m...
[   44.881104] systemd[1]: Mounting POSIX Message Queue File System...
         Mounting [0;1;39mPOSIX Message Queue File System[0m...
[   44.941127] systemd[1]: Mounting Kernel Debug File System...
         Mounting [0;1;39mKernel Debug File System[0m...
[   44.968531] systemd[1]: Mounting Kernel Trace File System...
         Mounting [0;1;39mKernel Trace File System[0m...
[   44.976861] systemd[1]: Kernel Module supporting RPCSEC_GSS was skipped because of an unmet condition check (ConditionPathExists=/etc/krb5.keytab).
[   44.979440] systemd[1]: Create List of Static Device Nodes was skipped because of an unmet condition check (ConditionFileNotEmpty=/lib/modules/6.5.0-cd99b9eb4b70+/modules.devname).
[   45.017826] systemd[1]: Starting Monitoring of LVM2 mirrors, snapshots etc. using dmeventd or progress polling...
         Starting [0;1;39mMonitoring of LVM…meventd or progress polling[0m...
[   45.047536] systemd[1]: Starting Load Kernel Module configfs...
         Starting [0;1;39mLoad Kernel Module configfs[0m...
[   45.075358] systemd[1]: Starting Load Kernel Module drm...
         Starting [0;1;39mLoad Kernel Module drm[0m...
[   45.142061] systemd[1]: Starting Load Kernel Module fuse...
         Starting [0;1;39mLoad Kernel Module fuse[0m...
[   45.197795] systemd[1]: Starting Read and set NIS domainname from /etc/sysconfig/network...
         Starting [0;1;39mRead and set NIS …from /etc/sysconfig/network[0m...
[   45.269672] systemd[1]: Starting Journal Service...
         Starting [0;1;39mJournal Service[0m...
[   45.340289] systemd[1]: Starting Load Kernel Modules...
         Starting [0;1;39mLoad Kernel Modules[0m...
[   45.417206] systemd[1]: Starting Generate network units from Kernel command line...
         Starting [0;1;39mGenerate network …ts from Kernel command line[0m...
[   45.493366] systemd[1]: Starting Remount Root and Kernel File Systems...
         Starting [0;1;39mRemount Root and Kernel File Systems[0m...
[   45.520573] systemd[1]: Repartition Root Disk was skipped because no trigger condition checks were met.
[   45.576915] systemd[1]: Starting Coldplug All udev Devices...
         Starting [0;1;39mColdplug All udev Devices[0m...
[   45.654420] systemd[1]: Mounted Huge Pages File System.
[[0;32m  OK  [0m] Mounted [0;1;39mHuge Pages File System[0m.
[   45.669533] systemd[1]: Mounted POSIX Message Queue File System.
[[0;32m  OK  [0m] Mounted [0;1;39mPOSIX Message Queue File System[0m.
[   45.678402] systemd[1]: Mounted Kernel Debug File System.
[[0;32m  OK  [0m] Mounted [0;1;39mKernel Debug File System[0m.
[   45.688775] systemd[1]: Mounted Kernel Trace File System.
[[0;32m  OK  [0m] Mounted [0;1;39mKernel Trace File System[0m.
[   45.716292] systemd[1]: Finished Monitoring of LVM2 mirrors, snapshots etc. using dmeventd or progress polling.
[[0;32m  OK  [0m] Finished [0;1;39mMonitoring of LVM… dmeventd or progress polling[0m.
[   45.739059] systemd[1]: modprobe@configfs.service: Deactivated successfully.
[   45.744466] systemd[1]: Finished Load Kernel Module configfs.
[[0;32m  OK  [0m] Finished [0;1;39mLoad Kernel Module configfs[0m.
[   45.755875] systemd[1]: modprobe@drm.service: Deactivated successfully.
[   45.756254] EXT4-fs (sda): re-mounted 088740a9-c8b4-422c-999d-a804eb68a4da r/w. Quota mode: none.
[   45.761322] systemd[1]: Finished Load Kernel Module drm.
[[0;32m  OK  [0m] Finished [0;1;39mLoad Kernel Module drm[0m.
[   45.807932] systemd[1]: modprobe@fuse.service: Deactivated successfully.
[   45.817632] systemd[1]: Finished Load Kernel Module fuse.
[[0;32m  OK  [0m] Finished [0;1;39mLoad Kernel Module fuse[0m.
[   45.837410] systemd[1]: Finished Read and set NIS domainname from /etc/sysconfig/network.
[[0;32m  OK  [0m] Finished [0;1;39mRead and set NIS …e from /etc/sysconfig/network[0m.
[   45.846826] systemd[1]: systemd-modules-load.service: Main process exited, code=exited, status=1/FAILURE
[   45.851438] systemd[1]: systemd-modules-load.service: Failed with result 'exit-code'.
[   45.856628] systemd[1]: Failed to start Load Kernel Modules.
[[0;1;31mFAILED[0m] Failed to start [0;1;39mLoad Kernel Modules[0m.
See 'systemctl status systemd-modules-load.service' for details.
[   45.865320] systemd[1]: Started Journal Service.
[[0;32m  OK  [0m] Started [0;1;39mJournal Service[0m.
[[0;32m  OK  [0m] Finished [0;1;39mGenerate network units from Kernel command line[0m.
[[0;32m  OK  [0m] Finished [0;1;39mRemount Root and Kernel File Systems[0m.
[[0;32m  OK  [0m] Reached target [0;1;39mPreparation for Network[0m.
         Mounting [0;1;39mFUSE Control File System[0m...
         Mounting [0;1;39mKernel Configuration File System[0m...
         Starting [0;1;39mFlush Journal to Persistent Storage[0m...
         Starting [0;1;39mLoad/Save Random Seed[0m...
         Starting [0;1;39mApply Kernel Variables[0m...
[   46.240848] systemd-journald[135]: Received client request to flush runtime journal.
         Starting [0;1;39mCreate Static Device Nodes in /dev[0m...
         Starting [0;1;39mSetup Virtual Console[0m...
[[0;32m  OK  [0m] Mounted [0;1;39mFUSE Control File System[0m.
[[0;32m  OK  [0m] Mounted [0;1;39mKernel Configuration File System[0m.
[[0;32m  OK  [0m] Finished [0;1;39mFlush Journal to Persistent Storage[0m.
[[0;32m  OK  [0m] Finished [0;1;39mLoad/Save Random Seed[0m.
[[0;32m  OK  [0m] Finished [0;1;39mApply Kernel Variables[0m.
[[0;32m  OK  [0m] Finished [0;1;39mCreate Static Device Nodes in /dev[0m.
         Starting [0;1;39mRule-based Manage…for Device Events and Files[0m...
[[0;32m  OK  [0m] Started [0;1;39mRule-based Manager for Device Events and Files[0m.
         Starting [0;1;39mAuto-connect to s…E devices found during boot[0m...
[[0;32m  OK  [0m] Finished [0;1;39mAuto-connect to s…VME devices found during boot[0m.
[[0;32m  OK  [0m] Finished [0;1;39mSetup Virtual Console[0m.
[[0;32m  OK  [0m] Finished [0;1;39mColdplug All udev Devices[0m.
[[0;32m  OK  [0m] Started [0;1;39mDispatch Password …ts to Console Directory Watch[0m.
[[0;32m  OK  [0m] Reached target [0;1;39mLocal Encrypted Volumes[0m.
[[0;32m  OK  [0m] Reached target [0;1;39mPath Units[0m.
         Starting [0;1;39mWait for udev To …plete Device Initialization[0m...
[[0;32m  OK  [0m] Found device [0;1;39m/dev/ttyS0[0m.
[[0m[0;31m*     [0m] A start job is running for Wait for…ce Initialization (37s / no limit)
M[K[[0;1;31m*[0m[0;31m*    [0m] A start job is running for Wait for…ce Initialization (37s / no limit)
M[K[[0;31m*[0;1;31m*[0m[0;31m*   [0m] A start job is running for Wait for…ce Initialization (38s / no limit)
M[K[[0;32m  OK  [0m] Listening on [0;1;39mLoad/Save RF …itch Status /dev/rfkill Watch[0m.
[K[[0;32m  OK  [0m] Finished [0;1;39mWait for udev To Complete Device Initialization[0m.
[[0;32m  OK  [0m] Reached target [0;1;39mPreparation for Local File Systems[0m.
[[0;32m  OK  [0m] Reached target [0;1;39mLocal File Systems[0m.
         Starting [0;1;39mTell Plymouth To Write Out Runtime Data[0m...
         Starting [0;1;39mAutomatic Boot Loader Update[0m...
         Starting [0;1;39mCreate Volatile Files and Directories[0m...
[[0;32m  OK  [0m] Finished [0;1;39mTell Plymouth To Write Out Runtime Data[0m.
[[0;32m  OK  [0m] Finished [0;1;39mAutomatic Boot Loader Update[0m.
[[0;32m  OK  [0m] Finished [0;1;39mCreate Volatile Files and Directories[0m.
         Mounting [0;1;39mRPC Pipe File System[0m...
         Starting [0;1;39mSecurity Auditing Service[0m...
         Starting [0;1;39mRPC Bind[0m...
[[0;32m  OK  [0m] Mounted [0;1;39mRPC Pipe File System[0m.
[[0;32m  OK  [0m] Reached target [0;1;39mrpc_pipefs.target[0m.
[[0;32m  OK  [0m] Started [0;1;39mRPC Bind[0m.
[[0;32m  OK  [0m] Started [0;1;39mSecurity Auditing Service[0m.
         Starting [0;1;39mRecord System Boot/Shutdown in UTMP[0m...
[[0;32m  OK  [0m] Finished [0;1;39mRecord System Boot/Shutdown in UTMP[0m.
[[0;32m  OK  [0m] Reached target [0;1;39mSystem Initialization[0m.
[[0;32m  OK  [0m] Started [0;1;39mDaily rotation of log files[0m.
[[0;32m  OK  [0m] Started [0;1;39mUpdates mlocate database every day[0m.
[[0;32m  OK  [0m] Started [0;1;39mDaily Cleanup of Temporary Directories[0m.
[[0;32m  OK  [0m] Started [0;1;39mdaily update of the root trust anchor for DNSSEC[0m.
[[0;32m  OK  [0m] Reached target [0;1;39mTimer Units[0m.
[[0;32m  OK  [0m] Listening on [0;1;39mD-Bus System Message Bus Socket[0m.
[[0;32m  OK  [0m] Listening on [0;1;39mOpen-iSCSI iscsid Socket[0m.
[[0;32m  OK  [0m] Listening on [0;1;39mOpen-iSCSI iscsiuio Socket[0m.
[[0;32m  OK  [0m] Listening on [0;1;39mSSSD Kerberos…ache Manager responder socket[0m.
[[0;32m  OK  [0m] Listening on [0;1;39mLibvirt interface local socket[0m.
[[0;32m  OK  [0m] Listening on [0;1;39mVirtual machine lock manager socket[0m.
[[0;32m  OK  [0m] Listening on [0;1;39mVirtual machine log manager socket[0m.
[[0;32m  OK  [0m] Listening on [0;1;39mLibvirt network local socket[0m.
[[0;32m  OK  [0m] Listening on [0;1;39mLibvirt nodedev local socket[0m.
[[0;32m  OK  [0m] Listening on [0;1;39mLibvirt nwfilter local socket[0m.
[[0;32m  OK  [0m] Listening on [0;1;39mLibvirt proxy local socket[0m.
[[0;32m  OK  [0m] Listening on [0;1;39mLibvirt qemu local socket[0m.
[[0;32m  OK  [0m] Listening on [0;1;39mLibvirt qemu admin socket[0m.
[[0;32m  OK  [0m] Listening on [0;1;39mLibvirt qemu local read-only socket[0m.
[[0;32m  OK  [0m] Listening on [0;1;39mLibvirt secret local socket[0m.
[[0;32m  OK  [0m] Listening on [0;1;39mLibvirt storage local socket[0m.
[[0;32m  OK  [0m] Reached target [0;1;39mSocket Units[0m.
         Starting [0;1;39mD-Bus System Message Bus[0m...
[[0;32m  OK  [0m] Started [0;1;39mD-Bus System Message Bus[0m.
[[0;32m  OK  [0m] Reached target [0;1;39mBasic System[0m.
         Starting [0;1;39mNetwork Manager[0m...
[   53.509058] dbus-broker-lau[249]: memfd_create() called without MFD_EXEC or MFD_NOEXEC_SEAL set
         Starting [0;1;39mNTP client/server[0m...
         Starting [0;1;39mRestore /run/initramfs on shutdown[0m...
[[0;32m  OK  [0m] Started [0;1;39mirqbalance daemon[0m.
[[0;32m  OK  [0m] Started [0;1;39mlibstoragemgmt plug-in server daemon[0m.
[[0;32m  OK  [0m] Started [0;1;39mMachine Check Exception Logging Daemon[0m.
[[0;32m  OK  [0m] Reached target [0;1;39msshd-keygen.target[0m.
[[0;32m  OK  [0m] Reached target [0;1;39mUser and Group Name Lookups[0m.
         Starting [0;1;39mUser Login Management[0m...
         Starting [0;1;39mVirtual Machine a…tainer Registration Service[0m...
         Starting [0;1;39mupdate of the roo…NSSEC validation in unbound[0m...
         Starting [0;1;39mRotate log files[0m...
[[0;32m  OK  [0m] Started [0;1;39mUpdate a database for mlocate[0m.
[[0;32m  OK  [0m] Started [0;1;39mNTP client/server[0m.
[[0;32m  OK  [0m] Finished [0;1;39mRestore /run/initramfs on shutdown[0m.
[[0;32m  OK  [0m] Started [0;1;39mVirtual Machine an…ontainer Registration Service[0m.
         Starting [0;1;39mHostname Service[0m...
[[0;32m  OK  [0m] Started [0;1;39mUser Login Management[0m.
[[0;32m  OK  [0m] Finished [0;1;39mupdate of the roo… DNSSEC validation in unbound[0m.
[[0;32m  OK  [0m] Started [0;1;39mHostname Service[0m.
         Starting [0;1;39mNetwork Manager Script Dispatcher Service[0m...
[[0;32m  OK  [0m] Finished [0;1;39mRotate log files[0m.
[[0;32m  OK  [0m] Started [0;1;39mNetwork Manager Script Dispatcher Service[0m.
[   55.680562] e1000: eth0 NIC Link is Up 1000 Mbps Full Duplex, Flow Control: RX
[[0;32m  OK  [0m] Started [0;1;39mNetwork Manager[0m.
[[0;32m  OK  [0m] Reached target [0;1;39mNetwork[0m.
[[0;32m  OK  [0m] Reached target [0;1;39mNetwork is Online[0m.
         Starting [0;1;39mGSSAPI Proxy Daemon[0m...
         Starting [0;1;39mNotify NFS peers of a restart[0m...
         Starting [0;1;39mSystem Logging Service[0m...
         Starting [0;1;39mOpenSSH server daemon[0m...
         Starting [0;1;39mDynamic System Tuning Daemon[0m...
[[0;32m  OK  [0m] Started [0;1;39mNotify NFS peers of a restart[0m.
[[0;32m  OK  [0m] Started [0;1;39mGSSAPI Proxy Daemon[0m.
[[0;32m  OK  [0m] Reached target [0;1;39mNFS client services[0m.
[[0;32m  OK  [0m] Reached target [0;1;39mPreparation for Remote File Systems[0m.
[[0;32m  OK  [0m] Reached target [0;1;39mRemote File Systems[0m.
         Starting [0;1;39mPermit User Sessions[0m...
         Starting [0;1;39mVirtualization qemu daemon[0m...
[[0;32m  OK  [0m] Started [0;1;39mOpenSSH server daemon[0m.
[[0;32m  OK  [0m] Finished [0;1;39mPermit User Sessions[0m.
[[0;32m  OK  [0m] Started [0;1;39mDeferred execution scheduler[0m.
[[0;32m  OK  [0m] Started [0;1;39mCommand Scheduler[0m.
         Starting [0;1;39mHold until boot process finishes up[0m...
         Starting [0;1;39mTerminate Plymouth Boot Screen[0m...
[[0;32m  OK  [0m] Started [0;1;39mSystem Logging Service[0m.
[[0;32m  OK  [0m] Finished [0;1;39mHold until boot process finishes up[0m.
[[0;32m  OK  [0m] Started [0;1;39mGetty on tty1[0m.
[[0;32m  OK  [0m] Started [0;1;39mSerial Getty on ttyS0[0m.
[[0;32m  OK  [0m] Reached target [0;1;39mLogin Prompts[0m.
[[0;32m  OK  [0m] Started [0;1;39mVirtualization qemu daemon[0m.
[[0;32m  OK  [0m] Finished [0;1;39mTerminate Plymouth Boot Screen[0m.
         Starting [0;1;39mAuthorization Manager[0m...
[[0;32m  OK  [0m] Started [0;1;39mAuthorization Manager[0m.

CentOS Stream 9
Kernel 6.5.0-cd99b9eb4b70+ on an x86_64

Activate the web console with: systemctl enable --now cockpit.socket

test login: [   64.813988] systemd[580]: memfd_create() called without MFD_EXEC or MFD_NOEXEC_SEAL set
[   64.828825] (sd-executor)[582]: memfd_create() called without MFD_EXEC or MFD_NOEXEC_SEAL set
[   64.928682] (sd-executor)[582]: memfd_create() called without MFD_EXEC or MFD_NOEXEC_SEAL set
