c[?7l[2J[0mSeaBIOS (version rel-1.16.0-0-gd239552ce722-prebuilt.qemu.org)


iPXE (http://ipxe.org) 00:03.0 CA00 PCI2.10 PnP PMM+7FF91000+7FEF1000 CA00
Press Ctrl-B to configure iPXE (PCI 00:03.0)...                                                                               


Booting from ROM...
c[?7l[2J[    0.000000] Linux version 6.9.0-rc1-2881604cdcb3+ (root@p-rplp02) (gcc (GCC) 8.5.0 20210514 (Red Hat 8.5.0-21), GNU ld version 2.36.1-2.el8) #1 SMP PREEMPT_DYNAMIC Mon Apr  8 13:05:00 CST 2024
[    0.000000] Command line: console=ttyS0 root=/dev/sda earlyprintk=serial net.ifnames=0 plymouth.enable=0
[    0.000000] KERNEL supported cpus:
[    0.000000]   Intel GenuineIntel
[    0.000000]   AMD AuthenticAMD
[    0.000000]   Hygon HygonGenuine
[    0.000000]   Centaur CentaurHauls
[    0.000000]   zhaoxin   Shanghai  
[    0.000000] BIOS-provided physical RAM map:
[    0.000000] BIOS-e820: [mem 0x0000000000000000-0x000000000009fbff] usable
[    0.000000] BIOS-e820: [mem 0x000000000009fc00-0x000000000009ffff] reserved
[    0.000000] BIOS-e820: [mem 0x00000000000f0000-0x00000000000fffff] reserved
[    0.000000] BIOS-e820: [mem 0x0000000000100000-0x000000007ffdffff] usable
[    0.000000] BIOS-e820: [mem 0x000000007ffe0000-0x000000007fffffff] reserved
[    0.000000] BIOS-e820: [mem 0x00000000feffc000-0x00000000feffffff] reserved
[    0.000000] BIOS-e820: [mem 0x00000000fffc0000-0x00000000ffffffff] reserved
[    0.000000] printk: legacy bootconsole [earlyser0] enabled
[    0.000000] NX (Execute Disable) protection: active
[    0.000000] APIC: Static calls initialized
[    0.000000] SMBIOS 2.8 present.
[    0.000000] DMI: QEMU Standard PC (i440FX + PIIX, 1996), BIOS rel-1.16.0-0-gd239552ce722-prebuilt.qemu.org 04/01/2014
[    0.000000] Hypervisor detected: KVM
[    0.000000] kvm-clock: Using msrs 4b564d01 and 4b564d00
[    0.000004] kvm-clock: using sched offset of 761455223 cycles
[    0.000426] clocksource: kvm-clock: mask: 0xffffffffffffffff max_cycles: 0x1cd42e4dffb, max_idle_ns: 881590591483 ns
[    0.001745] tsc: Detected 1881.600 MHz processor
[    0.009286] last_pfn = 0x7ffe0 max_arch_pfn = 0x400000000
[    0.009802] MTRR map: 4 entries (3 fixed + 1 variable; max 19), built from 8 variable MTRRs
[    0.010478] x86/PAT: Configuration [0-7]: WB  WC  UC- UC  WB  WP  UC- WT  
[    0.019886] found SMP MP-table at [mem 0x000f5ba0-0x000f5baf]
[    0.020472] Using GB pages for direct mapping
[    0.022916] ACPI: Early table checksum verification disabled
[    0.023397] ACPI: RSDP 0x00000000000F59C0 000014 (v00 BOCHS )
[    0.023901] ACPI: RSDT 0x000000007FFE1951 000034 (v01 BOCHS  BXPC     00000001 BXPC 00000001)
[    0.024621] ACPI: FACP 0x000000007FFE17FD 000074 (v01 BOCHS  BXPC     00000001 BXPC 00000001)
[    0.025342] ACPI: DSDT 0x000000007FFE0040 0017BD (v01 BOCHS  BXPC     00000001 BXPC 00000001)
[    0.026056] ACPI: FACS 0x000000007FFE0000 000040
[    0.026452] ACPI: APIC 0x000000007FFE1871 000080 (v01 BOCHS  BXPC     00000001 BXPC 00000001)
[    0.027165] ACPI: HPET 0x000000007FFE18F1 000038 (v01 BOCHS  BXPC     00000001 BXPC 00000001)
[    0.027887] ACPI: WAET 0x000000007FFE1929 000028 (v01 BOCHS  BXPC     00000001 BXPC 00000001)
[    0.028602] ACPI: Reserving FACP table memory at [mem 0x7ffe17fd-0x7ffe1870]
[    0.029179] ACPI: Reserving DSDT table memory at [mem 0x7ffe0040-0x7ffe17fc]
[    0.029757] ACPI: Reserving FACS table memory at [mem 0x7ffe0000-0x7ffe003f]
[    0.030334] ACPI: Reserving APIC table memory at [mem 0x7ffe1871-0x7ffe18f0]
[    0.030916] ACPI: Reserving HPET table memory at [mem 0x7ffe18f1-0x7ffe1928]
[    0.031485] ACPI: Reserving WAET table memory at [mem 0x7ffe1929-0x7ffe1950]
[    0.032603] No NUMA configuration found
[    0.032935] Faking a node at [mem 0x0000000000000000-0x000000007ffdffff]
[    0.033513] NODE_DATA(0) allocated [mem 0x7ffb4e00-0x7ffdfdff]
[    0.035658] Zone ranges:
[    0.035882]   DMA      [mem 0x0000000000001000-0x0000000000ffffff]
[    0.036387]   DMA32    [mem 0x0000000001000000-0x000000007ffdffff]
[    0.036889]   Normal   empty
[    0.037126]   Device   empty
[    0.037366] Movable zone start for each node
[    0.037725] Early memory node ranges
[    0.038017]   node   0: [mem 0x0000000000001000-0x000000000009efff]
[    0.038525]   node   0: [mem 0x0000000000100000-0x000000007ffdffff]
[    0.039035] Initmem setup node 0 [mem 0x0000000000001000-0x000000007ffdffff]
[    0.040538] On node 0, zone DMA: 1 pages in unavailable ranges
[    0.041373] On node 0, zone DMA: 97 pages in unavailable ranges
[    0.085401] On node 0, zone DMA32: 32 pages in unavailable ranges
[    0.358654] kasan: KernelAddressSanitizer initialized
[    0.359420] ACPI: PM-Timer IO Port: 0x608
[    0.359794] ACPI: LAPIC_NMI (acpi_id[0xff] dfl dfl lint[0x1])
[    0.360349] IOAPIC[0]: apic_id 0, version 17, address 0xfec00000, GSI 0-23
[    0.360945] ACPI: INT_SRC_OVR (bus 0 bus_irq 0 global_irq 2 dfl dfl)
[    0.361492] ACPI: INT_SRC_OVR (bus 0 bus_irq 5 global_irq 5 high level)
[    0.362060] ACPI: INT_SRC_OVR (bus 0 bus_irq 9 global_irq 9 high level)
[    0.362617] ACPI: INT_SRC_OVR (bus 0 bus_irq 10 global_irq 10 high level)
[    0.363181] ACPI: INT_SRC_OVR (bus 0 bus_irq 11 global_irq 11 high level)
[    0.363769] ACPI: Using ACPI (MADT) for SMP configuration information
[    0.364330] ACPI: HPET id: 0x8086a201 base: 0xfed00000
[    0.364797] TSC deadline timer available
[    0.365136] CPU topo: Max. logical packages:   1
[    0.365532] CPU topo: Max. logical dies:       1
[    0.365917] CPU topo: Max. dies per package:   1
[    0.366305] CPU topo: Max. threads per core:   1
[    0.366687] CPU topo: Num. cores per package:     2
[    0.367088] CPU topo: Num. threads per package:   2
[    0.367489] CPU topo: Allowing 2 present CPUs plus 0 hotplug CPUs
[    0.368057] kvm-guest: APIC: eoi() replaced with kvm_guest_apic_eoi_write()
[    0.368671] kvm-guest: KVM setup pv remote TLB flush
[    0.369091] kvm-guest: setup PV sched yield
[    0.369503] PM: hibernation: Registered nosave memory: [mem 0x00000000-0x00000fff]
[    0.370147] PM: hibernation: Registered nosave memory: [mem 0x0009f000-0x0009ffff]
[    0.370791] PM: hibernation: Registered nosave memory: [mem 0x000a0000-0x000effff]
[    0.371448] PM: hibernation: Registered nosave memory: [mem 0x000f0000-0x000fffff]
[    0.372119] [mem 0x80000000-0xfeffbfff] available for PCI devices
[    0.372673] Booting paravirtualized kernel on KVM
[    0.373120] clocksource: refined-jiffies: mask: 0xffffffff max_cycles: 0xffffffff, max_idle_ns: 7645519600211568 ns
[    0.374109] setup_percpu: NR_CPUS:8192 nr_cpumask_bits:2 nr_cpu_ids:2 nr_node_ids:1
[    0.376666] percpu: Embedded 84 pages/cpu s307200 r8192 d28672 u1048576
[    0.377437] kvm-guest: PV spinlocks enabled
[    0.377806] PV qspinlock hash table entries: 256 (order: 0, 4096 bytes, linear)
[    0.378452] Kernel command line: net.ifnames=0 console=ttyS0 root=/dev/sda earlyprintk=serial net.ifnames=0 plymouth.enable=0
[    0.379825] random: crng init done
[    0.381290] Dentry cache hash table entries: 262144 (order: 9, 2097152 bytes, linear)
[    0.383105] Inode-cache hash table entries: 131072 (order: 8, 1048576 bytes, linear)
[    0.384061] Fallback order for Node 0: 0 
[    0.384074] Built 1 zonelists, mobility grouping on.  Total pages: 515808
[    0.384955] Policy zone: DMA32
[    0.385214] mem auto-init: stack:off, heap alloc:off, heap free:off
[    0.385735] stackdepot: allocating hash table via alloc_large_system_hash
[    0.386297] stackdepot hash table entries: 1048576 (order: 12, 16777216 bytes, linear)
[    0.458624] Memory: 1616716K/2096632K available (75776K kernel code, 14215K rwdata, 16992K rodata, 15228K init, 21460K bss, 479660K reserved, 0K cma-reserved)
[    0.461716] SLUB: HWalign=64, Order=0-3, MinObjects=0, CPUs=2, Nodes=1
[    0.462312] kmemleak: Kernel memory leak detector disabled
[    0.463036] ftrace: allocating 73486 entries in 288 pages
[    0.492251] ftrace: allocated 288 pages with 2 groups
[    0.497850] Dynamic Preempt: voluntary
[    0.499074] Running RCU self tests
[    0.499378] Running RCU synchronous self tests
[    0.499784] rcu: Preemptible hierarchical RCU implementation.
[    0.500290] rcu: 	RCU lockdep checking is enabled.
[    0.500715] rcu: 	RCU restricting CPUs from NR_CPUS=8192 to nr_cpu_ids=2.
[    0.501315] 	Trampoline variant of Tasks RCU enabled.
[    0.501766] 	Rude variant of Tasks RCU enabled.
[    0.502165] 	Tracing variant of Tasks RCU enabled.
[    0.502585] rcu: RCU calculated value of scheduler-enlistment delay is 25 jiffies.
[    0.503248] rcu: Adjusting geometry for rcu_fanout_leaf=16, nr_cpu_ids=2
[    0.503935] Running RCU synchronous self tests
[    0.504343] RCU Tasks: Setting shift to 1 and lim to 1 rcu_task_cb_adjust=1.
[    0.504978] RCU Tasks Rude: Setting shift to 1 and lim to 1 rcu_task_cb_adjust=1.
[    0.505644] RCU Tasks Trace: Setting shift to 1 and lim to 1 rcu_task_cb_adjust=1.
[    0.561435] NR_IRQS: 524544, nr_irqs: 440, preallocated irqs: 16
[    0.563003] rcu: srcu_init: Setting srcu_struct sizes based on contention.
[    0.571729] Console: colour VGA+ 80x25
[    0.572176] printk: legacy console [ttyS0] enabled
[    0.572176] printk: legacy console [ttyS0] enabled
[    0.573077] printk: legacy bootconsole [earlyser0] disabled
[    0.573077] printk: legacy bootconsole [earlyser0] disabled
[    0.574126] Lock dependency validator: Copyright (c) 2006 Red Hat, Inc., Ingo Molnar
[    0.574837] ... MAX_LOCKDEP_SUBCLASSES:  8
[    0.575226] ... MAX_LOCK_DEPTH:          48
[    0.575624] ... MAX_LOCKDEP_KEYS:        8192
[    0.576035] ... CLASSHASH_SIZE:          4096
[    0.576448] ... MAX_LOCKDEP_ENTRIES:     32768
[    0.576858] ... MAX_LOCKDEP_CHAINS:      65536
[    0.577263] ... CHAINHASH_SIZE:          32768
[    0.577673]  memory used by lock dependency info: 6429 kB
[    0.578163]  memory used for stack traces: 4224 kB
[    0.578611]  per task-struct memory footprint: 1920 bytes
[    0.579307] ACPI: Core revision 20230628
[    0.580468] clocksource: hpet: mask: 0xffffffff max_cycles: 0xffffffff, max_idle_ns: 19112604467 ns
[    0.581625] APIC: Switch to symmetric I/O mode setup
[    0.582264] x2apic enabled
[    0.582944] APIC: Switched APIC routing to: physical x2apic
[    0.583463] kvm-guest: APIC: send_IPI_mask() replaced with kvm_send_ipi_mask()
[    0.584125] kvm-guest: APIC: send_IPI_mask_allbutself() replaced with kvm_send_ipi_mask_allbutself()
[    0.584979] kvm-guest: setup PV IPIs
[    0.586811] ..TIMER: vector=0x30 apic1=0 pin1=2 apic2=-1 pin2=-1
[    0.587412] clocksource: tsc-early: mask: 0xffffffffffffffff max_cycles: 0x363e8c91135, max_idle_ns: 881590568389 ns
[    0.588409] Calibrating delay loop (skipped) preset value.. 3763.20 BogoMIPS (lpj=7526400)
[    0.589307] x86/cpu: User Mode Instruction Prevention (UMIP) activated
[    0.592604] Last level iTLB entries: 4KB 0, 2MB 0, 4MB 0
[    0.593105] Last level dTLB entries: 4KB 0, 2MB 0, 4MB 0, 1GB 0
[    0.593678] Spectre V1 : Mitigation: usercopy/swapgs barriers and __user pointer sanitization
[    0.594458] Spectre V2 : WARNING: Unprivileged eBPF is enabled with eIBRS on, data leaks possible via Spectre v2 BHB attacks!
[    0.595477] Spectre V2 : Mitigation: Enhanced / Automatic IBRS
[    0.596394] Spectre V2 : Spectre v2 / SpectreRSB mitigation: Filling RSB on context switch
[    0.597107] Spectre V2 : Spectre v2 / PBRSB-eIBRS: Retire a single CALL on VMEXIT
[    0.597770] Spectre V2 : mitigation: Enabling conditional Indirect Branch Prediction Barrier
[    0.598522] Speculative Store Bypass: Mitigation: Speculative Store Bypass disabled via prctl
[    0.599266] MMIO Stale Data: Unknown: No mitigations
[    0.599697] Register File Data Sampling: Vulnerable: No microcode
[    0.600440] x86/fpu: Supporting XSAVE feature 0x001: 'x87 floating point registers'
[    0.601121] x86/fpu: Supporting XSAVE feature 0x002: 'SSE registers'
[    0.601687] x86/fpu: Supporting XSAVE feature 0x004: 'AVX registers'
[    0.602257] x86/fpu: Supporting XSAVE feature 0x200: 'Protection Keys User registers'
[    0.602958] x86/fpu: xstate_offset[2]:  576, xstate_sizes[2]:  256
[    0.603514] x86/fpu: xstate_offset[9]:  832, xstate_sizes[9]:    8
[    0.604068] x86/fpu: Enabled xstate features 0x207, context size is 840 bytes, using 'compacted' format.
[    0.839677] Freeing SMP alternatives memory: 56K
[    0.840402] pid_max: default: 32768 minimum: 301
[    0.841822] LSM: initializing lsm=capability,yama,ima,evm
[    0.842888] Yama: becoming mindful.
[    0.844657] Mount-cache hash table entries: 4096 (order: 3, 32768 bytes, linear)
[    0.845900] Mountpoint-cache hash table entries: 4096 (order: 3, 32768 bytes, linear)
[    0.851037] Running RCU synchronous self tests
[    0.851821] Running RCU synchronous self tests
[    0.853142] smpboot: CPU0: Genuine Intel(R) 0000 (family: 0x6, model: 0xba, stepping: 0x2)
[    0.856382] Running RCU Tasks wait API self tests
[    0.960681] Running RCU Tasks Rude wait API self tests
[    0.962002] Running RCU Tasks Trace wait API self tests
[    0.963100] Performance Events: unsupported p6 CPU model 186 no PMU driver, software events only.
[    0.964628] signal: max sigframe size: 3632
[    0.965916] rcu: Hierarchical SRCU implementation.
[    0.966803] rcu: 	Max phase no-delay instances is 1000.
[    0.968636] Callback from call_rcu_tasks_trace() invoked.
[    0.976103] NMI watchdog: Perf NMI watchdog permanently disabled
[    0.977093] smp: Bringing up secondary CPUs ...
[    0.979913] smpboot: x86: Booting SMP configuration:
[    0.980410] .... node  #0, CPUs:      #1
[    0.982267] smp: Brought up 1 node, 2 CPUs
[    0.984431] smpboot: Total of 2 processors activated (7526.40 BogoMIPS)
[    0.989296] devtmpfs: initialized
[    0.989405] x86/mm: Memory block size: 128MB
[    1.002439] Running RCU synchronous self tests
[    1.002439] Running RCU synchronous self tests
[    1.002439] clocksource: jiffies: mask: 0xffffffff max_cycles: 0xffffffff, max_idle_ns: 7645041785100000 ns
[    1.004409] futex hash table entries: 512 (order: 4, 65536 bytes, linear)
[    1.005652] pinctrl core: initialized pinctrl subsystem
[    1.007236] 
[    1.007386] *************************************************************
[    1.007930] **     NOTICE NOTICE NOTICE NOTICE NOTICE NOTICE NOTICE    **
[    1.008391] **                                                         **
[    1.008915] **  IOMMU DebugFS SUPPORT HAS BEEN ENABLED IN THIS KERNEL  **
[    1.009456] **                                                         **
[    1.009987] ** This means that this kernel is built to expose internal **
[    1.010527] ** IOMMU data structures, which may compromise security on **
[    1.011054] ** your system.                                            **
[    1.011601] **                                                         **
[    1.012133] ** If you see this message and you are not debugging the   **
[    1.012401] ** kernel, report this immediately to your vendor!         **
[    1.012959] **                                                         **
[    1.013523] **     NOTICE NOTICE NOTICE NOTICE NOTICE NOTICE NOTICE    **
[    1.014075] *************************************************************
[    1.014759] PM: RTC time: 01:46:18, date: 2024-04-09
[    1.020260] NET: Registered PF_NETLINK/PF_ROUTE protocol family
[    1.022159] DMA: preallocated 256 KiB GFP_KERNEL pool for atomic allocations
[    1.022819] DMA: preallocated 256 KiB GFP_KERNEL|GFP_DMA pool for atomic allocations
[    1.023438] DMA: preallocated 256 KiB GFP_KERNEL|GFP_DMA32 pool for atomic allocations
[    1.024224] audit: initializing netlink subsys (disabled)
[    1.024615] audit: type=2000 audit(1712627179.425:1): state=initialized audit_enabled=0 res=1
[    1.026908] thermal_sys: Registered thermal governor 'fair_share'
[    1.026918] thermal_sys: Registered thermal governor 'bang_bang'
[    1.027444] thermal_sys: Registered thermal governor 'step_wise'
[    1.027895] thermal_sys: Registered thermal governor 'user_space'
[    1.028531] cpuidle: using governor ladder
[    1.029330] cpuidle: using governor menu
[    1.030082] acpiphp: ACPI Hot Plug PCI Controller Driver version: 0.5
[    1.031623] PCI: Using configuration type 1 for base access
[    1.032726] kprobes: kprobe jump-optimization is enabled. All kprobes are optimized if possible.
[    1.093946] HugeTLB: registered 1.00 GiB page size, pre-allocated 0 pages
[    1.094610] HugeTLB: 16380 KiB vmemmap can be freed for a 1.00 GiB page
[    1.095163] HugeTLB: registered 2.00 MiB page size, pre-allocated 0 pages
[    1.095744] HugeTLB: 28 KiB vmemmap can be freed for a 2.00 MiB page
[    1.100543] Demotion targets for Node 0: null
[    1.157301] Callback from call_rcu_tasks_rude() invoked.
[    1.163021] ACPI: Added _OSI(Module Device)
[    1.163437] ACPI: Added _OSI(Processor Device)
[    1.163812] ACPI: Added _OSI(3.0 _SCP Extensions)
[    1.164209] ACPI: Added _OSI(Processor Aggregator Device)
[    1.195076] ACPI: 1 ACPI AML tables successfully acquired and loaded
[    1.200406] ACPI: _OSC evaluation for CPUs failed, trying _PDC
[    1.204660] ACPI: Interpreter enabled
[    1.205252] ACPI: PM: (supports S0 S3 S4 S5)
[    1.205609] ACPI: Using IOAPIC for interrupt routing
[    1.206206] PCI: Using host bridge windows from ACPI; if necessary, use "pci=nocrs" and report a bug
[    1.206922] PCI: Using E820 reservations for host bridge windows
[    1.209402] ACPI: Enabled 2 GPEs in block 00 to 0F
[    1.278741] ACPI: PCI Root Bridge [PCI0] (domain 0000 [bus 00-ff])
[    1.279401] acpi PNP0A03:00: _OSC: OS supports [ASPM ClockPM Segments MSI EDR HPX-Type3]
[    1.280107] acpi PNP0A03:00: _OSC: not requesting OS control; OS requires [ExtendedConfig ASPM ClockPM MSI]
[    1.280734] acpi PNP0A03:00: fail to add MMCONFIG information, can't access extended configuration space under this bridge
[    1.290609] acpiphp: Slot [3] registered
[    1.291307] acpiphp: Slot [4] registered
[    1.291979] acpiphp: Slot [5] registered
[    1.292626] acpiphp: Slot [6] registered
[    1.293283] acpiphp: Slot [7] registered
[    1.293934] acpiphp: Slot [8] registered
[    1.294556] acpiphp: Slot [9] registered
[    1.295181] acpiphp: Slot [10] registered
[    1.295838] acpiphp: Slot [11] registered
[    1.296550] acpiphp: Slot [12] registered
[    1.297197] acpiphp: Slot [13] registered
[    1.297851] acpiphp: Slot [14] registered
[    1.298534] acpiphp: Slot [15] registered
[    1.299248] acpiphp: Slot [16] registered
[    1.299890] acpiphp: Slot [17] registered
[    1.300538] acpiphp: Slot [18] registered
[    1.301170] acpiphp: Slot [19] registered
[    1.301864] acpiphp: Slot [20] registered
[    1.302534] acpiphp: Slot [21] registered
[    1.303184] acpiphp: Slot [22] registered
[    1.303826] acpiphp: Slot [23] registered
[    1.304520] acpiphp: Slot [24] registered
[    1.305158] acpiphp: Slot [25] registered
[    1.305792] acpiphp: Slot [26] registered
[    1.306439] acpiphp: Slot [27] registered
[    1.307116] acpiphp: Slot [28] registered
[    1.307754] acpiphp: Slot [29] registered
[    1.308402] acpiphp: Slot [30] registered
[    1.309072] acpiphp: Slot [31] registered
[    1.309615] PCI host bridge to bus 0000:00
[    1.310017] pci_bus 0000:00: root bus resource [io  0x0000-0x0cf7 window]
[    1.310658] pci_bus 0000:00: root bus resource [io  0x0d00-0xffff window]
[    1.311281] pci_bus 0000:00: root bus resource [mem 0x000a0000-0x000bffff window]
[    1.311970] pci_bus 0000:00: root bus resource [mem 0x80000000-0xfebfffff window]
[    1.312405] pci_bus 0000:00: root bus resource [mem 0x100000000-0x17fffffff window]
[    1.313115] pci_bus 0000:00: root bus resource [bus 00-ff]
[    1.314073] pci 0000:00:00.0: [8086:1237] type 00 class 0x060000 conventional PCI endpoint
[    1.338095] pci 0000:00:01.0: [8086:7000] type 00 class 0x060100 conventional PCI endpoint
[    1.341330] pci 0000:00:01.1: [8086:7010] type 00 class 0x010180 conventional PCI endpoint
[    1.343759] pci 0000:00:01.1: BAR 4 [io  0xc040-0xc04f]
[    1.344984] pci 0000:00:01.1: BAR 0 [io  0x01f0-0x01f7]: legacy IDE quirk
[    1.345606] pci 0000:00:01.1: BAR 1 [io  0x03f6]: legacy IDE quirk
[    1.346159] pci 0000:00:01.1: BAR 2 [io  0x0170-0x0177]: legacy IDE quirk
[    1.346771] pci 0000:00:01.1: BAR 3 [io  0x0376]: legacy IDE quirk
[    1.348188] pci 0000:00:01.3: [8086:7113] type 00 class 0x068000 conventional PCI endpoint
[    1.348796] pci 0000:00:01.3: quirk: [io  0x0600-0x063f] claimed by PIIX4 ACPI
[    1.349456] pci 0000:00:01.3: quirk: [io  0x0700-0x070f] claimed by PIIX4 SMB
[    1.350800] pci 0000:00:02.0: [1234:1111] type 00 class 0x030000 conventional PCI endpoint
[    1.353018] pci 0000:00:02.0: BAR 0 [mem 0xfd000000-0xfdffffff pref]
[    1.355519] pci 0000:00:02.0: BAR 2 [mem 0xfebf0000-0xfebf0fff]
[    1.359828] pci 0000:00:02.0: ROM [mem 0xfebe0000-0xfebeffff pref]
[    1.360839] pci 0000:00:02.0: Video device with shadowed ROM at [mem 0x000c0000-0x000dffff]
[    1.383620] pci 0000:00:03.0: [8086:100e] type 00 class 0x020000 conventional PCI endpoint
[    1.385252] pci 0000:00:03.0: BAR 0 [mem 0xfebc0000-0xfebdffff]
[    1.386476] pci 0000:00:03.0: BAR 1 [io  0xc000-0xc03f]
[    1.390361] pci 0000:00:03.0: ROM [mem 0xfeb80000-0xfebbffff pref]
[    1.427201] ACPI: PCI: Interrupt link LNKA configured for IRQ 10
[    1.429839] ACPI: PCI: Interrupt link LNKB configured for IRQ 10
[    1.432355] ACPI: PCI: Interrupt link LNKC configured for IRQ 11
[    1.434368] ACPI: PCI: Interrupt link LNKD configured for IRQ 11
[    1.435698] ACPI: PCI: Interrupt link LNKS configured for IRQ 9
[    1.442017] iommu: Default domain type: Translated
[    1.442507] iommu: DMA domain TLB invalidation policy: lazy mode
[    1.447143] SCSI subsystem initialized
[    1.448284] ACPI: bus type USB registered
[    1.448674] usbcore: registered new interface driver usbfs
[    1.449262] usbcore: registered new interface driver hub
[    1.449809] usbcore: registered new device driver usb
[    1.450609] pps_core: LinuxPPS API ver. 1 registered
[    1.451013] pps_core: Software ver. 5.3.6 - Copyright 2005-2007 Rodolfo Giometti <giometti@linux.it>
[    1.451790] PTP clock support registered
[    1.452759] EDAC MC: Ver: 3.0.0
[    1.457985] NetLabel: Initializing
[    1.458314] NetLabel:  domain hash size = 128
[    1.458673] NetLabel:  protocols = UNLABELED CIPSOv4 CALIPSO
[    1.459423] NetLabel:  unlabeled traffic allowed by default
[    1.460857] PCI: Using ACPI for IRQ routing
[    1.461692] pci 0000:00:02.0: vgaarb: setting as boot VGA device
[    1.462197] pci 0000:00:02.0: vgaarb: bridge control possible
[    1.462652] pci 0000:00:02.0: vgaarb: VGA device added: decodes=io+mem,owns=io+mem,locks=none
[    1.463329] vgaarb: loaded
[    1.464626] hpet0: at MMIO 0xfed00000, IRQs 2, 8, 0
[    1.465049] hpet0: 3 comparators, 64-bit 100.000000 MHz counter
[    1.481308] clocksource: Switched to clocksource kvm-clock
[    1.488631] VFS: Disk quotas dquot_6.6.0
[    1.489210] VFS: Dquot-cache hash table entries: 512 (order 0, 4096 bytes)
[    1.490994] pnp: PnP ACPI init
[    1.498529] pnp: PnP ACPI: found 6 devices
[    1.527118] clocksource: acpi_pm: mask: 0xffffff max_cycles: 0xffffff, max_idle_ns: 2085701024 ns
[    1.528850] NET: Registered PF_INET protocol family
[    1.530455] IP idents hash table entries: 32768 (order: 6, 262144 bytes, linear)
[    1.533129] tcp_listen_portaddr_hash hash table entries: 1024 (order: 4, 73728 bytes, linear)
[    1.533945] Table-perturb hash table entries: 65536 (order: 6, 262144 bytes, linear)
[    1.534686] TCP established hash table entries: 16384 (order: 5, 131072 bytes, linear)
[    1.535842] TCP bind hash table entries: 16384 (order: 9, 2359296 bytes, linear)
[    1.549116] TCP: Hash tables configured (established 16384 bind 16384)
[    1.550200] UDP hash table entries: 1024 (order: 5, 163840 bytes, linear)
[    1.550939] UDP-Lite hash table entries: 1024 (order: 5, 163840 bytes, linear)
[    1.552179] NET: Registered PF_UNIX/PF_LOCAL protocol family
[    1.554102] RPC: Registered named UNIX socket transport module.
[    1.554644] RPC: Registered udp transport module.
[    1.555035] RPC: Registered tcp transport module.
[    1.555432] RPC: Registered tcp-with-tls transport module.
[    1.555894] RPC: Registered tcp NFSv4.1 backchannel transport module.
[    1.556475] pci_bus 0000:00: resource 4 [io  0x0000-0x0cf7 window]
[    1.557032] pci_bus 0000:00: resource 5 [io  0x0d00-0xffff window]
[    1.557564] pci_bus 0000:00: resource 6 [mem 0x000a0000-0x000bffff window]
[    1.558188] pci_bus 0000:00: resource 7 [mem 0x80000000-0xfebfffff window]
[    1.558811] pci_bus 0000:00: resource 8 [mem 0x100000000-0x17fffffff window]
[    1.560073] pci 0000:00:01.0: PIIX3: Enabling Passive Release
[    1.560629] pci 0000:00:00.0: Limiting direct PCI/PCI transfers
[    1.561326] PCI: CLS 0 bytes, default 64
[    1.561907] ACPI: bus type thunderbolt registered
[    1.563036] clocksource: tsc: mask: 0xffffffffffffffff max_cycles: 0x363e8c91135, max_idle_ns: 881590568389 ns
[    3.324083] Initialise system trusted keyrings
[    3.324657] Key type blacklist registered
[    3.328106] workingset: timestamp_bits=36 max_order=19 bucket_order=0
[    3.328715] zbud: loaded
[    3.331690] squashfs: version 4.0 (2009/01/31) Phillip Lougher
[    3.334895] NFS: Registering the id_resolver key type
[    3.335416] Key type id_resolver registered
[    3.335768] Key type id_legacy registered
[    3.336201] nfs4filelayout_init: NFSv4 File Layout Driver Registering...
[    3.336899] nfs4flexfilelayout_init: NFSv4 Flexfile Layout Driver Registering...
[    3.338010] fuse: init (API version 7.40)
[    3.339063] SGI XFS with ACLs, security attributes, realtime, quota, no debug enabled
[    3.341737] 9p: Installing v9fs 9p2000 file system support
[    3.352579] Key type asymmetric registered
[    3.353043] Asymmetric key parser 'x509' registered
[    3.353719] Block layer SCSI generic (bsg) driver version 0.4 loaded (major 243)
[    3.354853] io scheduler mq-deadline registered
[    3.355370] io scheduler bfq registered
[    3.356915] shpchp: Standard Hot Plug PCI Controller Driver version: 0.4
[    3.358772] IPMI message handler: version 39.2
[    3.359291] ipmi device interface
[    3.362328] input: Power Button as /devices/LNXSYSTM:00/LNXPWRBN:00/input/input0
[    3.363891] ACPI: button: Power Button [PWRF]
[    3.366620] ERST DBG: ERST support is disabled.
[    3.368864] Serial: 8250/16550 driver, 32 ports, IRQ sharing enabled
[    3.371526] 00:04: ttyS0 at I/O 0x3f8 (irq = 4, base_baud = 115200) is a 16550A
[    3.377075] Callback from call_rcu_tasks() invoked.
[    3.412027] Linux agpgart interface v0.103
[    3.417480] ACPI: bus type drm_connector registered
[    3.453919] brd: module loaded
[    3.474789] loop: module loaded
[    3.491895] scsi host0: ata_piix
[    3.494611] scsi host1: ata_piix
[    3.495572] ata1: PATA max MWDMA2 cmd 0x1f0 ctl 0x3f6 bmdma 0xc040 irq 14 lpm-pol 0
[    3.496174] ata2: PATA max MWDMA2 cmd 0x170 ctl 0x376 bmdma 0xc048 irq 15 lpm-pol 0
[    3.499938] tun: Universal TUN/TAP device driver, 1.6
[    3.501017] e100: Intel(R) PRO/100 Network Driver
[    3.501615] e100: Copyright(c) 1999-2006 Intel Corporation
[    3.502245] e1000: Intel(R) PRO/1000 Network Driver
[    3.502659] e1000: Copyright (c) 1999-2006 Intel Corporation.
[    3.661149] ata2: found unknown device (class 0)
[    3.661992] ata1: found unknown device (class 0)
[    3.663197] ata2.00: ATAPI: QEMU DVD-ROM, 2.5+, max UDMA/100
[    3.663913] ata1.00: ATA-7: QEMU HARDDISK, 2.5+, max UDMA/100
[    3.664401] ata1.00: 17196647 sectors, multi 16: LBA48 
[    3.667363] scsi 0:0:0:0: Direct-Access     ATA      QEMU HARDDISK    2.5+ PQ: 0 ANSI: 5
[    3.671175] sd 0:0:0:0: [sda] 17196647 512-byte logical blocks: (8.80 GB/8.20 GiB)
[    3.671893] sd 0:0:0:0: Attached scsi generic sg0 type 0
[    3.672647] sd 0:0:0:0: [sda] Write Protect is off
[    3.673167] sd 0:0:0:0: [sda] Write cache: enabled, read cache: enabled, doesn't support DPO or FUA
[    3.673971] sd 0:0:0:0: [sda] Preferred minimum I/O size 512 bytes
[    3.678271] scsi 1:0:0:0: CD-ROM            QEMU     QEMU DVD-ROM     2.5+ PQ: 0 ANSI: 5
[    3.683504] sd 0:0:0:0: [sda] Attached SCSI disk
[    3.698896] scsi 1:0:0:0: Attached scsi generic sg1 type 5
[    5.348137] ACPI: \_SB_.LNKC: Enabled at IRQ 11
[    5.680417] e1000 0000:00:03.0 eth0: (PCI:33MHz:32-bit) 52:54:00:12:34:56
[    5.681453] e1000 0000:00:03.0 eth0: Intel(R) PRO/1000 Network Connection
[    5.683093] e1000e: Intel(R) PRO/1000 Network Driver
[    5.683435] e1000e: Copyright(c) 1999 - 2015 Intel Corporation.
[    5.683932] igb: Intel(R) Gigabit Ethernet Network Driver
[    5.684291] igb: Copyright (c) 2007-2014 Intel Corporation.
[    5.684954] PPP generic driver version 2.4.2
[    5.686912] VFIO - User Level meta-driver version: 0.3
[    5.689392] usbcore: registered new interface driver uas
[    5.689829] usbcore: registered new interface driver usb-storage
[    5.690575] i8042: PNP: PS/2 Controller [PNP0303:KBD,PNP0f13:MOU] at 0x60,0x64 irq 1,12
[    5.692266] serio: i8042 KBD port at 0x60,0x64 irq 1
[    5.692698] serio: i8042 AUX port at 0x60,0x64 irq 12
[    5.694749] mousedev: PS/2 mouse device common for all mice
[    5.696705] input: AT Translated Set 2 keyboard as /devices/platform/i8042/serio0/input/input1
[    5.697853] rtc_cmos 00:05: RTC can wake from S4
[    5.699788] input: VirtualPS/2 VMware VMMouse as /devices/platform/i8042/serio1/input/input4
[    5.701853] input: VirtualPS/2 VMware VMMouse as /devices/platform/i8042/serio1/input/input3
[    5.702816] rtc_cmos 00:05: registered as rtc0
[    5.703658] rtc_cmos 00:05: setting system clock to 2024-04-09T01:46:23 UTC (1712627183)
[    5.705612] rtc_cmos 00:05: alarms up to one day, y3k, 242 bytes nvram, hpet irqs
[    5.706817] i2c_dev: i2c /dev entries driver
[    5.707784] device-mapper: core: CONFIG_IMA_DISABLE_HTABLE is disabled. Duplicate IMA measurements will not be recorded in the IMA log.
[    5.709642] device-mapper: uevent: version 1.0.3
[    5.711427] device-mapper: ioctl: 4.48.0-ioctl (2023-03-01) initialised: dm-devel@lists.linux.dev
[    5.712821] intel_pstate: CPU model not supported
[    5.714115] sdhci: Secure Digital Host Controller Interface driver
[    5.715060] sdhci: Copyright(c) Pierre Ossman
[    5.716210] sdhci-pltfm: SDHCI platform and OF driver helper
[    5.717441] ledtrig-cpu: registered to indicate activity on CPUs
[    5.719758] drop_monitor: Initializing network drop monitor service
[    5.721763] NET: Registered PF_INET6 protocol family
[    5.728002] Segment Routing with IPv6
[    5.728464] In-situ OAM (IOAM) with IPv6
[    5.728898] NET: Registered PF_PACKET protocol family
[    5.729559] 9pnet: Installing 9P2000 support
[    5.730062] Key type dns_resolver registered
[    5.733705] IPI shorthand broadcast: enabled
[    5.808579] sched_clock: Marking stable (5784010737, 20763541)->(5836233204, -31458926)
[    5.812134] Timer migration: 1 hierarchy levels; 8 children per group; 1 crossnode level
[    5.814326] registered taskstats version 1
[    5.816162] Loading compiled-in X.509 certificates
[    5.877194] Key type .fscrypt registered
[    5.877607] Key type fscrypt-provisioning registered
[    5.882602] Key type encrypted registered
[    5.883120] ima: No TPM chip found, activating TPM-bypass!
[    5.883597] ima: Allocated hash algorithm: sha1
[    5.884086] ima: No architecture policies found
[    5.884653] evm: Initialising EVM extended attributes:
[    5.885107] evm: security.selinux
[    5.885381] evm: security.SMACK64
[    5.885653] evm: security.SMACK64EXEC
[    5.885978] evm: security.SMACK64TRANSMUTE
[    5.886316] evm: security.SMACK64MMAP
[    5.886619] evm: security.apparmor
[    5.886904] evm: security.ima
[    5.887153] evm: security.capability
[    5.887449] evm: HMAC attrs: 0x1
[    5.892096] PM:   Magic number: 4:3:761
[    5.895142] RAS: Correctable Errors collector initialized.
[    5.896956] clk: Disabling unused clocks
[    5.897610] PM: genpd: Disabling unused power domains
[    5.900342] md: Waiting for all devices to be available before autodetect
[    5.901289] md: If you don't use raid, use raid=noautodetect
[    5.901885] md: Autodetecting RAID arrays.
[    5.902357] md: autorun ...
[    5.902672] md: ... autorun DONE.
[    5.921020] EXT4-fs (sda): INFO: recovery required on readonly filesystem
[    5.921455] EXT4-fs (sda): write access will be enabled during recovery
[    6.235110] EXT4-fs (sda): recovery complete
[    6.239515] EXT4-fs (sda): mounted filesystem 088740a9-c8b4-422c-999d-a804eb68a4da ro with ordered data mode. Quota mode: none.
[    6.240392] VFS: Mounted root (ext4 filesystem) readonly on device 8:0.
[    6.244461] devtmpfs: mounted
[    6.279598] Freeing unused decrypted memory: 2028K
[    6.288866] Freeing unused kernel image (initmem) memory: 15228K
[    6.289268] Write protecting the kernel read-only data: 94208k
[    6.291978] Freeing unused kernel image (rodata/data gap) memory: 1440K
[    6.370551] x86/mm: Checked W+X mappings: passed, no W+X pages found.
[    6.371068] Run /sbin/init as init process
[    6.641309] systemd[1]: systemd 252-15.el9 running in system mode (+PAM +AUDIT +SELINUX -APPARMOR +IMA +SMACK +SECCOMP +GCRYPT +GNUTLS +OPENSSL +ACL +BLKID +CURL +ELFUTILS -FIDO2 +IDN2 -IDN -IPTC +KMOD +LIBCRYPTSETUP +LIBFDISK +PCRE2 -PWQUALITY +P11KIT -QRENCODE +TPM2 +BZIP2 +LZ4 +XZ +ZLIB +ZSTD -BPF_FRAMEWORK +XKBCOMMON +UTMP +SYSVINIT default-hierarchy=unified)
[    6.643118] systemd[1]: Detected virtualization kvm.
[    6.643419] systemd[1]: Detected architecture x86-64.

Welcome to [0;31mCentOS Stream 9[0m!

[    6.650471] systemd[1]: Hostname set to <test>.
[    7.086460] systemd-rc-local-generator[121]: /etc/rc.d/rc.local is not marked executable, skipping.
[    7.535195] systemd[1]: Queued start job for default target Multi-User System.
[    7.580514] systemd[1]: Created slice Virtual Machine and Container Slice.
[[0;32m  OK  [0m] Created slice [0;1;39mVirtual Machine and Container Slice[0m.
[    7.586292] systemd[1]: Created slice Slice /system/getty.
[[0;32m  OK  [0m] Created slice [0;1;39mSlice /system/getty[0m.
[    7.589551] systemd[1]: Created slice Slice /system/modprobe.
[[0;32m  OK  [0m] Created slice [0;1;39mSlice /system/modprobe[0m.
[    7.592622] systemd[1]: Created slice Slice /system/serial-getty.
[[0;32m  OK  [0m] Created slice [0;1;39mSlice /system/serial-getty[0m.
[    7.595694] systemd[1]: Created slice Slice /system/sshd-keygen.
[[0;32m  OK  [0m] Created slice [0;1;39mSlice /system/sshd-keygen[0m.
[    7.598776] systemd[1]: Created slice User and Session Slice.
[[0;32m  OK  [0m] Created slice [0;1;39mUser and Session Slice[0m.
[    7.600316] systemd[1]: Started Forward Password Requests to Wall Directory Watch.
[[0;32m  OK  [0m] Started [0;1;39mForward Password R…uests to Wall Directory Watch[0m.
[    7.603195] systemd[1]: Set up automount Arbitrary Executable File Formats File System Automount Point.
[[0;32m  OK  [0m] Set up automount [0;1;39mArbitrary…s File System Automount Point[0m.
[    7.604852] systemd[1]: Reached target Local Integrity Protected Volumes.
[[0;32m  OK  [0m] Reached target [0;1;39mLocal Integrity Protected Volumes[0m.
[    7.606180] systemd[1]: Reached target Slice Units.
[[0;32m  OK  [0m] Reached target [0;1;39mSlice Units[0m.
[    7.607172] systemd[1]: Reached target Swaps.
[[0;32m  OK  [0m] Reached target [0;1;39mSwaps[0m.
[    7.608085] systemd[1]: Reached target Local Verity Protected Volumes.
[[0;32m  OK  [0m] Reached target [0;1;39mLocal Verity Protected Volumes[0m.
[    7.609826] systemd[1]: Listening on Device-mapper event daemon FIFOs.
[[0;32m  OK  [0m] Listening on [0;1;39mDevice-mapper event daemon FIFOs[0m.
[    7.612060] systemd[1]: Listening on LVM2 poll daemon socket.
[[0;32m  OK  [0m] Listening on [0;1;39mLVM2 poll daemon socket[0m.
[    7.613467] systemd[1]: multipathd control socket was skipped because of an unmet condition check (ConditionPathExists=/etc/multipath.conf).
[    7.687034] systemd[1]: Listening on RPCbind Server Activation Socket.
[[0;32m  OK  [0m] Listening on [0;1;39mRPCbind Server Activation Socket[0m.
[    7.689066] systemd[1]: Reached target RPC Port Mapper.
[[0;32m  OK  [0m] Reached target [0;1;39mRPC Port Mapper[0m.
[    7.695606] systemd[1]: Listening on Process Core Dump Socket.
[[0;32m  OK  [0m] Listening on [0;1;39mProcess Core Dump Socket[0m.
[    7.698969] systemd[1]: Listening on initctl Compatibility Named Pipe.
[[0;32m  OK  [0m] Listening on [0;1;39minitctl Compatibility Named Pipe[0m.
[    7.702794] systemd[1]: Listening on Journal Socket (/dev/log).
[[0;32m  OK  [0m] Listening on [0;1;39mJournal Socket (/dev/log)[0m.
[    7.706621] systemd[1]: Listening on Journal Socket.
[[0;32m  OK  [0m] Listening on [0;1;39mJournal Socket[0m.
[    7.709774] systemd[1]: Listening on udev Control Socket.
[[0;32m  OK  [0m] Listening on [0;1;39mudev Control Socket[0m.
[    7.712229] systemd[1]: Listening on udev Kernel Socket.
[[0;32m  OK  [0m] Listening on [0;1;39mudev Kernel Socket[0m.
[    7.749839] systemd[1]: Mounting Huge Pages File System...
         Mounting [0;1;39mHuge Pages File System[0m...
[    7.765655] systemd[1]: Mounting POSIX Message Queue File System...
         Mounting [0;1;39mPOSIX Message Queue File System[0m...
[    7.781712] systemd[1]: Mounting Kernel Debug File System...
         Mounting [0;1;39mKernel Debug File System[0m...
[    7.798575] systemd[1]: Mounting Kernel Trace File System...
         Mounting [0;1;39mKernel Trace File System[0m...
[    7.800860] systemd[1]: Kernel Module supporting RPCSEC_GSS was skipped because of an unmet condition check (ConditionPathExists=/etc/krb5.keytab).
[    7.802778] systemd[1]: Create List of Static Device Nodes was skipped because of an unmet condition check (ConditionFileNotEmpty=/lib/modules/6.9.0-rc1-2881604cdcb3+/modules.devname).
[    7.814431] systemd[1]: Starting Monitoring of LVM2 mirrors, snapshots etc. using dmeventd or progress polling...
         Starting [0;1;39mMonitoring of LVM…meventd or progress polling[0m...
[    7.825818] systemd[1]: Starting Load Kernel Module configfs...
         Starting [0;1;39mLoad Kernel Module configfs[0m...
[    7.844133] systemd[1]: Starting Load Kernel Module drm...
         Starting [0;1;39mLoad Kernel Module drm[0m...
[    7.881839] systemd[1]: Starting Load Kernel Module fuse...
         Starting [0;1;39mLoad Kernel Module fuse[0m...
[    7.898441] systemd[1]: Starting Read and set NIS domainname from /etc/sysconfig/network...
         Starting [0;1;39mRead and set NIS …from /etc/sysconfig/network[0m...
[    7.953711] systemd[1]: Starting Journal Service...
         Starting [0;1;39mJournal Service[0m...
[    8.008570] systemd[1]: Starting Load Kernel Modules...
         Starting [0;1;39mLoad Kernel Modules[0m...
[    8.024610] systemd[1]: Starting Generate network units from Kernel command line...
         Starting [0;1;39mGenerate network …ts from Kernel command line[0m...
[    8.054068] systemd[1]: Starting Remount Root and Kernel File Systems...
         Starting [0;1;39mRemount Root and Kernel File Systems[0m...
[    8.056272] systemd[1]: Repartition Root Disk was skipped because no trigger condition checks were met.
[    8.113300] systemd[1]: Starting Coldplug All udev Devices...
         Starting [0;1;39mColdplug All udev Devices[0m...
[    8.146476] systemd[1]: Mounted Huge Pages File System.
[[0;32m  OK  [0m] Mounted [0;1;39mHuge Pages File System[0m.
[    8.148324] systemd[1]: Mounted POSIX Message Queue File System.
[[0;32m  OK  [0m] Mounted [0;1;39mPOSIX Message Queue File System[0m.
[    8.151621] systemd[1]: Mounted Kernel Debug File System.
[[0;32m  OK  [0m] Mounted [0;1;39mKernel Debug File System[0m.
[    8.153727] systemd[1]: Mounted Kernel Trace File System.
[[0;32m  OK  [0m] Mounted [0;1;39mKernel Trace File System[0m.
[    8.157848] systemd[1]: Finished Monitoring of LVM2 mirrors, snapshots etc. using dmeventd or progress polling.
[[0;32m  OK  [0m] Finished [0;1;39mMonitoring of LVM… dmeventd or progress polling[0m.
[    8.162852] systemd[1]: modprobe@configfs.service: Deactivated successfully.
[    8.164684] systemd[1]: Finished Load Kernel Module configfs.
[[0;32m  OK  [0m] Finished [0;1;39mLoad Kernel Module configfs[0m.
[    8.171648] systemd[1]: modprobe@drm.service: Deactivated successfully.
[    8.173411] EXT4-fs (sda): re-mounted 088740a9-c8b4-422c-999d-a804eb68a4da r/w. Quota mode: none.
[    8.181786] systemd[1]: Finished Load Kernel Module drm.
[[0;32m  OK  [0m] Finished [0;1;39mLoad Kernel Module drm[0m.
[    8.188295] systemd[1]: modprobe@fuse.service: Deactivated successfully.
[    8.190403] systemd[1]: Finished Load Kernel Module fuse.
[[0;32m  OK  [0m] Finished [0;1;39mLoad Kernel Module fuse[0m.
[    8.193637] systemd[1]: Finished Read and set NIS domainname from /etc/sysconfig/network.
[[0;32m  OK  [0m] Finished [0;1;39mRead and set NIS …e from /etc/sysconfig/network[0m.
[    8.196043] systemd[1]: systemd-modules-load.service: Main process exited, code=exited, status=1/FAILURE
[    8.200189] systemd[1]: systemd-modules-load.service: Failed with result 'exit-code'.
[    8.202139] systemd[1]: Failed to start Load Kernel Modules.
[[0;1;31mFAILED[0m] Failed to start [0;1;39mLoad Kernel Modules[0m.
See 'systemctl status systemd-modules-load.service' for details.
[    8.206068] systemd[1]: Finished Generate network units from Kernel command line.
[[0;32m  OK  [0m] Finished [0;1;39mGenerate network units from Kernel command line[0m.
[    8.209519] systemd[1]: Finished Remount Root and Kernel File Systems.
[[0;32m  OK  [0m] Finished [0;1;39mRemount Root and Kernel File Systems[0m.
[    8.212218] systemd[1]: Reached target Preparation for Network.
[[0;32m  OK  [0m] Reached target [0;1;39mPreparation for Network[0m.
[    8.237180] systemd[1]: Mounting FUSE Control File System...
         Mounting [0;1;39mFUSE Control File System[0m...
[    8.261538] systemd[1]: Mounting Kernel Configuration File System...
         Mounting [0;1;39mKernel Configuration File System[0m...
[    8.264221] systemd[1]: Special handling of early boot iSCSI sessions was skipped because of an unmet condition check (ConditionDirectoryNotEmpty=/sys/class/iscsi_session).
[    8.266112] systemd[1]: First Boot Wizard was skipped because of an unmet condition check (ConditionFirstBoot=yes).
[    8.289906] systemd[1]: Rebuild Hardware Database was skipped because of an unmet condition check (ConditionNeedsUpdate=/etc).
[    8.325558] systemd[1]: Starting Load/Save Random Seed...
         Starting [0;1;39mLoad/Save Random Seed[0m...
[    8.348299] systemd[1]: Starting Apply Kernel Variables...
         Starting [0;1;39mApply Kernel Variables[0m...
[    8.361684] systemd[1]: Create System Users was skipped because no trigger condition checks were met.
[    8.383728] systemd[1]: Starting Create Static Device Nodes in /dev...
         Starting [0;1;39mCreate Static Device Nodes in /dev[0m...
[    8.419757] systemd[1]: Starting Setup Virtual Console...
         Starting [0;1;39mSetup Virtual Console[0m...
[    8.440683] systemd[1]: Started Journal Service.
[[0;32m  OK  [0m] Started [0;1;39mJournal Service[0m.
[[0;32m  OK  [0m] Mounted [0;1;39mFUSE Control File System[0m.
[[0;32m  OK  [0m] Mounted [0;1;39mKernel Configuration File System[0m.
[[0;32m  OK  [0m] Finished [0;1;39mLoad/Save Random Seed[0m.
         Starting [0;1;39mFlush Journal to Persistent Storage[0m...
[[0;32m  OK  [0m] Finished [0;1;39mApply Kernel Variables[0m.
[    8.603757] systemd-journald[147]: Received client request to flush runtime journal.
[[0;32m  OK  [0m] Finished [0;1;39mFlush Journal to Persistent Storage[0m.
[[0;32m  OK  [0m] Finished [0;1;39mCreate Static Device Nodes in /dev[0m.
         Starting [0;1;39mRule-based Manage…for Device Events and Files[0m...
[[0;32m  OK  [0m] Started [0;1;39mRule-based Manager for Device Events and Files[0m.
         Starting [0;1;39mAuto-connect to s…E devices found during boot[0m...
[[0;32m  OK  [0m] Finished [0;1;39mSetup Virtual Console[0m.
[[0;32m  OK  [0m] Finished [0;1;39mAuto-connect to s…VME devices found during boot[0m.
[[0;32m  OK  [0m] Finished [0;1;39mColdplug All udev Devices[0m.
[[0;32m  OK  [0m] Started [0;1;39mDispatch Password …ts to Console Directory Watch[0m.
[[0;32m  OK  [0m] Reached target [0;1;39mLocal Encrypted Volumes[0m.
[[0;32m  OK  [0m] Reached target [0;1;39mPath Units[0m.
         Starting [0;1;39mWait for udev To …plete Device Initialization[0m...
[[0;32m  OK  [0m] Found device [0;1;39m/dev/ttyS0[0m.
[[0;32m  OK  [0m] Listening on [0;1;39mLoad/Save RF …itch Status /dev/rfkill Watch[0m.
[[0;32m  OK  [0m] Finished [0;1;39mWait for udev To Complete Device Initialization[0m.
[[0;32m  OK  [0m] Reached target [0;1;39mPreparation for Local File Systems[0m.
[[0;32m  OK  [0m] Reached target [0;1;39mLocal File Systems[0m.
         Starting [0;1;39mTell Plymouth To Write Out Runtime Data[0m...
         Starting [0;1;39mAutomatic Boot Loader Update[0m...
         Starting [0;1;39mCreate Volatile Files and Directories[0m...
[[0;32m  OK  [0m] Finished [0;1;39mTell Plymouth To Write Out Runtime Data[0m.
[[0;32m  OK  [0m] Finished [0;1;39mAutomatic Boot Loader Update[0m.
[[0;32m  OK  [0m] Finished [0;1;39mCreate Volatile Files and Directories[0m.
         Mounting [0;1;39mRPC Pipe File System[0m...
         Starting [0;1;39mSecurity Auditing Service[0m...
         Starting [0;1;39mRPC Bind[0m...
[[0;32m  OK  [0m] Mounted [0;1;39mRPC Pipe File System[0m.
[[0;32m  OK  [0m] Reached target [0;1;39mrpc_pipefs.target[0m.
[[0;32m  OK  [0m] Started [0;1;39mRPC Bind[0m.
[[0;32m  OK  [0m] Started [0;1;39mSecurity Auditing Service[0m.
         Starting [0;1;39mRecord System Boot/Shutdown in UTMP[0m...
[[0;32m  OK  [0m] Finished [0;1;39mRecord System Boot/Shutdown in UTMP[0m.
[[0;32m  OK  [0m] Reached target [0;1;39mSystem Initialization[0m.
[[0;32m  OK  [0m] Started [0;1;39mDaily rotation of log files[0m.
[[0;32m  OK  [0m] Started [0;1;39mUpdates mlocate database every day[0m.
[[0;32m  OK  [0m] Started [0;1;39mDaily Cleanup of Temporary Directories[0m.
[[0;32m  OK  [0m] Started [0;1;39mdaily update of the root trust anchor for DNSSEC[0m.
[[0;32m  OK  [0m] Reached target [0;1;39mTimer Units[0m.
[[0;32m  OK  [0m] Listening on [0;1;39mD-Bus System Message Bus Socket[0m.
[[0;32m  OK  [0m] Listening on [0;1;39mOpen-iSCSI iscsid Socket[0m.
[[0;32m  OK  [0m] Listening on [0;1;39mOpen-iSCSI iscsiuio Socket[0m.
[[0;32m  OK  [0m] Listening on [0;1;39mSSSD Kerberos…ache Manager responder socket[0m.
[[0;32m  OK  [0m] Listening on [0;1;39mLibvirt interface local socket[0m.
[[0;32m  OK  [0m] Listening on [0;1;39mVirtual machine lock manager socket[0m.
[[0;32m  OK  [0m] Listening on [0;1;39mVirtual machine log manager socket[0m.
[[0;32m  OK  [0m] Listening on [0;1;39mLibvirt network local socket[0m.
[[0;32m  OK  [0m] Listening on [0;1;39mLibvirt nodedev local socket[0m.
[[0;32m  OK  [0m] Listening on [0;1;39mLibvirt nwfilter local socket[0m.
[[0;32m  OK  [0m] Listening on [0;1;39mLibvirt proxy local socket[0m.
[[0;32m  OK  [0m] Listening on [0;1;39mLibvirt qemu local socket[0m.
[[0;32m  OK  [0m] Listening on [0;1;39mLibvirt qemu admin socket[0m.
[[0;32m  OK  [0m] Listening on [0;1;39mLibvirt qemu local read-only socket[0m.
[[0;32m  OK  [0m] Listening on [0;1;39mLibvirt secret local socket[0m.
[[0;32m  OK  [0m] Listening on [0;1;39mLibvirt storage local socket[0m.
[[0;32m  OK  [0m] Reached target [0;1;39mSocket Units[0m.
         Starting [0;1;39mD-Bus System Message Bus[0m...
[[0;32m  OK  [0m] Started [0;1;39mD-Bus System Message Bus[0m.
[[0;32m  OK  [0m] Reached target [0;1;39mBasic System[0m.
         Starting [0;1;39mNetwork Manager[0m...
         Starting [0;1;39mNTP client/server[0m...
         Starting [0;1;39mRestore /run/initramfs on shutdown[0m...
[[0;32m  OK  [0m] Started [0;1;39mirqbalance daemon[0m.
[[0;32m  OK  [0m] Started [0;1;39mlibstoragemgmt plug-in server daemon[0m.
[[0;32m  OK  [0m] Started [0;1;39mMachine Check Exception Logging Daemon[0m.
[[0;32m  OK  [0m] Reached target [0;1;39msshd-keygen.target[0m.
[[0;32m  OK  [0m] Reached target [0;1;39mUser and Group Name Lookups[0m.
         Starting [0;1;39mUser Login Management[0m...
         Starting [0;1;39mVirtual Machine a…tainer Registration Service[0m...
         Starting [0;1;39mupdate of the roo…NSSEC validation in unbound[0m...
         Starting [0;1;39mRotate log files[0m...
[[0;32m  OK  [0m] Started [0;1;39mUpdate a database for mlocate[0m.
[[0;32m  OK  [0m] Finished [0;1;39mRestore /run/initramfs on shutdown[0m.
[[0;32m  OK  [0m] Started [0;1;39mNTP client/server[0m.
[[0;32m  OK  [0m] Started [0;1;39mVirtual Machine an…ontainer Registration Service[0m.
         Starting [0;1;39mHostname Service[0m...
[[0;32m  OK  [0m] Started [0;1;39mUser Login Management[0m.
[[0;32m  OK  [0m] Finished [0;1;39mupdate of the roo… DNSSEC validation in unbound[0m.
[[0;32m  OK  [0m] Finished [0;1;39mRotate log files[0m.
[[0;32m  OK  [0m] Started [0;1;39mHostname Service[0m.
         Starting [0;1;39mNetwork Manager Script Dispatcher Service[0m...
[[0;32m  OK  [0m] Started [0;1;39mNetwork Manager Script Dispatcher Service[0m.
[   13.834249] e1000: eth0 NIC Link is Up 1000 Mbps Full Duplex, Flow Control: RX
[[0;32m  OK  [0m] Started [0;1;39mNetwork Manager[0m.
[[0;32m  OK  [0m] Reached target [0;1;39mNetwork[0m.
[[0;32m  OK  [0m] Reached target [0;1;39mNetwork is Online[0m.
         Starting [0;1;39mGSSAPI Proxy Daemon[0m...
         Starting [0;1;39mNotify NFS peers of a restart[0m...
         Starting [0;1;39mSystem Logging Service[0m...
         Starting [0;1;39mOpenSSH server daemon[0m...
         Starting [0;1;39mDynamic System Tuning Daemon[0m...
[[0;32m  OK  [0m] Started [0;1;39mNotify NFS peers of a restart[0m.
[[0;32m  OK  [0m] Started [0;1;39mGSSAPI Proxy Daemon[0m.
[[0;32m  OK  [0m] Reached target [0;1;39mNFS client services[0m.
[[0;32m  OK  [0m] Reached target [0;1;39mPreparation for Remote File Systems[0m.
[[0;32m  OK  [0m] Reached target [0;1;39mRemote File Systems[0m.
         Starting [0;1;39mPermit User Sessions[0m...
         Starting [0;1;39mVirtualization qemu daemon[0m...
[[0;32m  OK  [0m] Started [0;1;39mOpenSSH server daemon[0m.
[[0;32m  OK  [0m] Finished [0;1;39mPermit User Sessions[0m.
[[0;32m  OK  [0m] Started [0;1;39mDeferred execution scheduler[0m.
[[0;32m  OK  [0m] Started [0;1;39mCommand Scheduler[0m.
         Starting [0;1;39mHold until boot process finishes up[0m...
         Starting [0;1;39mTerminate Plymouth Boot Screen[0m...
[[0;32m  OK  [0m] Started [0;1;39mSystem Logging Service[0m.
[[0;32m  OK  [0m] Finished [0;1;39mHold until boot process finishes up[0m.
[[0;32m  OK  [0m] Finished [0;1;39mTerminate Plymouth Boot Screen[0m.
[[0;32m  OK  [0m] Started [0;1;39mVirtualization qemu daemon[0m.
[[0;32m  OK  [0m] Started [0;1;39mGetty on tty1[0m.
[[0;32m  OK  [0m] Started [0;1;39mSerial Getty on ttyS0[0m.
[[0;32m  OK  [0m] Reached target [0;1;39mLogin Prompts[0m.
         Starting [0;1;39mAuthorization Manager[0m...
[[0;32m  OK  [0m] Started [0;1;39mAuthorization Manager[0m.
[[0;32m  OK  [0m] Started [0;1;39mDynamic System Tuning Daemon[0m.
[[0;32m  OK  [0m] Reached target [0;1;39mMulti-User System[0m.
         Starting [0;1;39mRecord Runlevel Change in UTMP[0m...
[[0;32m  OK  [0m] Finished [0;1;39mRecord Runlevel Change in UTMP[0m.

CentOS Stream 9
Kernel 6.9.0-rc1-2881604cdcb3+ on an x86_64

Activate the web console with: systemctl enable --now cockpit.socket

test login: [   25.732461] ==================================================================
[   25.733233] BUG: KASAN: slab-use-after-free in bpf_trace_run4+0x547/0x5e0
[   25.734000] Read of size 8 at addr ffff88800b5cc618 by task swapper/0/0
[   25.734596] 
[   25.734712] CPU: 0 PID: 0 Comm: swapper/0 Not tainted 6.9.0-rc1-2881604cdcb3+ #1
[   25.735127] Hardware name: QEMU Standard PC (i440FX + PIIX, 1996), BIOS rel-1.16.0-0-gd239552ce722-prebuilt.qemu.org 04/01/2014
[   25.735752] Call Trace:
[   25.735900]  <TASK>
[   25.736030]  dump_stack_lvl+0xe9/0x150
[   25.736278]  print_report+0xd0/0x610
[   25.736495]  ? bpf_trace_run4+0x547/0x5e0
[   25.736727]  ? kasan_complete_mode_report_info+0x80/0x200
[   25.737038]  ? bpf_trace_run4+0x547/0x5e0
[   25.737271]  kasan_report+0x9f/0xe0
[   25.737476]  ? bpf_trace_run4+0x547/0x5e0
[   25.737712]  __asan_report_load8_noabort+0x18/0x20
[   25.738005]  bpf_trace_run4+0x547/0x5e0
[   25.738227]  ? __pfx_bpf_trace_run4+0x10/0x10
[   25.738481]  ? __this_cpu_preempt_check+0x20/0x30
[   25.738758]  ? lock_is_held_type+0xe5/0x140
[   25.738999]  ? set_next_entity+0x38c/0x630
[   25.739242]  __bpf_trace_sched_switch+0x14/0x20
[   25.739503]  __traceiter_sched_switch+0x7a/0xd0
[   25.739767]  __schedule+0xc6d/0x2840
[   25.739983]  ? __pfx___schedule+0x10/0x10
[   25.740211]  ? __pfx_hrtimer_start_range_ns+0x10/0x10
[   25.740499]  ? hrtimer_forward+0x206/0x2c0
[   25.740734]  ? do_idle+0x2a2/0x470
[   25.740939]  ? __this_cpu_preempt_check+0x20/0x30
[   25.741209]  ? tick_nohz_idle_exit+0x1ee/0x3b0
[   25.741469]  ? trace_hardirqs_on+0x26/0x140
[   25.741709]  schedule_idle+0x51/0x90
[   25.741913]  do_idle+0x2b1/0x470
[   25.742114]  ? __pfx_do_idle+0x10/0x10
[   25.742321]  ? __sanitizer_cov_trace_const_cmp4+0x1a/0x20
[   25.742614]  cpu_startup_entry+0x5b/0x70
[   25.742830]  rest_init+0x1b7/0x2e0
[   25.743021]  start_kernel+0x3f4/0x520
[   25.743240]  x86_64_start_reservations+0x1c/0x30
[   25.743492]  x86_64_start_kernel+0x9b/0xa0
[   25.743715]  common_startup_64+0x13e/0x141
[   25.743947]  </TASK>
[   25.744071] 
[   25.744158] Allocated by task 731:
[   25.744341]  kasan_save_stack+0x2a/0x50
[   25.744555]  kasan_save_track+0x18/0x40
[   25.744764]  kasan_save_alloc_info+0x3b/0x50
[   25.744995]  __kasan_kmalloc+0x86/0xa0
[   25.745201]  kmalloc_trace+0x1c5/0x3d0
[   25.745409]  bpf_raw_tp_link_attach+0x28e/0x5a0
[   25.745654]  __sys_bpf+0x452/0x5550
[   25.745843]  __x64_sys_bpf+0x7e/0xc0
[   25.746042]  do_syscall_64+0x73/0x150
[   25.746248]  entry_SYSCALL_64_after_hwframe+0x6c/0x74
[   25.746520] 
[   25.746621] Freed by task 731:
[   25.746792]  kasan_save_stack+0x2a/0x50
[   25.747008]  kasan_save_track+0x18/0x40
[   25.747223]  kasan_save_free_info+0x3e/0x60
[   25.747451]  __kasan_slab_free+0x107/0x190
[   25.747676]  kfree+0xf3/0x320
[   25.747850]  bpf_raw_tp_link_dealloc+0x1e/0x30
[   25.748094]  bpf_link_free+0x145/0x1b0
[   25.748300]  bpf_link_put_direct+0x45/0x60
[   25.748522]  bpf_link_release+0x40/0x50
[   25.748733]  __fput+0x273/0xb70
[   25.748916]  ____fput+0x1e/0x30
[   25.749234]  task_work_run+0x1a3/0x2d0
[   25.749456]  do_exit+0xad3/0x31b0
[   25.749640]  do_group_exit+0xdf/0x2b0
[   25.749837]  __x64_sys_exit_group+0x47/0x50
[   25.750091]  do_syscall_64+0x73/0x150
[   25.750292]  entry_SYSCALL_64_after_hwframe+0x6c/0x74
[   25.750557] 
[   25.750645] The buggy address belongs to the object at ffff88800b5cc600
[   25.750645]  which belongs to the cache kmalloc-128 of size 128
[   25.751263] The buggy address is located 24 bytes inside of
[   25.751263]  freed 128-byte region [ffff88800b5cc600, ffff88800b5cc680)
[   25.751873] 
[   25.751961] The buggy address belongs to the physical page:
[   25.752244] page: refcount:1 mapcount:0 mapping:0000000000000000 index:0x0 pfn:0xb5cc
[   25.752645] flags: 0xfffffe0000800(slab|node=0|zone=1|lastcpupid=0x3fffff)
[   25.753004] page_type: 0xffffffff()
[   25.753197] raw: 000fffffe0000800 ffff88800a0418c0 dead000000000122 0000000000000000
[   25.753599] raw: 0000000000000000 0000000000100010 00000001ffffffff 0000000000000000
[   25.754014] page dumped because: kasan: bad access detected
[   25.754303] 
[   25.754393] Memory state around the buggy address:
[   25.754648]  ffff88800b5cc500: fa fb fb fb fb fb fb fb fb fb fb fb fb fb fb fb
[   25.755032]  ffff88800b5cc580: fc fc fc fc fc fc fc fc fc fc fc fc fc fc fc fc
[   25.755414] >ffff88800b5cc600: fa fb fb fb fb fb fb fb fb fb fb fb fb fb fb fb
[   25.755794]                             ^
[   25.756016]  ffff88800b5cc680: fc fc fc fc fc fc fc fc fc fc fc fc fc fc fc fc
[   25.756401]  ffff88800b5cc700: fa fb fb fb fb fb fb fb fb fb fb fb fb fb fb fb
[   25.756790] ==================================================================
[   25.757178] Disabling lock debugging due to kernel taint
