c[?7l[2J[0mSeaBIOS (version rel-1.16.0-0-gd239552ce722-prebuilt.qemu.org)


iPXE (http://ipxe.org) 00:03.0 CA00 PCI2.10 PnP PMM+7FF91000+7FEF1000 CA00
Press Ctrl-B to configure iPXE (PCI 00:03.0)...                                                                               


Booting from ROM..c[?7l[2J[    0.000000] Linux version 6.2.0-rc8-53ced656c576+ (root@p-rplp02) (gcc (GCC) 8.5.0 20210514 (Red Hat 8.5.0-21), GNU ld version 2.36.1-2.el8) #1 SMP PREEMPT_DYNAMIC Mon Apr  8 07:46:09 CST 2024
[    0.000000] Command line: console=ttyS0 root=/dev/sda earlyprintk=serial net.ifnames=0 plymouth.enable=0
[    0.000000] KERNEL supported cpus:
[    0.000000]   Intel GenuineIntel
[    0.000000]   AMD AuthenticAMD
[    0.000000]   Hygon HygonGenuine
[    0.000000]   Centaur CentaurHauls
[    0.000000]   zhaoxin   Shanghai  
[    0.000000] x86/fpu: Supporting XSAVE feature 0x001: 'x87 floating point registers'
[    0.000000] x86/fpu: Supporting XSAVE feature 0x002: 'SSE registers'
[    0.000000] x86/fpu: Supporting XSAVE feature 0x004: 'AVX registers'
[    0.000000] x86/fpu: Supporting XSAVE feature 0x200: 'Protection Keys User registers'
[    0.000000] x86/fpu: xstate_offset[2]:  576, xstate_sizes[2]:  256
[    0.000000] x86/fpu: xstate_offset[9]:  832, xstate_sizes[9]:    8
[    0.000000] x86/fpu: Enabled xstate features 0x207, context size is 840 bytes, using 'compacted' format.
[    0.000000] signal: max sigframe size: 3632
[    0.000000] BIOS-provided physical RAM map:
[    0.000000] BIOS-e820: [mem 0x0000000000000000-0x000000000009fbff] usable
[    0.000000] BIOS-e820: [mem 0x000000000009fc00-0x000000000009ffff] reserved
[    0.000000] BIOS-e820: [mem 0x00000000000f0000-0x00000000000fffff] reserved
[    0.000000] BIOS-e820: [mem 0x0000000000100000-0x000000007ffdffff] usable
[    0.000000] BIOS-e820: [mem 0x000000007ffe0000-0x000000007fffffff] reserved
[    0.000000] BIOS-e820: [mem 0x00000000feffc000-0x00000000feffffff] reserved
[    0.000000] BIOS-e820: [mem 0x00000000fffc0000-0x00000000ffffffff] reserved
[    0.000000] printk: bootconsole [earlyser0] enabled
[    0.000000] NX (Execute Disable) protection: active
[    0.000000] SMBIOS 2.8 present.
[    0.000000] DMI: QEMU Standard PC (i440FX + PIIX, 1996), BIOS rel-1.16.0-0-gd239552ce722-prebuilt.qemu.org 04/01/2014
[    0.000000] Hypervisor detected: KVM
[    0.000000] kvm-clock: Using msrs 4b564d01 and 4b564d00
[    0.000007] kvm-clock: using sched offset of 744927198 cycles
[    0.000450] clocksource: kvm-clock: mask: 0xffffffffffffffff max_cycles: 0x1cd42e4dffb, max_idle_ns: 881590591483 ns
[    0.001799] tsc: Detected 1881.600 MHz processor
[    0.010516] last_pfn = 0x7ffe0 max_arch_pfn = 0x400000000
[    0.011111] x86/PAT: Configuration [0-7]: WB  WC  UC- UC  WB  WP  UC- WT  
[    0.023983] found SMP MP-table at [mem 0x000f5ba0-0x000f5baf]
[    0.024681] Using GB pages for direct mapping
[    0.026648] ACPI: Early table checksum verification disabled
[    0.027188] ACPI: RSDP 0x00000000000F59C0 000014 (v00 BOCHS )
[    0.027768] ACPI: RSDT 0x000000007FFE1951 000034 (v01 BOCHS  BXPC     00000001 BXPC 00000001)
[    0.028599] ACPI: FACP 0x000000007FFE17FD 000074 (v01 BOCHS  BXPC     00000001 BXPC 00000001)
[    0.029449] ACPI: DSDT 0x000000007FFE0040 0017BD (v01 BOCHS  BXPC     00000001 BXPC 00000001)
[    0.030280] ACPI: FACS 0x000000007FFE0000 000040
[    0.030743] ACPI: APIC 0x000000007FFE1871 000080 (v01 BOCHS  BXPC     00000001 BXPC 00000001)
[    0.031576] ACPI: HPET 0x000000007FFE18F1 000038 (v01 BOCHS  BXPC     00000001 BXPC 00000001)
[    0.032410] ACPI: WAET 0x000000007FFE1929 000028 (v01 BOCHS  BXPC     00000001 BXPC 00000001)
[    0.033230] ACPI: Reserving FACP table memory at [mem 0x7ffe17fd-0x7ffe1870]
[    0.033909] ACPI: Reserving DSDT table memory at [mem 0x7ffe0040-0x7ffe17fc]
[    0.034582] ACPI: Reserving FACS table memory at [mem 0x7ffe0000-0x7ffe003f]
[    0.035241] ACPI: Reserving APIC table memory at [mem 0x7ffe1871-0x7ffe18f0]
[    0.035881] ACPI: Reserving HPET table memory at [mem 0x7ffe18f1-0x7ffe1928]
[    0.036517] ACPI: Reserving WAET table memory at [mem 0x7ffe1929-0x7ffe1950]
[    0.037953] No NUMA configuration found
[    0.038325] Faking a node at [mem 0x0000000000000000-0x000000007ffdffff]
[    0.039024] NODE_DATA(0) allocated [mem 0x7ffb5000-0x7ffdffff]
[    0.043396] Zone ranges:
[    0.043662]   DMA      [mem 0x0000000000001000-0x0000000000ffffff]
[    0.044232]   DMA32    [mem 0x0000000001000000-0x000000007ffdffff]
[    0.044807]   Normal   empty
[    0.045079]   Device   empty
[    0.045349] Movable zone start for each node
[    0.045747] Early memory node ranges
[    0.046077]   node   0: [mem 0x0000000000001000-0x000000000009efff]
[    0.046656]   node   0: [mem 0x0000000000100000-0x000000007ffdffff]
[    0.047242] Initmem setup node 0 [mem 0x0000000000001000-0x000000007ffdffff]
[    0.048484] On node 0, zone DMA: 1 pages in unavailable ranges
[    0.048755] On node 0, zone DMA: 97 pages in unavailable ranges
[    0.124209] On node 0, zone DMA32: 32 pages in unavailable ranges
[    0.425058] kasan: KernelAddressSanitizer initialized
[    0.426321] ACPI: PM-Timer IO Port: 0x608
[    0.426694] ACPI: LAPIC_NMI (acpi_id[0xff] dfl dfl lint[0x1])
[    0.427226] IOAPIC[0]: apic_id 0, version 17, address 0xfec00000, GSI 0-23
[    0.427804] ACPI: INT_SRC_OVR (bus 0 bus_irq 0 global_irq 2 dfl dfl)
[    0.428314] ACPI: INT_SRC_OVR (bus 0 bus_irq 5 global_irq 5 high level)
[    0.428841] ACPI: INT_SRC_OVR (bus 0 bus_irq 9 global_irq 9 high level)
[    0.429369] ACPI: INT_SRC_OVR (bus 0 bus_irq 10 global_irq 10 high level)
[    0.429922] ACPI: INT_SRC_OVR (bus 0 bus_irq 11 global_irq 11 high level)
[    0.430488] ACPI: Using ACPI (MADT) for SMP configuration information
[    0.431002] ACPI: HPET id: 0x8086a201 base: 0xfed00000
[    0.431437] TSC deadline timer available
[    0.431760] smpboot: Allowing 2 CPUs, 0 hotplug CPUs
[    0.432245] kvm-guest: KVM setup pv remote TLB flush
[    0.432654] kvm-guest: setup PV sched yield
[    0.433065] PM: hibernation: Registered nosave memory: [mem 0x00000000-0x00000fff]
[    0.433740] PM: hibernation: Registered nosave memory: [mem 0x0009f000-0x0009ffff]
[    0.434346] PM: hibernation: Registered nosave memory: [mem 0x000a0000-0x000effff]
[    0.434948] PM: hibernation: Registered nosave memory: [mem 0x000f0000-0x000fffff]
[    0.435548] [mem 0x80000000-0xfeffbfff] available for PCI devices
[    0.436029] Booting paravirtualized kernel on KVM
[    0.436416] clocksource: refined-jiffies: mask: 0xffffffff max_cycles: 0xffffffff, max_idle_ns: 7645519600211568 ns
[    0.437262] setup_percpu: NR_CPUS:8192 nr_cpumask_bits:2 nr_cpu_ids:2 nr_node_ids:1
[    0.439354] percpu: Embedded 80 pages/cpu s290816 r8192 d28672 u1048576
[    0.440143] kvm-guest: PV spinlocks enabled
[    0.440485] PV qspinlock hash table entries: 256 (order: 0, 4096 bytes, linear)
[    0.441095] Fallback order for Node 0: 0 
[    0.441451] Built 1 zonelists, mobility grouping on.  Total pages: 515808
[    0.441986] Policy zone: DMA32
[    0.442239] Kernel command line: net.ifnames=0 console=ttyS0 root=/dev/sda earlyprintk=serial net.ifnames=0 plymouth.enable=0
[    0.443729] random: crng init done
[    0.445342] Dentry cache hash table entries: 262144 (order: 9, 2097152 bytes, linear)
[    0.446724] Inode-cache hash table entries: 131072 (order: 8, 1048576 bytes, linear)
[    0.447868] mem auto-init: stack:off, heap alloc:off, heap free:off
[    0.453505] stackdepot hash table entries: 1048576 (order: 11, 8388608 bytes, linear)
[    0.496602] Memory: 1634120K/2096632K available (71680K kernel code, 13955K rwdata, 16320K rodata, 14028K init, 20932K bss, 462256K reserved, 0K cma-reserved)
[    0.498613] SLUB: HWalign=64, Order=0-3, MinObjects=0, CPUs=2, Nodes=1
[    0.499121] kmemleak: Kernel memory leak detector disabled
[    0.499667] ftrace: allocating 68376 entries in 268 pages
[    0.533197] ftrace: allocated 268 pages with 3 groups
[    0.538605] Dynamic Preempt: voluntary
[    0.539276] Running RCU self tests
[    0.539554] rcu: Preemptible hierarchical RCU implementation.
[    0.539986] rcu: 	RCU lockdep checking is enabled.
[    0.540341] rcu: 	RCU restricting CPUs from NR_CPUS=8192 to nr_cpu_ids=2.
[    0.540847] 	Trampoline variant of Tasks RCU enabled.
[    0.541219] 	Rude variant of Tasks RCU enabled.
[    0.541561] 	Tracing variant of Tasks RCU enabled.
[    0.541917] rcu: RCU calculated value of scheduler-enlistment delay is 25 jiffies.
[    0.542503] rcu: Adjusting geometry for rcu_fanout_leaf=16, nr_cpu_ids=2
[    0.587207] NR_IRQS: 524544, nr_irqs: 440, preallocated irqs: 16
[    0.588172] rcu: srcu_init: Setting srcu_struct sizes based on contention.
[    0.595911] Console: colour VGA+ 80x25
[    0.596322] printk: console [ttyS0] enabled
[    0.596322] printk: console [ttyS0] enabled
[    0.597011] printk: bootconsole [earlyser0] disabled
[    0.597011] printk: bootconsole [earlyser0] disabled
[    0.597858] Lock dependency validator: Copyright (c) 2006 Red Hat, Inc., Ingo Molnar
[    0.598506] ... MAX_LOCKDEP_SUBCLASSES:  8
[    0.598858] ... MAX_LOCK_DEPTH:          48
[    0.599219] ... MAX_LOCKDEP_KEYS:        8192
[    0.599599] ... CLASSHASH_SIZE:          4096
[    0.599974] ... MAX_LOCKDEP_ENTRIES:     32768
[    0.600356] ... MAX_LOCKDEP_CHAINS:      65536
[    0.600740] ... CHAINHASH_SIZE:          32768
[    0.601124]  memory used by lock dependency info: 6365 kB
[    0.601591]  memory used for stack traces: 4224 kB
[    0.602002]  per task-struct memory footprint: 1920 bytes
[    0.602616] ACPI: Core revision 20221020
[    0.603439] clocksource: hpet: mask: 0xffffffff max_cycles: 0xffffffff, max_idle_ns: 19112604467 ns
[    0.604436] APIC: Switch to symmetric I/O mode setup
[    0.605054] x2apic enabled
[    0.605484] Switched APIC routing to physical x2apic.
[    0.605891] kvm-guest: setup PV IPIs
[    0.607171] ..TIMER: vector=0x30 apic1=0 pin1=2 apic2=-1 pin2=-1
[    0.607679] clocksource: tsc-early: mask: 0xffffffffffffffff max_cycles: 0x363e8c91135, max_idle_ns: 881590568389 ns
[    0.608588] Calibrating delay loop (skipped) preset value.. 3763.20 BogoMIPS (lpj=7526400)
[    0.609242] pid_max: default: 32768 minimum: 301
[    0.609830] LSM: initializing lsm=capability,yama,integrity
[    0.610302] Yama: becoming mindful.
[    0.610904] Mount-cache hash table entries: 4096 (order: 3, 32768 bytes, linear)
[    0.611500] Mountpoint-cache hash table entries: 4096 (order: 3, 32768 bytes, linear)
[    0.614082] x86/cpu: User Mode Instruction Prevention (UMIP) activated
[    0.614720] Last level iTLB entries: 4KB 0, 2MB 0, 4MB 0
[    0.615139] Last level dTLB entries: 4KB 0, 2MB 0, 4MB 0, 1GB 0
[    0.615620] Spectre V1 : Mitigation: usercopy/swapgs barriers and __user pointer sanitization
[    0.616283] Spectre V2 : WARNING: Unprivileged eBPF is enabled with eIBRS on, data leaks possible via Spectre v2 BHB attacks!
[    0.616585] Spectre V2 : Mitigation: Enhanced IBRS
[    0.616953] Spectre V2 : Spectre v2 / SpectreRSB mitigation: Filling RSB on context switch
[    0.617582] Spectre V2 : Spectre v2 / PBRSB-eIBRS: Retire a single CALL on VMEXIT
[    0.618152] Spectre V2 : mitigation: Enabling conditional Indirect Branch Prediction Barrier
[    0.618813] Speculative Store Bypass: Mitigation: Speculative Store Bypass disabled via prctl
[    0.619460] MMIO Stale Data: Unknown: No mitigations
[    0.743021] Freeing SMP alternatives memory: 56K
[    0.743938] smpboot: CPU0: Genuine Intel(R) 0000 (family: 0x6, model: 0xba, stepping: 0x2)
[    0.744567] cblist_init_generic: Setting adjustable number of callback queues.
[    0.744567] cblist_init_generic: Setting shift to 1 and lim to 1.
[    0.744567] cblist_init_generic: Setting shift to 1 and lim to 1.
[    0.744567] cblist_init_generic: Setting shift to 1 and lim to 1.
[    0.744567] Running RCU-tasks wait API self tests
[    0.848806] Performance Events: unsupported p6 CPU model 186 no PMU driver, software events only.
[    0.850001] rcu: Hierarchical SRCU implementation.
[    0.850439] rcu: 	Max phase no-delay instances is 1000.
[    0.854101] NMI watchdog: Perf NMI watchdog permanently disabled
[    0.855066] smp: Bringing up secondary CPUs ...
[    0.856286] x86: Booting SMP configuration:
[    0.856606] .... node  #0, CPUs:      #1
[    0.857312] smp: Brought up 1 node, 2 CPUs
[    0.857531] smpboot: Max logical packages: 1
[    0.857899] smpboot: Total of 2 processors activated (7526.40 BogoMIPS)
[    0.862154] devtmpfs: initialized
[    0.864630] Callback from call_rcu_tasks_trace() invoked.
[    0.865294] x86/mm: Memory block size: 128MB
[    0.873302] clocksource: jiffies: mask: 0xffffffff max_cycles: 0xffffffff, max_idle_ns: 7645041785100000 ns
[    0.874126] futex hash table entries: 512 (order: 4, 65536 bytes, linear)
[    0.875129] pinctrl core: initialized pinctrl subsystem
[    0.877109] 
[    0.877256] *************************************************************
[    0.877782] **     NOTICE NOTICE NOTICE NOTICE NOTICE NOTICE NOTICE    **
[    0.878306] **                                                         **
[    0.878833] **  IOMMU DebugFS SUPPORT HAS BEEN ENABLED IN THIS KERNEL  **
[    0.879360] **                                                         **
[    0.879906] ** This means that this kernel is built to expose internal **
[    0.880442] ** IOMMU data structures, which may compromise security on **
[    0.880579] ** your system.                                            **
[    0.881112] **                                                         **
[    0.881718] ** If you see this message and you are not debugging the   **
[    0.882261] ** kernel, report this immediately to your vendor!         **
[    0.882799] **                                                         **
[    0.883352] **     NOTICE NOTICE NOTICE NOTICE NOTICE NOTICE NOTICE    **
[    0.883896] *************************************************************
[    0.884528] PM: RTC time: 01:35:05, date: 2024-04-09
[    0.891578] NET: Registered PF_NETLINK/PF_ROUTE protocol family
[    0.893344] DMA: preallocated 256 KiB GFP_KERNEL pool for atomic allocations
[    0.893983] DMA: preallocated 256 KiB GFP_KERNEL|GFP_DMA pool for atomic allocations
[    0.894667] DMA: preallocated 256 KiB GFP_KERNEL|GFP_DMA32 pool for atomic allocations
[    0.895446] audit: initializing netlink subsys (disabled)
[    0.896088] audit: type=2000 audit(1712626505.914:1): state=initialized audit_enabled=0 res=1
[    0.897994] thermal_sys: Registered thermal governor 'fair_share'
[    0.898007] thermal_sys: Registered thermal governor 'bang_bang'
[    0.898549] thermal_sys: Registered thermal governor 'step_wise'
[    0.899057] thermal_sys: Registered thermal governor 'user_space'
[    0.899667] cpuidle: using governor ladder
[    0.900567] cpuidle: using governor menu
[    0.901437] acpiphp: ACPI Hot Plug PCI Controller Driver version: 0.5
[    0.902657] PCI: Using configuration type 1 for base access
[    0.904601] kprobes: kprobe jump-optimization is enabled. All kprobes are optimized if possible.
[    1.194316] HugeTLB: registered 1.00 GiB page size, pre-allocated 0 pages
[    1.195166] HugeTLB: 16380 KiB vmemmap can be freed for a 1.00 GiB page
[    1.195833] HugeTLB: registered 2.00 MiB page size, pre-allocated 0 pages
[    1.196507] HugeTLB: 28 KiB vmemmap can be freed for a 2.00 MiB page
[    1.203362] ACPI: Added _OSI(Module Device)
[    1.203849] ACPI: Added _OSI(Processor Device)
[    1.204276] ACPI: Added _OSI(3.0 _SCP Extensions)
[    1.204601] ACPI: Added _OSI(Processor Aggregator Device)
[    1.224891] ACPI: 1 ACPI AML tables successfully acquired and loaded
[    1.233901] ACPI: Interpreter enabled
[    1.234565] ACPI: PM: (supports S0 S3 S4 S5)
[    1.234982] ACPI: Using IOAPIC for interrupt routing
[    1.235611] PCI: Using host bridge windows from ACPI; if necessary, use "pci=nocrs" and report a bug
[    1.236472] PCI: Using E820 reservations for host bridge windows
[    1.238371] ACPI: Enabled 2 GPEs in block 00 to 0F
[    1.288357] ACPI: PCI Root Bridge [PCI0] (domain 0000 [bus 00-ff])
[    1.288649] acpi PNP0A03:00: _OSC: OS supports [ASPM ClockPM Segments MSI EDR HPX-Type3]
[    1.289474] acpi PNP0A03:00: _OSC: not requesting OS control; OS requires [ExtendedConfig ASPM ClockPM MSI]
[    1.290743] acpi PNP0A03:00: fail to add MMCONFIG information, can't access extended configuration space under this bridge
[    1.299305] acpiphp: Slot [3] registered
[    1.299969] acpiphp: Slot [4] registered
[    1.300553] acpiphp: Slot [5] registered
[    1.300825] acpiphp: Slot [6] registered
[    1.301399] acpiphp: Slot [7] registered
[    1.301988] acpiphp: Slot [8] registered
[    1.302596] acpiphp: Slot [9] registered
[    1.303832] acpiphp: Slot [10] registered
[    1.304496] acpiphp: Slot [11] registered
[    1.304756] acpiphp: Slot [12] registered
[    1.305330] acpiphp: Slot [13] registered
[    1.305975] acpiphp: Slot [14] registered
[    1.306561] acpiphp: Slot [15] registered
[    1.307179] acpiphp: Slot [16] registered
[    1.307784] acpiphp: Slot [17] registered
[    1.308433] acpiphp: Slot [18] registered
[    1.308756] acpiphp: Slot [19] registered
[    1.309344] acpiphp: Slot [20] registered
[    1.309923] acpiphp: Slot [21] registered
[    1.310552] acpiphp: Slot [22] registered
[    1.311203] acpiphp: Slot [23] registered
[    1.311822] acpiphp: Slot [24] registered
[    1.312423] acpiphp: Slot [25] registered
[    1.312802] acpiphp: Slot [26] registered
[    1.313415] acpiphp: Slot [27] registered
[    1.314027] acpiphp: Slot [28] registered
[    1.314660] acpiphp: Slot [29] registered
[    1.315327] acpiphp: Slot [30] registered
[    1.315962] acpiphp: Slot [31] registered
[    1.316490] PCI host bridge to bus 0000:00
[    1.316598] pci_bus 0000:00: root bus resource [io  0x0000-0x0cf7 window]
[    1.317299] pci_bus 0000:00: root bus resource [io  0x0d00-0xffff window]
[    1.318004] pci_bus 0000:00: root bus resource [mem 0x000a0000-0x000bffff window]
[    1.318852] pci_bus 0000:00: root bus resource [mem 0x80000000-0xfebfffff window]
[    1.319630] pci_bus 0000:00: root bus resource [mem 0x100000000-0x17fffffff window]
[    1.320427] pci_bus 0000:00: root bus resource [bus 00-ff]
[    1.320972] pci 0000:00:00.0: [8086:1237] type 00 class 0x060000
[    1.334485] pci 0000:00:01.0: [8086:7000] type 00 class 0x060100
[    1.336936] pci 0000:00:01.1: [8086:7010] type 00 class 0x010180
[    1.339386] pci 0000:00:01.1: reg 0x20: [io  0xc040-0xc04f]
[    1.340607] pci 0000:00:01.1: legacy IDE quirk: reg 0x10: [io  0x01f0-0x01f7]
[    1.341301] pci 0000:00:01.1: legacy IDE quirk: reg 0x14: [io  0x03f6]
[    1.341935] pci 0000:00:01.1: legacy IDE quirk: reg 0x18: [io  0x0170-0x0177]
[    1.342617] pci 0000:00:01.1: legacy IDE quirk: reg 0x1c: [io  0x0376]
[    1.343902] pci 0000:00:01.3: [8086:7113] type 00 class 0x068000
[    1.344905] pci 0000:00:01.3: quirk: [io  0x0600-0x063f] claimed by PIIX4 ACPI
[    1.345630] pci 0000:00:01.3: quirk: [io  0x0700-0x070f] claimed by PIIX4 SMB
[    1.346936] pci 0000:00:02.0: [1234:1111] type 00 class 0x030000
[    1.351571] pci 0000:00:02.0: reg 0x10: [mem 0xfd000000-0xfdffffff pref]
[    1.356824] pci 0000:00:02.0: reg 0x18: [mem 0xfebf0000-0xfebf0fff]
[    1.362766] pci 0000:00:02.0: reg 0x30: [mem 0xfebe0000-0xfebeffff pref]
[    1.363926] pci 0000:00:02.0: Video device with shadowed ROM at [mem 0x000c0000-0x000dffff]
[    1.377800] pci 0000:00:03.0: [8086:100e] type 00 class 0x020000
[    1.379270] pci 0000:00:03.0: reg 0x10: [mem 0xfebc0000-0xfebdffff]
[    1.380518] pci 0000:00:03.0: reg 0x14: [io  0xc000-0xc03f]
[    1.383990] pci 0000:00:03.0: reg 0x30: [mem 0xfeb80000-0xfebbffff pref]
[    1.409532] ACPI: PCI: Interrupt link LNKA configured for IRQ 10
[    1.411533] ACPI: PCI: Interrupt link LNKB configured for IRQ 10
[    1.413473] ACPI: PCI: Interrupt link LNKC configured for IRQ 11
[    1.415400] ACPI: PCI: Interrupt link LNKD configured for IRQ 11
[    1.416567] ACPI: PCI: Interrupt link LNKS configured for IRQ 9
[    1.421935] iommu: Default domain type: Translated 
[    1.422529] iommu: DMA domain TLB invalidation policy: lazy mode 
[    1.427650] SCSI subsystem initialized
[    1.429044] ACPI: bus type USB registered
[    1.429681] usbcore: registered new interface driver usbfs
[    1.430328] usbcore: registered new interface driver hub
[    1.430958] usbcore: registered new device driver usb
[    1.431958] pps_core: LinuxPPS API ver. 1 registered
[    1.432451] pps_core: Software ver. 5.3.6 - Copyright 2005-2007 Rodolfo Giometti <giometti@linux.it>
[    1.432691] PTP clock support registered
[    1.433593] EDAC MC: Ver: 3.0.0
[    1.438341] NetLabel: Initializing
[    1.438776] NetLabel:  domain hash size = 128
[    1.439201] NetLabel:  protocols = UNLABELED CIPSOv4 CALIPSO
[    1.440009] NetLabel:  unlabeled traffic allowed by default
[    1.441665] PCI: Using ACPI for IRQ routing
[    1.442722] pci 0000:00:02.0: vgaarb: setting as boot VGA device
[    1.443313] pci 0000:00:02.0: vgaarb: bridge control possible
[    1.443865] pci 0000:00:02.0: vgaarb: VGA device added: decodes=io+mem,owns=io+mem,locks=none
[    1.444587] vgaarb: loaded
[    1.446144] hpet0: at MMIO 0xfed00000, IRQs 2, 8, 0
[    1.446693] hpet0: 3 comparators, 64-bit 100.000000 MHz counter
[    4.765061] clocksource: Switched to clocksource kvm-clock
[    4.767361] VFS: Disk quotas dquot_6.6.0
[    4.767820] VFS: Dquot-cache hash table entries: 512 (order 0, 4096 bytes)
[    4.770056] pnp: PnP ACPI init
[    4.774486] pnp: PnP ACPI: found 6 devices
[    4.794250] clocksource: acpi_pm: mask: 0xffffff max_cycles: 0xffffff, max_idle_ns: 2085701024 ns
[    4.795733] NET: Registered PF_INET protocol family
[    4.796553] IP idents hash table entries: 32768 (order: 6, 262144 bytes, linear)
[    4.799316] tcp_listen_portaddr_hash hash table entries: 1024 (order: 4, 73728 bytes, linear)
[    4.800202] Table-perturb hash table entries: 65536 (order: 6, 262144 bytes, linear)
[    4.800972] TCP established hash table entries: 16384 (order: 5, 131072 bytes, linear)
[    4.802267] TCP bind hash table entries: 16384 (order: 9, 2359296 bytes, linear)
[    4.805981] TCP: Hash tables configured (established 16384 bind 16384)
[    4.806986] UDP hash table entries: 1024 (order: 5, 163840 bytes, linear)
[    4.807777] UDP-Lite hash table entries: 1024 (order: 5, 163840 bytes, linear)
[    4.809199] NET: Registered PF_UNIX/PF_LOCAL protocol family
[    4.817764] RPC: Registered named UNIX socket transport module.
[    4.818402] RPC: Registered udp transport module.
[    4.818837] RPC: Registered tcp transport module.
[    4.819259] RPC: Registered tcp NFSv4.1 backchannel transport module.
[    4.819892] pci_bus 0000:00: resource 4 [io  0x0000-0x0cf7 window]
[    4.820459] pci_bus 0000:00: resource 5 [io  0x0d00-0xffff window]
[    4.821080] pci_bus 0000:00: resource 6 [mem 0x000a0000-0x000bffff window]
[    4.821745] pci_bus 0000:00: resource 7 [mem 0x80000000-0xfebfffff window]
[    4.822378] pci_bus 0000:00: resource 8 [mem 0x100000000-0x17fffffff window]
[    4.823502] pci 0000:00:01.0: PIIX3: Enabling Passive Release
[    4.824060] pci 0000:00:00.0: Limiting direct PCI/PCI transfers
[    4.824747] PCI: CLS 0 bytes, default 64
[    4.825746] Callback from call_rcu_tasks_rude() invoked.
[    4.826454] ACPI: bus type thunderbolt registered
[    4.827587] clocksource: tsc: mask: 0xffffffffffffffff max_cycles: 0x363e8c91135, max_idle_ns: 881590568389 ns
[    4.876837] Callback from call_rcu_tasks() invoked.
[    5.064664] Initialise system trusted keyrings
[    5.065554] Key type blacklist registered
[    5.066727] workingset: timestamp_bits=36 max_order=19 bucket_order=0
[    5.067781] zbud: loaded
[    5.070530] squashfs: version 4.0 (2009/01/31) Phillip Lougher
[    5.072854] NFS: Registering the id_resolver key type
[    5.073356] Key type id_resolver registered
[    5.073736] Key type id_legacy registered
[    5.074154] nfs4filelayout_init: NFSv4 File Layout Driver Registering...
[    5.074774] nfs4flexfilelayout_init: NFSv4 Flexfile Layout Driver Registering...
[    5.075843] fuse: init (API version 7.38)
[    5.076667] SGI XFS with ACLs, security attributes, realtime, quota, no debug enabled
[    5.078868] 9p: Installing v9fs 9p2000 file system support
[    5.087195] Key type asymmetric registered
[    5.087642] Asymmetric key parser 'x509' registered
[    5.088256] Block layer SCSI generic (bsg) driver version 0.4 loaded (major 243)
[    5.089235] io scheduler mq-deadline registered
[    5.089734] io scheduler bfq registered
[    5.091078] shpchp: Standard Hot Plug PCI Controller Driver version: 0.4
[    5.092642] IPMI message handler: version 39.2
[    5.093182] ipmi device interface
[    5.096123] input: Power Button as /devices/LNXSYSTM:00/LNXPWRBN:00/input/input0
[    5.097374] ACPI: button: Power Button [PWRF]
[    5.099724] ERST DBG: ERST support is disabled.
[    5.102350] Serial: 8250/16550 driver, 32 ports, IRQ sharing enabled
[    5.103542] 00:04: ttyS0 at I/O 0x3f8 (irq = 4, base_baud = 115200) is a 16550A
[    5.124881] Linux agpgart interface v0.103
[    5.127902] ACPI: bus type drm_connector registered
[    5.152716] brd: module loaded
[    5.167515] loop: module loaded
[    5.179792] scsi host0: ata_piix
[    5.182037] scsi host1: ata_piix
[    5.183206] ata1: PATA max MWDMA2 cmd 0x1f0 ctl 0x3f6 bmdma 0xc040 irq 14
[    5.184265] ata2: PATA max MWDMA2 cmd 0x170 ctl 0x376 bmdma 0xc048 irq 15
[    5.189234] tun: Universal TUN/TAP device driver, 1.6
[    5.190773] e100: Intel(R) PRO/100 Network Driver
[    5.191556] e100: Copyright(c) 1999-2006 Intel Corporation
[    5.192614] e1000: Intel(R) PRO/1000 Network Driver
[    5.193426] e1000: Copyright (c) 1999-2006 Intel Corporation.
[    5.344846] ata1: found unknown device (class 0)
[    5.345927] ata2: found unknown device (class 0)
[    5.346761] ata2.00: ATAPI: QEMU DVD-ROM, 2.5+, max UDMA/100
[    5.347643] ata1.00: ATA-7: QEMU HARDDISK, 2.5+, max UDMA/100
[    5.348125] ata1.00: 17196647 sectors, multi 16: LBA48 
[    5.350325] scsi 0:0:0:0: Direct-Access     ATA      QEMU HARDDISK    2.5+ PQ: 0 ANSI: 5
[    5.352951] sd 0:0:0:0: Attached scsi generic sg0 type 0
[    5.353347] sd 0:0:0:0: [sda] 17196647 512-byte logical blocks: (8.80 GB/8.20 GiB)
[    5.354611] sd 0:0:0:0: [sda] Write Protect is off
[    5.355099] scsi 1:0:0:0: CD-ROM            QEMU     QEMU DVD-ROM     2.5+ PQ: 0 ANSI: 5
[    5.355920] sd 0:0:0:0: [sda] Write cache: enabled, read cache: enabled, doesn't support DPO or FUA
[    5.356982] sd 0:0:0:0: [sda] Preferred minimum I/O size 512 bytes
[    5.374372] scsi 1:0:0:0: Attached scsi generic sg1 type 5
[    5.380710] sd 0:0:0:0: [sda] Attached SCSI disk
[    5.989666] ACPI: \_SB_.LNKC: Enabled at IRQ 11
[    6.316034] e1000 0000:00:03.0 eth0: (PCI:33MHz:32-bit) 52:54:00:12:34:56
[    6.316564] e1000 0000:00:03.0 eth0: Intel(R) PRO/1000 Network Connection
[    6.317222] e1000e: Intel(R) PRO/1000 Network Driver
[    6.317561] e1000e: Copyright(c) 1999 - 2015 Intel Corporation.
[    6.318023] igb: Intel(R) Gigabit Ethernet Network Driver
[    6.318359] igb: Copyright (c) 2007-2014 Intel Corporation.
[    6.318885] PPP generic driver version 2.4.2
[    6.319990] VFIO - User Level meta-driver version: 0.3
[    6.321122] usbcore: registered new interface driver uas
[    6.321577] usbcore: registered new interface driver usb-storage
[    6.322240] i8042: PNP: PS/2 Controller [PNP0303:KBD,PNP0f13:MOU] at 0x60,0x64 irq 1,12
[    6.323628] serio: i8042 KBD port at 0x60,0x64 irq 1
[    6.324037] serio: i8042 AUX port at 0x60,0x64 irq 12
[    6.325374] mousedev: PS/2 mouse device common for all mice
[    6.327265] input: AT Translated Set 2 keyboard as /devices/platform/i8042/serio0/input/input1
[    6.329588] input: VirtualPS/2 VMware VMMouse as /devices/platform/i8042/serio1/input/input4
[    6.331383] input: VirtualPS/2 VMware VMMouse as /devices/platform/i8042/serio1/input/input3
[    6.332507] rtc_cmos 00:05: RTC can wake from S4
[    6.334691] rtc_cmos 00:05: registered as rtc0
[    6.335130] rtc_cmos 00:05: setting system clock to 2024-04-09T01:35:11 UTC (1712626511)
[    6.336053] rtc_cmos 00:05: alarms up to one day, y3k, 242 bytes nvram, hpet irqs
[    6.336726] i2c_dev: i2c /dev entries driver
[    6.337218] device-mapper: core: CONFIG_IMA_DISABLE_HTABLE is disabled. Duplicate IMA measurements will not be recorded in the IMA log.
[    6.338231] device-mapper: uevent: version 1.0.3
[    6.339173] device-mapper: ioctl: 4.47.0-ioctl (2022-07-28) initialised: dm-devel@redhat.com
[    6.339797] intel_pstate: CPU model not supported
[    6.340382] sdhci: Secure Digital Host Controller Interface driver
[    6.340837] sdhci: Copyright(c) Pierre Ossman
[    6.341785] sdhci-pltfm: SDHCI platform and OF driver helper
[    6.342268] ledtrig-cpu: registered to indicate activity on CPUs
[    6.343291] drop_monitor: Initializing network drop monitor service
[    6.344057] NET: Registered PF_INET6 protocol family
[    6.348623] Segment Routing with IPv6
[    6.349012] In-situ OAM (IOAM) with IPv6
[    6.349430] NET: Registered PF_PACKET protocol family
[    6.350147] 9pnet: Installing 9P2000 support
[    6.350608] Key type dns_resolver registered
[    6.352167] IPI shorthand broadcast: enabled
[    6.385059] sched_clock: Marking stable (6372719923, 11867362)->(6460574982, -75987697)
[    6.413682] registered taskstats version 1
[    6.414529] Loading compiled-in X.509 certificates
[    6.415232] zswap: loaded using pool lzo/zbud
[    6.455002] Key type .fscrypt registered
[    6.455399] Key type fscrypt-provisioning registered
[    6.457792] Key type encrypted registered
[    6.458272] ima: No TPM chip found, activating TPM-bypass!
[    6.458756] ima: Allocated hash algorithm: sha1
[    6.459218] ima: No architecture policies found
[    6.459701] evm: Initialising EVM extended attributes:
[    6.460114] evm: security.selinux
[    6.460386] evm: security.SMACK64
[    6.460695] evm: security.SMACK64EXEC
[    6.460995] evm: security.SMACK64TRANSMUTE
[    6.461328] evm: security.SMACK64MMAP
[    6.461642] evm: security.apparmor
[    6.461921] evm: security.ima
[    6.462167] evm: security.capability
[    6.462459] evm: HMAC attrs: 0x1
[    6.465371] PM:   Magic number: 4:794:558
[    6.465847] tty ttyS30: hash matches
[    6.466266] misc vga_arbiter: hash matches
[    6.467479] RAS: Correctable Errors collector initialized.
[    6.470179] md: Waiting for all devices to be available before autodetect
[    6.470605] md: If you don't use raid, use raid=noautodetect
[    6.470948] md: Autodetecting RAID arrays.
[    6.471216] md: autorun ...
[    6.471391] md: ... autorun DONE.
[    6.484776] EXT4-fs (sda): INFO: recovery required on readonly filesystem
[    6.485271] EXT4-fs (sda): write access will be enabled during recovery
[    6.842602] EXT4-fs (sda): recovery complete
[    6.860061] EXT4-fs (sda): mounted filesystem 088740a9-c8b4-422c-999d-a804eb68a4da with ordered data mode. Quota mode: none.
[    6.860859] VFS: Mounted root (ext4 filesystem) readonly on device 8:0.
[    6.865368] devtmpfs: mounted
[    6.884495] Freeing unused decrypted memory: 2036K
[    6.893267] Freeing unused kernel image (initmem) memory: 14028K
[    6.893779] Write protecting the kernel read-only data: 88064k
[    6.895557] Freeing unused kernel image (rodata/data gap) memory: 64K
[    6.997202] x86/mm: Checked W+X mappings: passed, no W+X pages found.
[    6.997702] Run /sbin/init as init process
[    7.259291] systemd[1]: systemd 252-15.el9 running in system mode (+PAM +AUDIT +SELINUX -APPARMOR +IMA +SMACK +SECCOMP +GCRYPT +GNUTLS +OPENSSL +ACL +BLKID +CURL +ELFUTILS -FIDO2 +IDN2 -IDN -IPTC +KMOD +LIBCRYPTSETUP +LIBFDISK +PCRE2 -PWQUALITY +P11KIT -QRENCODE +TPM2 +BZIP2 +LZ4 +XZ +ZLIB +ZSTD -BPF_FRAMEWORK +XKBCOMMON +UTMP +SYSVINIT default-hierarchy=unified)
[    7.261064] systemd[1]: Detected virtualization kvm.
[    7.261362] systemd[1]: Detected architecture x86-64.

Welcome to [0;31mCentOS Stream 9[0m!

[    7.268351] systemd[1]: Hostname set to <test>.
[    7.592241] systemd-rc-local-generator[113]: /etc/rc.d/rc.local is not marked executable, skipping.
[    8.251437] systemd[1]: Queued start job for default target Multi-User System.
[    8.268139] systemd[1]: Created slice Virtual Machine and Container Slice.
[[0;32m  OK  [0m] Created slice [0;1;39mVirtual Machine and Container Slice[0m.
[    8.274312] systemd[1]: Created slice Slice /system/getty.
[[0;32m  OK  [0m] Created slice [0;1;39mSlice /system/getty[0m.
[    8.277706] systemd[1]: Created slice Slice /system/modprobe.
[[0;32m  OK  [0m] Created slice [0;1;39mSlice /system/modprobe[0m.
[    8.281213] systemd[1]: Created slice Slice /system/serial-getty.
[[0;32m  OK  [0m] Created slice [0;1;39mSlice /system/serial-getty[0m.
[    8.284407] systemd[1]: Created slice Slice /system/sshd-keygen.
[[0;32m  OK  [0m] Created slice [0;1;39mSlice /system/sshd-keygen[0m.
[    8.287376] systemd[1]: Created slice User and Session Slice.
[[0;32m  OK  [0m] Created slice [0;1;39mUser and Session Slice[0m.
[    8.288964] systemd[1]: Started Forward Password Requests to Wall Directory Watch.
[[0;32m  OK  [0m] Started [0;1;39mForward Password R…uests to Wall Directory Watch[0m.
[    8.291582] systemd[1]: Set up automount Arbitrary Executable File Formats File System Automount Point.
[[0;32m  OK  [0m] Set up automount [0;1;39mArbitrary…s File System Automount Point[0m.
[    8.293036] systemd[1]: Reached target Local Integrity Protected Volumes.
[[0;32m  OK  [0m] Reached target [0;1;39mLocal Integrity Protected Volumes[0m.
[    8.294160] systemd[1]: Reached target Slice Units.
[[0;32m  OK  [0m] Reached target [0;1;39mSlice Units[0m.
[    8.294984] systemd[1]: Reached target Swaps.
[[0;32m  OK  [0m] Reached target [0;1;39mSwaps[0m.
[    8.295747] systemd[1]: Reached target Local Verity Protected Volumes.
[[0;32m  OK  [0m] Reached target [0;1;39mLocal Verity Protected Volumes[0m.
[    8.297470] systemd[1]: Listening on Device-mapper event daemon FIFOs.
[[0;32m  OK  [0m] Listening on [0;1;39mDevice-mapper event daemon FIFOs[0m.
[    8.299607] systemd[1]: Listening on LVM2 poll daemon socket.
[[0;32m  OK  [0m] Listening on [0;1;39mLVM2 poll daemon socket[0m.
[    8.300992] systemd[1]: multipathd control socket was skipped because of an unmet condition check (ConditionPathExists=/etc/multipath.conf).
[    8.373563] systemd[1]: Listening on RPCbind Server Activation Socket.
[[0;32m  OK  [0m] Listening on [0;1;39mRPCbind Server Activation Socket[0m.
[    8.375833] systemd[1]: Reached target RPC Port Mapper.
[[0;32m  OK  [0m] Reached target [0;1;39mRPC Port Mapper[0m.
[    8.382186] systemd[1]: Listening on Process Core Dump Socket.
[[0;32m  OK  [0m] Listening on [0;1;39mProcess Core Dump Socket[0m.
[    8.384899] systemd[1]: Listening on initctl Compatibility Named Pipe.
[[0;32m  OK  [0m] Listening on [0;1;39minitctl Compatibility Named Pipe[0m.
[    8.388562] systemd[1]: Listening on Journal Socket (/dev/log).
[[0;32m  OK  [0m] Listening on [0;1;39mJournal Socket (/dev/log)[0m.
[    8.392503] systemd[1]: Listening on Journal Socket.
[[0;32m  OK  [0m] Listening on [0;1;39mJournal Socket[0m.
[    8.396270] systemd[1]: Listening on udev Control Socket.
[[0;32m  OK  [0m] Listening on [0;1;39mudev Control Socket[0m.
[    8.399377] systemd[1]: Listening on udev Kernel Socket.
[[0;32m  OK  [0m] Listening on [0;1;39mudev Kernel Socket[0m.
[    8.429614] systemd[1]: Mounting Huge Pages File System...
         Mounting [0;1;39mHuge Pages File System[0m...
[    8.444902] systemd[1]: Mounting POSIX Message Queue File System...
         Mounting [0;1;39mPOSIX Message Queue File System[0m...
[    8.461817] systemd[1]: Mounting Kernel Debug File System...
         Mounting [0;1;39mKernel Debug File System[0m...
[    8.478651] systemd[1]: Mounting Kernel Trace File System...
         Mounting [0;1;39mKernel Trace File System[0m...
[    8.481634] systemd[1]: Kernel Module supporting RPCSEC_GSS was skipped because of an unmet condition check (ConditionPathExists=/etc/krb5.keytab).
[    8.483701] systemd[1]: Create List of Static Device Nodes was skipped because of an unmet condition check (ConditionFileNotEmpty=/lib/modules/6.2.0-rc8-53ced656c576+/modules.devname).
[    8.496662] systemd[1]: Starting Monitoring of LVM2 mirrors, snapshots etc. using dmeventd or progress polling...
         Starting [0;1;39mMonitoring of LVM…meventd or progress polling[0m...
[    8.518087] systemd[1]: Starting Load Kernel Module configfs...
         Starting [0;1;39mLoad Kernel Module configfs[0m...
[    8.565524] systemd[1]: Starting Load Kernel Module drm...
         Starting [0;1;39mLoad Kernel Module drm[0m...
[    8.575499] systemd[1]: Starting Load Kernel Module fuse...
         Starting [0;1;39mLoad Kernel Module fuse[0m...
[    8.602535] systemd[1]: Starting Read and set NIS domainname from /etc/sysconfig/network...
         Starting [0;1;39mRead and set NIS …from /etc/sysconfig/network[0m...
[    8.622166] systemd[1]: Starting Journal Service...
         Starting [0;1;39mJournal Service[0m...
[    8.652990] systemd[1]: Starting Load Kernel Modules...
         Starting [0;1;39mLoad Kernel Modules[0m...
[    8.674662] systemd[1]: Starting Generate network units from Kernel command line...
         Starting [0;1;39mGenerate network …ts from Kernel command line[0m...
[    8.705704] systemd[1]: Starting Remount Root and Kernel File Systems...
         Starting [0;1;39mRemount Root and Kernel File Systems[0m...
[    8.716864] systemd[1]: Repartition Root Disk was skipped because no trigger condition checks were met.
[    8.737217] systemd[1]: Starting Coldplug All udev Devices...
         Starting [0;1;39mColdplug All udev Devices[0m...
[    8.774583] systemd[1]: Mounted Huge Pages File System.
[[0;32m  OK  [0m] Mounted [0;1;39mHuge Pages File System[0m.
[    8.778422] systemd[1]: Mounted POSIX Message Queue File System.
[[0;32m  OK  [0m] Mounted [0;1;39mPOSIX Message Queue File System[0m.
[    8.785669] systemd[1]: Mounted Kernel Debug File System.
[[0;32m  OK  [0m] Mounted [0;1;39mKernel Debug File System[0m.
[    8.790118] systemd[1]: Mounted Kernel Trace File System.
[[0;32m  OK  [0m] Mounted [0;1;39mKernel Trace File System[0m.
[    8.793879] systemd[1]: modprobe@configfs.service: Deactivated successfully.
[    8.800913] systemd[1]: Finished Load Kernel Module configfs.
[[0;32m  OK  [0m] Finished [0;1;39mLoad Kernel Module configfs[0m.
[    8.806383] systemd[1]: modprobe@drm.service: Deactivated successfully.
[    8.812842] systemd[1]: Finished Load Kernel Module drm.
[[0;32m  OK  [0m] Finished [0;1;39mLoad Kernel Module drm[0m.
[    8.818811] systemd[1]: modprobe@fuse.service: Deactivated successfully.
[    8.821787] systemd[1]: Finished Load Kernel Module fuse.
[[0;32m  OK  [0m] Finished [0;1;39mLoad Kernel Module fuse[0m.
[    8.828808] systemd[1]: Finished Read and set NIS domainname from /etc/sysconfig/network.
[[0;32m  OK  [0m] Finished [0;1;39mRead and set NIS …e from /etc/sysconfig/network[0m.
[    8.833842] systemd[1]: systemd-modules-load.service: Main process exited, code=exited, status=1/FAILURE
[    8.835646] systemd[1]: systemd-modules-load.service: Failed with result 'exit-code'.
[    8.838309] systemd[1]: Failed to start Load Kernel Modules.
[[0;1;31mFAILED[0m] Failed to start [0;1;39mLoad Kernel Modules[0m.
See 'systemctl status systemd-modules-load.service' for details.
[    8.846628] systemd[1]: Finished Generate network units from Kernel command line.
[[0;32m  OK  [0m] Finished [0;1;39mGenerate network units from Kernel command line[0m.
[    8.859557] systemd[1]: Finished Monitoring of LVM2 mirrors, snapshots etc. using dmeventd or progress polling.
[[0;32m  OK  [0m] Finished [0;1;39mMonitoring of LVM… dmeventd or progress polling[0m.
[    8.862457] systemd[1]: Reached target Preparation for Network.
[[0;32m  OK  [0m] Reached target [0;1;39mPreparation for Network[0m.
[    8.868795] EXT4-fs (sda): re-mounted 088740a9-c8b4-422c-999d-a804eb68a4da. Quota mode: none.
[    8.893290] systemd[1]: Mounting FUSE Control File System...
         Mounting [0;1;39mFUSE Control File System[0m...
[    8.944786] systemd[1]: Mounting Kernel Configuration File System...
         Mounting [0;1;39mKernel Configuration File System[0m...
[    8.989924] systemd[1]: Starting Apply Kernel Variables...
         Starting [0;1;39mApply Kernel Variables[0m...
[    9.018968] systemd[1]: Finished Remount Root and Kernel File Systems.
[[0;32m  OK  [0m] Finished [0;1;39mRemount Root and Kernel File Systems[0m.
[    9.026322] systemd[1]: Mounted FUSE Control File System.
[[0;32m  OK  [0m] Mounted [0;1;39mFUSE Control File System[0m.
[    9.030244] systemd[1]: Mounted Kernel Configuration File System.
[[0;32m  OK  [0m] Mounted [0;1;39mKernel Configuration File System[0m.
[    9.037598] systemd[1]: Started Journal Service.
[[0;32m  OK  [0m] Started [0;1;39mJournal Service[0m.
         Starting [0;1;39mFlush Journal to Persistent Storage[0m...
         Starting [0;1;39mLoad/Save Random Seed[0m...
         Starting [0;1;39mCreate Static Device Nodes in /dev[0m...
[    9.166342] systemd-journald[138]: Received client request to flush runtime journal.
         Starting [0;1;39mSetup Virtual Console[0m...
[[0;32m  OK  [0m] Finished [0;1;39mFlush Journal to Persistent Storage[0m.
[[0;32m  OK  [0m] Finished [0;1;39mApply Kernel Variables[0m.
[[0;32m  OK  [0m] Finished [0;1;39mLoad/Save Random Seed[0m.
[[0;32m  OK  [0m] Finished [0;1;39mCreate Static Device Nodes in /dev[0m.
         Starting [0;1;39mRule-based Manage…for Device Events and Files[0m...
[[0;32m  OK  [0m] Started [0;1;39mRule-based Manager for Device Events and Files[0m.
         Starting [0;1;39mAuto-connect to s…E devices found during boot[0m...
[[0;32m  OK  [0m] Finished [0;1;39mAuto-connect to s…VME devices found during boot[0m.
[[0;32m  OK  [0m] Finished [0;1;39mSetup Virtual Console[0m.
[[0;32m  OK  [0m] Finished [0;1;39mColdplug All udev Devices[0m.
[[0;32m  OK  [0m] Started [0;1;39mDispatch Password …ts to Console Directory Watch[0m.
[[0;32m  OK  [0m] Reached target [0;1;39mLocal Encrypted Volumes[0m.
[[0;32m  OK  [0m] Reached target [0;1;39mPath Units[0m.
         Starting [0;1;39mWait for udev To …plete Device Initialization[0m...
[[0;32m  OK  [0m] Found device [0;1;39m/dev/ttyS0[0m.
[[0;32m  OK  [0m] Listening on [0;1;39mLoad/Save RF …itch Status /dev/rfkill Watch[0m.
[[0;32m  OK  [0m] Finished [0;1;39mWait for udev To Complete Device Initialization[0m.
[[0;32m  OK  [0m] Reached target [0;1;39mPreparation for Local File Systems[0m.
[[0;32m  OK  [0m] Reached target [0;1;39mLocal File Systems[0m.
         Starting [0;1;39mTell Plymouth To Write Out Runtime Data[0m...
         Starting [0;1;39mAutomatic Boot Loader Update[0m...
         Starting [0;1;39mCreate Volatile Files and Directories[0m...
[[0;32m  OK  [0m] Finished [0;1;39mTell Plymouth To Write Out Runtime Data[0m.
[[0;32m  OK  [0m] Finished [0;1;39mAutomatic Boot Loader Update[0m.
[[0;32m  OK  [0m] Finished [0;1;39mCreate Volatile Files and Directories[0m.
         Mounting [0;1;39mRPC Pipe File System[0m...
         Starting [0;1;39mSecurity Auditing Service[0m...
         Starting [0;1;39mRPC Bind[0m...
[[0;32m  OK  [0m] Mounted [0;1;39mRPC Pipe File System[0m.
[[0;32m  OK  [0m] Reached target [0;1;39mrpc_pipefs.target[0m.
[[0;32m  OK  [0m] Started [0;1;39mRPC Bind[0m.
[[0;32m  OK  [0m] Started [0;1;39mSecurity Auditing Service[0m.
         Starting [0;1;39mRecord System Boot/Shutdown in UTMP[0m...
[[0;32m  OK  [0m] Finished [0;1;39mRecord System Boot/Shutdown in UTMP[0m.
[[0;32m  OK  [0m] Reached target [0;1;39mSystem Initialization[0m.
[[0;32m  OK  [0m] Started [0;1;39mDaily rotation of log files[0m.
[[0;32m  OK  [0m] Started [0;1;39mUpdates mlocate database every day[0m.
[[0;32m  OK  [0m] Started [0;1;39mDaily Cleanup of Temporary Directories[0m.
[[0;32m  OK  [0m] Started [0;1;39mdaily update of the root trust anchor for DNSSEC[0m.
[[0;32m  OK  [0m] Reached target [0;1;39mTimer Units[0m.
[[0;32m  OK  [0m] Listening on [0;1;39mD-Bus System Message Bus Socket[0m.
[[0;32m  OK  [0m] Listening on [0;1;39mOpen-iSCSI iscsid Socket[0m.
[[0;32m  OK  [0m] Listening on [0;1;39mOpen-iSCSI iscsiuio Socket[0m.
[[0;32m  OK  [0m] Listening on [0;1;39mSSSD Kerberos…ache Manager responder socket[0m.
[[0;32m  OK  [0m] Listening on [0;1;39mLibvirt interface local socket[0m.
[[0;32m  OK  [0m] Listening on [0;1;39mVirtual machine lock manager socket[0m.
[[0;32m  OK  [0m] Listening on [0;1;39mVirtual machine log manager socket[0m.
[[0;32m  OK  [0m] Listening on [0;1;39mLibvirt network local socket[0m.
[[0;32m  OK  [0m] Listening on [0;1;39mLibvirt nodedev local socket[0m.
[[0;32m  OK  [0m] Listening on [0;1;39mLibvirt nwfilter local socket[0m.
[[0;32m  OK  [0m] Listening on [0;1;39mLibvirt proxy local socket[0m.
[[0;32m  OK  [0m] Listening on [0;1;39mLibvirt qemu local socket[0m.
[[0;32m  OK  [0m] Listening on [0;1;39mLibvirt qemu admin socket[0m.
[[0;32m  OK  [0m] Listening on [0;1;39mLibvirt qemu local read-only socket[0m.
[[0;32m  OK  [0m] Listening on [0;1;39mLibvirt secret local socket[0m.
[[0;32m  OK  [0m] Listening on [0;1;39mLibvirt storage local socket[0m.
[[0;32m  OK  [0m] Reached target [0;1;39mSocket Units[0m.
         Starting [0;1;39mD-Bus System Message Bus[0m...
[[0;32m  OK  [0m] Started [0;1;39mD-Bus System Message Bus[0m.
[[0;32m  OK  [0m] Reached target [0;1;39mBasic System[0m.
         Starting [0;1;39mNetwork Manager[0m...
         Starting [0;1;39mNTP client/server[0m...
         Starting [0;1;39mRestore /run/initramfs on shutdown[0m...
[[0;32m  OK  [0m] Started [0;1;39mirqbalance daemon[0m.
[[0;32m  OK  [0m] Started [0;1;39mlibstoragemgmt plug-in server daemon[0m.
[[0;32m  OK  [0m] Started [0;1;39mMachine Check Exception Logging Daemon[0m.
[[0;32m  OK  [0m] Reached target [0;1;39msshd-keygen.target[0m.
[[0;32m  OK  [0m] Reached target [0;1;39mUser and Group Name Lookups[0m.
         Starting [0;1;39mUser Login Management[0m...
         Starting [0;1;39mVirtual Machine a…tainer Registration Service[0m...
         Starting [0;1;39mupdate of the roo…NSSEC validation in unbound[0m...
         Starting [0;1;39mRotate log files[0m...
[[0;32m  OK  [0m] Started [0;1;39mUpdate a database for mlocate[0m.
[[0;32m  OK  [0m] Finished [0;1;39mRestore /run/initramfs on shutdown[0m.
[[0;32m  OK  [0m] Started [0;1;39mVirtual Machine an…ontainer Registration Service[0m.
[[0;32m  OK  [0m] Finished [0;1;39mupdate of the roo… DNSSEC validation in unbound[0m.
[[0;32m  OK  [0m] Started [0;1;39mNTP client/server[0m.
[[0;32m  OK  [0m] Started [0;1;39mUser Login Management[0m.
         Starting [0;1;39mHostname Service[0m...
[[0;32m  OK  [0m] Finished [0;1;39mRotate log files[0m.
[[0;32m  OK  [0m] Started [0;1;39mHostname Service[0m.
         Starting [0;1;39mNetwork Manager Script Dispatcher Service[0m...
[[0;32m  OK  [0m] Started [0;1;39mNetwork Manager Script Dispatcher Service[0m.
[   14.264903] e1000: eth0 NIC Link is Up 1000 Mbps Full Duplex, Flow Control: RX
[   14.265996] IPv6: ADDRCONF(NETDEV_CHANGE): eth0: link becomes ready
[[0;32m  OK  [0m] Started [0;1;39mNetwork Manager[0m.
[[0;32m  OK  [0m] Reached target [0;1;39mNetwork[0m.
[[0;32m  OK  [0m] Reached target [0;1;39mNetwork is Online[0m.
         Starting [0;1;39mGSSAPI Proxy Daemon[0m...
         Starting [0;1;39mNotify NFS peers of a restart[0m...
         Starting [0;1;39mSystem Logging Service[0m...
         Starting [0;1;39mOpenSSH server daemon[0m...
         Starting [0;1;39mDynamic System Tuning Daemon[0m...
[[0;32m  OK  [0m] Started [0;1;39mNotify NFS peers of a restart[0m.
[[0;32m  OK  [0m] Started [0;1;39mGSSAPI Proxy Daemon[0m.
[[0;32m  OK  [0m] Reached target [0;1;39mNFS client services[0m.
[[0;32m  OK  [0m] Reached target [0;1;39mPreparation for Remote File Systems[0m.
[[0;32m  OK  [0m] Reached target [0;1;39mRemote File Systems[0m.
         Starting [0;1;39mPermit User Sessions[0m...
         Starting [0;1;39mVirtualization qemu daemon[0m...
[[0;32m  OK  [0m] Started [0;1;39mOpenSSH server daemon[0m.
[[0;32m  OK  [0m] Finished [0;1;39mPermit User Sessions[0m.
[[0;32m  OK  [0m] Started [0;1;39mDeferred execution scheduler[0m.
[[0;32m  OK  [0m] Started [0;1;39mCommand Scheduler[0m.
         Starting [0;1;39mHold until boot process finishes up[0m...
         Starting [0;1;39mTerminate Plymouth Boot Screen[0m...
[[0;32m  OK  [0m] Started [0;1;39mSystem Logging Service[0m.
[[0;32m  OK  [0m] Finished [0;1;39mHold until boot process finishes up[0m.
[[0;32m  OK  [0m] Finished [0;1;39mTerminate Plymouth Boot Screen[0m.
[[0;32m  OK  [0m] Started [0;1;39mGetty on tty1[0m.
[[0;32m  OK  [0m] Started [0;1;39mSerial Getty on ttyS0[0m.
[[0;32m  OK  [0m] Reached target [0;1;39mLogin Prompts[0m.
[[0;32m  OK  [0m] Started [0;1;39mVirtualization qemu daemon[0m.
         Starting [0;1;39mAuthorization Manager[0m...
[[0;32m  OK  [0m] Started [0;1;39mAuthorization Manager[0m.
[[0;32m  OK  [0m] Started [0;1;39mDynamic System Tuning Daemon[0m.
[[0;32m  OK  [0m] Reached target [0;1;39mMulti-User System[0m.
         Starting [0;1;39mRecord Runlevel Change in UTMP[0m...
[[0;32m  OK  [0m] Finished [0;1;39mRecord Runlevel Change in UTMP[0m.

CentOS Stream 9
Kernel 6.2.0-rc8-53ced656c576+ on an x86_64

Activate the web console with: systemctl enable --now cockpit.socket

test login: 