c[?7l[2J[0mSeaBIOS (version rel-1.16.0-0-gd239552ce722-prebuilt.qemu.org)


iPXE (http://ipxe.org) 00:03.0 CA00 PCI2.10 PnP PMM+7FF91000+7FEF1000 CA00
Press Ctrl-B to configure iPXE (PCI 00:03.0)...                                                                               


Booting from ROM...
c[?7l[2J[    0.000000] Linux version 6.8.0-6b9c2950c912+ (root@p-rplp02) (gcc (GCC) 8.5.0 20210514 (Red Hat 8.5.0-21), GNU ld version 2.36.1-2.el8) #1 SMP PREEMPT_DYNAMIC Tue Apr  9 03:01:30 CST 2024
[    0.000000] Command line: console=ttyS0 root=/dev/sda earlyprintk=serial net.ifnames=0 plymouth.enable=0
[    0.000000] KERNEL supported cpus:
[    0.000000]   Intel GenuineIntel
[    0.000000]   AMD AuthenticAMD
[    0.000000]   Hygon HygonGenuine
[    0.000000]   Centaur CentaurHauls
[    0.000000]   zhaoxin   Shanghai  
[    0.000000] BIOS-provided physical RAM map:
[    0.000000] BIOS-e820: [mem 0x0000000000000000-0x000000000009fbff] usable
[    0.000000] BIOS-e820: [mem 0x000000000009fc00-0x000000000009ffff] reserved
[    0.000000] BIOS-e820: [mem 0x00000000000f0000-0x00000000000fffff] reserved
[    0.000000] BIOS-e820: [mem 0x0000000000100000-0x000000007ffdffff] usable
[    0.000000] BIOS-e820: [mem 0x000000007ffe0000-0x000000007fffffff] reserved
[    0.000000] BIOS-e820: [mem 0x00000000feffc000-0x00000000feffffff] reserved
[    0.000000] BIOS-e820: [mem 0x00000000fffc0000-0x00000000ffffffff] reserved
[    0.000000] printk: legacy bootconsole [earlyser0] enabled
[    0.000000] NX (Execute Disable) protection: active
[    0.000000] APIC: Static calls initialized
[    0.000000] SMBIOS 2.8 present.
[    0.000000] DMI: QEMU Standard PC (i440FX + PIIX, 1996), BIOS rel-1.16.0-0-gd239552ce722-prebuilt.qemu.org 04/01/2014
[    0.000000] Hypervisor detected: KVM
[    0.000000] kvm-clock: Using msrs 4b564d01 and 4b564d00
[    0.000003] kvm-clock: using sched offset of 651460606 cycles
[    0.000353] clocksource: kvm-clock: mask: 0xffffffffffffffff max_cycles: 0x1cd42e4dffb, max_idle_ns: 881590591483 ns
[    0.001465] tsc: Detected 1881.600 MHz processor
[    0.007762] last_pfn = 0x7ffe0 max_arch_pfn = 0x400000000
[    0.008233] MTRR map: 4 entries (3 fixed + 1 variable; max 19), built from 8 variable MTRRs
[    0.008837] x86/PAT: Configuration [0-7]: WB  WC  UC- UC  WB  WP  UC- WT  
[    0.017288] found SMP MP-table at [mem 0x000f5ba0-0x000f5baf]
[    0.017786] Using GB pages for direct mapping
[    0.019859] ACPI: Early table checksum verification disabled
[    0.020281] ACPI: RSDP 0x00000000000F59C0 000014 (v00 BOCHS )
[    0.020725] ACPI: RSDT 0x000000007FFE1951 000034 (v01 BOCHS  BXPC     00000001 BXPC 00000001)
[    0.021355] ACPI: FACP 0x000000007FFE17FD 000074 (v01 BOCHS  BXPC     00000001 BXPC 00000001)
[    0.021996] ACPI: DSDT 0x000000007FFE0040 0017BD (v01 BOCHS  BXPC     00000001 BXPC 00000001)
[    0.022625] ACPI: FACS 0x000000007FFE0000 000040
[    0.022972] ACPI: APIC 0x000000007FFE1871 000080 (v01 BOCHS  BXPC     00000001 BXPC 00000001)
[    0.023601] ACPI: HPET 0x000000007FFE18F1 000038 (v01 BOCHS  BXPC     00000001 BXPC 00000001)
[    0.024233] ACPI: WAET 0x000000007FFE1929 000028 (v01 BOCHS  BXPC     00000001 BXPC 00000001)
[    0.024877] ACPI: Reserving FACP table memory at [mem 0x7ffe17fd-0x7ffe1870]
[    0.025402] ACPI: Reserving DSDT table memory at [mem 0x7ffe0040-0x7ffe17fc]
[    0.025931] ACPI: Reserving FACS table memory at [mem 0x7ffe0000-0x7ffe003f]
[    0.026430] ACPI: Reserving APIC table memory at [mem 0x7ffe1871-0x7ffe18f0]
[    0.026926] ACPI: Reserving HPET table memory at [mem 0x7ffe18f1-0x7ffe1928]
[    0.027427] ACPI: Reserving WAET table memory at [mem 0x7ffe1929-0x7ffe1950]
[    0.028368] No NUMA configuration found
[    0.028655] Faking a node at [mem 0x0000000000000000-0x000000007ffdffff]
[    0.029159] NODE_DATA(0) allocated [mem 0x7ffb5000-0x7ffdffff]
[    0.030971] Zone ranges:
[    0.031178]   DMA      [mem 0x0000000000001000-0x0000000000ffffff]
[    0.031622]   DMA32    [mem 0x0000000001000000-0x000000007ffdffff]
[    0.032057]   Normal   empty
[    0.032263]   Device   empty
[    0.032470] Movable zone start for each node
[    0.032775] Early memory node ranges
[    0.033028]   node   0: [mem 0x0000000000001000-0x000000000009efff]
[    0.033471]   node   0: [mem 0x0000000000100000-0x000000007ffdffff]
[    0.033915] Initmem setup node 0 [mem 0x0000000000001000-0x000000007ffdffff]
[    0.035053] On node 0, zone DMA: 1 pages in unavailable ranges
[    0.035817] On node 0, zone DMA: 97 pages in unavailable ranges
[    0.085691] On node 0, zone DMA32: 32 pages in unavailable ranges
[    0.319184] kasan: KernelAddressSanitizer initialized
[    0.319825] ACPI: PM-Timer IO Port: 0x608
[    0.320141] ACPI: LAPIC_NMI (acpi_id[0xff] dfl dfl lint[0x1])
[    0.320614] IOAPIC[0]: apic_id 0, version 17, address 0xfec00000, GSI 0-23
[    0.321127] ACPI: INT_SRC_OVR (bus 0 bus_irq 0 global_irq 2 dfl dfl)
[    0.321581] ACPI: INT_SRC_OVR (bus 0 bus_irq 5 global_irq 5 high level)
[    0.322052] ACPI: INT_SRC_OVR (bus 0 bus_irq 9 global_irq 9 high level)
[    0.322527] ACPI: INT_SRC_OVR (bus 0 bus_irq 10 global_irq 10 high level)
[    0.323015] ACPI: INT_SRC_OVR (bus 0 bus_irq 11 global_irq 11 high level)
[    0.323539] ACPI: Using ACPI (MADT) for SMP configuration information
[    0.324021] ACPI: HPET id: 0x8086a201 base: 0xfed00000
[    0.324410] TSC deadline timer available
[    0.324694] CPU topo: Max. logical packages:   1
[    0.325019] CPU topo: Max. logical dies:       1
[    0.325342] CPU topo: Max. dies per package:   1
[    0.325671] CPU topo: Max. threads per core:   1
[    0.326000] CPU topo: Num. cores per package:     2
[    0.326341] CPU topo: Num. threads per package:   2
[    0.326683] CPU topo: Allowing 2 present CPUs plus 0 hotplug CPUs
[    0.327173] kvm-guest: APIC: eoi() replaced with kvm_guest_apic_eoi_write()
[    0.327709] kvm-guest: KVM setup pv remote TLB flush
[    0.328064] kvm-guest: setup PV sched yield
[    0.328404] PM: hibernation: Registered nosave memory: [mem 0x00000000-0x00000fff]
[    0.328939] PM: hibernation: Registered nosave memory: [mem 0x0009f000-0x0009ffff]
[    0.329473] PM: hibernation: Registered nosave memory: [mem 0x000a0000-0x000effff]
[    0.330010] PM: hibernation: Registered nosave memory: [mem 0x000f0000-0x000fffff]
[    0.330550] [mem 0x80000000-0xfeffbfff] available for PCI devices
[    0.330990] Booting paravirtualized kernel on KVM
[    0.331350] clocksource: refined-jiffies: mask: 0xffffffff max_cycles: 0xffffffff, max_idle_ns: 7645519600211568 ns
[    0.332107] setup_percpu: NR_CPUS:8192 nr_cpumask_bits:2 nr_cpu_ids:2 nr_node_ids:1
[    0.334203] percpu: Embedded 84 pages/cpu s307200 r8192 d28672 u1048576
[    0.334767] kvm-guest: PV spinlocks enabled
[    0.335046] PV qspinlock hash table entries: 256 (order: 0, 4096 bytes, linear)
[    0.335543] Kernel command line: net.ifnames=0 console=ttyS0 root=/dev/sda earlyprintk=serial net.ifnames=0 plymouth.enable=0
[    0.336627] random: crng init done
[    0.337678] Dentry cache hash table entries: 262144 (order: 9, 2097152 bytes, linear)
[    0.339013] Inode-cache hash table entries: 131072 (order: 8, 1048576 bytes, linear)
[    0.339739] Fallback order for Node 0: 0 
[    0.339749] Built 1 zonelists, mobility grouping on.  Total pages: 515808
[    0.340418] Policy zone: DMA32
[    0.340616] mem auto-init: stack:off, heap alloc:off, heap free:off
[    0.341007] stackdepot: allocating hash table via alloc_large_system_hash
[    0.341438] stackdepot hash table entries: 1048576 (order: 12, 16777216 bytes, linear)
[    0.400584] Memory: 1616716K/2096632K available (75776K kernel code, 14098K rwdata, 16812K rodata, 15080K init, 21736K bss, 479660K reserved, 0K cma-reserved)
[    0.402821] SLUB: HWalign=64, Order=0-3, MinObjects=0, CPUs=2, Nodes=1
[    0.403262] kmemleak: Kernel memory leak detector disabled
[    0.403744] ftrace: allocating 73067 entries in 286 pages
[    0.427532] ftrace: allocated 286 pages with 5 groups
[    0.431929] Dynamic Preempt: voluntary
[    0.432845] Running RCU self tests
[    0.433081] Running RCU synchronous self tests
[    0.433395] rcu: Preemptible hierarchical RCU implementation.
[    0.433785] rcu: 	RCU lockdep checking is enabled.
[    0.434125] rcu: 	RCU restricting CPUs from NR_CPUS=8192 to nr_cpu_ids=2.
[    0.434593] 	Trampoline variant of Tasks RCU enabled.
[    0.434933] 	Rude variant of Tasks RCU enabled.
[    0.435247] 	Tracing variant of Tasks RCU enabled.
[    0.435576] rcu: RCU calculated value of scheduler-enlistment delay is 25 jiffies.
[    0.436088] rcu: Adjusting geometry for rcu_fanout_leaf=16, nr_cpu_ids=2
[    0.436615] Running RCU synchronous self tests
[    0.436923] RCU Tasks: Setting shift to 1 and lim to 1 rcu_task_cb_adjust=1.
[    0.437415] RCU Tasks Rude: Setting shift to 1 and lim to 1 rcu_task_cb_adjust=1.
[    0.437929] RCU Tasks Trace: Setting shift to 1 and lim to 1 rcu_task_cb_adjust=1.
[    0.476908] NR_IRQS: 524544, nr_irqs: 440, preallocated irqs: 16
[    0.478055] rcu: srcu_init: Setting srcu_struct sizes based on contention.
[    0.484616] Console: colour VGA+ 80x25
[    0.484977] printk: legacy console [ttyS0] enabled
[    0.484977] printk: legacy console [ttyS0] enabled
[    0.485651] printk: legacy bootconsole [earlyser0] disabled
[    0.485651] printk: legacy bootconsole [earlyser0] disabled
[    0.486461] Lock dependency validator: Copyright (c) 2006 Red Hat, Inc., Ingo Molnar
[    0.487002] ... MAX_LOCKDEP_SUBCLASSES:  8
[    0.487306] ... MAX_LOCK_DEPTH:          48
[    0.487609] ... MAX_LOCKDEP_KEYS:        8192
[    0.487925] ... CLASSHASH_SIZE:          4096
[    0.488231] ... MAX_LOCKDEP_ENTRIES:     32768
[    0.488550] ... MAX_LOCKDEP_CHAINS:      65536
[    0.488870] ... CHAINHASH_SIZE:          32768
[    0.489187]  memory used by lock dependency info: 6429 kB
[    0.489571]  memory used for stack traces: 4224 kB
[    0.489920]  per task-struct memory footprint: 1920 bytes
[    0.490442] ACPI: Core revision 20230628
[    0.491257] clocksource: hpet: mask: 0xffffffff max_cycles: 0xffffffff, max_idle_ns: 19112604467 ns
[    0.492085] APIC: Switch to symmetric I/O mode setup
[    0.492553] x2apic enabled
[    0.493042] APIC: Switched APIC routing to: physical x2apic
[    0.493427] kvm-guest: APIC: send_IPI_mask() replaced with kvm_send_ipi_mask()
[    0.493897] kvm-guest: APIC: send_IPI_mask_allbutself() replaced with kvm_send_ipi_mask_allbutself()
[    0.494507] kvm-guest: setup PV IPIs
[    0.495825] ..TIMER: vector=0x30 apic1=0 pin1=2 apic2=-1 pin2=-1
[    0.496273] clocksource: tsc-early: mask: 0xffffffffffffffff max_cycles: 0x363e8c91135, max_idle_ns: 881590568389 ns
[    0.496968] Calibrating delay loop (skipped) preset value.. 3763.20 BogoMIPS (lpj=7526400)
[    0.497589] x86/cpu: User Mode Instruction Prevention (UMIP) activated
[    0.498131] Last level iTLB entries: 4KB 0, 2MB 0, 4MB 0
[    0.498476] Last level dTLB entries: 4KB 0, 2MB 0, 4MB 0, 1GB 0
[    0.498871] Spectre V1 : Mitigation: usercopy/swapgs barriers and __user pointer sanitization
[    0.499425] Spectre V2 : WARNING: Unprivileged eBPF is enabled with eIBRS on, data leaks possible via Spectre v2 BHB attacks!
[    0.500998] Spectre V2 : Mitigation: Enhanced / Automatic IBRS
[    0.501362] Spectre V2 : Spectre v2 / SpectreRSB mitigation: Filling RSB on context switch
[    0.501878] Spectre V2 : Spectre v2 / PBRSB-eIBRS: Retire a single CALL on VMEXIT
[    0.502354] Spectre V2 : mitigation: Enabling conditional Indirect Branch Prediction Barrier
[    0.502885] Speculative Store Bypass: Mitigation: Speculative Store Bypass disabled via prctl
[    0.503424] MMIO Stale Data: Unknown: No mitigations
[    0.503740] Register File Data Sampling: Vulnerable: No microcode
[    0.504173] x86/fpu: Supporting XSAVE feature 0x001: 'x87 floating point registers'
[    0.504677] x86/fpu: Supporting XSAVE feature 0x002: 'SSE registers'
[    0.504958] x86/fpu: Supporting XSAVE feature 0x004: 'AVX registers'
[    0.505396] x86/fpu: Supporting XSAVE feature 0x200: 'Protection Keys User registers'
[    0.505909] x86/fpu: xstate_offset[2]:  576, xstate_sizes[2]:  256
[    0.506320] x86/fpu: xstate_offset[9]:  832, xstate_sizes[9]:    8
[    0.506735] x86/fpu: Enabled xstate features 0x207, context size is 840 bytes, using 'compacted' format.
[    0.614824] Freeing SMP alternatives memory: 56K
[    0.615203] pid_max: default: 32768 minimum: 301
[    0.615799] LSM: initializing lsm=capability,yama,integrity
[    0.616214] Yama: becoming mindful.
[    0.616785] Mount-cache hash table entries: 4096 (order: 3, 32768 bytes, linear)
[    0.616965] Mountpoint-cache hash table entries: 4096 (order: 3, 32768 bytes, linear)
[    0.619204] Running RCU synchronous self tests
[    0.619518] Running RCU synchronous self tests
[    0.620161] smpboot: CPU0: Genuine Intel(R) 0000 (family: 0x6, model: 0xba, stepping: 0x2)
[    0.620951] Running RCU Tasks wait API self tests
[    0.721063] Running RCU Tasks Rude wait API self tests
[    0.721515] Running RCU Tasks Trace wait API self tests
[    0.721911] Performance Events: unsupported p6 CPU model 186 no PMU driver, software events only.
[    0.722567] signal: max sigframe size: 3632
[    0.723054] rcu: Hierarchical SRCU implementation.
[    0.723369] rcu: 	Max phase no-delay instances is 1000.
[    0.727201] NMI watchdog: Perf NMI watchdog permanently disabled
[    0.727956] smp: Bringing up secondary CPUs ...
[    0.729345] smpboot: x86: Booting SMP configuration:
[    0.729744] .... node  #0, CPUs:      #1
[    0.729882] Callback from call_rcu_tasks_trace() invoked.
[    0.730594] smp: Brought up 1 node, 2 CPUs
[    0.730594] smpboot: Total of 2 processors activated (7526.40 BogoMIPS)
[    0.738322] devtmpfs: initialized
[    0.738322] x86/mm: Memory block size: 128MB
[    0.748061] Running RCU synchronous self tests
[    0.748992] Running RCU synchronous self tests
[    0.749325] clocksource: jiffies: mask: 0xffffffff max_cycles: 0xffffffff, max_idle_ns: 7645041785100000 ns
[    0.749940] futex hash table entries: 512 (order: 4, 65536 bytes, linear)
[    0.750898] pinctrl core: initialized pinctrl subsystem
[    0.752094] 
[    0.752218] *************************************************************
[    0.752657] **     NOTICE NOTICE NOTICE NOTICE NOTICE NOTICE NOTICE    **
[    0.752963] **                                                         **
[    0.753399] **  IOMMU DebugFS SUPPORT HAS BEEN ENABLED IN THIS KERNEL  **
[    0.753832] **                                                         **
[    0.754278] ** This means that this kernel is built to expose internal **
[    0.754751] ** IOMMU data structures, which may compromise security on **
[    0.755202] ** your system.                                            **
[    0.755654] **                                                         **
[    0.756118] ** If you see this message and you are not debugging the   **
[    0.756586] ** kernel, report this immediately to your vendor!         **
[    0.756961] **                                                         **
[    0.757419] **     NOTICE NOTICE NOTICE NOTICE NOTICE NOTICE NOTICE    **
[    0.757876] *************************************************************
[    0.758416] PM: RTC time: 02:11:37, date: 2024-04-09
[    0.762950] NET: Registered PF_NETLINK/PF_ROUTE protocol family
[    0.764923] DMA: preallocated 256 KiB GFP_KERNEL pool for atomic allocations
[    0.765009] DMA: preallocated 256 KiB GFP_KERNEL|GFP_DMA pool for atomic allocations
[    0.765562] DMA: preallocated 256 KiB GFP_KERNEL|GFP_DMA32 pool for atomic allocations
[    0.766225] audit: initializing netlink subsys (disabled)
[    0.766662] audit: type=2000 audit(1712628698.379:1): state=initialized audit_enabled=0 res=1
[    0.769367] thermal_sys: Registered thermal governor 'fair_share'
[    0.769378] thermal_sys: Registered thermal governor 'bang_bang'
[    0.769840] thermal_sys: Registered thermal governor 'step_wise'
[    0.770243] thermal_sys: Registered thermal governor 'user_space'
[    0.770732] cpuidle: using governor ladder
[    0.770732] cpuidle: using governor menu
[    0.770732] acpiphp: ACPI Hot Plug PCI Controller Driver version: 0.5
[    0.773723] PCI: Using configuration type 1 for base access
[    0.774470] kprobes: kprobe jump-optimization is enabled. All kprobes are optimized if possible.
[    0.870160] Callback from call_rcu_tasks_rude() invoked.
[    0.871369] HugeTLB: registered 1.00 GiB page size, pre-allocated 0 pages
[    0.871888] HugeTLB: 16380 KiB vmemmap can be freed for a 1.00 GiB page
[    0.872346] HugeTLB: registered 2.00 MiB page size, pre-allocated 0 pages
[    0.872817] HugeTLB: 28 KiB vmemmap can be freed for a 2.00 MiB page
[    0.877387] ACPI: Added _OSI(Module Device)
[    0.877740] ACPI: Added _OSI(Processor Device)
[    0.878054] ACPI: Added _OSI(3.0 _SCP Extensions)
[    0.878383] ACPI: Added _OSI(Processor Aggregator Device)
[    0.903175] ACPI: 1 ACPI AML tables successfully acquired and loaded
[    0.907885] ACPI: _OSC evaluation for CPUs failed, trying _PDC
[    0.911216] ACPI: Interpreter enabled
[    0.911623] ACPI: PM: (supports S0 S3 S4 S5)
[    0.911900] ACPI: Using IOAPIC for interrupt routing
[    0.912353] PCI: Using host bridge windows from ACPI; if necessary, use "pci=nocrs" and report a bug
[    0.912931] PCI: Using E820 reservations for host bridge windows
[    0.914552] ACPI: Enabled 2 GPEs in block 00 to 0F
[    0.970574] ACPI: PCI Root Bridge [PCI0] (domain 0000 [bus 00-ff])
[    0.971098] acpi PNP0A03:00: _OSC: OS supports [ASPM ClockPM Segments MSI EDR HPX-Type3]
[    0.971661] acpi PNP0A03:00: _OSC: not requesting OS control; OS requires [ExtendedConfig ASPM ClockPM MSI]
[    0.972613] acpi PNP0A03:00: fail to add MMCONFIG information, can't access extended configuration space under this bridge
[    0.979894] acpiphp: Slot [3] registered
[    0.980432] acpiphp: Slot [4] registered
[    0.980904] acpiphp: Slot [5] registered
[    0.981168] acpiphp: Slot [6] registered
[    0.981646] acpiphp: Slot [7] registered
[    0.982137] acpiphp: Slot [8] registered
[    0.982603] acpiphp: Slot [9] registered
[    0.983074] acpiphp: Slot [10] registered
[    0.983545] acpiphp: Slot [11] registered
[    0.984060] acpiphp: Slot [12] registered
[    0.984548] acpiphp: Slot [13] registered
[    0.985028] acpiphp: Slot [14] registered
[    0.985529] acpiphp: Slot [15] registered
[    0.986060] acpiphp: Slot [16] registered
[    0.986539] acpiphp: Slot [17] registered
[    0.987021] acpiphp: Slot [18] registered
[    0.987516] acpiphp: Slot [19] registered
[    0.988042] acpiphp: Slot [20] registered
[    0.988544] acpiphp: Slot [21] registered
[    0.989048] acpiphp: Slot [22] registered
[    0.989549] acpiphp: Slot [23] registered
[    0.990079] acpiphp: Slot [24] registered
[    0.990576] acpiphp: Slot [25] registered
[    0.991084] acpiphp: Slot [26] registered
[    0.991672] acpiphp: Slot [27] registered
[    0.992226] acpiphp: Slot [28] registered
[    0.992733] acpiphp: Slot [29] registered
[    0.993159] acpiphp: Slot [30] registered
[    0.993649] acpiphp: Slot [31] registered
[    0.994082] PCI host bridge to bus 0000:00
[    0.994400] pci_bus 0000:00: root bus resource [io  0x0000-0x0cf7 window]
[    0.994889] pci_bus 0000:00: root bus resource [io  0x0d00-0xffff window]
[    0.995367] pci_bus 0000:00: root bus resource [mem 0x000a0000-0x000bffff window]
[    0.995898] pci_bus 0000:00: root bus resource [mem 0x80000000-0xfebfffff window]
[    0.996424] pci_bus 0000:00: root bus resource [mem 0x100000000-0x17fffffff window]
[    0.996965] pci_bus 0000:00: root bus resource [bus 00-ff]
[    0.997688] pci 0000:00:00.0: [8086:1237] type 00 class 0x060000 conventional PCI endpoint
[    1.015659] pci 0000:00:01.0: [8086:7000] type 00 class 0x060100 conventional PCI endpoint
[    1.018071] pci 0000:00:01.1: [8086:7010] type 00 class 0x010180 conventional PCI endpoint
[    1.019658] pci 0000:00:01.1: BAR 4 [io  0xc040-0xc04f]
[    1.020504] pci 0000:00:01.1: BAR 0 [io  0x01f0-0x01f7]: legacy IDE quirk
[    1.020943] pci 0000:00:01.1: BAR 1 [io  0x03f6]: legacy IDE quirk
[    1.020962] pci 0000:00:01.1: BAR 2 [io  0x0170-0x0177]: legacy IDE quirk
[    1.021391] pci 0000:00:01.1: BAR 3 [io  0x0376]: legacy IDE quirk
[    1.022384] pci 0000:00:01.3: [8086:7113] type 00 class 0x068000 conventional PCI endpoint
[    1.023202] pci 0000:00:01.3: quirk: [io  0x0600-0x063f] claimed by PIIX4 ACPI
[    1.023664] pci 0000:00:01.3: quirk: [io  0x0700-0x070f] claimed by PIIX4 SMB
[    1.024628] pci 0000:00:02.0: [1234:1111] type 00 class 0x030000 conventional PCI endpoint
[    1.029329] pci 0000:00:02.0: BAR 0 [mem 0xfd000000-0xfdffffff pref]
[    1.031220] pci 0000:00:02.0: BAR 2 [mem 0xfebf0000-0xfebf0fff]
[    1.034561] pci 0000:00:02.0: ROM [mem 0xfebe0000-0xfebeffff pref]
[    1.035306] pci 0000:00:02.0: Video device with shadowed ROM at [mem 0x000c0000-0x000dffff]
[    1.053552] pci 0000:00:03.0: [8086:100e] type 00 class 0x020000 conventional PCI endpoint
[    1.054858] pci 0000:00:03.0: BAR 0 [mem 0xfebc0000-0xfebdffff]
[    1.055869] pci 0000:00:03.0: BAR 1 [io  0xc000-0xc03f]
[    1.058975] pci 0000:00:03.0: ROM [mem 0xfeb80000-0xfebbffff pref]
[    1.088067] ACPI: PCI: Interrupt link LNKA configured for IRQ 10
[    1.090224] ACPI: PCI: Interrupt link LNKB configured for IRQ 10
[    1.092202] ACPI: PCI: Interrupt link LNKC configured for IRQ 11
[    1.094188] ACPI: PCI: Interrupt link LNKD configured for IRQ 11
[    1.095249] ACPI: PCI: Interrupt link LNKS configured for IRQ 9
[    1.100331] iommu: Default domain type: Translated
[    1.100740] iommu: DMA domain TLB invalidation policy: lazy mode
[    1.104304] SCSI subsystem initialized
[    1.105394] ACPI: bus type USB registered
[    1.105979] usbcore: registered new interface driver usbfs
[    1.106480] usbcore: registered new interface driver hub
[    1.106980] usbcore: registered new device driver usb
[    1.107718] pps_core: LinuxPPS API ver. 1 registered
[    1.108069] pps_core: Software ver. 5.3.6 - Copyright 2005-2007 Rodolfo Giometti <giometti@linux.it>
[    1.108749] PTP clock support registered
[    1.109569] EDAC MC: Ver: 3.0.0
[    1.114254] NetLabel: Initializing
[    1.114551] NetLabel:  domain hash size = 128
[    1.114857] NetLabel:  protocols = UNLABELED CIPSOv4 CALIPSO
[    1.115487] NetLabel:  unlabeled traffic allowed by default
[    1.116747] PCI: Using ACPI for IRQ routing
[    1.117430] pci 0000:00:02.0: vgaarb: setting as boot VGA device
[    1.117869] pci 0000:00:02.0: vgaarb: bridge control possible
[    1.118268] pci 0000:00:02.0: vgaarb: VGA device added: decodes=io+mem,owns=io+mem,locks=none
[    1.118857] vgaarb: loaded
[    1.120083] hpet0: at MMIO 0xfed00000, IRQs 2, 8, 0
[    1.120459] hpet0: 3 comparators, 64-bit 100.000000 MHz counter
[    1.127437] clocksource: Switched to clocksource kvm-clock
[    1.128951] VFS: Disk quotas dquot_6.6.0
[    1.130775] VFS: Dquot-cache hash table entries: 512 (order 0, 4096 bytes)
[    1.132215] pnp: PnP ACPI init
[    1.137956] pnp: PnP ACPI: found 6 devices
[    1.159680] clocksource: acpi_pm: mask: 0xffffff max_cycles: 0xffffff, max_idle_ns: 2085701024 ns
[    1.160987] NET: Registered PF_INET protocol family
[    1.162273] IP idents hash table entries: 32768 (order: 6, 262144 bytes, linear)
[    1.164537] tcp_listen_portaddr_hash hash table entries: 1024 (order: 4, 73728 bytes, linear)
[    1.165225] Table-perturb hash table entries: 65536 (order: 6, 262144 bytes, linear)
[    1.165821] TCP established hash table entries: 16384 (order: 5, 131072 bytes, linear)
[    1.166856] TCP bind hash table entries: 16384 (order: 9, 2359296 bytes, linear)
[    1.169574] TCP: Hash tables configured (established 16384 bind 16384)
[    1.170319] UDP hash table entries: 1024 (order: 5, 163840 bytes, linear)
[    1.170878] UDP-Lite hash table entries: 1024 (order: 5, 163840 bytes, linear)
[    1.171784] NET: Registered PF_UNIX/PF_LOCAL protocol family
[    1.173253] RPC: Registered named UNIX socket transport module.
[    1.173661] RPC: Registered udp transport module.
[    1.173960] RPC: Registered tcp transport module.
[    1.174258] RPC: Registered tcp-with-tls transport module.
[    1.174631] RPC: Registered tcp NFSv4.1 backchannel transport module.
[    1.175110] pci_bus 0000:00: resource 4 [io  0x0000-0x0cf7 window]
[    1.175508] pci_bus 0000:00: resource 5 [io  0x0d00-0xffff window]
[    1.175909] pci_bus 0000:00: resource 6 [mem 0x000a0000-0x000bffff window]
[    1.176351] pci_bus 0000:00: resource 7 [mem 0x80000000-0xfebfffff window]
[    1.176788] pci_bus 0000:00: resource 8 [mem 0x100000000-0x17fffffff window]
[    1.177681] pci 0000:00:01.0: PIIX3: Enabling Passive Release
[    1.178073] pci 0000:00:00.0: Limiting direct PCI/PCI transfers
[    1.178545] PCI: CLS 0 bytes, default 64
[    1.179576] ACPI: bus type thunderbolt registered
[    1.180314] clocksource: tsc: mask: 0xffffffffffffffff max_cycles: 0x363e8c91135, max_idle_ns: 881590568389 ns
[    2.489536] Initialise system trusted keyrings
[    2.490261] Key type blacklist registered
[    2.491005] workingset: timestamp_bits=36 max_order=19 bucket_order=0
[    2.491583] zbud: loaded
[    2.494171] squashfs: version 4.0 (2009/01/31) Phillip Lougher
[    2.496699] NFS: Registering the id_resolver key type
[    2.497114] Key type id_resolver registered
[    2.497413] Key type id_legacy registered
[    2.497776] nfs4filelayout_init: NFSv4 File Layout Driver Registering...
[    2.498308] nfs4flexfilelayout_init: NFSv4 Flexfile Layout Driver Registering...
[    2.499271] fuse: init (API version 7.39)
[    2.500280] SGI XFS with ACLs, security attributes, realtime, quota, no debug enabled
[    2.502451] 9p: Installing v9fs 9p2000 file system support
[    2.510778] Key type asymmetric registered
[    2.511131] Asymmetric key parser 'x509' registered
[    2.511721] Block layer SCSI generic (bsg) driver version 0.4 loaded (major 243)
[    2.512705] io scheduler mq-deadline registered
[    2.513149] io scheduler bfq registered
[    2.514634] shpchp: Standard Hot Plug PCI Controller Driver version: 0.4
[    2.516055] IPMI message handler: version 39.2
[    2.516470] ipmi device interface
[    2.519081] input: Power Button as /devices/LNXSYSTM:00/LNXPWRBN:00/input/input0
[    2.520185] ACPI: button: Power Button [PWRF]
[    2.522376] ERST DBG: ERST support is disabled.
[    2.524788] Serial: 8250/16550 driver, 32 ports, IRQ sharing enabled
[    2.526647] 00:04: ttyS0 at I/O 0x3f8 (irq = 4, base_baud = 115200) is a 16550A
[    2.550773] Callback from call_rcu_tasks() invoked.
[    2.563229] Linux agpgart interface v0.103
[    2.566042] ACPI: bus type drm_connector registered
[    2.594184] brd: module loaded
[    2.615245] loop: module loaded
[    2.626913] scsi host0: ata_piix
[    2.628989] scsi host1: ata_piix
[    2.630386] ata1: PATA max MWDMA2 cmd 0x1f0 ctl 0x3f6 bmdma 0xc040 irq 14 lpm-pol 0
[    2.630983] ata2: PATA max MWDMA2 cmd 0x170 ctl 0x376 bmdma 0xc048 irq 15 lpm-pol 0
[    2.634097] tun: Universal TUN/TAP device driver, 1.6
[    2.635072] e100: Intel(R) PRO/100 Network Driver
[    2.635441] e100: Copyright(c) 1999-2006 Intel Corporation
[    2.635956] e1000: Intel(R) PRO/1000 Network Driver
[    2.636313] e1000: Copyright (c) 1999-2006 Intel Corporation.
[    2.790823] ata2: found unknown device (class 0)
[    2.792009] ata1: found unknown device (class 0)
[    2.793196] ata1.00: ATA-7: QEMU HARDDISK, 2.5+, max UDMA/100
[    2.793881] ata1.00: 17196647 sectors, multi 16: LBA48 
[    2.795139] ata2.00: ATAPI: QEMU DVD-ROM, 2.5+, max UDMA/100
[    2.797933] scsi 0:0:0:0: Direct-Access     ATA      QEMU HARDDISK    2.5+ PQ: 0 ANSI: 5
[    2.801032] sd 0:0:0:0: Attached scsi generic sg0 type 0
[    2.801757] sd 0:0:0:0: [sda] 17196647 512-byte logical blocks: (8.80 GB/8.20 GiB)
[    2.820302] sd 0:0:0:0: [sda] Write Protect is off
[    2.820815] sd 0:0:0:0: [sda] Write cache: enabled, read cache: enabled, doesn't support DPO or FUA
[    2.821468] sd 0:0:0:0: [sda] Preferred minimum I/O size 512 bytes
[    2.826822] sd 0:0:0:0: [sda] Attached SCSI disk
[    2.827545] scsi 1:0:0:0: CD-ROM            QEMU     QEMU DVD-ROM     2.5+ PQ: 0 ANSI: 5
[    2.852232] scsi 1:0:0:0: Attached scsi generic sg1 type 5
[    4.169684] ACPI: \_SB_.LNKC: Enabled at IRQ 11
[    4.498678] e1000 0000:00:03.0 eth0: (PCI:33MHz:32-bit) 52:54:00:12:34:56
[    4.499285] e1000 0000:00:03.0 eth0: Intel(R) PRO/1000 Network Connection
[    4.499949] e1000e: Intel(R) PRO/1000 Network Driver
[    4.500282] e1000e: Copyright(c) 1999 - 2015 Intel Corporation.
[    4.500777] igb: Intel(R) Gigabit Ethernet Network Driver
[    4.501136] igb: Copyright (c) 2007-2014 Intel Corporation.
[    4.501766] PPP generic driver version 2.4.2
[    4.504238] VFIO - User Level meta-driver version: 0.3
[    4.506699] usbcore: registered new interface driver uas
[    4.507158] usbcore: registered new interface driver usb-storage
[    4.507906] i8042: PNP: PS/2 Controller [PNP0303:KBD,PNP0f13:MOU] at 0x60,0x64 irq 1,12
[    4.509639] serio: i8042 KBD port at 0x60,0x64 irq 1
[    4.510062] serio: i8042 AUX port at 0x60,0x64 irq 12
[    4.512306] mousedev: PS/2 mouse device common for all mice
[    4.514297] input: AT Translated Set 2 keyboard as /devices/platform/i8042/serio0/input/input1
[    4.515740] rtc_cmos 00:05: RTC can wake from S4
[    4.518391] rtc_cmos 00:05: registered as rtc0
[    4.518870] rtc_cmos 00:05: setting system clock to 2024-04-09T02:11:41 UTC (1712628701)
[    4.519911] rtc_cmos 00:05: alarms up to one day, y3k, 242 bytes nvram, hpet irqs
[    4.520565] i2c_dev: i2c /dev entries driver
[    4.521003] device-mapper: core: CONFIG_IMA_DISABLE_HTABLE is disabled. Duplicate IMA measurements will not be recorded in the IMA log.
[    4.521851] device-mapper: uevent: version 1.0.3
[    4.523017] device-mapper: ioctl: 4.48.0-ioctl (2023-03-01) initialised: dm-devel@redhat.com
[    4.523632] intel_pstate: CPU model not supported
[    4.524929] input: VirtualPS/2 VMware VMMouse as /devices/platform/i8042/serio1/input/input4
[    4.525957] sdhci: Secure Digital Host Controller Interface driver
[    4.526385] sdhci: Copyright(c) Pierre Ossman
[    4.526880] sdhci-pltfm: SDHCI platform and OF driver helper
[    4.527482] ledtrig-cpu: registered to indicate activity on CPUs
[    4.528997] input: VirtualPS/2 VMware VMMouse as /devices/platform/i8042/serio1/input/input3
[    4.529814] drop_monitor: Initializing network drop monitor service
[    4.531646] NET: Registered PF_INET6 protocol family
[    4.539421] Segment Routing with IPv6
[    4.540223] In-situ OAM (IOAM) with IPv6
[    4.540955] NET: Registered PF_PACKET protocol family
[    4.542039] 9pnet: Installing 9P2000 support
[    4.542562] Key type dns_resolver registered
[    4.545826] IPI shorthand broadcast: enabled
[    4.595629] sched_clock: Marking stable (4580012592, 14400261)->(4625974616, -31561763)
[    4.597231] Timer migration: 1 hierarchy levels; 8 children per group; 1 crossnode level
[    4.598698] registered taskstats version 1
[    4.599951] Loading compiled-in X.509 certificates
[    4.653947] Key type .fscrypt registered
[    4.654338] Key type fscrypt-provisioning registered
[    4.658303] Key type encrypted registered
[    4.658794] ima: No TPM chip found, activating TPM-bypass!
[    4.659243] ima: Allocated hash algorithm: sha1
[    4.659736] ima: No architecture policies found
[    4.660287] evm: Initialising EVM extended attributes:
[    4.660695] evm: security.selinux
[    4.660960] evm: security.SMACK64
[    4.661222] evm: security.SMACK64EXEC
[    4.661505] evm: security.SMACK64TRANSMUTE
[    4.661822] evm: security.SMACK64MMAP
[    4.662112] evm: security.apparmor
[    4.662379] evm: security.ima
[    4.662641] evm: security.capability
[    4.662926] evm: HMAC attrs: 0x1
[    4.667039] PM:   Magic number: 4:488:156
[    4.667458] bdi 1:8: hash matches
[    4.668962] RAS: Correctable Errors collector initialized.
[    4.670104] clk: Disabling unused clocks
[    4.671959] md: Waiting for all devices to be available before autodetect
[    4.672377] md: If you don't use raid, use raid=noautodetect
[    4.672727] md: Autodetecting RAID arrays.
[    4.673000] md: autorun ...
[    4.673185] md: ... autorun DONE.
[    4.686882] EXT4-fs (sda): INFO: recovery required on readonly filesystem
[    4.687353] EXT4-fs (sda): write access will be enabled during recovery
[    4.923721] EXT4-fs (sda): recovery complete
[    4.927412] EXT4-fs (sda): mounted filesystem 088740a9-c8b4-422c-999d-a804eb68a4da ro with ordered data mode. Quota mode: none.
[    4.928310] VFS: Mounted root (ext4 filesystem) readonly on device 8:0.
[    4.932431] devtmpfs: mounted
[    4.955453] Freeing unused decrypted memory: 2028K
[    4.962810] Freeing unused kernel image (initmem) memory: 15080K
[    4.963344] Write protecting the kernel read-only data: 94208k
[    4.966205] Freeing unused kernel image (rodata/data gap) memory: 1620K
[    5.031231] x86/mm: Checked W+X mappings: passed, no W+X pages found.
[    5.031839] Run /sbin/init as init process
[    5.294433] systemd[1]: systemd 252-15.el9 running in system mode (+PAM +AUDIT +SELINUX -APPARMOR +IMA +SMACK +SECCOMP +GCRYPT +GNUTLS +OPENSSL +ACL +BLKID +CURL +ELFUTILS -FIDO2 +IDN2 -IDN -IPTC +KMOD +LIBCRYPTSETUP +LIBFDISK +PCRE2 -PWQUALITY +P11KIT -QRENCODE +TPM2 +BZIP2 +LZ4 +XZ +ZLIB +ZSTD -BPF_FRAMEWORK +XKBCOMMON +UTMP +SYSVINIT default-hierarchy=unified)
[    5.296410] systemd[1]: Detected virtualization kvm.
[    5.296735] systemd[1]: Detected architecture x86-64.

Welcome to [0;31mCentOS Stream 9[0m!

[    5.305060] systemd[1]: Hostname set to <test>.
[    5.658608] systemd-rc-local-generator[124]: /etc/rc.d/rc.local is not marked executable, skipping.
[    6.162948] systemd[1]: Queued start job for default target Multi-User System.
[    6.206560] systemd[1]: Created slice Virtual Machine and Container Slice.
[[0;32m  OK  [0m] Created slice [0;1;39mVirtual Machine and Container Slice[0m.
[    6.212513] systemd[1]: Created slice Slice /system/getty.
[[0;32m  OK  [0m] Created slice [0;1;39mSlice /system/getty[0m.
[    6.215853] systemd[1]: Created slice Slice /system/modprobe.
[[0;32m  OK  [0m] Created slice [0;1;39mSlice /system/modprobe[0m.
[    6.219069] systemd[1]: Created slice Slice /system/serial-getty.
[[0;32m  OK  [0m] Created slice [0;1;39mSlice /system/serial-getty[0m.
[    6.222312] systemd[1]: Created slice Slice /system/sshd-keygen.
[[0;32m  OK  [0m] Created slice [0;1;39mSlice /system/sshd-keygen[0m.
[    6.225619] systemd[1]: Created slice User and Session Slice.
[[0;32m  OK  [0m] Created slice [0;1;39mUser and Session Slice[0m.
[    6.227120] systemd[1]: Started Forward Password Requests to Wall Directory Watch.
[[0;32m  OK  [0m] Started [0;1;39mForward Password R…uests to Wall Directory Watch[0m.
[    6.229606] systemd[1]: Set up automount Arbitrary Executable File Formats File System Automount Point.
[[0;32m  OK  [0m] Set up automount [0;1;39mArbitrary…s File System Automount Point[0m.
[    6.231045] systemd[1]: Reached target Local Integrity Protected Volumes.
[[0;32m  OK  [0m] Reached target [0;1;39mLocal Integrity Protected Volumes[0m.
[    6.232230] systemd[1]: Reached target Slice Units.
[[0;32m  OK  [0m] Reached target [0;1;39mSlice Units[0m.
[    6.233106] systemd[1]: Reached target Swaps.
[[0;32m  OK  [0m] Reached target [0;1;39mSwaps[0m.
[    6.233907] systemd[1]: Reached target Local Verity Protected Volumes.
[[0;32m  OK  [0m] Reached target [0;1;39mLocal Verity Protected Volumes[0m.
[    6.235505] systemd[1]: Listening on Device-mapper event daemon FIFOs.
[[0;32m  OK  [0m] Listening on [0;1;39mDevice-mapper event daemon FIFOs[0m.
[    6.237630] systemd[1]: Listening on LVM2 poll daemon socket.
[[0;32m  OK  [0m] Listening on [0;1;39mLVM2 poll daemon socket[0m.
[    6.239008] systemd[1]: multipathd control socket was skipped because of an unmet condition check (ConditionPathExists=/etc/multipath.conf).
[    6.299486] systemd[1]: Listening on RPCbind Server Activation Socket.
[[0;32m  OK  [0m] Listening on [0;1;39mRPCbind Server Activation Socket[0m.
[    6.300811] systemd[1]: Reached target RPC Port Mapper.
[[0;32m  OK  [0m] Reached target [0;1;39mRPC Port Mapper[0m.
[    6.304296] systemd[1]: Listening on Process Core Dump Socket.
[[0;32m  OK  [0m] Listening on [0;1;39mProcess Core Dump Socket[0m.
[    6.305770] systemd[1]: Listening on initctl Compatibility Named Pipe.
[[0;32m  OK  [0m] Listening on [0;1;39minitctl Compatibility Named Pipe[0m.
[    6.307515] systemd[1]: Listening on Journal Socket (/dev/log).
[[0;32m  OK  [0m] Listening on [0;1;39mJournal Socket (/dev/log)[0m.
[    6.309161] systemd[1]: Listening on Journal Socket.
[[0;32m  OK  [0m] Listening on [0;1;39mJournal Socket[0m.
[    6.310866] systemd[1]: Listening on udev Control Socket.
[[0;32m  OK  [0m] Listening on [0;1;39mudev Control Socket[0m.
[    6.312227] systemd[1]: Listening on udev Kernel Socket.
[[0;32m  OK  [0m] Listening on [0;1;39mudev Kernel Socket[0m.
[    6.321647] systemd[1]: Mounting Huge Pages File System...
         Mounting [0;1;39mHuge Pages File System[0m...
[    6.331978] systemd[1]: Mounting POSIX Message Queue File System...
         Mounting [0;1;39mPOSIX Message Queue File System[0m...
[    6.343770] systemd[1]: Mounting Kernel Debug File System...
         Mounting [0;1;39mKernel Debug File System[0m...
[    6.355022] systemd[1]: Mounting Kernel Trace File System...
         Mounting [0;1;39mKernel Trace File System[0m...
[    6.358912] systemd[1]: Kernel Module supporting RPCSEC_GSS was skipped because of an unmet condition check (ConditionPathExists=/etc/krb5.keytab).
[    6.359828] systemd[1]: Create List of Static Device Nodes was skipped because of an unmet condition check (ConditionFileNotEmpty=/lib/modules/6.8.0-6b9c2950c912+/modules.devname).
[    6.369020] systemd[1]: Starting Monitoring of LVM2 mirrors, snapshots etc. using dmeventd or progress polling...
         Starting [0;1;39mMonitoring of LVM…meventd or progress polling[0m...
[    6.379164] systemd[1]: Starting Load Kernel Module configfs...
         Starting [0;1;39mLoad Kernel Module configfs[0m...
[    6.390335] systemd[1]: Starting Load Kernel Module drm...
         Starting [0;1;39mLoad Kernel Module drm[0m...
[    6.407709] systemd[1]: Starting Load Kernel Module fuse...
         Starting [0;1;39mLoad Kernel Module fuse[0m...
[    6.467292] systemd[1]: Starting Read and set NIS domainname from /etc/sysconfig/network...
         Starting [0;1;39mRead and set NIS …from /etc/sysconfig/network[0m...
[    6.495773] systemd[1]: Starting Journal Service...
         Starting [0;1;39mJournal Service[0m...
[    6.525586] systemd[1]: Starting Load Kernel Modules...
         Starting [0;1;39mLoad Kernel Modules[0m...
[    6.543847] systemd[1]: Starting Generate network units from Kernel command line...
         Starting [0;1;39mGenerate network …ts from Kernel command line[0m...
[    6.571279] systemd[1]: Starting Remount Root and Kernel File Systems...
         Starting [0;1;39mRemount Root and Kernel File Systems[0m...
[    6.575950] systemd[1]: Repartition Root Disk was skipped because no trigger condition checks were met.
[    6.590628] systemd[1]: Starting Coldplug All udev Devices...
         Starting [0;1;39mColdplug All udev Devices[0m...
[    6.621679] systemd[1]: Mounted Huge Pages File System.
[[0;32m  OK  [0m] Mounted [0;1;39mHuge Pages File System[0m.
[    6.628259] systemd[1]: Mounted POSIX Message Queue File System.
[[0;32m  OK  [0m] Mounted [0;1;39mPOSIX Message Queue File System[0m.
[    6.631399] systemd[1]: Mounted Kernel Debug File System.
[[0;32m  OK  [0m] Mounted [0;1;39mKernel Debug File System[0m.
[    6.635945] systemd[1]: Mounted Kernel Trace File System.
[[0;32m  OK  [0m] Mounted [0;1;39mKernel Trace File System[0m.
[    6.641435] systemd[1]: Finished Monitoring of LVM2 mirrors, snapshots etc. using dmeventd or progress polling.
[[0;32m  OK  [0m] Finished [0;1;39mMonitoring of LVM… dmeventd or progress polling[0m.
[    6.649367] systemd[1]: modprobe@configfs.service: Deactivated successfully.
[    6.655102] systemd[1]: Finished Load Kernel Module configfs.
[[0;32m  OK  [0m] Finished [0;1;39mLoad Kernel Module configfs[0m.
[    6.660389] systemd[1]: modprobe@drm.service: Deactivated successfully.
[    6.662260] systemd[1]: Finished Load Kernel Module drm.
[[0;32m  OK  [0m] Finished [0;1;39mLoad Kernel Module drm[0m.
[    6.673644] systemd[1]: modprobe@fuse.service: Deactivated successfully.
[    6.678752] systemd[1]: Finished Load Kernel Module fuse.
[[0;32m  OK  [0m] Finished [0;1;39mLoad Kernel Module fuse[0m.
[    6.681926] systemd[1]: Finished Read and set NIS domainname from /etc/sysconfig/network.
[[0;32m  OK  [0m] Finished [0;1;39mRead and set NIS …e from /etc/sysconfig/network[0m.
[    6.689583] systemd[1]: systemd-modules-load.service: Main process exited, code=exited, status=1/FAILURE
[    6.691182] systemd[1]: systemd-modules-load.service: Failed with result 'exit-code'.
[    6.698534] systemd[1]: Failed to start Load Kernel Modules.
[[0;1;31mFAILED[0m] Failed to start [0;1;39mLoad Kernel Modules[0m.
See 'systemctl status systemd-modules-load.service' for details.
[    6.705300] systemd[1]: Finished Generate network units from Kernel command line.
[[0;32m  OK  [0m] Finished [0;1;39mGenerate network units from Kernel command line[0m.
[    6.712619] systemd[1]: Reached target Preparation for Network.
[[0;32m  OK  [0m] Reached target [0;1;39mPreparation for Network[0m.
[    6.746510] EXT4-fs (sda): re-mounted 088740a9-c8b4-422c-999d-a804eb68a4da r/w. Quota mode: none.
[    6.771156] systemd[1]: Mounting FUSE Control File System...
         Mounting [0;1;39mFUSE Control File System[0m...
[    6.799439] systemd[1]: Mounting Kernel Configuration File System...
         Mounting [0;1;39mKernel Configuration File System[0m...
[    6.823099] systemd[1]: Starting Apply Kernel Variables...
         Starting [0;1;39mApply Kernel Variables[0m...
[    6.840178] systemd[1]: Started Journal Service.
[[0;32m  OK  [0m] Started [0;1;39mJournal Service[0m.
[[0;32m  OK  [0m] Finished [0;1;39mRemount Root and Kernel File Systems[0m.
[[0;32m  OK  [0m] Mounted [0;1;39mFUSE Control File System[0m.
[[0;32m  OK  [0m] Mounted [0;1;39mKernel Configuration File System[0m.
         Starting [0;1;39mFlush Journal to Persistent Storage[0m...
         Starting [0;1;39mLoad/Save Random Seed[0m...
         Starting [0;1;39mCreate Static Device Nodes in /dev[0m...
[    7.020048] systemd-journald[146]: Received client request to flush runtime journal.
         Starting [0;1;39mSetup Virtual Console[0m...
[[0;32m  OK  [0m] Finished [0;1;39mApply Kernel Variables[0m.
[[0;32m  OK  [0m] Finished [0;1;39mFlush Journal to Persistent Storage[0m.
[[0;32m  OK  [0m] Finished [0;1;39mLoad/Save Random Seed[0m.
[[0;32m  OK  [0m] Finished [0;1;39mCreate Static Device Nodes in /dev[0m.
         Starting [0;1;39mRule-based Manage…for Device Events and Files[0m...
[[0;32m  OK  [0m] Started [0;1;39mRule-based Manager for Device Events and Files[0m.
         Starting [0;1;39mAuto-connect to s…E devices found during boot[0m...
[[0;32m  OK  [0m] Finished [0;1;39mSetup Virtual Console[0m.
[[0;32m  OK  [0m] Finished [0;1;39mColdplug All udev Devices[0m.
[[0;32m  OK  [0m] Finished [0;1;39mAuto-connect to s…VME devices found during boot[0m.
[[0;32m  OK  [0m] Started [0;1;39mDispatch Password …ts to Console Directory Watch[0m.
[[0;32m  OK  [0m] Reached target [0;1;39mLocal Encrypted Volumes[0m.
[[0;32m  OK  [0m] Reached target [0;1;39mPath Units[0m.
         Starting [0;1;39mWait for udev To …plete Device Initialization[0m...
[[0;32m  OK  [0m] Found device [0;1;39m/dev/ttyS0[0m.
[[0;32m  OK  [0m] Listening on [0;1;39mLoad/Save RF …itch Status /dev/rfkill Watch[0m.
[[0;32m  OK  [0m] Finished [0;1;39mWait for udev To Complete Device Initialization[0m.
[[0;32m  OK  [0m] Reached target [0;1;39mPreparation for Local File Systems[0m.
[[0;32m  OK  [0m] Reached target [0;1;39mLocal File Systems[0m.
         Starting [0;1;39mTell Plymouth To Write Out Runtime Data[0m...
         Starting [0;1;39mAutomatic Boot Loader Update[0m...
         Starting [0;1;39mCreate Volatile Files and Directories[0m...
[[0;32m  OK  [0m] Finished [0;1;39mTell Plymouth To Write Out Runtime Data[0m.
[[0;32m  OK  [0m] Finished [0;1;39mAutomatic Boot Loader Update[0m.
[[0;32m  OK  [0m] Finished [0;1;39mCreate Volatile Files and Directories[0m.
         Mounting [0;1;39mRPC Pipe File System[0m...
         Starting [0;1;39mSecurity Auditing Service[0m...
         Starting [0;1;39mRPC Bind[0m...
[[0;32m  OK  [0m] Mounted [0;1;39mRPC Pipe File System[0m.
[[0;32m  OK  [0m] Reached target [0;1;39mrpc_pipefs.target[0m.
[[0;32m  OK  [0m] Started [0;1;39mRPC Bind[0m.
[[0;32m  OK  [0m] Started [0;1;39mSecurity Auditing Service[0m.
         Starting [0;1;39mRecord System Boot/Shutdown in UTMP[0m...
[[0;32m  OK  [0m] Finished [0;1;39mRecord System Boot/Shutdown in UTMP[0m.
[[0;32m  OK  [0m] Reached target [0;1;39mSystem Initialization[0m.
[[0;32m  OK  [0m] Started [0;1;39mDaily rotation of log files[0m.
[[0;32m  OK  [0m] Started [0;1;39mUpdates mlocate database every day[0m.
[[0;32m  OK  [0m] Started [0;1;39mDaily Cleanup of Temporary Directories[0m.
[[0;32m  OK  [0m] Started [0;1;39mdaily update of the root trust anchor for DNSSEC[0m.
[[0;32m  OK  [0m] Reached target [0;1;39mTimer Units[0m.
[[0;32m  OK  [0m] Listening on [0;1;39mD-Bus System Message Bus Socket[0m.
[[0;32m  OK  [0m] Listening on [0;1;39mOpen-iSCSI iscsid Socket[0m.
[[0;32m  OK  [0m] Listening on [0;1;39mOpen-iSCSI iscsiuio Socket[0m.
[[0;32m  OK  [0m] Listening on [0;1;39mSSSD Kerberos…ache Manager responder socket[0m.
[[0;32m  OK  [0m] Listening on [0;1;39mLibvirt interface local socket[0m.
[[0;32m  OK  [0m] Listening on [0;1;39mVirtual machine lock manager socket[0m.
[[0;32m  OK  [0m] Listening on [0;1;39mVirtual machine log manager socket[0m.
[[0;32m  OK  [0m] Listening on [0;1;39mLibvirt network local socket[0m.
[[0;32m  OK  [0m] Listening on [0;1;39mLibvirt nodedev local socket[0m.
[[0;32m  OK  [0m] Listening on [0;1;39mLibvirt nwfilter local socket[0m.
[[0;32m  OK  [0m] Listening on [0;1;39mLibvirt proxy local socket[0m.
[[0;32m  OK  [0m] Listening on [0;1;39mLibvirt qemu local socket[0m.
[[0;32m  OK  [0m] Listening on [0;1;39mLibvirt qemu admin socket[0m.
[[0;32m  OK  [0m] Listening on [0;1;39mLibvirt qemu local read-only socket[0m.
[[0;32m  OK  [0m] Listening on [0;1;39mLibvirt secret local socket[0m.
[[0;32m  OK  [0m] Listening on [0;1;39mLibvirt storage local socket[0m.
[[0;32m  OK  [0m] Reached target [0;1;39mSocket Units[0m.
         Starting [0;1;39mD-Bus System Message Bus[0m...
[[0;32m  OK  [0m] Started [0;1;39mD-Bus System Message Bus[0m.
[[0;32m  OK  [0m] Reached target [0;1;39mBasic System[0m.
         Starting [0;1;39mNetwork Manager[0m...
         Starting [0;1;39mNTP client/server[0m...
         Starting [0;1;39mRestore /run/initramfs on shutdown[0m...
[[0;32m  OK  [0m] Started [0;1;39mirqbalance daemon[0m.
[[0;32m  OK  [0m] Started [0;1;39mlibstoragemgmt plug-in server daemon[0m.
[[0;32m  OK  [0m] Started [0;1;39mMachine Check Exception Logging Daemon[0m.
[[0;32m  OK  [0m] Reached target [0;1;39msshd-keygen.target[0m.
[[0;32m  OK  [0m] Reached target [0;1;39mUser and Group Name Lookups[0m.
         Starting [0;1;39mUser Login Management[0m...
         Starting [0;1;39mVirtual Machine a…tainer Registration Service[0m...
         Starting [0;1;39mupdate of the roo…NSSEC validation in unbound[0m...
         Starting [0;1;39mRotate log files[0m...
[[0;32m  OK  [0m] Started [0;1;39mUpdate a database for mlocate[0m.
[[0;32m  OK  [0m] Started [0;1;39mNTP client/server[0m.
[[0;32m  OK  [0m] Finished [0;1;39mRestore /run/initramfs on shutdown[0m.
[[0;32m  OK  [0m] Started [0;1;39mVirtual Machine an…ontainer Registration Service[0m.
         Starting [0;1;39mHostname Service[0m...
[[0;32m  OK  [0m] Started [0;1;39mUser Login Management[0m.
[[0;32m  OK  [0m] Finished [0;1;39mupdate of the roo… DNSSEC validation in unbound[0m.
[[0;32m  OK  [0m] Finished [0;1;39mRotate log files[0m.
[[0;32m  OK  [0m] Started [0;1;39mHostname Service[0m.
         Starting [0;1;39mNetwork Manager Script Dispatcher Service[0m...
[[0;32m  OK  [0m] Started [0;1;39mNetwork Manager Script Dispatcher Service[0m.
[   11.934738] e1000: eth0 NIC Link is Up 1000 Mbps Full Duplex, Flow Control: RX
[[0;32m  OK  [0m] Started [0;1;39mNetwork Manager[0m.
[[0;32m  OK  [0m] Reached target [0;1;39mNetwork[0m.
[[0;32m  OK  [0m] Reached target [0;1;39mNetwork is Online[0m.
         Starting [0;1;39mGSSAPI Proxy Daemon[0m...
         Starting [0;1;39mNotify NFS peers of a restart[0m...
         Starting [0;1;39mSystem Logging Service[0m...
         Starting [0;1;39mOpenSSH server daemon[0m...
         Starting [0;1;39mDynamic System Tuning Daemon[0m...
[[0;32m  OK  [0m] Started [0;1;39mGSSAPI Proxy Daemon[0m.
[[0;32m  OK  [0m] Started [0;1;39mNotify NFS peers of a restart[0m.
[[0;32m  OK  [0m] Reached target [0;1;39mNFS client services[0m.
[[0;32m  OK  [0m] Reached target [0;1;39mPreparation for Remote File Systems[0m.
[[0;32m  OK  [0m] Reached target [0;1;39mRemote File Systems[0m.
         Starting [0;1;39mPermit User Sessions[0m...
         Starting [0;1;39mVirtualization qemu daemon[0m...
[[0;32m  OK  [0m] Started [0;1;39mOpenSSH server daemon[0m.
[[0;32m  OK  [0m] Finished [0;1;39mPermit User Sessions[0m.
[[0;32m  OK  [0m] Started [0;1;39mDeferred execution scheduler[0m.
[[0;32m  OK  [0m] Started [0;1;39mCommand Scheduler[0m.
         Starting [0;1;39mHold until boot process finishes up[0m...
         Starting [0;1;39mTerminate Plymouth Boot Screen[0m...
[[0;32m  OK  [0m] Started [0;1;39mSystem Logging Service[0m.
[[0;32m  OK  [0m] Started [0;1;39mVirtualization qemu daemon[0m.
[[0;32m  OK  [0m] Finished [0;1;39mHold until boot process finishes up[0m.
[[0;32m  OK  [0m] Started [0;1;39mGetty on tty1[0m.
[[0;32m  OK  [0m] Started [0;1;39mSerial Getty on ttyS0[0m.
[[0;32m  OK  [0m] Reached target [0;1;39mLogin Prompts[0m.
[[0;32m  OK  [0m] Finished [0;1;39mTerminate Plymouth Boot Screen[0m.
         Starting [0;1;39mAuthorization Manager[0m...
[[0;32m  OK  [0m] Started [0;1;39mAuthorization Manager[0m.
[[0;32m  OK  [0m] Started [0;1;39mDynamic System Tuning Daemon[0m.
[[0;32m  OK  [0m] Reached target [0;1;39mMulti-User System[0m.
         Starting [0;1;39mRecord Runlevel Change in UTMP[0m...
[[0;32m  OK  [0m] Finished [0;1;39mRecord Runlevel Change in UTMP[0m.

CentOS Stream 9
Kernel 6.8.0-6b9c2950c912+ on an x86_64

Activate the web console with: systemctl enable --now cockpit.socket

test login: 