c[?7l[2J[0mSeaBIOS (version rel-1.16.0-0-gd239552ce722-prebuilt.qemu.org)


iPXE (http://ipxe.org) 00:03.0 CA00 PCI2.10 PnP PMM+7FF91000+7FEF1000 CA00
Press Ctrl-B to configure iPXE (PCI 00:03.0)...                                                                               


Booting from ROM...
c[?7l[2J[    0.000000] Linux version 6.4.0-ed77ac92a17c+ (root@p-rplp02) (gcc (GCC) 8.5.0 20210514 (Red Hat 8.5.0-19), GNU ld version 2.36.1-2.el8) #1 SMP PREEMPT_DYNAMIC Sun Jul 30 09:05:04 CST 2023
[    0.000000] Command line: console=ttyS0 root=/dev/sda earlyprintk=serial net.ifnames=0 quiet plymouth.enable=0
[    0.000000] KERNEL supported cpus:
[    0.000000]   Intel GenuineIntel
[    0.000000]   AMD AuthenticAMD
[    0.000000]   Hygon HygonGenuine
[    0.000000]   Centaur CentaurHauls
[    0.000000]   zhaoxin   Shanghai  
[    0.000000] BIOS-provided physical RAM map:
[    0.000000] BIOS-e820: [mem 0x0000000000000000-0x000000000009fbff] usable
[    0.000000] BIOS-e820: [mem 0x000000000009fc00-0x000000000009ffff] reserved
[    0.000000] BIOS-e820: [mem 0x00000000000f0000-0x00000000000fffff] reserved
[    0.000000] BIOS-e820: [mem 0x0000000000100000-0x000000007ffdffff] usable
[    0.000000] BIOS-e820: [mem 0x000000007ffe0000-0x000000007fffffff] reserved
[    0.000000] BIOS-e820: [mem 0x00000000feffc000-0x00000000feffffff] reserved
[    0.000000] BIOS-e820: [mem 0x00000000fffc0000-0x00000000ffffffff] reserved
[    0.000000] printk: bootconsole [earlyser0] enabled
[    1.039922] Spectre V2 : WARNING: Unprivileged eBPF is enabled with eIBRS on, data leaks possible via Spectre v2 BHB attacks!
[   13.760665] systemd[1]: Failed to start Load Kernel Modules.
[[0;1;31mFAILED[0m] Failed to start [0;1;39mLoad Kernel Modules[0m.

CentOS Stream 9
Kernel 6.4.0-ed77ac92a17c+ on an x86_64

Activate the web console with: systemctl enable --now cockpit.socket

test login: [   49.236046] ------------[ cut here ]------------
[   49.236887] WARNING: CPU: 0 PID: 720 at fs/ext4/file.c:611 ext4_file_write_iter+0x135a/0x17f0
[   49.238372] Modules linked in:
[   49.238904] CPU: 0 PID: 720 Comm: repro Not tainted 6.4.0-ed77ac92a17c+ #1
[   49.239909] Hardware name: QEMU Standard PC (i440FX + PIIX, 1996), BIOS rel-1.16.0-0-gd239552ce722-prebuilt.qemu.org 04/01/2014
[   49.241564] RIP: 0010:ext4_file_write_iter+0x135a/0x17f0
[   49.242419] Code: 02 84 c0 74 08 3c 03 0f 8e 32 04 00 00 41 8b 5f 20 31 ff 83 e3 08 89 de e8 73 ba 65 ff 85 db 0f 85 07 fd ff ff e8 86 b8 65 ff <0f> 0b e9 fb fc ff ff e8 7a b8 65 ff 48 8b 8d 18 ff ff ff 4c 89 f2
[   49.244945] RSP: 0018:ffff888014ddfc00 EFLAGS: 00010246
[   49.245846] RAX: 0000000000000000 RBX: 0000000000000000 RCX: ffffffff81f8a6bd
[   49.246834] RDX: 0000000000000000 RSI: ffff888014c7a500 RDI: 0000000000000002
[   49.247846] RBP: ffff888014ddfd08 R08: 0000000000000001 R09: fffffbfff133a1e5
[   49.248826] R10: 0000000000000001 R11: ffffffff899d0f27 R12: 0000000000000001
[   49.249905] R13: 0000000000000000 R14: fffffffffffffff5 R15: ffff888014ddfdd0
[   49.250925] FS:  00007fadf13af640(0000) GS:ffff88806ca00000(0000) knlGS:0000000000000000
[   49.252061] CS:  0010 DS: 0000 ES: 0000 CR0: 0000000080050033
[   49.252847] CR2: 00007fadf13b33f4 CR3: 0000000018902000 CR4: 0000000000750ef0
[   49.253899] PKRU: 55555554
[   49.254322] Call Trace:
[   49.254748]  <TASK>
[   49.255077]  ? show_regs+0x66/0x70
[   49.255691]  ? __warn+0xef/0x340
[   49.256237]  ? ext4_file_write_iter+0x135a/0x17f0
[   49.256955]  ? report_bug+0x360/0x570
[   49.257683]  ? handle_bug+0x48/0x80
[   49.258254]  ? exc_invalid_op+0x1c/0x50
[   49.258807]  ? asm_exc_invalid_op+0x1f/0x30
[   49.259483]  ? ext4_file_write_iter+0x134d/0x17f0
[   49.260217]  ? ext4_file_write_iter+0x135a/0x17f0
[   49.260947]  ? __pfx_ext4_file_write_iter+0x10/0x10
[   49.261789]  ? write_comp_data+0x2f/0x90
[   49.262441]  ? __sanitizer_cov_trace_pc+0x25/0x60
[   49.263144]  vfs_write+0xa3c/0xe90
[   49.263755]  ? __pfx_vfs_write+0x10/0x10
[   49.264358]  ? __fget_files+0x267/0x440
[   49.264995]  ? write_comp_data+0x2f/0x90
[   49.265701]  ksys_write+0x13a/0x270
[   49.266275]  ? __pfx_ksys_write+0x10/0x10
[   49.266928]  __x64_sys_write+0x7c/0xc0
[   49.267480]  ? syscall_enter_from_user_mode+0x51/0x60
[   49.268266]  do_syscall_64+0x3b/0x90
[   49.268857]  entry_SYSCALL_64_after_hwframe+0x6e/0xd8
[   49.269707] RIP: 0033:0x7fadf103ee5d
[   49.270307] Code: ff c3 66 2e 0f 1f 84 00 00 00 00 00 90 f3 0f 1e fa 48 89 f8 48 89 f7 48 89 d6 48 89 ca 4d 89 c2 4d 89 c8 4c 8b 4c 24 08 0f 05 <48> 3d 01 f0 ff ff 73 01 c3 48 8b 0d 93 af 1b 00 f7 d8 64 89 01 48
[   49.272799] RSP: 002b:00007fadf13aedd8 EFLAGS: 00000283 ORIG_RAX: 0000000000000001
[   49.273983] RAX: ffffffffffffffda RBX: 00007fadf13af640 RCX: 00007fadf103ee5d
[   49.275029] RDX: 00000000fffffdef RSI: 0000000020000000 RDI: 0000000000000005
[   49.276074] RBP: 00007fadf13aee20 R08: 0000000000000000 R09: 0000000000000000
[   49.277092] R10: 0000000000000000 R11: 0000000000000283 R12: 00007fadf13af640
[   49.278195] R13: 0000000000000000 R14: 00007fadf109f560 R15: 0000000000000000
[   49.279281]  </TASK>
[   49.279694] irq event stamp: 7089
[   49.280203] hardirqs last  enabled at (7097): [<ffffffff81400271>] __up_console_sem+0x91/0xb0
[   49.281556] hardirqs last disabled at (7106): [<ffffffff81400256>] __up_console_sem+0x76/0xb0
[   49.282789] softirqs last  enabled at (6904): [<ffffffff85457685>] __do_softirq+0x4f5/0x77c
[   49.284056] softirqs last disabled at (6895): [<ffffffff81252a71>] irq_exit_rcu+0xc1/0x110
[   49.285386] ---[ end trace 0000000000000000 ]---
