c[?7l[2J[0mSeaBIOS (version rel-1.16.0-0-gd239552ce722-prebuilt.qemu.org)


iPXE (http://ipxe.org) 00:03.0 CA00 PCI2.10 PnP PMM+7FF91000+7FEF1000 CA00
Press Ctrl-B to configure iPXE (PCI 00:03.0)...                                                                               


Booting from ROM...
c[?7l[2J[    0.000000] Linux version 6.11.0-rc1-588797b95962+ (root@p-mtlp04) (gcc (GCC) 11.4.1 20231218 (Red Hat 11.4.1-3), GNU ld version 2.35.2-48.el9) #1 SMP PREEMPT_DYNAMIC Tue Aug  6 16:06:26 CST 2024
[    0.000000] Command line: console=ttyS0 root=/dev/sda earlyprintk=serial net.ifnames=0 plymouth.enable=0
[    0.000000] KERNEL supported cpus:
[    0.000000]   Intel GenuineIntel
[    0.000000]   AMD AuthenticAMD
[    0.000000]   Hygon HygonGenuine
[    0.000000]   Centaur CentaurHauls
[    0.000000]   zhaoxin   Shanghai  
[    0.000000] x86/split lock detection: #DB: warning on user-space bus_locks
[    0.000000] BIOS-provided physical RAM map:
[    0.000000] BIOS-e820: [mem 0x0000000000000000-0x000000000009fbff] usable
[    0.000000] BIOS-e820: [mem 0x000000000009fc00-0x000000000009ffff] reserved
[    0.000000] BIOS-e820: [mem 0x00000000000f0000-0x00000000000fffff] reserved
[    0.000000] BIOS-e820: [mem 0x0000000000100000-0x000000007ffdffff] usable
[    0.000000] BIOS-e820: [mem 0x000000007ffe0000-0x000000007fffffff] reserved
[    0.000000] BIOS-e820: [mem 0x00000000feffc000-0x00000000feffffff] reserved
[    0.000000] BIOS-e820: [mem 0x00000000fffc0000-0x00000000ffffffff] reserved
[    0.000000] printk: legacy bootconsole [earlyser0] enabled
[    0.000000] NX (Execute Disable) protection: active
[    0.000000] APIC: Static calls initialized
[    0.000000] SMBIOS 2.8 present.
[    0.000000] DMI: QEMU Standard PC (i440FX + PIIX, 1996), BIOS rel-1.16.0-0-gd239552ce722-prebuilt.qemu.org 04/01/2014
[    0.000000] DMI: Memory slots populated: 1/1
[    0.000000] Hypervisor detected: KVM
[    0.000000] kvm-clock: Using msrs 4b564d01 and 4b564d00
[    0.000003] kvm-clock: using sched offset of 952515281 cycles
[    0.000475] clocksource: kvm-clock: mask: 0xffffffffffffffff max_cycles: 0x1cd42e4dffb, max_idle_ns: 881590591483 ns
[    0.001947] tsc: Detected 2995.200 MHz processor
[    0.010393] last_pfn = 0x7ffe0 max_arch_pfn = 0x400000000
[    0.010916] MTRR map: 4 entries (3 fixed + 1 variable; max 19), built from 8 variable MTRRs
[    0.011668] x86/PAT: Configuration [0-7]: WB  WC  UC- UC  WB  WP  UC- WT  
[    0.022766] found SMP MP-table at [mem 0x000f5ba0-0x000f5baf]
[    0.023323] Using GB pages for direct mapping
[    0.026552] ACPI: Early table checksum verification disabled
[    0.027071] ACPI: RSDP 0x00000000000F59C0 000014 (v00 BOCHS )
[    0.027608] ACPI: RSDT 0x000000007FFE1951 000034 (v01 BOCHS  BXPC     00000001 BXPC 00000001)
[    0.028395] ACPI: FACP 0x000000007FFE17FD 000074 (v01 BOCHS  BXPC     00000001 BXPC 00000001)
[    0.029185] ACPI: DSDT 0x000000007FFE0040 0017BD (v01 BOCHS  BXPC     00000001 BXPC 00000001)
[    0.029975] ACPI: FACS 0x000000007FFE0000 000040
[    0.030406] ACPI: APIC 0x000000007FFE1871 000080 (v01 BOCHS  BXPC     00000001 BXPC 00000001)
[    0.031173] ACPI: HPET 0x000000007FFE18F1 000038 (v01 BOCHS  BXPC     00000001 BXPC 00000001)
[    0.031959] ACPI: WAET 0x000000007FFE1929 000028 (v01 BOCHS  BXPC     00000001 BXPC 00000001)
[    0.032735] ACPI: Reserving FACP table memory at [mem 0x7ffe17fd-0x7ffe1870]
[    0.033375] ACPI: Reserving DSDT table memory at [mem 0x7ffe0040-0x7ffe17fc]
[    0.034008] ACPI: Reserving FACS table memory at [mem 0x7ffe0000-0x7ffe003f]
[    0.034643] ACPI: Reserving APIC table memory at [mem 0x7ffe1871-0x7ffe18f0]
[    0.035280] ACPI: Reserving HPET table memory at [mem 0x7ffe18f1-0x7ffe1928]
[    0.035917] ACPI: Reserving WAET table memory at [mem 0x7ffe1929-0x7ffe1950]
[    0.037161] No NUMA configuration found
[    0.037522] Faking a node at [mem 0x0000000000000000-0x000000007ffdffff]
[    0.038153] NODE_DATA(0) allocated [mem 0x7ffb4e00-0x7ffdfdff]
[    0.040525] Zone ranges:
[    0.040759]   DMA      [mem 0x0000000000001000-0x0000000000ffffff]
[    0.041318]   DMA32    [mem 0x0000000001000000-0x000000007ffdffff]
[    0.041880]   Normal   empty
[    0.042145]   Device   empty
[    0.042410] Movable zone start for each node
[    0.042801] Early memory node ranges
[    0.043133]   node   0: [mem 0x0000000000001000-0x000000000009efff]
[    0.043718]   node   0: [mem 0x0000000000100000-0x000000007ffdffff]
[    0.044296] Initmem setup node 0 [mem 0x0000000000001000-0x000000007ffdffff]
[    0.045933] On node 0, zone DMA: 1 pages in unavailable ranges
[    0.046889] On node 0, zone DMA: 97 pages in unavailable ranges
[    0.097112] On node 0, zone DMA32: 32 pages in unavailable ranges
[    0.456946] kasan: KernelAddressSanitizer initialized
[    0.457733] ACPI: PM-Timer IO Port: 0x608
[    0.458153] ACPI: LAPIC_NMI (acpi_id[0xff] dfl dfl lint[0x1])
[    0.458785] IOAPIC[0]: apic_id 0, version 17, address 0xfec00000, GSI 0-23
[    0.459475] ACPI: INT_SRC_OVR (bus 0 bus_irq 0 global_irq 2 dfl dfl)
[    0.460087] ACPI: INT_SRC_OVR (bus 0 bus_irq 5 global_irq 5 high level)
[    0.460700] ACPI: INT_SRC_OVR (bus 0 bus_irq 9 global_irq 9 high level)
[    0.461312] ACPI: INT_SRC_OVR (bus 0 bus_irq 10 global_irq 10 high level)
[    0.461952] ACPI: INT_SRC_OVR (bus 0 bus_irq 11 global_irq 11 high level)
[    0.462613] ACPI: Using ACPI (MADT) for SMP configuration information
[    0.463228] ACPI: HPET id: 0x8086a201 base: 0xfed00000
[    0.463737] TSC deadline timer available
[    0.464105] CPU topo: Max. logical packages:   1
[    0.464532] CPU topo: Max. logical dies:       1
[    0.464959] CPU topo: Max. dies per package:   1
[    0.465399] CPU topo: Max. threads per core:   1
[    0.465825] CPU topo: Num. cores per package:     2
[    0.466274] CPU topo: Num. threads per package:   2
[    0.466727] CPU topo: Allowing 2 present CPUs plus 0 hotplug CPUs
[    0.467367] kvm-guest: APIC: eoi() replaced with kvm_guest_apic_eoi_write()
[    0.468070] kvm-guest: KVM setup pv remote TLB flush
[    0.468546] kvm-guest: setup PV sched yield
[    0.468992] PM: hibernation: Registered nosave memory: [mem 0x00000000-0x00000fff]
[    0.469720] PM: hibernation: Registered nosave memory: [mem 0x0009f000-0x0009ffff]
[    0.470442] PM: hibernation: Registered nosave memory: [mem 0x000a0000-0x000effff]
[    0.471153] PM: hibernation: Registered nosave memory: [mem 0x000f0000-0x000fffff]
[    0.471875] [mem 0x80000000-0xfeffbfff] available for PCI devices
[    0.472441] Booting paravirtualized kernel on KVM
[    0.472885] clocksource: refined-jiffies: mask: 0xffffffff max_cycles: 0xffffffff, max_idle_ns: 7645519600211568 ns
[    0.473863] setup_percpu: NR_CPUS:8192 nr_cpumask_bits:2 nr_cpu_ids:2 nr_node_ids:1
[    0.476297] percpu: Embedded 85 pages/cpu s311296 r8192 d28672 u1048576
[    0.477101] kvm-guest: PV spinlocks enabled
[    0.477523] PV qspinlock hash table entries: 256 (order: 0, 4096 bytes, linear)
[    0.478224] Kernel command line: net.ifnames=0 console=ttyS0 root=/dev/sda earlyprintk=serial net.ifnames=0 plymouth.enable=0
[    0.479632] random: crng init done
[    0.481774] Dentry cache hash table entries: 262144 (order: 9, 2097152 bytes, linear)
[    0.483466] Inode-cache hash table entries: 131072 (order: 8, 1048576 bytes, linear)
[    0.484549] Fallback order for Node 0: 0 
[    0.484565] Built 1 zonelists, mobility grouping on.  Total pages: 524158
[    0.485568] Policy zone: DMA32
[    0.485857] mem auto-init: stack:off, heap alloc:off, heap free:off
[    0.486435] stackdepot: allocating hash table via alloc_large_system_hash
[    0.487060] stackdepot hash table entries: 1048576 (order: 12, 16777216 bytes, linear)
[    0.579714] SLUB: HWalign=64, Order=0-3, MinObjects=0, CPUs=2, Nodes=1
[    0.580367] kmemleak: Kernel memory leak detector disabled
[    0.581086] ftrace: allocating 72146 entries in 282 pages
[    0.608563] ftrace: allocated 282 pages with 4 groups
[    0.613195] Dynamic Preempt: voluntary
[    0.614327] Running RCU self tests
[    0.614654] Running RCU synchronous self tests
[    0.615078] rcu: Preemptible hierarchical RCU implementation.
[    0.615608] rcu: 	RCU lockdep checking is enabled.
[    0.616060] rcu: 	RCU restricting CPUs from NR_CPUS=8192 to nr_cpu_ids=2.
[    0.616680] 	Trampoline variant of Tasks RCU enabled.
[    0.617146] 	Rude variant of Tasks RCU enabled.
[    0.617578] 	Tracing variant of Tasks RCU enabled.
[    0.618026] rcu: RCU calculated value of scheduler-enlistment delay is 25 jiffies.
[    0.618722] rcu: Adjusting geometry for rcu_fanout_leaf=16, nr_cpu_ids=2
[    0.619429] Running RCU synchronous self tests
[    0.619851] RCU Tasks: Setting shift to 1 and lim to 1 rcu_task_cb_adjust=1.
[    0.620502] RCU Tasks Rude: Setting shift to 1 and lim to 1 rcu_task_cb_adjust=1.
[    0.621182] RCU Tasks Trace: Setting shift to 1 and lim to 1 rcu_task_cb_adjust=1.
[    0.672808] NR_IRQS: 524544, nr_irqs: 440, preallocated irqs: 16
[    0.674206] rcu: srcu_init: Setting srcu_struct sizes based on contention.
[    0.683134] Console: colour VGA+ 80x25
[    0.683616] printk: legacy console [ttyS0] enabled
[    0.683616] printk: legacy console [ttyS0] enabled
[    0.684548] printk: legacy bootconsole [earlyser0] disabled
[    0.684548] printk: legacy bootconsole [earlyser0] disabled
[    0.685656] Lock dependency validator: Copyright (c) 2006 Red Hat, Inc., Ingo Molnar
[    0.686408] ... MAX_LOCKDEP_SUBCLASSES:  8
[    0.686807] ... MAX_LOCK_DEPTH:          48
[    0.687218] ... MAX_LOCKDEP_KEYS:        8192
[    0.687638] ... CLASSHASH_SIZE:          4096
[    0.688070] ... MAX_LOCKDEP_ENTRIES:     524288
[    0.688510] ... MAX_LOCKDEP_CHAINS:      524288
[    0.688949] ... CHAINHASH_SIZE:          262144
[    0.689409]  memory used by lock dependency info: 54145 kB
[    0.689938]  memory used for stack traces: 4224 kB
[    0.690404]  per task-struct memory footprint: 1920 bytes
[    0.691076] ACPI: Core revision 20240322
[    0.692155] clocksource: hpet: mask: 0xffffffff max_cycles: 0xffffffff, max_idle_ns: 19112604467 ns
[    0.693348] APIC: Switch to symmetric I/O mode setup
[    0.694027] x2apic enabled
[    0.694746] APIC: Switched APIC routing to: physical x2apic
[    0.695303] kvm-guest: APIC: send_IPI_mask() replaced with kvm_send_ipi_mask()
[    0.696024] kvm-guest: APIC: send_IPI_mask_allbutself() replaced with kvm_send_ipi_mask_allbutself()
[    0.696888] kvm-guest: setup PV IPIs
[    0.698713] ..TIMER: vector=0x30 apic1=0 pin1=2 apic2=-1 pin2=-1
[    0.699321] clocksource: tsc-early: mask: 0xffffffffffffffff max_cycles: 0x2b2c8ec87c7, max_idle_ns: 440795278598 ns
[    0.700353] Calibrating delay loop (skipped) preset value.. 5990.40 BogoMIPS (lpj=11980800)
[    0.704463] x86/cpu: User Mode Instruction Prevention (UMIP) activated
[    0.705226] Last level iTLB entries: 4KB 0, 2MB 0, 4MB 0
[    0.705741] Last level dTLB entries: 4KB 0, 2MB 0, 4MB 0, 1GB 0
[    0.706332] Spectre V1 : Mitigation: usercopy/swapgs barriers and __user pointer sanitization
[    0.707154] Spectre V2 : WARNING: Unprivileged eBPF is enabled with eIBRS on, data leaks possible via Spectre v2 BHB attacks!
[    0.708201] Spectre V2 : Spectre BHI mitigation: SW BHB clearing on syscall and VM exit
[    0.708340] Spectre V2 : Mitigation: Enhanced / Automatic IBRS
[    0.708894] Spectre V2 : Spectre v2 / SpectreRSB mitigation: Filling RSB on context switch
[    0.709672] Spectre V2 : Spectre v2 / PBRSB-eIBRS: Retire a single CALL on VMEXIT
[    0.710387] Spectre V2 : mitigation: Enabling conditional Indirect Branch Prediction Barrier
[    0.711241] Speculative Store Bypass: Mitigation: Speculative Store Bypass disabled via prctl
[    0.712339] MMIO Stale Data: Unknown: No mitigations
[    0.712854] x86/fpu: Supporting XSAVE feature 0x001: 'x87 floating point registers'
[    0.713597] x86/fpu: Supporting XSAVE feature 0x002: 'SSE registers'
[    0.714214] x86/fpu: Supporting XSAVE feature 0x004: 'AVX registers'
[    0.714832] x86/fpu: Supporting XSAVE feature 0x200: 'Protection Keys User registers'
[    0.715588] x86/fpu: xstate_offset[2]:  576, xstate_sizes[2]:  256
[    0.716339] x86/fpu: xstate_offset[9]:  832, xstate_sizes[9]:    8
[    0.716947] x86/fpu: Enabled xstate features 0x207, context size is 840 bytes, using 'compacted' format.
[    0.884037] Freeing SMP alternatives memory: 56K
[    0.884346] pid_max: default: 32768 minimum: 301
[    0.885161] LSM: initializing lsm=capability,yama,ima,evm
[    0.885728] Yama: becoming mindful.
[    0.886646] Mount-cache hash table entries: 4096 (order: 3, 32768 bytes, linear)
[    0.887373] Mountpoint-cache hash table entries: 4096 (order: 3, 32768 bytes, linear)
[    0.891500] Running RCU synchronous self tests
[    0.891957] Running RCU synchronous self tests
[    0.892957] smpboot: CPU0: Intel(R) Core(TM) Ultra 7 155H (family: 0x6, model: 0xaa, stepping: 0x4)
[    0.895563] Running RCU Tasks wait API self tests
[    0.996587] Running RCU Tasks Rude wait API self tests
[    0.998100] Running RCU Tasks Trace wait API self tests
[    0.999438] Performance Events: unsupported p6 CPU model 170 no PMU driver, software events only.
[    1.000495] signal: max sigframe size: 3632
[    1.001710] rcu: Hierarchical SRCU implementation.
[    1.002615] rcu: 	Max phase no-delay instances is 1000.
[    1.004195] Timer migration: 1 hierarchy levels; 8 children per group; 1 crossnode level
[    1.004520] Callback from call_rcu_tasks_trace() invoked.
[    1.011019] NMI watchdog: Perf NMI watchdog permanently disabled
[    1.012139] smp: Bringing up secondary CPUs ...
[    1.013574] smpboot: x86: Booting SMP configuration:
[    1.014215] .... node  #0, CPUs:      #1
[    1.016436] smp: Brought up 1 node, 2 CPUs
[    1.017444] smpboot: Total of 2 processors activated (11980.80 BogoMIPS)
[    1.021427] Memory: 1556820K/2096632K available (75776K kernel code, 14447K rwdata, 17188K rodata, 15340K init, 68224K bss, 532604K reserved, 0K cma-reserved)
[    1.026537] devtmpfs: initialized
[    1.026537] x86/mm: Memory block size: 128MB
[    1.041375] Running RCU synchronous self tests
[    1.042011] Running RCU synchronous self tests
[    1.044479] clocksource: jiffies: mask: 0xffffffff max_cycles: 0xffffffff, max_idle_ns: 7645041785100000 ns
[    1.045622] futex hash table entries: 512 (order: 4, 65536 bytes, linear)
[    1.049197] pinctrl core: initialized pinctrl subsystem
[    1.051043] 
[    1.051250] *************************************************************
[    1.052054] **     NOTICE NOTICE NOTICE NOTICE NOTICE NOTICE NOTICE    **
[    1.052344] **                                                         **
[    1.053248] **  IOMMU DebugFS SUPPORT HAS BEEN ENABLED IN THIS KERNEL  **
[    1.054092] **                                                         **
[    1.054936] ** This means that this kernel is built to expose internal **
[    1.055738] ** IOMMU data structures, which may compromise security on **
[    1.056341] ** your system.                                            **
[    1.057160] **                                                         **
[    1.057969] ** If you see this message and you are not debugging the   **
[    1.058780] ** kernel, report this immediately to your vendor!         **
[    1.059585] **                                                         **
[    1.060340] **     NOTICE NOTICE NOTICE NOTICE NOTICE NOTICE NOTICE    **
[    1.061145] *************************************************************
[    1.062049] PM: RTC time: 08:11:36, date: 2024-08-06
[    1.067593] NET: Registered PF_NETLINK/PF_ROUTE protocol family
[    1.070236] DMA: preallocated 256 KiB GFP_KERNEL pool for atomic allocations
[    1.071157] DMA: preallocated 256 KiB GFP_KERNEL|GFP_DMA pool for atomic allocations
[    1.072132] DMA: preallocated 256 KiB GFP_KERNEL|GFP_DMA32 pool for atomic allocations
[    1.072524] audit: initializing netlink subsys (disabled)
[    1.073250] audit: type=2000 audit(1722931896.129:1): state=initialized audit_enabled=0 res=1
[    1.079011] thermal_sys: Registered thermal governor 'fair_share'
[    1.080019] thermal_sys: Registered thermal governor 'bang_bang'
[    1.080345] thermal_sys: Registered thermal governor 'step_wise'
[    1.081073] thermal_sys: Registered thermal governor 'user_space'
[    1.081917] cpuidle: using governor ladder
[    1.081917] cpuidle: using governor menu
[    1.084464] acpiphp: ACPI Hot Plug PCI Controller Driver version: 0.5
[    1.086858] PCI: Using configuration type 1 for base access
[    1.088367] kprobes: kprobe jump-optimization is enabled. All kprobes are optimized if possible.
[    1.237158] HugeTLB: registered 1.00 GiB page size, pre-allocated 0 pages
[    1.237408] Callback from call_rcu_tasks_rude() invoked.
[    1.237158] HugeTLB: 16380 KiB vmemmap can be freed for a 1.00 GiB page
[    1.237158] HugeTLB: registered 2.00 MiB page size, pre-allocated 0 pages
[    1.237158] HugeTLB: 28 KiB vmemmap can be freed for a 2.00 MiB page
[    1.260535] ACPI: Added _OSI(Module Device)
[    1.261033] ACPI: Added _OSI(Processor Device)
[    1.261517] ACPI: Added _OSI(3.0 _SCP Extensions)
[    1.262023] ACPI: Added _OSI(Processor Aggregator Device)
[    1.301065] ACPI: 1 ACPI AML tables successfully acquired and loaded
[    1.321679] ACPI: Interpreter enabled
[    1.322370] ACPI: PM: (supports S0 S3 S4 S5)
[    1.322826] ACPI: Using IOAPIC for interrupt routing
[    1.323665] PCI: Using host bridge windows from ACPI; if necessary, use "pci=nocrs" and report a bug
[    1.324345] PCI: Using E820 reservations for host bridge windows
[    1.327410] ACPI: Enabled 2 GPEs in block 00 to 0F
[    1.412184] ACPI: PCI Root Bridge [PCI0] (domain 0000 [bus 00-ff])
[    1.412386] acpi PNP0A03:00: _OSC: OS supports [ASPM ClockPM Segments MSI EDR HPX-Type3]
[    1.413209] acpi PNP0A03:00: _OSC: not requesting OS control; OS requires [ExtendedConfig ASPM ClockPM MSI]
[    1.414622] acpi PNP0A03:00: fail to add MMCONFIG information, can't access extended configuration space under this bridge
[    1.426353] acpiphp: Slot [3] registered
[    1.427095] acpiphp: Slot [4] registered
[    1.427993] acpiphp: Slot [5] registered
[    1.428676] acpiphp: Slot [6] registered
[    1.429489] acpiphp: Slot [7] registered
[    1.430233] acpiphp: Slot [8] registered
[    1.430939] acpiphp: Slot [9] registered
[    1.431656] acpiphp: Slot [10] registered
[    1.432422] acpiphp: Slot [11] registered
[    1.433159] acpiphp: Slot [12] registered
[    1.433877] acpiphp: Slot [13] registered
[    1.434608] acpiphp: Slot [14] registered
[    1.435370] acpiphp: Slot [15] registered
[    1.436090] acpiphp: Slot [16] registered
[    1.436655] acpiphp: Slot [17] registered
[    1.437374] acpiphp: Slot [18] registered
[    1.438141] acpiphp: Slot [19] registered
[    1.438865] acpiphp: Slot [20] registered
[    1.439602] acpiphp: Slot [21] registered
[    1.440345] acpiphp: Slot [22] registered
[    1.441112] acpiphp: Slot [23] registered
[    1.441835] acpiphp: Slot [24] registered
[    1.442573] acpiphp: Slot [25] registered
[    1.443334] acpiphp: Slot [26] registered
[    1.444156] acpiphp: Slot [27] registered
[    1.444653] acpiphp: Slot [28] registered
[    1.445397] acpiphp: Slot [29] registered
[    1.446139] acpiphp: Slot [30] registered
[    1.446902] acpiphp: Slot [31] registered
[    1.447504] PCI host bridge to bus 0000:00
[    1.448099] pci_bus 0000:00: root bus resource [io  0x0000-0x0cf7 window]
[    1.448352] pci_bus 0000:00: root bus resource [io  0x0d00-0xffff window]
[    1.449062] pci_bus 0000:00: root bus resource [mem 0x000a0000-0x000bffff window]
[    1.449845] pci_bus 0000:00: root bus resource [mem 0x80000000-0xfebfffff window]
[    1.450634] pci_bus 0000:00: root bus resource [mem 0x100000000-0x17fffffff window]
[    1.451440] pci_bus 0000:00: root bus resource [bus 00-ff]
[    1.452225] pci 0000:00:00.0: [8086:1237] type 00 class 0x060000 conventional PCI endpoint
[    1.482183] pci 0000:00:01.0: [8086:7000] type 00 class 0x060100 conventional PCI endpoint
[    1.485727] pci 0000:00:01.1: [8086:7010] type 00 class 0x010180 conventional PCI endpoint
[    1.488731] pci 0000:00:01.1: BAR 4 [io  0xc040-0xc04f]
[    1.490315] pci 0000:00:01.1: BAR 0 [io  0x01f0-0x01f7]: legacy IDE quirk
[    1.491030] pci 0000:00:01.1: BAR 1 [io  0x03f6]: legacy IDE quirk
[    1.491676] pci 0000:00:01.1: BAR 2 [io  0x0170-0x0177]: legacy IDE quirk
[    1.492345] pci 0000:00:01.1: BAR 3 [io  0x0376]: legacy IDE quirk
[    1.493870] pci 0000:00:01.3: [8086:7113] type 00 class 0x068000 conventional PCI endpoint
[    1.495177] pci 0000:00:01.3: quirk: [io  0x0600-0x063f] claimed by PIIX4 ACPI
[    1.495940] pci 0000:00:01.3: quirk: [io  0x0700-0x070f] claimed by PIIX4 SMB
[    1.497164] pci 0000:00:02.0: [1234:1111] type 00 class 0x030000 conventional PCI endpoint
[    1.517843] pci 0000:00:02.0: BAR 0 [mem 0xfd000000-0xfdffffff pref]
[    1.523138] pci 0000:00:02.0: BAR 2 [mem 0xfebf0000-0xfebf0fff]
[    1.528471] pci 0000:00:02.0: ROM [mem 0xfebe0000-0xfebeffff pref]
[    1.529691] pci 0000:00:02.0: Video device with shadowed ROM at [mem 0x000c0000-0x000dffff]
[    1.558203] pci 0000:00:03.0: [8086:100e] type 00 class 0x020000 conventional PCI endpoint
[    1.560137] pci 0000:00:03.0: BAR 0 [mem 0xfebc0000-0xfebdffff]
[    1.561141] pci 0000:00:03.0: BAR 1 [io  0xc000-0xc03f]
[    1.574359] pci 0000:00:03.0: ROM [mem 0xfeb80000-0xfebbffff pref]
[    1.628233] ACPI: PCI: Interrupt link LNKA configured for IRQ 10
[    1.630866] ACPI: PCI: Interrupt link LNKB configured for IRQ 10
[    1.634179] ACPI: PCI: Interrupt link LNKC configured for IRQ 11
[    1.637408] ACPI: PCI: Interrupt link LNKD configured for IRQ 11
[    1.639156] ACPI: PCI: Interrupt link LNKS configured for IRQ 9
[    1.648334] iommu: Default domain type: Translated
[    1.648334] iommu: DMA domain TLB invalidation policy: lazy mode
[    1.653432] SCSI subsystem initialized
[    1.656334] ACPI: bus type USB registered
[    1.656334] usbcore: registered new interface driver usbfs
[    1.656509] usbcore: registered new interface driver hub
[    1.657235] usbcore: registered new device driver usb
[    1.658342] pps_core: LinuxPPS API ver. 1 registered
[    1.658905] pps_core: Software ver. 5.3.6 - Copyright 2005-2007 Rodolfo Giometti <giometti@linux.it>
[    1.659996] PTP clock support registered
[    1.664334] EDAC MC: Ver: 3.0.0
[    1.668041] NetLabel: Initializing
[    1.668346] NetLabel:  domain hash size = 128
[    1.668840] NetLabel:  protocols = UNLABELED CIPSOv4 CALIPSO
[    1.669829] NetLabel:  unlabeled traffic allowed by default
[    1.671723] PCI: Using ACPI for IRQ routing
[    1.672911] pci 0000:00:02.0: vgaarb: setting as boot VGA device
[    1.673632] pci 0000:00:02.0: vgaarb: bridge control possible
[    1.674280] pci 0000:00:02.0: vgaarb: VGA device added: decodes=io+mem,owns=io+mem,locks=none
[    1.675234] vgaarb: loaded
[    1.676851] hpet0: at MMIO 0xfed00000, IRQs 2, 8, 0
[    1.677447] hpet0: 3 comparators, 64-bit 100.000000 MHz counter
[    1.686864] clocksource: Switched to clocksource kvm-clock
[    1.688334] VFS: Disk quotas dquot_6.6.0
[    1.688683] VFS: Dquot-cache hash table entries: 512 (order 0, 4096 bytes)
[    1.692937] pnp: PnP ACPI init
[    1.701650] pnp: PnP ACPI: found 6 devices
[    1.733252] clocksource: acpi_pm: mask: 0xffffff max_cycles: 0xffffff, max_idle_ns: 2085701024 ns
[    1.735155] NET: Registered PF_INET protocol family
[    1.736648] IP idents hash table entries: 32768 (order: 6, 262144 bytes, linear)
[    1.740062] tcp_listen_portaddr_hash hash table entries: 1024 (order: 4, 73728 bytes, linear)
[    1.741161] Table-perturb hash table entries: 65536 (order: 6, 262144 bytes, linear)
[    1.742181] TCP established hash table entries: 16384 (order: 5, 131072 bytes, linear)
[    1.743719] TCP bind hash table entries: 16384 (order: 9, 2359296 bytes, linear)
[    1.747874] TCP: Hash tables configured (established 16384 bind 16384)
[    1.748978] UDP hash table entries: 1024 (order: 5, 163840 bytes, linear)
[    1.750104] UDP-Lite hash table entries: 1024 (order: 5, 163840 bytes, linear)
[    1.751690] NET: Registered PF_UNIX/PF_LOCAL protocol family
[    1.754416] RPC: Registered named UNIX socket transport module.
[    1.755133] RPC: Registered udp transport module.
[    1.755667] RPC: Registered tcp transport module.
[    1.756199] RPC: Registered tcp-with-tls transport module.
[    1.756812] RPC: Registered tcp NFSv4.1 backchannel transport module.
[    1.757606] pci_bus 0000:00: resource 4 [io  0x0000-0x0cf7 window]
[    1.758317] pci_bus 0000:00: resource 5 [io  0x0d00-0xffff window]
[    1.759013] pci_bus 0000:00: resource 6 [mem 0x000a0000-0x000bffff window]
[    1.759788] pci_bus 0000:00: resource 7 [mem 0x80000000-0xfebfffff window]
[    1.760568] pci_bus 0000:00: resource 8 [mem 0x100000000-0x17fffffff window]
[    1.762107] pci 0000:00:01.0: PIIX3: Enabling Passive Release
[    1.762790] pci 0000:00:00.0: Limiting direct PCI/PCI transfers
[    1.763585] PCI: CLS 0 bytes, default 64
[    1.764273] ACPI: bus type thunderbolt registered
[    1.765446] clocksource: tsc: mask: 0xffffffffffffffff max_cycles: 0x2b2c8ec87c7, max_idle_ns: 440795278598 ns
[    3.759160] Initialise system trusted keyrings
[    3.759831] Key type blacklist registered
[    3.760831] workingset: timestamp_bits=36 max_order=19 bucket_order=0
[    3.761956] zbud: loaded
[    3.766985] squashfs: version 4.0 (2009/01/31) Phillip Lougher
[    3.771250] NFS: Registering the id_resolver key type
[    3.772061] Key type id_resolver registered
[    3.772686] Key type id_legacy registered
[    3.773430] nfs4filelayout_init: NFSv4 File Layout Driver Registering...
[    3.774552] nfs4flexfilelayout_init: NFSv4 Flexfile Layout Driver Registering...
[    3.776068] fuse: init (API version 7.40)
[    3.777353] SGI XFS with ACLs, security attributes, realtime, quota, no debug enabled
[    3.780458] 9p: Installing v9fs 9p2000 file system support
[    3.795894] Key type asymmetric registered
[    3.796371] Asymmetric key parser 'x509' registered
[    3.797130] Block layer SCSI generic (bsg) driver version 0.4 loaded (major 243)
[    3.798420] io scheduler mq-deadline registered
[    3.799042] io scheduler bfq registered
[    3.801159] shpchp: Standard Hot Plug PCI Controller Driver version: 0.4
[    3.803374] IPMI message handler: version 39.2
[    3.803965] ipmi device interface
[    3.807193] input: Power Button as /devices/LNXSYSTM:00/LNXPWRBN:00/input/input0
[    3.808893] ACPI: button: Power Button [PWRF]
[    3.812049] ERST DBG: ERST support is disabled.
[    3.814565] Serial: 8250/16550 driver, 32 ports, IRQ sharing enabled
[    3.817372] 00:04: ttyS0 at I/O 0x3f8 (irq = 4, base_baud = 115200) is a 16550A
[    3.865295] Linux agpgart interface v0.103
[    3.871218] ACPI: bus type drm_connector registered
[    3.901718] Callback from call_rcu_tasks() invoked.
[    3.906319] brd: module loaded
[    3.927391] loop: module loaded
[    3.943602] scsi host0: ata_piix
[    3.946035] scsi host1: ata_piix
[    3.947143] ata1: PATA max MWDMA2 cmd 0x1f0 ctl 0x3f6 bmdma 0xc040 irq 14 lpm-pol 0
[    3.947952] ata2: PATA max MWDMA2 cmd 0x170 ctl 0x376 bmdma 0xc048 irq 15 lpm-pol 0
[    3.952410] tun: Universal TUN/TAP device driver, 1.6
[    3.953766] e100: Intel(R) PRO/100 Network Driver
[    3.954284] e100: Copyright(c) 1999-2006 Intel Corporation
[    3.954999] e1000: Intel(R) PRO/1000 Network Driver
[    3.955526] e1000: Copyright (c) 1999-2006 Intel Corporation.
[    4.109801] ata2: found unknown device (class 0)
[    4.111160] ata1: found unknown device (class 0)
[    4.112520] ata1.00: ATA-7: QEMU HARDDISK, 2.5+, max UDMA/100
[    4.113343] ata1.00: 17196647 sectors, multi 16: LBA48 
[    4.114776] ata2.00: ATAPI: QEMU DVD-ROM, 2.5+, max UDMA/100
[    4.118774] scsi 0:0:0:0: Direct-Access     ATA      QEMU HARDDISK    2.5+ PQ: 0 ANSI: 5
[    4.124774] sd 0:0:0:0: [sda] 17196647 512-byte logical blocks: (8.80 GB/8.20 GiB)
[    4.125800] sd 0:0:0:0: Attached scsi generic sg0 type 0
[    4.126910] sd 0:0:0:0: [sda] Write Protect is off
[    4.127513] sd 0:0:0:0: [sda] Write cache: enabled, read cache: enabled, doesn't support DPO or FUA
[    4.129211] scsi 1:0:0:0: CD-ROM            QEMU     QEMU DVD-ROM     2.5+ PQ: 0 ANSI: 5
[    4.131637] sd 0:0:0:0: [sda] Preferred minimum I/O size 512 bytes
[    4.152268] scsi 1:0:0:0: Attached scsi generic sg1 type 5
[    4.158823] sd 0:0:0:0: [sda] Attached SCSI disk
[    6.033567] ACPI: \_SB_.LNKC: Enabled at IRQ 11
[    6.367031] e1000 0000:00:03.0 eth0: (PCI:33MHz:32-bit) 52:54:00:12:34:56
[    6.367819] e1000 0000:00:03.0 eth0: Intel(R) PRO/1000 Network Connection
[    6.368715] e1000e: Intel(R) PRO/1000 Network Driver
[    6.369234] e1000e: Copyright(c) 1999 - 2015 Intel Corporation.
[    6.370021] igb: Intel(R) Gigabit Ethernet Network Driver
[    6.370591] igb: Copyright (c) 2007-2014 Intel Corporation.
[    6.371475] PPP generic driver version 2.4.2
[    6.373619] VFIO - User Level meta-driver version: 0.3
[    6.376188] usbcore: registered new interface driver uas
[    6.376870] usbcore: registered new interface driver usb-storage
[    6.378004] i8042: PNP: PS/2 Controller [PNP0303:KBD,PNP0f13:MOU] at 0x60,0x64 irq 1,12
[    6.379980] serio: i8042 KBD port at 0x60,0x64 irq 1
[    6.380585] serio: i8042 AUX port at 0x60,0x64 irq 12
[    6.383152] mousedev: PS/2 mouse device common for all mice
[    6.387428] input: AT Translated Set 2 keyboard as /devices/platform/i8042/serio0/input/input1
[    6.389446] rtc_cmos 00:05: RTC can wake from S4
[    6.393681] rtc_cmos 00:05: registered as rtc0
[    6.394242] rtc_cmos 00:05: setting system clock to 2024-08-06T08:11:41 UTC (1722931901)
[    6.394281] input: VirtualPS/2 VMware VMMouse as /devices/platform/i8042/serio1/input/input4
[    6.396384] rtc_cmos 00:05: alarms up to one day, y3k, 242 bytes nvram, hpet irqs
[    6.397395] i2c_dev: i2c /dev entries driver
[    6.397855] input: VirtualPS/2 VMware VMMouse as /devices/platform/i8042/serio1/input/input3
[    6.398056] device-mapper: core: CONFIG_IMA_DISABLE_HTABLE is disabled. Duplicate IMA measurements will not be recorded in the IMA log.
[    6.399941] device-mapper: uevent: version 1.0.3
[    6.401199] device-mapper: ioctl: 4.48.0-ioctl (2023-03-01) initialised: dm-devel@lists.linux.dev
[    6.402179] intel_pstate: CPU model not supported
[    6.403026] sdhci: Secure Digital Host Controller Interface driver
[    6.403671] sdhci: Copyright(c) Pierre Ossman
[    6.404298] sdhci-pltfm: SDHCI platform and OF driver helper
[    6.405111] ledtrig-cpu: registered to indicate activity on CPUs
[    6.406521] drop_monitor: Initializing network drop monitor service
[    6.407822] NET: Registered PF_INET6 protocol family
[    6.413596] Segment Routing with IPv6
[    6.414130] In-situ OAM (IOAM) with IPv6
[    6.414687] NET: Registered PF_PACKET protocol family
[    6.415605] 9pnet: Installing 9P2000 support
[    6.416170] Key type dns_resolver registered
[    6.418682] IPI shorthand broadcast: enabled
[    6.486602] sched_clock: Marking stable (6468006918, 17452467)->(6493125248, -7665863)
[    6.488807] registered taskstats version 1
[    6.490511] Loading compiled-in X.509 certificates
[    6.559109] Demotion targets for Node 0: null
[    6.561835] Key type .fscrypt registered
[    6.562399] Key type fscrypt-provisioning registered
[    6.567942] Key type encrypted registered
[    6.568384] ima: No TPM chip found, activating TPM-bypass!
[    6.568895] ima: Allocated hash algorithm: sha1
[    6.569407] ima: No architecture policies found
[    6.570122] evm: Initialising EVM extended attributes:
[    6.570577] evm: security.selinux
[    6.570871] evm: security.SMACK64
[    6.571164] evm: security.SMACK64EXEC
[    6.571485] evm: security.SMACK64TRANSMUTE
[    6.571842] evm: security.SMACK64MMAP
[    6.572162] evm: security.apparmor
[    6.572460] evm: security.ima
[    6.572722] evm: security.capability
[    6.573035] evm: HMAC attrs: 0x1
[    6.577445] PM:   Magic number: 4:924:168
[    6.579114] RAS: Correctable Errors collector initialized.
[    6.580761] clk: Disabling unused clocks
[    6.581220] PM: genpd: Disabling unused power domains
[    6.583014] md: Waiting for all devices to be available before autodetect
[    6.583447] md: If you don't use raid, use raid=noautodetect
[    6.583807] md: Autodetecting RAID arrays.
[    6.584083] md: autorun ...
[    6.584267] md: ... autorun DONE.
[    6.612818] EXT4-fs (sda): mounted filesystem 088740a9-c8b4-422c-999d-a804eb68a4da ro with ordered data mode. Quota mode: none.
[    6.614304] VFS: Mounted root (ext4 filesystem) readonly on device 8:0.
[    6.619860] devtmpfs: mounted
[    6.648146] Freeing unused decrypted memory: 2028K
[    6.661188] Freeing unused kernel image (initmem) memory: 15340K
[    6.661747] Write protecting the kernel read-only data: 94208k
[    6.664522] Freeing unused kernel image (rodata/data gap) memory: 1244K
[    6.739574] x86/mm: Checked W+X mappings: passed, no W+X pages found.
[    6.740039] Run /sbin/init as init process
[    6.918276] systemd[1]: systemd 252-15.el9 running in system mode (+PAM +AUDIT +SELINUX -APPARMOR +IMA +SMACK +SECCOMP +GCRYPT +GNUTLS +OPENSSL +ACL +BLKID +CURL +ELFUTILS -FIDO2 +IDN2 -IDN -IPTC +KMOD +LIBCRYPTSETUP +LIBFDISK +PCRE2 -PWQUALITY +P11KIT -QRENCODE +TPM2 +BZIP2 +LZ4 +XZ +ZLIB +ZSTD -BPF_FRAMEWORK +XKBCOMMON +UTMP +SYSVINIT default-hierarchy=unified)
[    6.920413] systemd[1]: Detected virtualization kvm.
[    6.920776] systemd[1]: Detected architecture x86-64.

Welcome to [0;31mCentOS Stream 9[0m!

[    6.927598] systemd[1]: Hostname set to <test>.
[    7.319680] systemd-rc-local-generator[125]: /etc/rc.d/rc.local is not marked executable, skipping.
[    7.789161] systemd[1]: Queued start job for default target Multi-User System.
[    7.838430] systemd[1]: Created slice Virtual Machine and Container Slice.
[[0;32m  OK  [0m] Created slice [0;1;39mVirtual Machine and Container Slice[0m.
[    7.846375] systemd[1]: Created slice Slice /system/getty.
[[0;32m  OK  [0m] Created slice [0;1;39mSlice /system/getty[0m.
[    7.850537] systemd[1]: Created slice Slice /system/modprobe.
[[0;32m  OK  [0m] Created slice [0;1;39mSlice /system/modprobe[0m.
[    7.855746] systemd[1]: Created slice Slice /system/serial-getty.
[[0;32m  OK  [0m] Created slice [0;1;39mSlice /system/serial-getty[0m.
[    7.862897] systemd[1]: Created slice Slice /system/sshd-keygen.
[[0;32m  OK  [0m] Created slice [0;1;39mSlice /system/sshd-keygen[0m.
[    7.868104] systemd[1]: Created slice User and Session Slice.
[[0;32m  OK  [0m] Created slice [0;1;39mUser and Session Slice[0m.
[    7.871725] systemd[1]: Started Forward Password Requests to Wall Directory Watch.
[[0;32m  OK  [0m] Started [0;1;39mForward Password R…uests to Wall Directory Watch[0m.
[    7.881229] systemd[1]: Set up automount Arbitrary Executable File Formats File System Automount Point.
[[0;32m  OK  [0m] Set up automount [0;1;39mArbitrary…s File System Automount Point[0m.
[    7.884636] systemd[1]: Reached target Local Integrity Protected Volumes.
[[0;32m  OK  [0m] Reached target [0;1;39mLocal Integrity Protected Volumes[0m.
[    7.886751] systemd[1]: Reached target Slice Units.
[[0;32m  OK  [0m] Reached target [0;1;39mSlice Units[0m.
[    7.888296] systemd[1]: Reached target Swaps.
[[0;32m  OK  [0m] Reached target [0;1;39mSwaps[0m.
[    7.889786] systemd[1]: Reached target Local Verity Protected Volumes.
[[0;32m  OK  [0m] Reached target [0;1;39mLocal Verity Protected Volumes[0m.
[    7.892343] systemd[1]: Listening on Device-mapper event daemon FIFOs.
[[0;32m  OK  [0m] Listening on [0;1;39mDevice-mapper event daemon FIFOs[0m.
[    7.895280] systemd[1]: Listening on LVM2 poll daemon socket.
[[0;32m  OK  [0m] Listening on [0;1;39mLVM2 poll daemon socket[0m.
[    7.897270] systemd[1]: multipathd control socket was skipped because of an unmet condition check (ConditionPathExists=/etc/multipath.conf).
[    7.990015] systemd[1]: Listening on RPCbind Server Activation Socket.
[[0;32m  OK  [0m] Listening on [0;1;39mRPCbind Server Activation Socket[0m.
[    7.991818] systemd[1]: Reached target RPC Port Mapper.
[[0;32m  OK  [0m] Reached target [0;1;39mRPC Port Mapper[0m.
[    7.997625] systemd[1]: Listening on Process Core Dump Socket.
[[0;32m  OK  [0m] Listening on [0;1;39mProcess Core Dump Socket[0m.
[    7.999538] systemd[1]: Listening on initctl Compatibility Named Pipe.
[[0;32m  OK  [0m] Listening on [0;1;39minitctl Compatibility Named Pipe[0m.
[    8.003487] systemd[1]: Listening on Journal Socket (/dev/log).
[[0;32m  OK  [0m] Listening on [0;1;39mJournal Socket (/dev/log)[0m.
[    8.006862] systemd[1]: Listening on Journal Socket.
[[0;32m  OK  [0m] Listening on [0;1;39mJournal Socket[0m.
[    8.010187] systemd[1]: Listening on udev Control Socket.
[[0;32m  OK  [0m] Listening on [0;1;39mudev Control Socket[0m.
[    8.013123] systemd[1]: Listening on udev Kernel Socket.
[[0;32m  OK  [0m] Listening on [0;1;39mudev Kernel Socket[0m.
[    8.050149] systemd[1]: Mounting Huge Pages File System...
         Mounting [0;1;39mHuge Pages File System[0m...
[    8.065265] systemd[1]: Mounting POSIX Message Queue File System...
         Mounting [0;1;39mPOSIX Message Queue File System[0m...
[    8.079852] systemd[1]: Mounting Kernel Debug File System...
         Mounting [0;1;39mKernel Debug File System[0m...
[    8.093362] systemd[1]: Mounting Kernel Trace File System...
         Mounting [0;1;39mKernel Trace File System[0m...
[    8.097184] systemd[1]: Kernel Module supporting RPCSEC_GSS was skipped because of an unmet condition check (ConditionPathExists=/etc/krb5.keytab).
[    8.099070] systemd[1]: Create List of Static Device Nodes was skipped because of an unmet condition check (ConditionFileNotEmpty=/lib/modules/6.11.0-rc1-588797b95962+/modules.devname).
[    8.108606] systemd[1]: Starting Monitoring of LVM2 mirrors, snapshots etc. using dmeventd or progress polling...
         Starting [0;1;39mMonitoring of LVM…meventd or progress polling[0m...
[    8.120557] systemd[1]: Starting Load Kernel Module configfs...
         Starting [0;1;39mLoad Kernel Module configfs[0m...
[    8.132576] systemd[1]: Starting Load Kernel Module drm...
         Starting [0;1;39mLoad Kernel Module drm[0m...
[    8.156092] systemd[1]: Starting Load Kernel Module fuse...
         Starting [0;1;39mLoad Kernel Module fuse[0m...
[    8.174602] systemd[1]: Starting Read and set NIS domainname from /etc/sysconfig/network...
         Starting [0;1;39mRead and set NIS …from /etc/sysconfig/network[0m...
[    8.222469] systemd[1]: Starting Journal Service...
         Starting [0;1;39mJournal Service[0m...
[    8.247921] systemd[1]: Starting Load Kernel Modules...
         Starting [0;1;39mLoad Kernel Modules[0m...
[    8.264986] systemd[1]: Starting Generate network units from Kernel command line...
         Starting [0;1;39mGenerate network …ts from Kernel command line[0m...
[    8.294518] systemd[1]: Starting Remount Root and Kernel File Systems...
         Starting [0;1;39mRemount Root and Kernel File Systems[0m...
[    8.305758] systemd[1]: Repartition Root Disk was skipped because no trigger condition checks were met.
[    8.350140] systemd[1]: Starting Coldplug All udev Devices...
         Starting [0;1;39mColdplug All udev Devices[0m...
[    8.386899] systemd[1]: Mounted Huge Pages File System.
[[0;32m  OK  [0m] Mounted [0;1;39mHuge Pages File System[0m.
[    8.394353] systemd[1]: Mounted POSIX Message Queue File System.
[[0;32m  OK  [0m] Mounted [0;1;39mPOSIX Message Queue File System[0m.
[    8.396446] systemd[1]: Mounted Kernel Debug File System.
[[0;32m  OK  [0m] Mounted [0;1;39mKernel Debug File System[0m.
[    8.399405] systemd[1]: Mounted Kernel Trace File System.
[[0;32m  OK  [0m] Mounted [0;1;39mKernel Trace File System[0m.
[    8.409363] systemd[1]: Finished Monitoring of LVM2 mirrors, snapshots etc. using dmeventd or progress polling.
[[0;32m  OK  [0m] Finished [0;1;39mMonitoring of LVM… dmeventd or progress polling[0m.
[    8.416363] systemd[1]: modprobe@configfs.service: Deactivated successfully.
[    8.422130] systemd[1]: Finished Load Kernel Module configfs.
[[0;32m  OK  [0m] Finished [0;1;39mLoad Kernel Module configfs[0m.
[    8.430532] systemd[1]: modprobe@drm.service: Deactivated successfully.
[    8.438383] systemd[1]: Finished Load Kernel Module drm.
[[0;32m  OK  [0m] Finished [0;1;39mLoad Kernel Module drm[0m.
[    8.442358] systemd[1]: modprobe@fuse.service: Deactivated successfully.
[    8.444420] systemd[1]: Finished Load Kernel Module fuse.
[[0;32m  OK  [0m] Finished [0;1;39mLoad Kernel Module fuse[0m.
[    8.457086] systemd[1]: Finished Read and set NIS domainname from /etc/sysconfig/network.
[[0;32m  OK  [0m] Finished [0;1;39mRead and set NIS …e from /etc/sysconfig/network[0m.
[    8.462575] systemd[1]: systemd-modules-load.service: Main process exited, code=exited, status=1/FAILURE
[    8.464394] systemd[1]: systemd-modules-load.service: Failed with result 'exit-code'.
[    8.470011] EXT4-fs (sda): re-mounted 088740a9-c8b4-422c-999d-a804eb68a4da r/w. Quota mode: none.
[    8.470619] systemd[1]: Failed to start Load Kernel Modules.
[[0;1;31mFAILED[0m] Failed to start [0;1;39mLoad Kernel Modules[0m.
See 'systemctl status systemd-modules-load.service' for details.
[    8.485294] systemd[1]: Finished Generate network units from Kernel command line.
[[0;32m  OK  [0m] Finished [0;1;39mGenerate network units from Kernel command line[0m.
[    8.496177] systemd[1]: Finished Remount Root and Kernel File Systems.
[[0;32m  OK  [0m] Finished [0;1;39mRemount Root and Kernel File Systems[0m.
[    8.505615] systemd[1]: Reached target Preparation for Network.
[[0;32m  OK  [0m] Reached target [0;1;39mPreparation for Network[0m.
[    8.534319] systemd[1]: Mounting FUSE Control File System...
         Mounting [0;1;39mFUSE Control File System[0m...
[    8.557827] systemd[1]: Mounting Kernel Configuration File System...
         Mounting [0;1;39mKernel Configuration File System[0m...
[    8.562084] systemd[1]: Special handling of early boot iSCSI sessions was skipped because of an unmet condition check (ConditionDirectoryNotEmpty=/sys/class/iscsi_session).
[    8.563333] systemd[1]: First Boot Wizard was skipped because of an unmet condition check (ConditionFirstBoot=yes).
[    8.573101] systemd[1]: Rebuild Hardware Database was skipped because of an unmet condition check (ConditionNeedsUpdate=/etc).
[    8.586675] systemd[1]: Starting Load/Save Random Seed...
         Starting [0;1;39mLoad/Save Random Seed[0m...
[    8.618062] systemd[1]: Starting Apply Kernel Variables...
         Starting [0;1;39mApply Kernel Variables[0m...
[    8.629954] systemd[1]: Create System Users was skipped because no trigger condition checks were met.
[    8.650514] systemd[1]: Starting Create Static Device Nodes in /dev...
         Starting [0;1;39mCreate Static Device Nodes in /dev[0m...
[    8.696079] systemd[1]: Starting Setup Virtual Console...
         Starting [0;1;39mSetup Virtual Console[0m...
[    8.724069] systemd[1]: Started Journal Service.
[[0;32m  OK  [0m] Started [0;1;39mJournal Service[0m.
[[0;32m  OK  [0m] Mounted [0;1;39mFUSE Control File System[0m.
[[0;32m  OK  [0m] Mounted [0;1;39mKernel Configuration File System[0m.
[[0;32m  OK  [0m] Finished [0;1;39mLoad/Save Random Seed[0m.
         Starting [0;1;39mFlush Journal to Persistent Storage[0m...
[[0;32m  OK  [0m] Finished [0;1;39mApply Kernel Variables[0m.
[[0;32m  OK  [0m] Finished [0;1;39mCreate Static Device Nodes in /dev[0m.
[    8.940702] systemd-journald[147]: Received client request to flush runtime journal.
         Starting [0;1;39mRule-based Manage…for Device Events and Files[0m...
[[0;32m  OK  [0m] Finished [0;1;39mFlush Journal to Persistent Storage[0m.
[[0;32m  OK  [0m] Started [0;1;39mRule-based Manager for Device Events and Files[0m.
         Starting [0;1;39mAuto-connect to s…E devices found during boot[0m...
[[0;32m  OK  [0m] Finished [0;1;39mAuto-connect to s…VME devices found during boot[0m.
[[0;32m  OK  [0m] Finished [0;1;39mColdplug All udev Devices[0m.
         Starting [0;1;39mWait for udev To …plete Device Initialization[0m...
[[0;32m  OK  [0m] Finished [0;1;39mSetup Virtual Console[0m.
[[0;32m  OK  [0m] Started [0;1;39mDispatch Password …ts to Console Directory Watch[0m.
[[0;32m  OK  [0m] Reached target [0;1;39mLocal Encrypted Volumes[0m.
[[0;32m  OK  [0m] Reached target [0;1;39mPath Units[0m.
[[0;32m  OK  [0m] Found device [0;1;39m/dev/ttyS0[0m.
[[0;32m  OK  [0m] Listening on [0;1;39mLoad/Save RF …itch Status /dev/rfkill Watch[0m.
[[0;32m  OK  [0m] Finished [0;1;39mWait for udev To Complete Device Initialization[0m.
[[0;32m  OK  [0m] Reached target [0;1;39mPreparation for Local File Systems[0m.
[[0;32m  OK  [0m] Reached target [0;1;39mLocal File Systems[0m.
         Starting [0;1;39mTell Plymouth To Write Out Runtime Data[0m...
         Starting [0;1;39mAutomatic Boot Loader Update[0m...
         Starting [0;1;39mCreate Volatile Files and Directories[0m...
[[0;32m  OK  [0m] Finished [0;1;39mTell Plymouth To Write Out Runtime Data[0m.
[[0;32m  OK  [0m] Finished [0;1;39mAutomatic Boot Loader Update[0m.
[[0;32m  OK  [0m] Finished [0;1;39mCreate Volatile Files and Directories[0m.
         Mounting [0;1;39mRPC Pipe File System[0m...
         Starting [0;1;39mSecurity Auditing Service[0m...
         Starting [0;1;39mRPC Bind[0m...
[[0;32m  OK  [0m] Mounted [0;1;39mRPC Pipe File System[0m.
[[0;32m  OK  [0m] Reached target [0;1;39mrpc_pipefs.target[0m.
[[0;32m  OK  [0m] Started [0;1;39mRPC Bind[0m.
[[0;32m  OK  [0m] Started [0;1;39mSecurity Auditing Service[0m.
         Starting [0;1;39mRecord System Boot/Shutdown in UTMP[0m...
[[0;32m  OK  [0m] Finished [0;1;39mRecord System Boot/Shutdown in UTMP[0m.
[[0;32m  OK  [0m] Reached target [0;1;39mSystem Initialization[0m.
[[0;32m  OK  [0m] Started [0;1;39mDaily rotation of log files[0m.
[[0;32m  OK  [0m] Started [0;1;39mUpdates mlocate database every day[0m.
[[0;32m  OK  [0m] Started [0;1;39mDaily Cleanup of Temporary Directories[0m.
[[0;32m  OK  [0m] Started [0;1;39mdaily update of the root trust anchor for DNSSEC[0m.
[[0;32m  OK  [0m] Reached target [0;1;39mTimer Units[0m.
[[0;32m  OK  [0m] Listening on [0;1;39mD-Bus System Message Bus Socket[0m.
[[0;32m  OK  [0m] Listening on [0;1;39mOpen-iSCSI iscsid Socket[0m.
[[0;32m  OK  [0m] Listening on [0;1;39mOpen-iSCSI iscsiuio Socket[0m.
[[0;32m  OK  [0m] Listening on [0;1;39mSSSD Kerberos…ache Manager responder socket[0m.
[[0;32m  OK  [0m] Listening on [0;1;39mLibvirt interface local socket[0m.
[[0;32m  OK  [0m] Listening on [0;1;39mVirtual machine lock manager socket[0m.
[[0;32m  OK  [0m] Listening on [0;1;39mVirtual machine log manager socket[0m.
[[0;32m  OK  [0m] Listening on [0;1;39mLibvirt network local socket[0m.
[[0;32m  OK  [0m] Listening on [0;1;39mLibvirt nodedev local socket[0m.
[[0;32m  OK  [0m] Listening on [0;1;39mLibvirt nwfilter local socket[0m.
[[0;32m  OK  [0m] Listening on [0;1;39mLibvirt proxy local socket[0m.
[[0;32m  OK  [0m] Listening on [0;1;39mLibvirt qemu local socket[0m.
[[0;32m  OK  [0m] Listening on [0;1;39mLibvirt qemu admin socket[0m.
[[0;32m  OK  [0m] Listening on [0;1;39mLibvirt qemu local read-only socket[0m.
[[0;32m  OK  [0m] Listening on [0;1;39mLibvirt secret local socket[0m.
[[0;32m  OK  [0m] Listening on [0;1;39mLibvirt storage local socket[0m.
[[0;32m  OK  [0m] Reached target [0;1;39mSocket Units[0m.
         Starting [0;1;39mD-Bus System Message Bus[0m...
[[0;32m  OK  [0m] Started [0;1;39mD-Bus System Message Bus[0m.
[[0;32m  OK  [0m] Reached target [0;1;39mBasic System[0m.
         Starting [0;1;39mNetwork Manager[0m...
         Starting [0;1;39mNTP client/server[0m...
         Starting [0;1;39mRestore /run/initramfs on shutdown[0m...
[[0;32m  OK  [0m] Started [0;1;39mirqbalance daemon[0m.
[[0;32m  OK  [0m] Started [0;1;39mlibstoragemgmt plug-in server daemon[0m.
[[0;32m  OK  [0m] Started [0;1;39mMachine Check Exception Logging Daemon[0m.
[[0;32m  OK  [0m] Reached target [0;1;39msshd-keygen.target[0m.
[[0;32m  OK  [0m] Reached target [0;1;39mUser and Group Name Lookups[0m.
         Starting [0;1;39mUser Login Management[0m...
         Starting [0;1;39mVirtual Machine a…tainer Registration Service[0m...
         Starting [0;1;39mupdate of the roo…NSSEC validation in unbound[0m...
         Starting [0;1;39mRotate log files[0m...
[[0;32m  OK  [0m] Started [0;1;39mUpdate a database for mlocate[0m.
[[0;32m  OK  [0m] Started [0;1;39mNTP client/server[0m.
[[0;32m  OK  [0m] Finished [0;1;39mRestore /run/initramfs on shutdown[0m.
[[0;32m  OK  [0m] Started [0;1;39mVirtual Machine an…ontainer Registration Service[0m.
         Starting [0;1;39mHostname Service[0m...
[[0;32m  OK  [0m] Finished [0;1;39mupdate of the roo… DNSSEC validation in unbound[0m.
[[0;32m  OK  [0m] Started [0;1;39mUser Login Management[0m.
[[0;32m  OK  [0m] Started [0;1;39mHostname Service[0m.
         Starting [0;1;39mNetwork Manager Script Dispatcher Service[0m...
[[0;32m  OK  [0m] Finished [0;1;39mRotate log files[0m.
[[0;32m  OK  [0m] Started [0;1;39mNetwork Manager Script Dispatcher Service[0m.
[   13.677831] e1000: eth0 NIC Link is Up 1000 Mbps Full Duplex, Flow Control: RX
[[0;32m  OK  [0m] Started [0;1;39mNetwork Manager[0m.
[[0;32m  OK  [0m] Reached target [0;1;39mNetwork[0m.
[[0;32m  OK  [0m] Reached target [0;1;39mNetwork is Online[0m.
         Starting [0;1;39mGSSAPI Proxy Daemon[0m...
         Starting [0;1;39mNotify NFS peers of a restart[0m...
         Starting [0;1;39mSystem Logging Service[0m...
         Starting [0;1;39mOpenSSH server daemon[0m...
         Starting [0;1;39mDynamic System Tuning Daemon[0m...
[[0;32m  OK  [0m] Started [0;1;39mNotify NFS peers of a restart[0m.
[[0;32m  OK  [0m] Started [0;1;39mOpenSSH server daemon[0m.
[[0;32m  OK  [0m] Started [0;1;39mGSSAPI Proxy Daemon[0m.
[[0;32m  OK  [0m] Reached target [0;1;39mNFS client services[0m.
[[0;32m  OK  [0m] Reached target [0;1;39mPreparation for Remote File Systems[0m.
[[0;32m  OK  [0m] Reached target [0;1;39mRemote File Systems[0m.
         Starting [0;1;39mPermit User Sessions[0m...
         Starting [0;1;39mVirtualization qemu daemon[0m...
[[0;32m  OK  [0m] Started [0;1;39mSystem Logging Service[0m.
[[0;32m  OK  [0m] Finished [0;1;39mPermit User Sessions[0m.
[[0;32m  OK  [0m] Started [0;1;39mDeferred execution scheduler[0m.
[[0;32m  OK  [0m] Started [0;1;39mCommand Scheduler[0m.
         Starting [0;1;39mHold until boot process finishes up[0m...
         Starting [0;1;39mTerminate Plymouth Boot Screen[0m...
[[0;32m  OK  [0m] Finished [0;1;39mHold until boot process finishes up[0m.
[[0;32m  OK  [0m] Started [0;1;39mGetty on tty1[0m.
[[0;32m  OK  [0m] Started [0;1;39mSerial Getty on ttyS0[0m.
[[0;32m  OK  [0m] Reached target [0;1;39mLogin Prompts[0m.
[[0;32m  OK  [0m] Finished [0;1;39mTerminate Plymouth Boot Screen[0m.
[[0;32m  OK  [0m] Started [0;1;39mVirtualization qemu daemon[0m.
         Starting [0;1;39mAuthorization Manager[0m...
[[0;32m  OK  [0m] Started [0;1;39mAuthorization Manager[0m.
[[0;32m  OK  [0m] Started [0;1;39mDynamic System Tuning Daemon[0m.
[[0;32m  OK  [0m] Reached target [0;1;39mMulti-User System[0m.
         Starting [0;1;39mRecord Runlevel Change in UTMP[0m...
[[0;32m  OK  [0m] Finished [0;1;39mRecord Runlevel Change in UTMP[0m.

CentOS Stream 9
Kernel 6.11.0-rc1-588797b95962+ on an x86_64

Activate the web console with: systemctl enable --now cockpit.socket

test login: 