c[?7l[2J[0mSeaBIOS (version rel-1.16.3-0-ga6ed6b701f0a-prebuilt.qemu.org)


iPXE (http://ipxe.org) 00:03.0 CA00 PCI2.10 PnP PMM+7EFD0D60+7EF30D60 CA00
Press Ctrl-B to configure iPXE (PCI 00:03.0)...                                                                               


Booting from ROM..c[?7l[2J[    0.000000] Linux version 6.4.0-rc4-b066935bf833+ (root@gnr-800442) (gcc (GCC) 11.4.1 20231218 (Red Hat 11.4.1-3), GNU ld version 2.35.2-48.el9) #1 SMP PREEMPT_DYNAMIC Fri Aug  9 17:42:40 CST 2024
[    0.000000] Command line: console=ttyS0 root=/dev/sda earlyprintk=serial net.ifnames=0 plymouth.enable=0
[    0.000000] KERNEL supported cpus:
[    0.000000]   Intel GenuineIntel
[    0.000000]   AMD AuthenticAMD
[    0.000000]   Hygon HygonGenuine
[    0.000000]   Centaur CentaurHauls
[    0.000000]   zhaoxin   Shanghai  
[    0.000000] x86/split lock detection: #DB: warning on user-space bus_locks
[    0.000000] x86/fpu: Supporting XSAVE feature 0x001: 'x87 floating point registers'
[    0.000000] x86/fpu: Supporting XSAVE feature 0x002: 'SSE registers'
[    0.000000] x86/fpu: Supporting XSAVE feature 0x004: 'AVX registers'
[    0.000000] x86/fpu: Supporting XSAVE feature 0x020: 'AVX-512 opmask'
[    0.000000] x86/fpu: Supporting XSAVE feature 0x040: 'AVX-512 Hi256'
[    0.000000] x86/fpu: Supporting XSAVE feature 0x080: 'AVX-512 ZMM_Hi256'
[    0.000000] x86/fpu: Supporting XSAVE feature 0x200: 'Protection Keys User registers'
[    0.000000] x86/fpu: Supporting XSAVE feature 0x20000: 'AMX Tile config'
[    0.000000] x86/fpu: Supporting XSAVE feature 0x40000: 'AMX Tile data'
[    0.000000] x86/fpu: xstate_offset[2]:  576, xstate_sizes[2]:  256
[    0.000000] x86/fpu: xstate_offset[5]:  832, xstate_sizes[5]:   64
[    0.000000] x86/fpu: xstate_offset[6]:  896, xstate_sizes[6]:  512
[    0.000000] x86/fpu: xstate_offset[7]: 1408, xstate_sizes[7]: 1024
[    0.000000] x86/fpu: xstate_offset[9]: 2432, xstate_sizes[9]:    8
[    0.000000] x86/fpu: xstate_offset[17]: 2496, xstate_sizes[17]:   64
[    0.000000] x86/fpu: xstate_offset[18]: 2560, xstate_sizes[18]: 8192
[    0.000000] x86/fpu: Enabled xstate features 0x602e7, context size is 10752 bytes, using 'compacted' format.
[    0.000000] signal: max sigframe size: 11952
[    0.000000] BIOS-provided physical RAM map:
[    0.000000] BIOS-e820: [mem 0x0000000000000000-0x000000000009fbff] usable
[    0.000000] BIOS-e820: [mem 0x000000000009fc00-0x000000000009ffff] reserved
[    0.000000] BIOS-e820: [mem 0x00000000000f0000-0x00000000000fffff] reserved
[    0.000000] BIOS-e820: [mem 0x0000000000100000-0x000000007ffdffff] usable
[    0.000000] BIOS-e820: [mem 0x000000007ffe0000-0x000000007fffffff] reserved
[    0.000000] BIOS-e820: [mem 0x00000000feffc000-0x00000000feffffff] reserved
[    0.000000] BIOS-e820: [mem 0x00000000fffc0000-0x00000000ffffffff] reserved
[    0.000000] printk: bootconsole [earlyser0] enabled
[    0.000000] NX (Execute Disable) protection: active
[    0.000000] SMBIOS 3.0.0 present.
[    0.000000] DMI: QEMU Standard PC (i440FX + PIIX, 1996), BIOS rel-1.16.3-0-ga6ed6b701f0a-prebuilt.qemu.org 04/01/2014
[    0.000000] Hypervisor detected: KVM
[    0.000000] kvm-clock: Using msrs 4b564d01 and 4b564d00
[    0.000004] kvm-clock: using sched offset of 663825118 cycles
[    0.000494] clocksource: kvm-clock: mask: 0xffffffffffffffff max_cycles: 0x1cd42e4dffb, max_idle_ns: 881590591483 ns
[    0.002019] tsc: Detected 2500.000 MHz processor
[    0.008512] last_pfn = 0x7ffe0 max_arch_pfn = 0x10000000000
[    0.009082] x86/PAT: Configuration [0-7]: WB  WC  UC- UC  WB  WP  UC- WT  
[    0.014396] found SMP MP-table at [mem 0x000f5480-0x000f548f]
[    0.014973] Using GB pages for direct mapping
[    0.016276] ACPI: Early table checksum verification disabled
[    0.016802] ACPI: RSDP 0x00000000000F52A0 000014 (v00 BOCHS )
[    0.017365] ACPI: RSDT 0x000000007FFE1C9B 000034 (v01 BOCHS  BXPC     00000001 BXPC 00000001)
[    0.018183] ACPI: FACP 0x000000007FFE1B47 000074 (v01 BOCHS  BXPC     00000001 BXPC 00000001)
[    0.018991] ACPI: DSDT 0x000000007FFE0040 001B07 (v01 BOCHS  BXPC     00000001 BXPC 00000001)
[    0.019804] ACPI: FACS 0x000000007FFE0000 000040
[    0.020250] ACPI: APIC 0x000000007FFE1BBB 000080 (v03 BOCHS  BXPC     00000001 BXPC 00000001)
[    0.021043] ACPI: HPET 0x000000007FFE1C3B 000038 (v01 BOCHS  BXPC     00000001 BXPC 00000001)
[    0.021858] ACPI: WAET 0x000000007FFE1C73 000028 (v01 BOCHS  BXPC     00000001 BXPC 00000001)
[    0.022691] ACPI: Reserving FACP table memory at [mem 0x7ffe1b47-0x7ffe1bba]
[    0.023358] ACPI: Reserving DSDT table memory at [mem 0x7ffe0040-0x7ffe1b46]
[    0.024025] ACPI: Reserving FACS table memory at [mem 0x7ffe0000-0x7ffe003f]
[    0.024703] ACPI: Reserving APIC table memory at [mem 0x7ffe1bbb-0x7ffe1c3a]
[    0.025388] ACPI: Reserving HPET table memory at [mem 0x7ffe1c3b-0x7ffe1c72]
[    0.026036] ACPI: Reserving WAET table memory at [mem 0x7ffe1c73-0x7ffe1c9a]
[    0.027250] No NUMA configuration found
[    0.027613] Faking a node at [mem 0x0000000000000000-0x000000007ffdffff]
[    0.028281] NODE_DATA(0) allocated [mem 0x7ffb5000-0x7ffdffff]
[    0.031358] Zone ranges:
[    0.031639]   DMA      [mem 0x0000000000001000-0x0000000000ffffff]
[    0.032236]   DMA32    [mem 0x0000000001000000-0x000000007ffdffff]
[    0.032807]   Normal   empty
[    0.033080]   Device   empty
[    0.033358] Movable zone start for each node
[    0.033766] Early memory node ranges
[    0.034100]   node   0: [mem 0x0000000000001000-0x000000000009efff]
[    0.034687]   node   0: [mem 0x0000000000100000-0x000000007ffdffff]
[    0.035282] Initmem setup node 0 [mem 0x0000000000001000-0x000000007ffdffff]
[    0.036376] On node 0, zone DMA: 1 pages in unavailable ranges
[    0.036576] On node 0, zone DMA: 97 pages in unavailable ranges
[    0.069722] On node 0, zone DMA32: 32 pages in unavailable ranges
[    0.156863] kasan: KernelAddressSanitizer initialized
[    0.158236] ACPI: PM-Timer IO Port: 0x608
[    0.158656] ACPI: LAPIC_NMI (acpi_id[0xff] dfl dfl lint[0x1])
[    0.159281] IOAPIC[0]: apic_id 0, version 17, address 0xfec00000, GSI 0-23
[    0.159937] ACPI: INT_SRC_OVR (bus 0 bus_irq 0 global_irq 2 dfl dfl)
[    0.160531] ACPI: INT_SRC_OVR (bus 0 bus_irq 5 global_irq 5 high level)
[    0.161158] ACPI: INT_SRC_OVR (bus 0 bus_irq 9 global_irq 9 high level)
[    0.161788] ACPI: INT_SRC_OVR (bus 0 bus_irq 10 global_irq 10 high level)
[    0.162418] ACPI: INT_SRC_OVR (bus 0 bus_irq 11 global_irq 11 high level)
[    0.163063] ACPI: Using ACPI (MADT) for SMP configuration information
[    0.163653] ACPI: HPET id: 0x8086a201 base: 0xfed00000
[    0.164156] TSC deadline timer available
[    0.164528] smpboot: Allowing 2 CPUs, 0 hotplug CPUs
[    0.165032] kvm-guest: KVM setup pv remote TLB flush
[    0.165496] kvm-guest: setup PV sched yield
[    0.165920] PM: hibernation: Registered nosave memory: [mem 0x00000000-0x00000fff]
[    0.166629] PM: hibernation: Registered nosave memory: [mem 0x0009f000-0x0009ffff]
[    0.167325] PM: hibernation: Registered nosave memory: [mem 0x000a0000-0x000effff]
[    0.168032] PM: hibernation: Registered nosave memory: [mem 0x000f0000-0x000fffff]
[    0.168745] [mem 0x80000000-0xfeffbfff] available for PCI devices
[    0.169319] Booting paravirtualized kernel on KVM
[    0.169762] clocksource: refined-jiffies: mask: 0xffffffff max_cycles: 0xffffffff, max_idle_ns: 7645519600211568 ns
[    0.170757] setup_percpu: NR_CPUS:8192 nr_cpumask_bits:2 nr_cpu_ids:2 nr_node_ids:1
[    0.172279] percpu: Embedded 82 pages/cpu s299008 r8192 d28672 u1048576
[    0.173134] kvm-guest: PV spinlocks enabled
[    0.173550] PV qspinlock hash table entries: 256 (order: 0, 4096 bytes, linear)
[    0.174260] Kernel command line: net.ifnames=0 console=ttyS0 root=/dev/sda earlyprintk=serial net.ifnames=0 plymouth.enable=0
[    0.175694] random: crng init done
[    0.176647] Dentry cache hash table entries: 262144 (order: 9, 2097152 bytes, linear)
[    0.177672] Inode-cache hash table entries: 131072 (order: 8, 1048576 bytes, linear)
[    0.178705] Fallback order for Node 0: 0 
[    0.178719] Built 1 zonelists, mobility grouping on.  Total pages: 515808
[    0.179721] Policy zone: DMA32
[    0.180000] mem auto-init: stack:off, heap alloc:off, heap free:off
[    0.180571] stackdepot: allocating hash table via alloc_large_system_hash
[    0.183611] stackdepot hash table entries: 1048576 (order: 11, 8388608 bytes, linear)
[    0.231358] Memory: 1563044K/2096632K available (71680K kernel code, 13905K rwdata, 16076K rodata, 14440K init, 81972K bss, 533388K reserved, 0K cma-reserved)
[    0.233356] SLUB: HWalign=64, Order=0-3, MinObjects=0, CPUs=2, Nodes=1
[    0.233944] kmemleak: Kernel memory leak detector disabled
[    0.234552] ftrace: allocating 66884 entries in 262 pages
[    0.260795] ftrace: allocated 262 pages with 3 groups
[    0.264821] Dynamic Preempt: voluntary
[    0.265463] Running RCU self tests
[    0.265771] Running RCU synchronous self tests
[    0.266184] rcu: Preemptible hierarchical RCU implementation.
[    0.266702] rcu: 	RCU lockdep checking is enabled.
[    0.267133] rcu: 	RCU restricting CPUs from NR_CPUS=8192 to nr_cpu_ids=2.
[    0.267753] 	Trampoline variant of Tasks RCU enabled.
[    0.268182] 	Rude variant of Tasks RCU enabled.
[    0.268551] 	Tracing variant of Tasks RCU enabled.
[    0.268952] rcu: RCU calculated value of scheduler-enlistment delay is 25 jiffies.
[    0.269579] rcu: Adjusting geometry for rcu_fanout_leaf=16, nr_cpu_ids=2
[    0.270180] Running RCU synchronous self tests
[    0.301964] NR_IRQS: 524544, nr_irqs: 440, preallocated irqs: 16
[    0.302900] rcu: srcu_init: Setting srcu_struct sizes based on contention.
[    0.311439] Console: colour VGA+ 80x25
[    0.311828] printk: console [ttyS0] enabled
[    0.311828] printk: console [ttyS0] enabled
[    0.312597] printk: bootconsole [earlyser0] disabled
[    0.312597] printk: bootconsole [earlyser0] disabled
[    0.313547] Lock dependency validator: Copyright (c) 2006 Red Hat, Inc., Ingo Molnar
[    0.314280] ... MAX_LOCKDEP_SUBCLASSES:  8
[    0.314665] ... MAX_LOCK_DEPTH:          48
[    0.315065] ... MAX_LOCKDEP_KEYS:        8192
[    0.315489] ... CLASSHASH_SIZE:          4096
[    0.315907] ... MAX_LOCKDEP_ENTRIES:     524288
[    0.316340] ... MAX_LOCKDEP_CHAINS:      524288
[    0.316764] ... CHAINHASH_SIZE:          262144
[    0.317199]  memory used by lock dependency info: 54081 kB
[    0.317713]  memory used for stack traces: 4224 kB
[    0.318168]  per task-struct memory footprint: 1920 bytes
[    0.318751] ACPI: Core revision 20230331
[    0.319520] clocksource: hpet: mask: 0xffffffff max_cycles: 0xffffffff, max_idle_ns: 19112604467 ns
[    0.320596] APIC: Switch to symmetric I/O mode setup
[    0.321548] x2apic enabled
[    0.322012] Switched APIC routing to physical x2apic.
[    0.322505] kvm-guest: setup PV IPIs
[    0.323957] ..TIMER: vector=0x30 apic1=0 pin1=2 apic2=-1 pin2=-1
[    0.324554] clocksource: tsc-early: mask: 0xffffffffffffffff max_cycles: 0x240939f1bb2, max_idle_ns: 440795263295 ns
[    0.325753] Calibrating delay loop (skipped) preset value.. 5000.00 BogoMIPS (lpj=10000000)
[    0.326552] pid_max: default: 32768 minimum: 301
[    0.327189] LSM: initializing lsm=capability,yama,integrity
[    0.327722] Yama: becoming mindful.
[    0.328330] Mount-cache hash table entries: 4096 (order: 3, 32768 bytes, linear)
[    0.329751] Mountpoint-cache hash table entries: 4096 (order: 3, 32768 bytes, linear)
[    0.332228] x86/cpu: User Mode Instruction Prevention (UMIP) activated
[    0.332973] Last level iTLB entries: 4KB 0, 2MB 0, 4MB 0
[    0.333748] Last level dTLB entries: 4KB 0, 2MB 0, 4MB 0, 1GB 0
[    0.334337] Spectre V1 : Mitigation: usercopy/swapgs barriers and __user pointer sanitization
[    0.335131] Spectre V2 : WARNING: Unprivileged eBPF is enabled with eIBRS on, data leaks possible via Spectre v2 BHB attacks!
[    0.336164] Spectre V2 : Mitigation: Enhanced / Automatic IBRS
[    0.336687] Spectre V2 : Spectre v2 / SpectreRSB mitigation: Filling RSB on context switch
[    0.337743] Spectre V2 : Spectre v2 / PBRSB-eIBRS: Retire a single CALL on VMEXIT
[    0.338432] Spectre V2 : mitigation: Enabling conditional Indirect Branch Prediction Barrier
[    0.339214] Speculative Store Bypass: Mitigation: Speculative Store Bypass disabled via prctl
[    0.339994] MMIO Stale Data: Unknown: No mitigations
[    0.454671] Freeing SMP alternatives memory: 52K
[    0.455174] Running RCU synchronous self tests
[    0.455588] Running RCU synchronous self tests
[    0.456388] smpboot: CPU0: Intel GENUINE INTEL(R) XEON(R) (family: 0x6, model: 0xad, stepping: 0x0)
[    0.461898] cblist_init_generic: Setting adjustable number of callback queues.
[    0.465732] cblist_init_generic: Setting shift to 1 and lim to 1.
[    0.469804] cblist_init_generic: Setting shift to 1 and lim to 1.
[    0.473810] cblist_init_generic: Setting shift to 1 and lim to 1.
[    0.477798] Running RCU-tasks wait API self tests
[    0.585962] Performance Events: PEBS fmt0-, Sapphire Rapids events, full-width counters, Intel PMU driver.
[    0.589748] ... version:                2
[    0.590120] ... bit width:              48
[    0.593740] ... generic registers:      8
[    0.594118] ... value mask:             0000ffffffffffff
[    0.597733] ... max period:             00007fffffffffff
[    0.601732] ... fixed-purpose events:   3
[    0.602106] ... event mask:             00000007000000ff
[    0.605751] Callback from call_rcu_tasks_trace() invoked.
[    0.613757] rcu: Hierarchical SRCU implementation.
[    0.617734] rcu: 	Max phase no-delay instances is 1000.
[    0.642010] smp: Bringing up secondary CPUs ...
[    0.649888] x86: Booting SMP configuration:
[    0.653747] .... node  #0, CPUs:      #1
[    0.665889] smp: Brought up 1 node, 2 CPUs
[    0.670148] smpboot: Max logical packages: 1
[    0.673735] smpboot: Total of 2 processors activated (10000.00 BogoMIPS)
[    0.697761] Callback from call_rcu_tasks_rude() invoked.
[    0.693740] devtmpfs: initialized
[    0.693740] x86/mm: Memory block size: 128MB
[    0.774106] Running RCU synchronous self tests
[    0.777753] Running RCU synchronous self tests
[    0.778180] clocksource: jiffies: mask: 0xffffffff max_cycles: 0xffffffff, max_idle_ns: 7645041785100000 ns
[    0.781741] futex hash table entries: 512 (order: 4, 65536 bytes, linear)
[    0.786096] pinctrl core: initialized pinctrl subsystem
[    0.793977] 
[    0.794142] *************************************************************
[    0.797733] **     NOTICE NOTICE NOTICE NOTICE NOTICE NOTICE NOTICE    **
[    0.801732] **                                                         **
[    0.805741] **  IOMMU DebugFS SUPPORT HAS BEEN ENABLED IN THIS KERNEL  **
[    0.809735] **                                                         **
[    0.813732] ** This means that this kernel is built to expose internal **
[    0.817732] ** IOMMU data structures, which may compromise security on **
[    0.821733] ** your system.                                            **
[    0.825732] **                                                         **
[    0.829764] ** If you see this message and you are not debugging the   **
[    0.833732] ** kernel, report this immediately to your vendor!         **
[    0.837732] **                                                         **
[    0.841732] **     NOTICE NOTICE NOTICE NOTICE NOTICE NOTICE NOTICE    **
[    0.845732] *************************************************************
[    0.849802] PM: RTC time: 09:44:06, date: 2024-08-09
[    0.849831] Callback from call_rcu_tasks() invoked.
[    0.877834] NET: Registered PF_NETLINK/PF_ROUTE protocol family
[    0.886172] DMA: preallocated 256 KiB GFP_KERNEL pool for atomic allocations
[    0.889764] DMA: preallocated 256 KiB GFP_KERNEL|GFP_DMA pool for atomic allocations
[    0.893751] DMA: preallocated 256 KiB GFP_KERNEL|GFP_DMA32 pool for atomic allocations
[    0.897820] audit: initializing netlink subsys (disabled)
[    0.905785] audit: type=2000 audit(1723196647.423:1): state=initialized audit_enabled=0 res=1
[    0.907540] thermal_sys: Registered thermal governor 'fair_share'
[    0.907551] thermal_sys: Registered thermal governor 'bang_bang'
[    0.917749] thermal_sys: Registered thermal governor 'step_wise'
[    0.921734] thermal_sys: Registered thermal governor 'user_space'
[    0.925819] cpuidle: using governor ladder
[    0.930121] cpuidle: using governor menu
[    0.937820] acpiphp: ACPI Hot Plug PCI Controller Driver version: 0.5
[    0.945755] PCI: Using configuration type 1 for base access
[    0.954019] kprobes: kprobe jump-optimization is enabled. All kprobes are optimized if possible.
[    2.041831] HugeTLB: registered 1.00 GiB page size, pre-allocated 0 pages
[    2.045736] HugeTLB: 16380 KiB vmemmap can be freed for a 1.00 GiB page
[    2.049737] HugeTLB: registered 2.00 MiB page size, pre-allocated 0 pages
[    2.057735] HugeTLB: 28 KiB vmemmap can be freed for a 2.00 MiB page
[    2.090183] ACPI: Added _OSI(Module Device)
[    2.097737] ACPI: Added _OSI(Processor Device)
[    2.098145] ACPI: Added _OSI(3.0 _SCP Extensions)
[    2.105734] ACPI: Added _OSI(Processor Aggregator Device)
[    2.217956] ACPI: 1 ACPI AML tables successfully acquired and loaded
[   19.995973] ACPI: Interpreter enabled
[   19.996471] ACPI: PM: (supports S0 S3 S4 S5)
[   19.996872] ACPI: Using IOAPIC for interrupt routing
[   19.997421] PCI: Using host bridge windows from ACPI; if necessary, use "pci=nocrs" and report a bug
[   20.021757] PCI: Using E820 reservations for host bridge windows
[   20.033901] ACPI: Enabled 2 GPEs in block 00 to 0F
[   20.217371] ACPI: PCI Root Bridge [PCI0] (domain 0000 [bus 00-ff])
[   20.217728] acpi PNP0A03:00: _OSC: OS supports [ASPM ClockPM Segments MSI EDR HPX-Type3]
[   20.245751] acpi PNP0A03:00: _OSC: not requesting OS control; OS requires [ExtendedConfig ASPM ClockPM MSI]
[   20.253886] acpi PNP0A03:00: fail to add MMCONFIG information, can't access extended configuration space under this bridge
[   20.269722] acpiphp: Slot [3] registered
[   20.293761] acpiphp: Slot [4] registered
[   20.297762] acpiphp: Slot [5] registered
[   20.301758] acpiphp: Slot [6] registered
[   20.305763] acpiphp: Slot [7] registered
[   20.305772] acpiphp: Slot [8] registered
[   20.306239] acpiphp: Slot [9] registered
[   20.306714] acpiphp: Slot [10] registered
[   20.307184] acpiphp: Slot [11] registered
[   20.307678] acpiphp: Slot [12] registered
[   20.308159] acpiphp: Slot [13] registered
[   20.308643] acpiphp: Slot [14] registered
[   20.309110] acpiphp: Slot [15] registered
[   20.309596] acpiphp: Slot [16] registered
[   20.309728] acpiphp: Slot [17] registered
[   20.337850] acpiphp: Slot [18] registered
[   20.341844] acpiphp: Slot [19] registered
[   20.345843] acpiphp: Slot [20] registered
[   20.349853] acpiphp: Slot [21] registered
[   20.349853] acpiphp: Slot [22] registered
[   20.350315] acpiphp: Slot [23] registered
[   20.350806] acpiphp: Slot [24] registered
[   20.351277] acpiphp: Slot [25] registered
[   20.351760] acpiphp: Slot [26] registered
[   20.352234] acpiphp: Slot [27] registered
[   20.352710] acpiphp: Slot [28] registered
[   20.353183] acpiphp: Slot [29] registered
[   20.353666] acpiphp: Slot [30] registered
[   20.353728] acpiphp: Slot [31] registered
[   20.381795] PCI host bridge to bus 0000:00
[   20.382178] pci_bus 0000:00: root bus resource [io  0x0000-0x0cf7 window]
[   20.389736] pci_bus 0000:00: root bus resource [io  0x0d00-0xffff window]
[   20.393735] pci_bus 0000:00: root bus resource [mem 0x000a0000-0x000bffff window]
[   20.397736] pci_bus 0000:00: root bus resource [mem 0x80000000-0xfebfffff window]
[   20.401735] pci_bus 0000:00: root bus resource [mem 0x100000000-0x17fffffff window]
[   20.405737] pci_bus 0000:00: root bus resource [bus 00-ff]
[   20.409904] pci 0000:00:00.0: [8086:1237] type 00 class 0x060000
[   20.422049] pci 0000:00:01.0: [8086:7000] type 00 class 0x060100
[   20.433885] pci 0000:00:01.1: [8086:7010] type 00 class 0x010180
[   20.449916] pci 0000:00:01.1: reg 0x20: [io  0xc040-0xc04f]
[   20.457917] pci 0000:00:01.1: legacy IDE quirk: reg 0x10: [io  0x01f0-0x01f7]
[   20.461735] pci 0000:00:01.1: legacy IDE quirk: reg 0x14: [io  0x03f6]
[   20.465733] pci 0000:00:01.1: legacy IDE quirk: reg 0x18: [io  0x0170-0x0177]
[   20.469733] pci 0000:00:01.1: legacy IDE quirk: reg 0x1c: [io  0x0376]
[   20.481756] pci 0000:00:01.3: [8086:7113] type 00 class 0x068000
[   20.486064] pci 0000:00:01.3: quirk: [io  0x0600-0x063f] claimed by PIIX4 ACPI
[   20.489739] pci 0000:00:01.3: quirk: [io  0x0700-0x070f] claimed by PIIX4 SMB
[   20.498097] pci 0000:00:02.0: [1234:1111] type 00 class 0x030000
[   20.510182] pci 0000:00:02.0: reg 0x10: [mem 0xfd000000-0xfdffffff pref]
[   20.530030] pci 0000:00:02.0: reg 0x18: [mem 0xfebf0000-0xfebf0fff]
[   20.553743] pci 0000:00:02.0: reg 0x30: [mem 0xfebe0000-0xfebeffff pref]
[   20.557832] pci 0000:00:02.0: Video device with shadowed ROM at [mem 0x000c0000-0x000dffff]
[   20.566154] pci 0000:00:03.0: [8086:100e] type 00 class 0x020000
[   20.578132] pci 0000:00:03.0: reg 0x10: [mem 0xfebc0000-0xfebdffff]
[   20.590017] pci 0000:00:03.0: reg 0x14: [io  0xc000-0xc03f]
[   20.599966] pci 0000:00:03.0: reg 0x30: [mem 0xfeb80000-0xfebbffff pref]
[   20.739317] ACPI: PCI: Interrupt link LNKA configured for IRQ 10
[   20.740699] ACPI: PCI: Interrupt link LNKB configured for IRQ 10
[   20.741728] ACPI: PCI: Interrupt link LNKC configured for IRQ 11
[   20.774046] ACPI: PCI: Interrupt link LNKD configured for IRQ 11
[   20.782071] ACPI: PCI: Interrupt link LNKS configured for IRQ 9
[   20.809764] iommu: Default domain type: Translated 
[   20.813741] iommu: DMA domain TLB invalidation policy: lazy mode 
[   20.834085] SCSI subsystem initialized
[   20.841905] ACPI: bus type USB registered
[   20.845854] usbcore: registered new interface driver usbfs
[   20.849797] usbcore: registered new interface driver hub
[   20.853787] usbcore: registered new device driver usb
[   20.857946] pps_core: LinuxPPS API ver. 1 registered
[   20.861732] pps_core: Software ver. 5.3.6 - Copyright 2005-2007 Rodolfo Giometti <giometti@linux.it>
[   20.865761] PTP clock support registered
[   20.877836] EDAC MC: Ver: 3.0.0
[   20.913781] NetLabel: Initializing
[   20.914170] NetLabel:  domain hash size = 128
[   20.917733] NetLabel:  protocols = UNLABELED CIPSOv4 CALIPSO
[   20.921845] NetLabel:  unlabeled traffic allowed by default
[   20.929933] PCI: Using ACPI for IRQ routing
[   20.937808] pci 0000:00:02.0: vgaarb: setting as boot VGA device
[   20.938401] pci 0000:00:02.0: vgaarb: bridge control possible
[   20.938928] pci 0000:00:02.0: vgaarb: VGA device added: decodes=io+mem,owns=io+mem,locks=none
[   20.941735] vgaarb: loaded
[   20.949992] hpet0: at MMIO 0xfed00000, IRQs 2, 8, 0
[   20.953737] hpet0: 3 comparators, 64-bit 100.000000 MHz counter
[   20.973748] clocksource: Switched to clocksource kvm-clock
[   20.975696] VFS: Disk quotas dquot_6.6.0
[   20.976130] VFS: Dquot-cache hash table entries: 512 (order 0, 4096 bytes)
[   20.977195] pnp: PnP ACPI init
[   20.980707] pnp: PnP ACPI: found 6 devices
[   20.996064] clocksource: acpi_pm: mask: 0xffffff max_cycles: 0xffffff, max_idle_ns: 2085701024 ns
[   20.997248] NET: Registered PF_INET protocol family
[   20.998274] IP idents hash table entries: 32768 (order: 6, 262144 bytes, linear)
[   21.000407] tcp_listen_portaddr_hash hash table entries: 1024 (order: 4, 73728 bytes, linear)
[   21.001243] Table-perturb hash table entries: 65536 (order: 6, 262144 bytes, linear)
[   21.001992] TCP established hash table entries: 16384 (order: 5, 131072 bytes, linear)
[   21.003097] TCP bind hash table entries: 16384 (order: 9, 2359296 bytes, linear)
[   21.005350] TCP: Hash tables configured (established 16384 bind 16384)
[   21.006106] UDP hash table entries: 1024 (order: 5, 163840 bytes, linear)
[   21.006927] UDP-Lite hash table entries: 1024 (order: 5, 163840 bytes, linear)
[   21.007886] NET: Registered PF_UNIX/PF_LOCAL protocol family
[   21.009074] RPC: Registered named UNIX socket transport module.
[   21.009621] RPC: Registered udp transport module.
[   21.010057] RPC: Registered tcp transport module.
[   21.010504] RPC: Registered tcp NFSv4.1 backchannel transport module.
[   21.011103] pci_bus 0000:00: resource 4 [io  0x0000-0x0cf7 window]
[   21.011655] pci_bus 0000:00: resource 5 [io  0x0d00-0xffff window]
[   21.012217] pci_bus 0000:00: resource 6 [mem 0x000a0000-0x000bffff window]
[   21.012837] pci_bus 0000:00: resource 7 [mem 0x80000000-0xfebfffff window]
[   21.013453] pci_bus 0000:00: resource 8 [mem 0x100000000-0x17fffffff window]
[   21.014467] pci 0000:00:01.0: PIIX3: Enabling Passive Release
[   21.015006] pci 0000:00:00.0: Limiting direct PCI/PCI transfers
[   21.015621] PCI: CLS 0 bytes, default 64
[   21.016457] ACPI: bus type thunderbolt registered
[   21.017167] clocksource: tsc: mask: 0xffffffffffffffff max_cycles: 0x240939f1bb2, max_idle_ns: 440795263295 ns
[   21.155477] Initialise system trusted keyrings
[   21.156021] Key type blacklist registered
[   21.157039] workingset: timestamp_bits=36 max_order=19 bucket_order=0
[   21.157780] zbud: loaded
[   21.159404] squashfs: version 4.0 (2009/01/31) Phillip Lougher
[   21.161875] NFS: Registering the id_resolver key type
[   21.162488] Key type id_resolver registered
[   21.162880] Key type id_legacy registered
[   21.163287] nfs4filelayout_init: NFSv4 File Layout Driver Registering...
[   21.163925] nfs4flexfilelayout_init: NFSv4 Flexfile Layout Driver Registering...
[   21.164828] fuse: init (API version 7.38)
[   21.165701] SGI XFS with ACLs, security attributes, realtime, quota, no debug enabled
[   21.167789] 9p: Installing v9fs 9p2000 file system support
[   21.175380] Key type asymmetric registered
[   21.175782] Asymmetric key parser 'x509' registered
[   21.176308] Block layer SCSI generic (bsg) driver version 0.4 loaded (major 243)
[   21.177551] io scheduler mq-deadline registered
[   21.178160] io scheduler bfq registered
[   21.179349] shpchp: Standard Hot Plug PCI Controller Driver version: 0.4
[   21.180610] IPMI message handler: version 39.2
[   21.181117] ipmi device interface
[   21.184072] input: Power Button as /devices/LNXSYSTM:00/LNXPWRBN:00/input/input0
[   21.185663] ACPI: button: Power Button [PWRF]
[   21.188405] ERST DBG: ERST support is disabled.
[   21.190321] Serial: 8250/16550 driver, 32 ports, IRQ sharing enabled
[   21.191568] 00:04: ttyS0 at I/O 0x3f8 (irq = 4, base_baud = 115200) is a 16550A
[   21.206964] Linux agpgart interface v0.103
[   21.209132] ACPI: bus type drm_connector registered
[   21.227492] brd: module loaded
[   21.237766] loop: module loaded
[   21.248807] scsi host0: ata_piix
[   21.250517] scsi host1: ata_piix
[   21.251198] ata1: PATA max MWDMA2 cmd 0x1f0 ctl 0x3f6 bmdma 0xc040 irq 14
[   21.251777] ata2: PATA max MWDMA2 cmd 0x170 ctl 0x376 bmdma 0xc048 irq 15
[   21.254534] tun: Universal TUN/TAP device driver, 1.6
[   21.255275] e100: Intel(R) PRO/100 Network Driver
[   21.255693] e100: Copyright(c) 1999-2006 Intel Corporation
[   21.256233] e1000: Intel(R) PRO/1000 Network Driver
[   21.256675] e1000: Copyright (c) 1999-2006 Intel Corporation.
[   21.410538] ata2: found unknown device (class 0)
[   21.411427] ata1: found unknown device (class 0)
[   21.412313] ata2.00: ATAPI: QEMU DVD-ROM, 2.5+, max UDMA/100
[   21.413238] ata1.00: ATA-7: QEMU HARDDISK, 2.5+, max UDMA/100
[   21.413764] ata1.00: 17196647 sectors, multi 16: LBA48 
[   21.415726] scsi 0:0:0:0: Direct-Access     ATA      QEMU HARDDISK    2.5+ PQ: 0 ANSI: 5
[   21.418093] sd 0:0:0:0: Attached scsi generic sg0 type 0
[   21.418345] sd 0:0:0:0: [sda] 17196647 512-byte logical blocks: (8.80 GB/8.20 GiB)
[   21.419726] scsi 1:0:0:0: CD-ROM            QEMU     QEMU DVD-ROM     2.5+ PQ: 0 ANSI: 5
[   21.419754] sd 0:0:0:0: [sda] Write Protect is off
[   21.421232] sd 0:0:0:0: [sda] Write cache: enabled, read cache: enabled, doesn't support DPO or FUA
[   21.422370] sd 0:0:0:0: [sda] Preferred minimum I/O size 512 bytes
[   21.430785] sd 0:0:0:0: [sda] Attached SCSI disk
[   21.447438] scsi 1:0:0:0: Attached scsi generic sg1 type 5
[   21.898553] ACPI: \_SB_.LNKC: Enabled at IRQ 11
[   22.226108] e1000 0000:00:03.0 eth0: (PCI:33MHz:32-bit) 52:54:00:12:34:56
[   22.226783] e1000 0000:00:03.0 eth0: Intel(R) PRO/1000 Network Connection
[   22.227511] e1000e: Intel(R) PRO/1000 Network Driver
[   22.227951] e1000e: Copyright(c) 1999 - 2015 Intel Corporation.
[   22.228544] igb: Intel(R) Gigabit Ethernet Network Driver
[   22.229030] igb: Copyright (c) 2007-2014 Intel Corporation.
[   22.229672] PPP generic driver version 2.4.2
[   22.231638] VFIO - User Level meta-driver version: 0.3
[   22.233514] usbcore: registered new interface driver uas
[   22.234172] usbcore: registered new interface driver usb-storage
[   22.235044] i8042: PNP: PS/2 Controller [PNP0303:KBD,PNP0f13:MOU] at 0x60,0x64 irq 1,12
[   22.236683] serio: i8042 KBD port at 0x60,0x64 irq 1
[   22.237216] serio: i8042 AUX port at 0x60,0x64 irq 12
[   22.239606] mousedev: PS/2 mouse device common for all mice
[   22.242427] input: AT Translated Set 2 keyboard as /devices/platform/i8042/serio0/input/input1
[   22.245299] input: VirtualPS/2 VMware VMMouse as /devices/platform/i8042/serio1/input/input4
[   22.246479] rtc_cmos 00:05: RTC can wake from S4
[   22.249221] input: VirtualPS/2 VMware VMMouse as /devices/platform/i8042/serio1/input/input3
[   22.251256] rtc_cmos 00:05: registered as rtc0
[   22.251777] rtc_cmos 00:05: setting system clock to 2024-08-09T09:44:09 UTC (1723196649)
[   22.252790] rtc_cmos 00:05: alarms up to one day, y3k, 242 bytes nvram, hpet irqs
[   22.253545] i2c_dev: i2c /dev entries driver
[   22.254042] device-mapper: core: CONFIG_IMA_DISABLE_HTABLE is disabled. Duplicate IMA measurements will not be recorded in the IMA log.
[   22.255193] device-mapper: uevent: version 1.0.3
[   22.256368] device-mapper: ioctl: 4.48.0-ioctl (2023-03-01) initialised: dm-devel@redhat.com
[   22.257242] intel_pstate: CPU model not supported
[   22.257924] sdhci: Secure Digital Host Controller Interface driver
[   22.258542] sdhci: Copyright(c) Pierre Ossman
[   22.259063] sdhci-pltfm: SDHCI platform and OF driver helper
[   22.260051] ledtrig-cpu: registered to indicate activity on CPUs
[   22.261819] drop_monitor: Initializing network drop monitor service
[   22.262858] NET: Registered PF_INET6 protocol family
[   22.273629] Segment Routing with IPv6
[   22.274083] In-situ OAM (IOAM) with IPv6
[   22.274521] NET: Registered PF_PACKET protocol family
[   22.275825] 9pnet: Installing 9P2000 support
[   22.276461] Key type dns_resolver registered
[   22.278996] IPI shorthand broadcast: enabled
[   22.308344] sched_clock: Marking stable (22292004584, 14203775)->(4303326775, 18002881584)
[   22.310167] registered taskstats version 1
[   22.311074] Loading compiled-in X.509 certificates
[   22.347233] Key type .fscrypt registered
[   22.347617] Key type fscrypt-provisioning registered
[   22.352183] Key type encrypted registered
[   22.352717] ima: No TPM chip found, activating TPM-bypass!
[   22.353288] ima: Allocated hash algorithm: sha1
[   22.353791] ima: No architecture policies found
[   22.354357] evm: Initialising EVM extended attributes:
[   22.354832] evm: security.selinux
[   22.355157] evm: security.SMACK64
[   22.355463] evm: security.SMACK64EXEC
[   22.355798] evm: security.SMACK64TRANSMUTE
[   22.356187] evm: security.SMACK64MMAP
[   22.356521] evm: security.apparmor
[   22.356825] evm: security.ima
[   22.357116] evm: security.capability
[   22.357443] evm: HMAC attrs: 0x1
[   22.360350] PM:   Magic number: 4:326:727
[   22.360815] block loop7: hash matches
[   22.362636] RAS: Correctable Errors collector initialized.
[   22.364631] clk: Disabling unused clocks
[   22.366926] md: Waiting for all devices to be available before autodetect
[   22.367509] md: If you don't use raid, use raid=noautodetect
[   22.367870] md: Autodetecting RAID arrays.
[   22.368173] md: autorun ...
[   22.368350] md: ... autorun DONE.
[   22.390450] EXT4-fs (sda): mounted filesystem 088740a9-c8b4-422c-999d-a804eb68a4da ro with ordered data mode. Quota mode: none.
[   22.391265] VFS: Mounted root (ext4 filesystem) readonly on device 8:0.
[   22.395687] devtmpfs: mounted
[   22.412024] Freeing unused decrypted memory: 2036K
[   22.418255] Freeing unused kernel image (initmem) memory: 14440K
[   22.418647] Write protecting the kernel read-only data: 88064k
[   22.420769] Freeing unused kernel image (rodata/data gap) memory: 308K
[   23.611742] x86/mm: Checked W+X mappings: passed, no W+X pages found.
[   23.612363] Run /sbin/init as init process
[   23.952919] systemd[1]: systemd 252-15.el9 running in system mode (+PAM +AUDIT +SELINUX -APPARMOR +IMA +SMACK +SECCOMP +GCRYPT +GNUTLS +OPENSSL +ACL +BLKID +CURL +ELFUTILS -FIDO2 +IDN2 -IDN -IPTC +KMOD +LIBCRYPTSETUP +LIBFDISK +PCRE2 -PWQUALITY +P11KIT -QRENCODE +TPM2 +BZIP2 +LZ4 +XZ +ZLIB +ZSTD -BPF_FRAMEWORK +XKBCOMMON +UTMP +SYSVINIT default-hierarchy=unified)
[   23.954936] systemd[1]: Detected virtualization kvm.
[   23.955267] systemd[1]: Detected architecture x86-64.

Welcome to [0;31mCentOS Stream 9[0m!

[   23.965565] systemd[1]: Hostname set to <test>.
[   24.254634] systemd-rc-local-generator[113]: /etc/rc.d/rc.local is not marked executable, skipping.
[   24.871421] systemd[1]: Queued start job for default target Multi-User System.
[   24.897046] systemd[1]: Created slice Virtual Machine and Container Slice.
[[0;32m  OK  [0m] Created slice [0;1;39mVirtual Machine and Container Slice[0m.
[   24.902039] systemd[1]: Created slice Slice /system/getty.
[[0;32m  OK  [0m] Created slice [0;1;39mSlice /system/getty[0m.
[   24.904826] systemd[1]: Created slice Slice /system/modprobe.
[[0;32m  OK  [0m] Created slice [0;1;39mSlice /system/modprobe[0m.
[   24.907943] systemd[1]: Created slice Slice /system/serial-getty.
[[0;32m  OK  [0m] Created slice [0;1;39mSlice /system/serial-getty[0m.
[   24.910889] systemd[1]: Created slice Slice /system/sshd-keygen.
[[0;32m  OK  [0m] Created slice [0;1;39mSlice /system/sshd-keygen[0m.
[   24.913534] systemd[1]: Created slice User and Session Slice.
[[0;32m  OK  [0m] Created slice [0;1;39mUser and Session Slice[0m.
[   24.915022] systemd[1]: Started Forward Password Requests to Wall Directory Watch.
[[0;32m  OK  [0m] Started [0;1;39mForward Password R…uests to Wall Directory Watch[0m.
[   24.917387] systemd[1]: Set up automount Arbitrary Executable File Formats File System Automount Point.
[[0;32m  OK  [0m] Set up automount [0;1;39mArbitrary…s File System Automount Point[0m.
[   24.919032] systemd[1]: Reached target Local Integrity Protected Volumes.
[[0;32m  OK  [0m] Reached target [0;1;39mLocal Integrity Protected Volumes[0m.
[   24.920216] systemd[1]: Reached target Slice Units.
[[0;32m  OK  [0m] Reached target [0;1;39mSlice Units[0m.
[   24.921105] systemd[1]: Reached target Swaps.
[[0;32m  OK  [0m] Reached target [0;1;39mSwaps[0m.
[   24.921932] systemd[1]: Reached target Local Verity Protected Volumes.
[[0;32m  OK  [0m] Reached target [0;1;39mLocal Verity Protected Volumes[0m.
[   24.923438] systemd[1]: Listening on Device-mapper event daemon FIFOs.
[[0;32m  OK  [0m] Listening on [0;1;39mDevice-mapper event daemon FIFOs[0m.
[   24.925254] systemd[1]: Listening on LVM2 poll daemon socket.
[[0;32m  OK  [0m] Listening on [0;1;39mLVM2 poll daemon socket[0m.
[   24.926617] systemd[1]: multipathd control socket was skipped because of an unmet condition check (ConditionPathExists=/etc/multipath.conf).
[   24.977616] systemd[1]: Listening on RPCbind Server Activation Socket.
[[0;32m  OK  [0m] Listening on [0;1;39mRPCbind Server Activation Socket[0m.
[   24.979023] systemd[1]: Reached target RPC Port Mapper.
[[0;32m  OK  [0m] Reached target [0;1;39mRPC Port Mapper[0m.
[   24.983465] systemd[1]: Listening on Process Core Dump Socket.
[[0;32m  OK  [0m] Listening on [0;1;39mProcess Core Dump Socket[0m.
[   24.984950] systemd[1]: Listening on initctl Compatibility Named Pipe.
[[0;32m  OK  [0m] Listening on [0;1;39minitctl Compatibility Named Pipe[0m.
[   24.986734] systemd[1]: Listening on Journal Socket (/dev/log).
[[0;32m  OK  [0m] Listening on [0;1;39mJournal Socket (/dev/log)[0m.
[   24.988927] systemd[1]: Listening on Journal Socket.
[[0;32m  OK  [0m] Listening on [0;1;39mJournal Socket[0m.
[   24.990863] systemd[1]: Listening on udev Control Socket.
[[0;32m  OK  [0m] Listening on [0;1;39mudev Control Socket[0m.
[   24.992312] systemd[1]: Listening on udev Kernel Socket.
[[0;32m  OK  [0m] Listening on [0;1;39mudev Kernel Socket[0m.
[   25.014954] systemd[1]: Mounting Huge Pages File System...
         Mounting [0;1;39mHuge Pages File System[0m...
[   25.022336] systemd[1]: Mounting POSIX Message Queue File System...
         Mounting [0;1;39mPOSIX Message Queue File System[0m...
[   25.029816] systemd[1]: Mounting Kernel Debug File System...
         Mounting [0;1;39mKernel Debug File System[0m...
[   25.042944] systemd[1]: Mounting Kernel Trace File System...
         Mounting [0;1;39mKernel Trace File System[0m...
[   25.050577] systemd[1]: Kernel Module supporting RPCSEC_GSS was skipped because of an unmet condition check (ConditionPathExists=/etc/krb5.keytab).
[   25.051501] systemd[1]: Create List of Static Device Nodes was skipped because of an unmet condition check (ConditionFileNotEmpty=/lib/modules/6.4.0-rc4-b066935bf833+/modules.devname).
[   25.059440] systemd[1]: Starting Monitoring of LVM2 mirrors, snapshots etc. using dmeventd or progress polling...
         Starting [0;1;39mMonitoring of LVM…meventd or progress polling[0m...
[   25.068545] systemd[1]: Starting Load Kernel Module configfs...
         Starting [0;1;39mLoad Kernel Module configfs[0m...
[   25.090520] systemd[1]: Starting Load Kernel Module drm...
         Starting [0;1;39mLoad Kernel Module drm[0m...
[   25.102111] systemd[1]: Starting Load Kernel Module fuse...
         Starting [0;1;39mLoad Kernel Module fuse[0m...
[   25.113540] systemd[1]: Starting Read and set NIS domainname from /etc/sysconfig/network...
         Starting [0;1;39mRead and set NIS …from /etc/sysconfig/network[0m...
[   25.138954] systemd[1]: Starting Journal Service...
         Starting [0;1;39mJournal Service[0m...
[   25.160248] systemd[1]: Starting Load Kernel Modules...
         Starting [0;1;39mLoad Kernel Modules[0m...
[   25.186756] systemd[1]: Starting Generate network units from Kernel command line...
         Starting [0;1;39mGenerate network …ts from Kernel command line[0m...
[   25.213512] systemd[1]: Starting Remount Root and Kernel File Systems...
         Starting [0;1;39mRemount Root and Kernel File Systems[0m...
[   25.223149] systemd[1]: Repartition Root Disk was skipped because no trigger condition checks were met.
[   25.234834] systemd[1]: Starting Coldplug All udev Devices...
         Starting [0;1;39mColdplug All udev Devices[0m...
[   25.277397] systemd[1]: Mounted Huge Pages File System.
[[0;32m  OK  [0m] Mounted [0;1;39mHuge Pages File System[0m.
[   25.284082] systemd[1]: Mounted POSIX Message Queue File System.
[[0;32m  OK  [0m] Mounted [0;1;39mPOSIX Message Queue File System[0m.
[   25.294868] systemd[1]: Mounted Kernel Debug File System.
[[0;32m  OK  [0m] Mounted [0;1;39mKernel Debug File System[0m.
[   25.296385] systemd[1]: Mounted Kernel Trace File System.
[[0;32m  OK  [0m] Mounted [0;1;39mKernel Trace File System[0m.
[   25.299461] systemd[1]: Finished Monitoring of LVM2 mirrors, snapshots etc. using dmeventd or progress polling.
[[0;32m  OK  [0m] Finished [0;1;39mMonitoring of LVM… dmeventd or progress polling[0m.
[   25.309597] systemd[1]: modprobe@configfs.service: Deactivated successfully.
[   25.311080] systemd[1]: Finished Load Kernel Module configfs.
[[0;32m  OK  [0m] Finished [0;1;39mLoad Kernel Module configfs[0m.
[   25.313580] systemd[1]: modprobe@drm.service: Deactivated successfully.
[   25.318601] systemd[1]: Finished Load Kernel Module drm.
[[0;32m  OK  [0m] Finished [0;1;39mLoad Kernel Module drm[0m.
[   25.323067] systemd[1]: modprobe@fuse.service: Deactivated successfully.
[   25.327603] systemd[1]: Finished Load Kernel Module fuse.
[[0;32m  OK  [0m] Finished [0;1;39mLoad Kernel Module fuse[0m.
[   25.331039] EXT4-fs (sda): re-mounted 088740a9-c8b4-422c-999d-a804eb68a4da r/w. Quota mode: none.
[   25.342573] systemd[1]: Finished Read and set NIS domainname from /etc/sysconfig/network.
[[0;32m  OK  [0m] Finished [0;1;39mRead and set NIS …e from /etc/sysconfig/network[0m.
[   25.347521] systemd[1]: systemd-modules-load.service: Main process exited, code=exited, status=1/FAILURE
[   25.348958] systemd[1]: systemd-modules-load.service: Failed with result 'exit-code'.
[   25.353739] systemd[1]: Failed to start Load Kernel Modules.
[[0;1;31mFAILED[0m] Failed to start [0;1;39mLoad Kernel Modules[0m.
See 'systemctl status systemd-modules-load.service' for details.
[   25.359527] systemd[1]: Started Journal Service.
[[0;32m  OK  [0m] Started [0;1;39mJournal Service[0m.
[[0;32m  OK  [0m] Finished [0;1;39mGenerate network units from Kernel command line[0m.
[[0;32m  OK  [0m] Finished [0;1;39mRemount Root and Kernel File Systems[0m.
[[0;32m  OK  [0m] Reached target [0;1;39mPreparation for Network[0m.
         Mounting [0;1;39mFUSE Control File System[0m...
         Mounting [0;1;39mKernel Configuration File System[0m...
         Starting [0;1;39mFlush Journal to Persistent Storage[0m...
         Starting [0;1;39mLoad/Save Random Seed[0m...
         Starting [0;1;39mApply Kernel Variables[0m...
         Starting [0;1;39mCreate Static Device Nodes in /dev[0m...
         Starting [0;1;39mSetup Virtual Console[0m...
[   25.531547] systemd-journald[137]: Received client request to flush runtime journal.
[[0;32m  OK  [0m] Mounted [0;1;39mFUSE Control File System[0m.
[[0;32m  OK  [0m] Mounted [0;1;39mKernel Configuration File System[0m.
[[0;32m  OK  [0m] Finished [0;1;39mFlush Journal to Persistent Storage[0m.
[[0;32m  OK  [0m] Finished [0;1;39mLoad/Save Random Seed[0m.
[[0;32m  OK  [0m] Finished [0;1;39mApply Kernel Variables[0m.
[[0;32m  OK  [0m] Finished [0;1;39mCreate Static Device Nodes in /dev[0m.
         Starting [0;1;39mRule-based Manage…for Device Events and Files[0m...
[[0;32m  OK  [0m] Started [0;1;39mRule-based Manager for Device Events and Files[0m.
         Starting [0;1;39mAuto-connect to s…E devices found during boot[0m...
[[0;32m  OK  [0m] Finished [0;1;39mAuto-connect to s…VME devices found during boot[0m.
[[0;32m  OK  [0m] Finished [0;1;39mSetup Virtual Console[0m.
[[0;32m  OK  [0m] Finished [0;1;39mColdplug All udev Devices[0m.
[[0;32m  OK  [0m] Started [0;1;39mDispatch Password …ts to Console Directory Watch[0m.
[[0;32m  OK  [0m] Reached target [0;1;39mLocal Encrypted Volumes[0m.
[[0;32m  OK  [0m] Reached target [0;1;39mPath Units[0m.
         Starting [0;1;39mWait for udev To …plete Device Initialization[0m...
[[0;32m  OK  [0m] Found device [0;1;39m/dev/ttyS0[0m.
[[0;32m  OK  [0m] Listening on [0;1;39mLoad/Save RF …itch Status /dev/rfkill Watch[0m.
[[0;32m  OK  [0m] Finished [0;1;39mWait for udev To Complete Device Initialization[0m.
[[0;32m  OK  [0m] Reached target [0;1;39mPreparation for Local File Systems[0m.
[[0;32m  OK  [0m] Reached target [0;1;39mLocal File Systems[0m.
         Starting [0;1;39mTell Plymouth To Write Out Runtime Data[0m...
         Starting [0;1;39mAutomatic Boot Loader Update[0m...
         Starting [0;1;39mCreate Volatile Files and Directories[0m...
[[0;32m  OK  [0m] Finished [0;1;39mTell Plymouth To Write Out Runtime Data[0m.
[[0;32m  OK  [0m] Finished [0;1;39mAutomatic Boot Loader Update[0m.
[[0;32m  OK  [0m] Finished [0;1;39mCreate Volatile Files and Directories[0m.
         Mounting [0;1;39mRPC Pipe File System[0m...
         Starting [0;1;39mSecurity Auditing Service[0m...
         Starting [0;1;39mRPC Bind[0m...
[[0;32m  OK  [0m] Mounted [0;1;39mRPC Pipe File System[0m.
[[0;32m  OK  [0m] Reached target [0;1;39mrpc_pipefs.target[0m.
[[0;32m  OK  [0m] Started [0;1;39mRPC Bind[0m.
[[0;32m  OK  [0m] Started [0;1;39mSecurity Auditing Service[0m.
         Starting [0;1;39mRecord System Boot/Shutdown in UTMP[0m...
[[0;32m  OK  [0m] Finished [0;1;39mRecord System Boot/Shutdown in UTMP[0m.
[[0;32m  OK  [0m] Reached target [0;1;39mSystem Initialization[0m.
[[0;32m  OK  [0m] Started [0;1;39mDaily rotation of log files[0m.
[[0;32m  OK  [0m] Started [0;1;39mUpdates mlocate database every day[0m.
[[0;32m  OK  [0m] Started [0;1;39mDaily Cleanup of Temporary Directories[0m.
[[0;32m  OK  [0m] Started [0;1;39mdaily update of the root trust anchor for DNSSEC[0m.
[[0;32m  OK  [0m] Reached target [0;1;39mTimer Units[0m.
[[0;32m  OK  [0m] Listening on [0;1;39mD-Bus System Message Bus Socket[0m.
[[0;32m  OK  [0m] Listening on [0;1;39mOpen-iSCSI iscsid Socket[0m.
[[0;32m  OK  [0m] Listening on [0;1;39mOpen-iSCSI iscsiuio Socket[0m.
[[0;32m  OK  [0m] Listening on [0;1;39mSSSD Kerberos…ache Manager responder socket[0m.
[[0;32m  OK  [0m] Listening on [0;1;39mLibvirt interface local socket[0m.
[[0;32m  OK  [0m] Listening on [0;1;39mVirtual machine lock manager socket[0m.
[[0;32m  OK  [0m] Listening on [0;1;39mVirtual machine log manager socket[0m.
[[0;32m  OK  [0m] Listening on [0;1;39mLibvirt network local socket[0m.
[[0;32m  OK  [0m] Listening on [0;1;39mLibvirt nodedev local socket[0m.
[[0;32m  OK  [0m] Listening on [0;1;39mLibvirt nwfilter local socket[0m.
[[0;32m  OK  [0m] Listening on [0;1;39mLibvirt proxy local socket[0m.
[[0;32m  OK  [0m] Listening on [0;1;39mLibvirt qemu local socket[0m.
[[0;32m  OK  [0m] Listening on [0;1;39mLibvirt qemu admin socket[0m.
[[0;32m  OK  [0m] Listening on [0;1;39mLibvirt qemu local read-only socket[0m.
[[0;32m  OK  [0m] Listening on [0;1;39mLibvirt secret local socket[0m.
[[0;32m  OK  [0m] Listening on [0;1;39mLibvirt storage local socket[0m.
[[0;32m  OK  [0m] Reached target [0;1;39mSocket Units[0m.
         Starting [0;1;39mD-Bus System Message Bus[0m...
[[0;32m  OK  [0m] Started [0;1;39mD-Bus System Message Bus[0m.
[[0;32m  OK  [0m] Reached target [0;1;39mBasic System[0m.
         Starting [0;1;39mNetwork Manager[0m...
[   28.619608] memfd_create() without MFD_EXEC nor MFD_NOEXEC_SEAL, pid=250 'dbus-broker-lau'
         Starting [0;1;39mNTP client/server[0m...
         Starting [0;1;39mRestore /run/initramfs on shutdown[0m...
[[0;32m  OK  [0m] Started [0;1;39mirqbalance daemon[0m.
[[0;32m  OK  [0m] Started [0;1;39mlibstoragemgmt plug-in server daemon[0m.
[[0;32m  OK  [0m] Started [0;1;39mMachine Check Exception Logging Daemon[0m.
[[0;32m  OK  [0m] Reached target [0;1;39msshd-keygen.target[0m.
[[0;32m  OK  [0m] Reached target [0;1;39mUser and Group Name Lookups[0m.
         Starting [0;1;39mUser Login Management[0m...
         Starting [0;1;39mVirtual Machine a…tainer Registration Service[0m...
         Starting [0;1;39mupdate of the roo…NSSEC validation in unbound[0m...
         Starting [0;1;39mRotate log files[0m...
[[0;32m  OK  [0m] Started [0;1;39mUpdate a database for mlocate[0m.
[[0;32m  OK  [0m] Started [0;1;39mNTP client/server[0m.
[[0;32m  OK  [0m] Finished [0;1;39mRestore /run/initramfs on shutdown[0m.
[[0;32m  OK  [0m] Started [0;1;39mVirtual Machine an…ontainer Registration Service[0m.
         Starting [0;1;39mHostname Service[0m...
[[0;32m  OK  [0m] Finished [0;1;39mupdate of the roo… DNSSEC validation in unbound[0m.
[[0;32m  OK  [0m] Started [0;1;39mUser Login Management[0m.
[[0;32m  OK  [0m] Finished [0;1;39mRotate log files[0m.
[[0;32m  OK  [0m] Started [0;1;39mHostname Service[0m.
         Starting [0;1;39mNetwork Manager Script Dispatcher Service[0m...
[[0;32m  OK  [0m] Started [0;1;39mNetwork Manager Script Dispatcher Service[0m.
[   29.630728] e1000: eth0 NIC Link is Up 1000 Mbps Full Duplex, Flow Control: RX
[   29.631620] IPv6: ADDRCONF(NETDEV_CHANGE): eth0: link becomes ready
[[0;32m  OK  [0m] Started [0;1;39mNetwork Manager[0m.
[[0;32m  OK  [0m] Reached target [0;1;39mNetwork[0m.
[[0;32m  OK  [0m] Reached target [0;1;39mNetwork is Online[0m.
         Starting [0;1;39mGSSAPI Proxy Daemon[0m...
         Starting [0;1;39mNotify NFS peers of a restart[0m...
         Starting [0;1;39mSystem Logging Service[0m...
         Starting [0;1;39mOpenSSH server daemon[0m...
         Starting [0;1;39mDynamic System Tuning Daemon[0m...
[[0;32m  OK  [0m] Started [0;1;39mNotify NFS peers of a restart[0m.
[[0;32m  OK  [0m] Started [0;1;39mGSSAPI Proxy Daemon[0m.
[[0;32m  OK  [0m] Reached target [0;1;39mNFS client services[0m.
[[0;32m  OK  [0m] Reached target [0;1;39mPreparation for Remote File Systems[0m.
[[0;32m  OK  [0m] Reached target [0;1;39mRemote File Systems[0m.
         Starting [0;1;39mPermit User Sessions[0m...
         Starting [0;1;39mVirtualization qemu daemon[0m...
[[0;32m  OK  [0m] Started [0;1;39mOpenSSH server daemon[0m.
[[0;32m  OK  [0m] Finished [0;1;39mPermit User Sessions[0m.
[[0;32m  OK  [0m] Started [0;1;39mDeferred execution scheduler[0m.
[[0;32m  OK  [0m] Started [0;1;39mCommand Scheduler[0m.
         Starting [0;1;39mHold until boot process finishes up[0m...
         Starting [0;1;39mTerminate Plymouth Boot Screen[0m...
[[0;32m  OK  [0m] Started [0;1;39mSystem Logging Service[0m.
[[0;32m  OK  [0m] Finished [0;1;39mHold until boot process finishes up[0m.
[[0;32m  OK  [0m] Finished [0;1;39mTerminate Plymouth Boot Screen[0m.
[[0;32m  OK  [0m] Started [0;1;39mGetty on tty1[0m.
[[0;32m  OK  [0m] Started [0;1;39mSerial Getty on ttyS0[0m.
[[0;32m  OK  [0m] Reached target [0;1;39mLogin Prompts[0m.
[[0;32m  OK  [0m] Started [0;1;39mVirtualization qemu daemon[0m.
         Starting [0;1;39mAuthorization Manager[0m...
[[0;32m  OK  [0m] Started [0;1;39mAuthorization Manager[0m.
[[0;32m  OK  [0m] Started [0;1;39mDynamic System Tuning Daemon[0m.
[[0;32m  OK  [0m] Reached target [0;1;39mMulti-User System[0m.
         Starting [0;1;39mRecord Runlevel Change in UTMP[0m...
[[0;32m  OK  [0m] Finished [0;1;39mRecord Runlevel Change in UTMP[0m.

CentOS Stream 9
Kernel 6.4.0-rc4-b066935bf833+ on an x86_64

Activate the web console with: systemctl enable --now cockpit.socket

test login: [   40.068872] cgroup: Unknown subsys name 'net'
[   40.153721] cgroup: Unknown subsys name 'rlimit'
[   40.329365] Process accounting resumed
[   40.338915] cgroup: fork rejected by pids controller in /syz0
[   40.394023] Process accounting resumed
[   40.477477] Process accounting resumed
[   40.549463] Process accounting resumed
[   40.614058] Process accounting resumed
[   40.685926] Process accounting resumed
[   40.761900] Process accounting resumed
[   40.796364] Process accounting resumed
[   40.862457] Process accounting resumed
[   40.930122] Process accounting resumed
[   40.965800] Process accounting resumed
[   41.038667] Process accounting resumed
[   41.114442] Process accounting resumed
[   41.181816] Process accounting resumed
[   41.257547] Process accounting resumed
[   41.293185] Process accounting resumed
[   41.358076] Process accounting resumed
[   41.429934] Process accounting resumed
[   41.465029] Process accounting resumed
[   41.541541] Process accounting resumed
[   41.621651] Process accounting resumed
[   41.690165] Process accounting resumed
[   41.794066] Process accounting resumed
[   41.828357] Process accounting resumed
[   41.893901] Process accounting resumed
[   41.965941] Process accounting resumed
[   42.061820] Process accounting resumed
[   42.149752] Process accounting resumed
[   42.184684] Process accounting resumed
[   42.253738] Process accounting resumed
[   42.288618] Process accounting resumed
[   42.365669] Process accounting resumed
[   42.437782] Process accounting resumed
[   42.526114] Process accounting resumed
[   42.605484] Process accounting resumed
[   42.685694] Process accounting resumed
[   42.769444] Process accounting resumed
[   42.837822] Process accounting resumed
[   42.901762] Process accounting resumed
[   42.974020] Process accounting resumed
[   43.008839] Process accounting resumed
[   43.089902] Process accounting resumed
[   43.124909] Process accounting resumed
[   43.193722] Process accounting resumed
[   43.273768] Process accounting resumed
[   43.337896] Process accounting resumed
[   43.401922] Process accounting resumed
[   43.478279] Process accounting resumed
[   43.512962] Process accounting resumed
[   43.573398] Process accounting resumed
[   43.637909] Process accounting resumed
[   43.706139] Process accounting resumed
[   43.769690] Process accounting resumed
[   43.853495] Process accounting resumed
[   43.946287] Process accounting resumed
[   44.005821] Process accounting resumed
[   44.073409] Process accounting resumed
[   44.137449] Process accounting resumed
[   44.229453] Process accounting resumed
[   44.310067] Process accounting resumed
[   44.373358] Process accounting resumed
[   44.408166] Process accounting resumed
[   44.478499] Process accounting resumed
[   44.512927] Process accounting resumed
[   44.593838] Process accounting resumed
[   44.629073] Process accounting resumed
[   44.693733] Process accounting resumed
[   44.761865] Process accounting resumed
[   44.837821] Process accounting resumed
[   44.873039] Process accounting resumed
[   44.962273] Process accounting resumed
[   45.041770] Process accounting resumed
[   45.098296] Process accounting resumed
[   45.133156] Process accounting resumed
[   45.201423] Process accounting resumed
[   45.289359] Process accounting resumed
[   45.324685] Process accounting resumed
[   45.390076] Process accounting resumed
[   45.461704] Process accounting resumed
[   45.530100] Process accounting resumed
[   45.582390] Process accounting resumed
[   45.617091] Process accounting resumed
[   45.686001] Process accounting resumed
[   45.753439] Process accounting resumed
[   45.861469] Process accounting resumed
[   45.925388] Process accounting resumed
[   45.960352] Process accounting resumed
[   46.017943] Process accounting resumed
[   46.053117] Process accounting resumed
[   46.117985] Process accounting resumed
[   46.198353] Process accounting resumed
[   46.253743] Process accounting resumed
[   46.313881] Process accounting resumed
[   46.401951] Process accounting resumed
[   46.490362] Process accounting resumed
[   46.577975] Process accounting resumed
[   46.637895] Process accounting resumed
[   46.705928] Process accounting resumed
[   46.741094] Process accounting resumed
[   46.805918] Process accounting resumed
[   46.870430] Process accounting resumed
[   46.918527] Process accounting resumed
[   46.953857] Process accounting resumed
[   47.017905] Process accounting resumed
[   47.085700] Process accounting resumed
[   47.120297] Process accounting resumed
[   47.185460] Process accounting resumed
[   47.261699] Process accounting resumed
[   47.297651] Process accounting resumed
[   47.362197] Process accounting resumed
[   47.421995] Process accounting resumed
[   47.502382] Process accounting resumed
[   47.558292] Process accounting resumed
[   47.629451] Process accounting resumed
[   47.722318] Process accounting resumed
[   47.785828] Process accounting resumed
[   47.820390] Process accounting resumed
[   47.889988] Process accounting resumed
[   47.924942] Process accounting resumed
[   47.998099] Process accounting resumed
[   48.065394] Process accounting resumed
[   48.101090] Process accounting resumed
[   48.177893] Process accounting resumed
[   48.212807] Process accounting resumed
[   48.293483] Process accounting resumed
[   48.365451] Process accounting resumed
[   48.437850] Process accounting resumed
[   48.506114] Process accounting resumed
[   48.541166] Process accounting resumed
[   48.610417] Process accounting resumed
[   48.645050] Process accounting resumed
[   48.721373] Process accounting resumed
[   48.756649] Process accounting resumed
[   48.833690] Process accounting resumed
[   48.902009] Process accounting resumed
[   48.962015] Process accounting resumed
[   49.038301] Process accounting resumed
[   49.097688] Process accounting resumed
[   49.133740] Process accounting resumed
[   49.205744] Process accounting resumed
[   49.241904] Process accounting resumed
[   49.321891] Process accounting resumed
[   49.356372] Process accounting resumed
[   49.433770] Process accounting resumed
[   49.468333] Process accounting resumed
[   49.562186] Process accounting resumed
[   49.665694] Process accounting resumed
[   49.700743] Process accounting resumed
[   49.781352] Process accounting resumed
[   49.850504] Process accounting resumed
[   49.933693] Process accounting resumed
[   50.006039] Process accounting resumed
[   50.073768] Process accounting resumed
[   50.108507] Process accounting resumed
[   50.173994] Process accounting resumed
[   50.209196] Process accounting resumed
[   50.305730] Process accounting resumed
[   50.409961] Process accounting resumed
[   50.444439] Process accounting resumed
[   50.521922] Process accounting resumed
[   50.605727] Process accounting resumed
[   50.641473] Process accounting resumed
[   50.713678] Process accounting resumed
[   50.786076] Process accounting resumed
[   50.820620] Process accounting resumed
[   50.905741] Process accounting resumed
[   50.941207] Process accounting resumed
[   51.021947] Process accounting resumed
[   51.090183] Process accounting resumed
[   51.150570] Process accounting resumed
[   51.184715] Process accounting resumed
[   51.253643] Process accounting resumed
[   51.325410] Process accounting resumed
[   51.398103] Process accounting resumed
[   51.433567] Process accounting resumed
[   51.505853] Process accounting resumed
[   51.540168] Process accounting resumed
[   51.605440] Process accounting resumed
[   51.674073] Process accounting resumed
[   51.737694] Process accounting resumed
[   51.801815] Process accounting resumed
[   51.870317] Process accounting resumed
[   51.904653] Process accounting resumed
[   51.970063] Process accounting resumed
[   52.005204] Process accounting resumed
[   52.082378] Process accounting resumed
[   52.145519] Process accounting resumed
[   52.225651] Process accounting resumed
[   52.301676] Process accounting resumed
[   52.336848] Process accounting resumed
[   52.401653] Process accounting resumed
[   52.437005] Process accounting resumed
[   52.501822] Process accounting resumed
[   52.589431] Process accounting resumed
[   52.657982] Process accounting resumed
[   52.726048] Process accounting resumed
[   52.806140] Process accounting resumed
[   52.870155] Process accounting resumed
[   52.949931] Process accounting resumed
[   52.983724] Process accounting resumed
[   53.050146] Process accounting resumed
[   53.118348] Process accounting resumed
[   53.153357] Process accounting resumed
[   53.229645] Process accounting resumed
[   53.264429] Process accounting resumed
[   53.330577] Process accounting resumed
[   53.405761] Process accounting resumed
[   53.469721] Process accounting resumed
[   53.561669] Process accounting resumed
[   53.596767] Process accounting resumed
[   53.673951] Process accounting resumed
[   53.749710] Process accounting resumed
[   53.805896] Process accounting resumed
[   53.844765] Process accounting resumed
[   53.917615] Process accounting resumed
[   53.998077] Process accounting resumed
[   54.032794] Process accounting resumed
[   54.109969] Process accounting resumed
[   54.169906] Process accounting resumed
[   54.204538] Process accounting resumed
[   54.281934] Process accounting resumed
[   54.350048] Process accounting resumed
[   54.384325] Process accounting resumed
[   54.441842] Process accounting resumed
[   54.505977] Process accounting resumed
[   54.589378] Process accounting resumed
[   54.625261] Process accounting resumed
[   54.705715] Process accounting resumed
[   54.777730] Process accounting resumed
[   54.813045] Process accounting resumed
[   54.889779] Process accounting resumed
[   54.957717] Process accounting resumed
[   54.992113] Process accounting resumed
[   55.077670] Process accounting resumed
[   55.112406] Process accounting resumed
[   55.181753] Process accounting resumed
[   55.216167] Process accounting resumed
[   55.281801] Process accounting resumed
[   55.316872] Process accounting resumed
[   55.398142] Process accounting resumed
[   55.433440] Process accounting resumed
[   55.497815] Process accounting resumed
[   55.566135] Process accounting resumed
[   55.600211] Process accounting resumed
[   55.677743] Process accounting resumed
[   55.750053] Process accounting resumed
[   55.785218] Process accounting resumed
[   55.865806] Process accounting resumed
[   55.941976] Process accounting resumed
[   56.022261] Process accounting resumed
[   56.102530] Process accounting resumed
[   56.136769] Process accounting resumed
[   56.221792] Process accounting resumed
[   56.293422] Process accounting resumed
[   56.358059] Process accounting resumed
[   56.430023] Process accounting resumed
[   56.501766] Process accounting resumed
[   56.536631] Process accounting resumed
[   56.621622] Process accounting resumed
[   56.656365] Process accounting resumed
[   56.721894] Process accounting resumed
[   56.790312] Process accounting resumed
[   56.861692] Process accounting resumed
[   56.933770] Process accounting resumed
[   57.010295] Process accounting resumed
[   57.086552] Process accounting resumed
[   57.161688] Process accounting resumed
[   57.229666] Process accounting resumed
[   57.309734] Process accounting resumed
[   57.381665] Process accounting resumed
[   57.457832] Process accounting resumed
[   57.525727] Process accounting resumed
[   57.618096] Process accounting resumed
[   57.697755] Process accounting resumed
[   57.761901] Process accounting resumed
[   57.796441] Process accounting resumed
[   57.862291] Process accounting resumed
[   57.921765] Process accounting resumed
[   57.989708] Process accounting resumed
[   58.025717] Process accounting resumed
[   58.094055] Process accounting resumed
[   58.157739] Process accounting resumed
[   58.222051] Process accounting resumed
[   58.302087] Process accounting resumed
[   58.362261] Process accounting resumed
[   58.425760] Process accounting resumed
[   58.460839] Process accounting resumed
[   58.533715] Process accounting resumed
[   58.605832] Process accounting resumed
[   58.681948] Process accounting resumed
[   58.716719] Process accounting resumed
[   58.790316] Process accounting resumed
[   58.857471] Process accounting resumed
[   58.933489] Process accounting resumed
[   58.993909] Process accounting resumed
[   59.061703] Process accounting resumed
[   59.096287] Process accounting resumed
[   59.173415] Process accounting resumed
[   59.249856] Process accounting resumed
[   59.322312] Process accounting resumed
[   59.398085] Process accounting resumed
[   59.458934] Process accounting resumed
[   59.529836] Process accounting resumed
[   59.565376] Process accounting resumed
[   59.646340] Process accounting resumed
[   59.681905] Process accounting resumed
[   59.750087] Process accounting resumed
[   59.813892] Process accounting resumed
[   59.848403] Process accounting resumed
[   59.917693] Process accounting resumed
[   59.997671] Process accounting resumed
[   60.066036] Process accounting resumed
[   60.129475] Process accounting resumed
[   60.189539] Process accounting resumed
[   60.223978] Process accounting resumed
[   60.293905] Process accounting resumed
[   60.370058] Process accounting resumed
[   60.425681] Process accounting resumed
[   60.493689] Process accounting resumed
[   60.565947] Process accounting resumed
[   60.650424] Process accounting resumed
[   60.684801] Process accounting resumed
[   60.758096] Process accounting resumed
[   60.813903] Process accounting resumed
[   60.848831] Process accounting resumed
[   60.929781] Process accounting resumed
[   61.018001] Process accounting resumed
[   61.053118] Process accounting resumed
[   61.121601] Process accounting resumed
[   61.156647] Process accounting resumed
[   61.233712] Process accounting resumed
[   61.268650] Process accounting resumed
[   61.357740] Process accounting resumed
[   61.391972] Process accounting resumed
[   61.477753] Process accounting resumed
[   61.545777] Process accounting resumed
[   61.629760] Process accounting resumed
[   61.664456] Process accounting resumed
[   61.733758] Process accounting resumed
[   61.817768] Process accounting resumed
[   61.853043] Process accounting resumed
[   61.918047] Process accounting resumed
[   61.990418] Process accounting resumed
[   62.058119] Process accounting resumed
[   62.130291] Process accounting resumed
[   62.202176] Process accounting resumed
[   62.236809] Process accounting resumed
[   62.309908] Process accounting resumed
[   62.394053] Process accounting resumed
[   62.453466] Process accounting resumed
[   62.522163] Process accounting resumed
[   62.557171] Process accounting resumed
[   62.646021] Process accounting resumed
[   62.725916] Process accounting resumed
[   62.761496] Process accounting resumed
[   62.829902] Process accounting resumed
[   62.913897] Process accounting resumed
[   62.986098] Process accounting resumed
[   63.062332] Process accounting resumed
[   63.096321] Process accounting resumed
[   63.169458] Process accounting resumed
[   63.205363] Process accounting resumed
[   63.274113] Process accounting resumed
[   63.342554] Process accounting resumed
[   63.377102] Process accounting resumed
[   63.441681] Process accounting resumed
[   63.521691] Process accounting resumed
[   63.557329] Process accounting resumed
[   63.621834] Process accounting resumed
[   63.656607] Process accounting resumed
[   63.721603] Process accounting resumed
[   63.785452] Process accounting resumed
[   63.869188] Process accounting resumed
[   63.933788] Process accounting resumed
[   63.968950] Process accounting resumed
[   64.041447] Process accounting resumed
[   64.109357] Process accounting resumed
[   64.144670] Process accounting resumed
[   64.233742] Process accounting resumed
[   64.268678] Process accounting resumed
[   64.333513] Process accounting resumed
[   64.401690] Process accounting resumed
[   64.477434] Process accounting resumed
[   64.512394] Process accounting resumed
[   64.582329] Process accounting resumed
[   64.616862] Process accounting resumed
[   64.681928] Process accounting resumed
[   64.761896] Process accounting resumed
[   64.796150] Process accounting resumed
[   64.865889] Process accounting resumed
[   64.941640] Process accounting resumed
[   65.005537] Process accounting resumed
[   65.040875] Process accounting resumed
[   65.105678] Process accounting resumed
[   65.185701] Process accounting resumed
[   65.220850] Process accounting resumed
[   65.302050] Process accounting resumed
[   65.335907] Process accounting resumed
[   65.401986] Process accounting resumed
[   65.473788] Process accounting resumed
[   65.508300] Process accounting resumed
[   65.573800] Process accounting resumed
[   65.661478] Process accounting resumed
[   65.725486] Process accounting resumed
[   65.789444] Process accounting resumed
[   65.865534] Process accounting resumed
[   65.933815] Process accounting resumed
[   65.969454] Process accounting resumed
[   66.049884] Process accounting resumed
[   66.126436] Process accounting resumed
[   66.189735] Process accounting resumed
[   66.265793] Process accounting resumed
[   66.334294] Process accounting resumed
[   66.381766] Process accounting resumed
[   66.453736] Process accounting resumed
[   66.522040] Process accounting resumed
[   66.556864] Process accounting resumed
[   66.629999] Process accounting resumed
[   66.706001] Process accounting resumed
[   66.777922] Process accounting resumed
[   66.812949] Process accounting resumed
[   66.877884] Process accounting resumed
[   66.946143] Process accounting resumed
[   67.017935] Process accounting resumed
[   67.097909] Process accounting resumed
[   67.177947] Process accounting resumed
[   67.261929] Process accounting resumed
[   67.296315] Process accounting resumed
[   67.369895] Process accounting resumed
[   67.458026] Process accounting resumed
[   67.554053] Process accounting resumed
[   67.589010] Process accounting resumed
[   67.658140] Process accounting resumed
[   67.733955] Process accounting resumed
[   67.794073] Process accounting resumed
[   67.829001] Process accounting resumed
[   67.925941] Process accounting resumed
[   67.961388] Process accounting resumed
[   68.030098] Process accounting resumed
[   68.106038] Process accounting resumed
[   68.140949] Process accounting resumed
[   68.218021] Process accounting resumed
[   68.281941] Process accounting resumed
[   68.316831] Process accounting resumed
[   68.382162] Process accounting resumed
[   68.461471] Process accounting resumed
[   68.549886] Process accounting resumed
[   68.614197] Process accounting resumed
[   68.682297] Process accounting resumed
[   68.766237] Process accounting resumed
[   68.834020] Process accounting resumed
[   68.872486] Process accounting resumed
[   68.942152] Process accounting resumed
[   69.001538] Process accounting resumed
[   69.037542] Process accounting resumed
[   69.098044] Process accounting resumed
[   69.132938] Process accounting resumed
[   69.221479] Process accounting resumed
[   69.255806] Process accounting resumed
[   69.321954] Process accounting resumed
[   69.390039] Process accounting resumed
[   69.478062] Process accounting resumed
[   69.546076] Process accounting resumed
[   69.584581] Process accounting resumed
[   69.646013] Process accounting resumed
[   69.713919] Process accounting resumed
[   69.777911] Process accounting resumed
[   69.813012] Process accounting resumed
[   69.881893] Process accounting resumed
[   69.957832] Process accounting resumed
[   69.992795] Process accounting resumed
[   70.061882] Process accounting resumed
[   70.096663] Process accounting resumed
[   70.165355] Process accounting resumed
[   70.245414] Process accounting resumed
[   70.281243] Process accounting resumed
[   70.361955] Process accounting resumed
[   70.397702] Process accounting resumed
[   70.469895] Process accounting resumed
[   70.562355] Process accounting resumed
[   70.649763] Process accounting resumed
[   70.684747] Process accounting resumed
[   70.766403] Process accounting resumed
[   70.800536] Process accounting resumed
[   70.869980] Process accounting resumed
[   70.949873] Process accounting resumed
[   71.025980] Process accounting resumed
[   71.105983] Process accounting resumed
[   71.141030] Process accounting resumed
[   71.225983] Process accounting resumed
[   71.301798] Process accounting resumed
[   71.336264] Process accounting resumed
[   71.398048] Process accounting resumed
[   71.461465] Process accounting resumed
[   71.533965] Process accounting resumed
[   71.602093] Process accounting resumed
[   71.636877] Process accounting resumed
[   71.697704] Process accounting resumed
[   71.773430] Process accounting resumed
[   71.858120] Process accounting resumed
[   71.965514] Process accounting resumed
[   72.041411] Process accounting resumed
[   72.133450] Process accounting resumed
[   72.197462] Process accounting resumed
[   72.261767] Process accounting resumed
[   72.337475] Process accounting resumed
[   72.373010] Process accounting resumed
[   72.437994] Process accounting resumed
[   72.510102] Process accounting resumed
[   72.581908] Process accounting resumed
[   72.637945] Process accounting resumed
[   72.730022] Process accounting resumed
[   72.765012] Process accounting resumed
[   72.830142] Process accounting resumed
[   72.917429] Process accounting resumed
[   72.997879] Process accounting resumed
[   73.069732] Process accounting resumed
[   73.141685] Process accounting resumed
[   73.176914] Process accounting resumed
[   73.238013] Process accounting resumed
[   73.276417] Process accounting resumed
[   73.341465] Process accounting resumed
[   73.417868] Process accounting resumed
[   73.497928] Process accounting resumed
[   73.570512] Process accounting resumed
[   73.604847] Process accounting resumed
[   73.685920] Process accounting resumed
[   73.721173] Process accounting resumed
[   73.785939] Process accounting resumed
[   73.820885] Process accounting resumed
[   73.909190] Process accounting resumed
[   73.985691] Process accounting resumed
[   74.020281] Process accounting resumed
[   74.085734] Process accounting resumed
[   74.149634] Process accounting resumed
[   74.185245] Process accounting resumed
[   74.265897] Process accounting resumed
[   74.301007] Process accounting resumed
[   74.369390] Process accounting resumed
[   74.457341] Process accounting resumed
[   74.521971] Process accounting resumed
[   74.593921] Process accounting resumed
[   74.628240] Process accounting resumed
[   74.701912] Process accounting resumed
[   74.737373] Process accounting resumed
[   74.813446] Process accounting resumed
[   74.881657] Process accounting resumed
[   74.949648] Process accounting resumed
[   75.033729] Process accounting resumed
[   75.068924] Process accounting resumed
[   75.126309] Process accounting resumed
[   75.197693] Process accounting resumed
[   75.232504] Process accounting resumed
[   75.301581] Process accounting resumed
[   75.336889] Process accounting resumed
[   75.397698] Process accounting resumed
[   75.461871] Process accounting resumed
[   75.549746] Process accounting resumed
[   75.629410] Process accounting resumed
[   75.665051] Process accounting resumed
[   75.734317] Process accounting resumed
[   75.769428] Process accounting resumed
[   75.833850] Process accounting resumed
[   75.914111] Process accounting resumed
[   75.949805] Process accounting resumed
[   76.014129] Process accounting resumed
[   76.106025] Process accounting resumed
[   76.170432] Process accounting resumed
[   76.238164] Process accounting resumed
[   76.305878] Process accounting resumed
[   76.377745] Process accounting resumed
[   76.412762] Process accounting resumed
[   76.485700] Process accounting resumed
[   76.549641] Process accounting resumed
[   76.609937] Process accounting resumed
[   76.673513] Process accounting resumed
[   76.708581] Process accounting resumed
[   76.785746] Process accounting resumed
[   76.821335] Process accounting resumed
[   76.890030] Process accounting resumed
[   76.924715] Process accounting resumed
[   76.997504] Process accounting resumed
[   77.073930] Process accounting resumed
[   77.153935] Process accounting resumed
[   77.233878] Process accounting resumed
[   77.309941] Process accounting resumed
[   77.377435] Process accounting resumed
[   77.413596] Process accounting resumed
[   77.485996] Process accounting resumed
[   77.521248] Process accounting resumed
[   77.589506] Process accounting resumed
[   77.661498] Process accounting resumed
[   77.697694] Process accounting resumed
[   77.762139] Process accounting resumed
[   77.826154] Process accounting resumed
[   77.890047] Process accounting resumed
[   77.924977] Process accounting resumed
[   78.005490] Process accounting resumed
[   78.069498] Process accounting resumed
[   78.146378] Process accounting resumed
[   78.217754] Process accounting resumed
[   78.293881] Process accounting resumed
[   78.365853] Process accounting resumed
[   78.433936] Process accounting resumed
[   78.501939] Process accounting resumed
[   78.569873] Process accounting resumed
[   78.637876] Process accounting resumed
[   78.705937] Process accounting resumed
[   78.777672] Process accounting resumed
[   78.854271] Process accounting resumed
[   78.924804] Process accounting resumed
[   78.956367] Process accounting resumed
[   79.029769] Process accounting resumed
[   79.094082] Process accounting resumed
[   79.157671] Process accounting resumed
[   79.217696] Process accounting resumed
[   79.285692] Process accounting resumed
[   79.353942] Process accounting resumed
[   79.388484] Process accounting resumed
[   79.477826] Process accounting resumed
[   79.513264] Process accounting resumed
[   79.589837] Process accounting resumed
[   79.673773] Process accounting resumed
[   79.708790] Process accounting resumed
[   79.789845] Process accounting resumed
[   79.824784] Process accounting resumed
[   79.937726] Process accounting resumed
[   80.013685] Process accounting resumed
[   80.048958] Process accounting resumed
[   80.106255] Process accounting resumed
[   80.169582] Process accounting resumed
[   80.204741] Process accounting resumed
[   80.285577] Process accounting resumed
[   80.321248] Process accounting resumed
[   80.401996] Process accounting resumed
[   80.477628] Process accounting resumed
[   80.514144] Process accounting resumed
[   80.605621] Process accounting resumed
[   80.693611] Process accounting resumed
[   80.728959] Process accounting resumed
[   80.789732] Process accounting resumed
[   80.854471] Process accounting resumed
[   80.926200] Process accounting resumed
[   81.001704] Process accounting resumed
[   81.113785] Process accounting resumed
[   81.169631] Process accounting resumed
[   81.204583] Process accounting resumed
[   81.269744] Process accounting resumed
[   81.342157] Process accounting resumed
[   81.413754] Process accounting resumed
[   81.448709] Process accounting resumed
[   81.517696] Process accounting resumed
[   81.552109] Process accounting resumed
[   81.617719] Process accounting resumed
[   81.653196] Process accounting resumed
[   81.729733] Process accounting resumed
[   81.764353] Process accounting resumed
[   81.838021] Process accounting resumed
[   81.872768] Process accounting resumed
[   81.930807] Process accounting resumed
[   82.001856] Process accounting resumed
[   82.061802] Process accounting resumed
[   82.117913] Process accounting resumed
[   82.152903] Process accounting resumed
[   82.233667] Process accounting resumed
[   82.298141] Process accounting resumed
[   82.361538] Process accounting resumed
[   82.441456] Process accounting resumed
[   82.502013] Process accounting resumed
[   82.577911] Process accounting resumed
[   82.612645] Process accounting resumed
[   82.681984] Process accounting resumed
[   82.716291] Process accounting resumed
[   82.793700] Process accounting resumed
[   82.828023] Process accounting resumed
[   82.886029] Process accounting resumed
[   82.949653] Process accounting resumed
[   83.013865] Process accounting resumed
[   83.097884] Process accounting resumed
[   83.132886] Process accounting resumed
[   83.202051] Process accounting resumed
[   83.270365] Process accounting resumed
[   83.342145] Process accounting resumed
[   83.376476] Process accounting resumed
[   83.469869] Process accounting resumed
[   83.504833] Process accounting resumed
[   83.589690] Process accounting resumed
[   83.624405] Process accounting resumed
[   83.709922] Process accounting resumed
[   83.744527] Process accounting resumed
[   83.821909] Process accounting resumed
[   83.886428] Process accounting resumed
[   83.965364] Process accounting resumed
[   83.997135] Process accounting resumed
[   84.081420] Process accounting resumed
[   84.117005] Process accounting resumed
[   84.174198] Process accounting resumed
[   84.246424] Process accounting resumed
[   84.317621] Process accounting resumed
[   84.385970] Process accounting resumed
[   84.454082] Process accounting resumed
[   84.525623] Process accounting resumed
[   84.578527] Process accounting resumed
[   84.657658] Process accounting resumed
[   84.722061] Process accounting resumed
[   84.810433] Process accounting resumed
[   84.885616] Process accounting resumed
[   84.920960] Process accounting resumed
[   84.982150] Process accounting resumed
[   85.053679] Process accounting resumed
[   85.088265] Process accounting resumed
[   85.157894] Process accounting resumed
[   85.192042] Process accounting resumed
[   85.262092] Process accounting resumed
[   85.334088] Process accounting resumed
[   85.368553] Process accounting resumed
[   85.441405] Process accounting resumed
[   85.510171] Process accounting resumed
[   85.581842] Process accounting resumed
[   85.677713] Process accounting resumed
[   85.712765] Process accounting resumed
[   85.774580] Process accounting resumed
[   85.809269] Process accounting resumed
[   85.897652] Process accounting resumed
[   85.969600] Process accounting resumed
[   86.037988] Process accounting resumed
[   86.113883] Process accounting resumed
[   86.148645] Process accounting resumed
[   86.213931] Process accounting resumed
[   86.248018] Process accounting resumed
[   86.317662] Process accounting resumed
[   86.405644] Process accounting resumed
[   86.477954] Process accounting resumed
[   86.581816] Process accounting resumed
[   86.616546] Process accounting resumed
[   86.713953] Process accounting resumed
[   86.748770] Process accounting resumed
[   86.817887] Process accounting resumed
[   86.917444] Process accounting resumed
[   86.952420] Process accounting resumed
[   87.033916] Process accounting resumed
[   87.068548] Process accounting resumed
[   87.145408] Process accounting resumed
[   87.221881] Process accounting resumed
[   87.317867] Process accounting resumed
[   87.352979] Process accounting resumed
[   87.445846] Process accounting resumed
[   87.525916] Process accounting resumed
[   87.597668] Process accounting resumed
[   87.632298] Process accounting resumed
[   87.693673] Process accounting resumed
[   87.769719] Process accounting resumed
[   87.805010] Process accounting resumed
[   87.878125] Process accounting resumed
[   87.945878] Process accounting resumed
[   87.980263] Process accounting resumed
[   88.045829] Process accounting resumed
[   88.133410] Process accounting resumed
[   88.205711] Process accounting resumed
[   88.285992] Process accounting resumed
[   88.358284] Process accounting resumed
[   88.430009] Process accounting resumed
[   88.464904] Process accounting resumed
[   88.561874] Process accounting resumed
[   88.596465] Process accounting resumed
[   88.665915] Process accounting resumed
[   88.700865] Process accounting resumed
[   88.769943] Process accounting resumed
[   88.841885] Process accounting resumed
[   88.941897] Process accounting resumed
[   88.976145] Process accounting resumed
[   89.041550] Process accounting resumed
