c[?7l[2J[0mSeaBIOS (version rel-1.16.0-0-gd239552ce722-prebuilt.qemu.org)


iPXE (http://ipxe.org) 00:03.0 CA00 PCI2.10 PnP PMM+7FF91000+7FEF1000 CA00
Press Ctrl-B to configure iPXE (PCI 00:03.0)...                                                                               


Booting from ROM..c[?7l[2J[    0.000000] Linux version 6.0.0-rc2-08b3068fab20+ (root@p-rpls03) (gcc (GCC) 11.4.1 20230605 (Red Hat 11.4.1-2), GNU ld version 2.35.2-42.el9) #1 SMP PREEMPT_DYNAMIC Sun Aug 27 23:49:57 CST 2023
[    0.000000] Command line: console=ttyS0 root=/dev/sda earlyprintk=serial net.ifnames=0 quiet plymouth.enable=0
[    0.000000] KERNEL supported cpus:
[    0.000000]   Intel GenuineIntel
[    0.000000]   AMD AuthenticAMD
[    0.000000]   Hygon HygonGenuine
[    0.000000]   Centaur CentaurHauls
[    0.000000]   zhaoxin   Shanghai  
[    0.000000] x86/fpu: Supporting XSAVE feature 0x001: 'x87 floating point registers'
[    0.000000] x86/fpu: Supporting XSAVE feature 0x002: 'SSE registers'
[    0.000000] x86/fpu: Supporting XSAVE feature 0x004: 'AVX registers'
[    0.000000] x86/fpu: Supporting XSAVE feature 0x200: 'Protection Keys User registers'
[    0.000000] x86/fpu: xstate_offset[2]:  576, xstate_sizes[2]:  256
[    0.000000] x86/fpu: xstate_offset[9]:  832, xstate_sizes[9]:    8
[    0.000000] x86/fpu: Enabled xstate features 0x207, context size is 840 bytes, using 'compacted' format.
[    0.000000] signal: max sigframe size: 3632
[    0.000000] BIOS-provided physical RAM map:
[    0.000000] BIOS-e820: [mem 0x0000000000000000-0x000000000009fbff] usable
[    0.000000] BIOS-e820: [mem 0x000000000009fc00-0x000000000009ffff] reserved
[    0.000000] BIOS-e820: [mem 0x00000000000f0000-0x00000000000fffff] reserved
[    0.000000] BIOS-e820: [mem 0x0000000000100000-0x000000007ffdffff] usable
[    0.000000] BIOS-e820: [mem 0x000000007ffe0000-0x000000007fffffff] reserved
[    0.000000] BIOS-e820: [mem 0x00000000feffc000-0x00000000feffffff] reserved
[    0.000000] BIOS-e820: [mem 0x00000000fffc0000-0x00000000ffffffff] reserved
[    0.000000] printk: bootconsole [earlyser0] enabled
[    0.556913] Spectre V2 : WARNING: Unprivileged eBPF is enabled with eIBRS on, data leaks possible via Spectre v2 BHB attacks!
[    4.913128] systemd[1]: Failed to start Load Kernel Modules.
[[0;1;31mFAILED[0m] Failed to start [0;1;39mLoad Kernel Modules[0m.

CentOS Stream 9
Kernel 6.0.0-rc2-08b3068fab20+ on an x86_64

Activate the web console with: systemctl enable --now cockpit.socket

test login: [   19.131163] 
[   19.131169] ======================================================
[   19.131170] WARNING: possible circular locking dependency detected
[   19.131174] 6.0.0-rc2-08b3068fab20+ #1 Tainted: G        W         
[   19.131179] ------------------------------------------------------
[   19.131181] repro/3203 is trying to acquire lock:
[   19.131184] ffff888021aeb190 (&p->pi_lock){-.-.}-{2:2}, at: try_to_wake_up+0xbd/0x1650
[   19.131207] 
[   19.131207] but task is already holding lock:
[   19.131208] ffffffff86443a38 ((console_sem).lock){-.-.}-{2:2}, at: up+0x21/0xc0
[   19.131225] 
[   19.131225] which lock already depends on the new lock.
[   19.131225] 
[   19.131226] 
[   19.131226] the existing dependency chain (in reverse order) is:
[   19.131229] 
[   19.131229] -> #3 ((console_sem).lock){-.-.}-{2:2}:
[   19.131237]        _raw_spin_lock_irqsave+0x52/0x80
[   19.131247]        down_trylock+0x1c/0x80
[   19.131254]        __down_trylock_console_sem+0x4f/0xe0
[   19.131264]        vprintk_emit+0x27c/0x6d0
[   19.131273]        vprintk_default+0x2f/0x40
[   19.131279]        vprintk+0xde/0x180
[   19.131285]        _printk+0xc3/0xfa
[   19.131302]        report_bug.cold+0x71/0xae
[   19.131310]        handle_bug+0x46/0x80
[   19.131318]        exc_invalid_op+0x1d/0x50
[   19.131327]        asm_exc_invalid_op+0x1f/0x30
[   19.131335]        group_sched_out.part.0+0x2d8/0x470
[   19.131343]        ctx_sched_out+0x91b/0xc30
[   19.131351]        perf_cgroup_switch+0x302/0x620
[   19.131359]        __perf_event_task_sched_out+0x273/0x1a50
[   19.131367]        __schedule+0x1200/0x2910
[   19.131373]        preempt_schedule_common+0x4a/0xe0
[   19.131380]        __cond_resched+0x24/0x30
[   19.131386]        unmap_page_range+0x1bbc/0x3e30
[   19.131395]        unmap_single_vma+0x1a9/0x380
[   19.131404]        unmap_vmas+0x1bb/0x340
[   19.131412]        exit_mmap+0x19c/0x470
[   19.131418]        __mmput+0xde/0x3e0
[   19.131425]        mmput+0x6e/0x80
[   19.131431]        do_exit+0xa3a/0x2850
[   19.131437]        do_group_exit+0xe9/0x320
[   19.131443]        __x64_sys_exit_group+0x4d/0x60
[   19.131450]        do_syscall_64+0x3c/0x90
[   19.131458]        entry_SYSCALL_64_after_hwframe+0x63/0xcd
[   19.131467] 
[   19.131467] -> #2 (&cpuctx_lock){-.-.}-{2:2}:
[   19.131475]        _raw_spin_lock+0x38/0x50
[   19.131483]        perf_cgroup_switch+0x213/0x620
[   19.131491]        __perf_event_task_sched_out+0x273/0x1a50
[   19.131499]        __schedule+0x1200/0x2910
[   19.131505]        preempt_schedule_common+0x4a/0xe0
[   19.131512]        __cond_resched+0x24/0x30
[   19.131518]        unmap_page_range+0x1bbc/0x3e30
[   19.131527]        unmap_single_vma+0x1a9/0x380
[   19.131535]        unmap_vmas+0x1bb/0x340
[   19.131543]        exit_mmap+0x19c/0x470
[   19.131550]        __mmput+0xde/0x3e0
[   19.131556]        mmput+0x6e/0x80
[   19.131562]        do_exit+0xa3a/0x2850
[   19.131568]        do_group_exit+0xe9/0x320
[   19.131574]        __x64_sys_exit_group+0x4d/0x60
[   19.131580]        do_syscall_64+0x3c/0x90
[   19.131588]        entry_SYSCALL_64_after_hwframe+0x63/0xcd
[   19.131597] 
[   19.131597] -> #1 (&rq->__lock){-.-.}-{2:2}:
[   19.131606]        _raw_spin_lock_nested+0x3e/0x60
[   19.131614]        raw_spin_rq_lock_nested+0x2c/0x40
[   19.131624]        task_fork_fair+0x6c/0x490
[   19.131634]        sched_cgroup_fork+0x3a9/0x5e0
[   19.131643]        copy_process+0x43a4/0x6c70
[   19.131650]        kernel_clone+0xfd/0xaf0
[   19.131657]        user_mode_thread+0xc5/0x100
[   19.131664]        rest_init+0x32/0x280
[   19.131671]        arch_call_rest_init+0x1c/0x34
[   19.131692]        start_kernel+0x4fe/0x524
[   19.131699]        x86_64_start_reservations+0x28/0x2e
[   19.131706]        x86_64_start_kernel+0x9b/0xa5
[   19.131713]        secondary_startup_64_no_verify+0xe5/0xeb
[   19.131723] 
[   19.131723] -> #0 (&p->pi_lock){-.-.}-{2:2}:
[   19.131731]        __lock_acquire+0x29ec/0x5410
[   19.131739]        lock_acquire+0x1c7/0x570
[   19.131748]        _raw_spin_lock_irqsave+0x52/0x80
[   19.131755]        try_to_wake_up+0xbd/0x1650
[   19.131762]        wake_up_process+0x19/0x20
[   19.131768]        __up.isra.0+0xec/0x130
[   19.131774]        up+0x90/0xc0
[   19.131781]        __up_console_sem+0x8b/0xb0
[   19.131789]        console_unlock+0x4d5/0x5f0
[   19.131795]        vcs_open+0x90/0xe0
[   19.131805]        chrdev_open+0x2a8/0x780
[   19.131815]        do_dentry_open+0x499/0x1210
[   19.131823]        vfs_open+0xa9/0xe0
[   19.131830]        path_openat+0x1e18/0x2ae0
[   19.131837]        do_filp_open+0x1ce/0x420
[   19.131843]        do_sys_openat2+0x181/0x540
[   19.131850]        __x64_sys_openat+0x17a/0x240
[   19.131858]        do_syscall_64+0x3c/0x90
[   19.131866]        entry_SYSCALL_64_after_hwframe+0x63/0xcd
[   19.131875] 
[   19.131875] other info that might help us debug this:
[   19.131875] 
[   19.131877] Chain exists of:
[   19.131877]   &p->pi_lock --> &cpuctx_lock --> (console_sem).lock
[   19.131877] 
[   19.131886]  Possible unsafe locking scenario:
[   19.131886] 
[   19.131887]        CPU0                    CPU1
[   19.131889]        ----                    ----
[   19.131890]   lock((console_sem).lock);
[   19.131894]                                lock(&cpuctx_lock);
[   19.131898]                                lock((console_sem).lock);
[   19.131902]   lock(&p->pi_lock);
[   19.131905] 
[   19.131905]  *** DEADLOCK ***
[   19.131905] 
[   19.131906] 1 lock held by repro/3203:
[   19.131910]  #0: ffffffff86443a38 ((console_sem).lock){-.-.}-{2:2}, at: up+0x21/0xc0
[   19.131927] 
[   19.131927] stack backtrace:
[   19.131929] CPU: 0 PID: 3203 Comm: repro Tainted: G        W          6.0.0-rc2-08b3068fab20+ #1
[   19.131938] Hardware name: QEMU Standard PC (i440FX + PIIX, 1996), BIOS rel-1.16.0-0-gd239552ce722-prebuilt.qemu.org 04/01/2014
[   19.131943] Call Trace:
[   19.131946]  <TASK>
[   19.131949]  dump_stack_lvl+0xa7/0xdb
[   19.131959]  dump_stack+0x19/0x1f
[   19.131966]  print_circular_bug.cold+0x15b/0x16a
[   19.131977]  check_noncircular+0x26c/0x320
[   19.131986]  ? lock_chain_count+0x30/0x30
[   19.131996]  ? print_circular_bug+0x210/0x210
[   19.132005]  ? desc_read+0x35d/0x440
[   19.132015]  ? call_rcu_zapped+0xb0/0xb0
[   19.132025]  ? __sanitizer_cov_trace_const_cmp8+0x1c/0x30
[   19.132037]  __lock_acquire+0x29ec/0x5410
[   19.132052]  ? lockdep_hardirqs_on_prepare+0x420/0x420
[   19.132063]  ? __this_cpu_preempt_check+0x21/0x30
[   19.132072]  ? lock_is_held_type+0xf0/0x150
[   19.132081]  lock_acquire+0x1c7/0x570
[   19.132090]  ? try_to_wake_up+0xbd/0x1650
[   19.132099]  ? lock_release+0x870/0x870
[   19.132109]  ? __this_cpu_preempt_check+0x21/0x30
[   19.132117]  ? __pv_queued_spin_lock_slowpath+0x264/0xb80
[   19.132129]  _raw_spin_lock_irqsave+0x52/0x80
[   19.132137]  ? try_to_wake_up+0xbd/0x1650
[   19.132145]  try_to_wake_up+0xbd/0x1650
[   19.132154]  ? migrate_swap_stop+0x7c0/0x7c0
[   19.132161]  ? rwlock_bug.part.0+0x90/0x90
[   19.132172]  wake_up_process+0x19/0x20
[   19.132179]  __up.isra.0+0xec/0x130
[   19.132187]  up+0x90/0xc0
[   19.132194]  ? vcs_open+0x90/0xe0
[   19.132201]  __up_console_sem+0x8b/0xb0
[   19.132211]  console_unlock+0x4d5/0x5f0
[   19.132219]  ? console_emit_next_record.constprop.0+0x8c0/0x8c0
[   19.132231]  ? vcs_release+0x70/0x70
[   19.132238]  vcs_open+0x90/0xe0
[   19.132246]  chrdev_open+0x2a8/0x780
[   19.132254]  ? cdev_device_add+0x240/0x240
[   19.132261]  ? fsnotify_perm.part.0+0x265/0x5f0
[   19.132272]  ? do_raw_spin_unlock+0x15d/0x210
[   19.132283]  do_dentry_open+0x499/0x1210
[   19.132291]  ? cdev_device_add+0x240/0x240
[   19.132302]  vfs_open+0xa9/0xe0
[   19.132310]  path_openat+0x1e18/0x2ae0
[   19.132322]  ? path_lookupat+0x770/0x770
[   19.132333]  do_filp_open+0x1ce/0x420
[   19.132342]  ? may_open_dev+0x110/0x110
[   19.132349]  ? lock_release+0x3ed/0x870
[   19.132364]  ? do_raw_spin_unlock+0x15d/0x210
[   19.132379]  do_sys_openat2+0x181/0x540
[   19.132388]  ? seqcount_lockdep_reader_access.constprop.0+0xb4/0xd0
[   19.132399]  ? ktime_get_coarse_real_ts64+0x4d/0xf0
[   19.132410]  ? build_open_flags+0x6d0/0x6d0
[   19.132418]  ? lockdep_hardirqs_on+0x8a/0x110
[   19.132426]  ? trace_hardirqs_on+0x41/0x120
[   19.132437]  ? seqcount_lockdep_reader_access.constprop.0+0xc0/0xd0
[   19.132450]  __x64_sys_openat+0x17a/0x240
[   19.132460]  ? __ia32_compat_sys_open+0x1f0/0x1f0
[   19.132471]  ? syscall_trace_enter.constprop.0+0x17e/0x240
[   19.132484]  do_syscall_64+0x3c/0x90
[   19.132493]  entry_SYSCALL_64_after_hwframe+0x63/0xcd
[   19.132503] RIP: 0033:0x7fcf8b13e84b
[   19.132509] Code: 25 00 00 41 00 3d 00 00 41 00 74 4b 64 8b 04 25 18 00 00 00 85 c0 75 67 44 89 e2 48 89 ee bf 9c ff ff ff b8 01 01 00 00 0f 05 <48> 3d 00 f0 ff ff 0f 87 91 00 00 00 48 8b 54 24 28 64 48 2b 14 25
[   19.132517] RSP: 002b:00007ffe5465aff0 EFLAGS: 00000246 ORIG_RAX: 0000000000000101
[   19.132524] RAX: ffffffffffffffda RBX: 0000000000000000 RCX: 00007fcf8b13e84b
[   19.132529] RDX: 0000000000002402 RSI: 00007ffe5465b090 RDI: 00000000ffffff9c
[   19.132534] RBP: 00007ffe5465b090 R08: 000000000000000f R09: 0023617363762f76
[   19.132539] R10: 0000000000000000 R11: 0000000000000246 R12: 0000000000002402
[   19.132543] R13: 0000000000401df2 R14: 0000000000403e08 R15: 00007fcf8b3fc000
[   19.132555]  </TASK>
