c[?7l[2J[0mSeaBIOS (version rel-1.16.0-0-gd239552ce722-prebuilt.qemu.org)


iPXE (http://ipxe.org) 00:03.0 CA00 PCI2.10 PnP PMM+7FF91000+7FEF1000 CA00
Press Ctrl-B to configure iPXE (PCI 00:03.0)...                                                                               


Booting from ROM...
c[?7l[2J[    0.000000] Linux version 6.0.0-rc2-f3c0eba28704+ (root@p-rpls03) (gcc (GCC) 11.4.1 20230605 (Red Hat 11.4.1-2), GNU ld version 2.35.2-42.el9) #1 SMP PREEMPT_DYNAMIC Mon Aug 28 01:34:30 CST 2023
[    0.000000] Command line: console=ttyS0 root=/dev/sda earlyprintk=serial net.ifnames=0 quiet plymouth.enable=0
[    0.000000] KERNEL supported cpus:
[    0.000000]   Intel GenuineIntel
[    0.000000]   AMD AuthenticAMD
[    0.000000]   Hygon HygonGenuine
[    0.000000]   Centaur CentaurHauls
[    0.000000]   zhaoxin   Shanghai  
[    0.000000] x86/fpu: Supporting XSAVE feature 0x001: 'x87 floating point registers'
[    0.000000] x86/fpu: Supporting XSAVE feature 0x002: 'SSE registers'
[    0.000000] x86/fpu: Supporting XSAVE feature 0x004: 'AVX registers'
[    0.000000] x86/fpu: Supporting XSAVE feature 0x200: 'Protection Keys User registers'
[    0.000000] x86/fpu: xstate_offset[2]:  576, xstate_sizes[2]:  256
[    0.000000] x86/fpu: xstate_offset[9]:  832, xstate_sizes[9]:    8
[    0.000000] x86/fpu: Enabled xstate features 0x207, context size is 840 bytes, using 'compacted' format.
[    0.000000] signal: max sigframe size: 3632
[    0.000000] BIOS-provided physical RAM map:
[    0.000000] BIOS-e820: [mem 0x0000000000000000-0x000000000009fbff] usable
[    0.000000] BIOS-e820: [mem 0x000000000009fc00-0x000000000009ffff] reserved
[    0.000000] BIOS-e820: [mem 0x00000000000f0000-0x00000000000fffff] reserved
[    0.000000] BIOS-e820: [mem 0x0000000000100000-0x000000007ffdffff] usable
[    0.000000] BIOS-e820: [mem 0x000000007ffe0000-0x000000007fffffff] reserved
[    0.000000] BIOS-e820: [mem 0x00000000feffc000-0x00000000feffffff] reserved
[    0.000000] BIOS-e820: [mem 0x00000000fffc0000-0x00000000ffffffff] reserved
[    0.000000] printk: bootconsole [earlyser0] enabled
[    0.803508] Spectre V2 : WARNING: Unprivileged eBPF is enabled with eIBRS on, data leaks possible via Spectre v2 BHB attacks!
[    6.766458] systemd[1]: Failed to start Load Kernel Modules.
[[0;1;31mFAILED[0m] Failed to start [0;1;39mLoad Kernel Modules[0m.

CentOS Stream 9
Kernel 6.0.0-rc2-f3c0eba28704+ on an x86_64

Activate the web console with: systemctl enable --now cockpit.socket

test login: [   27.429462] 
[   27.429467] ======================================================
[   27.429471] WARNING: possible circular locking dependency detected
[   27.429477] 6.0.0-rc2-f3c0eba28704+ #1 Tainted: G        W         
[   27.429485] ------------------------------------------------------
[   27.429488] repro/4648 is trying to acquire lock:
[   27.429494] ffff88800a9cb190 (&p->pi_lock){-.-.}-{2:2}, at: try_to_wake_up+0xbd/0x1650
[   27.429524] 
[   27.429524] but task is already holding lock:
[   27.429527] ffffffff86443878 ((console_sem).lock){-.-.}-{2:2}, at: up+0x21/0xc0
[   27.429553] 
[   27.429553] which lock already depends on the new lock.
[   27.429553] 
[   27.429556] 
[   27.429556] the existing dependency chain (in reverse order) is:
[   27.429560] 
[   27.429560] -> #3 ((console_sem).lock){-.-.}-{2:2}:
[   27.429576]        _raw_spin_lock_irqsave+0x52/0x80
[   27.429591]        down_trylock+0x1c/0x80
[   27.429601]        __down_trylock_console_sem+0x4f/0xe0
[   27.429616]        vprintk_emit+0x27c/0x6d0
[   27.429624]        vprintk_default+0x2f/0x40
[   27.429634]        vprintk+0xde/0x180
[   27.429643]        _printk+0xc3/0xfa
[   27.429658]        report_bug.cold+0x71/0xae
[   27.429668]        handle_bug+0x46/0x80
[   27.429680]        exc_invalid_op+0x1d/0x50
[   27.429692]        asm_exc_invalid_op+0x1f/0x30
[   27.429706]        event_filter_match+0x4a7/0x700
[   27.429718]        merge_sched_in+0x11c/0x1100
[   27.429732]        visit_groups_merge.constprop.0.isra.0+0x5a4/0x1240
[   27.429748]        ctx_sched_in+0x2fe/0x7b0
[   27.429761]        perf_event_sched_in+0x86/0xa0
[   27.429775]        ctx_resched+0x1db/0x3a0
[   27.429788]        __perf_install_in_context+0x297/0xab0
[   27.429802]        remote_function+0x136/0x1b0
[   27.429813]        __flush_smp_call_function_queue+0x1f3/0x5d0
[   27.429829]        generic_smp_call_function_single_interrupt+0x1c/0x30
[   27.429847]        __sysvec_call_function_single+0x9f/0x3b0
[   27.429860]        sysvec_call_function_single+0x4b/0xc0
[   27.429873]        asm_sysvec_call_function_single+0x1f/0x30
[   27.429894]        write_comp_data+0x13/0x90
[   27.429907]        bpf_ksym_find+0x111/0x1d0
[   27.429922]        is_bpf_text_address+0x64/0x180
[   27.429937]        kernel_text_address+0xd3/0xe0
[   27.429952]        __kernel_text_address+0x16/0x50
[   27.429966]        unwind_get_return_address+0x65/0xb0
[   27.429982]        arch_stack_walk+0xa2/0x100
[   27.429995]        stack_trace_save+0x98/0xd0
[   27.430006]        kasan_save_stack+0x2a/0x50
[   27.430018]        kasan_set_track+0x29/0x40
[   27.430029]        kasan_set_free_info+0x28/0x40
[   27.430042]        __kasan_slab_free+0x114/0x1b0
[   27.430054]        slab_free_freelist_hook+0xbd/0x1a0
[   27.430070]        kmem_cache_free+0x256/0x550
[   27.430081]        file_free_rcu+0x81/0xb0
[   27.430096]        rcu_core+0x82a/0x1b10
[   27.430108]        rcu_core_si+0x12/0x20
[   27.430121]        __do_softirq+0x1cd/0x8da
[   27.430132]        __irq_exit_rcu+0x13a/0x1a0
[   27.430143]        irq_exit_rcu+0x12/0x30
[   27.430154]        sysvec_apic_timer_interrupt+0xa5/0xc0
[   27.430167]        asm_sysvec_apic_timer_interrupt+0x1f/0x30
[   27.430184]        native_safe_halt+0xf/0x20
[   27.430196]        arch_cpu_idle+0x16/0x20
[   27.430210]        default_idle_call+0x9e/0xf0
[   27.430223]        do_idle+0x47e/0x5d0
[   27.430234]        cpu_startup_entry+0x24/0x30
[   27.430253]        rest_init+0x17f/0x280
[   27.430264]        arch_call_rest_init+0x1c/0x34
[   27.430278]        start_kernel+0x4fe/0x524
[   27.430289]        x86_64_start_reservations+0x28/0x2e
[   27.430302]        x86_64_start_kernel+0x9b/0xa5
[   27.430314]        secondary_startup_64_no_verify+0xe5/0xeb
[   27.430329] 
[   27.430329] -> #2 (&cpuctx_lock){-.-.}-{2:2}:
[   27.430344]        _raw_spin_lock+0x38/0x50
[   27.430357]        perf_cgroup_switch+0x213/0x620
[   27.430371]        __perf_event_task_sched_out+0x273/0x1a50
[   27.430386]        __schedule+0x1200/0x2910
[   27.430397]        schedule_idle+0x65/0xa0
[   27.430407]        do_idle+0x33a/0x5d0
[   27.430418]        cpu_startup_entry+0x24/0x30
[   27.430430]        rest_init+0x17f/0x280
[   27.430441]        arch_call_rest_init+0x1c/0x34
[   27.430454]        start_kernel+0x4fe/0x524
[   27.430466]        x86_64_start_reservations+0x28/0x2e
[   27.430478]        x86_64_start_kernel+0x9b/0xa5
[   27.430490]        secondary_startup_64_no_verify+0xe5/0xeb
[   27.430505] 
[   27.430505] -> #1 (&rq->__lock){-.-.}-{2:2}:
[   27.430520]        _raw_spin_lock_nested+0x3e/0x60
[   27.430534]        raw_spin_rq_lock_nested+0x2c/0x40
[   27.430550]        task_fork_fair+0x6c/0x490
[   27.430564]        sched_cgroup_fork+0x3a9/0x5e0
[   27.430576]        copy_process+0x43a4/0x6c70
[   27.430588]        kernel_clone+0xfd/0xaf0
[   27.430601]        user_mode_thread+0xc5/0x100
[   27.430614]        rest_init+0x32/0x280
[   27.430625]        arch_call_rest_init+0x1c/0x34
[   27.430638]        start_kernel+0x4fe/0x524
[   27.430649]        x86_64_start_reservations+0x28/0x2e
[   27.430662]        x86_64_start_kernel+0x9b/0xa5
[   27.430674]        secondary_startup_64_no_verify+0xe5/0xeb
[   27.430688] 
[   27.430688] -> #0 (&p->pi_lock){-.-.}-{2:2}:
[   27.430701]        __lock_acquire+0x29ec/0x5410
[   27.430716]        lock_acquire+0x1c7/0x570
[   27.430728]        _raw_spin_lock_irqsave+0x52/0x80
[   27.430740]        try_to_wake_up+0xbd/0x1650
[   27.430749]        wake_up_process+0x19/0x20
[   27.430759]        __up.isra.0+0xec/0x130
[   27.430767]        up+0x90/0xc0
[   27.430776]        __up_console_sem+0x8b/0xb0
[   27.430790]        console_unlock+0x4d5/0x5f0
[   27.430800]        vcs_open+0x90/0xe0
[   27.430812]        chrdev_open+0x2a8/0x780
[   27.430821]        do_dentry_open+0x499/0x1210
[   27.430832]        vfs_open+0xa9/0xe0
[   27.430840]        path_openat+0x1e18/0x2ae0
[   27.430848]        do_filp_open+0x1ce/0x420
[   27.430858]        do_sys_openat2+0x181/0x540
[   27.430868]        __x64_sys_openat+0x17a/0x240
[   27.430877]        do_syscall_64+0x3c/0x90
[   27.430887]        entry_SYSCALL_64_after_hwframe+0x63/0xcd
[   27.430899] 
[   27.430899] other info that might help us debug this:
[   27.430899] 
[   27.430901] Chain exists of:
[   27.430901]   &p->pi_lock --> &cpuctx_lock --> (console_sem).lock
[   27.430901] 
[   27.430914]  Possible unsafe locking scenario:
[   27.430914] 
[   27.430918]        CPU0                    CPU1
[   27.430920]        ----                    ----
[   27.430922]   lock((console_sem).lock);
[   27.430928]                                lock(&cpuctx_lock);
[   27.430934]                                lock((console_sem).lock);
[   27.430940]   lock(&p->pi_lock);
[   27.430945] 
[   27.430945]  *** DEADLOCK ***
[   27.430945] 
[   27.430946] 1 lock held by repro/4648:
[   27.430953]  #0: ffffffff86443878 ((console_sem).lock){-.-.}-{2:2}, at: up+0x21/0xc0
[   27.430979] 
[   27.430979] stack backtrace:
[   27.430982] CPU: 0 PID: 4648 Comm: repro Tainted: G        W          6.0.0-rc2-f3c0eba28704+ #1
[   27.430995] Hardware name: QEMU Standard PC (i440FX + PIIX, 1996), BIOS rel-1.16.0-0-gd239552ce722-prebuilt.qemu.org 04/01/2014
[   27.431003] Call Trace:
[   27.431006]  <TASK>
[   27.431011]  dump_stack_lvl+0xa7/0xdb
[   27.431024]  dump_stack+0x19/0x1f
[   27.431035]  print_circular_bug.cold+0x15b/0x16a
[   27.431051]  check_noncircular+0x26c/0x320
[   27.431065]  ? lock_chain_count+0x30/0x30
[   27.431080]  ? print_circular_bug+0x210/0x210
[   27.431095]  ? desc_read+0x35d/0x440
[   27.431110]  ? call_rcu_zapped+0xb0/0xb0
[   27.431124]  ? __sanitizer_cov_trace_const_cmp8+0x1c/0x30
[   27.431145]  __lock_acquire+0x29ec/0x5410
[   27.431168]  ? lockdep_hardirqs_on_prepare+0x420/0x420
[   27.431184]  ? __this_cpu_preempt_check+0x21/0x30
[   27.431199]  ? lock_is_held_type+0xf0/0x150
[   27.431214]  lock_acquire+0x1c7/0x570
[   27.431228]  ? try_to_wake_up+0xbd/0x1650
[   27.431243]  ? lock_release+0x870/0x870
[   27.431260]  ? lockdep_hardirqs_on_prepare+0x420/0x420
[   27.431276]  ? __this_cpu_preempt_check+0x21/0x30
[   27.431290]  ? lock_is_held_type+0xf0/0x150
[   27.431305]  _raw_spin_lock_irqsave+0x52/0x80
[   27.431319]  ? try_to_wake_up+0xbd/0x1650
[   27.431332]  try_to_wake_up+0xbd/0x1650
[   27.431349]  ? migrate_swap_stop+0x7c0/0x7c0
[   27.431361]  ? rwlock_bug.part.0+0x90/0x90
[   27.431379]  wake_up_process+0x19/0x20
[   27.431391]  __up.isra.0+0xec/0x130
[   27.431405]  up+0x90/0xc0
[   27.431418]  ? vcs_open+0x90/0xe0
[   27.431430]  __up_console_sem+0x8b/0xb0
[   27.431447]  console_unlock+0x4d5/0x5f0
[   27.431461]  ? console_emit_next_record.constprop.0+0x8c0/0x8c0
[   27.431481]  ? vcs_release+0x70/0x70
[   27.431494]  vcs_open+0x90/0xe0
[   27.431508]  chrdev_open+0x2a8/0x780
[   27.431523]  ? cdev_device_add+0x240/0x240
[   27.431535]  ? fsnotify_perm.part.0+0x265/0x5f0
[   27.431551]  ? do_raw_spin_unlock+0x15d/0x210
[   27.431570]  do_dentry_open+0x499/0x1210
[   27.431585]  ? cdev_device_add+0x240/0x240
[   27.431602]  vfs_open+0xa9/0xe0
[   27.431616]  path_openat+0x1e18/0x2ae0
[   27.431637]  ? path_lookupat+0x770/0x770
[   27.431656]  do_filp_open+0x1ce/0x420
[   27.431669]  ? may_open_dev+0x110/0x110
[   27.431682]  ? lock_release+0x3ed/0x870
[   27.431708]  ? do_raw_spin_unlock+0x15d/0x210
[   27.431734]  do_sys_openat2+0x181/0x540
[   27.431747]  ? seqcount_lockdep_reader_access.constprop.0+0xb4/0xd0
[   27.431765]  ? ktime_get_coarse_real_ts64+0x4d/0xf0
[   27.431782]  ? build_open_flags+0x6d0/0x6d0
[   27.431796]  ? lockdep_hardirqs_on+0x8a/0x110
[   27.431810]  ? trace_hardirqs_on+0x41/0x120
[   27.431827]  ? seqcount_lockdep_reader_access.constprop.0+0xc0/0xd0
[   27.431848]  __x64_sys_openat+0x17a/0x240
[   27.431863]  ? __ia32_compat_sys_open+0x1f0/0x1f0
[   27.431880]  ? syscall_trace_enter.constprop.0+0x17e/0x240
[   27.431901]  do_syscall_64+0x3c/0x90
[   27.431915]  entry_SYSCALL_64_after_hwframe+0x63/0xcd
[   27.431930] RIP: 0033:0x7ff66e33e84b
[   27.431941] Code: 25 00 00 41 00 3d 00 00 41 00 74 4b 64 8b 04 25 18 00 00 00 85 c0 75 67 44 89 e2 48 89 ee bf 9c ff ff ff b8 01 01 00 00 0f 05 <48> 3d 00 f0 ff ff 0f 87 91 00 00 00 48 8b 54 24 28 64 48 2b 14 25
[   27.431951] RSP: 002b:00007fff091b1180 EFLAGS: 00000246 ORIG_RAX: 0000000000000101
[   27.431963] RAX: ffffffffffffffda RBX: 0000000000000000 RCX: 00007ff66e33e84b
[   27.431971] RDX: 0000000000002402 RSI: 00007fff091b1220 RDI: 00000000ffffff9c
[   27.431978] RBP: 00007fff091b1220 R08: 000000000000001f R09: 0023617363762f76
[   27.431986] R10: 0000000000000000 R11: 0000000000000246 R12: 0000000000002402
[   27.431994] R13: 0000000000401df2 R14: 0000000000403e08 R15: 00007ff66e540000
[   27.432017]  </TASK>
