c[?7l[2J[0mSeaBIOS (version rel-1.16.0-0-gd239552ce722-prebuilt.qemu.org)


iPXE (http://ipxe.org) 00:03.0 CA00 PCI2.10 PnP PMM+7FF91000+7FEF1000 CA00
Press Ctrl-B to configure iPXE (PCI 00:03.0)...                                                                               


Booting from ROM..c[?7l[2J[0m.[    0.000000] Linux version 6.11.0-rc4-3dc80ef932e2+ (root@p-mtlp04) (gcc (GCC) 11.5.0 20240719 (Red Hat 11.5.0-2), GNU ld version 2.35.2-54.el9) #1 SMP PREEMPT_DYNAMIC Tue Sep  3 03:30:09 CST 2024
[    0.000000] Command line: console=ttyS0 root=/dev/sda earlyprintk=serial net.ifnames=0 plymouth.enable=0
[    0.000000] KERNEL supported cpus:
[    0.000000]   Intel GenuineIntel
[    0.000000]   AMD AuthenticAMD
[    0.000000]   Hygon HygonGenuine
[    0.000000]   Centaur CentaurHauls
[    0.000000]   zhaoxin   Shanghai  
[    0.000000] x86/split lock detection: #DB: warning on user-space bus_locks
[    0.000000] BIOS-provided physical RAM map:
[    0.000000] BIOS-e820: [mem 0x0000000000000000-0x000000000009fbff] usable
[    0.000000] BIOS-e820: [mem 0x000000000009fc00-0x000000000009ffff] reserved
[    0.000000] BIOS-e820: [mem 0x00000000000f0000-0x00000000000fffff] reserved
[    0.000000] BIOS-e820: [mem 0x0000000000100000-0x000000007ffdffff] usable
[    0.000000] BIOS-e820: [mem 0x000000007ffe0000-0x000000007fffffff] reserved
[    0.000000] BIOS-e820: [mem 0x00000000feffc000-0x00000000feffffff] reserved
[    0.000000] BIOS-e820: [mem 0x00000000fffc0000-0x00000000ffffffff] reserved
[    0.000000] printk: legacy bootconsole [earlyser0] enabled
[    0.000000] NX (Execute Disable) protection: active
[    0.000000] APIC: Static calls initialized
[    0.000000] SMBIOS 2.8 present.
[    0.000000] DMI: QEMU Standard PC (i440FX + PIIX, 1996), BIOS rel-1.16.0-0-gd239552ce722-prebuilt.qemu.org 04/01/2014
[    0.000000] DMI: Memory slots populated: 1/1
[    0.000000] Hypervisor detected: KVM
[    0.000000] kvm-clock: Using msrs 4b564d01 and 4b564d00
[    0.000002] kvm-clock: using sched offset of 791268981 cycles
[    0.000401] clocksource: kvm-clock: mask: 0xffffffffffffffff max_cycles: 0x1cd42e4dffb, max_idle_ns: 881590591483 ns
[    0.001641] tsc: Detected 2995.200 MHz processor
[    0.009021] last_pfn = 0x7ffe0 max_arch_pfn = 0x400000000
[    0.009462] MTRR map: 4 entries (3 fixed + 1 variable; max 19), built from 8 variable MTRRs
[    0.010097] x86/PAT: Configuration [0-7]: WB  WC  UC- UC  WB  WP  UC- WT  
[    0.019797] found SMP MP-table at [mem 0x000f5ba0-0x000f5baf]
[    0.020281] Using GB pages for direct mapping
[    0.023008] ACPI: Early table checksum verification disabled
[    0.023445] ACPI: RSDP 0x00000000000F59C0 000014 (v00 BOCHS )
[    0.023897] ACPI: RSDT 0x000000007FFE1951 000034 (v01 BOCHS  BXPC     00000001 BXPC 00000001)
[    0.024559] ACPI: FACP 0x000000007FFE17FD 000074 (v01 BOCHS  BXPC     00000001 BXPC 00000001)
[    0.025222] ACPI: DSDT 0x000000007FFE0040 0017BD (v01 BOCHS  BXPC     00000001 BXPC 00000001)
[    0.025880] ACPI: FACS 0x000000007FFE0000 000040
[    0.026248] ACPI: APIC 0x000000007FFE1871 000080 (v01 BOCHS  BXPC     00000001 BXPC 00000001)
[    0.026915] ACPI: HPET 0x000000007FFE18F1 000038 (v01 BOCHS  BXPC     00000001 BXPC 00000001)
[    0.027599] ACPI: WAET 0x000000007FFE1929 000028 (v01 BOCHS  BXPC     00000001 BXPC 00000001)
[    0.028372] ACPI: Reserving FACP table memory at [mem 0x7ffe17fd-0x7ffe1870]
[    0.028918] ACPI: Reserving DSDT table memory at [mem 0x7ffe0040-0x7ffe17fc]
[    0.029464] ACPI: Reserving FACS table memory at [mem 0x7ffe0000-0x7ffe003f]
[    0.030032] ACPI: Reserving APIC table memory at [mem 0x7ffe1871-0x7ffe18f0]
[    0.030665] ACPI: Reserving HPET table memory at [mem 0x7ffe18f1-0x7ffe1928]
[    0.031228] ACPI: Reserving WAET table memory at [mem 0x7ffe1929-0x7ffe1950]
[    0.032246] No NUMA configuration found
[    0.032555] Faking a node at [mem 0x0000000000000000-0x000000007ffdffff]
[    0.033117] NODE_DATA(0) allocated [mem 0x7ffb5180-0x7ffdfdff]
[    0.035089] Zone ranges:
[    0.035309]   DMA      [mem 0x0000000000001000-0x0000000000ffffff]
[    0.035825]   DMA32    [mem 0x0000000001000000-0x000000007ffdffff]
[    0.036330]   Normal   empty
[    0.036570]   Device   empty
[    0.036807] Movable zone start for each node
[    0.037165] Early memory node ranges
[    0.037473]   node   0: [mem 0x0000000000001000-0x000000000009efff]
[    0.038010]   node   0: [mem 0x0000000000100000-0x000000007ffdffff]
[    0.038493] Initmem setup node 0 [mem 0x0000000000001000-0x000000007ffdffff]
[    0.039421] On node 0, zone DMA: 1 pages in unavailable ranges
[    0.040174] On node 0, zone DMA: 97 pages in unavailable ranges
[    0.084142] On node 0, zone DMA32: 32 pages in unavailable ranges
[    0.321599] kasan: KernelAddressSanitizer initialized
[    0.322241] ACPI: PM-Timer IO Port: 0x608
[    0.322573] ACPI: LAPIC_NMI (acpi_id[0xff] dfl dfl lint[0x1])
[    0.323062] IOAPIC[0]: apic_id 0, version 17, address 0xfec00000, GSI 0-23
[    0.323594] ACPI: INT_SRC_OVR (bus 0 bus_irq 0 global_irq 2 dfl dfl)
[    0.324069] ACPI: INT_SRC_OVR (bus 0 bus_irq 5 global_irq 5 high level)
[    0.324564] ACPI: INT_SRC_OVR (bus 0 bus_irq 9 global_irq 9 high level)
[    0.325057] ACPI: INT_SRC_OVR (bus 0 bus_irq 10 global_irq 10 high level)
[    0.325563] ACPI: INT_SRC_OVR (bus 0 bus_irq 11 global_irq 11 high level)
[    0.326077] ACPI: Using ACPI (MADT) for SMP configuration information
[    0.326560] ACPI: HPET id: 0x8086a201 base: 0xfed00000
[    0.326952] TSC deadline timer available
[    0.327249] CPU topo: Max. logical packages:   1
[    0.327592] CPU topo: Max. logical dies:       1
[    0.327934] CPU topo: Max. dies per package:   1
[    0.328281] CPU topo: Max. threads per core:   1
[    0.328623] CPU topo: Num. cores per package:     2
[    0.328984] CPU topo: Num. threads per package:   2
[    0.329348] CPU topo: Allowing 2 present CPUs plus 0 hotplug CPUs
[    0.329866] kvm-guest: APIC: eoi() replaced with kvm_guest_apic_eoi_write()
[    0.330501] kvm-guest: KVM setup pv remote TLB flush
[    0.330877] kvm-guest: setup PV sched yield
[    0.331229] PM: hibernation: Registered nosave memory: [mem 0x00000000-0x00000fff]
[    0.331796] PM: hibernation: Registered nosave memory: [mem 0x0009f000-0x0009ffff]
[    0.332361] PM: hibernation: Registered nosave memory: [mem 0x000a0000-0x000effff]
[    0.332922] PM: hibernation: Registered nosave memory: [mem 0x000f0000-0x000fffff]
[    0.333519] [mem 0x80000000-0xfeffbfff] available for PCI devices
[    0.333976] Booting paravirtualized kernel on KVM
[    0.334334] clocksource: refined-jiffies: mask: 0xffffffff max_cycles: 0xffffffff, max_idle_ns: 7645519600211568 ns
[    0.335128] setup_percpu: NR_CPUS:8192 nr_cpumask_bits:2 nr_cpu_ids:2 nr_node_ids:1
[    0.338400] percpu: Embedded 85 pages/cpu s311296 r8192 d28672 u1048576
[    0.339057] kvm-guest: PV spinlocks enabled
[    0.339386] PV qspinlock hash table entries: 256 (order: 0, 4096 bytes, linear)
[    0.339954] Kernel command line: net.ifnames=0 console=ttyS0 root=/dev/sda earlyprintk=serial net.ifnames=0 plymouth.enable=0
[    0.341045] random: crng init done
[    0.342569] Dentry cache hash table entries: 262144 (order: 9, 2097152 bytes, linear)
[    0.343930] Inode-cache hash table entries: 131072 (order: 8, 1048576 bytes, linear)
[    0.344795] Fallback order for Node 0: 0 
[    0.344806] Built 1 zonelists, mobility grouping on.  Total pages: 524158
[    0.345592] Policy zone: DMA32
[    0.345819] mem auto-init: stack:off, heap alloc:off, heap free:off
[    0.346283] stackdepot: allocating hash table via alloc_large_system_hash
[    0.346789] stackdepot hash table entries: 1048576 (order: 12, 16777216 bytes, linear)
[    0.411884] SLUB: HWalign=64, Order=0-3, MinObjects=0, CPUs=2, Nodes=1
[    0.412403] kmemleak: Kernel memory leak detector disabled
[    0.412964] ftrace: allocating 72168 entries in 282 pages
[    0.437953] ftrace: allocated 282 pages with 4 groups
[    0.441711] Dynamic Preempt: voluntary
[    0.442596] Running RCU self tests
[    0.442847] Running RCU synchronous self tests
[    0.443174] rcu: Preemptible hierarchical RCU implementation.
[    0.443588] rcu: 	RCU lockdep checking is enabled.
[    0.443931] rcu: 	RCU restricting CPUs from NR_CPUS=8192 to nr_cpu_ids=2.
[    0.444419] 	Trampoline variant of Tasks RCU enabled.
[    0.444782] 	Rude variant of Tasks RCU enabled.
[    0.445108] 	Tracing variant of Tasks RCU enabled.
[    0.445452] rcu: RCU calculated value of scheduler-enlistment delay is 25 jiffies.
[    0.445993] rcu: Adjusting geometry for rcu_fanout_leaf=16, nr_cpu_ids=2
[    0.446549] Running RCU synchronous self tests
[    0.446873] RCU Tasks: Setting shift to 1 and lim to 1 rcu_task_cb_adjust=1.
[    0.447380] RCU Tasks Rude: Setting shift to 1 and lim to 1 rcu_task_cb_adjust=1.
[    0.447918] RCU Tasks Trace: Setting shift to 1 and lim to 1 rcu_task_cb_adjust=1.
[    0.489184] NR_IRQS: 524544, nr_irqs: 440, preallocated irqs: 16
[    0.490344] rcu: srcu_init: Setting srcu_struct sizes based on contention.
[    0.497827] Console: colour VGA+ 80x25
[    0.498205] printk: legacy console [ttyS0] enabled
[    0.498205] printk: legacy console [ttyS0] enabled
[    0.498931] printk: legacy bootconsole [earlyser0] disabled
[    0.498931] printk: legacy bootconsole [earlyser0] disabled
[    0.499786] Lock dependency validator: Copyright (c) 2006 Red Hat, Inc., Ingo Molnar
[    0.500370] ... MAX_LOCKDEP_SUBCLASSES:  8
[    0.500683] ... MAX_LOCK_DEPTH:          48
[    0.501002] ... MAX_LOCKDEP_KEYS:        8192
[    0.501336] ... CLASSHASH_SIZE:          4096
[    0.501669] ... MAX_LOCKDEP_ENTRIES:     524288
[    0.502015] ... MAX_LOCKDEP_CHAINS:      524288
[    0.502363] ... CHAINHASH_SIZE:          262144
[    0.502710]  memory used by lock dependency info: 54145 kB
[    0.503125]  memory used for stack traces: 4224 kB
[    0.503489]  per task-struct memory footprint: 1920 bytes
[    0.504013] ACPI: Core revision 20240322
[    0.504852] clocksource: hpet: mask: 0xffffffff max_cycles: 0xffffffff, max_idle_ns: 19112604467 ns
[    0.505781] APIC: Switch to symmetric I/O mode setup
[    0.506315] x2apic enabled
[    0.506885] APIC: Switched APIC routing to: physical x2apic
[    0.507313] kvm-guest: APIC: send_IPI_mask() replaced with kvm_send_ipi_mask()
[    0.507865] kvm-guest: APIC: send_IPI_mask_allbutself() replaced with kvm_send_ipi_mask_allbutself()
[    0.508551] kvm-guest: setup PV IPIs
[    0.509974] ..TIMER: vector=0x30 apic1=0 pin1=2 apic2=-1 pin2=-1
[    0.510481] clocksource: tsc-early: mask: 0xffffffffffffffff max_cycles: 0x2b2c8ec87c7, max_idle_ns: 440795278598 ns
[    0.511401] Calibrating delay loop (skipped) preset value.. 5990.40 BogoMIPS (lpj=11980800)
[    0.512166] x86/cpu: User Mode Instruction Prevention (UMIP) activated
[    0.512763] Last level iTLB entries: 4KB 0, 2MB 0, 4MB 0
[    0.513168] Last level dTLB entries: 4KB 0, 2MB 0, 4MB 0, 1GB 0
[    0.513631] Spectre V1 : Mitigation: usercopy/swapgs barriers and __user pointer sanitization
[    0.515438] Spectre V2 : WARNING: Unprivileged eBPF is enabled with eIBRS on, data leaks possible via Spectre v2 BHB attacks!
[    0.516279] Spectre V2 : Spectre BHI mitigation: SW BHB clearing on syscall and VM exit
[    0.516877] Spectre V2 : Mitigation: Enhanced / Automatic IBRS
[    0.517318] Spectre V2 : Spectre v2 / SpectreRSB mitigation: Filling RSB on context switch
[    0.517935] Spectre V2 : Spectre v2 / PBRSB-eIBRS: Retire a single CALL on VMEXIT
[    0.518501] Spectre V2 : mitigation: Enabling conditional Indirect Branch Prediction Barrier
[    0.519393] Speculative Store Bypass: Mitigation: Speculative Store Bypass disabled via prctl
[    0.520038] MMIO Stale Data: Unknown: No mitigations
[    0.520446] x86/fpu: Supporting XSAVE feature 0x001: 'x87 floating point registers'
[    0.521036] x86/fpu: Supporting XSAVE feature 0x002: 'SSE registers'
[    0.521525] x86/fpu: Supporting XSAVE feature 0x004: 'AVX registers'
[    0.522013] x86/fpu: Supporting XSAVE feature 0x200: 'Protection Keys User registers'
[    0.522611] x86/fpu: xstate_offset[2]:  576, xstate_sizes[2]:  256
[    0.523389] x86/fpu: xstate_offset[9]:  832, xstate_sizes[9]:    8
[    0.523873] x86/fpu: Enabled xstate features 0x207, context size is 840 bytes, using 'compacted' format.
[    0.648500] Freeing SMP alternatives memory: 56K
[    0.648898] pid_max: default: 32768 minimum: 301
[    0.649532] LSM: initializing lsm=capability,yama,ima,evm
[    0.649994] Yama: becoming mindful.
[    0.650655] Mount-cache hash table entries: 4096 (order: 3, 32768 bytes, linear)
[    0.651232] Mountpoint-cache hash table entries: 4096 (order: 3, 32768 bytes, linear)
[    0.653887] Running RCU synchronous self tests
[    0.654251] Running RCU synchronous self tests
[    0.655536] smpboot: CPU0: Intel(R) Core(TM) Ultra 7 155H (family: 0x6, model: 0xaa, stepping: 0x4)
[    0.657613] Running RCU Tasks wait API self tests
[    0.759571] Running RCU Tasks Rude wait API self tests
[    0.760567] Running RCU Tasks Trace wait API self tests
[    0.761448] Performance Events: unsupported p6 CPU model 170 no PMU driver, software events only.
[    0.762973] signal: max sigframe size: 3632
[    0.763829] rcu: Hierarchical SRCU implementation.
[    0.764555] rcu: 	Max phase no-delay instances is 1000.
[    0.765928] Timer migration: 1 hierarchy levels; 8 children per group; 1 crossnode level
[    0.767586] Callback from call_rcu_tasks_trace() invoked.
[    0.773890] NMI watchdog: Perf NMI watchdog permanently disabled
[    0.774835] smp: Bringing up secondary CPUs ...
[    0.776308] smpboot: x86: Booting SMP configuration:
[    0.776734] .... node  #0, CPUs:      #1
[    0.776900] smp: Brought up 1 node, 2 CPUs
[    0.776900] smpboot: Total of 2 processors activated (11980.80 BogoMIPS)
[    0.780423] Memory: 1556820K/2096632K available (75776K kernel code, 14451K rwdata, 17192K rodata, 15336K init, 68224K bss, 532604K reserved, 0K cma-reserved)
[    0.782330] devtmpfs: initialized
[    0.783892] x86/mm: Memory block size: 128MB
[    0.793531] Running RCU synchronous self tests
[    0.793531] Running RCU synchronous self tests
[    0.795446] clocksource: jiffies: mask: 0xffffffff max_cycles: 0xffffffff, max_idle_ns: 7645041785100000 ns
[    0.795446] futex hash table entries: 512 (order: 4, 65536 bytes, linear)
[    0.797480] pinctrl core: initialized pinctrl subsystem
[    0.799897] 
[    0.800136] *************************************************************
[    0.801067] **     NOTICE NOTICE NOTICE NOTICE NOTICE NOTICE NOTICE    **
[    0.801997] **                                                         **
[    0.802923] **  IOMMU DebugFS SUPPORT HAS BEEN ENABLED IN THIS KERNEL  **
[    0.803394] **                                                         **
[    0.804145] ** This means that this kernel is built to expose internal **
[    0.804879] ** IOMMU data structures, which may compromise security on **
[    0.805507] ** your system.                                            **
[    0.806137] **                                                         **
[    0.806668] ** If you see this message and you are not debugging the   **
[    0.807185] ** kernel, report this immediately to your vendor!         **
[    0.807390] **                                                         **
[    0.807898] **     NOTICE NOTICE NOTICE NOTICE NOTICE NOTICE NOTICE    **
[    0.808405] *************************************************************
[    0.808972] PM: RTC time: 01:32:16, date: 2024-09-03
[    0.812975] NET: Registered PF_NETLINK/PF_ROUTE protocol family
[    0.814894] DMA: preallocated 256 KiB GFP_KERNEL pool for atomic allocations
[    0.815420] DMA: preallocated 256 KiB GFP_KERNEL|GFP_DMA pool for atomic allocations
[    0.816024] DMA: preallocated 256 KiB GFP_KERNEL|GFP_DMA32 pool for atomic allocations
[    0.816742] audit: initializing netlink subsys (disabled)
[    0.819851] audit: type=2000 audit(1725327137.213:1): state=initialized audit_enabled=0 res=1
[    0.825972] thermal_sys: Registered thermal governor 'fair_share'
[    0.825984] thermal_sys: Registered thermal governor 'bang_bang'
[    0.826805] thermal_sys: Registered thermal governor 'step_wise'
[    0.827397] thermal_sys: Registered thermal governor 'user_space'
[    0.828244] cpuidle: using governor ladder
[    0.828527] cpuidle: using governor menu
[    0.828527] acpiphp: ACPI Hot Plug PCI Controller Driver version: 0.5
[    0.831948] PCI: Using configuration type 1 for base access
[    0.832708] kprobes: kprobe jump-optimization is enabled. All kprobes are optimized if possible.
[    0.934996] Callback from call_rcu_tasks_rude() invoked.
[    0.935508] HugeTLB: registered 1.00 GiB page size, pre-allocated 0 pages
[    0.936085] HugeTLB: 16380 KiB vmemmap can be freed for a 1.00 GiB page
[    0.936641] HugeTLB: registered 2.00 MiB page size, pre-allocated 0 pages
[    0.937208] HugeTLB: 28 KiB vmemmap can be freed for a 2.00 MiB page
[    0.945996] ACPI: Added _OSI(Module Device)
[    0.946407] ACPI: Added _OSI(Processor Device)
[    0.946812] ACPI: Added _OSI(3.0 _SCP Extensions)
[    0.947232] ACPI: Added _OSI(Processor Aggregator Device)
[    0.979428] ACPI: 1 ACPI AML tables successfully acquired and loaded
[    0.988536] ACPI: Interpreter enabled
[    0.989104] ACPI: PM: (supports S0 S3 S4 S5)
[    0.989496] ACPI: Using IOAPIC for interrupt routing
[    0.990133] PCI: Using host bridge windows from ACPI; if necessary, use "pci=nocrs" and report a bug
[    0.990947] PCI: Using E820 reservations for host bridge windows
[    0.993431] ACPI: Enabled 2 GPEs in block 00 to 0F
[    1.062241] ACPI: PCI Root Bridge [PCI0] (domain 0000 [bus 00-ff])
[    1.062848] acpi PNP0A03:00: _OSC: OS supports [ASPM ClockPM Segments MSI EDR HPX-Type3]
[    1.063397] acpi PNP0A03:00: _OSC: not requesting OS control; OS requires [ExtendedConfig ASPM ClockPM MSI]
[    1.064502] acpi PNP0A03:00: fail to add MMCONFIG information, can't access extended configuration space under this bridge
[    1.073512] acpiphp: Slot [3] registered
[    1.074486] acpiphp: Slot [4] registered
[    1.075092] acpiphp: Slot [5] registered
[    1.075648] acpiphp: Slot [6] registered
[    1.076248] acpiphp: Slot [7] registered
[    1.076876] acpiphp: Slot [8] registered
[    1.077462] acpiphp: Slot [9] registered
[    1.078049] acpiphp: Slot [10] registered
[    1.078651] acpiphp: Slot [11] registered
[    1.079267] acpiphp: Slot [12] registered
[    1.079631] acpiphp: Slot [13] registered
[    1.080221] acpiphp: Slot [14] registered
[    1.080830] acpiphp: Slot [15] registered
[    1.081449] acpiphp: Slot [16] registered
[    1.082057] acpiphp: Slot [17] registered
[    1.082654] acpiphp: Slot [18] registered
[    1.083263] acpiphp: Slot [19] registered
[    1.083658] acpiphp: Slot [20] registered
[    1.084256] acpiphp: Slot [21] registered
[    1.084847] acpiphp: Slot [22] registered
[    1.085445] acpiphp: Slot [23] registered
[    1.086067] acpiphp: Slot [24] registered
[    1.086658] acpiphp: Slot [25] registered
[    1.087247] acpiphp: Slot [26] registered
[    1.087629] acpiphp: Slot [27] registered
[    1.088272] acpiphp: Slot [28] registered
[    1.088865] acpiphp: Slot [29] registered
[    1.089456] acpiphp: Slot [30] registered
[    1.090044] acpiphp: Slot [31] registered
[    1.090537] PCI host bridge to bus 0000:00
[    1.091019] pci_bus 0000:00: root bus resource [io  0x0000-0x0cf7 window]
[    1.091399] pci_bus 0000:00: root bus resource [io  0x0d00-0xffff window]
[    1.091995] pci_bus 0000:00: root bus resource [mem 0x000a0000-0x000bffff window]
[    1.092643] pci_bus 0000:00: root bus resource [mem 0x80000000-0xfebfffff window]
[    1.093292] pci_bus 0000:00: root bus resource [mem 0x100000000-0x17fffffff window]
[    1.093959] pci_bus 0000:00: root bus resource [bus 00-ff]
[    1.094631] pci 0000:00:00.0: [8086:1237] type 00 class 0x060000 conventional PCI endpoint
[    1.115994] pci 0000:00:01.0: [8086:7000] type 00 class 0x060100 conventional PCI endpoint
[    1.118858] pci 0000:00:01.1: [8086:7010] type 00 class 0x010180 conventional PCI endpoint
[    1.120742] pci 0000:00:01.1: BAR 4 [io  0xc040-0xc04f]
[    1.121733] pci 0000:00:01.1: BAR 0 [io  0x01f0-0x01f7]: legacy IDE quirk
[    1.122319] pci 0000:00:01.1: BAR 1 [io  0x03f6]: legacy IDE quirk
[    1.122850] pci 0000:00:01.1: BAR 2 [io  0x0170-0x0177]: legacy IDE quirk
[    1.123397] pci 0000:00:01.1: BAR 3 [io  0x0376]: legacy IDE quirk
[    1.124648] pci 0000:00:01.3: [8086:7113] type 00 class 0x068000 conventional PCI endpoint
[    1.125742] pci 0000:00:01.3: quirk: [io  0x0600-0x063f] claimed by PIIX4 ACPI
[    1.126379] pci 0000:00:01.3: quirk: [io  0x0700-0x070f] claimed by PIIX4 SMB
[    1.127645] pci 0000:00:02.0: [1234:1111] type 00 class 0x030000 conventional PCI endpoint
[    1.132003] pci 0000:00:02.0: BAR 0 [mem 0xfd000000-0xfdffffff pref]
[    1.135743] pci 0000:00:02.0: BAR 2 [mem 0xfebf0000-0xfebf0fff]
[    1.147826] pci 0000:00:02.0: ROM [mem 0xfebe0000-0xfebeffff pref]
[    1.149165] pci 0000:00:02.0: Video device with shadowed ROM at [mem 0x000c0000-0x000dffff]
[    1.173476] pci 0000:00:03.0: [8086:100e] type 00 class 0x020000 conventional PCI endpoint
[    1.174919] pci 0000:00:03.0: BAR 0 [mem 0xfebc0000-0xfebdffff]
[    1.175954] pci 0000:00:03.0: BAR 1 [io  0xc000-0xc03f]
[    1.179320] pci 0000:00:03.0: ROM [mem 0xfeb80000-0xfebbffff pref]
[    1.219067] ACPI: PCI: Interrupt link LNKA configured for IRQ 10
[    1.221755] ACPI: PCI: Interrupt link LNKB configured for IRQ 10
[    1.224618] ACPI: PCI: Interrupt link LNKC configured for IRQ 11
[    1.227448] ACPI: PCI: Interrupt link LNKD configured for IRQ 11
[    1.228929] ACPI: PCI: Interrupt link LNKS configured for IRQ 9
[    1.236196] iommu: Default domain type: Translated
[    1.236695] iommu: DMA domain TLB invalidation policy: lazy mode
[    1.241941] SCSI subsystem initialized
[    1.243321] ACPI: bus type USB registered
[    1.243703] usbcore: registered new interface driver usbfs
[    1.244364] usbcore: registered new interface driver hub
[    1.244996] usbcore: registered new device driver usb
[    1.245916] pps_core: LinuxPPS API ver. 1 registered
[    1.246391] pps_core: Software ver. 5.3.6 - Copyright 2005-2007 Rodolfo Giometti <giometti@linux.it>
[    1.247279] PTP clock support registered
[    1.248179] EDAC MC: Ver: 3.0.0
[    1.254163] NetLabel: Initializing
[    1.254533] NetLabel:  domain hash size = 128
[    1.254948] NetLabel:  protocols = UNLABELED CIPSOv4 CALIPSO
[    1.255771] NetLabel:  unlabeled traffic allowed by default
[    1.257451] PCI: Using ACPI for IRQ routing
[    1.258432] pci 0000:00:02.0: vgaarb: setting as boot VGA device
[    1.259037] pci 0000:00:02.0: vgaarb: bridge control possible
[    1.259385] pci 0000:00:02.0: vgaarb: VGA device added: decodes=io+mem,owns=io+mem,locks=none
[    1.259401] vgaarb: loaded
[    1.260785] hpet0: at MMIO 0xfed00000, IRQs 2, 8, 0
[    1.261275] hpet0: 3 comparators, 64-bit 100.000000 MHz counter
[    1.280217] clocksource: Switched to clocksource kvm-clock
[    1.284663] VFS: Disk quotas dquot_6.6.0
[    1.285138] VFS: Dquot-cache hash table entries: 512 (order 0, 4096 bytes)
[    1.288115] pnp: PnP ACPI init
[    1.296901] pnp: PnP ACPI: found 6 devices
[    1.325487] clocksource: acpi_pm: mask: 0xffffff max_cycles: 0xffffff, max_idle_ns: 2085701024 ns
[    1.327149] NET: Registered PF_INET protocol family
[    1.328018] IP idents hash table entries: 32768 (order: 6, 262144 bytes, linear)
[    1.331012] tcp_listen_portaddr_hash hash table entries: 1024 (order: 4, 73728 bytes, linear)
[    1.331920] Table-perturb hash table entries: 65536 (order: 6, 262144 bytes, linear)
[    1.332771] TCP established hash table entries: 16384 (order: 5, 131072 bytes, linear)
[    1.334247] TCP bind hash table entries: 16384 (order: 9, 2359296 bytes, linear)
[    1.337642] TCP: Hash tables configured (established 16384 bind 16384)
[    1.338638] UDP hash table entries: 1024 (order: 5, 163840 bytes, linear)
[    1.339478] UDP-Lite hash table entries: 1024 (order: 5, 163840 bytes, linear)
[    1.340878] NET: Registered PF_UNIX/PF_LOCAL protocol family
[    1.343170] RPC: Registered named UNIX socket transport module.
[    1.343779] RPC: Registered udp transport module.
[    1.344233] RPC: Registered tcp transport module.
[    1.344713] RPC: Registered tcp-with-tls transport module.
[    1.345254] RPC: Registered tcp NFSv4.1 backchannel transport module.
[    1.345971] pci_bus 0000:00: resource 4 [io  0x0000-0x0cf7 window]
[    1.346584] pci_bus 0000:00: resource 5 [io  0x0d00-0xffff window]
[    1.347170] pci_bus 0000:00: resource 6 [mem 0x000a0000-0x000bffff window]
[    1.347819] pci_bus 0000:00: resource 7 [mem 0x80000000-0xfebfffff window]
[    1.348483] pci_bus 0000:00: resource 8 [mem 0x100000000-0x17fffffff window]
[    1.349745] pci 0000:00:01.0: PIIX3: Enabling Passive Release
[    1.350312] pci 0000:00:00.0: Limiting direct PCI/PCI transfers
[    1.350982] PCI: CLS 0 bytes, default 64
[    1.352513] ACPI: bus type thunderbolt registered
[    1.353518] clocksource: tsc: mask: 0xffffffffffffffff max_cycles: 0x2b2c8ec87c7, max_idle_ns: 440795278598 ns
[    3.135750] Initialise system trusted keyrings
[    3.136753] Key type blacklist registered
[    3.138035] workingset: timestamp_bits=36 max_order=19 bucket_order=0
[    3.138656] zbud: loaded
[    3.141755] squashfs: version 4.0 (2009/01/31) Phillip Lougher
[    3.144739] NFS: Registering the id_resolver key type
[    3.145182] Key type id_resolver registered
[    3.145518] Key type id_legacy registered
[    3.145907] nfs4filelayout_init: NFSv4 File Layout Driver Registering...
[    3.146476] nfs4flexfilelayout_init: NFSv4 Flexfile Layout Driver Registering...
[    3.147731] fuse: init (API version 7.40)
[    3.148987] SGI XFS with ACLs, security attributes, realtime, quota, no debug enabled
[    3.151587] 9p: Installing v9fs 9p2000 file system support
[    3.164001] Key type asymmetric registered
[    3.164354] Asymmetric key parser 'x509' registered
[    3.164939] Block layer SCSI generic (bsg) driver version 0.4 loaded (major 243)
[    3.165992] io scheduler mq-deadline registered
[    3.166474] io scheduler bfq registered
[    3.168215] shpchp: Standard Hot Plug PCI Controller Driver version: 0.4
[    3.169908] IPMI message handler: version 39.2
[    3.170378] ipmi device interface
[    3.173306] input: Power Button as /devices/LNXSYSTM:00/LNXPWRBN:00/input/input0
[    3.174615] ACPI: button: Power Button [PWRF]
[    3.177830] ERST DBG: ERST support is disabled.
[    3.180335] Serial: 8250/16550 driver, 32 ports, IRQ sharing enabled
[    3.182625] 00:04: ttyS0 at I/O 0x3f8 (irq = 4, base_baud = 115200) is a 16550A
[    3.220321] Linux agpgart interface v0.103
[    3.224564] ACPI: bus type drm_connector registered
[    3.232826] Callback from call_rcu_tasks() invoked.
[    3.259541] brd: module loaded
[    3.278113] loop: module loaded
[    3.293002] scsi host0: ata_piix
[    3.295107] scsi host1: ata_piix
[    3.295998] ata1: PATA max MWDMA2 cmd 0x1f0 ctl 0x3f6 bmdma 0xc040 irq 14 lpm-pol 0
[    3.296599] ata2: PATA max MWDMA2 cmd 0x170 ctl 0x376 bmdma 0xc048 irq 15 lpm-pol 0
[    3.300111] tun: Universal TUN/TAP device driver, 1.6
[    3.301062] e100: Intel(R) PRO/100 Network Driver
[    3.301434] e100: Copyright(c) 1999-2006 Intel Corporation
[    3.301924] e1000: Intel(R) PRO/1000 Network Driver
[    3.302298] e1000: Copyright (c) 1999-2006 Intel Corporation.
[    3.456785] ata2: found unknown device (class 0)
[    3.458583] ata2.00: ATAPI: QEMU DVD-ROM, 2.5+, max UDMA/100
[    3.460584] ata1: found unknown device (class 0)
[    3.461846] ata1.00: ATA-7: QEMU HARDDISK, 2.5+, max UDMA/100
[    3.462655] ata1.00: 17196647 sectors, multi 16: LBA48 
[    3.465856] scsi 0:0:0:0: Direct-Access     ATA      QEMU HARDDISK    2.5+ PQ: 0 ANSI: 5
[    3.470811] scsi 0:0:0:0: Attached scsi generic sg0 type 0
[    3.473530] scsi 1:0:0:0: CD-ROM            QEMU     QEMU DVD-ROM     2.5+ PQ: 0 ANSI: 5
[    3.474530] sd 0:0:0:0: [sda] 17196647 512-byte logical blocks: (8.80 GB/8.20 GiB)
[    3.476161] sd 0:0:0:0: [sda] Write Protect is off
[    3.476835] sd 0:0:0:0: [sda] Write cache: enabled, read cache: enabled, doesn't support DPO or FUA
[    3.477704] sd 0:0:0:0: [sda] Preferred minimum I/O size 512 bytes
[    3.498716] scsi 1:0:0:0: Attached scsi generic sg1 type 5
[    3.507948] sd 0:0:0:0: [sda] Attached SCSI disk
[    5.059963] ACPI: \_SB_.LNKC: Enabled at IRQ 11
[    5.393641] e1000 0000:00:03.0 eth0: (PCI:33MHz:32-bit) 52:54:00:12:34:56
[    5.394180] e1000 0000:00:03.0 eth0: Intel(R) PRO/1000 Network Connection
[    5.394828] e1000e: Intel(R) PRO/1000 Network Driver
[    5.395192] e1000e: Copyright(c) 1999 - 2015 Intel Corporation.
[    5.395724] igb: Intel(R) Gigabit Ethernet Network Driver
[    5.396117] igb: Copyright (c) 2007-2014 Intel Corporation.
[    5.396800] PPP generic driver version 2.4.2
[    5.399933] VFIO - User Level meta-driver version: 0.3
[    5.403210] usbcore: registered new interface driver uas
[    5.404291] usbcore: registered new interface driver usb-storage
[    5.405978] i8042: PNP: PS/2 Controller [PNP0303:KBD,PNP0f13:MOU] at 0x60,0x64 irq 1,12
[    5.408841] serio: i8042 KBD port at 0x60,0x64 irq 1
[    5.409685] serio: i8042 AUX port at 0x60,0x64 irq 12
[    5.412893] mousedev: PS/2 mouse device common for all mice
[    5.415942] rtc_cmos 00:05: RTC can wake from S4
[    5.419377] input: AT Translated Set 2 keyboard as /devices/platform/i8042/serio0/input/input1
[    5.421549] rtc_cmos 00:05: registered as rtc0
[    5.422120] rtc_cmos 00:05: setting system clock to 2024-09-03T01:32:21 UTC (1725327141)
[    5.423431] rtc_cmos 00:05: alarms up to one day, y3k, 242 bytes nvram, hpet irqs
[    5.424284] i2c_dev: i2c /dev entries driver
[    5.426383] input: VirtualPS/2 VMware VMMouse as /devices/platform/i8042/serio1/input/input4
[    5.427573] device-mapper: core: CONFIG_IMA_DISABLE_HTABLE is disabled. Duplicate IMA measurements will not be recorded in the IMA log.
[    5.428905] device-mapper: uevent: version 1.0.3
[    5.429805] input: VirtualPS/2 VMware VMMouse as /devices/platform/i8042/serio1/input/input3
[    5.431716] device-mapper: ioctl: 4.48.0-ioctl (2023-03-01) initialised: dm-devel@lists.linux.dev
[    5.432370] intel_pstate: CPU model not supported
[    5.433035] sdhci: Secure Digital Host Controller Interface driver
[    5.433705] sdhci: Copyright(c) Pierre Ossman
[    5.434208] sdhci-pltfm: SDHCI platform and OF driver helper
[    5.434808] ledtrig-cpu: registered to indicate activity on CPUs
[    5.435877] drop_monitor: Initializing network drop monitor service
[    5.436795] NET: Registered PF_INET6 protocol family
[    5.443345] Segment Routing with IPv6
[    5.443733] In-situ OAM (IOAM) with IPv6
[    5.444119] NET: Registered PF_PACKET protocol family
[    5.444876] 9pnet: Installing 9P2000 support
[    5.445559] Key type dns_resolver registered
[    5.448109] IPI shorthand broadcast: enabled
[    5.505864] sched_clock: Marking stable (5488008576, 16456414)->(5525459084, -20994094)
[    5.507613] registered taskstats version 1
[    5.508604] Loading compiled-in X.509 certificates
[    5.571423] Demotion targets for Node 0: null
[    5.573517] Key type .fscrypt registered
[    5.574129] Key type fscrypt-provisioning registered
[    5.579791] Key type encrypted registered
[    5.580650] ima: No TPM chip found, activating TPM-bypass!
[    5.581468] ima: Allocated hash algorithm: sha1
[    5.581955] ima: No architecture policies found
[    5.582586] evm: Initialising EVM extended attributes:
[    5.583005] evm: security.selinux
[    5.583272] evm: security.SMACK64
[    5.583533] evm: security.SMACK64EXEC
[    5.583823] evm: security.SMACK64TRANSMUTE
[    5.584144] evm: security.SMACK64MMAP
[    5.584448] evm: security.apparmor
[    5.584745] evm: security.ima
[    5.584990] evm: security.capability
[    5.585282] evm: HMAC attrs: 0x1
[    5.589236] PM:   Magic number: 8:822:507
[    5.591271] RAS: Correctable Errors collector initialized.
[    5.593180] clk: Disabling unused clocks
[    5.593904] PM: genpd: Disabling unused power domains
[    5.596118] md: Waiting for all devices to be available before autodetect
[    5.596874] md: If you don't use raid, use raid=noautodetect
[    5.597438] md: Autodetecting RAID arrays.
[    5.597868] md: autorun ...
[    5.598159] md: ... autorun DONE.
[    5.613480] EXT4-fs (sda): mounted filesystem 088740a9-c8b4-422c-999d-a804eb68a4da ro with ordered data mode. Quota mode: none.
[    5.614226] VFS: Mounted root (ext4 filesystem) readonly on device 8:0.
[    5.617098] devtmpfs: mounted
[    5.638378] Freeing unused decrypted memory: 2028K
[    5.646959] Freeing unused kernel image (initmem) memory: 15336K
[    5.647432] Write protecting the kernel read-only data: 94208k
[    5.650102] Freeing unused kernel image (rodata/data gap) memory: 1240K
[    5.711598] x86/mm: Checked W+X mappings: passed, no W+X pages found.
[    5.712016] Run /sbin/init as init process
[    5.853299] systemd[1]: systemd 252-15.el9 running in system mode (+PAM +AUDIT +SELINUX -APPARMOR +IMA +SMACK +SECCOMP +GCRYPT +GNUTLS +OPENSSL +ACL +BLKID +CURL +ELFUTILS -FIDO2 +IDN2 -IDN -IPTC +KMOD +LIBCRYPTSETUP +LIBFDISK +PCRE2 -PWQUALITY +P11KIT -QRENCODE +TPM2 +BZIP2 +LZ4 +XZ +ZLIB +ZSTD -BPF_FRAMEWORK +XKBCOMMON +UTMP +SYSVINIT default-hierarchy=unified)
[    5.855006] systemd[1]: Detected virtualization kvm.
[    5.855294] systemd[1]: Detected architecture x86-64.

Welcome to [0;31mCentOS Stream 9[0m!

[    5.860095] systemd[1]: Hostname set to <test>.
[    6.185766] systemd-rc-local-generator[126]: /etc/rc.d/rc.local is not marked executable, skipping.
[    6.593363] systemd[1]: Queued start job for default target Multi-User System.
[    6.633004] systemd[1]: Created slice Virtual Machine and Container Slice.
[[0;32m  OK  [0m] Created slice [0;1;39mVirtual Machine and Container Slice[0m.
[    6.640784] systemd[1]: Created slice Slice /system/getty.
[[0;32m  OK  [0m] Created slice [0;1;39mSlice /system/getty[0m.
[    6.644688] systemd[1]: Created slice Slice /system/modprobe.
[[0;32m  OK  [0m] Created slice [0;1;39mSlice /system/modprobe[0m.
[    6.648823] systemd[1]: Created slice Slice /system/serial-getty.
[[0;32m  OK  [0m] Created slice [0;1;39mSlice /system/serial-getty[0m.
[    6.652908] systemd[1]: Created slice Slice /system/sshd-keygen.
[[0;32m  OK  [0m] Created slice [0;1;39mSlice /system/sshd-keygen[0m.
[    6.656652] systemd[1]: Created slice User and Session Slice.
[[0;32m  OK  [0m] Created slice [0;1;39mUser and Session Slice[0m.
[    6.658318] systemd[1]: Started Forward Password Requests to Wall Directory Watch.
[[0;32m  OK  [0m] Started [0;1;39mForward Password R…uests to Wall Directory Watch[0m.
[    6.661483] systemd[1]: Set up automount Arbitrary Executable File Formats File System Automount Point.
[[0;32m  OK  [0m] Set up automount [0;1;39mArbitrary…s File System Automount Point[0m.
[    6.663184] systemd[1]: Reached target Local Integrity Protected Volumes.
[[0;32m  OK  [0m] Reached target [0;1;39mLocal Integrity Protected Volumes[0m.
[    6.664610] systemd[1]: Reached target Slice Units.
[[0;32m  OK  [0m] Reached target [0;1;39mSlice Units[0m.
[    6.665703] systemd[1]: Reached target Swaps.
[[0;32m  OK  [0m] Reached target [0;1;39mSwaps[0m.
[    6.666744] systemd[1]: Reached target Local Verity Protected Volumes.
[[0;32m  OK  [0m] Reached target [0;1;39mLocal Verity Protected Volumes[0m.
[    6.668755] systemd[1]: Listening on Device-mapper event daemon FIFOs.
[[0;32m  OK  [0m] Listening on [0;1;39mDevice-mapper event daemon FIFOs[0m.
[    6.671148] systemd[1]: Listening on LVM2 poll daemon socket.
[[0;32m  OK  [0m] Listening on [0;1;39mLVM2 poll daemon socket[0m.
[    6.672679] systemd[1]: multipathd control socket was skipped because of an unmet condition check (ConditionPathExists=/etc/multipath.conf).
[    6.759080] systemd[1]: Listening on RPCbind Server Activation Socket.
[[0;32m  OK  [0m] Listening on [0;1;39mRPCbind Server Activation Socket[0m.
[    6.761640] systemd[1]: Reached target RPC Port Mapper.
[[0;32m  OK  [0m] Reached target [0;1;39mRPC Port Mapper[0m.
[    6.767828] systemd[1]: Listening on Process Core Dump Socket.
[[0;32m  OK  [0m] Listening on [0;1;39mProcess Core Dump Socket[0m.
[    6.771144] systemd[1]: Listening on initctl Compatibility Named Pipe.
[[0;32m  OK  [0m] Listening on [0;1;39minitctl Compatibility Named Pipe[0m.
[    6.774845] systemd[1]: Listening on Journal Socket (/dev/log).
[[0;32m  OK  [0m] Listening on [0;1;39mJournal Socket (/dev/log)[0m.
[    6.778279] systemd[1]: Listening on Journal Socket.
[[0;32m  OK  [0m] Listening on [0;1;39mJournal Socket[0m.
[    6.782041] systemd[1]: Listening on udev Control Socket.
[[0;32m  OK  [0m] Listening on [0;1;39mudev Control Socket[0m.
[    6.784631] systemd[1]: Listening on udev Kernel Socket.
[[0;32m  OK  [0m] Listening on [0;1;39mudev Kernel Socket[0m.
[    6.821164] systemd[1]: Mounting Huge Pages File System...
         Mounting [0;1;39mHuge Pages File System[0m...
[    6.835721] systemd[1]: Mounting POSIX Message Queue File System...
         Mounting [0;1;39mPOSIX Message Queue File System[0m...
[    6.855094] systemd[1]: Mounting Kernel Debug File System...
         Mounting [0;1;39mKernel Debug File System[0m...
[    6.869292] systemd[1]: Mounting Kernel Trace File System...
         Mounting [0;1;39mKernel Trace File System[0m...
[    6.873179] systemd[1]: Kernel Module supporting RPCSEC_GSS was skipped because of an unmet condition check (ConditionPathExists=/etc/krb5.keytab).
[    6.874456] systemd[1]: Create List of Static Device Nodes was skipped because of an unmet condition check (ConditionFileNotEmpty=/lib/modules/6.11.0-rc4-3dc80ef932e2+/modules.devname).
[    6.887862] systemd[1]: Starting Monitoring of LVM2 mirrors, snapshots etc. using dmeventd or progress polling...
         Starting [0;1;39mMonitoring of LVM…meventd or progress polling[0m...
[    6.909289] systemd[1]: Starting Load Kernel Module configfs...
         Starting [0;1;39mLoad Kernel Module configfs[0m...
[    6.946234] systemd[1]: Starting Load Kernel Module drm...
         Starting [0;1;39mLoad Kernel Module drm[0m...
[    6.970807] systemd[1]: Starting Load Kernel Module fuse...
         Starting [0;1;39mLoad Kernel Module fuse[0m...
[    6.996239] systemd[1]: Starting Read and set NIS domainname from /etc/sysconfig/network...
         Starting [0;1;39mRead and set NIS …from /etc/sysconfig/network[0m...
[    7.032790] systemd[1]: Starting Journal Service...
         Starting [0;1;39mJournal Service[0m...
[    7.077547] systemd[1]: Starting Load Kernel Modules...
         Starting [0;1;39mLoad Kernel Modules[0m...
[    7.101848] systemd[1]: Starting Generate network units from Kernel command line...
         Starting [0;1;39mGenerate network …ts from Kernel command line[0m...
[    7.134709] systemd[1]: Starting Remount Root and Kernel File Systems...
         Starting [0;1;39mRemount Root and Kernel File Systems[0m...
[    7.145564] systemd[1]: Repartition Root Disk was skipped because no trigger condition checks were met.
[    7.206290] systemd[1]: Starting Coldplug All udev Devices...
         Starting [0;1;39mColdplug All udev Devices[0m...
[    7.252186] systemd[1]: Mounted Huge Pages File System.
[[0;32m  OK  [0m] Mounted [0;1;39mHuge Pages File System[0m.
[    7.261888] systemd[1]: Mounted POSIX Message Queue File System.
[[0;32m  OK  [0m] Mounted [0;1;39mPOSIX Message Queue File System[0m.
[    7.269913] systemd[1]: Mounted Kernel Debug File System.
[[0;32m  OK  [0m] Mounted [0;1;39mKernel Debug File System[0m.
[    7.277457] systemd[1]: Mounted Kernel Trace File System.
[[0;32m  OK  [0m] Mounted [0;1;39mKernel Trace File System[0m.
[    7.285245] systemd[1]: Finished Monitoring of LVM2 mirrors, snapshots etc. using dmeventd or progress polling.
[[0;32m  OK  [0m] Finished [0;1;39mMonitoring of LVM… dmeventd or progress polling[0m.
[    7.297748] systemd[1]: modprobe@configfs.service: Deactivated successfully.
[    7.300165] systemd[1]: Finished Load Kernel Module configfs.
[[0;32m  OK  [0m] Finished [0;1;39mLoad Kernel Module configfs[0m.
[    7.305957] systemd[1]: modprobe@drm.service: Deactivated successfully.
[    7.308105] systemd[1]: Finished Load Kernel Module drm.
[[0;32m  OK  [0m] Finished [0;1;39mLoad Kernel Module drm[0m.
[    7.309951] EXT4-fs (sda): re-mounted 088740a9-c8b4-422c-999d-a804eb68a4da r/w. Quota mode: none.
[    7.323639] systemd[1]: modprobe@fuse.service: Deactivated successfully.
[    7.328295] systemd[1]: Finished Load Kernel Module fuse.
[[0;32m  OK  [0m] Finished [0;1;39mLoad Kernel Module fuse[0m.
[    7.332968] systemd[1]: Finished Read and set NIS domainname from /etc/sysconfig/network.
[[0;32m  OK  [0m] Finished [0;1;39mRead and set NIS …e from /etc/sysconfig/network[0m.
[    7.335738] systemd[1]: systemd-modules-load.service: Main process exited, code=exited, status=1/FAILURE
[    7.337766] systemd[1]: systemd-modules-load.service: Failed with result 'exit-code'.
[    7.340008] systemd[1]: Failed to start Load Kernel Modules.
[[0;1;31mFAILED[0m] Failed to start [0;1;39mLoad Kernel Modules[0m.
See 'systemctl status systemd-modules-load.service' for details.
[    7.345535] systemd[1]: Finished Generate network units from Kernel command line.
[[0;32m  OK  [0m] Finished [0;1;39mGenerate network units from Kernel command line[0m.
[    7.351133] systemd[1]: Finished Remount Root and Kernel File Systems.
[[0;32m  OK  [0m] Finished [0;1;39mRemount Root and Kernel File Systems[0m.
[    7.354785] systemd[1]: Reached target Preparation for Network.
[[0;32m  OK  [0m] Reached target [0;1;39mPreparation for Network[0m.
[    7.401741] systemd[1]: Mounting FUSE Control File System...
         Mounting [0;1;39mFUSE Control File System[0m...
[    7.436934] systemd[1]: Mounting Kernel Configuration File System...
         Mounting [0;1;39mKernel Configuration File System[0m...
[    7.444962] systemd[1]: Special handling of early boot iSCSI sessions was skipped because of an unmet condition check (ConditionDirectoryNotEmpty=/sys/class/iscsi_session).
[    7.447303] systemd[1]: First Boot Wizard was skipped because of an unmet condition check (ConditionFirstBoot=yes).
[    7.464719] systemd[1]: Rebuild Hardware Database was skipped because of an unmet condition check (ConditionNeedsUpdate=/etc).
[    7.513654] systemd[1]: Starting Load/Save Random Seed...
         Starting [0;1;39mLoad/Save Random Seed[0m...
[    7.535448] systemd[1]: Starting Apply Kernel Variables...
         Starting [0;1;39mApply Kernel Variables[0m...
[    7.543247] systemd[1]: Create System Users was skipped because no trigger condition checks were met.
[    7.577268] systemd[1]: Starting Create Static Device Nodes in /dev...
         Starting [0;1;39mCreate Static Device Nodes in /dev[0m...
[    7.635157] systemd[1]: Starting Setup Virtual Console...
         Starting [0;1;39mSetup Virtual Console[0m...
[    7.666642] systemd[1]: Started Journal Service.
[[0;32m  OK  [0m] Started [0;1;39mJournal Service[0m.
[[0;32m  OK  [0m] Mounted [0;1;39mFUSE Control File System[0m.
[[0;32m  OK  [0m] Mounted [0;1;39mKernel Configuration File System[0m.
[[0;32m  OK  [0m] Finished [0;1;39mLoad/Save Random Seed[0m.
         Starting [0;1;39mFlush Journal to Persistent Storage[0m...
[[0;32m  OK  [0m] Finished [0;1;39mApply Kernel Variables[0m.
[    7.830817] systemd-journald[148]: Received client request to flush runtime journal.
[[0;32m  OK  [0m] Finished [0;1;39mFlush Journal to Persistent Storage[0m.
[[0;32m  OK  [0m] Finished [0;1;39mCreate Static Device Nodes in /dev[0m.
         Starting [0;1;39mRule-based Manage…for Device Events and Files[0m...
[[0;32m  OK  [0m] Started [0;1;39mRule-based Manager for Device Events and Files[0m.
         Starting [0;1;39mAuto-connect to s…E devices found during boot[0m...
[[0;32m  OK  [0m] Finished [0;1;39mAuto-connect to s…VME devices found during boot[0m.
[[0;32m  OK  [0m] Finished [0;1;39mColdplug All udev Devices[0m.
         Starting [0;1;39mWait for udev To …plete Device Initialization[0m...
[[0;32m  OK  [0m] Finished [0;1;39mSetup Virtual Console[0m.
[[0;32m  OK  [0m] Started [0;1;39mDispatch Password …ts to Console Directory Watch[0m.
[[0;32m  OK  [0m] Reached target [0;1;39mLocal Encrypted Volumes[0m.
[[0;32m  OK  [0m] Reached target [0;1;39mPath Units[0m.
[[0;32m  OK  [0m] Found device [0;1;39m/dev/ttyS0[0m.
[[0;32m  OK  [0m] Listening on [0;1;39mLoad/Save RF …itch Status /dev/rfkill Watch[0m.
[[0;32m  OK  [0m] Finished [0;1;39mWait for udev To Complete Device Initialization[0m.
[[0;32m  OK  [0m] Reached target [0;1;39mPreparation for Local File Systems[0m.
[[0;32m  OK  [0m] Reached target [0;1;39mLocal File Systems[0m.
         Starting [0;1;39mTell Plymouth To Write Out Runtime Data[0m...
         Starting [0;1;39mAutomatic Boot Loader Update[0m...
         Starting [0;1;39mCreate Volatile Files and Directories[0m...
[[0;32m  OK  [0m] Finished [0;1;39mTell Plymouth To Write Out Runtime Data[0m.
[[0;32m  OK  [0m] Finished [0;1;39mAutomatic Boot Loader Update[0m.
[[0;32m  OK  [0m] Finished [0;1;39mCreate Volatile Files and Directories[0m.
         Mounting [0;1;39mRPC Pipe File System[0m...
         Starting [0;1;39mSecurity Auditing Service[0m...
         Starting [0;1;39mRPC Bind[0m...
[[0;32m  OK  [0m] Mounted [0;1;39mRPC Pipe File System[0m.
[[0;32m  OK  [0m] Reached target [0;1;39mrpc_pipefs.target[0m.
[[0;32m  OK  [0m] Started [0;1;39mRPC Bind[0m.
[[0;32m  OK  [0m] Started [0;1;39mSecurity Auditing Service[0m.
         Starting [0;1;39mRecord System Boot/Shutdown in UTMP[0m...
[[0;32m  OK  [0m] Finished [0;1;39mRecord System Boot/Shutdown in UTMP[0m.
[[0;32m  OK  [0m] Reached target [0;1;39mSystem Initialization[0m.
[[0;32m  OK  [0m] Started [0;1;39mDaily rotation of log files[0m.
[[0;32m  OK  [0m] Started [0;1;39mUpdates mlocate database every day[0m.
[[0;32m  OK  [0m] Started [0;1;39mDaily Cleanup of Temporary Directories[0m.
[[0;32m  OK  [0m] Started [0;1;39mdaily update of the root trust anchor for DNSSEC[0m.
[[0;32m  OK  [0m] Reached target [0;1;39mTimer Units[0m.
[[0;32m  OK  [0m] Listening on [0;1;39mD-Bus System Message Bus Socket[0m.
[[0;32m  OK  [0m] Listening on [0;1;39mOpen-iSCSI iscsid Socket[0m.
[[0;32m  OK  [0m] Listening on [0;1;39mOpen-iSCSI iscsiuio Socket[0m.
[[0;32m  OK  [0m] Listening on [0;1;39mSSSD Kerberos…ache Manager responder socket[0m.
[[0;32m  OK  [0m] Listening on [0;1;39mLibvirt interface local socket[0m.
[[0;32m  OK  [0m] Listening on [0;1;39mVirtual machine lock manager socket[0m.
[[0;32m  OK  [0m] Listening on [0;1;39mVirtual machine log manager socket[0m.
[[0;32m  OK  [0m] Listening on [0;1;39mLibvirt network local socket[0m.
[[0;32m  OK  [0m] Listening on [0;1;39mLibvirt nodedev local socket[0m.
[[0;32m  OK  [0m] Listening on [0;1;39mLibvirt nwfilter local socket[0m.
[[0;32m  OK  [0m] Listening on [0;1;39mLibvirt proxy local socket[0m.
[[0;32m  OK  [0m] Listening on [0;1;39mLibvirt qemu local socket[0m.
[[0;32m  OK  [0m] Listening on [0;1;39mLibvirt qemu admin socket[0m.
[[0;32m  OK  [0m] Listening on [0;1;39mLibvirt qemu local read-only socket[0m.
[[0;32m  OK  [0m] Listening on [0;1;39mLibvirt secret local socket[0m.
[[0;32m  OK  [0m] Listening on [0;1;39mLibvirt storage local socket[0m.
[[0;32m  OK  [0m] Reached target [0;1;39mSocket Units[0m.
         Starting [0;1;39mD-Bus System Message Bus[0m...
[[0;32m  OK  [0m] Started [0;1;39mD-Bus System Message Bus[0m.
[[0;32m  OK  [0m] Reached target [0;1;39mBasic System[0m.
         Starting [0;1;39mNetwork Manager[0m...
         Starting [0;1;39mNTP client/server[0m...
         Starting [0;1;39mRestore /run/initramfs on shutdown[0m...
[[0;32m  OK  [0m] Started [0;1;39mirqbalance daemon[0m.
[[0;32m  OK  [0m] Started [0;1;39mlibstoragemgmt plug-in server daemon[0m.
[[0;32m  OK  [0m] Started [0;1;39mMachine Check Exception Logging Daemon[0m.
[[0;32m  OK  [0m] Reached target [0;1;39msshd-keygen.target[0m.
[[0;32m  OK  [0m] Reached target [0;1;39mUser and Group Name Lookups[0m.
         Starting [0;1;39mUser Login Management[0m...
         Starting [0;1;39mVirtual Machine a…tainer Registration Service[0m...
         Starting [0;1;39mupdate of the roo…NSSEC validation in unbound[0m...
         Starting [0;1;39mRotate log files[0m...
[[0;32m  OK  [0m] Started [0;1;39mUpdate a database for mlocate[0m.
[[0;32m  OK  [0m] Started [0;1;39mNTP client/server[0m.
[[0;32m  OK  [0m] Finished [0;1;39mRestore /run/initramfs on shutdown[0m.
[[0;32m  OK  [0m] Started [0;1;39mVirtual Machine an…ontainer Registration Service[0m.
         Starting [0;1;39mHostname Service[0m...
[[0;32m  OK  [0m] Finished [0;1;39mupdate of the roo… DNSSEC validation in unbound[0m.
[[0;32m  OK  [0m] Started [0;1;39mUser Login Management[0m.
[[0;32m  OK  [0m] Finished [0;1;39mRotate log files[0m.
[[0;32m  OK  [0m] Started [0;1;39mHostname Service[0m.
         Starting [0;1;39mNetwork Manager Script Dispatcher Service[0m...
[[0;32m  OK  [0m] Started [0;1;39mNetwork Manager Script Dispatcher Service[0m.
[   13.108918] e1000: eth0 NIC Link is Up 1000 Mbps Full Duplex, Flow Control: RX
[[0;32m  OK  [0m] Started [0;1;39mNetwork Manager[0m.
[[0;32m  OK  [0m] Reached target [0;1;39mNetwork[0m.
[[0;32m  OK  [0m] Reached target [0;1;39mNetwork is Online[0m.
         Starting [0;1;39mGSSAPI Proxy Daemon[0m...
         Starting [0;1;39mNotify NFS peers of a restart[0m...
         Starting [0;1;39mSystem Logging Service[0m...
         Starting [0;1;39mOpenSSH server daemon[0m...
         Starting [0;1;39mDynamic System Tuning Daemon[0m...
[[0;32m  OK  [0m] Started [0;1;39mNotify NFS peers of a restart[0m.
[[0;32m  OK  [0m] Started [0;1;39mGSSAPI Proxy Daemon[0m.
[[0;32m  OK  [0m] Reached target [0;1;39mNFS client services[0m.
[[0;32m  OK  [0m] Reached target [0;1;39mPreparation for Remote File Systems[0m.
[[0;32m  OK  [0m] Reached target [0;1;39mRemote File Systems[0m.
         Starting [0;1;39mPermit User Sessions[0m...
         Starting [0;1;39mVirtualization qemu daemon[0m...
[[0;32m  OK  [0m] Started [0;1;39mOpenSSH server daemon[0m.
[[0;32m  OK  [0m] Finished [0;1;39mPermit User Sessions[0m.
[[0;32m  OK  [0m] Started [0;1;39mDeferred execution scheduler[0m.
[[0;32m  OK  [0m] Started [0;1;39mCommand Scheduler[0m.
         Starting [0;1;39mHold until boot process finishes up[0m...
         Starting [0;1;39mTerminate Plymouth Boot Screen[0m...
[[0;32m  OK  [0m] Started [0;1;39mSystem Logging Service[0m.
[[0;32m  OK  [0m] Started [0;1;39mVirtualization qemu daemon[0m.
[[0;32m  OK  [0m] Finished [0;1;39mHold until boot process finishes up[0m.
[[0;32m  OK  [0m] Finished [0;1;39mTerminate Plymouth Boot Screen[0m.
[[0;32m  OK  [0m] Started [0;1;39mGetty on tty1[0m.
[[0;32m  OK  [0m] Started [0;1;39mSerial Getty on ttyS0[0m.
[[0;32m  OK  [0m] Reached target [0;1;39mLogin Prompts[0m.
         Starting [0;1;39mAuthorization Manager[0m...
[[0;32m  OK  [0m] Started [0;1;39mAuthorization Manager[0m.
[[0;32m  OK  [0m] Started [0;1;39mDynamic System Tuning Daemon[0m.
[[0;32m  OK  [0m] Reached target [0;1;39mMulti-User System[0m.
         Starting [0;1;39mRecord Runlevel Change in UTMP[0m...
[[0;32m  OK  [0m] Finished [0;1;39mRecord Runlevel Change in UTMP[0m.

CentOS Stream 9
Kernel 6.11.0-rc4-3dc80ef932e2+ on an x86_64

Activate the web console with: systemctl enable --now cockpit.socket

test login: [   23.858921] cgroup: Unknown subsys name 'net'
[   23.936216] cgroup: Unknown subsys name 'rlimit'
[   24.032172] ------------[ cut here ]------------
[   24.032574] WARNING: CPU: 1 PID: 734 at include/linux/maple_tree.h:733 __split_vma+0x4d7/0x1020
[   24.033046] Modules linked in:
[   24.033230] CPU: 1 UID: 0 PID: 734 Comm: repro Not tainted 6.11.0-rc4-3dc80ef932e2+ #1
[   24.033636] Hardware name: QEMU Standard PC (i440FX + PIIX, 1996), BIOS rel-1.16.0-0-gd239552ce722-prebuilt.qemu.org 04/01/2014
[   24.034220] RIP: 0010:__split_vma+0x4d7/0x1020
[   24.034466] Code: 89 ee 48 8b 40 10 48 89 c7 48 89 85 00 ff ff ff e8 9e 59 a8 ff 48 8b 85 00 ff ff ff 4c 39 e8 0f 83 ea fd ff ff e8 c9 56 a8 ff <0f> 0b e9 de fd ff ff 48 8b 85 30 ff ff ff 48 83 c0 10 48 89 85 18
[   24.035392] RSP: 0018:ffff88801bf07960 EFLAGS: 00010293
[   24.035669] RAX: 0000000000000000 RBX: ffff88801a5bc2d0 RCX: ffffffff81bd63d7
[   24.036036] RDX: ffff8880204d4a00 RSI: ffffffff81bd6447 RDI: 0000000000000006
[   24.036401] RBP: ffff88801bf07a60 R08: 0000000000000001 R09: ffffed100274ca38
[   24.036849] R10: 0000000020ff9000 R11: 0000000000000001 R12: ffff88801bf07e40
[   24.037222] R13: 0000000020ff9000 R14: 0000000020ffc000 R15: ffff88801a5bcd20
[   24.037592] FS:  00007f35117cf740(0000) GS:ffff88806c700000(0000) knlGS:0000000000000000
[   24.038006] CS:  0010 DS: 0000 ES: 0000 CR0: 0000000080050033
[   24.038307] CR2: 0000000020000040 CR3: 000000001382e004 CR4: 0000000000770ef0
[   24.038675] DR0: 0000000000000000 DR1: 0000000000000000 DR2: 0000000000000000
[   24.039042] DR3: 0000000000000000 DR6: 00000000ffff07f0 DR7: 0000000000000400
[   24.039409] PKRU: 55555554
[   24.039559] Call Trace:
[   24.039695]  <TASK>
[   24.039818]  ? show_regs+0xa8/0xc0
[   24.040017]  ? __warn+0xee/0x380
[   24.040204]  ? report_bug+0x25e/0x4b0
[   24.040503]  ? __split_vma+0x4d7/0x1020
[   24.040717]  ? report_bug+0x2cb/0x4b0
[   24.040922]  ? __split_vma+0x4d7/0x1020
[   24.041133]  ? handle_bug+0xa2/0x130
[   24.041341]  ? exc_invalid_op+0x3c/0x80
[   24.041554]  ? asm_exc_invalid_op+0x1f/0x30
[   24.041796]  ? __split_vma+0x467/0x1020
[   24.042006]  ? __split_vma+0x4d7/0x1020
[   24.042220]  ? __split_vma+0x4d7/0x1020
[   24.042438]  ? __pfx___split_vma+0x10/0x10
[   24.042662]  ? __pfx_mark_lock.part.0+0x10/0x10
[   24.042913]  ? __pfx_mmap_region+0x10/0x10
[   24.043144]  vms_gather_munmap_vmas+0x178/0xf70
[   24.043390]  ? __kasan_check_read+0x15/0x20
[   24.043625]  do_vmi_align_munmap+0x27c/0x650
[   24.043863]  ? __pfx_do_vmi_align_munmap+0x10/0x10
[   24.044129]  ? mtree_range_walk+0x728/0xb70
[   24.044370]  ? __sanitizer_cov_trace_const_cmp4+0x1a/0x20
[   24.044676]  ? mas_walk+0x6a7/0x8b0
[   24.044884]  do_vmi_munmap+0x202/0x400
[   24.045095]  __vm_munmap+0x182/0x380
[   24.045298]  ? __pfx___vm_munmap+0x10/0x10
[   24.045520]  ? seqcount_lockdep_reader_access.constprop.0+0xb4/0xd0
[   24.045855]  ? lockdep_hardirqs_on+0x89/0x110
[   24.046094]  ? trace_hardirqs_on+0x51/0x60
[   24.046330]  ? __audit_syscall_entry+0x39c/0x500
[   24.046586]  __x64_sys_munmap+0x62/0x90
[   24.046798]  x64_sys_call+0x1c4c/0x20d0
[   24.047011]  do_syscall_64+0x6d/0x140
[   24.047216]  entry_SYSCALL_64_after_hwframe+0x76/0x7e
[   24.047484] RIP: 0033:0x7f351143ee5d
[   24.047684] Code: ff c3 66 2e 0f 1f 84 00 00 00 00 00 90 f3 0f 1e fa 48 89 f8 48 89 f7 48 89 d6 48 89 ca 4d 89 c2 4d 89 c8 4c 8b 4c 24 08 0f 05 <48> 3d 01 f0 ff ff 73 01 c3 48 8b 0d 93 af 1b 00 f7 d8 64 89 01 48
[   24.048633] RSP: 002b:00007ffc5c4e7cc8 EFLAGS: 00000202 ORIG_RAX: 000000000000000b
[   24.049027] RAX: ffffffffffffffda RBX: 0000000000000000 RCX: 00007f351143ee5d
[   24.049399] RDX: ffffffffffffff80 RSI: 0000000000001000 RDI: 0000000020ffc000
[   24.049768] RBP: 00007ffc5c4e7ce0 R08: 0000000000000000 R09: 00007ffc5c4e7ce0
[   24.050136] R10: 0000000000000003 R11: 0000000000000202 R12: 00007ffc5c4e7e78
[   24.050509] R13: 00000000004027cc R14: 0000000000404e08 R15: 00007f351181a000
[   24.050890]  </TASK>
[   24.051015] irq event stamp: 1391
[   24.051201] hardirqs last  enabled at (1399): [<ffffffff81457a34>] console_unlock+0x224/0x240
[   24.051648] hardirqs last disabled at (1406): [<ffffffff81457a19>] console_unlock+0x209/0x240
[   24.052091] softirqs last  enabled at (960): [<ffffffff81288a09>] __irq_exit_rcu+0xa9/0x120
[   24.052542] softirqs last disabled at (889): [<ffffffff81288a09>] __irq_exit_rcu+0xa9/0x120
[   24.052975] ---[ end trace 0000000000000000 ]---
[   24.053288] ------------[ cut here ]------------
[   24.053536] WARNING: CPU: 1 PID: 734 at include/linux/maple_tree.h:733 __split_vma+0x4d7/0x1020
[   24.053988] Modules linked in:
[   24.054160] CPU: 1 UID: 0 PID: 734 Comm: repro Tainted: G        W          6.11.0-rc4-3dc80ef932e2+ #1
[   24.054647] Tainted: [W]=WARN
[   24.054812] Hardware name: QEMU Standard PC (i440FX + PIIX, 1996), BIOS rel-1.16.0-0-gd239552ce722-prebuilt.qemu.org 04/01/2014
[   24.055401] RIP: 0010:__split_vma+0x4d7/0x1020
[   24.055643] Code: 89 ee 48 8b 40 10 48 89 c7 48 89 85 00 ff ff ff e8 9e 59 a8 ff 48 8b 85 00 ff ff ff 4c 39 e8 0f 83 ea fd ff ff e8 c9 56 a8 ff <0f> 0b e9 de fd ff ff 48 8b 85 30 ff ff ff 48 83 c0 10 48 89 85 18
[   24.056618] RSP: 0018:ffff88801bf07960 EFLAGS: 00010293
[   24.056901] RAX: 0000000000000000 RBX: ffff88801a5bc2d0 RCX: ffffffff81bd6432
[   24.057277] RDX: ffff8880204d4a00 RSI: ffffffff81bd6447 RDI: 0000000000000006
[   24.057648] RBP: ffff88801bf07a60 R08: 0000000000000001 R09: ffffed100274cb7c
[   24.058019] R10: 0000000020ffd000 R11: 0000000000000001 R12: ffff88801bf07e40
[   24.058391] R13: 0000000020ffd000 R14: 0000000020ffd000 R15: ffff88801a5bc0f0
[   24.058765] FS:  00007f35117cf740(0000) GS:ffff88806c700000(0000) knlGS:0000000000000000
[   24.059183] CS:  0010 DS: 0000 ES: 0000 CR0: 0000000080050033
[   24.059488] CR2: 0000000020000040 CR3: 000000001382e004 CR4: 0000000000770ef0
[   24.059861] DR0: 0000000000000000 DR1: 0000000000000000 DR2: 0000000000000000
[   24.060233] DR3: 0000000000000000 DR6: 00000000ffff07f0 DR7: 0000000000000400
[   24.060664] PKRU: 55555554
[   24.060816] Call Trace:
[   24.060954]  <TASK>
[   24.061076]  ? show_regs+0xa8/0xc0
[   24.061275]  ? __warn+0xee/0x380
[   24.061459]  ? report_bug+0x25e/0x4b0
[   24.061665]  ? __split_vma+0x4d7/0x1020
[   24.061878]  ? report_bug+0x2cb/0x4b0
[   24.062084]  ? __split_vma+0x4d7/0x1020
[   24.062298]  ? handle_bug+0xa2/0x130
[   24.062505]  ? exc_invalid_op+0x3c/0x80
[   24.062717]  ? asm_exc_invalid_op+0x1f/0x30
[   24.062953]  ? __split_vma+0x4c2/0x1020
[   24.063164]  ? __split_vma+0x4d7/0x1020
[   24.063377]  ? __split_vma+0x4d7/0x1020
[   24.063595]  ? __pfx___split_vma+0x10/0x10
[   24.063832]  vms_gather_munmap_vmas+0x323/0xf70
[   24.064082]  ? __kasan_check_read+0x15/0x20
[   24.064318]  do_vmi_align_munmap+0x27c/0x650
[   24.064578]  ? __pfx_do_vmi_align_munmap+0x10/0x10
[   24.064850]  ? mtree_range_walk+0x728/0xb70
[   24.065090]  ? __sanitizer_cov_trace_const_cmp4+0x1a/0x20
[   24.065382]  ? mas_walk+0x6a7/0x8b0
[   24.065588]  do_vmi_munmap+0x202/0x400
[   24.065800]  __vm_munmap+0x182/0x380
[   24.066004]  ? __pfx___vm_munmap+0x10/0x10
[   24.066229]  ? seqcount_lockdep_reader_access.constprop.0+0xb4/0xd0
[   24.066563]  ? lockdep_hardirqs_on+0x89/0x110
[   24.066804]  ? trace_hardirqs_on+0x51/0x60
[   24.067037]  ? __audit_syscall_entry+0x39c/0x500
[   24.067295]  __x64_sys_munmap+0x62/0x90
[   24.067508]  x64_sys_call+0x1c4c/0x20d0
[   24.067721]  do_syscall_64+0x6d/0x140
[   24.067929]  entry_SYSCALL_64_after_hwframe+0x76/0x7e
[   24.068202] RIP: 0033:0x7f351143ee5d
[   24.068400] Code: ff c3 66 2e 0f 1f 84 00 00 00 00 00 90 f3 0f 1e fa 48 89 f8 48 89 f7 48 89 d6 48 89 ca 4d 89 c2 4d 89 c8 4c 8b 4c 24 08 0f 05 <48> 3d 01 f0 ff ff 73 01 c3 48 8b 0d 93 af 1b 00 f7 d8 64 89 01 48
[   24.069368] RSP: 002b:00007ffc5c4e7cc8 EFLAGS: 00000202 ORIG_RAX: 000000000000000b
[   24.069769] RAX: ffffffffffffffda RBX: 0000000000000000 RCX: 00007f351143ee5d
[   24.070141] RDX: ffffffffffffff80 RSI: 0000000000001000 RDI: 0000000020ffc000
[   24.070515] RBP: 00007ffc5c4e7ce0 R08: 0000000000000000 R09: 00007ffc5c4e7ce0
[   24.070888] R10: 0000000000000003 R11: 0000000000000202 R12: 00007ffc5c4e7e78
[   24.071261] R13: 00000000004027cc R14: 0000000000404e08 R15: 00007f351181a000
[   24.071646]  </TASK>
[   24.071772] irq event stamp: 2041
[   24.071953] hardirqs last  enabled at (2049): [<ffffffff81457a34>] console_unlock+0x224/0x240
[   24.072401] hardirqs last disabled at (2056): [<ffffffff81457a19>] console_unlock+0x209/0x240
[   24.072864] softirqs last  enabled at (1684): [<ffffffff81288a09>] __irq_exit_rcu+0xa9/0x120
[   24.073310] softirqs last disabled at (1647): [<ffffffff81288a09>] __irq_exit_rcu+0xa9/0x120
[   24.073752] ---[ end trace 0000000000000000 ]---
[   24.074422] BUG: Bad page map in process repro  pte:8000000007a56205 pmd:13503067
[   24.074891] addr:00007f35117de000 vm_flags:08100077 anon_vma:0000000000000000 mapping:0000000000000000 index:7f35327da
[   24.075443] file:(null) fault:0x0 mmap:0x0 read_folio:0x0
[   24.075737] CPU: 1 UID: 0 PID: 734 Comm: repro Tainted: G        W          6.11.0-rc4-3dc80ef932e2+ #1
[   24.076229] Tainted: [W]=WARN
[   24.076394] Hardware name: QEMU Standard PC (i440FX + PIIX, 1996), BIOS rel-1.16.0-0-gd239552ce722-prebuilt.qemu.org 04/01/2014
[   24.076982] Call Trace:
[   24.077125]  <TASK>
[   24.077252]  dump_stack_lvl+0x121/0x150
[   24.077472]  dump_stack+0x19/0x20
[   24.077662]  print_bad_pte+0x512/0x7e0
[   24.077881]  vm_normal_page+0x316/0x3a0
[   24.078102]  ? __pfx_vm_normal_page+0x10/0x10
[   24.078354]  unmap_page_range+0xefa/0x4340
[   24.078584]  ? __pfx_vm_area_free_rcu_cb+0xf/0x10
[   24.078839]  ? __pfx_vm_area_free_rcu_cb+0x10/0x10
[   24.079121]  ? __pfx_unmap_page_range+0x10/0x10
[   24.079370]  ? __this_cpu_preempt_check+0x21/0x30
[   24.079639]  ? __pfx_vm_area_free_rcu_cb+0x10/0x10
[   24.079900]  unmap_single_vma+0x1ac/0x2d0
[   24.080131]  unmap_vmas+0x210/0x470
[   24.080338]  ? __pfx_unmap_vmas+0x10/0x10
[   24.080560]  ? __pfx_lock_release+0x10/0x10
[   24.080790]  ? lock_release+0x441/0x870
[   24.081002]  ? __pfx_folio_batch_move_lru+0x10/0x10
[   24.081277]  ? __pfx_lock_release+0x10/0x10
[   24.081515]  ? mlock_drain_local+0x27f/0x4b0
[   24.081761]  exit_mmap+0x19e/0xb10
[   24.081961]  ? __pfx_exit_mmap+0x10/0x10
[   24.082179]  ? uprobe_clear_state+0x52/0xf0
[   24.082443]  __mmput+0xde/0x3a0
[   24.082625]  mmput+0x74/0x90
[   24.082792]  do_exit+0xa03/0x29f0
[   24.082985]  ? lock_release+0x441/0x870
[   24.083211]  ? __pfx_do_exit+0x10/0x10
[   24.083427]  ? __this_cpu_preempt_check+0x21/0x30
[   24.083689]  ? _raw_spin_unlock_irq+0x2c/0x60
[   24.083945]  ? lockdep_hardirqs_on+0x89/0x110
[   24.084199]  do_group_exit+0xe4/0x2c0
[   24.084415]  __x64_sys_exit_group+0x4d/0x60
[   24.084655]  x64_sys_call+0x20c4/0x20d0
[   24.084873]  do_syscall_64+0x6d/0x140
[   24.085087]  entry_SYSCALL_64_after_hwframe+0x76/0x7e
[   24.085372] RIP: 0033:0x7f3511518a4d
[   24.085583] Code: Unable to access opcode bytes at 0x7f3511518a23.
[   24.085914] RSP: 002b:00007ffc5c4e7c78 EFLAGS: 00000246 ORIG_RAX: 00000000000000e7
[   24.086319] RAX: ffffffffffffffda RBX: 00007f35115f69e0 RCX: 00007f3511518a4d
[   24.086696] RDX: 00000000000000e7 RSI: ffffffffffffff80 RDI: 0000000000000000
[   24.087078] RBP: 0000000000000000 R08: 0000000000000000 R09: 0000000000000020
[   24.087459] R10: 00007ffc5c4e7b20 R11: 0000000000000246 R12: 00007f35115f69e0
[   24.087838] R13: 00007f35115fbf00 R14: 0000000000000001 R15: 00007f35115fbee8
[   24.088240]  </TASK>
[   24.088404] Disabling lock debugging due to kernel taint
[   24.088784] BUG: Bad page map in process repro  pte:800000000ca03205 pmd:13503067
[   24.089309] addr:00007f35117df000 vm_flags:08100077 anon_vma:0000000000000000 mapping:0000000000000000 index:7f35327db
[   24.090037] file:(null) fault:0x0 mmap:0x0 read_folio:0x0
[   24.090419] CPU: 1 UID: 0 PID: 734 Comm: repro Tainted: G    B   W          6.11.0-rc4-3dc80ef932e2+ #1
[   24.091058] Tainted: [B]=BAD_PAGE, [W]=WARN
[   24.091343] Hardware name: QEMU Standard PC (i440FX + PIIX, 1996), BIOS rel-1.16.0-0-gd239552ce722-prebuilt.qemu.org 04/01/2014
[   24.092103] Call Trace:
[   24.092277]  <TASK>
[   24.092431]  dump_stack_lvl+0x121/0x150
[   24.092705]  dump_stack+0x19/0x20
[   24.092943]  print_bad_pte+0x512/0x7e0
[   24.093214]  vm_normal_page+0x316/0x3a0
[   24.093488]  ? __pfx_vm_normal_page+0x10/0x10
[   24.093799]  unmap_page_range+0xefa/0x4340
[   24.094088]  ? __pfx_vm_area_free_rcu_cb+0xf/0x10
[   24.094414]  ? __pfx_vm_area_free_rcu_cb+0x10/0x10
[   24.094755]  ? __pfx_unmap_page_range+0x10/0x10
[   24.095072]  ? __this_cpu_preempt_check+0x21/0x30
[   24.095403]  ? __pfx_vm_area_free_rcu_cb+0x10/0x10
[   24.095736]  unmap_single_vma+0x1ac/0x2d0
[   24.096023]  unmap_vmas+0x210/0x470
[   24.096278]  ? __pfx_unmap_vmas+0x10/0x10
[   24.096562]  ? __pfx_lock_release+0x10/0x10
[   24.096852]  ? lock_release+0x441/0x870
[   24.097121]  ? __pfx_folio_batch_move_lru+0x10/0x10
[   24.097467]  ? __pfx_lock_release+0x10/0x10
[   24.097762]  ? mlock_drain_local+0x27f/0x4b0
[   24.098066]  exit_mmap+0x19e/0xb10
[   24.098314]  ? __pfx_exit_mmap+0x10/0x10
[   24.098591]  ? uprobe_clear_state+0x52/0xf0
[   24.098895]  __mmput+0xde/0x3a0
[   24.099121]  mmput+0x74/0x90
[   24.099329]  do_exit+0xa03/0x29f0
[   24.099568]  ? lock_release+0x441/0x870
[   24.099840]  ? __pfx_do_exit+0x10/0x10
[   24.100106]  ? __this_cpu_preempt_check+0x21/0x30
[   24.100432]  ? _raw_spin_unlock_irq+0x2c/0x60
[   24.100739]  ? lockdep_hardirqs_on+0x89/0x110
[   24.101050]  do_group_exit+0xe4/0x2c0
[   24.101315]  __x64_sys_exit_group+0x4d/0x60
[   24.101609]  x64_sys_call+0x20c4/0x20d0
[   24.101879]  do_syscall_64+0x6d/0x140
[   24.102143]  entry_SYSCALL_64_after_hwframe+0x76/0x7e
[   24.102518] RIP: 0033:0x7f3511518a4d
[   24.102799] Code: Unable to access opcode bytes at 0x7f3511518a23.
[   24.103278] RSP: 002b:00007ffc5c4e7c78 EFLAGS: 00000246 ORIG_RAX: 00000000000000e7
[   24.103835] RAX: ffffffffffffffda RBX: 00007f35115f69e0 RCX: 00007f3511518a4d
[   24.104322] RDX: 00000000000000e7 RSI: ffffffffffffff80 RDI: 0000000000000000
[   24.104806] RBP: 0000000000000000 R08: 0000000000000000 R09: 0000000000000020
[   24.105274] R10: 00007ffc5c4e7b20 R11: 0000000000000246 R12: 00007f35115f69e0
[   24.105640] R13: 00007f35115fbf00 R14: 0000000000000001 R15: 00007f35115fbee8
[   24.106013]  </TASK>
[   24.107795] Oops: general protection fault, probably for non-canonical address 0xdffffc0000000000: 0000 [#1] PREEMPT SMP KASAN NOPTI
[   24.108430] KASAN: null-ptr-deref in range [0x0000000000000000-0x0000000000000007]
[   24.108843] CPU: 1 UID: 0 PID: 734 Comm: repro Tainted: G    B   W          6.11.0-rc4-3dc80ef932e2+ #1
[   24.109350] Tainted: [B]=BAD_PAGE, [W]=WARN
[   24.109633] Hardware name: QEMU Standard PC (i440FX + PIIX, 1996), BIOS rel-1.16.0-0-gd239552ce722-prebuilt.qemu.org 04/01/2014
[   24.110226] RIP: 0010:do_raw_spin_lock+0x7c/0x280
[   24.110486] Code: c7 45 88 80 b2 42 81 c7 02 f1 f1 f1 f1 c7 42 04 04 f3 f3 f3 65 48 8b 14 25 28 00 00 00 48 89 55 d0 31 d2 48 89 fa 48 c1 ea 03 <0f> b6 14 02 48 89 f8 83 e0 07 83 c0 03 38 d0 7c 08 84 d2 0f 85 c2
[   24.111543] RSP: 0018:ffff88801bf076a0 EFLAGS: 00010247
[   24.111820] RAX: dffffc0000000000 RBX: 1ffff110037e0ed4 RCX: 0000000000000000
[   24.112192] RDX: 0000000000000000 RSI: 0000000000000002 RDI: 0000000000000004
[   24.112562] RBP: ffff88801bf07728 R08: 0000000000000000 R09: fffffbfff0f42320
[   24.112932] R10: ffffffff87a11907 R11: ffff88806c7489c0 R12: 0000000000000000
[   24.113411] R13: dffffc0000000000 R14: ffff88800cc03000 R15: ffff88801bf07700
[   24.113792] FS:  0000000000000000(0000) GS:ffff88806c700000(0000) knlGS:0000000000000000
[   24.114220] CS:  0010 DS: 0000 ES: 0000 CR0: 0000000080050033
[   24.114547] CR2: 00007fd85ba520a8 CR3: 0000000018e92005 CR4: 0000000000770ef0
[   24.114934] DR0: 0000000000000000 DR1: 0000000000000000 DR2: 0000000000000000
[   24.115397] DR3: 0000000000000000 DR6: 00000000ffff07f0 DR7: 0000000000000400
[   24.115777] PKRU: 55555554
[   24.115926] Call Trace:
[   24.116062]  <TASK>
[   24.116183]  ? show_regs+0xa8/0xc0
[   24.116379]  ? die_addr+0x5d/0xf0
[   24.116568]  ? exc_general_protection+0x1ae/0x340
[   24.116831]  ? asm_exc_general_protection+0x2b/0x30
[   24.117132]  ? do_raw_spin_lock+0x7c/0x280
[   24.117452]  ? __pfx_do_raw_spin_lock+0x10/0x10
[   24.117713]  ? __sanitizer_cov_trace_const_cmp4+0x1a/0x20
[   24.118013]  ? __sanitizer_cov_trace_const_cmp8+0x1c/0x30
[   24.118312]  _raw_spin_lock+0x40/0x50
[   24.118524]  ? __pte_offset_map_lock+0x1a3/0x3d0
[   24.118787]  __pte_offset_map_lock+0x1a3/0x3d0
[   24.119042]  ? __pfx___pte_offset_map_lock+0x10/0x10
[   24.119321]  ? __pfx_pmd_val+0x10/0x10
[   24.119537]  unmap_page_range+0xdfe/0x4340
[   24.119770]  ? __pfx_vm_area_free_rcu_cb+0xf/0x10
[   24.120034]  ? __pfx_vm_area_free_rcu_cb+0x10/0x10
[   24.120310]  ? __pfx_unmap_page_range+0x10/0x10
[   24.120566]  ? __this_cpu_preempt_check+0x21/0x30
[   24.120832]  ? __pfx_vm_area_free_rcu_cb+0x10/0x10
[   24.121099]  unmap_single_vma+0x1ac/0x2d0
[   24.121345]  unmap_vmas+0x210/0x470
[   24.121553]  ? __pfx_unmap_vmas+0x10/0x10
[   24.121801]  ? __pfx_lock_release+0x10/0x10
[   24.122039]  ? lock_release+0x441/0x870
[   24.122303]  ? __pfx_folio_batch_move_lru+0x10/0x10
[   24.122646]  ? __pfx_lock_release+0x10/0x10
[   24.122887]  ? mlock_drain_local+0x27f/0x4b0
[   24.123148]  exit_mmap+0x19e/0xb10
[   24.123446]  ? __pfx_exit_mmap+0x10/0x10
[   24.123674]  ? uprobe_clear_state+0x52/0xf0
[   24.123921]  __mmput+0xde/0x3a0
[   24.124131]  mmput+0x74/0x90
[   24.124373]  do_exit+0xa03/0x29f0
[   24.124568]  ? lock_release+0x441/0x870
[   24.124791]  ? __pfx_do_exit+0x10/0x10
[   24.125037]  ? __this_cpu_preempt_check+0x21/0x30
[   24.125379]  ? _raw_spin_unlock_irq+0x2c/0x60
[   24.125629]  ? lockdep_hardirqs_on+0x89/0x110
[   24.125900]  do_group_exit+0xe4/0x2c0
[   24.126176]  __x64_sys_exit_group+0x4d/0x60
[   24.126418]  x64_sys_call+0x20c4/0x20d0
[   24.126638]  do_syscall_64+0x6d/0x140
[   24.126873]  entry_SYSCALL_64_after_hwframe+0x76/0x7e
[   24.127238] RIP: 0033:0x7f3511518a4d
[   24.127443] Code: Unable to access opcode bytes at 0x7f3511518a23.
[   24.127777] RSP: 002b:00007ffc5c4e7c78 EFLAGS: 00000246 ORIG_RAX: 00000000000000e7
[   24.128287] RAX: ffffffffffffffda RBX: 00007f35115f69e0 RCX: 00007f3511518a4d
[   24.128675] RDX: 00000000000000e7 RSI: ffffffffffffff80 RDI: 0000000000000000
[   24.129150] RBP: 0000000000000000 R08: 0000000000000000 R09: 0000000000000020
[   24.129542] R10: 00007ffc5c4e7b20 R11: 0000000000000246 R12: 00007f35115f69e0
[   24.129959] R13: 00007f35115fbf00 R14: 0000000000000001 R15: 00007f35115fbee8
[   24.130416]  </TASK>
[   24.130544] Modules linked in:
[   24.130761] ---[ end trace 0000000000000000 ]---
[   24.131122] RIP: 0010:do_raw_spin_lock+0x7c/0x280
[   24.131390] Code: c7 45 88 80 b2 42 81 c7 02 f1 f1 f1 f1 c7 42 04 04 f3 f3 f3 65 48 8b 14 25 28 00 00 00 48 89 55 d0 31 d2 48 89 fa 48 c1 ea 03 <0f> b6 14 02 48 89 f8 83 e0 07 83 c0 03 38 d0 7c 08 84 d2 0f 85 c2
[   24.132389] RSP: 0018:ffff88801bf076a0 EFLAGS: 00010247
[   24.132705] RAX: dffffc0000000000 RBX: 1ffff110037e0ed4 RCX: 0000000000000000
[   24.133192] RDX: 0000000000000000 RSI: 0000000000000002 RDI: 0000000000000004
[   24.133581] RBP: ffff88801bf07728 R08: 0000000000000000 R09: fffffbfff0f42320
[   24.133964] R10: ffffffff87a11907 R11: ffff88806c7489c0 R12: 0000000000000000
[   24.134451] R13: dffffc0000000000 R14: ffff88800cc03000 R15: ffff88801bf07700
[   24.134842] FS:  0000000000000000(0000) GS:ffff88806c700000(0000) knlGS:0000000000000000
[   24.135279] CS:  0010 DS: 0000 ES: 0000 CR0: 0000000080050033
[   24.135594] CR2: 00007fd85ba520a8 CR3: 0000000018e92005 CR4: 0000000000770ef0
[   24.135982] DR0: 0000000000000000 DR1: 0000000000000000 DR2: 0000000000000000
[   24.136479] DR3: 0000000000000000 DR6: 00000000ffff07f0 DR7: 0000000000000400
[   24.136868] PKRU: 55555554
[   24.137033] note: repro[734] exited with preempt_count 1
[   24.137350] Fixing recursive fault but reboot is needed!
[   24.137640] BUG: using smp_processor_id() in preemptible [00000000] code: repro/734
[   24.138091] caller is debug_smp_processor_id+0x20/0x30
[   24.138447] CPU: 1 UID: 0 PID: 734 Comm: repro Tainted: G    B D W          6.11.0-rc4-3dc80ef932e2+ #1
[   24.138963] Tainted: [B]=BAD_PAGE, [D]=DIE, [W]=WARN
[   24.139322] Hardware name: QEMU Standard PC (i440FX + PIIX, 1996), BIOS rel-1.16.0-0-gd239552ce722-prebuilt.qemu.org 04/01/2014
[   24.139936] Call Trace:
[   24.140094]  <TASK>
[   24.140296]  dump_stack_lvl+0x121/0x150
[   24.140518]  dump_stack+0x19/0x20
[   24.140713]  check_preemption_disabled+0x168/0x180
[   24.141016]  debug_smp_processor_id+0x20/0x30
[   24.141335]  __schedule+0x9a/0x2eb0
[   24.141541]  ? rcu_is_watching+0x19/0xc0
[   24.141770]  ? lock_release+0x592/0x870
[   24.142015]  ? __pfx___schedule+0x10/0x10
[   24.142314]  ? debug_smp_processor_id+0x20/0x30
[   24.142569]  ? rcu_is_watching+0x19/0xc0
[   24.142790]  ? trace_irq_enable+0xe1/0x120
[   24.143058]  ? do_task_dead+0x4a/0x110
[   24.143357]  do_task_dead+0xe0/0x110
[   24.143568]  make_task_dead+0x384/0x3c0
[   24.143789]  rewind_stack_and_make_dead+0x16/0x20
[   24.144133] RIP: 0033:0x7f3511518a4d
[   24.144339] Code: Unable to access opcode bytes at 0x7f3511518a23.
[   24.144672] RSP: 002b:00007ffc5c4e7c78 EFLAGS: 00000246 ORIG_RAX: 00000000000000e7
[   24.145171] RAX: ffffffffffffffda RBX: 00007f35115f69e0 RCX: 00007f3511518a4d
[   24.145566] RDX: 00000000000000e7 RSI: ffffffffffffff80 RDI: 0000000000000000
[   24.145954] RBP: 0000000000000000 R08: 0000000000000000 R09: 0000000000000020
[   24.146420] R10: 00007ffc5c4e7b20 R11: 0000000000000246 R12: 00007f35115f69e0
[   24.146806] R13: 00007f35115fbf00 R14: 0000000000000001 R15: 00007f35115fbee8
[   24.147283]  </TASK>
[   24.147425] BUG: scheduling while atomic: repro/734/0x00000000
[   24.147746] INFO: lockdep is turned off.
[   24.147998] Modules linked in:
[   24.148232] Preemption disabled at:
[   24.148235] [<ffffffff81352e28>] do_task_dead+0x28/0x110
[   24.148732] CPU: 1 UID: 0 PID: 734 Comm: repro Tainted: G    B D W          6.11.0-rc4-3dc80ef932e2+ #1
[   24.149244] Tainted: [B]=BAD_PAGE, [D]=DIE, [W]=WARN
[   24.149517] Hardware name: QEMU Standard PC (i440FX + PIIX, 1996), BIOS rel-1.16.0-0-gd239552ce722-prebuilt.qemu.org 04/01/2014
[   24.150127] Call Trace:
[   24.150270]  <TASK>
[   24.150395]  dump_stack_lvl+0x121/0x150
[   24.150615]  ? do_task_dead+0x28/0x110
[   24.150863]  dump_stack+0x19/0x20
[   24.151117]  __schedule_bug+0x12d/0x180
[   24.151339]  __schedule+0x210c/0x2eb0
[   24.151588]  ? rcu_is_watching+0x19/0xc0
[   24.151893]  ? lock_release+0x592/0x870
[   24.152112]  ? __pfx___schedule+0x10/0x10
[   24.152343]  ? debug_smp_processor_id+0x20/0x30
[   24.152599]  ? rcu_is_watching+0x19/0xc0
[   24.152820]  ? trace_irq_enable+0xe1/0x120
[   24.153057]  ? do_task_dead+0x4a/0x110
[   24.153298]  do_task_dead+0xe0/0x110
[   24.153574]  make_task_dead+0x384/0x3c0
[   24.153796]  rewind_stack_and_make_dead+0x16/0x20
[   24.154059] RIP: 0033:0x7f3511518a4d
[   24.154262] Code: Unable to access opcode bytes at 0x7f3511518a23.
[   24.154632] RSP: 002b:00007ffc5c4e7c78 EFLAGS: 00000246 ORIG_RAX: 00000000000000e7
[   24.155108] RAX: ffffffffffffffda RBX: 00007f35115f69e0 RCX: 00007f3511518a4d
[   24.155520] RDX: 00000000000000e7 RSI: ffffffffffffff80 RDI: 0000000000000000
[   24.155966] RBP: 0000000000000000 R08: 0000000000000000 R09: 0000000000000020
[   24.156361] R10: 00007ffc5c4e7b20 R11: 0000000000000246 R12: 00007f35115f69e0
[   24.156840] R13: 00007f35115fbf00 R14: 0000000000000001 R15: 00007f35115fbee8
[   24.157245]  </TASK>
[   24.157395] ------------[ cut here ]------------
[   24.157655] Voluntary context switch within RCU read-side critical section!
[   24.157678] WARNING: CPU: 1 PID: 734 at kernel/rcu/tree_plugin.h:330 rcu_note_context_switch+0xc05/0x1870
[   24.158667] Modules linked in:
[   24.158847] CPU: 1 UID: 0 PID: 734 Comm: repro Tainted: G    B D W          6.11.0-rc4-3dc80ef932e2+ #1
[   24.159450] Tainted: [B]=BAD_PAGE, [D]=DIE, [W]=WARN
[   24.159728] Hardware name: QEMU Standard PC (i440FX + PIIX, 1996), BIOS rel-1.16.0-0-gd239552ce722-prebuilt.qemu.org 04/01/2014
[   24.160439] RIP: 0010:rcu_note_context_switch+0xc05/0x1870
[   24.160756] Code: 8b 45 a0 4c 8b 55 a8 48 c7 c2 b8 63 a1 87 44 8b 4d b0 e9 0f 03 00 00 48 c7 c7 e0 64 ad 85 c6 05 73 8a 4c 06 01 e8 6b fd d9 ff <0f> 0b e9 00 f5 ff ff 65 48 8b 3d 4c dc b7 7e e8 27 96 fd ff e9 6a
[   24.161848] RSP: 0018:ffff88801bf07d30 EFLAGS: 00010082
[   24.162144] RAX: 0000000000000000 RBX: ffff88806c749680 RCX: ffffffff812697c3
[   24.162539] RDX: ffff8880204d4a00 RSI: ffffffff812697d0 RDI: 0000000000000001
[   24.162933] RBP: ffff88801bf07da0 R08: 0000000000000001 R09: ffffed100d8e62f9
[   24.163328] R10: 0000000000000000 R11: 000000002d2d2d2d R12: ffff8880204d4a00
[   24.163722] R13: 0000000000000000 R14: ffff8880204d4a00 R15: ffff88801bf0755c
[   24.164116] FS:  0000000000000000(0000) GS:ffff88806c700000(0000) knlGS:0000000000000000
[   24.164561] CS:  0010 DS: 0000 ES: 0000 CR0: 0000000080050033
[   24.164883] CR2: 00007fd85ba520a8 CR3: 0000000018e92005 CR4: 0000000000770ef0
[   24.165282] DR0: 0000000000000000 DR1: 0000000000000000 DR2: 0000000000000000
[   24.165676] DR3: 0000000000000000 DR6: 00000000ffff07f0 DR7: 0000000000000400
[   24.166072] PKRU: 55555554
[   24.166231] Call Trace:
[   24.166377]  <TASK>
[   24.166505]  ? show_regs+0xa8/0xc0
[   24.166711]  ? __warn+0xee/0x380
[   24.166907]  ? find_bug+0x32e/0x4b0
[   24.167114]  ? rcu_note_context_switch+0xc05/0x1870
[   24.167404]  ? report_bug+0x2cb/0x4b0
[   24.167619]  ? rcu_note_context_switch+0xc05/0x1870
[   24.167898]  ? handle_bug+0xa2/0x130
[   24.168109]  ? exc_invalid_op+0x3c/0x80
[   24.168329]  ? asm_exc_invalid_op+0x1f/0x30
[   24.168579]  ? __warn_printk+0x173/0x2e0
[   24.168806]  ? __warn_printk+0x180/0x2e0
[   24.169032]  ? rcu_note_context_switch+0xc05/0x1870
[   24.169316]  ? debug_smp_processor_id+0x20/0x30
[   24.169574]  ? rcu_is_watching+0x19/0xc0
[   24.169799]  ? trace_irq_disable+0xe1/0x120
[   24.170043]  __schedule+0x208/0x2eb0
[   24.170260]  ? rcu_is_watching+0x19/0xc0
[   24.170488]  ? lock_release+0x592/0x870
[   24.170713]  ? __pfx___schedule+0x10/0x10
[   24.170950]  ? debug_smp_processor_id+0x20/0x30
[   24.171210]  ? rcu_is_watching+0x19/0xc0
[   24.171436]  ? trace_irq_enable+0xe1/0x120
[   24.171675]  ? do_task_dead+0x4a/0x110
[   24.171898]  do_task_dead+0xe0/0x110
[   24.172113]  make_task_dead+0x384/0x3c0
[   24.172340]  rewind_stack_and_make_dead+0x16/0x20
[   24.172611] RIP: 0033:0x7f3511518a4d
[   24.172820] Code: Unable to access opcode bytes at 0x7f3511518a23.
[   24.173164] RSP: 002b:00007ffc5c4e7c78 EFLAGS: 00000246 ORIG_RAX: 00000000000000e7
[   24.173586] RAX: ffffffffffffffda RBX: 00007f35115f69e0 RCX: 00007f3511518a4d
[   24.173981] RDX: 00000000000000e7 RSI: ffffffffffffff80 RDI: 0000000000000000
[   24.174375] RBP: 0000000000000000 R08: 0000000000000000 R09: 0000000000000020
[   24.174770] R10: 00007ffc5c4e7b20 R11: 0000000000000246 R12: 00007f35115f69e0
[   24.175164] R13: 00007f35115fbf00 R14: 0000000000000001 R15: 00007f35115fbee8
[   24.175564]  </TASK>
[   24.175695] irq event stamp: 2405
[   24.175887] hardirqs last  enabled at (2405): [<ffffffff857a89de>] irqentry_exit+0x3e/0xa0
[   24.176348] hardirqs last disabled at (2404): [<ffffffff857a6e14>] sysvec_apic_timer_interrupt+0x14/0xc0
[   24.176878] softirqs last  enabled at (1684): [<ffffffff81288a09>] __irq_exit_rcu+0xa9/0x120
[   24.177351] softirqs last disabled at (1647): [<ffffffff81288a09>] __irq_exit_rcu+0xa9/0x120
[   24.177818] ---[ end trace 0000000000000000 ]---
