|0903_092137|cmd=cd /root/linux-next|
|0903_092138|git log ecc768a84f0b8e631986f9ade3118fa37852fef0 check_result:commit ecc768a84f0b8e631986f9ade3118fa37852fef0|
|0903_092138|git log 431c1646e1f86b949fa3685efc50b660a364c2b6 check_result:commit 431c1646e1f86b949fa3685efc50b660a364c2b6|
|0903_092138|There was old bisect log:git bisect start
# status: waiting for both good and bad commits
# bad: [ecc768a84f0b8e631986f9ade3118fa37852fef0] Add linux-next specific files for 20240902
git bisect bad ecc768a84f0b8e631986f9ade3118fa37852fef0
# status: waiting for good commit(s), bad commit known
# good: [431c1646e1f86b949fa3685efc50b660a364c2b6] Linux 6.11-rc6
git bisect good 431c1646e1f86b949fa3685efc50b660a364c2b6
# bad: [ef4c04432ff7e0b828a0fb78a49719740d5d35b3] Merge branch 'master' of git://git.kernel.org/pub/scm/linux/kernel/git/bluetooth/bluetooth-next.git
git bisect bad ef4c04432ff7e0b828a0fb78a49719740d5d35b3
# bad: [39a1f4f4601c391e666e1aa837987e8658ce779c] Merge branch 'for-next' of git://git.kernel.org/pub/scm/linux/kernel/git/deller/parisc-linux.git
git bisect bad 39a1f4f4601c391e666e1aa837987e8658ce779c
# bad: [50339c513aa60323d6a155157184b09e0baa19a6] Merge branch 'for-next' of git://git.kernel.org/pub/scm/linux/kernel/git/amlogic/linux.git
git bisect bad 50339c513aa60323d6a155157184b09e0baa19a6
# bad: [d09c2981aaf6a430075f662fe23845401bb21b02] foo
git bisect bad d09c2981aaf6a430075f662fe23845401bb21b02
# good: [6b2c2ed58e34d88637017cf9e178489550607096] err.h: add ERR_PTR_PCPU(), PTR_ERR_PCPU() and IS_ERR_PCPU() macros
git bisect good 6b2c2ed58e34d88637017cf9e178489550607096
# bad: [3c8e392e62b916d57d3db484f8b905f56f79d1aa] mm/damon/core: replace per-quota regions priority histogram buffer usage with per-context one
git bisect bad 3c8e392e62b916d57d3db484f8b905f56f79d1aa
# bad: [3dc80ef932e2cbb5e4139a74e655d11f0807adad] mm: move may_expand_vm() check in mmap_region()
git bisect bad 3dc80ef932e2cbb5e4139a74e655d11f0807adad
# good: [f88d0d4cb57c1bdde3b9e0db9ed2e57baf9cfee8] mm: remove page_has_private()
git bisect good f88d0d4cb57c1bdde3b9e0db9ed2e57baf9cfee8
# good: [a1528ae29ef62b7fff89cb01c4f828dbfcf1c219] mm/vma: introduce abort_munmap_vmas()
git bisect good a1528ae29ef62b7fff89cb01c4f828dbfcf1c219
# good: [dbdb3b92034082379722de3296366bea4263988d] mm/vma: support vma == NULL in init_vma_munmap()
git bisect good dbdb3b92034082379722de3296366bea4263988d
# good: [da12f28f0b43c344a61027494fd02b2af73d5373] mm/mmap: avoid zeroing vma tree in mmap_region()
git bisect good da12f28f0b43c344a61027494fd02b2af73d5373
# bad: [f4704d4e07bb8d51d2d8888ecd1ad5d903f19445] mm/mmap: use PHYS_PFN in mmap_region()
git bisect bad f4704d4e07bb8d51d2d8888ecd1ad5d903f19445
# bad: [3483c95414f92248129371a1790921486b507e26] mm: change failure of MAP_FIXED to restoring the gap on failure
git bisect bad 3483c95414f92248129371a1790921486b507e26
# first bad commit: [3483c95414f92248129371a1790921486b507e26] mm: change failure of MAP_FIXED to restoring the gap on failure, will clean it|
|0903_092138|cmd=git bisect reset|
|0903_092140|cmd=git checkout -f ecc768a84f0b8e631986f9ade3118fa37852fef0|
|0903_092141|cmd=cd /root/linux-next|
|0903_092141||/var/www/html/bzimage/bzImage_ecc768a84f0b8e631986f9ade3118fa37852fef0| exist, no need make|
|0903_092141|/root/image/centos9_3.img -> /root/image/centos9_2.img|
|0903_092150|Run /var/www/html/bzimage/bzImage_ecc768a84f0b8e631986f9ade3118fa37852fef0 with image:/root/image/centos9_2.img in local port:10022, 1 time|
|0903_092206|It takes 16 seconds to find login:test login: |
|0903_092206|Boot 1 time: takes 16 seconds to boot up.|
|0903_092206|cmd=ssh -o ConnectTimeout=1 -o 'StrictHostKeyChecking no' -p 10022 localhost 'rm -rf file*'|
|0903_092207|cmd=scp -o 'StrictHostKeyChecking no' -P 10022 /root/bzimage_bisect/repro.sh root@localhost:/root/repro.sh|
|0903_092208|cmd=scp -o 'StrictHostKeyChecking no' -P 10022 /root/syzkaller/workdir/crashes/c8b398aee35e1e740042e5e787c7faab0fc5093a/repro.cprog root@localhost:/root/repro.c|
|0903_092210|ssh -o ConnectTimeout=1 -o 'StrictHostKeyChecking no' -p 10022 localhost 'chmod 755 /root/repro.sh'|
|0903_092210|ssh -o ConnectTimeout=1 -o 'StrictHostKeyChecking no' -p 10022 localhost '/root/repro.sh'|
|0903_092220|/var/www/html/bzimage/bzImage_ecc768a84f0b8e631986f9ade3118fa37852fef0 contained __split_vma:[   20.138634] WARNING: CPU: 1 PID: 732 at include/linux/maple_tree.h:733 __split_vma+0x4d7/0x1020
[   20.140337] RIP: 0010:__split_vma+0x4d7/0x1020
[   20.146650]  ? __split_vma+0x4d7/0x1020
[   20.147070]  ? __split_vma+0x4d7/0x1020
[   20.147281]  ? __split_vma+0x4d8/0x1020
[   20.148208]  ? __split_vma+0x467/0x1020
[   20.148417]  ? __split_vma+0x4d7/0x1020
[   20.148628]  ? __split_vma+0x4d7/0x1020
[   20.148845]  ? __pfx___split_vma+0x10/0x10
[   20.160794] WARNING: CPU: 1 PID: 732 at include/linux/maple_tree.h:733 __split_vma+0x4d7/0x1020
[   20.162683] RIP: 0010:__split_vma+0x4d7/0x1020
[   20.168910]  ? __split_vma+0x4d7/0x1020
[   20.169328]  ? __split_vma+0x4d7/0x1020
[   20.169540]  ? __split_vma+0x4d8/0x1020
[   20.170394]  ? __split_vma+0x4c2/0x1020
[   20.170604]  ? __split_vma+0x4d7/0x1020
[   20.170815]  ? __split_vma+0x4d7/0x1020
[   20.171035]  ? __pfx___split_vma+0x10/0x10, FAIL|
|0903_092220|Found time:20 in /var/www/html/bzimage/0903_092137___split_vma/ecc768a84f0b8e631986f9ade3118fa37852fef0_dmesg.log|
|0903_092220|Logic: |<=25: +25|25-100 +180|>100 +1800| Set TIME:45|
|0903_092220|-END- commit ecc768a84f0b8e631986f9ade3118fa37852fef0 FAIL bad|
|0903_092220|cmd=rm -rf /var/www/html//syzkaller/2024_09_03/c8b398aee35e1e740042e5e787c7faab0fc5093a|
|0903_092220|cmd=mkdir -p /var/www/html//syzkaller/2024_09_03/c8b398aee35e1e740042e5e787c7faab0fc5093a|
|0903_092220|cmd=cp -rf /root/syzkaller/workdir/crashes/c8b398aee35e1e740042e5e787c7faab0fc5093a/repro.cprog /var/www/html//syzkaller/2024_09_03/c8b398aee35e1e740042e5e787c7faab0fc5093a/repro.c|
|0903_092220|gcc -pthread /var/www/html//syzkaller/2024_09_03/c8b398aee35e1e740042e5e787c7faab0fc5093a/repro.c -o /var/www/html//syzkaller/2024_09_03/c8b398aee35e1e740042e5e787c7faab0fc5093a/repro|
|0903_092221|cmd=cp -rf /root/syzkaller/workdir/crashes/c8b398aee35e1e740042e5e787c7faab0fc5093a/description /var/www/html//syzkaller/2024_09_03/c8b398aee35e1e740042e5e787c7faab0fc5093a|
|0903_092221|cp -rf /root/syzkaller/workdir/crashes/c8b398aee35e1e740042e5e787c7faab0fc5093a/mount_* /var/www/html/bzimage/0903_092137___split_vma/|
|0903_092223|wget https://raw.githubusercontent.com/xupengfe/kconfig_diff/main/config-5.18rc4i_kvm -O /var/www/html/bzimage/0903_092137___split_vma/kconfig_origin:0|
|0903_092223|cmd=cd /root/linux-next|
|0903_092223||/var/www/html/bzimage/bzImage_431c1646e1f86b949fa3685efc50b660a364c2b6| exist, no need make|
|0903_092223|/root/image/centos9_3.img -> /root/image/centos9_2.img|
|0903_092235|Run /var/www/html/bzimage/bzImage_431c1646e1f86b949fa3685efc50b660a364c2b6 with image:/root/image/centos9_2.img in local port:10022, 1 time|
|0903_092254|It takes 19 seconds to find login:test login: |
|0903_092254|Boot 1 time: takes 19 seconds to boot up.|
|0903_092254|cmd=ssh -o ConnectTimeout=1 -o 'StrictHostKeyChecking no' -p 10022 localhost 'rm -rf file*'|
|0903_092256|cmd=scp -o 'StrictHostKeyChecking no' -P 10022 /root/bzimage_bisect/repro.sh root@localhost:/root/repro.sh|
|0903_092257|cmd=scp -o 'StrictHostKeyChecking no' -P 10022 /root/syzkaller/workdir/crashes/c8b398aee35e1e740042e5e787c7faab0fc5093a/repro.cprog root@localhost:/root/repro.c|
|0903_092259|ssh -o ConnectTimeout=1 -o 'StrictHostKeyChecking no' -p 10022 localhost 'chmod 755 /root/repro.sh'|
|0903_092259|ssh -o ConnectTimeout=1 -o 'StrictHostKeyChecking no' -p 10022 localhost '/root/repro.sh'|
|0903_092344|/var/www/html/bzimage/bzImage_431c1646e1f86b949fa3685efc50b660a364c2b6 didn't contain __split_vma: in dmesg, pass|
|0903_092344|Start commit 431c1646e1f86b949fa3685efc50b660a364c2b6 PASS good|
|0903_092344|cmd=git checkout -f ecc768a84f0b8e631986f9ade3118fa37852fef0|
|0903_092345|cmd=git bisect start|
|0903_092345|cmd=git bisect bad ecc768a84f0b8e631986f9ade3118fa37852fef0|
|0903_092345|Bisect first start commit:431c1646e1f86b949fa3685efc50b660a364c2b6|
|0903_092345|git bisect good 431c1646e1f86b949fa3685efc50b660a364c2b6|
|0903_092347||/var/www/html/bzimage/bzImage_ef4c04432ff7e0b828a0fb78a49719740d5d35b3| exist, no need make|
|0903_092347|/root/image/centos9_3.img -> /root/image/centos9_2.img|
|0903_092358|Run /var/www/html/bzimage/bzImage_ef4c04432ff7e0b828a0fb78a49719740d5d35b3 with image:/root/image/centos9_2.img in local port:10022, 1 time|
|0903_092420|It takes 22 seconds to find login:test login: |
|0903_092420|Boot 1 time: takes 22 seconds to boot up.|
|0903_092420|cmd=ssh -o ConnectTimeout=1 -o 'StrictHostKeyChecking no' -p 10022 localhost 'rm -rf file*'|
|0903_092421|cmd=scp -o 'StrictHostKeyChecking no' -P 10022 /root/bzimage_bisect/repro.sh root@localhost:/root/repro.sh|
|0903_092423|cmd=scp -o 'StrictHostKeyChecking no' -P 10022 /root/syzkaller/workdir/crashes/c8b398aee35e1e740042e5e787c7faab0fc5093a/repro.cprog root@localhost:/root/repro.c|
|0903_092424|ssh -o ConnectTimeout=1 -o 'StrictHostKeyChecking no' -p 10022 localhost 'chmod 755 /root/repro.sh'|
|0903_092425|ssh -o ConnectTimeout=1 -o 'StrictHostKeyChecking no' -p 10022 localhost '/root/repro.sh'|
|0903_092510|/var/www/html/bzimage/bzImage_ef4c04432ff7e0b828a0fb78a49719740d5d35b3 contained __split_vma:[   27.198559] WARNING: CPU: 1 PID: 732 at include/linux/maple_tree.h:733 __split_vma+0x4d7/0x1020
[   27.200442] RIP: 0010:__split_vma+0x4d7/0x1020
[   27.207311]  ? __split_vma+0x4d7/0x1020
[   27.207795]  ? __split_vma+0x4d7/0x1020
[   27.208757]  ? __split_vma+0x467/0x1020
[   27.208992]  ? __split_vma+0x4d7/0x1020
[   27.209227]  ? __split_vma+0x4d7/0x1020
[   27.209467]  ? __pfx___split_vma+0x10/0x10
[   27.222632] WARNING: CPU: 1 PID: 732 at include/linux/maple_tree.h:733 __split_vma+0x4d7/0x1020
[   27.224705] RIP: 0010:__split_vma+0x4d7/0x1020
[   27.231995]  ? __split_vma+0x4d7/0x1020
[   27.232464]  ? __split_vma+0x4d7/0x1020
[   27.233495]  ? __split_vma+0x4c2/0x1020
[   27.233731]  ? __split_vma+0x4d7/0x1020
[   27.233968]  ? __split_vma+0x4d7/0x1020
[   27.234217]  ? __pfx___split_vma+0x10/0x10, FAIL|
|0903_092510|git bisect bad ef4c04432ff7e0b828a0fb78a49719740d5d35b3|
|0903_092512||/var/www/html/bzimage/bzImage_39a1f4f4601c391e666e1aa837987e8658ce779c| exist, no need make|
|0903_092512|/root/image/centos9_3.img -> /root/image/centos9_2.img|
|0903_092521|Run /var/www/html/bzimage/bzImage_39a1f4f4601c391e666e1aa837987e8658ce779c with image:/root/image/centos9_2.img in local port:10022, 1 time|
|0903_092540|It takes 18 seconds to find login:test login: |
|0903_092540|Boot 1 time: takes 18 seconds to boot up.|
|0903_092540|cmd=ssh -o ConnectTimeout=1 -o 'StrictHostKeyChecking no' -p 10022 localhost 'rm -rf file*'|
|0903_092541|cmd=scp -o 'StrictHostKeyChecking no' -P 10022 /root/bzimage_bisect/repro.sh root@localhost:/root/repro.sh|
|0903_092542|cmd=scp -o 'StrictHostKeyChecking no' -P 10022 /root/syzkaller/workdir/crashes/c8b398aee35e1e740042e5e787c7faab0fc5093a/repro.cprog root@localhost:/root/repro.c|
|0903_092544|ssh -o ConnectTimeout=1 -o 'StrictHostKeyChecking no' -p 10022 localhost 'chmod 755 /root/repro.sh'|
|0903_092544|ssh -o ConnectTimeout=1 -o 'StrictHostKeyChecking no' -p 10022 localhost '/root/repro.sh'|
|0903_092629|/var/www/html/bzimage/bzImage_39a1f4f4601c391e666e1aa837987e8658ce779c contained __split_vma:[   22.796799] WARNING: CPU: 1 PID: 732 at include/linux/maple_tree.h:733 __split_vma+0x4d7/0x1020
[   22.798513] RIP: 0010:__split_vma+0x4d7/0x1020
[   22.804860]  ? __split_vma+0x4d7/0x1020
[   22.805276]  ? __split_vma+0x4d7/0x1020
[   22.806146]  ? __split_vma+0x467/0x1020
[   22.806357]  ? __split_vma+0x4d7/0x1020
[   22.806578]  ? __split_vma+0x4d7/0x1020
[   22.806795]  ? __pfx___split_vma+0x10/0x10
[   22.823442] WARNING: CPU: 1 PID: 732 at include/linux/maple_tree.h:733 __split_vma+0x4d7/0x1020
[   22.825452] RIP: 0010:__split_vma+0x4d7/0x1020
[   22.832096]  ? __split_vma+0x4d7/0x1020
[   22.832563]  ? __split_vma+0x4d7/0x1020
[   22.833480]  ? __split_vma+0x4c2/0x1020
[   22.833703]  ? __split_vma+0x4d7/0x1020
[   22.833929]  ? __split_vma+0x4d7/0x1020
[   22.834162]  ? __pfx___split_vma+0x10/0x10, FAIL|
|0903_092629|git bisect bad 39a1f4f4601c391e666e1aa837987e8658ce779c|
|0903_092630||/var/www/html/bzimage/bzImage_50339c513aa60323d6a155157184b09e0baa19a6| exist, no need make|
|0903_092630|/root/image/centos9_3.img -> /root/image/centos9_2.img|
|0903_092641|Run /var/www/html/bzimage/bzImage_50339c513aa60323d6a155157184b09e0baa19a6 with image:/root/image/centos9_2.img in local port:10022, 1 time|
|0903_092700|It takes 18 seconds to find login:test login: |
|0903_092700|Boot 1 time: takes 18 seconds to boot up.|
|0903_092700|cmd=ssh -o ConnectTimeout=1 -o 'StrictHostKeyChecking no' -p 10022 localhost 'rm -rf file*'|
|0903_092701|cmd=scp -o 'StrictHostKeyChecking no' -P 10022 /root/bzimage_bisect/repro.sh root@localhost:/root/repro.sh|
|0903_092702|cmd=scp -o 'StrictHostKeyChecking no' -P 10022 /root/syzkaller/workdir/crashes/c8b398aee35e1e740042e5e787c7faab0fc5093a/repro.cprog root@localhost:/root/repro.c|
|0903_092704|ssh -o ConnectTimeout=1 -o 'StrictHostKeyChecking no' -p 10022 localhost 'chmod 755 /root/repro.sh'|
|0903_092704|ssh -o ConnectTimeout=1 -o 'StrictHostKeyChecking no' -p 10022 localhost '/root/repro.sh'|
|0903_092749|/var/www/html/bzimage/bzImage_50339c513aa60323d6a155157184b09e0baa19a6 contained __split_vma:[   22.762289] WARNING: CPU: 1 PID: 731 at include/linux/maple_tree.h:733 __split_vma+0x4d7/0x1020
[   22.763918] RIP: 0010:__split_vma+0x4d7/0x1020
[   22.770730]  ? __split_vma+0x4d7/0x1020
[   22.771176]  ? __split_vma+0x4d7/0x1020
[   22.772097]  ? __split_vma+0x467/0x1020
[   22.772313]  ? __split_vma+0x4d7/0x1020
[   22.772566]  ? __split_vma+0x4d7/0x1020
[   22.772798]  ? __pfx___split_vma+0x10/0x10
[   22.785275] WARNING: CPU: 1 PID: 731 at include/linux/maple_tree.h:733 __split_vma+0x4d7/0x1020
[   22.787145] RIP: 0010:__split_vma+0x4d7/0x1020
[   22.793357]  ? __split_vma+0x4d7/0x1020
[   22.793778]  ? __split_vma+0x4d7/0x1020
[   22.794645]  ? __split_vma+0x4c2/0x1020
[   22.794859]  ? __split_vma+0x4d7/0x1020
[   22.795071]  ? __split_vma+0x4d7/0x1020
[   22.795287]  ? __pfx___split_vma+0x10/0x10, FAIL|
|0903_092749|git bisect bad 50339c513aa60323d6a155157184b09e0baa19a6|
|0903_092751||/var/www/html/bzimage/bzImage_d09c2981aaf6a430075f662fe23845401bb21b02| exist, no need make|
|0903_092751|/root/image/centos9_3.img -> /root/image/centos9_2.img|
|0903_092802|Run /var/www/html/bzimage/bzImage_d09c2981aaf6a430075f662fe23845401bb21b02 with image:/root/image/centos9_2.img in local port:10022, 1 time|
|0903_092823|It takes 20 seconds to find login:test login: |
|0903_092823|Boot 1 time: takes 20 seconds to boot up.|
|0903_092823|cmd=ssh -o ConnectTimeout=1 -o 'StrictHostKeyChecking no' -p 10022 localhost 'rm -rf file*'|
|0903_092824|cmd=scp -o 'StrictHostKeyChecking no' -P 10022 /root/bzimage_bisect/repro.sh root@localhost:/root/repro.sh|
|0903_092825|cmd=scp -o 'StrictHostKeyChecking no' -P 10022 /root/syzkaller/workdir/crashes/c8b398aee35e1e740042e5e787c7faab0fc5093a/repro.cprog root@localhost:/root/repro.c|
|0903_092827|ssh -o ConnectTimeout=1 -o 'StrictHostKeyChecking no' -p 10022 localhost 'chmod 755 /root/repro.sh'|
|0903_092827|ssh -o ConnectTimeout=1 -o 'StrictHostKeyChecking no' -p 10022 localhost '/root/repro.sh'|
|0903_092912|/var/www/html/bzimage/bzImage_d09c2981aaf6a430075f662fe23845401bb21b02 contained __split_vma:[   24.735456] WARNING: CPU: 0 PID: 732 at include/linux/maple_tree.h:733 __split_vma+0x4d7/0x1020
[   24.737159] RIP: 0010:__split_vma+0x4d7/0x1020
[   24.744036]  ? __split_vma+0x4d7/0x1020
[   24.744497]  ? __split_vma+0x4d7/0x1020
[   24.745446]  ? __split_vma+0x467/0x1020
[   24.745675]  ? __split_vma+0x4d7/0x1020
[   24.745904]  ? __split_vma+0x4d7/0x1020
[   24.746146]  ? __pfx___split_vma+0x10/0x10
[   24.759145] WARNING: CPU: 0 PID: 732 at include/linux/maple_tree.h:733 __split_vma+0x4d7/0x1020
[   24.761163] RIP: 0010:__split_vma+0x4d7/0x1020
[   24.767894]  ? __split_vma+0x4d7/0x1020
[   24.768350]  ? __split_vma+0x4d7/0x1020
[   24.769278]  ? __split_vma+0x4c2/0x1020
[   24.769506]  ? __split_vma+0x4d7/0x1020
[   24.769744]  ? __split_vma+0x4d7/0x1020
[   24.769981]  ? __pfx___split_vma+0x10/0x10, FAIL|
|0903_092912|git bisect bad d09c2981aaf6a430075f662fe23845401bb21b02|
|0903_092913||/var/www/html/bzimage/bzImage_6b2c2ed58e34d88637017cf9e178489550607096| exist, no need make|
|0903_092913|/root/image/centos9_3.img -> /root/image/centos9_2.img|
|0903_092925|Run /var/www/html/bzimage/bzImage_6b2c2ed58e34d88637017cf9e178489550607096 with image:/root/image/centos9_2.img in local port:10022, 1 time|
|0903_092946|It takes 21 seconds to find login:test login: |
|0903_092946|Boot 1 time: takes 21 seconds to boot up.|
|0903_092946|cmd=ssh -o ConnectTimeout=1 -o 'StrictHostKeyChecking no' -p 10022 localhost 'rm -rf file*'|
|0903_092947|cmd=scp -o 'StrictHostKeyChecking no' -P 10022 /root/bzimage_bisect/repro.sh root@localhost:/root/repro.sh|
|0903_092949|cmd=scp -o 'StrictHostKeyChecking no' -P 10022 /root/syzkaller/workdir/crashes/c8b398aee35e1e740042e5e787c7faab0fc5093a/repro.cprog root@localhost:/root/repro.c|
|0903_092950|ssh -o ConnectTimeout=1 -o 'StrictHostKeyChecking no' -p 10022 localhost 'chmod 755 /root/repro.sh'|
|0903_092951|ssh -o ConnectTimeout=1 -o 'StrictHostKeyChecking no' -p 10022 localhost '/root/repro.sh'|
|0903_093036|/var/www/html/bzimage/bzImage_6b2c2ed58e34d88637017cf9e178489550607096 didn't contain __split_vma: in dmesg, pass|
|0903_093036|git bisect good 6b2c2ed58e34d88637017cf9e178489550607096|
|0903_093037||/var/www/html/bzimage/bzImage_3c8e392e62b916d57d3db484f8b905f56f79d1aa| exist, no need make|
|0903_093037|/root/image/centos9_3.img -> /root/image/centos9_2.img|
|0903_093048|Run /var/www/html/bzimage/bzImage_3c8e392e62b916d57d3db484f8b905f56f79d1aa with image:/root/image/centos9_2.img in local port:10022, 1 time|
|0903_093110|It takes 22 seconds to find login:test login: |
|0903_093110|Boot 1 time: takes 22 seconds to boot up.|
|0903_093110|cmd=ssh -o ConnectTimeout=1 -o 'StrictHostKeyChecking no' -p 10022 localhost 'rm -rf file*'|
|0903_093112|cmd=scp -o 'StrictHostKeyChecking no' -P 10022 /root/bzimage_bisect/repro.sh root@localhost:/root/repro.sh|
|0903_093114|cmd=scp -o 'StrictHostKeyChecking no' -P 10022 /root/syzkaller/workdir/crashes/c8b398aee35e1e740042e5e787c7faab0fc5093a/repro.cprog root@localhost:/root/repro.c|
|0903_093116|ssh -o ConnectTimeout=1 -o 'StrictHostKeyChecking no' -p 10022 localhost 'chmod 755 /root/repro.sh'|
|0903_093116|ssh -o ConnectTimeout=1 -o 'StrictHostKeyChecking no' -p 10022 localhost '/root/repro.sh'|
|0903_093201|/var/www/html/bzimage/bzImage_3c8e392e62b916d57d3db484f8b905f56f79d1aa contained __split_vma:[   28.376390] WARNING: CPU: 1 PID: 731 at include/linux/maple_tree.h:733 __split_vma+0x4d7/0x1020
[   28.380835] RIP: 0010:__split_vma+0x4d7/0x1020
[   28.397078]  ? __split_vma+0x4d7/0x1020
[   28.398166]  ? __split_vma+0x4d7/0x1020
[   28.400423]  ? __split_vma+0x467/0x1020
[   28.401009]  ? __split_vma+0x4d7/0x1020
[   28.401558]  ? __split_vma+0x4d7/0x1020
[   28.402117]  ? __pfx___split_vma+0x10/0x10
[   28.434190] WARNING: CPU: 1 PID: 731 at include/linux/maple_tree.h:733 __split_vma+0x4d7/0x1020
[   28.439108] RIP: 0010:__split_vma+0x4d7/0x1020
[   28.455581]  ? __split_vma+0x4d7/0x1020
[   28.456727]  ? __split_vma+0x4d7/0x1020
[   28.459017]  ? __split_vma+0x4c2/0x1020
[   28.459563]  ? __split_vma+0x4d7/0x1020
[   28.460123]  ? __split_vma+0x4d7/0x1020
[   28.460759]  ? __pfx___split_vma+0x10/0x10, FAIL|
|0903_093201|git bisect bad 3c8e392e62b916d57d3db484f8b905f56f79d1aa|
|0903_093202||/var/www/html/bzimage/bzImage_3dc80ef932e2cbb5e4139a74e655d11f0807adad| exist, no need make|
|0903_093202|/root/image/centos9_3.img -> /root/image/centos9_2.img|
|0903_093215|Run /var/www/html/bzimage/bzImage_3dc80ef932e2cbb5e4139a74e655d11f0807adad with image:/root/image/centos9_2.img in local port:10022, 1 time|
|0903_093234|It takes 19 seconds to find login:test login: |
|0903_093234|Boot 1 time: takes 19 seconds to boot up.|
|0903_093234|cmd=ssh -o ConnectTimeout=1 -o 'StrictHostKeyChecking no' -p 10022 localhost 'rm -rf file*'|
|0903_093235|cmd=scp -o 'StrictHostKeyChecking no' -P 10022 /root/bzimage_bisect/repro.sh root@localhost:/root/repro.sh|
|0903_093237|cmd=scp -o 'StrictHostKeyChecking no' -P 10022 /root/syzkaller/workdir/crashes/c8b398aee35e1e740042e5e787c7faab0fc5093a/repro.cprog root@localhost:/root/repro.c|
|0903_093238|ssh -o ConnectTimeout=1 -o 'StrictHostKeyChecking no' -p 10022 localhost 'chmod 755 /root/repro.sh'|
|0903_093239|ssh -o ConnectTimeout=1 -o 'StrictHostKeyChecking no' -p 10022 localhost '/root/repro.sh'|
|0903_093324|/var/www/html/bzimage/bzImage_3dc80ef932e2cbb5e4139a74e655d11f0807adad contained __split_vma:[   24.032574] WARNING: CPU: 1 PID: 734 at include/linux/maple_tree.h:733 __split_vma+0x4d7/0x1020
[   24.034220] RIP: 0010:__split_vma+0x4d7/0x1020
[   24.040503]  ? __split_vma+0x4d7/0x1020
[   24.040922]  ? __split_vma+0x4d7/0x1020
[   24.041796]  ? __split_vma+0x467/0x1020
[   24.042006]  ? __split_vma+0x4d7/0x1020
[   24.042220]  ? __split_vma+0x4d7/0x1020
[   24.042438]  ? __pfx___split_vma+0x10/0x10
[   24.053536] WARNING: CPU: 1 PID: 734 at include/linux/maple_tree.h:733 __split_vma+0x4d7/0x1020
[   24.055401] RIP: 0010:__split_vma+0x4d7/0x1020
[   24.061665]  ? __split_vma+0x4d7/0x1020
[   24.062084]  ? __split_vma+0x4d7/0x1020
[   24.062953]  ? __split_vma+0x4c2/0x1020
[   24.063164]  ? __split_vma+0x4d7/0x1020
[   24.063377]  ? __split_vma+0x4d7/0x1020
[   24.063595]  ? __pfx___split_vma+0x10/0x10, FAIL|
|0903_093324|git bisect bad 3dc80ef932e2cbb5e4139a74e655d11f0807adad|
|0903_093325||/var/www/html/bzimage/bzImage_f88d0d4cb57c1bdde3b9e0db9ed2e57baf9cfee8| exist, no need make|
|0903_093325|/root/image/centos9_3.img -> /root/image/centos9_2.img|
|0903_093336|Run /var/www/html/bzimage/bzImage_f88d0d4cb57c1bdde3b9e0db9ed2e57baf9cfee8 with image:/root/image/centos9_2.img in local port:10022, 1 time|
|0903_093357|It takes 21 seconds to find login:test login: |
|0903_093357|Boot 1 time: takes 21 seconds to boot up.|
|0903_093357|cmd=ssh -o ConnectTimeout=1 -o 'StrictHostKeyChecking no' -p 10022 localhost 'rm -rf file*'|
|0903_093358|cmd=scp -o 'StrictHostKeyChecking no' -P 10022 /root/bzimage_bisect/repro.sh root@localhost:/root/repro.sh|
|0903_093400|cmd=scp -o 'StrictHostKeyChecking no' -P 10022 /root/syzkaller/workdir/crashes/c8b398aee35e1e740042e5e787c7faab0fc5093a/repro.cprog root@localhost:/root/repro.c|
|0903_093401|ssh -o ConnectTimeout=1 -o 'StrictHostKeyChecking no' -p 10022 localhost 'chmod 755 /root/repro.sh'|
|0903_093402|ssh -o ConnectTimeout=1 -o 'StrictHostKeyChecking no' -p 10022 localhost '/root/repro.sh'|
|0903_093447|/var/www/html/bzimage/bzImage_f88d0d4cb57c1bdde3b9e0db9ed2e57baf9cfee8 didn't contain __split_vma: in dmesg, pass|
|0903_093447|git bisect good f88d0d4cb57c1bdde3b9e0db9ed2e57baf9cfee8|
|0903_093448||/var/www/html/bzimage/bzImage_a1528ae29ef62b7fff89cb01c4f828dbfcf1c219| exist, no need make|
|0903_093448|/root/image/centos9_3.img -> /root/image/centos9_2.img|
|0903_093501|Run /var/www/html/bzimage/bzImage_a1528ae29ef62b7fff89cb01c4f828dbfcf1c219 with image:/root/image/centos9_2.img in local port:10022, 1 time|
|0903_093523|It takes 22 seconds to find login:test login: |
|0903_093523|Boot 1 time: takes 22 seconds to boot up.|
|0903_093523|cmd=ssh -o ConnectTimeout=1 -o 'StrictHostKeyChecking no' -p 10022 localhost 'rm -rf file*'|
|0903_093525|cmd=scp -o 'StrictHostKeyChecking no' -P 10022 /root/bzimage_bisect/repro.sh root@localhost:/root/repro.sh|
|0903_093527|cmd=scp -o 'StrictHostKeyChecking no' -P 10022 /root/syzkaller/workdir/crashes/c8b398aee35e1e740042e5e787c7faab0fc5093a/repro.cprog root@localhost:/root/repro.c|
|0903_093528|ssh -o ConnectTimeout=1 -o 'StrictHostKeyChecking no' -p 10022 localhost 'chmod 755 /root/repro.sh'|
|0903_093529|ssh -o ConnectTimeout=1 -o 'StrictHostKeyChecking no' -p 10022 localhost '/root/repro.sh'|
|0903_093614|/var/www/html/bzimage/bzImage_a1528ae29ef62b7fff89cb01c4f828dbfcf1c219 didn't contain __split_vma: in dmesg, pass|
|0903_093614|git bisect good a1528ae29ef62b7fff89cb01c4f828dbfcf1c219|
|0903_093615||/var/www/html/bzimage/bzImage_dbdb3b92034082379722de3296366bea4263988d| exist, no need make|
|0903_093615|/root/image/centos9_3.img -> /root/image/centos9_2.img|
|0903_093625|Run /var/www/html/bzimage/bzImage_dbdb3b92034082379722de3296366bea4263988d with image:/root/image/centos9_2.img in local port:10022, 1 time|
|0903_093647|It takes 22 seconds to find login:test login: |
|0903_093647|Boot 1 time: takes 22 seconds to boot up.|
|0903_093647|cmd=ssh -o ConnectTimeout=1 -o 'StrictHostKeyChecking no' -p 10022 localhost 'rm -rf file*'|
|0903_093648|cmd=scp -o 'StrictHostKeyChecking no' -P 10022 /root/bzimage_bisect/repro.sh root@localhost:/root/repro.sh|
|0903_093650|cmd=scp -o 'StrictHostKeyChecking no' -P 10022 /root/syzkaller/workdir/crashes/c8b398aee35e1e740042e5e787c7faab0fc5093a/repro.cprog root@localhost:/root/repro.c|
|0903_093651|ssh -o ConnectTimeout=1 -o 'StrictHostKeyChecking no' -p 10022 localhost 'chmod 755 /root/repro.sh'|
|0903_093652|ssh -o ConnectTimeout=1 -o 'StrictHostKeyChecking no' -p 10022 localhost '/root/repro.sh'|
|0903_093737|/var/www/html/bzimage/bzImage_dbdb3b92034082379722de3296366bea4263988d didn't contain __split_vma: in dmesg, pass|
|0903_093737|git bisect good dbdb3b92034082379722de3296366bea4263988d|
|0903_093738||/var/www/html/bzimage/bzImage_da12f28f0b43c344a61027494fd02b2af73d5373| exist, no need make|
|0903_093738|/root/image/centos9_3.img -> /root/image/centos9_2.img|
|0903_093747|Run /var/www/html/bzimage/bzImage_da12f28f0b43c344a61027494fd02b2af73d5373 with image:/root/image/centos9_2.img in local port:10022, 1 time|
|0903_093810|It takes 22 seconds to find login:test login: |
|0903_093810|Boot 1 time: takes 22 seconds to boot up.|
|0903_093810|cmd=ssh -o ConnectTimeout=1 -o 'StrictHostKeyChecking no' -p 10022 localhost 'rm -rf file*'|
|0903_093811|cmd=scp -o 'StrictHostKeyChecking no' -P 10022 /root/bzimage_bisect/repro.sh root@localhost:/root/repro.sh|
|0903_093813|cmd=scp -o 'StrictHostKeyChecking no' -P 10022 /root/syzkaller/workdir/crashes/c8b398aee35e1e740042e5e787c7faab0fc5093a/repro.cprog root@localhost:/root/repro.c|
|0903_093814|ssh -o ConnectTimeout=1 -o 'StrictHostKeyChecking no' -p 10022 localhost 'chmod 755 /root/repro.sh'|
|0903_093815|ssh -o ConnectTimeout=1 -o 'StrictHostKeyChecking no' -p 10022 localhost '/root/repro.sh'|
|0903_093900|/var/www/html/bzimage/bzImage_da12f28f0b43c344a61027494fd02b2af73d5373 didn't contain __split_vma: in dmesg, pass|
|0903_093900|git bisect good da12f28f0b43c344a61027494fd02b2af73d5373|
|0903_093901||/var/www/html/bzimage/bzImage_f4704d4e07bb8d51d2d8888ecd1ad5d903f19445| exist, no need make|
|0903_093901|/root/image/centos9_3.img -> /root/image/centos9_2.img|
|0903_093912|Run /var/www/html/bzimage/bzImage_f4704d4e07bb8d51d2d8888ecd1ad5d903f19445 with image:/root/image/centos9_2.img in local port:10022, 1 time|
|0903_093932|It takes 20 seconds to find login:test login: |
|0903_093932|Boot 1 time: takes 20 seconds to boot up.|
|0903_093932|cmd=ssh -o ConnectTimeout=1 -o 'StrictHostKeyChecking no' -p 10022 localhost 'rm -rf file*'|
|0903_093933|cmd=scp -o 'StrictHostKeyChecking no' -P 10022 /root/bzimage_bisect/repro.sh root@localhost:/root/repro.sh|
|0903_093935|cmd=scp -o 'StrictHostKeyChecking no' -P 10022 /root/syzkaller/workdir/crashes/c8b398aee35e1e740042e5e787c7faab0fc5093a/repro.cprog root@localhost:/root/repro.c|
|0903_093936|ssh -o ConnectTimeout=1 -o 'StrictHostKeyChecking no' -p 10022 localhost 'chmod 755 /root/repro.sh'|
|0903_093937|ssh -o ConnectTimeout=1 -o 'StrictHostKeyChecking no' -p 10022 localhost '/root/repro.sh'|
|0903_094022|/var/www/html/bzimage/bzImage_f4704d4e07bb8d51d2d8888ecd1ad5d903f19445 contained __split_vma:[   25.062252] WARNING: CPU: 0 PID: 732 at include/linux/maple_tree.h:733 __split_vma+0x4d7/0x1020
[   25.065315] RIP: 0010:__split_vma+0x4d7/0x1020
[   25.073565]  ? __split_vma+0x4d7/0x1020
[   25.074060]  ? __split_vma+0x4d7/0x1020
[   25.075060]  ? __split_vma+0x467/0x1020
[   25.075301]  ? __split_vma+0x4d7/0x1020
[   25.075550]  ? __split_vma+0x4d7/0x1020
[   25.075823]  ? __pfx___split_vma+0x10/0x10
[   25.089204] WARNING: CPU: 0 PID: 732 at include/linux/maple_tree.h:733 __split_vma+0x4d7/0x1020
[   25.091377] RIP: 0010:__split_vma+0x4d7/0x1020
[   25.099842]  ? __split_vma+0x4d7/0x1020
[   25.100956]  ? __split_vma+0x4d7/0x1020
[   25.102724]  ? __split_vma+0x4c2/0x1020
[   25.103120]  ? __split_vma+0x4d7/0x1020
[   25.103535]  ? __split_vma+0x4d7/0x1020
[   25.104064]  ? __pfx___split_vma+0x10/0x10, FAIL|
|0903_094022|git bisect bad f4704d4e07bb8d51d2d8888ecd1ad5d903f19445|
|0903_094022||/var/www/html/bzimage/bzImage_3483c95414f92248129371a1790921486b507e26| exist, no need make|
|0903_094022|/root/image/centos9_3.img -> /root/image/centos9_2.img|
|0903_094033|Run /var/www/html/bzimage/bzImage_3483c95414f92248129371a1790921486b507e26 with image:/root/image/centos9_2.img in local port:10022, 1 time|
|0903_094055|It takes 22 seconds to find login:test login: |
|0903_094055|Boot 1 time: takes 22 seconds to boot up.|
|0903_094055|cmd=ssh -o ConnectTimeout=1 -o 'StrictHostKeyChecking no' -p 10022 localhost 'rm -rf file*'|
|0903_094056|cmd=scp -o 'StrictHostKeyChecking no' -P 10022 /root/bzimage_bisect/repro.sh root@localhost:/root/repro.sh|
|0903_094058|cmd=scp -o 'StrictHostKeyChecking no' -P 10022 /root/syzkaller/workdir/crashes/c8b398aee35e1e740042e5e787c7faab0fc5093a/repro.cprog root@localhost:/root/repro.c|
|0903_094059|ssh -o ConnectTimeout=1 -o 'StrictHostKeyChecking no' -p 10022 localhost 'chmod 755 /root/repro.sh'|
|0903_094100|ssh -o ConnectTimeout=1 -o 'StrictHostKeyChecking no' -p 10022 localhost '/root/repro.sh'|
|0903_094145|/var/www/html/bzimage/bzImage_3483c95414f92248129371a1790921486b507e26 contained __split_vma:[   27.598118] WARNING: CPU: 1 PID: 735 at include/linux/maple_tree.h:733 __split_vma+0x4d7/0x1020
[   27.601668] RIP: 0010:__split_vma+0x4d7/0x1020
[   27.611788]  ? __split_vma+0x4d7/0x1020
[   27.612378]  ? __split_vma+0x4d7/0x1020
[   27.613732]  ? __split_vma+0x467/0x1020
[   27.614065]  ? __split_vma+0x4d7/0x1020
[   27.614365]  ? __split_vma+0x4d7/0x1020
[   27.614676]  ? __pfx___split_vma+0x10/0x10
[   27.630750] WARNING: CPU: 1 PID: 735 at include/linux/maple_tree.h:733 __split_vma+0x4d7/0x1020
[   27.633384] RIP: 0010:__split_vma+0x4d7/0x1020
[   27.643122]  ? __split_vma+0x4d7/0x1020
[   27.643711]  ? __split_vma+0x4d7/0x1020
[   27.644922]  ? __split_vma+0x4c2/0x1020
[   27.645218]  ? __split_vma+0x4d7/0x1020
[   27.645546]  ? __split_vma+0x4d7/0x1020
[   27.646238]  ? __pfx___split_vma+0x10/0x10, FAIL|
|0903_094145|git bisect bad 3483c95414f92248129371a1790921486b507e26|
|0903_094145|Bisect PASS: find bad commit: 3483c95414f92248129371a1790921486b507e26 is the first bad commit
commit 3483c95414f92248129371a1790921486b507e26
Author: Liam R. Howlett <Liam.Howlett@Oracle.com>
Date:   Fri Aug 30 00:00:55 2024 -0400

    mm: change failure of MAP_FIXED to restoring the gap on failure
    
    Prior to call_mmap(), the vmas that will be replaced need to clear the way
    for what may happen in the call_mmap().  This clean up work includes
    clearing the ptes and calling the close() vm_ops.  Some users do more
    setup than can be restored by calling the vm_ops open() function.  It is
    safer to store the gap in the vma tree in these cases.
    
    That is to say that the failure scenario that existed before the MAP_FIXED
    gap exposure is restored as it is safer than trying to undo a partial
    mapping.
    
    Since abort_munmap_vmas() is only reattaching vmas with this change, the
    function is renamed to reattach_vmas().
    
    There is also a secondary failure that may occur if there is not enough
    memory to store the gap.  In this case, the vmas are reattached and
    resources freed.  If the system cannot complete the call_mmap() and fails
    to allocate with GFP_KERNEL, then the system will print a warning about
    the failure.
    
    Link: https://lkml.kernel.org/r/20240830040101.822209-16-Liam.Howlett@oracle.com
    Signed-off-by: Liam R. Howlett <Liam.Howlett@Oracle.com>
    Reviewed-by: Lorenzo Stoakes <lorenzo.stoakes@oracle.com>
    Cc: Bert Karwatzki <spasswolf@web.de>
    Cc: Jeff Xu <jeffxu@chromium.org>
    Cc: Jiri Olsa <olsajiri@gmail.com>
    Cc: Kees Cook <kees@kernel.org>
    Cc: Lorenzo Stoakes <lstoakes@gmail.com>
    Cc: Mark Brown <broonie@kernel.org>
    Cc: Matthew Wilcox <willy@infradead.org>
    Cc: "Paul E. McKenney" <paulmck@kernel.org>
    Cc: Paul Moore <paul@paul-moore.com>
    Cc: Sidhartha Kumar <sidhartha.kumar@oracle.com>
    Cc: Suren Baghdasaryan <surenb@google.com>
    Cc: Vlastimil Babka <vbabka@suse.cz>
    Signed-off-by: Andrew Morton <akpm@linux-foundation.org>

 mm/mmap.c |  3 +--
 mm/vma.c  |  4 ++--
 mm/vma.h  | 80 +++++++++++++++++++++++++++++++++++++++++++++------------------
 3 files changed, 61 insertions(+), 26 deletions(-)|
|0903_094145|cmd=git bisect log >> /var/www/html/bzimage/bi.log|
|0903_094145|cmd=git bisect log >> /var/www/html/bzimage/0903_092137___split_vma/bisect.log|
git bisect start
# status: waiting for both good and bad commits
# bad: [ecc768a84f0b8e631986f9ade3118fa37852fef0] Add linux-next specific files for 20240902
git bisect bad ecc768a84f0b8e631986f9ade3118fa37852fef0
# status: waiting for good commit(s), bad commit known
# good: [431c1646e1f86b949fa3685efc50b660a364c2b6] Linux 6.11-rc6
git bisect good 431c1646e1f86b949fa3685efc50b660a364c2b6
# bad: [ef4c04432ff7e0b828a0fb78a49719740d5d35b3] Merge branch 'master' of git://git.kernel.org/pub/scm/linux/kernel/git/bluetooth/bluetooth-next.git
git bisect bad ef4c04432ff7e0b828a0fb78a49719740d5d35b3
# bad: [39a1f4f4601c391e666e1aa837987e8658ce779c] Merge branch 'for-next' of git://git.kernel.org/pub/scm/linux/kernel/git/deller/parisc-linux.git
git bisect bad 39a1f4f4601c391e666e1aa837987e8658ce779c
# bad: [50339c513aa60323d6a155157184b09e0baa19a6] Merge branch 'for-next' of git://git.kernel.org/pub/scm/linux/kernel/git/amlogic/linux.git
git bisect bad 50339c513aa60323d6a155157184b09e0baa19a6
# bad: [d09c2981aaf6a430075f662fe23845401bb21b02] foo
git bisect bad d09c2981aaf6a430075f662fe23845401bb21b02
# good: [6b2c2ed58e34d88637017cf9e178489550607096] err.h: add ERR_PTR_PCPU(), PTR_ERR_PCPU() and IS_ERR_PCPU() macros
git bisect good 6b2c2ed58e34d88637017cf9e178489550607096
# bad: [3c8e392e62b916d57d3db484f8b905f56f79d1aa] mm/damon/core: replace per-quota regions priority histogram buffer usage with per-context one
git bisect bad 3c8e392e62b916d57d3db484f8b905f56f79d1aa
# bad: [3dc80ef932e2cbb5e4139a74e655d11f0807adad] mm: move may_expand_vm() check in mmap_region()
git bisect bad 3dc80ef932e2cbb5e4139a74e655d11f0807adad
# good: [f88d0d4cb57c1bdde3b9e0db9ed2e57baf9cfee8] mm: remove page_has_private()
git bisect good f88d0d4cb57c1bdde3b9e0db9ed2e57baf9cfee8
# good: [a1528ae29ef62b7fff89cb01c4f828dbfcf1c219] mm/vma: introduce abort_munmap_vmas()
git bisect good a1528ae29ef62b7fff89cb01c4f828dbfcf1c219
# good: [dbdb3b92034082379722de3296366bea4263988d] mm/vma: support vma == NULL in init_vma_munmap()
git bisect good dbdb3b92034082379722de3296366bea4263988d
# good: [da12f28f0b43c344a61027494fd02b2af73d5373] mm/mmap: avoid zeroing vma tree in mmap_region()
git bisect good da12f28f0b43c344a61027494fd02b2af73d5373
# bad: [f4704d4e07bb8d51d2d8888ecd1ad5d903f19445] mm/mmap: use PHYS_PFN in mmap_region()
git bisect bad f4704d4e07bb8d51d2d8888ecd1ad5d903f19445
# bad: [3483c95414f92248129371a1790921486b507e26] mm: change failure of MAP_FIXED to restoring the gap on failure
git bisect bad 3483c95414f92248129371a1790921486b507e26
# first bad commit: [3483c95414f92248129371a1790921486b507e26] mm: change failure of MAP_FIXED to restoring the gap on failure
|0903_094145|/var/www/html/bzimage/bzImage_ecc768a84f0b8e631986f9ade3118fa37852fef0_3483c95414f92248129371a1790921486b507e26_revert exist, no need make|
|0903_094145|1st base commit:431c1646e1f86b949fa3685efc50b660a364c2b6!|
|0903_094145|/root/image/centos9_3.img -> /root/image/centos9_2.img|
|0903_094156|Run /var/www/html/bzimage/bzImage_ecc768a84f0b8e631986f9ade3118fa37852fef0_3483c95414f92248129371a1790921486b507e26_revert with image:/root/image/centos9_2.img in local port:10022, 1 time|
|0903_094214|It takes 18 seconds to find login:test login: |
|0903_094214|Boot 1 time: takes 18 seconds to boot up.|
|0903_094214|cmd=ssh -o ConnectTimeout=1 -o 'StrictHostKeyChecking no' -p 10022 localhost 'rm -rf file*'|
|0903_094215|cmd=scp -o 'StrictHostKeyChecking no' -P 10022 /root/bzimage_bisect/repro.sh root@localhost:/root/repro.sh|
|0903_094217|cmd=scp -o 'StrictHostKeyChecking no' -P 10022 /root/syzkaller/workdir/crashes/c8b398aee35e1e740042e5e787c7faab0fc5093a/repro.cprog root@localhost:/root/repro.c|
|0903_094218|ssh -o ConnectTimeout=1 -o 'StrictHostKeyChecking no' -p 10022 localhost 'chmod 755 /root/repro.sh'|
|0903_094218|ssh -o ConnectTimeout=1 -o 'StrictHostKeyChecking no' -p 10022 localhost '/root/repro.sh'|
|0903_094304|/var/www/html/bzimage/bzImage_ecc768a84f0b8e631986f9ade3118fa37852fef0_3483c95414f92248129371a1790921486b507e26_revert didn't contain __split_vma: in dmesg, pass|
|0903_094304|Bisect successfully! ecc768a84f0b8e631986f9ade3118fa37852fef0_3483c95414f92248129371a1790921486b507e26_revert bzimage passed!|
|0903_094304|cmd=cd /root/linux-next|
|0903_094304|ISSUE:c8b398aee35e1e740042e5e787c7faab0fc5093a  EMAIL status after check:Email_not_sent|
