c[?7l[2J[0mSeaBIOS (version rel-1.16.0-0-gd239552ce722-prebuilt.qemu.org)


iPXE (http://ipxe.org) 00:03.0 CA00 PCI2.10 PnP PMM+7FF91000+7FEF1000 CA00
Press Ctrl-B to configure iPXE (PCI 00:03.0)...                                                                               


Booting from ROM...
c[?7l[2J[    0.000000] Linux version 6.11.0-rc4-dbdb3b920340+ (root@p-mtlp04) (gcc (GCC) 11.5.0 20240719 (Red Hat 11.5.0-2), GNU ld version 2.35.2-54.el9) #1 SMP PREEMPT_DYNAMIC Tue Sep  3 05:40:54 CST 2024
[    0.000000] Command line: console=ttyS0 root=/dev/sda earlyprintk=serial net.ifnames=0 plymouth.enable=0
[    0.000000] KERNEL supported cpus:
[    0.000000]   Intel GenuineIntel
[    0.000000]   AMD AuthenticAMD
[    0.000000]   Hygon HygonGenuine
[    0.000000]   Centaur CentaurHauls
[    0.000000]   zhaoxin   Shanghai  
[    0.000000] x86/split lock detection: #DB: warning on user-space bus_locks
[    0.000000] BIOS-provided physical RAM map:
[    0.000000] BIOS-e820: [mem 0x0000000000000000-0x000000000009fbff] usable
[    0.000000] BIOS-e820: [mem 0x000000000009fc00-0x000000000009ffff] reserved
[    0.000000] BIOS-e820: [mem 0x00000000000f0000-0x00000000000fffff] reserved
[    0.000000] BIOS-e820: [mem 0x0000000000100000-0x000000007ffdffff] usable
[    0.000000] BIOS-e820: [mem 0x000000007ffe0000-0x000000007fffffff] reserved
[    0.000000] BIOS-e820: [mem 0x00000000feffc000-0x00000000feffffff] reserved
[    0.000000] BIOS-e820: [mem 0x00000000fffc0000-0x00000000ffffffff] reserved
[    0.000000] printk: legacy bootconsole [earlyser0] enabled
[    0.000000] NX (Execute Disable) protection: active
[    0.000000] APIC: Static calls initialized
[    0.000000] SMBIOS 2.8 present.
[    0.000000] DMI: QEMU Standard PC (i440FX + PIIX, 1996), BIOS rel-1.16.0-0-gd239552ce722-prebuilt.qemu.org 04/01/2014
[    0.000000] DMI: Memory slots populated: 1/1
[    0.000000] Hypervisor detected: KVM
[    0.000000] kvm-clock: Using msrs 4b564d01 and 4b564d00
[    0.000003] kvm-clock: using sched offset of 1024667976 cycles
[    0.000534] clocksource: kvm-clock: mask: 0xffffffffffffffff max_cycles: 0x1cd42e4dffb, max_idle_ns: 881590591483 ns
[    0.002196] tsc: Detected 2995.200 MHz processor
[    0.011482] last_pfn = 0x7ffe0 max_arch_pfn = 0x400000000
[    0.012076] MTRR map: 4 entries (3 fixed + 1 variable; max 19), built from 8 variable MTRRs
[    0.012950] x86/PAT: Configuration [0-7]: WB  WC  UC- UC  WB  WP  UC- WT  
[    0.025273] found SMP MP-table at [mem 0x000f5ba0-0x000f5baf]
[    0.025936] Using GB pages for direct mapping
[    0.029639] ACPI: Early table checksum verification disabled
[    0.030228] ACPI: RSDP 0x00000000000F59C0 000014 (v00 BOCHS )
[    0.030836] ACPI: RSDT 0x000000007FFE1951 000034 (v01 BOCHS  BXPC     00000001 BXPC 00000001)
[    0.031726] ACPI: FACP 0x000000007FFE17FD 000074 (v01 BOCHS  BXPC     00000001 BXPC 00000001)
[    0.032633] ACPI: DSDT 0x000000007FFE0040 0017BD (v01 BOCHS  BXPC     00000001 BXPC 00000001)
[    0.033518] ACPI: FACS 0x000000007FFE0000 000040
[    0.034039] ACPI: APIC 0x000000007FFE1871 000080 (v01 BOCHS  BXPC     00000001 BXPC 00000001)
[    0.034916] ACPI: HPET 0x000000007FFE18F1 000038 (v01 BOCHS  BXPC     00000001 BXPC 00000001)
[    0.035812] ACPI: WAET 0x000000007FFE1929 000028 (v01 BOCHS  BXPC     00000001 BXPC 00000001)
[    0.036697] ACPI: Reserving FACP table memory at [mem 0x7ffe17fd-0x7ffe1870]
[    0.037421] ACPI: Reserving DSDT table memory at [mem 0x7ffe0040-0x7ffe17fc]
[    0.038169] ACPI: Reserving FACS table memory at [mem 0x7ffe0000-0x7ffe003f]
[    0.038875] ACPI: Reserving APIC table memory at [mem 0x7ffe1871-0x7ffe18f0]
[    0.039582] ACPI: Reserving HPET table memory at [mem 0x7ffe18f1-0x7ffe1928]
[    0.040292] ACPI: Reserving WAET table memory at [mem 0x7ffe1929-0x7ffe1950]
[    0.041725] No NUMA configuration found
[    0.042153] Faking a node at [mem 0x0000000000000000-0x000000007ffdffff]
[    0.042873] NODE_DATA(0) allocated [mem 0x7ffb5180-0x7ffdfdff]
[    0.045402] Zone ranges:
[    0.045672]   DMA      [mem 0x0000000000001000-0x0000000000ffffff]
[    0.046331]   DMA32    [mem 0x0000000001000000-0x000000007ffdffff]
[    0.046961]   Normal   empty
[    0.047259]   Device   empty
[    0.047557] Movable zone start for each node
[    0.048005] Early memory node ranges
[    0.048367]   node   0: [mem 0x0000000000001000-0x000000000009efff]
[    0.049003]   node   0: [mem 0x0000000000100000-0x000000007ffdffff]
[    0.049626] Initmem setup node 0 [mem 0x0000000000001000-0x000000007ffdffff]
[    0.050888] On node 0, zone DMA: 1 pages in unavailable ranges
[    0.051888] On node 0, zone DMA: 97 pages in unavailable ranges
[    0.105132] On node 0, zone DMA32: 32 pages in unavailable ranges
[    0.374476] kasan: KernelAddressSanitizer initialized
[    0.375410] ACPI: PM-Timer IO Port: 0x608
[    0.375873] ACPI: LAPIC_NMI (acpi_id[0xff] dfl dfl lint[0x1])
[    0.376542] IOAPIC[0]: apic_id 0, version 17, address 0xfec00000, GSI 0-23
[    0.377283] ACPI: INT_SRC_OVR (bus 0 bus_irq 0 global_irq 2 dfl dfl)
[    0.377939] ACPI: INT_SRC_OVR (bus 0 bus_irq 5 global_irq 5 high level)
[    0.378613] ACPI: INT_SRC_OVR (bus 0 bus_irq 9 global_irq 9 high level)
[    0.379289] ACPI: INT_SRC_OVR (bus 0 bus_irq 10 global_irq 10 high level)
[    0.379988] ACPI: INT_SRC_OVR (bus 0 bus_irq 11 global_irq 11 high level)
[    0.380694] ACPI: Using ACPI (MADT) for SMP configuration information
[    0.381345] ACPI: HPET id: 0x8086a201 base: 0xfed00000
[    0.381880] TSC deadline timer available
[    0.382286] CPU topo: Max. logical packages:   1
[    0.382752] CPU topo: Max. logical dies:       1
[    0.383219] CPU topo: Max. dies per package:   1
[    0.383694] CPU topo: Max. threads per core:   1
[    0.384165] CPU topo: Num. cores per package:     2
[    0.384658] CPU topo: Num. threads per package:   2
[    0.385150] CPU topo: Allowing 2 present CPUs plus 0 hotplug CPUs
[    0.385821] kvm-guest: APIC: eoi() replaced with kvm_guest_apic_eoi_write()
[    0.386557] kvm-guest: KVM setup pv remote TLB flush
[    0.387052] kvm-guest: setup PV sched yield
[    0.387524] PM: hibernation: Registered nosave memory: [mem 0x00000000-0x00000fff]
[    0.388292] PM: hibernation: Registered nosave memory: [mem 0x0009f000-0x0009ffff]
[    0.389045] PM: hibernation: Registered nosave memory: [mem 0x000a0000-0x000effff]
[    0.389816] PM: hibernation: Registered nosave memory: [mem 0x000f0000-0x000fffff]
[    0.390571] [mem 0x80000000-0xfeffbfff] available for PCI devices
[    0.391179] Booting paravirtualized kernel on KVM
[    0.391660] clocksource: refined-jiffies: mask: 0xffffffff max_cycles: 0xffffffff, max_idle_ns: 7645519600211568 ns
[    0.392778] setup_percpu: NR_CPUS:8192 nr_cpumask_bits:2 nr_cpu_ids:2 nr_node_ids:1
[    0.422808] percpu: Embedded 85 pages/cpu s311296 r8192 d28672 u1048576
[    0.423733] kvm-guest: PV spinlocks enabled
[    0.424203] PV qspinlock hash table entries: 256 (order: 0, 4096 bytes, linear)
[    0.424961] Kernel command line: net.ifnames=0 console=ttyS0 root=/dev/sda earlyprintk=serial net.ifnames=0 plymouth.enable=0
[    0.426400] random: crng init done
[    0.428443] Dentry cache hash table entries: 262144 (order: 9, 2097152 bytes, linear)
[    0.430248] Inode-cache hash table entries: 131072 (order: 8, 1048576 bytes, linear)
[    0.431388] Fallback order for Node 0: 0 
[    0.431401] Built 1 zonelists, mobility grouping on.  Total pages: 524158
[    0.432485] Policy zone: DMA32
[    0.432779] mem auto-init: stack:off, heap alloc:off, heap free:off
[    0.433388] stackdepot: allocating hash table via alloc_large_system_hash
[    0.434031] stackdepot hash table entries: 1048576 (order: 12, 16777216 bytes, linear)
[    0.517342] SLUB: HWalign=64, Order=0-3, MinObjects=0, CPUs=2, Nodes=1
[    0.518030] kmemleak: Kernel memory leak detector disabled
[    0.518769] ftrace: allocating 72169 entries in 282 pages
[    0.548265] ftrace: allocated 282 pages with 4 groups
[    0.553152] Dynamic Preempt: voluntary
[    0.554312] Running RCU self tests
[    0.554629] Running RCU synchronous self tests
[    0.555059] rcu: Preemptible hierarchical RCU implementation.
[    0.555611] rcu: 	RCU lockdep checking is enabled.
[    0.556085] rcu: 	RCU restricting CPUs from NR_CPUS=8192 to nr_cpu_ids=2.
[    0.556740] 	Trampoline variant of Tasks RCU enabled.
[    0.557223] 	Rude variant of Tasks RCU enabled.
[    0.557659] 	Tracing variant of Tasks RCU enabled.
[    0.558118] rcu: RCU calculated value of scheduler-enlistment delay is 25 jiffies.
[    0.558841] rcu: Adjusting geometry for rcu_fanout_leaf=16, nr_cpu_ids=2
[    0.559574] Running RCU synchronous self tests
[    0.560010] RCU Tasks: Setting shift to 1 and lim to 1 rcu_task_cb_adjust=1.
[    0.560694] RCU Tasks Rude: Setting shift to 1 and lim to 1 rcu_task_cb_adjust=1.
[    0.561425] RCU Tasks Trace: Setting shift to 1 and lim to 1 rcu_task_cb_adjust=1.
[    0.617959] NR_IRQS: 524544, nr_irqs: 440, preallocated irqs: 16
[    0.619379] rcu: srcu_init: Setting srcu_struct sizes based on contention.
[    0.628989] Console: colour VGA+ 80x25
[    0.629489] printk: legacy console [ttyS0] enabled
[    0.629489] printk: legacy console [ttyS0] enabled
[    0.630424] printk: legacy bootconsole [earlyser0] disabled
[    0.630424] printk: legacy bootconsole [earlyser0] disabled
[    0.631556] Lock dependency validator: Copyright (c) 2006 Red Hat, Inc., Ingo Molnar
[    0.632317] ... MAX_LOCKDEP_SUBCLASSES:  8
[    0.632726] ... MAX_LOCK_DEPTH:          48
[    0.633148] ... MAX_LOCKDEP_KEYS:        8192
[    0.633582] ... CLASSHASH_SIZE:          4096
[    0.634024] ... MAX_LOCKDEP_ENTRIES:     524288
[    0.634478] ... MAX_LOCKDEP_CHAINS:      524288
[    0.634930] ... CHAINHASH_SIZE:          262144
[    0.635380]  memory used by lock dependency info: 54145 kB
[    0.635925]  memory used for stack traces: 4224 kB
[    0.636400]  per task-struct memory footprint: 1920 bytes
[    0.637079] ACPI: Core revision 20240322
[    0.638173] clocksource: hpet: mask: 0xffffffff max_cycles: 0xffffffff, max_idle_ns: 19112604467 ns
[    0.639366] APIC: Switch to symmetric I/O mode setup
[    0.640064] x2apic enabled
[    0.640803] APIC: Switched APIC routing to: physical x2apic
[    0.641366] kvm-guest: APIC: send_IPI_mask() replaced with kvm_send_ipi_mask()
[    0.642087] kvm-guest: APIC: send_IPI_mask_allbutself() replaced with kvm_send_ipi_mask_allbutself()
[    0.642982] kvm-guest: setup PV IPIs
[    0.644919] ..TIMER: vector=0x30 apic1=0 pin1=2 apic2=-1 pin2=-1
[    0.645555] clocksource: tsc-early: mask: 0xffffffffffffffff max_cycles: 0x2b2c8ec87c7, max_idle_ns: 440795278598 ns
[    0.646619] Calibrating delay loop (skipped) preset value.. 5990.40 BogoMIPS (lpj=11980800)
[    0.650737] x86/cpu: User Mode Instruction Prevention (UMIP) activated
[    0.651512] Last level iTLB entries: 4KB 0, 2MB 0, 4MB 0
[    0.652048] Last level dTLB entries: 4KB 0, 2MB 0, 4MB 0, 1GB 0
[    0.652660] Spectre V1 : Mitigation: usercopy/swapgs barriers and __user pointer sanitization
[    0.653503] Spectre V2 : WARNING: Unprivileged eBPF is enabled with eIBRS on, data leaks possible via Spectre v2 BHB attacks!
[    0.654607] Spectre V2 : Spectre BHI mitigation: SW BHB clearing on syscall and VM exit
[    0.655405] Spectre V2 : Mitigation: Enhanced / Automatic IBRS
[    0.655985] Spectre V2 : Spectre v2 / SpectreRSB mitigation: Filling RSB on context switch
[    0.656801] Spectre V2 : Spectre v2 / PBRSB-eIBRS: Retire a single CALL on VMEXIT
[    0.657541] Spectre V2 : mitigation: Enabling conditional Indirect Branch Prediction Barrier
[    0.658609] Speculative Store Bypass: Mitigation: Speculative Store Bypass disabled via prctl
[    0.659450] MMIO Stale Data: Unknown: No mitigations
[    0.659981] x86/fpu: Supporting XSAVE feature 0x001: 'x87 floating point registers'
[    0.660759] x86/fpu: Supporting XSAVE feature 0x002: 'SSE registers'
[    0.661410] x86/fpu: Supporting XSAVE feature 0x004: 'AVX registers'
[    0.662053] x86/fpu: Supporting XSAVE feature 0x200: 'Protection Keys User registers'
[    0.662604] x86/fpu: xstate_offset[2]:  576, xstate_sizes[2]:  256
[    0.663236] x86/fpu: xstate_offset[9]:  832, xstate_sizes[9]:    8
[    0.663861] x86/fpu: Enabled xstate features 0x207, context size is 840 bytes, using 'compacted' format.
[    0.823299] Freeing SMP alternatives memory: 56K
[    0.823813] pid_max: default: 32768 minimum: 301
[    0.824633] LSM: initializing lsm=capability,yama,ima,evm
[    0.825224] Yama: becoming mindful.
[    0.826073] Mount-cache hash table entries: 4096 (order: 3, 32768 bytes, linear)
[    0.826615] Mountpoint-cache hash table entries: 4096 (order: 3, 32768 bytes, linear)
[    0.830894] Running RCU synchronous self tests
[    0.831374] Running RCU synchronous self tests
[    0.832395] smpboot: CPU0: Intel(R) Core(TM) Ultra 7 155H (family: 0x6, model: 0xaa, stepping: 0x4)
[    0.834598] Running RCU Tasks wait API self tests
[    0.934771] Running RCU Tasks Rude wait API self tests
[    0.935899] Running RCU Tasks Trace wait API self tests
[    0.936830] Performance Events: unsupported p6 CPU model 170 no PMU driver, software events only.
[    0.938294] signal: max sigframe size: 3632
[    0.939042] rcu: Hierarchical SRCU implementation.
[    0.939778] rcu: 	Max phase no-delay instances is 1000.
[    0.941182] Timer migration: 1 hierarchy levels; 8 children per group; 1 crossnode level
[    0.942802] Callback from call_rcu_tasks_trace() invoked.
[    0.949023] NMI watchdog: Perf NMI watchdog permanently disabled
[    0.950032] smp: Bringing up secondary CPUs ...
[    0.951669] smpboot: x86: Booting SMP configuration:
[    0.952192] .... node  #0, CPUs:      #1
[    0.954988] smp: Brought up 1 node, 2 CPUs
[    0.958719] smpboot: Total of 2 processors activated (11980.80 BogoMIPS)
[    0.963705] Memory: 1556820K/2096632K available (75776K kernel code, 14451K rwdata, 17192K rodata, 15336K init, 68224K bss, 532604K reserved, 0K cma-reserved)
[    0.967920] devtmpfs: initialized
[    0.968033] x86/mm: Memory block size: 128MB
[    0.987949] Running RCU synchronous self tests
[    0.988657] Running RCU synchronous self tests
[    0.990662] clocksource: jiffies: mask: 0xffffffff max_cycles: 0xffffffff, max_idle_ns: 7645041785100000 ns
[    0.991995] futex hash table entries: 512 (order: 4, 65536 bytes, linear)
[    0.994117] pinctrl core: initialized pinctrl subsystem
[    0.996217] 
[    0.996447] *************************************************************
[    0.997251] **     NOTICE NOTICE NOTICE NOTICE NOTICE NOTICE NOTICE    **
[    0.998024] **                                                         **
[    0.998607] **  IOMMU DebugFS SUPPORT HAS BEEN ENABLED IN THIS KERNEL  **
[    0.999268] **                                                         **
[    0.999895] ** This means that this kernel is built to expose internal **
[    1.000526] ** IOMMU data structures, which may compromise security on **
[    1.001154] ** your system.                                            **
[    1.001781] **                                                         **
[    1.002406] ** If you see this message and you are not debugging the   **
[    1.002604] ** kernel, report this immediately to your vendor!         **
[    1.003231] **                                                         **
[    1.003863] **     NOTICE NOTICE NOTICE NOTICE NOTICE NOTICE NOTICE    **
[    1.004488] *************************************************************
[    1.005196] PM: RTC time: 01:36:27, date: 2024-09-03
[    1.010345] NET: Registered PF_NETLINK/PF_ROUTE protocol family
[    1.012473] DMA: preallocated 256 KiB GFP_KERNEL pool for atomic allocations
[    1.013176] DMA: preallocated 256 KiB GFP_KERNEL|GFP_DMA pool for atomic allocations
[    1.013930] DMA: preallocated 256 KiB GFP_KERNEL|GFP_DMA32 pool for atomic allocations
[    1.014761] audit: initializing netlink subsys (disabled)
[    1.015340] audit: type=2000 audit(1725327387.644:1): state=initialized audit_enabled=0 res=1
[    1.021390] thermal_sys: Registered thermal governor 'fair_share'
[    1.021404] thermal_sys: Registered thermal governor 'bang_bang'
[    1.022256] thermal_sys: Registered thermal governor 'step_wise'
[    1.022613] thermal_sys: Registered thermal governor 'user_space'
[    1.023624] cpuidle: using governor ladder
[    1.024051] cpuidle: using governor menu
[    1.024051] acpiphp: ACPI Hot Plug PCI Controller Driver version: 0.5
[    1.028224] PCI: Using configuration type 1 for base access
[    1.029112] kprobes: kprobe jump-optimization is enabled. All kprobes are optimized if possible.
[    1.057729] Callback from call_rcu_tasks() invoked.
[    1.154129] Callback from call_rcu_tasks_rude() invoked.
[    1.154760] HugeTLB: registered 1.00 GiB page size, pre-allocated 0 pages
[    1.155471] HugeTLB: 16380 KiB vmemmap can be freed for a 1.00 GiB page
[    1.156158] HugeTLB: registered 2.00 MiB page size, pre-allocated 0 pages
[    1.156853] HugeTLB: 28 KiB vmemmap can be freed for a 2.00 MiB page
[    1.167781] ACPI: Added _OSI(Module Device)
[    1.168259] ACPI: Added _OSI(Processor Device)
[    1.168731] ACPI: Added _OSI(3.0 _SCP Extensions)
[    1.169223] ACPI: Added _OSI(Processor Aggregator Device)
[    1.207864] ACPI: 1 ACPI AML tables successfully acquired and loaded
[    1.218448] ACPI: Interpreter enabled
[    1.218853] ACPI: PM: (supports S0 S3 S4 S5)
[    1.219307] ACPI: Using IOAPIC for interrupt routing
[    1.220034] PCI: Using host bridge windows from ACPI; if necessary, use "pci=nocrs" and report a bug
[    1.220967] PCI: Using E820 reservations for host bridge windows
[    1.223989] ACPI: Enabled 2 GPEs in block 00 to 0F
[    1.361091] ACPI: PCI Root Bridge [PCI0] (domain 0000 [bus 00-ff])
[    1.361885] acpi PNP0A03:00: _OSC: OS supports [ASPM ClockPM Segments MSI EDR HPX-Type3]
[    1.362615] acpi PNP0A03:00: _OSC: not requesting OS control; OS requires [ExtendedConfig ASPM ClockPM MSI]
[    1.364073] acpi PNP0A03:00: fail to add MMCONFIG information, can't access extended configuration space under this bridge
[    1.375658] acpiphp: Slot [3] registered
[    1.376973] acpiphp: Slot [4] registered
[    1.377727] acpiphp: Slot [5] registered
[    1.378491] acpiphp: Slot [6] registered
[    1.378918] acpiphp: Slot [7] registered
[    1.379704] acpiphp: Slot [8] registered
[    1.380442] acpiphp: Slot [9] registered
[    1.381178] acpiphp: Slot [10] registered
[    1.381935] acpiphp: Slot [11] registered
[    1.382716] acpiphp: Slot [12] registered
[    1.383463] acpiphp: Slot [13] registered
[    1.384213] acpiphp: Slot [14] registered
[    1.384965] acpiphp: Slot [15] registered
[    1.385744] acpiphp: Slot [16] registered
[    1.386504] acpiphp: Slot [17] registered
[    1.386917] acpiphp: Slot [18] registered
[    1.387692] acpiphp: Slot [19] registered
[    1.388467] acpiphp: Slot [20] registered
[    1.389219] acpiphp: Slot [21] registered
[    1.389968] acpiphp: Slot [22] registered
[    1.390736] acpiphp: Slot [23] registered
[    1.391532] acpiphp: Slot [24] registered
[    1.392282] acpiphp: Slot [25] registered
[    1.393031] acpiphp: Slot [26] registered
[    1.393785] acpiphp: Slot [27] registered
[    1.394594] acpiphp: Slot [28] registered
[    1.395371] acpiphp: Slot [29] registered
[    1.396124] acpiphp: Slot [30] registered
[    1.396883] acpiphp: Slot [31] registered
[    1.397512] PCI host bridge to bus 0000:00
[    1.398124] pci_bus 0000:00: root bus resource [io  0x0000-0x0cf7 window]
[    1.398628] pci_bus 0000:00: root bus resource [io  0x0d00-0xffff window]
[    1.399391] pci_bus 0000:00: root bus resource [mem 0x000a0000-0x000bffff window]
[    1.400218] pci_bus 0000:00: root bus resource [mem 0x80000000-0xfebfffff window]
[    1.401044] pci_bus 0000:00: root bus resource [mem 0x100000000-0x17fffffff window]
[    1.401890] pci_bus 0000:00: root bus resource [bus 00-ff]
[    1.402738] pci 0000:00:00.0: [8086:1237] type 00 class 0x060000 conventional PCI endpoint
[    1.429112] pci 0000:00:01.0: [8086:7000] type 00 class 0x060100 conventional PCI endpoint
[    1.432715] pci 0000:00:01.1: [8086:7010] type 00 class 0x010180 conventional PCI endpoint
[    1.435351] pci 0000:00:01.1: BAR 4 [io  0xc040-0xc04f]
[    1.436642] pci 0000:00:01.1: BAR 0 [io  0x01f0-0x01f7]: legacy IDE quirk
[    1.437387] pci 0000:00:01.1: BAR 1 [io  0x03f6]: legacy IDE quirk
[    1.438067] pci 0000:00:01.1: BAR 2 [io  0x0170-0x0177]: legacy IDE quirk
[    1.438611] pci 0000:00:01.1: BAR 3 [io  0x0376]: legacy IDE quirk
[    1.440156] pci 0000:00:01.3: [8086:7113] type 00 class 0x068000 conventional PCI endpoint
[    1.441527] pci 0000:00:01.3: quirk: [io  0x0600-0x063f] claimed by PIIX4 ACPI
[    1.442326] pci 0000:00:01.3: quirk: [io  0x0700-0x070f] claimed by PIIX4 SMB
[    1.443945] pci 0000:00:02.0: [1234:1111] type 00 class 0x030000 conventional PCI endpoint
[    1.447122] pci 0000:00:02.0: BAR 0 [mem 0xfd000000-0xfdffffff pref]
[    1.450744] pci 0000:00:02.0: BAR 2 [mem 0xfebf0000-0xfebf0fff]
[    1.458147] pci 0000:00:02.0: ROM [mem 0xfebe0000-0xfebeffff pref]
[    1.459307] pci 0000:00:02.0: Video device with shadowed ROM at [mem 0x000c0000-0x000dffff]
[    1.486896] pci 0000:00:03.0: [8086:100e] type 00 class 0x020000 conventional PCI endpoint
[    1.488575] pci 0000:00:03.0: BAR 0 [mem 0xfebc0000-0xfebdffff]
[    1.489863] pci 0000:00:03.0: BAR 1 [io  0xc000-0xc03f]
[    1.493543] pci 0000:00:03.0: ROM [mem 0xfeb80000-0xfebbffff pref]
[    1.538171] ACPI: PCI: Interrupt link LNKA configured for IRQ 10
[    1.541135] ACPI: PCI: Interrupt link LNKB configured for IRQ 10
[    1.544206] ACPI: PCI: Interrupt link LNKC configured for IRQ 11
[    1.547244] ACPI: PCI: Interrupt link LNKD configured for IRQ 11
[    1.548893] ACPI: PCI: Interrupt link LNKS configured for IRQ 9
[    1.557671] iommu: Default domain type: Translated
[    1.558258] iommu: DMA domain TLB invalidation policy: lazy mode
[    1.564066] SCSI subsystem initialized
[    1.565751] ACPI: bus type USB registered
[    1.566581] usbcore: registered new interface driver usbfs
[    1.566770] usbcore: registered new interface driver hub
[    1.567503] usbcore: registered new device driver usb
[    1.568601] pps_core: LinuxPPS API ver. 1 registered
[    1.569140] pps_core: Software ver. 5.3.6 - Copyright 2005-2007 Rodolfo Giometti <giometti@linux.it>
[    1.570162] PTP clock support registered
[    1.571501] EDAC MC: Ver: 3.0.0
[    1.578156] NetLabel: Initializing
[    1.578561] NetLabel:  domain hash size = 128
[    1.578609] NetLabel:  protocols = UNLABELED CIPSOv4 CALIPSO
[    1.579660] NetLabel:  unlabeled traffic allowed by default
[    1.581527] PCI: Using ACPI for IRQ routing
[    1.582598] pci 0000:00:02.0: vgaarb: setting as boot VGA device
[    1.582598] pci 0000:00:02.0: vgaarb: bridge control possible
[    1.582598] pci 0000:00:02.0: vgaarb: VGA device added: decodes=io+mem,owns=io+mem,locks=none
[    1.582612] vgaarb: loaded
[    1.584123] hpet0: at MMIO 0xfed00000, IRQs 2, 8, 0
[    1.584680] hpet0: 3 comparators, 64-bit 100.000000 MHz counter
[    1.604511] clocksource: Switched to clocksource kvm-clock
[    1.612208] VFS: Disk quotas dquot_6.6.0
[    1.612730] VFS: Dquot-cache hash table entries: 512 (order 0, 4096 bytes)
[    1.616088] pnp: PnP ACPI init
[    1.625041] pnp: PnP ACPI: found 6 devices
[    1.656357] clocksource: acpi_pm: mask: 0xffffff max_cycles: 0xffffff, max_idle_ns: 2085701024 ns
[    1.658294] NET: Registered PF_INET protocol family
[    1.659365] IP idents hash table entries: 32768 (order: 6, 262144 bytes, linear)
[    1.662937] tcp_listen_portaddr_hash hash table entries: 1024 (order: 4, 73728 bytes, linear)
[    1.663982] Table-perturb hash table entries: 65536 (order: 6, 262144 bytes, linear)
[    1.664930] TCP established hash table entries: 16384 (order: 5, 131072 bytes, linear)
[    1.666793] TCP bind hash table entries: 16384 (order: 9, 2359296 bytes, linear)
[    1.692940] TCP: Hash tables configured (established 16384 bind 16384)
[    1.694184] UDP hash table entries: 1024 (order: 5, 163840 bytes, linear)
[    1.695153] UDP-Lite hash table entries: 1024 (order: 5, 163840 bytes, linear)
[    1.696753] NET: Registered PF_UNIX/PF_LOCAL protocol family
[    1.699236] RPC: Registered named UNIX socket transport module.
[    1.699937] RPC: Registered udp transport module.
[    1.700454] RPC: Registered tcp transport module.
[    1.700970] RPC: Registered tcp-with-tls transport module.
[    1.701568] RPC: Registered tcp NFSv4.1 backchannel transport module.
[    1.702303] pci_bus 0000:00: resource 4 [io  0x0000-0x0cf7 window]
[    1.703011] pci_bus 0000:00: resource 5 [io  0x0d00-0xffff window]
[    1.703679] pci_bus 0000:00: resource 6 [mem 0x000a0000-0x000bffff window]
[    1.704412] pci_bus 0000:00: resource 7 [mem 0x80000000-0xfebfffff window]
[    1.705143] pci_bus 0000:00: resource 8 [mem 0x100000000-0x17fffffff window]
[    1.706556] pci 0000:00:01.0: PIIX3: Enabling Passive Release
[    1.707204] pci 0000:00:00.0: Limiting direct PCI/PCI transfers
[    1.707954] PCI: CLS 0 bytes, default 64
[    1.708601] ACPI: bus type thunderbolt registered
[    1.709686] clocksource: tsc: mask: 0xffffffffffffffff max_cycles: 0x2b2c8ec87c7, max_idle_ns: 440795278598 ns
[    3.874411] Initialise system trusted keyrings
[    3.878046] Key type blacklist registered
[    3.879080] workingset: timestamp_bits=36 max_order=19 bucket_order=0
[    3.879810] zbud: loaded
[    3.885257] squashfs: version 4.0 (2009/01/31) Phillip Lougher
[    3.890598] NFS: Registering the id_resolver key type
[    3.891168] Key type id_resolver registered
[    3.891596] Key type id_legacy registered
[    3.892097] nfs4filelayout_init: NFSv4 File Layout Driver Registering...
[    3.892897] nfs4flexfilelayout_init: NFSv4 Flexfile Layout Driver Registering...
[    3.894294] fuse: init (API version 7.40)
[    3.895661] SGI XFS with ACLs, security attributes, realtime, quota, no debug enabled
[    3.899416] 9p: Installing v9fs 9p2000 file system support
[    3.914636] Key type asymmetric registered
[    3.915108] Asymmetric key parser 'x509' registered
[    3.915944] Block layer SCSI generic (bsg) driver version 0.4 loaded (major 243)
[    3.917129] io scheduler mq-deadline registered
[    3.917755] io scheduler bfq registered
[    3.919721] shpchp: Standard Hot Plug PCI Controller Driver version: 0.4
[    3.921911] IPMI message handler: version 39.2
[    3.922599] ipmi device interface
[    3.926021] input: Power Button as /devices/LNXSYSTM:00/LNXPWRBN:00/input/input0
[    3.927788] ACPI: button: Power Button [PWRF]
[    3.930938] ERST DBG: ERST support is disabled.
[    3.933815] Serial: 8250/16550 driver, 32 ports, IRQ sharing enabled
[    3.936734] 00:04: ttyS0 at I/O 0x3f8 (irq = 4, base_baud = 115200) is a 16550A
[    3.984059] Linux agpgart interface v0.103
[    3.987767] ACPI: bus type drm_connector registered
[    4.024357] brd: module loaded
[    4.046332] loop: module loaded
[    4.061687] scsi host0: ata_piix
[    4.064066] scsi host1: ata_piix
[    4.065226] ata1: PATA max MWDMA2 cmd 0x1f0 ctl 0x3f6 bmdma 0xc040 irq 14 lpm-pol 0
[    4.065997] ata2: PATA max MWDMA2 cmd 0x170 ctl 0x376 bmdma 0xc048 irq 15 lpm-pol 0
[    4.070811] tun: Universal TUN/TAP device driver, 1.6
[    4.071990] e100: Intel(R) PRO/100 Network Driver
[    4.072483] e100: Copyright(c) 1999-2006 Intel Corporation
[    4.073153] e1000: Intel(R) PRO/1000 Network Driver
[    4.073656] e1000: Copyright (c) 1999-2006 Intel Corporation.
[    4.226832] ata2: found unknown device (class 0)
[    4.228091] ata1: found unknown device (class 0)
[    4.229572] ata1.00: ATA-7: QEMU HARDDISK, 2.5+, max UDMA/100
[    4.230345] ata1.00: 17196647 sectors, multi 16: LBA48 
[    4.231732] ata2.00: ATAPI: QEMU DVD-ROM, 2.5+, max UDMA/100
[    4.235714] scsi 0:0:0:0: Direct-Access     ATA      QEMU HARDDISK    2.5+ PQ: 0 ANSI: 5
[    4.240205] scsi 0:0:0:0: Attached scsi generic sg0 type 0
[    4.243024] sd 0:0:0:0: [sda] 17196647 512-byte logical blocks: (8.80 GB/8.20 GiB)
[    4.243897] scsi 1:0:0:0: CD-ROM            QEMU     QEMU DVD-ROM     2.5+ PQ: 0 ANSI: 5
[    4.244840] sd 0:0:0:0: [sda] Write Protect is off
[    4.245697] sd 0:0:0:0: [sda] Write cache: enabled, read cache: enabled, doesn't support DPO or FUA
[    4.247261] sd 0:0:0:0: [sda] Preferred minimum I/O size 512 bytes
[    4.271642] sd 0:0:0:0: [sda] Attached SCSI disk
[    4.276605] scsi 1:0:0:0: Attached scsi generic sg1 type 5
[    6.296572] ACPI: \_SB_.LNKC: Enabled at IRQ 11
[    6.631723] e1000 0000:00:03.0 eth0: (PCI:33MHz:32-bit) 52:54:00:12:34:56
[    6.632415] e1000 0000:00:03.0 eth0: Intel(R) PRO/1000 Network Connection
[    6.633203] e1000e: Intel(R) PRO/1000 Network Driver
[    6.633668] e1000e: Copyright(c) 1999 - 2015 Intel Corporation.
[    6.634875] igb: Intel(R) Gigabit Ethernet Network Driver
[    6.635391] igb: Copyright (c) 2007-2014 Intel Corporation.
[    6.636202] PPP generic driver version 2.4.2
[    6.645874] VFIO - User Level meta-driver version: 0.3
[    6.648653] usbcore: registered new interface driver uas
[    6.649257] usbcore: registered new interface driver usb-storage
[    6.650261] i8042: PNP: PS/2 Controller [PNP0303:KBD,PNP0f13:MOU] at 0x60,0x64 irq 1,12
[    6.652471] serio: i8042 KBD port at 0x60,0x64 irq 1
[    6.653033] serio: i8042 AUX port at 0x60,0x64 irq 12
[    6.654432] mousedev: PS/2 mouse device common for all mice
[    6.659592] rtc_cmos 00:05: RTC can wake from S4
[    6.661781] input: AT Translated Set 2 keyboard as /devices/platform/i8042/serio0/input/input1
[    6.665323] rtc_cmos 00:05: registered as rtc0
[    6.665994] rtc_cmos 00:05: setting system clock to 2024-09-03T01:36:32 UTC (1725327392)
[    6.666585] input: VirtualPS/2 VMware VMMouse as /devices/platform/i8042/serio1/input/input4
[    6.668287] rtc_cmos 00:05: alarms up to one day, y3k, 242 bytes nvram, hpet irqs
[    6.669132] i2c_dev: i2c /dev entries driver
[    6.669820] device-mapper: core: CONFIG_IMA_DISABLE_HTABLE is disabled. Duplicate IMA measurements will not be recorded in the IMA log.
[    6.671008] device-mapper: uevent: version 1.0.3
[    6.671260] input: VirtualPS/2 VMware VMMouse as /devices/platform/i8042/serio1/input/input3
[    6.672063] device-mapper: ioctl: 4.48.0-ioctl (2023-03-01) initialised: dm-devel@lists.linux.dev
[    6.675928] intel_pstate: CPU model not supported
[    6.676747] sdhci: Secure Digital Host Controller Interface driver
[    6.677321] sdhci: Copyright(c) Pierre Ossman
[    6.677970] sdhci-pltfm: SDHCI platform and OF driver helper
[    6.678733] ledtrig-cpu: registered to indicate activity on CPUs
[    6.680158] drop_monitor: Initializing network drop monitor service
[    6.681357] NET: Registered PF_INET6 protocol family
[    6.688355] Segment Routing with IPv6
[    6.688824] In-situ OAM (IOAM) with IPv6
[    6.689354] NET: Registered PF_PACKET protocol family
[    6.690189] 9pnet: Installing 9P2000 support
[    6.690782] Key type dns_resolver registered
[    6.693920] IPI shorthand broadcast: enabled
[    6.765149] sched_clock: Marking stable (6744009282, 18535423)->(6795713347, -33168642)
[    6.767494] registered taskstats version 1
[    6.768705] Loading compiled-in X.509 certificates
[    6.845191] Demotion targets for Node 0: null
[    6.847733] Key type .fscrypt registered
[    6.848380] Key type fscrypt-provisioning registered
[    6.855489] Key type encrypted registered
[    6.855992] ima: No TPM chip found, activating TPM-bypass!
[    6.856559] ima: Allocated hash algorithm: sha1
[    6.857128] ima: No architecture policies found
[    6.857903] evm: Initialising EVM extended attributes:
[    6.858416] evm: security.selinux
[    6.858782] evm: security.SMACK64
[    6.859142] evm: security.SMACK64EXEC
[    6.859507] evm: security.SMACK64TRANSMUTE
[    6.859913] evm: security.SMACK64MMAP
[    6.860275] evm: security.apparmor
[    6.860613] evm: security.ima
[    6.860912] evm: security.capability
[    6.861267] evm: HMAC attrs: 0x1
[    6.866316] PM:   Magic number: 8:925:608
[    6.870972] RAS: Correctable Errors collector initialized.
[    6.872747] clk: Disabling unused clocks
[    6.873653] PM: genpd: Disabling unused power domains
[    6.875270] md: Waiting for all devices to be available before autodetect
[    6.875753] md: If you don't use raid, use raid=noautodetect
[    6.876156] md: Autodetecting RAID arrays.
[    6.876466] md: autorun ...
[    6.876674] md: ... autorun DONE.
[    6.893476] EXT4-fs (sda): mounted filesystem 088740a9-c8b4-422c-999d-a804eb68a4da ro with ordered data mode. Quota mode: none.
[    6.894474] VFS: Mounted root (ext4 filesystem) readonly on device 8:0.
[    6.897978] devtmpfs: mounted
[    6.926121] Freeing unused decrypted memory: 2028K
[    6.936949] Freeing unused kernel image (initmem) memory: 15336K
[    6.937522] Write protecting the kernel read-only data: 94208k
[    6.940879] Freeing unused kernel image (rodata/data gap) memory: 1240K
[    7.019376] x86/mm: Checked W+X mappings: passed, no W+X pages found.
[    7.019911] Run /sbin/init as init process
[    7.204932] systemd[1]: systemd 252-15.el9 running in system mode (+PAM +AUDIT +SELINUX -APPARMOR +IMA +SMACK +SECCOMP +GCRYPT +GNUTLS +OPENSSL +ACL +BLKID +CURL +ELFUTILS -FIDO2 +IDN2 -IDN -IPTC +KMOD +LIBCRYPTSETUP +LIBFDISK +PCRE2 -PWQUALITY +P11KIT -QRENCODE +TPM2 +BZIP2 +LZ4 +XZ +ZLIB +ZSTD -BPF_FRAMEWORK +XKBCOMMON +UTMP +SYSVINIT default-hierarchy=unified)
[    7.207343] systemd[1]: Detected virtualization kvm.
[    7.207712] systemd[1]: Detected architecture x86-64.

Welcome to [0;31mCentOS Stream 9[0m!

[    7.213880] systemd[1]: Hostname set to <test>.
[    7.668214] systemd-rc-local-generator[125]: /etc/rc.d/rc.local is not marked executable, skipping.
[    8.046909] systemd[1]: Queued start job for default target Multi-User System.
[    8.088782] systemd[1]: Created slice Virtual Machine and Container Slice.
[[0;32m  OK  [0m] Created slice [0;1;39mVirtual Machine and Container Slice[0m.
[    8.096822] systemd[1]: Created slice Slice /system/getty.
[[0;32m  OK  [0m] Created slice [0;1;39mSlice /system/getty[0m.
[    8.100734] systemd[1]: Created slice Slice /system/modprobe.
[[0;32m  OK  [0m] Created slice [0;1;39mSlice /system/modprobe[0m.
[    8.104702] systemd[1]: Created slice Slice /system/serial-getty.
[[0;32m  OK  [0m] Created slice [0;1;39mSlice /system/serial-getty[0m.
[    8.108582] systemd[1]: Created slice Slice /system/sshd-keygen.
[[0;32m  OK  [0m] Created slice [0;1;39mSlice /system/sshd-keygen[0m.
[    8.112352] systemd[1]: Created slice User and Session Slice.
[[0;32m  OK  [0m] Created slice [0;1;39mUser and Session Slice[0m.
[    8.114072] systemd[1]: Started Forward Password Requests to Wall Directory Watch.
[[0;32m  OK  [0m] Started [0;1;39mForward Password R…uests to Wall Directory Watch[0m.
[    8.117430] systemd[1]: Set up automount Arbitrary Executable File Formats File System Automount Point.
[[0;32m  OK  [0m] Set up automount [0;1;39mArbitrary…s File System Automount Point[0m.
[    8.119168] systemd[1]: Reached target Local Integrity Protected Volumes.
[[0;32m  OK  [0m] Reached target [0;1;39mLocal Integrity Protected Volumes[0m.
[    8.120519] systemd[1]: Reached target Slice Units.
[[0;32m  OK  [0m] Reached target [0;1;39mSlice Units[0m.
[    8.121563] systemd[1]: Reached target Swaps.
[[0;32m  OK  [0m] Reached target [0;1;39mSwaps[0m.
[    8.122517] systemd[1]: Reached target Local Verity Protected Volumes.
[[0;32m  OK  [0m] Reached target [0;1;39mLocal Verity Protected Volumes[0m.
[    8.124323] systemd[1]: Listening on Device-mapper event daemon FIFOs.
[[0;32m  OK  [0m] Listening on [0;1;39mDevice-mapper event daemon FIFOs[0m.
[    8.126693] systemd[1]: Listening on LVM2 poll daemon socket.
[[0;32m  OK  [0m] Listening on [0;1;39mLVM2 poll daemon socket[0m.
[    8.128062] systemd[1]: multipathd control socket was skipped because of an unmet condition check (ConditionPathExists=/etc/multipath.conf).
[    8.218247] systemd[1]: Listening on RPCbind Server Activation Socket.
[[0;32m  OK  [0m] Listening on [0;1;39mRPCbind Server Activation Socket[0m.
[    8.219970] systemd[1]: Reached target RPC Port Mapper.
[[0;32m  OK  [0m] Reached target [0;1;39mRPC Port Mapper[0m.
[    8.224089] systemd[1]: Listening on Process Core Dump Socket.
[[0;32m  OK  [0m] Listening on [0;1;39mProcess Core Dump Socket[0m.
[    8.225907] systemd[1]: Listening on initctl Compatibility Named Pipe.
[[0;32m  OK  [0m] Listening on [0;1;39minitctl Compatibility Named Pipe[0m.
[    8.228142] systemd[1]: Listening on Journal Socket (/dev/log).
[[0;32m  OK  [0m] Listening on [0;1;39mJournal Socket (/dev/log)[0m.
[    8.230748] systemd[1]: Listening on Journal Socket.
[[0;32m  OK  [0m] Listening on [0;1;39mJournal Socket[0m.
[    8.232801] systemd[1]: Listening on udev Control Socket.
[[0;32m  OK  [0m] Listening on [0;1;39mudev Control Socket[0m.
[    8.234414] systemd[1]: Listening on udev Kernel Socket.
[[0;32m  OK  [0m] Listening on [0;1;39mudev Kernel Socket[0m.
[    8.279179] systemd[1]: Mounting Huge Pages File System...
         Mounting [0;1;39mHuge Pages File System[0m...
[    8.292961] systemd[1]: Mounting POSIX Message Queue File System...
         Mounting [0;1;39mPOSIX Message Queue File System[0m...
[    8.308707] systemd[1]: Mounting Kernel Debug File System...
         Mounting [0;1;39mKernel Debug File System[0m...
[    8.321767] systemd[1]: Mounting Kernel Trace File System...
         Mounting [0;1;39mKernel Trace File System[0m...
[    8.325519] systemd[1]: Kernel Module supporting RPCSEC_GSS was skipped because of an unmet condition check (ConditionPathExists=/etc/krb5.keytab).
[    8.326511] systemd[1]: Create List of Static Device Nodes was skipped because of an unmet condition check (ConditionFileNotEmpty=/lib/modules/6.11.0-rc4-dbdb3b920340+/modules.devname).
[    8.337632] systemd[1]: Starting Monitoring of LVM2 mirrors, snapshots etc. using dmeventd or progress polling...
         Starting [0;1;39mMonitoring of LVM…meventd or progress polling[0m...
[    8.351389] systemd[1]: Starting Load Kernel Module configfs...
         Starting [0;1;39mLoad Kernel Module configfs[0m...
[    8.364524] systemd[1]: Starting Load Kernel Module drm...
         Starting [0;1;39mLoad Kernel Module drm[0m...
[    8.387251] systemd[1]: Starting Load Kernel Module fuse...
         Starting [0;1;39mLoad Kernel Module fuse[0m...
[    8.423606] systemd[1]: Starting Read and set NIS domainname from /etc/sysconfig/network...
         Starting [0;1;39mRead and set NIS …from /etc/sysconfig/network[0m...
[    8.444020] systemd[1]: Starting Journal Service...
         Starting [0;1;39mJournal Service[0m...
[    8.471165] systemd[1]: Starting Load Kernel Modules...
         Starting [0;1;39mLoad Kernel Modules[0m...
[    8.516374] systemd[1]: Starting Generate network units from Kernel command line...
         Starting [0;1;39mGenerate network …ts from Kernel command line[0m...
[    8.548029] systemd[1]: Starting Remount Root and Kernel File Systems...
         Starting [0;1;39mRemount Root and Kernel File Systems[0m...
[    8.552939] systemd[1]: Repartition Root Disk was skipped because no trigger condition checks were met.
[    8.575839] systemd[1]: Starting Coldplug All udev Devices...
         Starting [0;1;39mColdplug All udev Devices[0m...
[    8.611107] systemd[1]: Mounted Huge Pages File System.
[[0;32m  OK  [0m] Mounted [0;1;39mHuge Pages File System[0m.
[    8.613331] systemd[1]: Mounted POSIX Message Queue File System.
[[0;32m  OK  [0m] Mounted [0;1;39mPOSIX Message Queue File System[0m.
[    8.620357] systemd[1]: Mounted Kernel Debug File System.
[[0;32m  OK  [0m] Mounted [0;1;39mKernel Debug File System[0m.
[    8.622654] systemd[1]: Mounted Kernel Trace File System.
[[0;32m  OK  [0m] Mounted [0;1;39mKernel Trace File System[0m.
[    8.634642] systemd[1]: Finished Monitoring of LVM2 mirrors, snapshots etc. using dmeventd or progress polling.
[[0;32m  OK  [0m] Finished [0;1;39mMonitoring of LVM… dmeventd or progress polling[0m.
[    8.643754] systemd[1]: modprobe@configfs.service: Deactivated successfully.
[    8.650783] systemd[1]: Finished Load Kernel Module configfs.
[[0;32m  OK  [0m] Finished [0;1;39mLoad Kernel Module configfs[0m.
[    8.656825] systemd[1]: modprobe@drm.service: Deactivated successfully.
[    8.663317] systemd[1]: Finished Load Kernel Module drm.
[[0;32m  OK  [0m] Finished [0;1;39mLoad Kernel Module drm[0m.
[    8.668825] systemd[1]: modprobe@fuse.service: Deactivated successfully.
[    8.676277] systemd[1]: Finished Load Kernel Module fuse.
[[0;32m  OK  [0m] Finished [0;1;39mLoad Kernel Module fuse[0m.
[    8.682879] EXT4-fs (sda): re-mounted 088740a9-c8b4-422c-999d-a804eb68a4da r/w. Quota mode: none.
[    8.686725] systemd[1]: Finished Read and set NIS domainname from /etc/sysconfig/network.
[[0;32m  OK  [0m] Finished [0;1;39mRead and set NIS …e from /etc/sysconfig/network[0m.
[    8.694037] systemd[1]: systemd-modules-load.service: Main process exited, code=exited, status=1/FAILURE
[    8.707745] systemd[1]: systemd-modules-load.service: Failed with result 'exit-code'.
[    8.709845] systemd[1]: Failed to start Load Kernel Modules.
[[0;1;31mFAILED[0m] Failed to start [0;1;39mLoad Kernel Modules[0m.
See 'systemctl status systemd-modules-load.service' for details.
[    8.726046] systemd[1]: Finished Generate network units from Kernel command line.
[[0;32m  OK  [0m] Finished [0;1;39mGenerate network units from Kernel command line[0m.
[    8.732465] systemd[1]: Started Journal Service.
[[0;32m  OK  [0m] Started [0;1;39mJournal Service[0m.
[[0;32m  OK  [0m] Finished [0;1;39mRemount Root and Kernel File Systems[0m.
[[0;32m  OK  [0m] Reached target [0;1;39mPreparation for Network[0m.
         Mounting [0;1;39mFUSE Control File System[0m...
         Mounting [0;1;39mKernel Configuration File System[0m...
         Starting [0;1;39mFlush Journal to Persistent Storage[0m...
         Starting [0;1;39mLoad/Save Random Seed[0m...
         Starting [0;1;39mApply Kernel Variables[0m...
[    8.921848] systemd-journald[147]: Received client request to flush runtime journal.
         Starting [0;1;39mCreate Static Device Nodes in /dev[0m...
         Starting [0;1;39mSetup Virtual Console[0m...
[[0;32m  OK  [0m] Mounted [0;1;39mFUSE Control File System[0m.
[[0;32m  OK  [0m] Mounted [0;1;39mKernel Configuration File System[0m.
[[0;32m  OK  [0m] Finished [0;1;39mFlush Journal to Persistent Storage[0m.
[[0;32m  OK  [0m] Finished [0;1;39mLoad/Save Random Seed[0m.
[[0;32m  OK  [0m] Finished [0;1;39mApply Kernel Variables[0m.
[[0;32m  OK  [0m] Finished [0;1;39mCreate Static Device Nodes in /dev[0m.
         Starting [0;1;39mRule-based Manage…for Device Events and Files[0m...
[[0;32m  OK  [0m] Started [0;1;39mRule-based Manager for Device Events and Files[0m.
         Starting [0;1;39mAuto-connect to s…E devices found during boot[0m...
[[0;32m  OK  [0m] Finished [0;1;39mAuto-connect to s…VME devices found during boot[0m.
[[0;32m  OK  [0m] Finished [0;1;39mSetup Virtual Console[0m.
[[0;32m  OK  [0m] Finished [0;1;39mColdplug All udev Devices[0m.
[[0;32m  OK  [0m] Started [0;1;39mDispatch Password …ts to Console Directory Watch[0m.
[[0;32m  OK  [0m] Reached target [0;1;39mLocal Encrypted Volumes[0m.
[[0;32m  OK  [0m] Reached target [0;1;39mPath Units[0m.
         Starting [0;1;39mWait for udev To …plete Device Initialization[0m...
[[0;32m  OK  [0m] Found device [0;1;39m/dev/ttyS0[0m.
[[0;32m  OK  [0m] Listening on [0;1;39mLoad/Save RF …itch Status /dev/rfkill Watch[0m.
[[0;32m  OK  [0m] Finished [0;1;39mWait for udev To Complete Device Initialization[0m.
[[0;32m  OK  [0m] Reached target [0;1;39mPreparation for Local File Systems[0m.
[[0;32m  OK  [0m] Reached target [0;1;39mLocal File Systems[0m.
         Starting [0;1;39mTell Plymouth To Write Out Runtime Data[0m...
         Starting [0;1;39mAutomatic Boot Loader Update[0m...
         Starting [0;1;39mCreate Volatile Files and Directories[0m...
[[0;32m  OK  [0m] Finished [0;1;39mTell Plymouth To Write Out Runtime Data[0m.
[[0;32m  OK  [0m] Finished [0;1;39mAutomatic Boot Loader Update[0m.
[[0;32m  OK  [0m] Finished [0;1;39mCreate Volatile Files and Directories[0m.
         Mounting [0;1;39mRPC Pipe File System[0m...
         Starting [0;1;39mSecurity Auditing Service[0m...
         Starting [0;1;39mRPC Bind[0m...
[[0;32m  OK  [0m] Mounted [0;1;39mRPC Pipe File System[0m.
[[0;32m  OK  [0m] Reached target [0;1;39mrpc_pipefs.target[0m.
[[0;32m  OK  [0m] Started [0;1;39mRPC Bind[0m.
[[0;32m  OK  [0m] Started [0;1;39mSecurity Auditing Service[0m.
         Starting [0;1;39mRecord System Boot/Shutdown in UTMP[0m...
[[0;32m  OK  [0m] Finished [0;1;39mRecord System Boot/Shutdown in UTMP[0m.
[[0;32m  OK  [0m] Reached target [0;1;39mSystem Initialization[0m.
[[0;32m  OK  [0m] Started [0;1;39mDaily rotation of log files[0m.
[[0;32m  OK  [0m] Started [0;1;39mUpdates mlocate database every day[0m.
[[0;32m  OK  [0m] Started [0;1;39mDaily Cleanup of Temporary Directories[0m.
[[0;32m  OK  [0m] Started [0;1;39mdaily update of the root trust anchor for DNSSEC[0m.
[[0;32m  OK  [0m] Reached target [0;1;39mTimer Units[0m.
[[0;32m  OK  [0m] Listening on [0;1;39mD-Bus System Message Bus Socket[0m.
[[0;32m  OK  [0m] Listening on [0;1;39mOpen-iSCSI iscsid Socket[0m.
[[0;32m  OK  [0m] Listening on [0;1;39mOpen-iSCSI iscsiuio Socket[0m.
[[0;32m  OK  [0m] Listening on [0;1;39mSSSD Kerberos…ache Manager responder socket[0m.
[[0;32m  OK  [0m] Listening on [0;1;39mLibvirt interface local socket[0m.
[[0;32m  OK  [0m] Listening on [0;1;39mVirtual machine lock manager socket[0m.
[[0;32m  OK  [0m] Listening on [0;1;39mVirtual machine log manager socket[0m.
[[0;32m  OK  [0m] Listening on [0;1;39mLibvirt network local socket[0m.
[[0;32m  OK  [0m] Listening on [0;1;39mLibvirt nodedev local socket[0m.
[[0;32m  OK  [0m] Listening on [0;1;39mLibvirt nwfilter local socket[0m.
[[0;32m  OK  [0m] Listening on [0;1;39mLibvirt proxy local socket[0m.
[[0;32m  OK  [0m] Listening on [0;1;39mLibvirt qemu local socket[0m.
[[0;32m  OK  [0m] Listening on [0;1;39mLibvirt qemu admin socket[0m.
[[0;32m  OK  [0m] Listening on [0;1;39mLibvirt qemu local read-only socket[0m.
[[0;32m  OK  [0m] Listening on [0;1;39mLibvirt secret local socket[0m.
[[0;32m  OK  [0m] Listening on [0;1;39mLibvirt storage local socket[0m.
[[0;32m  OK  [0m] Reached target [0;1;39mSocket Units[0m.
         Starting [0;1;39mD-Bus System Message Bus[0m...
[[0;32m  OK  [0m] Started [0;1;39mD-Bus System Message Bus[0m.
[[0;32m  OK  [0m] Reached target [0;1;39mBasic System[0m.
         Starting [0;1;39mNetwork Manager[0m...
         Starting [0;1;39mNTP client/server[0m...
         Starting [0;1;39mRestore /run/initramfs on shutdown[0m...
[[0;32m  OK  [0m] Started [0;1;39mirqbalance daemon[0m.
[[0;32m  OK  [0m] Started [0;1;39mlibstoragemgmt plug-in server daemon[0m.
[[0;32m  OK  [0m] Started [0;1;39mMachine Check Exception Logging Daemon[0m.
[[0;32m  OK  [0m] Reached target [0;1;39msshd-keygen.target[0m.
[[0;32m  OK  [0m] Reached target [0;1;39mUser and Group Name Lookups[0m.
         Starting [0;1;39mUser Login Management[0m...
         Starting [0;1;39mVirtual Machine a…tainer Registration Service[0m...
         Starting [0;1;39mupdate of the roo…NSSEC validation in unbound[0m...
         Starting [0;1;39mRotate log files[0m...
[[0;32m  OK  [0m] Started [0;1;39mUpdate a database for mlocate[0m.
[[0;32m  OK  [0m] Finished [0;1;39mRestore /run/initramfs on shutdown[0m.
[[0;32m  OK  [0m] Started [0;1;39mVirtual Machine an…ontainer Registration Service[0m.
[[0;32m  OK  [0m] Started [0;1;39mNTP client/server[0m.
         Starting [0;1;39mHostname Service[0m...
[[0;32m  OK  [0m] Finished [0;1;39mupdate of the roo… DNSSEC validation in unbound[0m.
[[0;32m  OK  [0m] Started [0;1;39mUser Login Management[0m.
[[0;32m  OK  [0m] Started [0;1;39mHostname Service[0m.
         Starting [0;1;39mNetwork Manager Script Dispatcher Service[0m...
[[0;32m  OK  [0m] Started [0;1;39mNetwork Manager Script Dispatcher Service[0m.
[[0;32m  OK  [0m] Finished [0;1;39mRotate log files[0m.
[   14.414911] e1000: eth0 NIC Link is Up 1000 Mbps Full Duplex, Flow Control: RX
[[0;32m  OK  [0m] Started [0;1;39mNetwork Manager[0m.
[[0;32m  OK  [0m] Reached target [0;1;39mNetwork[0m.
[[0;32m  OK  [0m] Reached target [0;1;39mNetwork is Online[0m.
         Starting [0;1;39mGSSAPI Proxy Daemon[0m...
         Starting [0;1;39mNotify NFS peers of a restart[0m...
         Starting [0;1;39mSystem Logging Service[0m...
         Starting [0;1;39mOpenSSH server daemon[0m...
         Starting [0;1;39mDynamic System Tuning Daemon[0m...
[[0;32m  OK  [0m] Started [0;1;39mNotify NFS peers of a restart[0m.
[[0;32m  OK  [0m] Started [0;1;39mGSSAPI Proxy Daemon[0m.
[[0;32m  OK  [0m] Reached target [0;1;39mNFS client services[0m.
[[0;32m  OK  [0m] Reached target [0;1;39mPreparation for Remote File Systems[0m.
[[0;32m  OK  [0m] Reached target [0;1;39mRemote File Systems[0m.
         Starting [0;1;39mPermit User Sessions[0m...
         Starting [0;1;39mVirtualization qemu daemon[0m...
[[0;32m  OK  [0m] Started [0;1;39mOpenSSH server daemon[0m.
[[0;32m  OK  [0m] Finished [0;1;39mPermit User Sessions[0m.
[[0;32m  OK  [0m] Started [0;1;39mDeferred execution scheduler[0m.
[[0;32m  OK  [0m] Started [0;1;39mCommand Scheduler[0m.
         Starting [0;1;39mHold until boot process finishes up[0m...
         Starting [0;1;39mTerminate Plymouth Boot Screen[0m...
[[0;32m  OK  [0m] Started [0;1;39mSystem Logging Service[0m.
[[0;32m  OK  [0m] Finished [0;1;39mHold until boot process finishes up[0m.
[[0;32m  OK  [0m] Started [0;1;39mGetty on tty1[0m.
[[0;32m  OK  [0m] Started [0;1;39mSerial Getty on ttyS0[0m.
[[0;32m  OK  [0m] Reached target [0;1;39mLogin Prompts[0m.
[[0;32m  OK  [0m] Started [0;1;39mVirtualization qemu daemon[0m.
[[0;32m  OK  [0m] Finished [0;1;39mTerminate Plymouth Boot Screen[0m.
         Starting [0;1;39mAuthorization Manager[0m...
[[0;32m  OK  [0m] Started [0;1;39mAuthorization Manager[0m.
[[0;32m  OK  [0m] Started [0;1;39mDynamic System Tuning Daemon[0m.
[[0;32m  OK  [0m] Reached target [0;1;39mMulti-User System[0m.
         Starting [0;1;39mRecord Runlevel Change in UTMP[0m...
[[0;32m  OK  [0m] Finished [0;1;39mRecord Runlevel Change in UTMP[0m.

CentOS Stream 9
Kernel 6.11.0-rc4-dbdb3b920340+ on an x86_64

Activate the web console with: systemctl enable --now cockpit.socket

test login: [   26.822308] cgroup: Unknown subsys name 'net'
[   26.937527] cgroup: Unknown subsys name 'rlimit'
