c[?7l[2J[0mSeaBIOS (version rel-1.16.0-0-gd239552ce722-prebuilt.qemu.org)


iPXE (http://ipxe.org) 00:03.0 CA00 PCI2.10 PnP PMM+7FF91000+7FEF1000 CA00
Press Ctrl-B to configure iPXE (PCI 00:03.0)...                                                                               


Booting from ROM...
c[?7l[2J[    0.000000] Linux version 6.11.0-rc6-ef4c04432ff7+ (root@p-mtlp04) (gcc (GCC) 11.5.0 20240719 (Red Hat 11.5.0-2), GNU ld version 2.35.2-54.el9) #1 SMP PREEMPT_DYNAMIC Mon Sep  2 23:04:32 CST 2024
[    0.000000] Command line: console=ttyS0 root=/dev/sda earlyprintk=serial net.ifnames=0 plymouth.enable=0
[    0.000000] KERNEL supported cpus:
[    0.000000]   Intel GenuineIntel
[    0.000000]   AMD AuthenticAMD
[    0.000000]   Hygon HygonGenuine
[    0.000000]   Centaur CentaurHauls
[    0.000000]   zhaoxin   Shanghai  
[    0.000000] x86/split lock detection: #DB: warning on user-space bus_locks
[    0.000000] BIOS-provided physical RAM map:
[    0.000000] BIOS-e820: [mem 0x0000000000000000-0x000000000009fbff] usable
[    0.000000] BIOS-e820: [mem 0x000000000009fc00-0x000000000009ffff] reserved
[    0.000000] BIOS-e820: [mem 0x00000000000f0000-0x00000000000fffff] reserved
[    0.000000] BIOS-e820: [mem 0x0000000000100000-0x000000007ffdffff] usable
[    0.000000] BIOS-e820: [mem 0x000000007ffe0000-0x000000007fffffff] reserved
[    0.000000] BIOS-e820: [mem 0x00000000feffc000-0x00000000feffffff] reserved
[    0.000000] BIOS-e820: [mem 0x00000000fffc0000-0x00000000ffffffff] reserved
[    0.000000] printk: legacy bootconsole [earlyser0] enabled
[    0.000000] NX (Execute Disable) protection: active
[    0.000000] APIC: Static calls initialized
[    0.000000] SMBIOS 2.8 present.
[    0.000000] DMI: QEMU Standard PC (i440FX + PIIX, 1996), BIOS rel-1.16.0-0-gd239552ce722-prebuilt.qemu.org 04/01/2014
[    0.000000] DMI: Memory slots populated: 1/1
[    0.000000] Hypervisor detected: KVM
[    0.000000] kvm-clock: Using msrs 4b564d01 and 4b564d00
[    0.000004] kvm-clock: using sched offset of 1014616385 cycles
[    0.000553] clocksource: kvm-clock: mask: 0xffffffffffffffff max_cycles: 0x1cd42e4dffb, max_idle_ns: 881590591483 ns
[    0.002355] tsc: Detected 2995.200 MHz processor
[    0.011935] last_pfn = 0x7ffe0 max_arch_pfn = 0x400000000
[    0.012629] MTRR map: 4 entries (3 fixed + 1 variable; max 19), built from 8 variable MTRRs
[    0.013502] x86/PAT: Configuration [0-7]: WB  WC  UC- UC  WB  WP  UC- WT  
[    0.027240] found SMP MP-table at [mem 0x000f5ba0-0x000f5baf]
[    0.027888] Using GB pages for direct mapping
[    0.031643] ACPI: Early table checksum verification disabled
[    0.032305] ACPI: RSDP 0x00000000000F59C0 000014 (v00 BOCHS )
[    0.032990] ACPI: RSDT 0x000000007FFE1951 000034 (v01 BOCHS  BXPC     00000001 BXPC 00000001)
[    0.033956] ACPI: FACP 0x000000007FFE17FD 000074 (v01 BOCHS  BXPC     00000001 BXPC 00000001)
[    0.034923] ACPI: DSDT 0x000000007FFE0040 0017BD (v01 BOCHS  BXPC     00000001 BXPC 00000001)
[    0.035886] ACPI: FACS 0x000000007FFE0000 000040
[    0.036418] ACPI: APIC 0x000000007FFE1871 000080 (v01 BOCHS  BXPC     00000001 BXPC 00000001)
[    0.037376] ACPI: HPET 0x000000007FFE18F1 000038 (v01 BOCHS  BXPC     00000001 BXPC 00000001)
[    0.038334] ACPI: WAET 0x000000007FFE1929 000028 (v01 BOCHS  BXPC     00000001 BXPC 00000001)
[    0.039298] ACPI: Reserving FACP table memory at [mem 0x7ffe17fd-0x7ffe1870]
[    0.040091] ACPI: Reserving DSDT table memory at [mem 0x7ffe0040-0x7ffe17fc]
[    0.040880] ACPI: Reserving FACS table memory at [mem 0x7ffe0000-0x7ffe003f]
[    0.041665] ACPI: Reserving APIC table memory at [mem 0x7ffe1871-0x7ffe18f0]
[    0.042454] ACPI: Reserving HPET table memory at [mem 0x7ffe18f1-0x7ffe1928]
[    0.043248] ACPI: Reserving WAET table memory at [mem 0x7ffe1929-0x7ffe1950]
[    0.044695] No NUMA configuration found
[    0.045127] Faking a node at [mem 0x0000000000000000-0x000000007ffdffff]
[    0.045926] NODE_DATA(0) allocated [mem 0x7ffb5180-0x7ffdfdff]
[    0.047475] Zone ranges:
[    0.047772]   DMA      [mem 0x0000000000001000-0x0000000000ffffff]
[    0.048497]   DMA32    [mem 0x0000000001000000-0x000000007ffdffff]
[    0.049218]   Normal   empty
[    0.049547]   Device   empty
[    0.049875] Movable zone start for each node
[    0.050361] Early memory node ranges
[    0.050759]   node   0: [mem 0x0000000000001000-0x000000000009efff]
[    0.051455]   node   0: [mem 0x0000000000100000-0x000000007ffdffff]
[    0.052161] Initmem setup node 0 [mem 0x0000000000001000-0x000000007ffdffff]
[    0.053517] On node 0, zone DMA: 1 pages in unavailable ranges
[    0.054607] On node 0, zone DMA: 97 pages in unavailable ranges
[    0.113305] On node 0, zone DMA32: 32 pages in unavailable ranges
[    0.444482] kasan: KernelAddressSanitizer initialized
[    0.445366] ACPI: PM-Timer IO Port: 0x608
[    0.445820] ACPI: LAPIC_NMI (acpi_id[0xff] dfl dfl lint[0x1])
[    0.446495] IOAPIC[0]: apic_id 0, version 17, address 0xfec00000, GSI 0-23
[    0.447231] ACPI: INT_SRC_OVR (bus 0 bus_irq 0 global_irq 2 dfl dfl)
[    0.447894] ACPI: INT_SRC_OVR (bus 0 bus_irq 5 global_irq 5 high level)
[    0.448572] ACPI: INT_SRC_OVR (bus 0 bus_irq 9 global_irq 9 high level)
[    0.449251] ACPI: INT_SRC_OVR (bus 0 bus_irq 10 global_irq 10 high level)
[    0.449948] ACPI: INT_SRC_OVR (bus 0 bus_irq 11 global_irq 11 high level)
[    0.450661] ACPI: Using ACPI (MADT) for SMP configuration information
[    0.451322] ACPI: HPET id: 0x8086a201 base: 0xfed00000
[    0.451863] TSC deadline timer available
[    0.452275] CPU topo: Max. logical packages:   1
[    0.452751] CPU topo: Max. logical dies:       1
[    0.453219] CPU topo: Max. dies per package:   1
[    0.453693] CPU topo: Max. threads per core:   1
[    0.454163] CPU topo: Num. cores per package:     2
[    0.454660] CPU topo: Num. threads per package:   2
[    0.455159] CPU topo: Allowing 2 present CPUs plus 0 hotplug CPUs
[    0.455836] kvm-guest: APIC: eoi() replaced with kvm_guest_apic_eoi_write()
[    0.456586] kvm-guest: KVM setup pv remote TLB flush
[    0.457099] kvm-guest: setup PV sched yield
[    0.457580] PM: hibernation: Registered nosave memory: [mem 0x00000000-0x00000fff]
[    0.458357] PM: hibernation: Registered nosave memory: [mem 0x0009f000-0x0009ffff]
[    0.459128] PM: hibernation: Registered nosave memory: [mem 0x000a0000-0x000effff]
[    0.459905] PM: hibernation: Registered nosave memory: [mem 0x000f0000-0x000fffff]
[    0.460688] [mem 0x80000000-0xfeffbfff] available for PCI devices
[    0.461319] Booting paravirtualized kernel on KVM
[    0.461817] clocksource: refined-jiffies: mask: 0xffffffff max_cycles: 0xffffffff, max_idle_ns: 7645519600211568 ns
[    0.462907] setup_percpu: NR_CPUS:8192 nr_cpumask_bits:2 nr_cpu_ids:2 nr_node_ids:1
[    0.464063] percpu: Embedded 85 pages/cpu s311296 r8192 d28672 u1048576
[    0.464932] kvm-guest: PV spinlocks enabled
[    0.465380] PV qspinlock hash table entries: 256 (order: 0, 4096 bytes, linear)
[    0.466150] Kernel command line: net.ifnames=0 console=ttyS0 root=/dev/sda earlyprintk=serial net.ifnames=0 plymouth.enable=0
[    0.467660] random: crng init done
[    0.468221] Dentry cache hash table entries: 262144 (order: 9, 2097152 bytes, linear)
[    0.469435] Inode-cache hash table entries: 131072 (order: 8, 1048576 bytes, linear)
[    0.470639] Fallback order for Node 0: 0 
[    0.470656] Built 1 zonelists, mobility grouping on.  Total pages: 524158
[    0.471842] Policy zone: DMA32
[    0.472159] mem auto-init: stack:off, heap alloc:off, heap free:off
[    0.472783] stackdepot: allocating hash table via alloc_large_system_hash
[    0.473471] stackdepot hash table entries: 1048576 (order: 12, 16777216 bytes, linear)
[    0.554505] SLUB: HWalign=64, Order=0-3, MinObjects=0, CPUs=2, Nodes=1
[    0.555136] kmemleak: Kernel memory leak detector disabled
[    0.555814] ftrace: allocating 72271 entries in 283 pages
[    0.583483] ftrace: allocated 283 pages with 5 groups
[    0.587953] Dynamic Preempt: voluntary
[    0.588985] Running RCU self tests
[    0.589288] Running RCU synchronous self tests
[    0.589684] rcu: Preemptible hierarchical RCU implementation.
[    0.590166] rcu: 	RCU lockdep checking is enabled.
[    0.590580] rcu: 	RCU restricting CPUs from NR_CPUS=8192 to nr_cpu_ids=2.
[    0.591168] 	Trampoline variant of Tasks RCU enabled.
[    0.591603] 	Rude variant of Tasks RCU enabled.
[    0.591994] 	Tracing variant of Tasks RCU enabled.
[    0.592369] rcu: RCU calculated value of scheduler-enlistment delay is 25 jiffies.
[    0.592959] rcu: Adjusting geometry for rcu_fanout_leaf=16, nr_cpu_ids=2
[    0.593560] Running RCU synchronous self tests
[    0.593922] RCU Tasks: Setting shift to 1 and lim to 1 rcu_task_cb_adjust=1.
[    0.594523] RCU Tasks Rude: Setting shift to 1 and lim to 1 rcu_task_cb_adjust=1.
[    0.595170] RCU Tasks Trace: Setting shift to 1 and lim to 1 rcu_task_cb_adjust=1.
[    0.643517] NR_IRQS: 524544, nr_irqs: 440, preallocated irqs: 16
[    0.644773] rcu: srcu_init: Setting srcu_struct sizes based on contention.
[    0.653268] Console: colour VGA+ 80x25
[    0.653783] printk: legacy console [ttyS0] enabled
[    0.653783] printk: legacy console [ttyS0] enabled
[    0.654634] printk: legacy bootconsole [earlyser0] disabled
[    0.654634] printk: legacy bootconsole [earlyser0] disabled
[    0.655708] Lock dependency validator: Copyright (c) 2006 Red Hat, Inc., Ingo Molnar
[    0.656399] ... MAX_LOCKDEP_SUBCLASSES:  8
[    0.656760] ... MAX_LOCK_DEPTH:          48
[    0.657128] ... MAX_LOCKDEP_KEYS:        8192
[    0.657511] ... CLASSHASH_SIZE:          4096
[    0.657893] ... MAX_LOCKDEP_ENTRIES:     524288
[    0.658290] ... MAX_LOCKDEP_CHAINS:      524288
[    0.658688] ... CHAINHASH_SIZE:          262144
[    0.659084]  memory used by lock dependency info: 54145 kB
[    0.659562]  memory used for stack traces: 4224 kB
[    0.659987]  per task-struct memory footprint: 1920 bytes
[    0.660574] ACPI: Core revision 20240322
[    0.661513] clocksource: hpet: mask: 0xffffffff max_cycles: 0xffffffff, max_idle_ns: 19112604467 ns
[    0.662550] APIC: Switch to symmetric I/O mode setup
[    0.663158] x2apic enabled
[    0.663808] APIC: Switched APIC routing to: physical x2apic
[    0.664308] kvm-guest: APIC: send_IPI_mask() replaced with kvm_send_ipi_mask()
[    0.664947] kvm-guest: APIC: send_IPI_mask_allbutself() replaced with kvm_send_ipi_mask_allbutself()
[    0.665740] kvm-guest: setup PV IPIs
[    0.667344] ..TIMER: vector=0x30 apic1=0 pin1=2 apic2=-1 pin2=-1
[    0.667916] clocksource: tsc-early: mask: 0xffffffffffffffff max_cycles: 0x2b2c8ec87c7, max_idle_ns: 440795278598 ns
[    0.669017] Calibrating delay loop (skipped) preset value.. 5990.40 BogoMIPS (lpj=11980800)
[    0.669874] x86/cpu: User Mode Instruction Prevention (UMIP) activated
[    0.673154] Last level iTLB entries: 4KB 0, 2MB 0, 4MB 0
[    0.673629] Last level dTLB entries: 4KB 0, 2MB 0, 4MB 0, 1GB 0
[    0.674167] Spectre V1 : Mitigation: usercopy/swapgs barriers and __user pointer sanitization
[    0.674921] Spectre V2 : WARNING: Unprivileged eBPF is enabled with eIBRS on, data leaks possible via Spectre v2 BHB attacks!
[    0.675902] Spectre V2 : Spectre BHI mitigation: SW BHB clearing on syscall and VM exit
[    0.676601] Spectre V2 : Mitigation: Enhanced / Automatic IBRS
[    0.677002] Spectre V2 : Spectre v2 / SpectreRSB mitigation: Filling RSB on context switch
[    0.677730] Spectre V2 : Spectre v2 / PBRSB-eIBRS: Retire a single CALL on VMEXIT
[    0.678400] Spectre V2 : mitigation: Enabling conditional Indirect Branch Prediction Barrier
[    0.679142] Speculative Store Bypass: Mitigation: Speculative Store Bypass disabled via prctl
[    0.679889] MMIO Stale Data: Unknown: No mitigations
[    0.680366] x86/fpu: Supporting XSAVE feature 0x001: 'x87 floating point registers'
[    0.681001] x86/fpu: Supporting XSAVE feature 0x002: 'SSE registers'
[    0.681575] x86/fpu: Supporting XSAVE feature 0x004: 'AVX registers'
[    0.682154] x86/fpu: Supporting XSAVE feature 0x200: 'Protection Keys User registers'
[    0.682855] x86/fpu: xstate_offset[2]:  576, xstate_sizes[2]:  256
[    0.683412] x86/fpu: xstate_offset[9]:  832, xstate_sizes[9]:    8
[    0.683974] x86/fpu: Enabled xstate features 0x207, context size is 840 bytes, using 'compacted' format.
[    0.814377] Freeing SMP alternatives memory: 56K
[    0.814884] pid_max: default: 32768 minimum: 301
[    0.815602] LSM: initializing lsm=capability,yama,ima,evm
[    0.816153] Yama: becoming mindful.
[    0.816879] Mount-cache hash table entries: 4096 (order: 3, 32768 bytes, linear)
[    0.817011] Mountpoint-cache hash table entries: 4096 (order: 3, 32768 bytes, linear)
[    0.819742] Running RCU synchronous self tests
[    0.820139] Running RCU synchronous self tests
[    0.821387] smpboot: CPU0: Intel(R) Core(TM) Ultra 7 155H (family: 0x6, model: 0xaa, stepping: 0x4)
[    0.823317] Running RCU Tasks wait API self tests
[    0.925438] Running RCU Tasks Rude wait API self tests
[    0.928274] Running RCU Tasks Trace wait API self tests
[    0.929285] Performance Events: unsupported p6 CPU model 170 no PMU driver, software events only.
[    0.931986] signal: max sigframe size: 3632
[    0.932650] rcu: Hierarchical SRCU implementation.
[    0.933005] rcu: 	Max phase no-delay instances is 1000.
[    0.933773] Timer migration: 1 hierarchy levels; 8 children per group; 1 crossnode level
[    0.937100] Callback from call_rcu_tasks_trace() invoked.
[    0.938506] NMI watchdog: Perf NMI watchdog permanently disabled
[    0.939319] smp: Bringing up secondary CPUs ...
[    0.940671] smpboot: x86: Booting SMP configuration:
[    0.941013] .... node  #0, CPUs:      #1
[    0.942788] smp: Brought up 1 node, 2 CPUs
[    0.945015] smpboot: Total of 2 processors activated (11980.80 BogoMIPS)
[    0.945919] Memory: 1554504K/2096632K available (77824K kernel code, 14480K rwdata, 17224K rodata, 15368K init, 68160K bss, 534908K reserved, 0K cma-reserved)
[    0.949718] devtmpfs: initialized
[    0.949850] x86/mm: Memory block size: 128MB
[    0.962166] Running RCU synchronous self tests
[    0.962589] Running RCU synchronous self tests
[    0.962985] clocksource: jiffies: mask: 0xffffffff max_cycles: 0xffffffff, max_idle_ns: 7645041785100000 ns
[    0.962985] futex hash table entries: 512 (order: 4, 65536 bytes, linear)
[    0.965095] pinctrl core: initialized pinctrl subsystem
[    0.966393] 
[    0.966525] *************************************************************
[    0.967044] **     NOTICE NOTICE NOTICE NOTICE NOTICE NOTICE NOTICE    **
[    0.967554] **                                                         **
[    0.968058] **  IOMMU DebugFS SUPPORT HAS BEEN ENABLED IN THIS KERNEL  **
[    0.968571] **                                                         **
[    0.969003] ** This means that this kernel is built to expose internal **
[    0.969503] ** IOMMU data structures, which may compromise security on **
[    0.970009] ** your system.                                            **
[    0.970510] **                                                         **
[    0.971012] ** If you see this message and you are not debugging the   **
[    0.971515] ** kernel, report this immediately to your vendor!         **
[    0.972016] **                                                         **
[    0.972514] **     NOTICE NOTICE NOTICE NOTICE NOTICE NOTICE NOTICE    **
[    0.973002] *************************************************************
[    0.973566] PM: RTC time: 01:23:59, date: 2024-09-03
[    0.976123] NET: Registered PF_NETLINK/PF_ROUTE protocol family
[    0.977977] DMA: preallocated 256 KiB GFP_KERNEL pool for atomic allocations
[    0.978529] DMA: preallocated 256 KiB GFP_KERNEL|GFP_DMA pool for atomic allocations
[    0.979120] DMA: preallocated 256 KiB GFP_KERNEL|GFP_DMA32 pool for atomic allocations
[    0.979820] audit: initializing netlink subsys (disabled)
[    0.981114] audit: type=2000 audit(1725326640.397:1): state=initialized audit_enabled=0 res=1
[    0.983473] thermal_sys: Registered thermal governor 'fair_share'
[    0.983481] thermal_sys: Registered thermal governor 'bang_bang'
[    0.983973] thermal_sys: Registered thermal governor 'step_wise'
[    0.985008] thermal_sys: Registered thermal governor 'user_space'
[    0.985566] cpuidle: using governor ladder
[    0.985876] cpuidle: using governor menu
[    0.985876] acpiphp: ACPI Hot Plug PCI Controller Driver version: 0.5
[    0.987314] PCI: Using configuration type 1 for base access
[    0.989282] kprobes: kprobe jump-optimization is enabled. All kprobes are optimized if possible.
[    1.094166] HugeTLB: registered 1.00 GiB page size, pre-allocated 0 pages
[    1.094758] HugeTLB: 16380 KiB vmemmap can be freed for a 1.00 GiB page
[    1.095301] HugeTLB: registered 2.00 MiB page size, pre-allocated 0 pages
[    1.095855] HugeTLB: 28 KiB vmemmap can be freed for a 2.00 MiB page
[    1.096383] Callback from call_rcu_tasks_rude() invoked.
[    1.103262] ACPI: Added _OSI(Module Device)
[    1.103641] ACPI: Added _OSI(Processor Device)
[    1.104016] ACPI: Added _OSI(3.0 _SCP Extensions)
[    1.104404] ACPI: Added _OSI(Processor Aggregator Device)
[    1.132189] ACPI: 1 ACPI AML tables successfully acquired and loaded
[    1.140397] ACPI: Interpreter enabled
[    1.140907] ACPI: PM: (supports S0 S3 S4 S5)
[    1.141006] ACPI: Using IOAPIC for interrupt routing
[    1.141535] PCI: Using host bridge windows from ACPI; if necessary, use "pci=nocrs" and report a bug
[    1.142291] PCI: Using E820 reservations for host bridge windows
[    1.144548] ACPI: Enabled 2 GPEs in block 00 to 0F
[    1.206543] ACPI: PCI Root Bridge [PCI0] (domain 0000 [bus 00-ff])
[    1.207184] acpi PNP0A03:00: _OSC: OS supports [ASPM ClockPM Segments MSI EDR HPX-Type3]
[    1.207875] acpi PNP0A03:00: _OSC: not requesting OS control; OS requires [ExtendedConfig ASPM ClockPM MSI]
[    1.208994] acpi PNP0A03:00: fail to add MMCONFIG information, can't access extended configuration space under this bridge
[    1.217696] acpiphp: Slot [3] registered
[    1.218282] acpiphp: Slot [4] registered
[    1.219182] acpiphp: Slot [5] registered
[    1.219815] acpiphp: Slot [6] registered
[    1.220388] acpiphp: Slot [7] registered
[    1.220970] acpiphp: Slot [8] registered
[    1.221251] acpiphp: Slot [9] registered
[    1.221827] acpiphp: Slot [10] registered
[    1.222406] acpiphp: Slot [11] registered
[    1.222982] acpiphp: Slot [12] registered
[    1.223561] acpiphp: Slot [13] registered
[    1.224138] acpiphp: Slot [14] registered
[    1.224717] acpiphp: Slot [15] registered
[    1.225235] acpiphp: Slot [16] registered
[    1.225836] acpiphp: Slot [17] registered
[    1.226420] acpiphp: Slot [18] registered
[    1.227003] acpiphp: Slot [19] registered
[    1.227580] acpiphp: Slot [20] registered
[    1.228158] acpiphp: Slot [21] registered
[    1.228736] acpiphp: Slot [22] registered
[    1.229233] acpiphp: Slot [23] registered
[    1.229821] acpiphp: Slot [24] registered
[    1.230402] acpiphp: Slot [25] registered
[    1.230977] acpiphp: Slot [26] registered
[    1.231557] acpiphp: Slot [27] registered
[    1.232140] acpiphp: Slot [28] registered
[    1.232723] acpiphp: Slot [29] registered
[    1.233232] acpiphp: Slot [30] registered
[    1.233809] acpiphp: Slot [31] registered
[    1.234284] PCI host bridge to bus 0000:00
[    1.234753] pci_bus 0000:00: root bus resource [io  0x0000-0x0cf7 window]
[    1.235343] pci_bus 0000:00: root bus resource [io  0x0d00-0xffff window]
[    1.235931] pci_bus 0000:00: root bus resource [mem 0x000a0000-0x000bffff window]
[    1.236575] pci_bus 0000:00: root bus resource [mem 0x80000000-0xfebfffff window]
[    1.237008] pci_bus 0000:00: root bus resource [mem 0x100000000-0x17fffffff window]
[    1.237670] pci_bus 0000:00: root bus resource [bus 00-ff]
[    1.238321] pci 0000:00:00.0: [8086:1237] type 00 class 0x060000 conventional PCI endpoint
[    1.258034] pci 0000:00:01.0: [8086:7000] type 00 class 0x060100 conventional PCI endpoint
[    1.260816] pci 0000:00:01.1: [8086:7010] type 00 class 0x010180 conventional PCI endpoint
[    1.262314] pci 0000:00:01.1: BAR 4 [io  0xc040-0xc04f]
[    1.263341] pci 0000:00:01.1: BAR 0 [io  0x01f0-0x01f7]: legacy IDE quirk
[    1.263932] pci 0000:00:01.1: BAR 1 [io  0x03f6]: legacy IDE quirk
[    1.264472] pci 0000:00:01.1: BAR 2 [io  0x0170-0x0177]: legacy IDE quirk
[    1.265014] pci 0000:00:01.1: BAR 3 [io  0x0376]: legacy IDE quirk
[    1.266276] pci 0000:00:01.3: [8086:7113] type 00 class 0x068000 conventional PCI endpoint
[    1.267378] pci 0000:00:01.3: quirk: [io  0x0600-0x063f] claimed by PIIX4 ACPI
[    1.268019] pci 0000:00:01.3: quirk: [io  0x0700-0x070f] claimed by PIIX4 SMB
[    1.269229] pci 0000:00:02.0: [1234:1111] type 00 class 0x030000 conventional PCI endpoint
[    1.273530] pci 0000:00:02.0: BAR 0 [mem 0xfd000000-0xfdffffff pref]
[    1.279044] pci 0000:00:02.0: BAR 2 [mem 0xfebf0000-0xfebf0fff]
[    1.283920] pci 0000:00:02.0: ROM [mem 0xfebe0000-0xfebeffff pref]
[    1.284900] pci 0000:00:02.0: Video device with shadowed ROM at [mem 0x000c0000-0x000dffff]
[    1.304852] pci 0000:00:03.0: [8086:100e] type 00 class 0x020000 conventional PCI endpoint
[    1.305701] pci 0000:00:03.0: BAR 0 [mem 0xfebc0000-0xfebdffff]
[    1.307049] pci 0000:00:03.0: BAR 1 [io  0xc000-0xc03f]
[    1.313499] pci 0000:00:03.0: ROM [mem 0xfeb80000-0xfebbffff pref]
[    1.348262] ACPI: PCI: Interrupt link LNKA configured for IRQ 10
[    1.350819] ACPI: PCI: Interrupt link LNKB configured for IRQ 10
[    1.353282] ACPI: PCI: Interrupt link LNKC configured for IRQ 11
[    1.355784] ACPI: PCI: Interrupt link LNKD configured for IRQ 11
[    1.357176] ACPI: PCI: Interrupt link LNKS configured for IRQ 9
[    1.362882] iommu: Default domain type: Translated
[    1.363375] iommu: DMA domain TLB invalidation policy: lazy mode
[    1.367306] SCSI subsystem initialized
[    1.368374] ACPI: bus type USB registered
[    1.368980] usbcore: registered new interface driver usbfs
[    1.369111] usbcore: registered new interface driver hub
[    1.369688] usbcore: registered new device driver usb
[    1.370476] pps_core: LinuxPPS API ver. 1 registered
[    1.370920] pps_core: Software ver. 5.3.6 - Copyright 2005-2007 Rodolfo Giometti <giometti@linux.it>
[    1.371781] PTP clock support registered
[    1.372638] EDAC MC: Ver: 3.0.0
[    1.377336] NetLabel: Initializing
[    1.377664] NetLabel:  domain hash size = 128
[    1.378053] NetLabel:  protocols = UNLABELED CIPSOv4 CALIPSO
[    1.378838] NetLabel:  unlabeled traffic allowed by default
[    1.380280] PCI: Using ACPI for IRQ routing
[    1.381140] pci 0000:00:02.0: vgaarb: setting as boot VGA device
[    1.381712] pci 0000:00:02.0: vgaarb: bridge control possible
[    1.382228] pci 0000:00:02.0: vgaarb: VGA device added: decodes=io+mem,owns=io+mem,locks=none
[    1.382990] vgaarb: loaded
[    1.384092] hpet0: at MMIO 0xfed00000, IRQs 2, 8, 0
[    1.384593] hpet0: 3 comparators, 64-bit 100.000000 MHz counter
[    1.404626] clocksource: Switched to clocksource kvm-clock
[    1.404996] VFS: Disk quotas dquot_6.6.0
[    1.404996] VFS: Dquot-cache hash table entries: 512 (order 0, 4096 bytes)
[    1.405666] pnp: PnP ACPI init
[    1.414540] pnp: PnP ACPI: found 6 devices
[    1.490711] clocksource: acpi_pm: mask: 0xffffff max_cycles: 0xffffff, max_idle_ns: 2085701024 ns
[    1.492291] NET: Registered PF_INET protocol family
[    1.493058] IP idents hash table entries: 32768 (order: 6, 262144 bytes, linear)
[    1.495775] tcp_listen_portaddr_hash hash table entries: 1024 (order: 4, 73728 bytes, linear)
[    1.496642] Table-perturb hash table entries: 65536 (order: 6, 262144 bytes, linear)
[    1.497463] TCP established hash table entries: 16384 (order: 5, 131072 bytes, linear)
[    1.498719] TCP bind hash table entries: 16384 (order: 9, 2359296 bytes, linear)
[    1.593155] TCP: Hash tables configured (established 16384 bind 16384)
[    1.594256] UDP hash table entries: 1024 (order: 5, 163840 bytes, linear)
[    1.595067] UDP-Lite hash table entries: 1024 (order: 5, 163840 bytes, linear)
[    1.596252] NET: Registered PF_UNIX/PF_LOCAL protocol family
[    1.598026] RPC: Registered named UNIX socket transport module.
[    1.598621] RPC: Registered udp transport module.
[    1.599069] RPC: Registered tcp transport module.
[    1.599515] RPC: Registered tcp-with-tls transport module.
[    1.600087] RPC: Registered tcp NFSv4.1 backchannel transport module.
[    1.600722] pci_bus 0000:00: resource 4 [io  0x0000-0x0cf7 window]
[    1.601290] pci_bus 0000:00: resource 5 [io  0x0d00-0xffff window]
[    1.601851] pci_bus 0000:00: resource 6 [mem 0x000a0000-0x000bffff window]
[    1.602500] pci_bus 0000:00: resource 7 [mem 0x80000000-0xfebfffff window]
[    1.603147] pci_bus 0000:00: resource 8 [mem 0x100000000-0x17fffffff window]
[    1.604394] pci 0000:00:01.0: PIIX3: Enabling Passive Release
[    1.604957] pci 0000:00:00.0: Limiting direct PCI/PCI transfers
[    1.605578] PCI: CLS 0 bytes, default 64
[    1.606125] ACPI: bus type thunderbolt registered
[    1.607105] clocksource: tsc: mask: 0xffffffffffffffff max_cycles: 0x2b2c8ec87c7, max_idle_ns: 440795278598 ns
[    3.341804] Initialise system trusted keyrings
[    3.342999] Key type blacklist registered
[    3.344482] workingset: timestamp_bits=36 max_order=19 bucket_order=0
[    3.345745] zbud: loaded
[    3.350909] squashfs: version 4.0 (2009/01/31) Phillip Lougher
[    3.356750] NFS: Registering the id_resolver key type
[    3.357473] Key type id_resolver registered
[    3.357916] Key type id_legacy registered
[    3.358442] nfs4filelayout_init: NFSv4 File Layout Driver Registering...
[    3.359213] nfs4flexfilelayout_init: NFSv4 Flexfile Layout Driver Registering...
[    3.360614] fuse: init (API version 7.41)
[    3.362654] SGI XFS with ACLs, security attributes, realtime, quota, no debug enabled
[    3.367209] 9p: Installing v9fs 9p2000 file system support
[    3.382759] Key type asymmetric registered
[    3.383270] Asymmetric key parser 'x509' registered
[    3.384063] Block layer SCSI generic (bsg) driver version 0.4 loaded (major 243)
[    3.385467] io scheduler mq-deadline registered
[    3.386162] io scheduler bfq registered
[    3.388114] shpchp: Standard Hot Plug PCI Controller Driver version: 0.4
[    3.390150] IPMI message handler: version 39.2
[    3.390779] ipmi device interface
[    3.394061] input: Power Button as /devices/LNXSYSTM:00/LNXPWRBN:00/input/input0
[    3.395740] ACPI: button: Power Button [PWRF]
[    3.399018] ERST DBG: ERST support is disabled.
[    3.401487] Serial: 8250/16550 driver, 32 ports, IRQ sharing enabled
[    3.404445] 00:04: ttyS0 at I/O 0x3f8 (irq = 4, base_baud = 115200) is a 16550A
[    3.416377] Callback from call_rcu_tasks() invoked.
[    3.468884] Linux agpgart interface v0.103
[    3.474200] ACPI: bus type drm_connector registered
[    3.517606] brd: module loaded
[    3.596870] loop: module loaded
[    3.623951] scsi host0: ata_piix
[    3.627497] scsi host1: ata_piix
[    3.628714] ata1: PATA max MWDMA2 cmd 0x1f0 ctl 0x3f6 bmdma 0xc040 irq 14 lpm-pol 0
[    3.629524] ata2: PATA max MWDMA2 cmd 0x170 ctl 0x376 bmdma 0xc048 irq 15 lpm-pol 0
[    3.634518] tun: Universal TUN/TAP device driver, 1.6
[    3.636495] e100: Intel(R) PRO/100 Network Driver
[    3.637010] e100: Copyright(c) 1999-2006 Intel Corporation
[    3.637690] e1000: Intel(R) PRO/1000 Network Driver
[    3.638212] e1000: Copyright (c) 1999-2006 Intel Corporation.
[    3.791951] ata2: found unknown device (class 0)
[    3.794004] ata2.00: ATAPI: QEMU DVD-ROM, 2.5+, max UDMA/100
[    3.795773] ata1: found unknown device (class 0)
[    3.797128] ata1.00: ATA-7: QEMU HARDDISK, 2.5+, max UDMA/100
[    3.797692] ata1.00: 17196647 sectors, multi 16: LBA48 
[    3.799989] scsi 0:0:0:0: Direct-Access     ATA      QEMU HARDDISK    2.5+ PQ: 0 ANSI: 5
[    3.804571] sd 0:0:0:0: Attached scsi generic sg0 type 0
[    3.806310] sd 0:0:0:0: [sda] 17196647 512-byte logical blocks: (8.80 GB/8.20 GiB)
[    3.807852] scsi 1:0:0:0: CD-ROM            QEMU     QEMU DVD-ROM     2.5+ PQ: 0 ANSI: 5
[    3.808838] sd 0:0:0:0: [sda] Write Protect is off
[    3.809612] sd 0:0:0:0: [sda] Write cache: enabled, read cache: enabled, doesn't support DPO or FUA
[    3.811825] sd 0:0:0:0: [sda] Preferred minimum I/O size 512 bytes
[    3.835824] scsi 1:0:0:0: Attached scsi generic sg1 type 5
[    3.837414] sd 0:0:0:0: [sda] Attached SCSI disk
[    5.655237] ACPI: \_SB_.LNKC: Enabled at IRQ 11
[    5.994824] e1000 0000:00:03.0 eth0: (PCI:33MHz:32-bit) 52:54:00:12:34:56
[    5.995907] e1000 0000:00:03.0 eth0: Intel(R) PRO/1000 Network Connection
[    5.996989] e1000e: Intel(R) PRO/1000 Network Driver
[    5.997687] e1000e: Copyright(c) 1999 - 2015 Intel Corporation.
[    5.998716] igb: Intel(R) Gigabit Ethernet Network Driver
[    5.999449] igb: Copyright (c) 2007-2014 Intel Corporation.
[    6.000634] PPP generic driver version 2.4.2
[    6.004135] VFIO - User Level meta-driver version: 0.3
[    6.006234] usbcore: registered new interface driver uas
[    6.006779] usbcore: registered new interface driver usb-storage
[    6.007755] i8042: PNP: PS/2 Controller [PNP0303:KBD,PNP0f13:MOU] at 0x60,0x64 irq 1,12
[    6.009664] serio: i8042 KBD port at 0x60,0x64 irq 1
[    6.010215] serio: i8042 AUX port at 0x60,0x64 irq 12
[    6.012443] mousedev: PS/2 mouse device common for all mice
[    6.014787] input: AT Translated Set 2 keyboard as /devices/platform/i8042/serio0/input/input1
[    6.017540] input: VirtualPS/2 VMware VMMouse as /devices/platform/i8042/serio1/input/input4
[    6.019087] rtc_cmos 00:05: RTC can wake from S4
[    6.020142] input: VirtualPS/2 VMware VMMouse as /devices/platform/i8042/serio1/input/input3
[    6.023713] rtc_cmos 00:05: registered as rtc0
[    6.024219] rtc_cmos 00:05: setting system clock to 2024-09-03T01:24:05 UTC (1725326645)
[    6.025424] rtc_cmos 00:05: alarms up to one day, y3k, 242 bytes nvram, hpet irqs
[    6.026198] i2c_dev: i2c /dev entries driver
[    6.026766] device-mapper: core: CONFIG_IMA_DISABLE_HTABLE is disabled. Duplicate IMA measurements will not be recorded in the IMA log.
[    6.027931] device-mapper: uevent: version 1.0.3
[    6.029568] device-mapper: ioctl: 4.48.0-ioctl (2023-03-01) initialised: dm-devel@lists.linux.dev
[    6.030401] intel_pstate: CPU model not supported
[    6.031146] sdhci: Secure Digital Host Controller Interface driver
[    6.031728] sdhci: Copyright(c) Pierre Ossman
[    6.032300] sdhci-pltfm: SDHCI platform and OF driver helper
[    6.032960] ledtrig-cpu: registered to indicate activity on CPUs
[    6.034204] drop_monitor: Initializing network drop monitor service
[    6.035345] NET: Registered PF_INET6 protocol family
[    6.046254] Segment Routing with IPv6
[    6.046709] In-situ OAM (IOAM) with IPv6
[    6.047188] NET: Registered PF_PACKET protocol family
[    6.048000] 9pnet: Installing 9P2000 support
[    6.048542] Key type dns_resolver registered
[    6.053160] IPI shorthand broadcast: enabled
[    6.116247] sched_clock: Marking stable (6096006926, 19616405)->(6137510452, -21887121)
[    6.118622] registered taskstats version 1
[    6.120336] Loading compiled-in X.509 certificates
[    6.185638] Demotion targets for Node 0: null
[    6.189182] Key type .fscrypt registered
[    6.190155] Key type fscrypt-provisioning registered
[    6.203011] Key type encrypted registered
[    6.203462] ima: No TPM chip found, activating TPM-bypass!
[    6.204053] ima: Allocated hash algorithm: sha1
[    6.204545] ima: No architecture policies found
[    6.205215] evm: Initialising EVM extended attributes:
[    6.205657] evm: security.selinux
[    6.205947] evm: security.SMACK64
[    6.206241] evm: security.SMACK64EXEC
[    6.206558] evm: security.SMACK64TRANSMUTE
[    6.206909] evm: security.SMACK64MMAP
[    6.207225] evm: security.apparmor
[    6.207520] evm: security.ima
[    6.207794] evm: security.capability
[    6.208104] evm: HMAC attrs: 0x1
[    6.212507] PM:   Magic number: 8:169:356
[    6.212876] input event2: hash matches
[    6.214809] RAS: Correctable Errors collector initialized.
[    6.215547] clk: Disabling unused clocks
[    6.217361] PM: genpd: Disabling unused power domains
[    6.218842] md: Waiting for all devices to be available before autodetect
[    6.219243] md: If you don't use raid, use raid=noautodetect
[    6.219580] md: Autodetecting RAID arrays.
[    6.220307] md: autorun ...
[    6.220486] md: ... autorun DONE.
[    6.235514] EXT4-fs (sda): mounted filesystem 088740a9-c8b4-422c-999d-a804eb68a4da ro with ordered data mode. Quota mode: none.
[    6.236567] VFS: Mounted root (ext4 filesystem) readonly on device 8:0.
[    6.240876] devtmpfs: mounted
[    6.271069] Freeing unused decrypted memory: 2028K
[    6.286809] Freeing unused kernel image (initmem) memory: 15368K
[    6.287602] Write protecting the kernel read-only data: 96256k
[    6.291050] Freeing unused kernel image (rodata/data gap) memory: 1208K
[    6.370235] x86/mm: Checked W+X mappings: passed, no W+X pages found.
[    6.370739] Run /sbin/init as init process
[    6.584066] systemd[1]: systemd 252-15.el9 running in system mode (+PAM +AUDIT +SELINUX -APPARMOR +IMA +SMACK +SECCOMP +GCRYPT +GNUTLS +OPENSSL +ACL +BLKID +CURL +ELFUTILS -FIDO2 +IDN2 -IDN -IPTC +KMOD +LIBCRYPTSETUP +LIBFDISK +PCRE2 -PWQUALITY +P11KIT -QRENCODE +TPM2 +BZIP2 +LZ4 +XZ +ZLIB +ZSTD -BPF_FRAMEWORK +XKBCOMMON +UTMP +SYSVINIT default-hierarchy=unified)
[    6.586113] systemd[1]: Detected virtualization kvm.
[    6.586459] systemd[1]: Detected architecture x86-64.

Welcome to [0;31mCentOS Stream 9[0m!

[    6.595589] systemd[1]: Hostname set to <test>.
[    6.955776] systemd-rc-local-generator[125]: /etc/rc.d/rc.local is not marked executable, skipping.
[    7.373640] systemd[1]: Queued start job for default target Multi-User System.
[    7.404754] systemd[1]: Created slice Virtual Machine and Container Slice.
[[0;32m  OK  [0m] Created slice [0;1;39mVirtual Machine and Container Slice[0m.
[    7.411823] systemd[1]: Created slice Slice /system/getty.
[[0;32m  OK  [0m] Created slice [0;1;39mSlice /system/getty[0m.
[    7.416050] systemd[1]: Created slice Slice /system/modprobe.
[[0;32m  OK  [0m] Created slice [0;1;39mSlice /system/modprobe[0m.
[    7.420012] systemd[1]: Created slice Slice /system/serial-getty.
[[0;32m  OK  [0m] Created slice [0;1;39mSlice /system/serial-getty[0m.
[    7.424052] systemd[1]: Created slice Slice /system/sshd-keygen.
[[0;32m  OK  [0m] Created slice [0;1;39mSlice /system/sshd-keygen[0m.
[    7.429051] systemd[1]: Created slice User and Session Slice.
[[0;32m  OK  [0m] Created slice [0;1;39mUser and Session Slice[0m.
[    7.431472] systemd[1]: Started Forward Password Requests to Wall Directory Watch.
[[0;32m  OK  [0m] Started [0;1;39mForward Password R…uests to Wall Directory Watch[0m.
[    7.436300] systemd[1]: Set up automount Arbitrary Executable File Formats File System Automount Point.
[[0;32m  OK  [0m] Set up automount [0;1;39mArbitrary…s File System Automount Point[0m.
[    7.438505] systemd[1]: Reached target Local Integrity Protected Volumes.
[[0;32m  OK  [0m] Reached target [0;1;39mLocal Integrity Protected Volumes[0m.
[    7.440433] systemd[1]: Reached target Slice Units.
[[0;32m  OK  [0m] Reached target [0;1;39mSlice Units[0m.
[    7.442143] systemd[1]: Reached target Swaps.
[[0;32m  OK  [0m] Reached target [0;1;39mSwaps[0m.
[    7.443573] systemd[1]: Reached target Local Verity Protected Volumes.
[[0;32m  OK  [0m] Reached target [0;1;39mLocal Verity Protected Volumes[0m.
[    7.446450] systemd[1]: Listening on Device-mapper event daemon FIFOs.
[[0;32m  OK  [0m] Listening on [0;1;39mDevice-mapper event daemon FIFOs[0m.
[    7.449900] systemd[1]: Listening on LVM2 poll daemon socket.
[[0;32m  OK  [0m] Listening on [0;1;39mLVM2 poll daemon socket[0m.
[    7.452039] systemd[1]: multipathd control socket was skipped because of an unmet condition check (ConditionPathExists=/etc/multipath.conf).
[    7.532822] systemd[1]: Listening on RPCbind Server Activation Socket.
[[0;32m  OK  [0m] Listening on [0;1;39mRPCbind Server Activation Socket[0m.
[    7.534468] systemd[1]: Reached target RPC Port Mapper.
[[0;32m  OK  [0m] Reached target [0;1;39mRPC Port Mapper[0m.
[    7.538896] systemd[1]: Listening on Process Core Dump Socket.
[[0;32m  OK  [0m] Listening on [0;1;39mProcess Core Dump Socket[0m.
[    7.540768] systemd[1]: Listening on initctl Compatibility Named Pipe.
[[0;32m  OK  [0m] Listening on [0;1;39minitctl Compatibility Named Pipe[0m.
[    7.542900] systemd[1]: Listening on Journal Socket (/dev/log).
[[0;32m  OK  [0m] Listening on [0;1;39mJournal Socket (/dev/log)[0m.
[    7.544960] systemd[1]: Listening on Journal Socket.
[[0;32m  OK  [0m] Listening on [0;1;39mJournal Socket[0m.
[    7.546967] systemd[1]: Listening on udev Control Socket.
[[0;32m  OK  [0m] Listening on [0;1;39mudev Control Socket[0m.
[    7.548614] systemd[1]: Listening on udev Kernel Socket.
[[0;32m  OK  [0m] Listening on [0;1;39mudev Kernel Socket[0m.
[    7.572071] systemd[1]: Mounting Huge Pages File System...
         Mounting [0;1;39mHuge Pages File System[0m...
[    7.582946] systemd[1]: Mounting POSIX Message Queue File System...
         Mounting [0;1;39mPOSIX Message Queue File System[0m...
[    7.597094] systemd[1]: Mounting Kernel Debug File System...
         Mounting [0;1;39mKernel Debug File System[0m...
[    7.611590] systemd[1]: Mounting Kernel Trace File System...
         Mounting [0;1;39mKernel Trace File System[0m...
[    7.614170] systemd[1]: Kernel Module supporting RPCSEC_GSS was skipped because of an unmet condition check (ConditionPathExists=/etc/krb5.keytab).
[    7.615278] systemd[1]: Create List of Static Device Nodes was skipped because of an unmet condition check (ConditionFileNotEmpty=/lib/modules/6.11.0-rc6-ef4c04432ff7+/modules.devname).
[    7.642332] systemd[1]: Starting Monitoring of LVM2 mirrors, snapshots etc. using dmeventd or progress polling...
         Starting [0;1;39mMonitoring of LVM…meventd or progress polling[0m...
[    7.662174] systemd[1]: Starting Load Kernel Module configfs...
         Starting [0;1;39mLoad Kernel Module configfs[0m...
[    7.684572] systemd[1]: Starting Load Kernel Module drm...
         Starting [0;1;39mLoad Kernel Module drm[0m...
[    7.703268] systemd[1]: Starting Load Kernel Module fuse...
         Starting [0;1;39mLoad Kernel Module fuse[0m...
[    7.722953] systemd[1]: Starting Read and set NIS domainname from /etc/sysconfig/network...
         Starting [0;1;39mRead and set NIS …from /etc/sysconfig/network[0m...
[    7.780598] systemd[1]: Starting Journal Service...
         Starting [0;1;39mJournal Service[0m...
[    7.810164] systemd[1]: Starting Load Kernel Modules...
         Starting [0;1;39mLoad Kernel Modules[0m...
[    7.820941] systemd[1]: Starting Generate network units from Kernel command line...
         Starting [0;1;39mGenerate network …ts from Kernel command line[0m...
[    7.840764] systemd[1]: Starting Remount Root and Kernel File Systems...
         Starting [0;1;39mRemount Root and Kernel File Systems[0m...
[    7.846624] systemd[1]: Repartition Root Disk was skipped because no trigger condition checks were met.
[    7.877068] systemd[1]: Starting Coldplug All udev Devices...
         Starting [0;1;39mColdplug All udev Devices[0m...
[    7.929514] systemd[1]: Mounted Huge Pages File System.
[[0;32m  OK  [0m] Mounted [0;1;39mHuge Pages File System[0m.
[    7.936463] systemd[1]: Mounted POSIX Message Queue File System.
[[0;32m  OK  [0m] Mounted [0;1;39mPOSIX Message Queue File System[0m.
[    7.938388] systemd[1]: Mounted Kernel Debug File System.
[[0;32m  OK  [0m] Mounted [0;1;39mKernel Debug File System[0m.
[    7.944553] systemd[1]: Mounted Kernel Trace File System.
[[0;32m  OK  [0m] Mounted [0;1;39mKernel Trace File System[0m.
[    7.949912] systemd[1]: Finished Monitoring of LVM2 mirrors, snapshots etc. using dmeventd or progress polling.
[[0;32m  OK  [0m] Finished [0;1;39mMonitoring of LVM… dmeventd or progress polling[0m.
[    7.954935] systemd[1]: modprobe@configfs.service: Deactivated successfully.
[    7.959596] systemd[1]: Finished Load Kernel Module configfs.
[[0;32m  OK  [0m] Finished [0;1;39mLoad Kernel Module configfs[0m.
[    7.968964] systemd[1]: modprobe@drm.service: Deactivated successfully.
[    7.971938] systemd[1]: Finished Load Kernel Module drm.
[[0;32m  OK  [0m] Finished [0;1;39mLoad Kernel Module drm[0m.
[    7.974975] systemd[1]: modprobe@fuse.service: Deactivated successfully.
[    7.984100] systemd[1]: Finished Load Kernel Module fuse.
[[0;32m  OK  [0m] Finished [0;1;39mLoad Kernel Module fuse[0m.
[    7.988402] systemd[1]: Finished Read and set NIS domainname from /etc/sysconfig/network.
[[0;32m  OK  [0m] Finished [0;1;39mRead and set NIS …e from /etc/sysconfig/network[0m.
[    7.991947] EXT4-fs (sda): re-mounted 088740a9-c8b4-422c-999d-a804eb68a4da r/w. Quota mode: none.
[    7.998602] systemd[1]: systemd-modules-load.service: Main process exited, code=exited, status=1/FAILURE
[    8.004293] systemd[1]: systemd-modules-load.service: Failed with result 'exit-code'.
[    8.006487] systemd[1]: Failed to start Load Kernel Modules.
[[0;1;31mFAILED[0m] Failed to start [0;1;39mLoad Kernel Modules[0m.
See 'systemctl status systemd-modules-load.service' for details.
[    8.017879] systemd[1]: Finished Generate network units from Kernel command line.
[[0;32m  OK  [0m] Finished [0;1;39mGenerate network units from Kernel command line[0m.
[    8.025643] systemd[1]: Finished Remount Root and Kernel File Systems.
[[0;32m  OK  [0m] Finished [0;1;39mRemount Root and Kernel File Systems[0m.
[    8.030403] systemd[1]: Reached target Preparation for Network.
[[0;32m  OK  [0m] Reached target [0;1;39mPreparation for Network[0m.
[    8.068003] systemd[1]: Mounting FUSE Control File System...
         Mounting [0;1;39mFUSE Control File System[0m...
[    8.089581] systemd[1]: Mounting Kernel Configuration File System...
         Mounting [0;1;39mKernel Configuration File System[0m...
[    8.092180] systemd[1]: Special handling of early boot iSCSI sessions was skipped because of an unmet condition check (ConditionDirectoryNotEmpty=/sys/class/iscsi_session).
[    8.093491] systemd[1]: First Boot Wizard was skipped because of an unmet condition check (ConditionFirstBoot=yes).
[    8.103008] systemd[1]: Rebuild Hardware Database was skipped because of an unmet condition check (ConditionNeedsUpdate=/etc).
[    8.136590] systemd[1]: Starting Load/Save Random Seed...
         Starting [0;1;39mLoad/Save Random Seed[0m...
[    8.153440] systemd[1]: Starting Apply Kernel Variables...
         Starting [0;1;39mApply Kernel Variables[0m...
[    8.156267] systemd[1]: Create System Users was skipped because no trigger condition checks were met.
[    8.181185] systemd[1]: Starting Create Static Device Nodes in /dev...
         Starting [0;1;39mCreate Static Device Nodes in /dev[0m...
[    8.221647] systemd[1]: Starting Setup Virtual Console...
         Starting [0;1;39mSetup Virtual Console[0m...
[    8.249926] systemd[1]: Started Journal Service.
[[0;32m  OK  [0m] Started [0;1;39mJournal Service[0m.
[[0;32m  OK  [0m] Mounted [0;1;39mFUSE Control File System[0m.
[[0;32m  OK  [0m] Mounted [0;1;39mKernel Configuration File System[0m.
[[0;32m  OK  [0m] Finished [0;1;39mLoad/Save Random Seed[0m.
[[0;32m  OK  [0m] Finished [0;1;39mApply Kernel Variables[0m.
         Starting [0;1;39mFlush Journal to Persistent Storage[0m...
[[0;32m  OK  [0m] Finished [0;1;39mCreate Static Device Nodes in /dev[0m.
         Starting [0;1;39mRule-based Manage…for Device Events and Files[0m...
[    8.424044] systemd-journald[147]: Received client request to flush runtime journal.
[[0;32m  OK  [0m] Finished [0;1;39mFlush Journal to Persistent Storage[0m.
[[0;32m  OK  [0m] Started [0;1;39mRule-based Manager for Device Events and Files[0m.
         Starting [0;1;39mAuto-connect to s…E devices found during boot[0m...
[[0;32m  OK  [0m] Finished [0;1;39mAuto-connect to s…VME devices found during boot[0m.
[[0;32m  OK  [0m] Finished [0;1;39mColdplug All udev Devices[0m.
         Starting [0;1;39mWait for udev To …plete Device Initialization[0m...
[[0;32m  OK  [0m] Finished [0;1;39mSetup Virtual Console[0m.
[[0;32m  OK  [0m] Started [0;1;39mDispatch Password …ts to Console Directory Watch[0m.
[[0;32m  OK  [0m] Reached target [0;1;39mLocal Encrypted Volumes[0m.
[[0;32m  OK  [0m] Reached target [0;1;39mPath Units[0m.
[[0;32m  OK  [0m] Found device [0;1;39m/dev/ttyS0[0m.
[[0;32m  OK  [0m] Listening on [0;1;39mLoad/Save RF …itch Status /dev/rfkill Watch[0m.
[[0;32m  OK  [0m] Finished [0;1;39mWait for udev To Complete Device Initialization[0m.
[[0;32m  OK  [0m] Reached target [0;1;39mPreparation for Local File Systems[0m.
[[0;32m  OK  [0m] Reached target [0;1;39mLocal File Systems[0m.
         Starting [0;1;39mTell Plymouth To Write Out Runtime Data[0m...
         Starting [0;1;39mAutomatic Boot Loader Update[0m...
         Starting [0;1;39mCreate Volatile Files and Directories[0m...
[[0;32m  OK  [0m] Finished [0;1;39mTell Plymouth To Write Out Runtime Data[0m.
[[0;32m  OK  [0m] Finished [0;1;39mAutomatic Boot Loader Update[0m.
[[0;32m  OK  [0m] Finished [0;1;39mCreate Volatile Files and Directories[0m.
         Mounting [0;1;39mRPC Pipe File System[0m...
         Starting [0;1;39mSecurity Auditing Service[0m...
         Starting [0;1;39mRPC Bind[0m...
[[0;32m  OK  [0m] Mounted [0;1;39mRPC Pipe File System[0m.
[[0;32m  OK  [0m] Reached target [0;1;39mrpc_pipefs.target[0m.
[[0;32m  OK  [0m] Started [0;1;39mRPC Bind[0m.
[[0;32m  OK  [0m] Started [0;1;39mSecurity Auditing Service[0m.
         Starting [0;1;39mRecord System Boot/Shutdown in UTMP[0m...
[[0;32m  OK  [0m] Finished [0;1;39mRecord System Boot/Shutdown in UTMP[0m.
[[0;32m  OK  [0m] Reached target [0;1;39mSystem Initialization[0m.
[[0;32m  OK  [0m] Started [0;1;39mDaily rotation of log files[0m.
[[0;32m  OK  [0m] Started [0;1;39mUpdates mlocate database every day[0m.
[[0;32m  OK  [0m] Started [0;1;39mDaily Cleanup of Temporary Directories[0m.
[[0;32m  OK  [0m] Started [0;1;39mdaily update of the root trust anchor for DNSSEC[0m.
[[0;32m  OK  [0m] Reached target [0;1;39mTimer Units[0m.
[[0;32m  OK  [0m] Listening on [0;1;39mD-Bus System Message Bus Socket[0m.
[[0;32m  OK  [0m] Listening on [0;1;39mOpen-iSCSI iscsid Socket[0m.
[[0;32m  OK  [0m] Listening on [0;1;39mOpen-iSCSI iscsiuio Socket[0m.
[[0;32m  OK  [0m] Listening on [0;1;39mSSSD Kerberos…ache Manager responder socket[0m.
[[0;32m  OK  [0m] Listening on [0;1;39mLibvirt interface local socket[0m.
[[0;32m  OK  [0m] Listening on [0;1;39mVirtual machine lock manager socket[0m.
[[0;32m  OK  [0m] Listening on [0;1;39mVirtual machine log manager socket[0m.
[[0;32m  OK  [0m] Listening on [0;1;39mLibvirt network local socket[0m.
[[0;32m  OK  [0m] Listening on [0;1;39mLibvirt nodedev local socket[0m.
[[0;32m  OK  [0m] Listening on [0;1;39mLibvirt nwfilter local socket[0m.
[[0;32m  OK  [0m] Listening on [0;1;39mLibvirt proxy local socket[0m.
[[0;32m  OK  [0m] Listening on [0;1;39mLibvirt qemu local socket[0m.
[[0;32m  OK  [0m] Listening on [0;1;39mLibvirt qemu admin socket[0m.
[[0;32m  OK  [0m] Listening on [0;1;39mLibvirt qemu local read-only socket[0m.
[[0;32m  OK  [0m] Listening on [0;1;39mLibvirt secret local socket[0m.
[[0;32m  OK  [0m] Listening on [0;1;39mLibvirt storage local socket[0m.
[[0;32m  OK  [0m] Reached target [0;1;39mSocket Units[0m.
         Starting [0;1;39mD-Bus System Message Bus[0m...
[[0;32m  OK  [0m] Started [0;1;39mD-Bus System Message Bus[0m.
[[0;32m  OK  [0m] Reached target [0;1;39mBasic System[0m.
         Starting [0;1;39mNetwork Manager[0m...
         Starting [0;1;39mNTP client/server[0m...
         Starting [0;1;39mRestore /run/initramfs on shutdown[0m...
[[0;32m  OK  [0m] Started [0;1;39mirqbalance daemon[0m.
[[0;32m  OK  [0m] Started [0;1;39mlibstoragemgmt plug-in server daemon[0m.
[[0;32m  OK  [0m] Started [0;1;39mMachine Check Exception Logging Daemon[0m.
[[0;32m  OK  [0m] Reached target [0;1;39msshd-keygen.target[0m.
[[0;32m  OK  [0m] Reached target [0;1;39mUser and Group Name Lookups[0m.
         Starting [0;1;39mUser Login Management[0m...
         Starting [0;1;39mVirtual Machine a…tainer Registration Service[0m...
         Starting [0;1;39mupdate of the roo…NSSEC validation in unbound[0m...
         Starting [0;1;39mRotate log files[0m...
[[0;32m  OK  [0m] Started [0;1;39mUpdate a database for mlocate[0m.
[[0;32m  OK  [0m] Started [0;1;39mNTP client/server[0m.
[[0;32m  OK  [0m] Finished [0;1;39mRestore /run/initramfs on shutdown[0m.
[[0;32m  OK  [0m] Started [0;1;39mVirtual Machine an…ontainer Registration Service[0m.
         Starting [0;1;39mHostname Service[0m...
[[0;32m  OK  [0m] Finished [0;1;39mupdate of the roo… DNSSEC validation in unbound[0m.
[[0;32m  OK  [0m] Started [0;1;39mUser Login Management[0m.
[[0;32m  OK  [0m] Finished [0;1;39mRotate log files[0m.
[[0;32m  OK  [0m] Started [0;1;39mHostname Service[0m.
         Starting [0;1;39mNetwork Manager Script Dispatcher Service[0m...
[[0;32m  OK  [0m] Started [0;1;39mNetwork Manager Script Dispatcher Service[0m.
[   14.072326] e1000: eth0 NIC Link is Up 1000 Mbps Full Duplex, Flow Control: RX
[[0;32m  OK  [0m] Started [0;1;39mNetwork Manager[0m.
[[0;32m  OK  [0m] Reached target [0;1;39mNetwork[0m.
[[0;32m  OK  [0m] Reached target [0;1;39mNetwork is Online[0m.
         Starting [0;1;39mGSSAPI Proxy Daemon[0m...
         Starting [0;1;39mNotify NFS peers of a restart[0m...
         Starting [0;1;39mSystem Logging Service[0m...
         Starting [0;1;39mOpenSSH server daemon[0m...
         Starting [0;1;39mDynamic System Tuning Daemon[0m...
[[0;32m  OK  [0m] Started [0;1;39mGSSAPI Proxy Daemon[0m.
[[0;32m  OK  [0m] Started [0;1;39mNotify NFS peers of a restart[0m.
[[0;32m  OK  [0m] Reached target [0;1;39mNFS client services[0m.
[[0;32m  OK  [0m] Reached target [0;1;39mPreparation for Remote File Systems[0m.
[[0;32m  OK  [0m] Reached target [0;1;39mRemote File Systems[0m.
         Starting [0;1;39mPermit User Sessions[0m...
         Starting [0;1;39mVirtualization qemu daemon[0m...
[[0;32m  OK  [0m] Started [0;1;39mOpenSSH server daemon[0m.
[[0;32m  OK  [0m] Started [0;1;39mSystem Logging Service[0m.
[[0;32m  OK  [0m] Finished [0;1;39mPermit User Sessions[0m.
[[0;32m  OK  [0m] Started [0;1;39mDeferred execution scheduler[0m.
[[0;32m  OK  [0m] Started [0;1;39mCommand Scheduler[0m.
         Starting [0;1;39mHold until boot process finishes up[0m...
         Starting [0;1;39mTerminate Plymouth Boot Screen[0m...
[[0;32m  OK  [0m] Finished [0;1;39mHold until boot process finishes up[0m.
[[0;32m  OK  [0m] Started [0;1;39mGetty on tty1[0m.
[[0;32m  OK  [0m] Started [0;1;39mSerial Getty on ttyS0[0m.
[[0;32m  OK  [0m] Reached target [0;1;39mLogin Prompts[0m.
[[0;32m  OK  [0m] Started [0;1;39mVirtualization qemu daemon[0m.
[[0;32m  OK  [0m] Finished [0;1;39mTerminate Plymouth Boot Screen[0m.
         Starting [0;1;39mAuthorization Manager[0m...
[[0;32m  OK  [0m] Started [0;1;39mAuthorization Manager[0m.
[[0;32m  OK  [0m] Started [0;1;39mDynamic System Tuning Daemon[0m.
[[0;32m  OK  [0m] Reached target [0;1;39mMulti-User System[0m.
         Starting [0;1;39mRecord Runlevel Change in UTMP[0m...
[[0;32m  OK  [0m] Finished [0;1;39mRecord Runlevel Change in UTMP[0m.

CentOS Stream 9
Kernel 6.11.0-rc6-ef4c04432ff7+ on an x86_64

Activate the web console with: systemctl enable --now cockpit.socket

test login: [   26.969962] cgroup: Unknown subsys name 'net'
[   27.074118] cgroup: Unknown subsys name 'rlimit'
[   27.198200] ------------[ cut here ]------------
[   27.198559] WARNING: CPU: 1 PID: 732 at include/linux/maple_tree.h:733 __split_vma+0x4d7/0x1020
[   27.199082] Modules linked in:
[   27.199285] CPU: 1 UID: 0 PID: 732 Comm: repro Not tainted 6.11.0-rc6-ef4c04432ff7+ #1
[   27.199786] Hardware name: QEMU Standard PC (i440FX + PIIX, 1996), BIOS rel-1.16.0-0-gd239552ce722-prebuilt.qemu.org 04/01/2014
[   27.200442] RIP: 0010:__split_vma+0x4d7/0x1020
[   27.200719] Code: 89 ee 48 8b 40 10 48 89 c7 48 89 85 00 ff ff ff e8 8e de a7 ff 48 8b 85 00 ff ff ff 4c 39 e8 0f 83 ea fd ff ff e8 b9 db a7 ff <0f> 0b e9 de fd ff ff 48 8b 85 30 ff ff ff 48 83 c0 10 48 89 85 18
[   27.201770] RSP: 0018:ffff888025ddf9a0 EFLAGS: 00010293
[   27.202089] RAX: 0000000000000000 RBX: ffff88801b54f960 RCX: ffffffff81be4547
[   27.202495] RDX: ffff88801233a500 RSI: ffffffff81be45b7 RDI: 0000000000000006
[   27.202890] RBP: ffff888025ddfaa0 R08: 0000000000000001 R09: ffffed1003b28abf
[   27.203307] R10: 0000000020ff9000 R11: 0000000000000001 R12: ffff888025ddfe40
[   27.203759] R13: 0000000020ff9000 R14: 0000000020ffc000 R15: ffff88801b54f000
[   27.204173] FS:  00007f5075a93740(0000) GS:ffff88806c500000(0000) knlGS:0000000000000000
[   27.204632] CS:  0010 DS: 0000 ES: 0000 CR0: 0000000080050033
[   27.204967] CR2: 0000000020000040 CR3: 0000000011994002 CR4: 0000000000770ef0
[   27.205376] DR0: 0000000000000000 DR1: 0000000000000000 DR2: 0000000000000000
[   27.205785] DR3: 0000000000000000 DR6: 00000000ffff07f0 DR7: 0000000000000400
[   27.206198] PKRU: 55555554
[   27.206363] Call Trace:
[   27.206514]  <TASK>
[   27.206648]  ? show_regs+0xa8/0xc0
[   27.206867]  ? __warn+0xf3/0x380
[   27.207074]  ? report_bug+0x25e/0x4b0
[   27.207311]  ? __split_vma+0x4d7/0x1020
[   27.207548]  ? report_bug+0x2cb/0x4b0
[   27.207795]  ? __split_vma+0x4d7/0x1020
[   27.208032]  ? handle_bug+0xa2/0x130
[   27.208256]  ? exc_invalid_op+0x3c/0x80
[   27.208490]  ? asm_exc_invalid_op+0x1f/0x30
[   27.208757]  ? __split_vma+0x467/0x1020
[   27.208992]  ? __split_vma+0x4d7/0x1020
[   27.209227]  ? __split_vma+0x4d7/0x1020
[   27.209467]  ? __pfx___split_vma+0x10/0x10
[   27.209715]  ? stack_trace_save+0x97/0xd0
[   27.209965]  ? __sanitizer_cov_trace_const_cmp8+0x1c/0x30
[   27.210297]  vms_gather_munmap_vmas+0x178/0xf70
[   27.210570]  ? __kasan_check_read+0x15/0x20
[   27.210827]  ? __lock_acquire+0x1b0f/0x5c90
[   27.211087]  do_vmi_align_munmap+0x26e/0x640
[   27.211351]  ? __pfx_do_vmi_align_munmap+0x10/0x10
[   27.211657]  ? __this_cpu_preempt_check+0x21/0x30
[   27.211945]  ? __sanitizer_cov_trace_const_cmp4+0x1a/0x20
[   27.212263]  ? mtree_range_walk+0x728/0xb70
[   27.212528]  ? __sanitizer_cov_trace_const_cmp4+0x1a/0x20
[   27.212844]  ? mas_walk+0x6a7/0x8b0
[   27.213069]  do_vmi_munmap+0x202/0x400
[   27.213303]  __vm_munmap+0x182/0x380
[   27.213530]  ? __pfx___vm_munmap+0x10/0x10
[   27.213779]  ? seqcount_lockdep_reader_access.constprop.0+0xb4/0xd0
[   27.214152]  ? lockdep_hardirqs_on+0x89/0x110
[   27.214419]  ? trace_hardirqs_on+0x51/0x60
[   27.214676]  ? __audit_syscall_entry+0x39c/0x500
[   27.214961]  __x64_sys_munmap+0x62/0x90
[   27.215196]  x64_sys_call+0x198f/0x2140
[   27.215433]  do_syscall_64+0x6d/0x140
[   27.215678]  entry_SYSCALL_64_after_hwframe+0x76/0x7e
[   27.215980] RIP: 0033:0x7f507583ee5d
[   27.216204] Code: ff c3 66 2e 0f 1f 84 00 00 00 00 00 90 f3 0f 1e fa 48 89 f8 48 89 f7 48 89 d6 48 89 ca 4d 89 c2 4d 89 c8 4c 8b 4c 24 08 0f 05 <48> 3d 01 f0 ff ff 73 01 c3 48 8b 0d 93 af 1b 00 f7 d8 64 89 01 48
[   27.217241] RSP: 002b:00007fff8e246728 EFLAGS: 00000206 ORIG_RAX: 000000000000000b
[   27.217677] RAX: ffffffffffffffda RBX: 0000000000000000 RCX: 00007f507583ee5d
[   27.218089] RDX: ffffffffffffff80 RSI: 0000000000001000 RDI: 0000000020ffc000
[   27.218498] RBP: 00007fff8e246740 R08: 0000000000000000 R09: 00007fff8e246740
[   27.218906] R10: 0000000000000003 R11: 0000000000000206 R12: 00007fff8e2468d8
[   27.219314] R13: 00000000004027cc R14: 0000000000404e08 R15: 00007f5075ade000
[   27.219749]  </TASK>
[   27.219889] irq event stamp: 1357
[   27.220092] hardirqs last  enabled at (1365): [<ffffffff81458564>] console_unlock+0x224/0x240
[   27.220580] hardirqs last disabled at (1372): [<ffffffff81458549>] console_unlock+0x209/0x240
[   27.221067] softirqs last  enabled at (908): [<ffffffff81288a09>] __irq_exit_rcu+0xa9/0x120
[   27.221545] softirqs last disabled at (889): [<ffffffff81288a09>] __irq_exit_rcu+0xa9/0x120
[   27.222025] ---[ end trace 0000000000000000 ]---
[   27.222359] ------------[ cut here ]------------
[   27.222632] WARNING: CPU: 1 PID: 732 at include/linux/maple_tree.h:733 __split_vma+0x4d7/0x1020
[   27.223129] Modules linked in:
[   27.223320] CPU: 1 UID: 0 PID: 732 Comm: repro Tainted: G        W          6.11.0-rc6-ef4c04432ff7+ #1
[   27.223878] Tainted: [W]=WARN
[   27.224060] Hardware name: QEMU Standard PC (i440FX + PIIX, 1996), BIOS rel-1.16.0-0-gd239552ce722-prebuilt.qemu.org 04/01/2014
[   27.224705] RIP: 0010:__split_vma+0x4d7/0x1020
[   27.224976] Code: 89 ee 48 8b 40 10 48 89 c7 48 89 85 00 ff ff ff e8 8e de a7 ff 48 8b 85 00 ff ff ff 4c 39 e8 0f 83 ea fd ff ff e8 b9 db a7 ff <0f> 0b e9 de fd ff ff 48 8b 85 30 ff ff ff 48 83 c0 10 48 89 85 18
[   27.226026] RSP: 0018:ffff888025ddf9a0 EFLAGS: 00010293
[   27.226336] RAX: 0000000000000000 RBX: ffff88801b54f960 RCX: ffffffff81be45a2
[   27.227011] RDX: ffff88801233a500 RSI: ffffffff81be45b7 RDI: 0000000000000006
[   27.227437] RBP: ffff888025ddfaa0 R08: 0000000000000001 R09: ffffed1003b28bb2
[   27.227896] R10: 0000000020ffd000 R11: 0000000000000001 R12: ffff888025ddfe40
[   27.228305] R13: 0000000020ffd000 R14: 0000000020ffd000 R15: ffff88801b54fd20
[   27.228711] FS:  00007f5075a93740(0000) GS:ffff88806c500000(0000) knlGS:0000000000000000
[   27.229168] CS:  0010 DS: 0000 ES: 0000 CR0: 0000000080050033
[   27.229500] CR2: 0000000020000040 CR3: 0000000011994002 CR4: 0000000000770ef0
[   27.229909] DR0: 0000000000000000 DR1: 0000000000000000 DR2: 0000000000000000
[   27.230371] DR3: 0000000000000000 DR6: 00000000ffff07f0 DR7: 0000000000000400
[   27.230851] PKRU: 55555554
[   27.231019] Call Trace:
[   27.231173]  <TASK>
[   27.231314]  ? show_regs+0xa8/0xc0
[   27.231533]  ? __warn+0xf3/0x380
[   27.231765]  ? report_bug+0x25e/0x4b0
[   27.231995]  ? __split_vma+0x4d7/0x1020
[   27.232234]  ? report_bug+0x2cb/0x4b0
[   27.232464]  ? __split_vma+0x4d7/0x1020
[   27.232718]  ? handle_bug+0xa2/0x130
[   27.232997]  ? exc_invalid_op+0x3c/0x80
[   27.233234]  ? asm_exc_invalid_op+0x1f/0x30
[   27.233495]  ? __split_vma+0x4c2/0x1020
[   27.233731]  ? __split_vma+0x4d7/0x1020
[   27.233968]  ? __split_vma+0x4d7/0x1020
[   27.234217]  ? __pfx___split_vma+0x10/0x10
[   27.234481]  vms_gather_munmap_vmas+0x323/0xf70
[   27.234758]  ? __kasan_check_read+0x15/0x20
[   27.235013]  ? __lock_acquire+0x1b0f/0x5c90
[   27.235275]  do_vmi_align_munmap+0x26e/0x640
[   27.235542]  ? __pfx_do_vmi_align_munmap+0x10/0x10
[   27.235847]  ? __this_cpu_preempt_check+0x21/0x30
[   27.236137]  ? __sanitizer_cov_trace_const_cmp4+0x1a/0x20
[   27.236539]  ? mtree_range_walk+0x728/0xb70
[   27.236807]  ? __sanitizer_cov_trace_const_cmp4+0x1a/0x20
[   27.237130]  ? mas_walk+0x6a7/0x8b0
[   27.237359]  do_vmi_munmap+0x202/0x400
[   27.237598]  __vm_munmap+0x182/0x380
[   27.237825]  ? __pfx___vm_munmap+0x10/0x10
[   27.238080]  ? seqcount_lockdep_reader_access.constprop.0+0xb4/0xd0
[   27.238464]  ? lockdep_hardirqs_on+0x89/0x110
[   27.238740]  ? trace_hardirqs_on+0x51/0x60
[   27.238998]  ? __audit_syscall_entry+0x39c/0x500
[   27.239286]  __x64_sys_munmap+0x62/0x90
[   27.239525]  x64_sys_call+0x198f/0x2140
[   27.239782]  do_syscall_64+0x6d/0x140
[   27.240014]  entry_SYSCALL_64_after_hwframe+0x76/0x7e
[   27.240349] RIP: 0033:0x7f507583ee5d
[   27.240608] Code: ff c3 66 2e 0f 1f 84 00 00 00 00 00 90 f3 0f 1e fa 48 89 f8 48 89 f7 48 89 d6 48 89 ca 4d 89 c2 4d 89 c8 4c 8b 4c 24 08 0f 05 <48> 3d 01 f0 ff ff 73 01 c3 48 8b 0d 93 af 1b 00 f7 d8 64 89 01 48
[   27.241663] RSP: 002b:00007fff8e246728 EFLAGS: 00000206 ORIG_RAX: 000000000000000b
[   27.242112] RAX: ffffffffffffffda RBX: 0000000000000000 RCX: 00007f507583ee5d
[   27.242529] RDX: ffffffffffffff80 RSI: 0000000000001000 RDI: 0000000020ffc000
[   27.242944] RBP: 00007fff8e246740 R08: 0000000000000000 R09: 00007fff8e246740
[   27.243381] R10: 0000000000000003 R11: 0000000000000206 R12: 00007fff8e2468d8
[   27.243885] R13: 00000000004027cc R14: 0000000000404e08 R15: 00007f5075ade000
[   27.244333]  </TASK>
[   27.244475] irq event stamp: 1985
[   27.244678] hardirqs last  enabled at (1993): [<ffffffff81458564>] console_unlock+0x224/0x240
[   27.245182] hardirqs last disabled at (2000): [<ffffffff81458549>] console_unlock+0x209/0x240
[   27.245685] softirqs last  enabled at (1544): [<ffffffff81288a09>] __irq_exit_rcu+0xa9/0x120
[   27.246189] softirqs last disabled at (1529): [<ffffffff81288a09>] __irq_exit_rcu+0xa9/0x120
[   27.246700] ---[ end trace 0000000000000000 ]---
[   27.247567] BUG: Bad page map in process repro  pte:8000000007c5e205 pmd:1d8e0067
[   27.248138] addr:00007f5075aa2000 vm_flags:08100077 anon_vma:0000000000000000 mapping:0000000000000000 index:7f5096a9e
[   27.248822] file:(null) fault:0x0 mmap:0x0 read_folio:0x0
[   27.249199] CPU: 1 UID: 0 PID: 732 Comm: repro Tainted: G        W          6.11.0-rc6-ef4c04432ff7+ #1
[   27.249765] Tainted: [W]=WARN
[   27.249950] Hardware name: QEMU Standard PC (i440FX + PIIX, 1996), BIOS rel-1.16.0-0-gd239552ce722-prebuilt.qemu.org 04/01/2014
[   27.250665] Call Trace:
[   27.250828]  <TASK>
[   27.250982]  dump_stack_lvl+0x121/0x150
[   27.251244]  dump_stack+0x19/0x20
[   27.251481]  print_bad_pte+0x506/0x7e0
[   27.251790]  vm_normal_page+0x316/0x3a0
[   27.252037]  ? __pfx_vm_normal_page+0x10/0x10
[   27.252331]  unmap_page_range+0xee6/0x4320
[   27.252596]  ? __pfx_vm_area_free_rcu_cb+0xf/0x10
[   27.252892]  ? __pfx_vm_area_free_rcu_cb+0x10/0x10
[   27.253206]  ? __pfx_unmap_page_range+0x10/0x10
[   27.253486]  ? __this_cpu_preempt_check+0x21/0x30
[   27.253808]  ? __pfx_vm_area_free_rcu_cb+0x10/0x10
[   27.254179]  unmap_single_vma+0x1ac/0x2d0
[   27.254437]  unmap_vmas+0x210/0x470
[   27.254662]  ? __pfx_unmap_vmas+0x10/0x10
[   27.254913]  ? __pfx_lock_release+0x10/0x10
[   27.255178]  ? lock_release+0x441/0x870
[   27.255413]  ? __pfx_folio_batch_move_lru+0x10/0x10
[   27.255724]  ? __pfx_lock_release+0x10/0x10
[   27.256004]  ? mlock_drain_local+0x27f/0x4b0
[   27.256342]  exit_mmap+0x19e/0xb10
[   27.256569]  ? __pfx_exit_mmap+0x10/0x10
[   27.256812]  ? uprobe_clear_state+0x52/0xf0
[   27.257109]  __mmput+0xde/0x3a0
[   27.257312]  mmput+0x74/0x90
[   27.257501]  do_exit+0xa03/0x29f0
[   27.257721]  ? lock_release+0x441/0x870
[   27.257972]  ? __pfx_do_exit+0x10/0x10
[   27.258239]  ? __this_cpu_preempt_check+0x21/0x30
[   27.258585]  ? _raw_spin_unlock_irq+0x2c/0x60
[   27.258867]  ? lockdep_hardirqs_on+0x89/0x110
[   27.259150]  do_group_exit+0xe4/0x2c0
[   27.259391]  __x64_sys_exit_group+0x4d/0x60
[   27.259657]  x64_sys_call+0xf81/0x2140
[   27.259897]  do_syscall_64+0x6d/0x140
[   27.260138]  entry_SYSCALL_64_after_hwframe+0x76/0x7e
[   27.260503] RIP: 0033:0x7f5075918a4d
[   27.260768] Code: Unable to access opcode bytes at 0x7f5075918a23.
[   27.261145] RSP: 002b:00007fff8e2466d8 EFLAGS: 00000246 ORIG_RAX: 00000000000000e7
[   27.261605] RAX: ffffffffffffffda RBX: 00007f50759f69e0 RCX: 00007f5075918a4d
[   27.262039] RDX: 00000000000000e7 RSI: ffffffffffffff80 RDI: 0000000000000000
[   27.262464] RBP: 0000000000000000 R08: 0000000000000000 R09: 0000000000000020
[   27.262984] R10: 00007fff8e246580 R11: 0000000000000246 R12: 00007f50759f69e0
[   27.263415] R13: 00007f50759fbf00 R14: 0000000000000001 R15: 00007f50759fbee8
[   27.263863]  </TASK>
[   27.264129] Disabling lock debugging due to kernel taint
[   27.264458] BUG: Bad page map in process repro  pte:800000000cc03205 pmd:1d8e0067
[   27.264913] addr:00007f5075aa3000 vm_flags:08100077 anon_vma:0000000000000000 mapping:0000000000000000 index:7f5096a9f
[   27.265541] file:(null) fault:0x0 mmap:0x0 read_folio:0x0
[   27.265933] CPU: 1 UID: 0 PID: 732 Comm: repro Tainted: G    B   W          6.11.0-rc6-ef4c04432ff7+ #1
[   27.266538] Tainted: [B]=BAD_PAGE, [W]=WARN
[   27.266800] Hardware name: QEMU Standard PC (i440FX + PIIX, 1996), BIOS rel-1.16.0-0-gd239552ce722-prebuilt.qemu.org 04/01/2014
[   27.267558] Call Trace:
[   27.267775]  <TASK>
[   27.267931]  dump_stack_lvl+0x121/0x150
[   27.268179]  dump_stack+0x19/0x20
[   27.268389]  print_bad_pte+0x506/0x7e0
[   27.268666]  vm_normal_page+0x316/0x3a0
[   27.268954]  ? __pfx_vm_normal_page+0x10/0x10
[   27.269235]  unmap_page_range+0xee6/0x4320
[   27.269507]  ? __pfx_vm_area_free_rcu_cb+0xf/0x10
[   27.269809]  ? __pfx_vm_area_free_rcu_cb+0x10/0x10
[   27.270121]  ? __pfx_unmap_page_range+0x10/0x10
[   27.270475]  ? __this_cpu_preempt_check+0x21/0x30
[   27.270813]  ? __pfx_vm_area_free_rcu_cb+0x10/0x10
[   27.271108]  unmap_single_vma+0x1ac/0x2d0
[   27.271364]  unmap_vmas+0x210/0x470
[   27.271607]  ? __pfx_unmap_vmas+0x10/0x10
[   27.271916]  ? __pfx_lock_release+0x10/0x10
[   27.272179]  ? lock_release+0x441/0x870
[   27.272418]  ? __pfx_folio_batch_move_lru+0x10/0x10
[   27.272725]  ? __pfx_lock_release+0x10/0x10
[   27.272988]  ? mlock_drain_local+0x27f/0x4b0
[   27.273263]  exit_mmap+0x19e/0xb10
[   27.273481]  ? __pfx_exit_mmap+0x10/0x10
[   27.273724]  ? uprobe_clear_state+0x52/0xf0
[   27.274001]  __mmput+0xde/0x3a0
[   27.274208]  mmput+0x74/0x90
[   27.274399]  do_exit+0xa03/0x29f0
[   27.274615]  ? lock_release+0x441/0x870
[   27.274861]  ? __pfx_do_exit+0x10/0x10
[   27.275100]  ? __this_cpu_preempt_check+0x21/0x30
[   27.275390]  ? _raw_spin_unlock_irq+0x2c/0x60
[   27.275682]  ? lockdep_hardirqs_on+0x89/0x110
[   27.276016]  do_group_exit+0xe4/0x2c0
[   27.276255]  __x64_sys_exit_group+0x4d/0x60
[   27.276519]  x64_sys_call+0xf81/0x2140
[   27.276761]  do_syscall_64+0x6d/0x140
[   27.277069]  entry_SYSCALL_64_after_hwframe+0x76/0x7e
[   27.277390] RIP: 0033:0x7f5075918a4d
[   27.277616] Code: Unable to access opcode bytes at 0x7f5075918a23.
[   27.277992] RSP: 002b:00007fff8e2466d8 EFLAGS: 00000246 ORIG_RAX: 00000000000000e7
[   27.278448] RAX: ffffffffffffffda RBX: 00007f50759f69e0 RCX: 00007f5075918a4d
[   27.278941] RDX: 00000000000000e7 RSI: ffffffffffffff80 RDI: 0000000000000000
[   27.279372] RBP: 0000000000000000 R08: 0000000000000000 R09: 0000000000000020
[   27.279799] R10: 00007fff8e246580 R11: 0000000000000246 R12: 00007f50759f69e0
[   27.280223] R13: 00007f50759fbf00 R14: 0000000000000001 R15: 00007f50759fbee8
[   27.280746]  </TASK>
[   27.281015] Oops: general protection fault, probably for non-canonical address 0xdffffc0000000000: 0000 [#1] PREEMPT SMP KASAN NOPTI
[   27.281719] KASAN: null-ptr-deref in range [0x0000000000000000-0x0000000000000007]
[   27.282175] CPU: 1 UID: 0 PID: 732 Comm: repro Tainted: G    B   W          6.11.0-rc6-ef4c04432ff7+ #1
[   27.282735] Tainted: [B]=BAD_PAGE, [W]=WARN
[   27.282989] Hardware name: QEMU Standard PC (i440FX + PIIX, 1996), BIOS rel-1.16.0-0-gd239552ce722-prebuilt.qemu.org 04/01/2014
[   27.283660] RIP: 0010:do_raw_spin_lock+0x7c/0x280
[   27.284046] Code: c7 45 88 90 b5 42 81 c7 02 f1 f1 f1 f1 c7 42 04 04 f3 f3 f3 65 48 8b 14 25 28 00 00 00 48 89 55 d0 31 d2 48 89 fa 48 c1 ea 03 <0f> b6 14 02 48 89 f8 83 e0 07 83 c0 03 38 d0 7c 08 84 d2 0f 85 c2
[   27.285137] RSP: 0018:ffff888025ddf6a0 EFLAGS: 00010247
[   27.285457] RAX: dffffc0000000000 RBX: 1ffff11004bbbed4 RCX: 0000000000000000
[   27.285946] RDX: 0000000000000000 RSI: 0000000000000002 RDI: 0000000000000004
[   27.286376] RBP: ffff888025ddf728 R08: 0000000000000000 R09: fffffbfff0f831c8
[   27.286801] R10: ffffffff87c18e47 R11: 3030303030302052 R12: 0000000000000000
[   27.287297] R13: dffffc0000000000 R14: ffff88800ce03000 R15: ffff888025ddf700
[   27.287735] FS:  0000000000000000(0000) GS:ffff88806c500000(0000) knlGS:0000000000000000
[   27.288216] CS:  0010 DS: 0000 ES: 0000 CR0: 0000000080050033
[   27.288562] CR2: 00007f50759fca50 CR3: 0000000011994002 CR4: 0000000000770ef0
[   27.289050] DR0: 0000000000000000 DR1: 0000000000000000 DR2: 0000000000000000
[   27.289472] DR3: 0000000000000000 DR6: 00000000ffff07f0 DR7: 0000000000000400
[   27.289898] PKRU: 55555554
[   27.290076] Call Trace:
[   27.290236]  <TASK>
[   27.290377]  ? show_regs+0xa8/0xc0
[   27.290601]  ? die_addr+0x5d/0xf0
[   27.290818]  ? exc_general_protection+0x1ae/0x340
[   27.291139]  ? asm_exc_general_protection+0x2b/0x30
[   27.291452]  ? do_raw_spin_lock+0x7c/0x280
[   27.291720]  ? __pfx_do_raw_spin_lock+0x10/0x10
[   27.292008]  ? __sanitizer_cov_trace_const_cmp4+0x1a/0x20
[   27.292354]  ? __sanitizer_cov_trace_const_cmp8+0x1c/0x30
[   27.292687]  _raw_spin_lock+0x40/0x50
[   27.292947]  ? __pte_offset_map_lock+0x1a3/0x3d0
[   27.293253]  __pte_offset_map_lock+0x1a3/0x3d0
[   27.293535]  ? __pfx___pte_offset_map_lock+0x10/0x10
[   27.293860]  ? __pfx_pmd_val+0x10/0x10
[   27.294125]  unmap_page_range+0xdea/0x4320
[   27.294394]  ? __pfx_vm_area_free_rcu_cb+0xf/0x10
[   27.294696]  ? __pfx_vm_area_free_rcu_cb+0x10/0x10
[   27.295036]  ? __pfx_unmap_page_range+0x10/0x10
[   27.295329]  ? __this_cpu_preempt_check+0x21/0x30
[   27.295625]  ? __pfx_vm_area_free_rcu_cb+0x10/0x10
[   27.295923]  unmap_single_vma+0x1ac/0x2d0
[   27.296201]  unmap_vmas+0x210/0x470
[   27.296427]  ? __pfx_unmap_vmas+0x10/0x10
[   27.296681]  ? __pfx_lock_release+0x10/0x10
[   27.296942]  ? lock_release+0x441/0x870
[   27.297183]  ? __pfx_folio_batch_move_lru+0x10/0x10
[   27.297489]  ? __pfx_lock_release+0x10/0x10
[   27.297753]  ? mlock_drain_local+0x27f/0x4b0
[   27.298036]  exit_mmap+0x19e/0xb10
[   27.298258]  ? __pfx_exit_mmap+0x10/0x10
[   27.298508]  ? uprobe_clear_state+0x52/0xf0
[   27.298790]  __mmput+0xde/0x3a0
[   27.298997]  mmput+0x74/0x90
[   27.299188]  do_exit+0xa03/0x29f0
[   27.299407]  ? lock_release+0x441/0x870
[   27.299670]  ? __pfx_do_exit+0x10/0x10
[   27.299911]  ? __this_cpu_preempt_check+0x21/0x30
[   27.300201]  ? _raw_spin_unlock_irq+0x2c/0x60
[   27.300477]  ? lockdep_hardirqs_on+0x89/0x110
[   27.300755]  do_group_exit+0xe4/0x2c0
[   27.300994]  __x64_sys_exit_group+0x4d/0x60
[   27.301259]  x64_sys_call+0xf81/0x2140
[   27.301495]  do_syscall_64+0x6d/0x140
[   27.301730]  entry_SYSCALL_64_after_hwframe+0x76/0x7e
[   27.302045] RIP: 0033:0x7f5075918a4d
[   27.302275] Code: Unable to access opcode bytes at 0x7f5075918a23.
[   27.302658] RSP: 002b:00007fff8e2466d8 EFLAGS: 00000246 ORIG_RAX: 00000000000000e7
[   27.303175] RAX: ffffffffffffffda RBX: 00007f50759f69e0 RCX: 00007f5075918a4d
[   27.303604] RDX: 00000000000000e7 RSI: ffffffffffffff80 RDI: 0000000000000000
[   27.304030] RBP: 0000000000000000 R08: 0000000000000000 R09: 0000000000000020
[   27.304454] R10: 00007fff8e246580 R11: 0000000000000246 R12: 00007f50759f69e0
[   27.304902] R13: 00007f50759fbf00 R14: 0000000000000001 R15: 00007f50759fbee8
[   27.305391]  </TASK>
[   27.305535] Modules linked in:
[   27.305757] ---[ end trace 0000000000000000 ]---
[   27.306053] RIP: 0010:do_raw_spin_lock+0x7c/0x280
[   27.306345] Code: c7 45 88 90 b5 42 81 c7 02 f1 f1 f1 f1 c7 42 04 04 f3 f3 f3 65 48 8b 14 25 28 00 00 00 48 89 55 d0 31 d2 48 89 fa 48 c1 ea 03 <0f> b6 14 02 48 89 f8 83 e0 07 83 c0 03 38 d0 7c 08 84 d2 0f 85 c2
[   27.307432] RSP: 0018:ffff888025ddf6a0 EFLAGS: 00010247
[   27.307764] RAX: dffffc0000000000 RBX: 1ffff11004bbbed4 RCX: 0000000000000000
[   27.308190] RDX: 0000000000000000 RSI: 0000000000000002 RDI: 0000000000000004
[   27.308622] RBP: ffff888025ddf728 R08: 0000000000000000 R09: fffffbfff0f831c8
[   27.309047] R10: ffffffff87c18e47 R11: 3030303030302052 R12: 0000000000000000
[   27.309473] R13: dffffc0000000000 R14: ffff88800ce03000 R15: ffff888025ddf700
[   27.309896] FS:  0000000000000000(0000) GS:ffff88806c500000(0000) knlGS:0000000000000000
[   27.310379] CS:  0010 DS: 0000 ES: 0000 CR0: 0000000080050033
[   27.310728] CR2: 00007f50759fca50 CR3: 0000000011994002 CR4: 0000000000770ef0
[   27.311155] DR0: 0000000000000000 DR1: 0000000000000000 DR2: 0000000000000000
[   27.311585] DR3: 0000000000000000 DR6: 00000000ffff07f0 DR7: 0000000000000400
[   27.312089] PKRU: 55555554
[   27.312322] note: repro[732] exited with preempt_count 1
[   27.312691] Fixing recursive fault but reboot is needed!
[   27.313055] BUG: using smp_processor_id() in preemptible [00000000] code: repro/732
[   27.313533] caller is debug_smp_processor_id+0x20/0x30
[   27.313883] CPU: 1 UID: 0 PID: 732 Comm: repro Tainted: G    B D W          6.11.0-rc6-ef4c04432ff7+ #1
[   27.314582] Tainted: [B]=BAD_PAGE, [D]=DIE, [W]=WARN
[   27.314981] Hardware name: QEMU Standard PC (i440FX + PIIX, 1996), BIOS rel-1.16.0-0-gd239552ce722-prebuilt.qemu.org 04/01/2014
[   27.315762] Call Trace:
[   27.315935]  <TASK>
[   27.316077]  dump_stack_lvl+0x121/0x150
[   27.316329]  dump_stack+0x19/0x20
[   27.316549]  check_preemption_disabled+0x168/0x180
[   27.316852]  debug_smp_processor_id+0x20/0x30
[   27.317129]  __schedule+0x9a/0x2eb0
[   27.317368]  ? rcu_is_watching+0x19/0xc0
[   27.317632]  ? lock_release+0x592/0x870
[   27.317885]  ? __pfx___schedule+0x10/0x10
[   27.318173]  ? debug_smp_processor_id+0x20/0x30
[   27.318455]  ? rcu_is_watching+0x19/0xc0
[   27.318710]  ? trace_irq_enable+0xe1/0x120
[   27.318977]  ? do_task_dead+0x4a/0x110
[   27.319220]  do_task_dead+0xe0/0x110
[   27.319446]  make_task_dead+0x384/0x3c0
[   27.319692]  rewind_stack_and_make_dead+0x16/0x20
[   27.319985] RIP: 0033:0x7f5075918a4d
[   27.320214] Code: Unable to access opcode bytes at 0x7f5075918a23.
[   27.320584] RSP: 002b:00007fff8e2466d8 EFLAGS: 00000246 ORIG_RAX: 00000000000000e7
[   27.321075] RAX: ffffffffffffffda RBX: 00007f50759f69e0 RCX: 00007f5075918a4d
[   27.321540] RDX: 00000000000000e7 RSI: ffffffffffffff80 RDI: 0000000000000000
[   27.321968] RBP: 0000000000000000 R08: 0000000000000000 R09: 0000000000000020
[   27.322402] R10: 00007fff8e246580 R11: 0000000000000246 R12: 00007f50759f69e0
[   27.322826] R13: 00007f50759fbf00 R14: 0000000000000001 R15: 00007f50759fbee8
[   27.323258]  </TASK>
[   27.323440] BUG: scheduling while atomic: repro/732/0x00000000
[   27.323815] INFO: lockdep is turned off.
[   27.324059] Modules linked in:
[   27.324252] Preemption disabled at:
[   27.324255] [<ffffffff81352ed8>] do_task_dead+0x28/0x110
[   27.324788] CPU: 1 UID: 0 PID: 732 Comm: repro Tainted: G    B D W          6.11.0-rc6-ef4c04432ff7+ #1
[   27.325335] Tainted: [B]=BAD_PAGE, [D]=DIE, [W]=WARN
[   27.325628] Hardware name: QEMU Standard PC (i440FX + PIIX, 1996), BIOS rel-1.16.0-0-gd239552ce722-prebuilt.qemu.org 04/01/2014
[   27.326287] Call Trace:
[   27.326441]  <TASK>
[   27.326577]  dump_stack_lvl+0x121/0x150
[   27.326820]  ? do_task_dead+0x28/0x110
[   27.327058]  dump_stack+0x19/0x20
[   27.327273]  __schedule_bug+0x12d/0x180
[   27.327515]  __schedule+0x210c/0x2eb0
[   27.327746]  ? rcu_is_watching+0x19/0xc0
[   27.327989]  ? lock_release+0x592/0x870
[   27.328231]  ? __pfx___schedule+0x10/0x10
[   27.328489]  ? debug_smp_processor_id+0x20/0x30
[   27.328766]  ? rcu_is_watching+0x19/0xc0
[   27.329008]  ? trace_irq_enable+0xe1/0x120
[   27.329260]  ? do_task_dead+0x4a/0x110
[   27.329492]  do_task_dead+0xe0/0x110
[   27.329713]  make_task_dead+0x384/0x3c0
[   27.329954]  rewind_stack_and_make_dead+0x16/0x20
[   27.330243] RIP: 0033:0x7f5075918a4d
[   27.330474] Code: Unable to access opcode bytes at 0x7f5075918a23.
[   27.330842] RSP: 002b:00007fff8e2466d8 EFLAGS: 00000246 ORIG_RAX: 00000000000000e7
[   27.331287] RAX: ffffffffffffffda RBX: 00007f50759f69e0 RCX: 00007f5075918a4d
[   27.331705] RDX: 00000000000000e7 RSI: ffffffffffffff80 RDI: 0000000000000000
[   27.332120] RBP: 0000000000000000 R08: 0000000000000000 R09: 0000000000000020
[   27.332559] R10: 00007fff8e246580 R11: 0000000000000246 R12: 00007f50759f69e0
[   27.332973] R13: 00007f50759fbf00 R14: 0000000000000001 R15: 00007f50759fbee8
[   27.333394]  </TASK>
[   27.333557] ------------[ cut here ]------------
[   27.333832] Voluntary context switch within RCU read-side critical section!
[   27.333852] WARNING: CPU: 1 PID: 732 at kernel/rcu/tree_plugin.h:330 rcu_note_context_switch+0xc05/0x1870
[   27.334812] Modules linked in:
[   27.335002] CPU: 1 UID: 0 PID: 732 Comm: repro Tainted: G    B D W          6.11.0-rc6-ef4c04432ff7+ #1
[   27.335552] Tainted: [B]=BAD_PAGE, [D]=DIE, [W]=WARN
[   27.335846] Hardware name: QEMU Standard PC (i440FX + PIIX, 1996), BIOS rel-1.16.0-0-gd239552ce722-prebuilt.qemu.org 04/01/2014
[   27.336501] RIP: 0010:rcu_note_context_switch+0xc05/0x1870
[   27.336834] Code: 8b 45 a0 4c 8b 55 a8 48 c7 c2 18 d9 c1 87 44 8b 4d b0 e9 0f 03 00 00 48 c7 c7 20 67 cd 85 c6 05 30 ad 6c 06 01 e8 2b ae d9 ff <0f> 0b e9 00 f5 ff ff 65 48 8b 3d 6c 8d b7 7e e8 27 96 fd ff e9 6a
[   27.337897] RSP: 0018:ffff888025ddfd30 EFLAGS: 00010082
[   27.338213] RAX: 0000000000000000 RBX: ffff88806c5496c0 RCX: ffffffff812697a3
[   27.338631] RDX: ffff88801233a500 RSI: ffffffff812697b0 RDI: 0000000000000001
[   27.339049] RBP: ffff888025ddfda0 R08: 0000000000000001 R09: ffffed100d8a62f9
[   27.339469] R10: 0000000000000000 R11: 000000002d2d2d2d R12: ffff88801233a500
[   27.339887] R13: 0000000000000000 R14: ffff88801233a500 R15: ffff888025ddf55c
[   27.340306] FS:  0000000000000000(0000) GS:ffff88806c500000(0000) knlGS:0000000000000000
[   27.340775] CS:  0010 DS: 0000 ES: 0000 CR0: 0000000080050033
[   27.341119] CR2: 00007f50759fca50 CR3: 0000000011994002 CR4: 0000000000770ef0
[   27.341540] DR0: 0000000000000000 DR1: 0000000000000000 DR2: 0000000000000000
[   27.341958] DR3: 0000000000000000 DR6: 00000000ffff07f0 DR7: 0000000000000400
[   27.342382] PKRU: 55555554
[   27.342554] Call Trace:
[   27.342708]  <TASK>
[   27.342844]  ? show_regs+0xa8/0xc0
[   27.343063]  ? __warn+0xf3/0x380
[   27.343269]  ? find_bug+0x32e/0x4b0
[   27.343487]  ? rcu_note_context_switch+0xc05/0x1870
[   27.343787]  ? report_bug+0x2cb/0x4b0
[   27.344015]  ? vprintk_default+0x20/0xe0
[   27.344254]  ? rcu_note_context_switch+0xc05/0x1870
[   27.344560]  ? handle_bug+0xa2/0x130
[   27.344782]  ? exc_invalid_op+0x3c/0x80
[   27.345019]  ? asm_exc_invalid_op+0x1f/0x30
[   27.345279]  ? __warn_printk+0x173/0x2e0
[   27.345522]  ? __warn_printk+0x180/0x2e0
[   27.345766]  ? rcu_note_context_switch+0xc05/0x1870
[   27.346073]  ? debug_smp_processor_id+0x20/0x30
[   27.346349]  ? rcu_is_watching+0x19/0xc0
[   27.346591]  ? trace_irq_disable+0xe1/0x120
[   27.346847]  __schedule+0x208/0x2eb0
[   27.347075]  ? rcu_is_watching+0x19/0xc0
[   27.347317]  ? lock_release+0x592/0x870
[   27.347553]  ? __pfx___schedule+0x10/0x10
[   27.347805]  ? debug_smp_processor_id+0x20/0x30
[   27.348084]  ? rcu_is_watching+0x19/0xc0
[   27.348337]  ? trace_irq_enable+0xe1/0x120
[   27.348588]  ? do_task_dead+0x4a/0x110
[   27.348819]  do_task_dead+0xe0/0x110
[   27.349043]  make_task_dead+0x384/0x3c0
[   27.349284]  rewind_stack_and_make_dead+0x16/0x20
[   27.349570] RIP: 0033:0x7f5075918a4d
[   27.349821] Code: Unable to access opcode bytes at 0x7f5075918a23.
[   27.350215] RSP: 002b:00007fff8e2466d8 EFLAGS: 00000246 ORIG_RAX: 00000000000000e7
[   27.350657] RAX: ffffffffffffffda RBX: 00007f50759f69e0 RCX: 00007f5075918a4d
[   27.351072] RDX: 00000000000000e7 RSI: ffffffffffffff80 RDI: 0000000000000000
[   27.351490] RBP: 0000000000000000 R08: 0000000000000000 R09: 0000000000000020
[   27.351924] R10: 00007fff8e246580 R11: 0000000000000246 R12: 00007f50759f69e0
[   27.352348] R13: 00007f50759fbf00 R14: 0000000000000001 R15: 00007f50759fbee8
[   27.352774]  </TASK>
[   27.352914] irq event stamp: 2411
[   27.353116] hardirqs last  enabled at (2411): [<ffffffff857d79ee>] irqentry_exit+0x3e/0xa0
[   27.353611] hardirqs last disabled at (2409): [<ffffffff8128879f>] handle_softirqs+0x6bf/0x870
[   27.354119] softirqs last  enabled at (2410): [<ffffffff81288a09>] __irq_exit_rcu+0xa9/0x120
[   27.354628] softirqs last disabled at (2363): [<ffffffff81288a09>] __irq_exit_rcu+0xa9/0x120
[   27.355138] ---[ end trace 0000000000000000 ]---
