c[?7l[2J[0mSeaBIOS (version rel-1.16.0-0-gd239552ce722-prebuilt.qemu.org)


iPXE (http://ipxe.org) 00:03.0 CA00 PCI2.10 PnP PMM+7FF91000+7FEF1000 CA00
Press Ctrl-B to configure iPXE (PCI 00:03.0)...                                                                               


Booting from ROM..c[?7l[2J[    0.000000] Linux version 6.9.0-rc1-50108c352db7+ (root@p-adls01) (gcc (GCC) 11.4.1 20231218 (Red Hat 11.4.1-3), GNU ld version 2.35.2-43.el9) #1 SMP PREEMPT_DYNAMIC Tue Apr  2 00:51:49 CST 2024
[    0.000000] Command line: console=ttyS0 root=/dev/sda earlyprintk=serial net.ifnames=0 plymouth.enable=0
[    0.000000] KERNEL supported cpus:
[    0.000000]   Intel GenuineIntel
[    0.000000]   AMD AuthenticAMD
[    0.000000]   Hygon HygonGenuine
[    0.000000]   Centaur CentaurHauls
[    0.000000]   zhaoxin   Shanghai  
[    0.000000] BIOS-provided physical RAM map:
[    0.000000] BIOS-e820: [mem 0x0000000000000000-0x000000000009fbff] usable
[    0.000000] BIOS-e820: [mem 0x000000000009fc00-0x000000000009ffff] reserved
[    0.000000] BIOS-e820: [mem 0x00000000000f0000-0x00000000000fffff] reserved
[    0.000000] BIOS-e820: [mem 0x0000000000100000-0x000000007ffdffff] usable
[    0.000000] BIOS-e820: [mem 0x000000007ffe0000-0x000000007fffffff] reserved
[    0.000000] BIOS-e820: [mem 0x00000000feffc000-0x00000000feffffff] reserved
[    0.000000] BIOS-e820: [mem 0x00000000fffc0000-0x00000000ffffffff] reserved
[    0.000000] printk: legacy bootconsole [earlyser0] enabled
[    0.000000] NX (Execute Disable) protection: active
[    0.000000] APIC: Static calls initialized
[    0.000000] SMBIOS 2.8 present.
[    0.000000] DMI: QEMU Standard PC (i440FX + PIIX, 1996), BIOS rel-1.16.0-0-gd239552ce722-prebuilt.qemu.org 04/01/2014
[    0.000000] Hypervisor detected: KVM
[    0.000000] kvm-clock: Using msrs 4b564d01 and 4b564d00
[    0.000002] kvm-clock: using sched offset of 618514762 cycles
[    0.000366] clocksource: kvm-clock: mask: 0xffffffffffffffff max_cycles: 0x1cd42e4dffb, max_idle_ns: 881590591483 ns
[    0.001500] tsc: Detected 3609.600 MHz processor
[    0.007944] last_pfn = 0x7ffe0 max_arch_pfn = 0x400000000
[    0.008362] MTRR map: 4 entries (3 fixed + 1 variable; max 19), built from 8 variable MTRRs
[    0.008928] x86/PAT: Configuration [0-7]: WB  WC  UC- UC  WB  WP  UC- WT  
[    0.018450] found SMP MP-table at [mem 0x000f5ba0-0x000f5baf]
[    0.018896] Using GB pages for direct mapping
[    0.020933] ACPI: Early table checksum verification disabled
[    0.021323] ACPI: RSDP 0x00000000000F59C0 000014 (v00 BOCHS )
[    0.021733] ACPI: RSDT 0x000000007FFE1951 000034 (v01 BOCHS  BXPC     00000001 BXPC 00000001)
[    0.022325] ACPI: FACP 0x000000007FFE17FD 000074 (v01 BOCHS  BXPC     00000001 BXPC 00000001)
[    0.022921] ACPI: DSDT 0x000000007FFE0040 0017BD (v01 BOCHS  BXPC     00000001 BXPC 00000001)
[    0.023515] ACPI: FACS 0x000000007FFE0000 000040
[    0.023843] ACPI: APIC 0x000000007FFE1871 000080 (v01 BOCHS  BXPC     00000001 BXPC 00000001)
[    0.024432] ACPI: HPET 0x000000007FFE18F1 000038 (v01 BOCHS  BXPC     00000001 BXPC 00000001)
[    0.025022] ACPI: WAET 0x000000007FFE1929 000028 (v01 BOCHS  BXPC     00000001 BXPC 00000001)
[    0.025608] ACPI: Reserving FACP table memory at [mem 0x7ffe17fd-0x7ffe1870]
[    0.026091] ACPI: Reserving DSDT table memory at [mem 0x7ffe0040-0x7ffe17fc]
[    0.026568] ACPI: Reserving FACS table memory at [mem 0x7ffe0000-0x7ffe003f]
[    0.027045] ACPI: Reserving APIC table memory at [mem 0x7ffe1871-0x7ffe18f0]
[    0.027522] ACPI: Reserving HPET table memory at [mem 0x7ffe18f1-0x7ffe1928]
[    0.027998] ACPI: Reserving WAET table memory at [mem 0x7ffe1929-0x7ffe1950]
[    0.028908] No NUMA configuration found
[    0.029174] Faking a node at [mem 0x0000000000000000-0x000000007ffdffff]
[    0.029650] NODE_DATA(0) allocated [mem 0x7ffb4e00-0x7ffdfdff]
[    0.031561] Zone ranges:
[    0.031741]   DMA      [mem 0x0000000000001000-0x0000000000ffffff]
[    0.032164]   DMA32    [mem 0x0000000001000000-0x000000007ffdffff]
[    0.032586]   Normal   empty
[    0.032786]   Device   empty
[    0.032986] Movable zone start for each node
[    0.033280] Early memory node ranges
[    0.033524]   node   0: [mem 0x0000000000001000-0x000000000009efff]
[    0.033956]   node   0: [mem 0x0000000000100000-0x000000007ffdffff]
[    0.034384] Initmem setup node 0 [mem 0x0000000000001000-0x000000007ffdffff]
[    0.035153] On node 0, zone DMA: 1 pages in unavailable ranges
[    0.035837] On node 0, zone DMA: 97 pages in unavailable ranges
[    0.074140] On node 0, zone DMA32: 32 pages in unavailable ranges
[    0.267427] kasan: KernelAddressSanitizer initialized
[    0.268023] ACPI: PM-Timer IO Port: 0x608
[    0.268331] ACPI: LAPIC_NMI (acpi_id[0xff] dfl dfl lint[0x1])
[    0.268786] IOAPIC[0]: apic_id 0, version 17, address 0xfec00000, GSI 0-23
[    0.269286] ACPI: INT_SRC_OVR (bus 0 bus_irq 0 global_irq 2 dfl dfl)
[    0.269741] ACPI: INT_SRC_OVR (bus 0 bus_irq 5 global_irq 5 high level)
[    0.270202] ACPI: INT_SRC_OVR (bus 0 bus_irq 9 global_irq 9 high level)
[    0.270662] ACPI: INT_SRC_OVR (bus 0 bus_irq 10 global_irq 10 high level)
[    0.271134] ACPI: INT_SRC_OVR (bus 0 bus_irq 11 global_irq 11 high level)
[    0.271617] ACPI: Using ACPI (MADT) for SMP configuration information
[    0.272066] ACPI: HPET id: 0x8086a201 base: 0xfed00000
[    0.272431] TSC deadline timer available
[    0.272710] CPU topo: Max. logical packages:   1
[    0.273031] CPU topo: Max. logical dies:       1
[    0.273352] CPU topo: Max. dies per package:   1
[    0.273683] CPU topo: Max. threads per core:   1
[    0.274004] CPU topo: Num. cores per package:     2
[    0.274342] CPU topo: Num. threads per package:   2
[    0.274680] CPU topo: Allowing 2 present CPUs plus 0 hotplug CPUs
[    0.275144] kvm-guest: APIC: eoi() replaced with kvm_guest_apic_eoi_write()
[    0.275647] kvm-guest: KVM setup pv remote TLB flush
[    0.275993] kvm-guest: setup PV sched yield
[    0.276321] PM: hibernation: Registered nosave memory: [mem 0x00000000-0x00000fff]
[    0.276848] PM: hibernation: Registered nosave memory: [mem 0x0009f000-0x0009ffff]
[    0.277372] PM: hibernation: Registered nosave memory: [mem 0x000a0000-0x000effff]
[    0.277895] PM: hibernation: Registered nosave memory: [mem 0x000f0000-0x000fffff]
[    0.278408] [mem 0x80000000-0xfeffbfff] available for PCI devices
[    0.278821] Booting paravirtualized kernel on KVM
[    0.279142] clocksource: refined-jiffies: mask: 0xffffffff max_cycles: 0xffffffff, max_idle_ns: 7645519600211568 ns
[    0.279855] setup_percpu: NR_CPUS:8192 nr_cpumask_bits:2 nr_cpu_ids:2 nr_node_ids:1
[    0.281486] percpu: Embedded 84 pages/cpu s307200 r8192 d28672 u1048576
[    0.282082] kvm-guest: PV spinlocks enabled
[    0.282375] PV qspinlock hash table entries: 256 (order: 0, 4096 bytes, linear)
[    0.282887] Kernel command line: net.ifnames=0 console=ttyS0 root=/dev/sda earlyprintk=serial net.ifnames=0 plymouth.enable=0
[    0.283907] random: crng init done
[    0.284968] Dentry cache hash table entries: 262144 (order: 9, 2097152 bytes, linear)
[    0.286179] Inode-cache hash table entries: 131072 (order: 8, 1048576 bytes, linear)
[    0.286917] Fallback order for Node 0: 0 
[    0.286927] Built 1 zonelists, mobility grouping on.  Total pages: 515808
[    0.287630] Policy zone: DMA32
[    0.287833] mem auto-init: stack:off, heap alloc:off, heap free:off
[    0.288241] stackdepot: allocating hash table via alloc_large_system_hash
[    0.288687] stackdepot hash table entries: 1048576 (order: 12, 16777216 bytes, linear)
[    0.342946] Memory: 1616716K/2096632K available (75776K kernel code, 14272K rwdata, 16916K rodata, 15096K init, 21536K bss, 479660K reserved, 0K cma-reserved)
[    0.345262] SLUB: HWalign=64, Order=0-3, MinObjects=0, CPUs=2, Nodes=1
[    0.345701] kmemleak: Kernel memory leak detector disabled
[    0.346217] ftrace: allocating 71094 entries in 278 pages
[    0.364867] ftrace: allocated 278 pages with 4 groups
[    0.368340] Dynamic Preempt: voluntary
[    0.369204] Running RCU self tests
[    0.369436] Running RCU synchronous self tests
[    0.369750] rcu: Preemptible hierarchical RCU implementation.
[    0.370132] rcu: 	RCU lockdep checking is enabled.
[    0.370451] rcu: 	RCU restricting CPUs from NR_CPUS=8192 to nr_cpu_ids=2.
[    0.370904] 	Trampoline variant of Tasks RCU enabled.
[    0.371240] 	Rude variant of Tasks RCU enabled.
[    0.371542] 	Tracing variant of Tasks RCU enabled.
[    0.371861] rcu: RCU calculated value of scheduler-enlistment delay is 25 jiffies.
[    0.372363] rcu: Adjusting geometry for rcu_fanout_leaf=16, nr_cpu_ids=2
[    0.372853] Running RCU synchronous self tests
[    0.373151] RCU Tasks: Setting shift to 1 and lim to 1 rcu_task_cb_adjust=1.
[    0.373621] RCU Tasks Rude: Setting shift to 1 and lim to 1 rcu_task_cb_adjust=1.
[    0.374127] RCU Tasks Trace: Setting shift to 1 and lim to 1 rcu_task_cb_adjust=1.
[    0.413158] NR_IRQS: 524544, nr_irqs: 440, preallocated irqs: 16
[    0.414173] rcu: srcu_init: Setting srcu_struct sizes based on contention.
[    0.420982] Console: colour VGA+ 80x25
[    0.421292] printk: legacy console [ttyS0] enabled
[    0.421292] printk: legacy console [ttyS0] enabled
[    0.421941] printk: legacy bootconsole [earlyser0] disabled
[    0.421941] printk: legacy bootconsole [earlyser0] disabled
[    0.422696] Lock dependency validator: Copyright (c) 2006 Red Hat, Inc., Ingo Molnar
[    0.423207] ... MAX_LOCKDEP_SUBCLASSES:  8
[    0.423484] ... MAX_LOCK_DEPTH:          48
[    0.423767] ... MAX_LOCKDEP_KEYS:        8192
[    0.424061] ... CLASSHASH_SIZE:          4096
[    0.424355] ... MAX_LOCKDEP_ENTRIES:     32768
[    0.424654] ... MAX_LOCKDEP_CHAINS:      65536
[    0.424953] ... CHAINHASH_SIZE:          32768
[    0.425252]  memory used by lock dependency info: 6429 kB
[    0.425614]  memory used for stack traces: 4224 kB
[    0.425940]  per task-struct memory footprint: 1920 bytes
[    0.426402] ACPI: Core revision 20230628
[    0.427179] clocksource: hpet: mask: 0xffffffff max_cycles: 0xffffffff, max_idle_ns: 19112604467 ns
[    0.427986] APIC: Switch to symmetric I/O mode setup
[    0.428461] x2apic enabled
[    0.428987] APIC: Switched APIC routing to: physical x2apic
[    0.429364] kvm-guest: APIC: send_IPI_mask() replaced with kvm_send_ipi_mask()
[    0.429860] kvm-guest: APIC: send_IPI_mask_allbutself() replaced with kvm_send_ipi_mask_allbutself()
[    0.430466] kvm-guest: setup PV IPIs
[    0.431804] ..TIMER: vector=0x30 apic1=0 pin1=2 apic2=-1 pin2=-1
[    0.432258] clocksource: tsc-early: mask: 0xffffffffffffffff max_cycles: 0x3407c077a8d, max_idle_ns: 440795342283 ns
[    0.432975] Calibrating delay loop (skipped) preset value.. 7219.20 BogoMIPS (lpj=14438400)
[    0.433618] x86/cpu: User Mode Instruction Prevention (UMIP) activated
[    0.434144] Last level iTLB entries: 4KB 0, 2MB 0, 4MB 0
[    0.434500] Last level dTLB entries: 4KB 0, 2MB 0, 4MB 0, 1GB 0
[    0.434907] Spectre V1 : Mitigation: usercopy/swapgs barriers and __user pointer sanitization
[    0.435472] Spectre V2 : WARNING: Unprivileged eBPF is enabled with eIBRS on, data leaks possible via Spectre v2 BHB attacks!
[    0.437001] Spectre V2 : Mitigation: Enhanced / Automatic IBRS
[    0.437369] Spectre V2 : Spectre v2 / SpectreRSB mitigation: Filling RSB on context switch
[    0.437880] Spectre V2 : Spectre v2 / PBRSB-eIBRS: Retire a single CALL on VMEXIT
[    0.438350] Spectre V2 : mitigation: Enabling conditional Indirect Branch Prediction Barrier
[    0.438885] Speculative Store Bypass: Mitigation: Speculative Store Bypass disabled via prctl
[    0.439414] Register File Data Sampling: Vulnerable: No microcode
[    0.439818] x86/fpu: Supporting XSAVE feature 0x001: 'x87 floating point registers'
[    0.440312] x86/fpu: Supporting XSAVE feature 0x002: 'SSE registers'
[    0.440968] x86/fpu: Supporting XSAVE feature 0x004: 'AVX registers'
[    0.441399] x86/fpu: Supporting XSAVE feature 0x200: 'Protection Keys User registers'
[    0.441908] x86/fpu: xstate_offset[2]:  576, xstate_sizes[2]:  256
[    0.442311] x86/fpu: xstate_offset[9]:  832, xstate_sizes[9]:    8
[    0.442723] x86/fpu: Enabled xstate features 0x207, context size is 840 bytes, using 'compacted' format.
[    0.549170] Freeing SMP alternatives memory: 56K
[    0.549532] pid_max: default: 32768 minimum: 301
[    0.550096] LSM: initializing lsm=capability,yama,ima,evm
[    0.550504] Yama: becoming mindful.
[    0.551104] Mount-cache hash table entries: 4096 (order: 3, 32768 bytes, linear)
[    0.551601] Mountpoint-cache hash table entries: 4096 (order: 3, 32768 bytes, linear)
[    0.553880] Running RCU synchronous self tests
[    0.554185] Running RCU synchronous self tests
[    0.554829] smpboot: CPU0: 12th Gen Intel(R) Core(TM) i7-12700K (family: 0x6, model: 0x97, stepping: 0x2)
[    0.556316] Running RCU Tasks wait API self tests
[    0.556735] Running RCU Tasks Rude wait API self tests
[    0.556960] Running RCU Tasks Trace wait API self tests
[    0.556960] Performance Events: unsupported p6 CPU model 151 no PMU driver, software events only.
[    0.556960] signal: max sigframe size: 3632
[    0.556960] rcu: Hierarchical SRCU implementation.
[    0.556967] rcu: 	Max phase no-delay instances is 1000.
[    0.560739] NMI watchdog: Perf NMI watchdog permanently disabled
[    0.561120] Callback from call_rcu_tasks_trace() invoked.
[    0.561703] smp: Bringing up secondary CPUs ...
[    0.562811] smpboot: x86: Booting SMP configuration:
[    0.563156] .... node  #0, CPUs:      #1
[    0.563386] smp: Brought up 1 node, 2 CPUs
[    0.563386] smpboot: Total of 2 processors activated (14438.40 BogoMIPS)
[    0.566374] devtmpfs: initialized
[    0.569178] x86/mm: Memory block size: 128MB
[    0.577917] Running RCU synchronous self tests
[    0.577942] Running RCU synchronous self tests
[    0.578309] clocksource: jiffies: mask: 0xffffffff max_cycles: 0xffffffff, max_idle_ns: 7645041785100000 ns
[    0.578990] futex hash table entries: 512 (order: 4, 65536 bytes, linear)
[    0.580988] pinctrl core: initialized pinctrl subsystem
[    0.582256] 
[    0.582371] *************************************************************
[    0.582823] **     NOTICE NOTICE NOTICE NOTICE NOTICE NOTICE NOTICE    **
[    0.583274] **                                                         **
[    0.583725] **  IOMMU DebugFS SUPPORT HAS BEEN ENABLED IN THIS KERNEL  **
[    0.584259] **                                                         **
[    0.584908] ** This means that this kernel is built to expose internal **
[    0.584973] ** IOMMU data structures, which may compromise security on **
[    0.585436] ** your system.                                            **
[    0.585886] **                                                         **
[    0.586337] ** If you see this message and you are not debugging the   **
[    0.586787] ** kernel, report this immediately to your vendor!         **
[    0.587238] **                                                         **
[    0.587702] **     NOTICE NOTICE NOTICE NOTICE NOTICE NOTICE NOTICE    **
[    0.588152] *************************************************************
[    0.588659] PM: RTC time: 16:54:48, date: 2024-04-01
[    0.593052] NET: Registered PF_NETLINK/PF_ROUTE protocol family
[    0.595106] DMA: preallocated 256 KiB GFP_KERNEL pool for atomic allocations
[    0.595675] DMA: preallocated 256 KiB GFP_KERNEL|GFP_DMA pool for atomic allocations
[    0.596240] DMA: preallocated 256 KiB GFP_KERNEL|GFP_DMA32 pool for atomic allocations
[    0.596937] audit: initializing netlink subsys (disabled)
[    0.597067] audit: type=2000 audit(1711990488.583:1): state=initialized audit_enabled=0 res=1
[    0.599064] thermal_sys: Registered thermal governor 'fair_share'
[    0.599072] thermal_sys: Registered thermal governor 'bang_bang'
[    0.599503] thermal_sys: Registered thermal governor 'step_wise'
[    0.599914] thermal_sys: Registered thermal governor 'user_space'
[    0.600396] cpuidle: using governor ladder
[    0.601261] cpuidle: using governor menu
[    0.601552] acpiphp: ACPI Hot Plug PCI Controller Driver version: 0.5
[    0.602886] PCI: Using configuration type 1 for base access
[    0.603537] kprobes: kprobe jump-optimization is enabled. All kprobes are optimized if possible.
[    0.700020] HugeTLB: registered 1.00 GiB page size, pre-allocated 0 pages
[    0.700518] HugeTLB: 16380 KiB vmemmap can be freed for a 1.00 GiB page
[    0.700967] HugeTLB: registered 2.00 MiB page size, pre-allocated 0 pages
[    0.701420] HugeTLB: 28 KiB vmemmap can be freed for a 2.00 MiB page
[    0.702958] Demotion targets for Node 0: null
[    0.705143] Callback from call_rcu_tasks_rude() invoked.
[    0.706781] ACPI: Added _OSI(Module Device)
[    0.707079] ACPI: Added _OSI(Processor Device)
[    0.707382] ACPI: Added _OSI(3.0 _SCP Extensions)
[    0.707700] ACPI: Added _OSI(Processor Aggregator Device)
[    0.734235] ACPI: 1 ACPI AML tables successfully acquired and loaded
[    0.740195] ACPI: _OSC evaluation for CPUs failed, trying _PDC
[    0.743222] ACPI: Interpreter enabled
[    0.743644] ACPI: PM: (supports S0 S3 S4 S5)
[    0.743943] ACPI: Using IOAPIC for interrupt routing
[    0.744403] PCI: Using host bridge windows from ACPI; if necessary, use "pci=nocrs" and report a bug
[    0.744966] PCI: Using E820 reservations for host bridge windows
[    0.747092] ACPI: Enabled 2 GPEs in block 00 to 0F
[    0.804710] ACPI: PCI Root Bridge [PCI0] (domain 0000 [bus 00-ff])
[    0.805031] acpi PNP0A03:00: _OSC: OS supports [ASPM ClockPM Segments MSI EDR HPX-Type3]
[    0.805587] acpi PNP0A03:00: _OSC: not requesting OS control; OS requires [ExtendedConfig ASPM ClockPM MSI]
[    0.806518] acpi PNP0A03:00: fail to add MMCONFIG information, can't access extended configuration space under this bridge
[    0.814351] acpiphp: Slot [3] registered
[    0.814855] acpiphp: Slot [4] registered
[    0.815360] acpiphp: Slot [5] registered
[    0.815839] acpiphp: Slot [6] registered
[    0.816326] acpiphp: Slot [7] registered
[    0.816811] acpiphp: Slot [8] registered
[    0.817192] acpiphp: Slot [9] registered
[    0.817672] acpiphp: Slot [10] registered
[    0.818158] acpiphp: Slot [11] registered
[    0.818649] acpiphp: Slot [12] registered
[    0.819150] acpiphp: Slot [13] registered
[    0.819635] acpiphp: Slot [14] registered
[    0.820120] acpiphp: Slot [15] registered
[    0.820612] acpiphp: Slot [16] registered
[    0.821118] acpiphp: Slot [17] registered
[    0.821603] acpiphp: Slot [18] registered
[    0.822087] acpiphp: Slot [19] registered
[    0.822577] acpiphp: Slot [20] registered
[    0.823089] acpiphp: Slot [21] registered
[    0.823577] acpiphp: Slot [22] registered
[    0.824065] acpiphp: Slot [23] registered
[    0.824554] acpiphp: Slot [24] registered
[    0.825071] acpiphp: Slot [25] registered
[    0.825558] acpiphp: Slot [26] registered
[    0.826043] acpiphp: Slot [27] registered
[    0.826527] acpiphp: Slot [28] registered
[    0.827036] acpiphp: Slot [29] registered
[    0.827522] acpiphp: Slot [30] registered
[    0.828011] acpiphp: Slot [31] registered
[    0.828405] PCI host bridge to bus 0000:00
[    0.828696] pci_bus 0000:00: root bus resource [io  0x0000-0x0cf7 window]
[    0.828971] pci_bus 0000:00: root bus resource [io  0x0d00-0xffff window]
[    0.829442] pci_bus 0000:00: root bus resource [mem 0x000a0000-0x000bffff window]
[    0.829960] pci_bus 0000:00: root bus resource [mem 0x80000000-0xfebfffff window]
[    0.830475] pci_bus 0000:00: root bus resource [mem 0x100000000-0x17fffffff window]
[    0.831007] pci_bus 0000:00: root bus resource [bus 00-ff]
[    0.831614] pci 0000:00:00.0: [8086:1237] type 00 class 0x060000 conventional PCI endpoint
[    0.849539] pci 0000:00:01.0: [8086:7000] type 00 class 0x060100 conventional PCI endpoint
[    0.852372] pci 0000:00:01.1: [8086:7010] type 00 class 0x010180 conventional PCI endpoint
[    0.854253] pci 0000:00:01.1: BAR 4 [io  0xc040-0xc04f]
[    0.855124] pci 0000:00:01.1: BAR 0 [io  0x01f0-0x01f7]: legacy IDE quirk
[    0.855608] pci 0000:00:01.1: BAR 1 [io  0x03f6]: legacy IDE quirk
[    0.856047] pci 0000:00:01.1: BAR 2 [io  0x0170-0x0177]: legacy IDE quirk
[    0.856526] pci 0000:00:01.1: BAR 3 [io  0x0376]: legacy IDE quirk
[    0.857540] pci 0000:00:01.3: [8086:7113] type 00 class 0x068000 conventional PCI endpoint
[    0.858417] pci 0000:00:01.3: quirk: [io  0x0600-0x063f] claimed by PIIX4 ACPI
[    0.858920] pci 0000:00:01.3: quirk: [io  0x0700-0x070f] claimed by PIIX4 SMB
[    0.859957] pci 0000:00:02.0: [1234:1111] type 00 class 0x030000 conventional PCI endpoint
[    0.869436] pci 0000:00:02.0: BAR 0 [mem 0xfd000000-0xfdffffff pref]
[    0.871929] pci 0000:00:02.0: BAR 2 [mem 0xfebf0000-0xfebf0fff]
[    0.875998] pci 0000:00:02.0: ROM [mem 0xfebe0000-0xfebeffff pref]
[    0.876696] pci 0000:00:02.0: Video device with shadowed ROM at [mem 0x000c0000-0x000dffff]
[    0.894858] pci 0000:00:03.0: [8086:100e] type 00 class 0x020000 conventional PCI endpoint
[    0.896042] pci 0000:00:03.0: BAR 0 [mem 0xfebc0000-0xfebdffff]
[    0.896936] pci 0000:00:03.0: BAR 1 [io  0xc000-0xc03f]
[    0.899369] pci 0000:00:03.0: ROM [mem 0xfeb80000-0xfebbffff pref]
[    0.928106] ACPI: PCI: Interrupt link LNKA configured for IRQ 10
[    0.930248] ACPI: PCI: Interrupt link LNKB configured for IRQ 10
[    0.932302] ACPI: PCI: Interrupt link LNKC configured for IRQ 11
[    0.934335] ACPI: PCI: Interrupt link LNKD configured for IRQ 11
[    0.935392] ACPI: PCI: Interrupt link LNKS configured for IRQ 9
[    0.940960] iommu: Default domain type: Translated
[    0.940960] iommu: DMA domain TLB invalidation policy: lazy mode
[    0.944533] SCSI subsystem initialized
[    0.945484] ACPI: bus type USB registered
[    0.945991] usbcore: registered new interface driver usbfs
[    0.946482] usbcore: registered new interface driver hub
[    0.946931] usbcore: registered new device driver usb
[    0.947653] pps_core: LinuxPPS API ver. 1 registered
[    0.948004] pps_core: Software ver. 5.3.6 - Copyright 2005-2007 Rodolfo Giometti <giometti@linux.it>
[    0.948667] PTP clock support registered
[    0.949492] EDAC MC: Ver: 3.0.0
[    0.953695] NetLabel: Initializing
[    0.953957] NetLabel:  domain hash size = 128
[    0.954267] NetLabel:  protocols = UNLABELED CIPSOv4 CALIPSO
[    0.954882] NetLabel:  unlabeled traffic allowed by default
[    0.956031] PCI: Using ACPI for IRQ routing
[    0.956724] pci 0000:00:02.0: vgaarb: setting as boot VGA device
[    0.956960] pci 0000:00:02.0: vgaarb: bridge control possible
[    0.956960] pci 0000:00:02.0: vgaarb: VGA device added: decodes=io+mem,owns=io+mem,locks=none
[    0.956966] vgaarb: loaded
[    0.957933] hpet0: at MMIO 0xfed00000, IRQs 2, 8, 0
[    0.958297] hpet0: 3 comparators, 64-bit 100.000000 MHz counter
[    0.968283] clocksource: Switched to clocksource kvm-clock
[    0.969054] VFS: Disk quotas dquot_6.6.0
[    0.969411] VFS: Dquot-cache hash table entries: 512 (order 0, 4096 bytes)
[    0.974655] pnp: PnP ACPI init
[    0.980259] pnp: PnP ACPI: found 6 devices
[    1.002014] clocksource: acpi_pm: mask: 0xffffff max_cycles: 0xffffff, max_idle_ns: 2085701024 ns
[    1.003225] NET: Registered PF_INET protocol family
[    1.003835] IP idents hash table entries: 32768 (order: 6, 262144 bytes, linear)
[    1.005873] tcp_listen_portaddr_hash hash table entries: 1024 (order: 4, 73728 bytes, linear)
[    1.006534] Table-perturb hash table entries: 65536 (order: 6, 262144 bytes, linear)
[    1.007132] TCP established hash table entries: 16384 (order: 5, 131072 bytes, linear)
[    1.008054] TCP bind hash table entries: 16384 (order: 9, 2359296 bytes, linear)
[    1.010435] TCP: Hash tables configured (established 16384 bind 16384)
[    1.011184] UDP hash table entries: 1024 (order: 5, 163840 bytes, linear)
[    1.011783] UDP-Lite hash table entries: 1024 (order: 5, 163840 bytes, linear)
[    1.012734] NET: Registered PF_UNIX/PF_LOCAL protocol family
[    1.014200] RPC: Registered named UNIX socket transport module.
[    1.014657] RPC: Registered udp transport module.
[    1.014986] RPC: Registered tcp transport module.
[    1.015309] RPC: Registered tcp-with-tls transport module.
[    1.015683] RPC: Registered tcp NFSv4.1 backchannel transport module.
[    1.016137] pci_bus 0000:00: resource 4 [io  0x0000-0x0cf7 window]
[    1.016564] pci_bus 0000:00: resource 5 [io  0x0d00-0xffff window]
[    1.016992] pci_bus 0000:00: resource 6 [mem 0x000a0000-0x000bffff window]
[    1.017462] pci_bus 0000:00: resource 7 [mem 0x80000000-0xfebfffff window]
[    1.017931] pci_bus 0000:00: resource 8 [mem 0x100000000-0x17fffffff window]
[    1.018865] pci 0000:00:01.0: PIIX3: Enabling Passive Release
[    1.019269] pci 0000:00:00.0: Limiting direct PCI/PCI transfers
[    1.019745] PCI: CLS 0 bytes, default 64
[    1.020117] ACPI: bus type thunderbolt registered
[    1.020812] clocksource: tsc: mask: 0xffffffffffffffff max_cycles: 0x3407c077a8d, max_idle_ns: 440795342283 ns
[    2.498300] Initialise system trusted keyrings
[    2.498849] Key type blacklist registered
[    2.499591] workingset: timestamp_bits=36 max_order=19 bucket_order=0
[    2.500125] zbud: loaded
[    2.502850] squashfs: version 4.0 (2009/01/31) Phillip Lougher
[    2.505952] NFS: Registering the id_resolver key type
[    2.506363] Key type id_resolver registered
[    2.506661] Key type id_legacy registered
[    2.507013] nfs4filelayout_init: NFSv4 File Layout Driver Registering...
[    2.507521] nfs4flexfilelayout_init: NFSv4 Flexfile Layout Driver Registering...
[    2.508488] fuse: init (API version 7.40)
[    2.509456] SGI XFS with ACLs, security attributes, realtime, quota, no debug enabled
[    2.511853] 9p: Installing v9fs 9p2000 file system support
[    2.523570] Key type asymmetric registered
[    2.523910] Asymmetric key parser 'x509' registered
[    2.524427] Block layer SCSI generic (bsg) driver version 0.4 loaded (major 243)
[    2.525287] io scheduler mq-deadline registered
[    2.525728] io scheduler bfq registered
[    2.526425] Callback from call_rcu_tasks() invoked.
[    2.527009] shpchp: Standard Hot Plug PCI Controller Driver version: 0.4
[    2.528485] IPMI message handler: version 39.2
[    2.528900] ipmi device interface
[    2.531475] input: Power Button as /devices/LNXSYSTM:00/LNXPWRBN:00/input/input0
[    2.532799] ACPI: button: Power Button [PWRF]
[    2.534944] ERST DBG: ERST support is disabled.
[    2.536617] Serial: 8250/16550 driver, 32 ports, IRQ sharing enabled
[    2.538633] 00:04: ttyS0 at I/O 0x3f8 (irq = 4, base_baud = 115200) is a 16550A
[    2.572414] Linux agpgart interface v0.103
[    2.575407] ACPI: bus type drm_connector registered
[    2.600668] brd: module loaded
[    2.617554] loop: module loaded
[    2.628114] scsi host0: ata_piix
[    2.629824] scsi host1: ata_piix
[    2.630667] ata1: PATA max MWDMA2 cmd 0x1f0 ctl 0x3f6 bmdma 0xc040 irq 14 lpm-pol 0
[    2.631202] ata2: PATA max MWDMA2 cmd 0x170 ctl 0x376 bmdma 0xc048 irq 15 lpm-pol 0
[    2.634897] tun: Universal TUN/TAP device driver, 1.6
[    2.635844] e100: Intel(R) PRO/100 Network Driver
[    2.636186] e100: Copyright(c) 1999-2006 Intel Corporation
[    2.636633] e1000: Intel(R) PRO/1000 Network Driver
[    2.636978] e1000: Copyright (c) 1999-2006 Intel Corporation.
[    2.790463] ata1: found unknown device (class 0)
[    2.791074] ata2: found unknown device (class 0)
[    2.791857] ata2.00: ATAPI: QEMU DVD-ROM, 2.5+, max UDMA/100
[    2.792604] ata1.00: ATA-7: QEMU HARDDISK, 2.5+, max UDMA/100
[    2.793001] ata1.00: 17196647 sectors, multi 16: LBA48 
[    2.794950] scsi 0:0:0:0: Direct-Access     ATA      QEMU HARDDISK    2.5+ PQ: 0 ANSI: 5
[    2.797478] sd 0:0:0:0: Attached scsi generic sg0 type 0
[    2.798836] sd 0:0:0:0: [sda] 17196647 512-byte logical blocks: (8.80 GB/8.20 GiB)
[    2.799426] scsi 1:0:0:0: CD-ROM            QEMU     QEMU DVD-ROM     2.5+ PQ: 0 ANSI: 5
[    2.800081] sd 0:0:0:0: [sda] Write Protect is off
[    2.800530] sd 0:0:0:0: [sda] Write cache: enabled, read cache: enabled, doesn't support DPO or FUA
[    2.801492] sd 0:0:0:0: [sda] Preferred minimum I/O size 512 bytes
[    2.807665] sd 0:0:0:0: [sda] Attached SCSI disk
[    2.823917] scsi 1:0:0:0: Attached scsi generic sg1 type 5
[    4.279105] ACPI: \_SB_.LNKC: Enabled at IRQ 11
[    4.602140] e1000 0000:00:03.0 eth0: (PCI:33MHz:32-bit) 52:54:00:12:34:56
[    4.602684] e1000 0000:00:03.0 eth0: Intel(R) PRO/1000 Network Connection
[    4.603305] e1000e: Intel(R) PRO/1000 Network Driver
[    4.603653] e1000e: Copyright(c) 1999 - 2015 Intel Corporation.
[    4.604160] igb: Intel(R) Gigabit Ethernet Network Driver
[    4.604532] igb: Copyright (c) 2007-2014 Intel Corporation.
[    4.605147] PPP generic driver version 2.4.2
[    4.606686] VFIO - User Level meta-driver version: 0.3
[    4.608141] usbcore: registered new interface driver uas
[    4.608597] usbcore: registered new interface driver usb-storage
[    4.609352] i8042: PNP: PS/2 Controller [PNP0303:KBD,PNP0f13:MOU] at 0x60,0x64 irq 1,12
[    4.610997] serio: i8042 KBD port at 0x60,0x64 irq 1
[    4.611414] serio: i8042 AUX port at 0x60,0x64 irq 12
[    4.613267] mousedev: PS/2 mouse device common for all mice
[    4.615082] input: AT Translated Set 2 keyboard as /devices/platform/i8042/serio0/input/input1
[    4.616922] rtc_cmos 00:05: RTC can wake from S4
[    4.619143] input: VirtualPS/2 VMware VMMouse as /devices/platform/i8042/serio1/input/input4
[    4.620933] rtc_cmos 00:05: registered as rtc0
[    4.621334] rtc_cmos 00:05: setting system clock to 2024-04-01T16:54:52 UTC (1711990492)
[    4.622244] rtc_cmos 00:05: alarms up to one day, y3k, 242 bytes nvram, hpet irqs
[    4.623193] i2c_dev: i2c /dev entries driver
[    4.623679] device-mapper: core: CONFIG_IMA_DISABLE_HTABLE is disabled. Duplicate IMA measurements will not be recorded in the IMA log.
[    4.624558] device-mapper: uevent: version 1.0.3
[    4.625314] input: VirtualPS/2 VMware VMMouse as /devices/platform/i8042/serio1/input/input3
[    4.625396] device-mapper: ioctl: 4.48.0-ioctl (2023-03-01) initialised: dm-devel@lists.linux.dev
[    4.626537] intel_pstate: CPU model not supported
[    4.627152] sdhci: Secure Digital Host Controller Interface driver
[    4.627581] sdhci: Copyright(c) Pierre Ossman
[    4.628042] sdhci-pltfm: SDHCI platform and OF driver helper
[    4.628593] ledtrig-cpu: registered to indicate activity on CPUs
[    4.629627] drop_monitor: Initializing network drop monitor service
[    4.630516] NET: Registered PF_INET6 protocol family
[    4.635846] Segment Routing with IPv6
[    4.636211] In-situ OAM (IOAM) with IPv6
[    4.636591] NET: Registered PF_PACKET protocol family
[    4.637186] 9pnet: Installing 9P2000 support
[    4.637619] Key type dns_resolver registered
[    4.639573] IPI shorthand broadcast: enabled
[    4.691239] sched_clock: Marking stable (4676004206, 14328157)->(4715016625, -24684262)
[    4.692728] Timer migration: 1 hierarchy levels; 8 children per group; 1 crossnode level
[    4.693688] registered taskstats version 1
[    4.695910] Loading compiled-in X.509 certificates
[    4.747623] Key type .fscrypt registered
[    4.747915] Key type fscrypt-provisioning registered
[    4.750927] Key type encrypted registered
[    4.751296] ima: No TPM chip found, activating TPM-bypass!
[    4.751698] ima: Allocated hash algorithm: sha1
[    4.752086] ima: No architecture policies found
[    4.752567] evm: Initialising EVM extended attributes:
[    4.752923] evm: security.selinux
[    4.753164] evm: security.SMACK64
[    4.753398] evm: security.SMACK64EXEC
[    4.753655] evm: security.SMACK64TRANSMUTE
[    4.753940] evm: security.SMACK64MMAP
[    4.754197] evm: security.apparmor
[    4.754458] evm: security.ima
[    4.754669] evm: security.capability
[    4.754920] evm: HMAC attrs: 0x1
[    4.758767] PM:   Magic number: 4:649:943
[    4.759120] tty tty0: hash matches
[    4.759390] tty console: hash matches
[    4.760618] RAS: Correctable Errors collector initialized.
[    4.761518] clk: Disabling unused clocks
[    4.761822] PM: genpd: Disabling unused power domains
[    4.762879] md: Waiting for all devices to be available before autodetect
[    4.763198] md: If you don't use raid, use raid=noautodetect
[    4.763468] md: Autodetecting RAID arrays.
[    4.763678] md: autorun ...
[    4.763814] md: ... autorun DONE.
[    4.779069] EXT4-fs (sda): mounted filesystem 088740a9-c8b4-422c-999d-a804eb68a4da ro with ordered data mode. Quota mode: none.
[    4.779744] VFS: Mounted root (ext4 filesystem) readonly on device 8:0.
[    4.782408] devtmpfs: mounted
[    4.802125] Freeing unused decrypted memory: 2028K
[    4.807036] Freeing unused kernel image (initmem) memory: 15096K
[    4.807369] Write protecting the kernel read-only data: 94208k
[    4.809544] Freeing unused kernel image (rodata/data gap) memory: 1516K
[    4.865078] x86/mm: Checked W+X mappings: passed, no W+X pages found.
[    4.865451] Run /sbin/init as init process
[    4.993132] systemd[1]: systemd 252-15.el9 running in system mode (+PAM +AUDIT +SELINUX -APPARMOR +IMA +SMACK +SECCOMP +GCRYPT +GNUTLS +OPENSSL +ACL +BLKID +CURL +ELFUTILS -FIDO2 +IDN2 -IDN -IPTC +KMOD +LIBCRYPTSETUP +LIBFDISK +PCRE2 -PWQUALITY +P11KIT -QRENCODE +TPM2 +BZIP2 +LZ4 +XZ +ZLIB +ZSTD -BPF_FRAMEWORK +XKBCOMMON +UTMP +SYSVINIT default-hierarchy=unified)
[    4.994595] systemd[1]: Detected virtualization kvm.
[    4.994831] systemd[1]: Detected architecture x86-64.

Welcome to [0;31mCentOS Stream 9[0m!

[    4.999319] systemd[1]: Hostname set to <test>.
[    5.218837] systemd-rc-local-generator[124]: /etc/rc.d/rc.local is not marked executable, skipping.
[    5.549586] systemd[1]: Queued start job for default target Multi-User System.
[    5.589625] systemd[1]: Created slice Virtual Machine and Container Slice.
[[0;32m  OK  [0m] Created slice [0;1;39mVirtual Machine and Container Slice[0m.
[    5.594897] systemd[1]: Created slice Slice /system/getty.
[[0;32m  OK  [0m] Created slice [0;1;39mSlice /system/getty[0m.
[    5.597735] systemd[1]: Created slice Slice /system/modprobe.
[[0;32m  OK  [0m] Created slice [0;1;39mSlice /system/modprobe[0m.
[    5.600530] systemd[1]: Created slice Slice /system/serial-getty.
[[0;32m  OK  [0m] Created slice [0;1;39mSlice /system/serial-getty[0m.
[    5.603329] systemd[1]: Created slice Slice /system/sshd-keygen.
[[0;32m  OK  [0m] Created slice [0;1;39mSlice /system/sshd-keygen[0m.
[    5.605976] systemd[1]: Created slice User and Session Slice.
[[0;32m  OK  [0m] Created slice [0;1;39mUser and Session Slice[0m.
[    5.607342] systemd[1]: Started Forward Password Requests to Wall Directory Watch.
[[0;32m  OK  [0m] Started [0;1;39mForward Password R…uests to Wall Directory Watch[0m.
[    5.609503] systemd[1]: Set up automount Arbitrary Executable File Formats File System Automount Point.
[[0;32m  OK  [0m] Set up automount [0;1;39mArbitrary…s File System Automount Point[0m.
[    5.610718] systemd[1]: Reached target Local Integrity Protected Volumes.
[[0;32m  OK  [0m] Reached target [0;1;39mLocal Integrity Protected Volumes[0m.
[    5.611740] systemd[1]: Reached target Slice Units.
[[0;32m  OK  [0m] Reached target [0;1;39mSlice Units[0m.
[    5.612525] systemd[1]: Reached target Swaps.
[[0;32m  OK  [0m] Reached target [0;1;39mSwaps[0m.
[    5.613208] systemd[1]: Reached target Local Verity Protected Volumes.
[[0;32m  OK  [0m] Reached target [0;1;39mLocal Verity Protected Volumes[0m.
[    5.614523] systemd[1]: Listening on Device-mapper event daemon FIFOs.
[[0;32m  OK  [0m] Listening on [0;1;39mDevice-mapper event daemon FIFOs[0m.
[    5.616197] systemd[1]: Listening on LVM2 poll daemon socket.
[[0;32m  OK  [0m] Listening on [0;1;39mLVM2 poll daemon socket[0m.
[    5.617234] systemd[1]: multipathd control socket was skipped because of an unmet condition check (ConditionPathExists=/etc/multipath.conf).
[    5.668808] systemd[1]: Listening on RPCbind Server Activation Socket.
[[0;32m  OK  [0m] Listening on [0;1;39mRPCbind Server Activation Socket[0m.
[    5.669978] systemd[1]: Reached target RPC Port Mapper.
[[0;32m  OK  [0m] Reached target [0;1;39mRPC Port Mapper[0m.
[    5.672986] systemd[1]: Listening on Process Core Dump Socket.
[[0;32m  OK  [0m] Listening on [0;1;39mProcess Core Dump Socket[0m.
[    5.674286] systemd[1]: Listening on initctl Compatibility Named Pipe.
[[0;32m  OK  [0m] Listening on [0;1;39minitctl Compatibility Named Pipe[0m.
[    5.676110] systemd[1]: Listening on Journal Socket (/dev/log).
[[0;32m  OK  [0m] Listening on [0;1;39mJournal Socket (/dev/log)[0m.
[    5.677626] systemd[1]: Listening on Journal Socket.
[[0;32m  OK  [0m] Listening on [0;1;39mJournal Socket[0m.
[    5.679194] systemd[1]: Listening on udev Control Socket.
[[0;32m  OK  [0m] Listening on [0;1;39mudev Control Socket[0m.
[    5.680406] systemd[1]: Listening on udev Kernel Socket.
[[0;32m  OK  [0m] Listening on [0;1;39mudev Kernel Socket[0m.
[    5.688134] systemd[1]: Mounting Huge Pages File System...
         Mounting [0;1;39mHuge Pages File System[0m...
[    5.696258] systemd[1]: Mounting POSIX Message Queue File System...
         Mounting [0;1;39mPOSIX Message Queue File System[0m...
[    5.707628] systemd[1]: Mounting Kernel Debug File System...
         Mounting [0;1;39mKernel Debug File System[0m...
[    5.715421] systemd[1]: Mounting Kernel Trace File System...
         Mounting [0;1;39mKernel Trace File System[0m...
[    5.718616] systemd[1]: Kernel Module supporting RPCSEC_GSS was skipped because of an unmet condition check (ConditionPathExists=/etc/krb5.keytab).
[    5.719304] systemd[1]: Create List of Static Device Nodes was skipped because of an unmet condition check (ConditionFileNotEmpty=/lib/modules/6.9.0-rc1-50108c352db7+/modules.devname).
[    5.727148] systemd[1]: Starting Monitoring of LVM2 mirrors, snapshots etc. using dmeventd or progress polling...
         Starting [0;1;39mMonitoring of LVM…meventd or progress polling[0m...
[    5.735860] systemd[1]: Starting Load Kernel Module configfs...
         Starting [0;1;39mLoad Kernel Module configfs[0m...
[    5.743967] systemd[1]: Starting Load Kernel Module drm...
         Starting [0;1;39mLoad Kernel Module drm[0m...
[    5.758724] systemd[1]: Starting Load Kernel Module fuse...
         Starting [0;1;39mLoad Kernel Module fuse[0m...
[    5.775172] systemd[1]: Starting Read and set NIS domainname from /etc/sysconfig/network...
         Starting [0;1;39mRead and set NIS …from /etc/sysconfig/network[0m...
[    5.789651] systemd[1]: Starting Journal Service...
         Starting [0;1;39mJournal Service[0m...
[    5.810135] systemd[1]: Starting Load Kernel Modules...
         Starting [0;1;39mLoad Kernel Modules[0m...
[    5.827201] systemd[1]: Starting Generate network units from Kernel command line...
         Starting [0;1;39mGenerate network …ts from Kernel command line[0m...
[    5.876870] systemd[1]: Starting Remount Root and Kernel File Systems...
         Starting [0;1;39mRemount Root and Kernel File Systems[0m...
[    5.878211] systemd[1]: Repartition Root Disk was skipped because no trigger condition checks were met.
[    5.903147] systemd[1]: Starting Coldplug All udev Devices...
         Starting [0;1;39mColdplug All udev Devices[0m...
[    5.921207] systemd[1]: Mounted Huge Pages File System.
[[0;32m  OK  [0m] Mounted [0;1;39mHuge Pages File System[0m.
[    5.926731] systemd[1]: Mounted POSIX Message Queue File System.
[[0;32m  OK  [0m] Mounted [0;1;39mPOSIX Message Queue File System[0m.
[    5.930971] systemd[1]: Mounted Kernel Debug File System.
[[0;32m  OK  [0m] Mounted [0;1;39mKernel Debug File System[0m.
[    5.932298] systemd[1]: Mounted Kernel Trace File System.
[[0;32m  OK  [0m] Mounted [0;1;39mKernel Trace File System[0m.
[    5.939962] systemd[1]: Finished Monitoring of LVM2 mirrors, snapshots etc. using dmeventd or progress polling.
[[0;32m  OK  [0m] Finished [0;1;39mMonitoring of LVM… dmeventd or progress polling[0m.
[    5.943046] systemd[1]: modprobe@configfs.service: Deactivated successfully.
[    5.944429] systemd[1]: Finished Load Kernel Module configfs.
[[0;32m  OK  [0m] Finished [0;1;39mLoad Kernel Module configfs[0m.
[    5.951783] systemd[1]: modprobe@drm.service: Deactivated successfully.
[    5.953041] systemd[1]: Finished Load Kernel Module drm.
[[0;32m  OK  [0m] Finished [0;1;39mLoad Kernel Module drm[0m.
[    5.955336] systemd[1]: modprobe@fuse.service: Deactivated successfully.
[    5.956634] systemd[1]: Finished Load Kernel Module fuse.
[[0;32m  OK  [0m] Finished [0;1;39mLoad Kernel Module fuse[0m.
[    5.957882] systemd[1]: Started Journal Service.
[[0;32m  OK  [0m] Started [0;1;39mJournal Service[0m.
[[0;32m  OK  [0m] Finished [0;1;39mRead and set NIS …e from /etc/sysconfig/network[0m.
[[0;1;31mFAILED[0m] Failed to start [0;1;39mLoad Kernel Modules[0m.
See 'systemctl status systemd-modules-load.service' for details.
[    5.969588] EXT4-fs (sda): warning: mounting fs with errors, running e2fsck is recommended
[[0;32m  OK  [0m] Finished [0;1;39mGenerate network units from Kernel command line[0m.
[    5.975809] EXT4-fs (sda): re-mounted 088740a9-c8b4-422c-999d-a804eb68a4da r/w. Quota mode: none.
[[0;32m  OK  [0m] Finished [0;1;39mRemount Root and Kernel File Systems[0m.
[[0;32m  OK  [0m] Reached target [0;1;39mPreparation for Network[0m.
         Mounting [0;1;39mFUSE Control File System[0m...
         Mounting [0;1;39mKernel Configuration File System[0m...
         Starting [0;1;39mFlush Journal to Persistent Storage[0m...
         Starting [0;1;39mLoad/Save Random Seed[0m...
         Starting [0;1;39mApply Kernel Variables[0m...
[    6.135699] systemd-journald[146]: Received client request to flush runtime journal.
         Starting [0;1;39mCreate Static Device Nodes in /dev[0m...
         Starting [0;1;39mSetup Virtual Console[0m...
[[0;32m  OK  [0m] Mounted [0;1;39mFUSE Control File System[0m.
[[0;32m  OK  [0m] Mounted [0;1;39mKernel Configuration File System[0m.
[[0;32m  OK  [0m] Finished [0;1;39mFlush Journal to Persistent Storage[0m.
[[0;32m  OK  [0m] Finished [0;1;39mLoad/Save Random Seed[0m.
[[0;32m  OK  [0m] Finished [0;1;39mApply Kernel Variables[0m.
[[0;32m  OK  [0m] Finished [0;1;39mCreate Static Device Nodes in /dev[0m.
         Starting [0;1;39mRule-based Manage…for Device Events and Files[0m...
[[0;32m  OK  [0m] Started [0;1;39mRule-based Manager for Device Events and Files[0m.
         Starting [0;1;39mAuto-connect to s…E devices found during boot[0m...
[[0;32m  OK  [0m] Finished [0;1;39mAuto-connect to s…VME devices found during boot[0m.
[[0;32m  OK  [0m] Finished [0;1;39mColdplug All udev Devices[0m.
         Starting [0;1;39mWait for udev To …plete Device Initialization[0m...
[[0;32m  OK  [0m] Finished [0;1;39mSetup Virtual Console[0m.
[[0;32m  OK  [0m] Started [0;1;39mDispatch Password …ts to Console Directory Watch[0m.
[[0;32m  OK  [0m] Reached target [0;1;39mLocal Encrypted Volumes[0m.
[[0;32m  OK  [0m] Reached target [0;1;39mPath Units[0m.
[[0;32m  OK  [0m] Found device [0;1;39m/dev/ttyS0[0m.
[[0;32m  OK  [0m] Listening on [0;1;39mLoad/Save RF …itch Status /dev/rfkill Watch[0m.
[[0;32m  OK  [0m] Finished [0;1;39mWait for udev To Complete Device Initialization[0m.
[[0;32m  OK  [0m] Reached target [0;1;39mPreparation for Local File Systems[0m.
[[0;32m  OK  [0m] Reached target [0;1;39mLocal File Systems[0m.
         Starting [0;1;39mTell Plymouth To Write Out Runtime Data[0m...
         Starting [0;1;39mAutomatic Boot Loader Update[0m...
         Starting [0;1;39mCreate Volatile Files and Directories[0m...
[[0;32m  OK  [0m] Finished [0;1;39mTell Plymouth To Write Out Runtime Data[0m.
[[0;32m  OK  [0m] Finished [0;1;39mAutomatic Boot Loader Update[0m.
[[0;32m  OK  [0m] Finished [0;1;39mCreate Volatile Files and Directories[0m.
         Mounting [0;1;39mRPC Pipe File System[0m...
         Starting [0;1;39mSecurity Auditing Service[0m...
         Starting [0;1;39mRPC Bind[0m...
[[0;32m  OK  [0m] Mounted [0;1;39mRPC Pipe File System[0m.
[[0;32m  OK  [0m] Reached target [0;1;39mrpc_pipefs.target[0m.
[[0;32m  OK  [0m] Started [0;1;39mRPC Bind[0m.
[[0;32m  OK  [0m] Started [0;1;39mSecurity Auditing Service[0m.
         Starting [0;1;39mRecord System Boot/Shutdown in UTMP[0m...
[[0;32m  OK  [0m] Finished [0;1;39mRecord System Boot/Shutdown in UTMP[0m.
[[0;32m  OK  [0m] Reached target [0;1;39mSystem Initialization[0m.
[[0;32m  OK  [0m] Started [0;1;39mDaily rotation of log files[0m.
[[0;32m  OK  [0m] Started [0;1;39mUpdates mlocate database every day[0m.
[[0;32m  OK  [0m] Started [0;1;39mDaily Cleanup of Temporary Directories[0m.
[[0;32m  OK  [0m] Started [0;1;39mdaily update of the root trust anchor for DNSSEC[0m.
[[0;32m  OK  [0m] Reached target [0;1;39mTimer Units[0m.
[[0;32m  OK  [0m] Listening on [0;1;39mD-Bus System Message Bus Socket[0m.
[[0;32m  OK  [0m] Listening on [0;1;39mOpen-iSCSI iscsid Socket[0m.
[[0;32m  OK  [0m] Listening on [0;1;39mOpen-iSCSI iscsiuio Socket[0m.
[[0;32m  OK  [0m] Listening on [0;1;39mSSSD Kerberos…ache Manager responder socket[0m.
[[0;32m  OK  [0m] Listening on [0;1;39mLibvirt interface local socket[0m.
[[0;32m  OK  [0m] Listening on [0;1;39mVirtual machine lock manager socket[0m.
[[0;32m  OK  [0m] Listening on [0;1;39mVirtual machine log manager socket[0m.
[[0;32m  OK  [0m] Listening on [0;1;39mLibvirt network local socket[0m.
[[0;32m  OK  [0m] Listening on [0;1;39mLibvirt nodedev local socket[0m.
[[0;32m  OK  [0m] Listening on [0;1;39mLibvirt nwfilter local socket[0m.
[[0;32m  OK  [0m] Listening on [0;1;39mLibvirt proxy local socket[0m.
[[0;32m  OK  [0m] Listening on [0;1;39mLibvirt qemu local socket[0m.
[[0;32m  OK  [0m] Listening on [0;1;39mLibvirt qemu admin socket[0m.
[[0;32m  OK  [0m] Listening on [0;1;39mLibvirt qemu local read-only socket[0m.
[[0;32m  OK  [0m] Listening on [0;1;39mLibvirt secret local socket[0m.
[[0;32m  OK  [0m] Listening on [0;1;39mLibvirt storage local socket[0m.
[[0;32m  OK  [0m] Reached target [0;1;39mSocket Units[0m.
         Starting [0;1;39mD-Bus System Message Bus[0m...
[[0;32m  OK  [0m] Started [0;1;39mD-Bus System Message Bus[0m.
[[0;32m  OK  [0m] Reached target [0;1;39mBasic System[0m.
         Starting [0;1;39mNetwork Manager[0m...
         Starting [0;1;39mNTP client/server[0m...
         Starting [0;1;39mRestore /run/initramfs on shutdown[0m...
[[0;32m  OK  [0m] Started [0;1;39mirqbalance daemon[0m.
[[0;32m  OK  [0m] Started [0;1;39mlibstoragemgmt plug-in server daemon[0m.
[[0;32m  OK  [0m] Started [0;1;39mMachine Check Exception Logging Daemon[0m.
[[0;32m  OK  [0m] Reached target [0;1;39msshd-keygen.target[0m.
[[0;32m  OK  [0m] Reached target [0;1;39mUser and Group Name Lookups[0m.
         Starting [0;1;39mUser Login Management[0m...
         Starting [0;1;39mVirtual Machine a…tainer Registration Service[0m...
         Starting [0;1;39mupdate of the roo…NSSEC validation in unbound[0m...
         Starting [0;1;39mRotate log files[0m...
[[0;32m  OK  [0m] Started [0;1;39mUpdate a database for mlocate[0m.
[[0;32m  OK  [0m] Finished [0;1;39mRestore /run/initramfs on shutdown[0m.
[[0;32m  OK  [0m] Started [0;1;39mVirtual Machine an…ontainer Registration Service[0m.
[[0;32m  OK  [0m] Started [0;1;39mNTP client/server[0m.
         Starting [0;1;39mHostname Service[0m...
[[0;32m  OK  [0m] Finished [0;1;39mupdate of the roo… DNSSEC validation in unbound[0m.
[[0;32m  OK  [0m] Started [0;1;39mUser Login Management[0m.
[[0;32m  OK  [0m] Started [0;1;39mHostname Service[0m.
         Starting [0;1;39mNetwork Manager Script Dispatcher Service[0m...
[[0;32m  OK  [0m] Finished [0;1;39mRotate log files[0m.
[[0;32m  OK  [0m] Started [0;1;39mNetwork Manager Script Dispatcher Service[0m.
[    9.622610] e1000: eth0 NIC Link is Up 1000 Mbps Full Duplex, Flow Control: RX
[[0;32m  OK  [0m] Started [0;1;39mNetwork Manager[0m.
[[0;32m  OK  [0m] Reached target [0;1;39mNetwork[0m.
[[0;32m  OK  [0m] Reached target [0;1;39mNetwork is Online[0m.
         Starting [0;1;39mGSSAPI Proxy Daemon[0m...
         Starting [0;1;39mNotify NFS peers of a restart[0m...
         Starting [0;1;39mSystem Logging Service[0m...
         Starting [0;1;39mOpenSSH server daemon[0m...
         Starting [0;1;39mDynamic System Tuning Daemon[0m...
[[0;32m  OK  [0m] Started [0;1;39mNotify NFS peers of a restart[0m.
[[0;32m  OK  [0m] Started [0;1;39mGSSAPI Proxy Daemon[0m.
[[0;32m  OK  [0m] Reached target [0;1;39mNFS client services[0m.
[[0;32m  OK  [0m] Reached target [0;1;39mPreparation for Remote File Systems[0m.
[[0;32m  OK  [0m] Reached target [0;1;39mRemote File Systems[0m.
         Starting [0;1;39mPermit User Sessions[0m...
         Starting [0;1;39mVirtualization qemu daemon[0m...
[[0;32m  OK  [0m] Started [0;1;39mOpenSSH server daemon[0m.
[[0;32m  OK  [0m] Finished [0;1;39mPermit User Sessions[0m.
[[0;32m  OK  [0m] Started [0;1;39mDeferred execution scheduler[0m.
[[0;32m  OK  [0m] Started [0;1;39mCommand Scheduler[0m.
         Starting [0;1;39mHold until boot process finishes up[0m...
         Starting [0;1;39mTerminate Plymouth Boot Screen[0m...
[[0;32m  OK  [0m] Started [0;1;39mSystem Logging Service[0m.
[[0;32m  OK  [0m] Finished [0;1;39mHold until boot process finishes up[0m.
[[0;32m  OK  [0m] Started [0;1;39mGetty on tty1[0m.
[[0;32m  OK  [0m] Started [0;1;39mSerial Getty on ttyS0[0m.
[[0;32m  OK  [0m] Reached target [0;1;39mLogin Prompts[0m.
[[0;32m  OK  [0m] Started [0;1;39mVirtualization qemu daemon[0m.
[[0;32m  OK  [0m] Finished [0;1;39mTerminate Plymouth Boot Screen[0m.
         Starting [0;1;39mAuthorization Manager[0m...
[[0;32m  OK  [0m] Started [0;1;39mAuthorization Manager[0m.
[[0;32m  OK  [0m] Started [0;1;39mDynamic System Tuning Daemon[0m.
[[0;32m  OK  [0m] Reached target [0;1;39mMulti-User System[0m.
         Starting [0;1;39mRecord Runlevel Change in UTMP[0m...
[[0;32m  OK  [0m] Finished [0;1;39mRecord Runlevel Change in UTMP[0m.

CentOS Stream 9
Kernel 6.9.0-rc1-50108c352db7+ on an x86_64

Activate the web console with: systemctl enable --now cockpit.socket

test login: [   18.835762] sg_write: data in/out 2130706396/78 bytes for SCSI command 0x0-- guessing data in;
[   18.835762]    program repro not setting count and/or reply_len properly
[   18.841552] sg_write: data in/out 2130706396/78 bytes for SCSI command 0x0-- guessing data in;
[   18.841552]    program repro not setting count and/or reply_len properly
[   18.847270] sg_write: data in/out 2130706396/78 bytes for SCSI command 0x0-- guessing data in;
[   18.847270]    program repro not setting count and/or reply_len properly
[   18.852910] sg_write: data in/out 2130706396/78 bytes for SCSI command 0x0-- guessing data in;
[   18.852910]    program repro not setting count and/or reply_len properly
[   18.858315] sg_write: data in/out 2130706396/78 bytes for SCSI command 0x0-- guessing data in;
[   18.858315]    program repro not setting count and/or reply_len properly
[   18.864564] sg_write: data in/out 2130706396/78 bytes for SCSI command 0x0-- guessing data in;
[   18.864564]    program repro not setting count and/or reply_len properly
[   18.869971] sg_write: data in/out 2130706396/78 bytes for SCSI command 0x0-- guessing data in;
[   18.869971]    program repro not setting count and/or reply_len properly
[   18.875566] sg_write: data in/out 2130706396/78 bytes for SCSI command 0x0-- guessing data in;
[   18.875566]    program repro not setting count and/or reply_len properly
[   18.881073] sg_write: data in/out 2130706396/78 bytes for SCSI command 0x0-- guessing data in;
[   18.881073]    program repro not setting count and/or reply_len properly
[   18.886463] sg_write: data in/out 2130706396/78 bytes for SCSI command 0x0-- guessing data in;
[   18.886463]    program repro not setting count and/or reply_len properly
[   23.841805] sg_write: 1034 callbacks suppressed
[   23.841814] sg_write: data in/out 2130706396/78 bytes for SCSI command 0x0-- guessing data in;
[   23.841814]    program repro not setting count and/or reply_len properly
[   23.847330] sg_write: data in/out 2130706396/78 bytes for SCSI command 0x0-- guessing data in;
[   23.847330]    program repro not setting count and/or reply_len properly
[   23.853088] sg_write: data in/out 2130706396/78 bytes for SCSI command 0x0-- guessing data in;
[   23.853088]    program repro not setting count and/or reply_len properly
[   23.858708] sg_write: data in/out 2130706396/78 bytes for SCSI command 0x0-- guessing data in;
[   23.858708]    program repro not setting count and/or reply_len properly
[   23.863932] sg_write: data in/out 2130706396/78 bytes for SCSI command 0x0-- guessing data in;
[   23.863932]    program repro not setting count and/or reply_len properly
[   23.869618] sg_write: data in/out 2130706396/78 bytes for SCSI command 0x0-- guessing data in;
[   23.869618]    program repro not setting count and/or reply_len properly
[   23.875081] sg_write: data in/out 2130706396/78 bytes for SCSI command 0x0-- guessing data in;
[   23.875081]    program repro not setting count and/or reply_len properly
[   23.880367] sg_write: data in/out 2130706396/78 bytes for SCSI command 0x0-- guessing data in;
[   23.880367]    program repro not setting count and/or reply_len properly
[   23.885744] sg_write: data in/out 2130706396/78 bytes for SCSI command 0x0-- guessing data in;
[   23.885744]    program repro not setting count and/or reply_len properly
[   23.891337] sg_write: data in/out 2130706396/78 bytes for SCSI command 0x0-- guessing data in;
[   23.891337]    program repro not setting count and/or reply_len properly
[   28.846213] sg_write: 1039 callbacks suppressed
[   28.846222] sg_write: data in/out 2130706396/78 bytes for SCSI command 0x0-- guessing data in;
[   28.846222]    program repro not setting count and/or reply_len properly
[   28.852449] sg_write: data in/out 2130706396/78 bytes for SCSI command 0x0-- guessing data in;
[   28.852449]    program repro not setting count and/or reply_len properly
[   28.857817] sg_write: data in/out 2130706396/78 bytes for SCSI command 0x0-- guessing data in;
[   28.857817]    program repro not setting count and/or reply_len properly
[   28.863512] sg_write: data in/out 2130706396/78 bytes for SCSI command 0x0-- guessing data in;
[   28.863512]    program repro not setting count and/or reply_len properly
[   28.869137] sg_write: data in/out 2130706396/78 bytes for SCSI command 0x0-- guessing data in;
[   28.869137]    program repro not setting count and/or reply_len properly
[   28.874507] sg_write: data in/out 2130706396/78 bytes for SCSI command 0x0-- guessing data in;
[   28.874507]    program repro not setting count and/or reply_len properly
[   28.879901] sg_write: data in/out 2130706396/78 bytes for SCSI command 0x0-- guessing data in;
[   28.879901]    program repro not setting count and/or reply_len properly
[   28.885044] sg_write: data in/out 2130706396/78 bytes for SCSI command 0x0-- guessing data in;
[   28.885044]    program repro not setting count and/or reply_len properly
[   28.890639] sg_write: data in/out 2130706396/78 bytes for SCSI command 0x0-- guessing data in;
[   28.890639]    program repro not setting count and/or reply_len properly
[   28.896121] sg_write: data in/out 2130706396/78 bytes for SCSI command 0x0-- guessing data in;
[   28.896121]    program repro not setting count and/or reply_len properly
[   33.847682] sg_write: 1032 callbacks suppressed
[   33.847692] sg_write: data in/out 2130706396/78 bytes for SCSI command 0x0-- guessing data in;
[   33.847692]    program repro not setting count and/or reply_len properly
[   33.853514] sg_write: data in/out 2130706396/78 bytes for SCSI command 0x0-- guessing data in;
[   33.853514]    program repro not setting count and/or reply_len properly
[   33.858880] sg_write: data in/out 2130706396/78 bytes for SCSI command 0x0-- guessing data in;
[   33.858880]    program repro not setting count and/or reply_len properly
[   33.864429] sg_write: data in/out 2130706396/78 bytes for SCSI command 0x0-- guessing data in;
[   33.864429]    program repro not setting count and/or reply_len properly
[   33.870049] sg_write: data in/out 2130706396/78 bytes for SCSI command 0x0-- guessing data in;
[   33.870049]    program repro not setting count and/or reply_len properly
[   33.875848] sg_write: data in/out 2130706396/78 bytes for SCSI command 0x0-- guessing data in;
[   33.875848]    program repro not setting count and/or reply_len properly
[   33.881656] sg_write: data in/out 2130706396/78 bytes for SCSI command 0x0-- guessing data in;
[   33.881656]    program repro not setting count and/or reply_len properly
[   33.887259] sg_write: data in/out 2130706396/78 bytes for SCSI command 0x0-- guessing data in;
[   33.887259]    program repro not setting count and/or reply_len properly
[   33.892868] sg_write: data in/out 2130706396/78 bytes for SCSI command 0x0-- guessing data in;
[   33.892868]    program repro not setting count and/or reply_len properly
[   33.898111] sg_write: data in/out 2130706396/78 bytes for SCSI command 0x0-- guessing data in;
[   33.898111]    program repro not setting count and/or reply_len properly
[   38.854582] sg_write: 1037 callbacks suppressed
[   38.854592] sg_write: data in/out 2130706396/78 bytes for SCSI command 0x0-- guessing data in;
[   38.854592]    program repro not setting count and/or reply_len properly
[   38.861194] sg_write: data in/out 2130706396/78 bytes for SCSI command 0x0-- guessing data in;
[   38.861194]    program repro not setting count and/or reply_len properly
[   38.866489] sg_write: data in/out 2130706396/78 bytes for SCSI command 0x0-- guessing data in;
[   38.866489]    program repro not setting count and/or reply_len properly
[   38.872360] sg_write: data in/out 2130706396/78 bytes for SCSI command 0x0-- guessing data in;
[   38.872360]    program repro not setting count and/or reply_len properly
[   38.877861] sg_write: data in/out 2130706396/78 bytes for SCSI command 0x0-- guessing data in;
[   38.877861]    program repro not setting count and/or reply_len properly
[   38.883419] sg_write: data in/out 2130706396/78 bytes for SCSI command 0x0-- guessing data in;
[   38.883419]    program repro not setting count and/or reply_len properly
[   38.889019] sg_write: data in/out 2130706396/78 bytes for SCSI command 0x0-- guessing data in;
[   38.889019]    program repro not setting count and/or reply_len properly
[   38.895441] sg_write: data in/out 2130706396/78 bytes for SCSI command 0x0-- guessing data in;
[   38.895441]    program repro not setting count and/or reply_len properly
[   38.900988] sg_write: data in/out 2130706396/78 bytes for SCSI command 0x0-- guessing data in;
[   38.900988]    program repro not setting count and/or reply_len properly
[   38.906748] sg_write: data in/out 2130706396/78 bytes for SCSI command 0x0-- guessing data in;
[   38.906748]    program repro not setting count and/or reply_len properly
[   43.859608] sg_write: 1033 callbacks suppressed
[   43.859625] sg_write: data in/out 2130706396/78 bytes for SCSI command 0x0-- guessing data in;
[   43.859625]    program repro not setting count and/or reply_len properly
[   43.865952] sg_write: data in/out 2130706396/78 bytes for SCSI command 0x0-- guessing data in;
[   43.865952]    program repro not setting count and/or reply_len properly
[   43.872284] sg_write: data in/out 2130706396/78 bytes for SCSI command 0x0-- guessing data in;
[   43.872284]    program repro not setting count and/or reply_len properly
[   43.877895] sg_write: data in/out 2130706396/78 bytes for SCSI command 0x0-- guessing data in;
[   43.877895]    program repro not setting count and/or reply_len properly
[   43.883799] sg_write: data in/out 2130706396/78 bytes for SCSI command 0x0-- guessing data in;
[   43.883799]    program repro not setting count and/or reply_len properly
[   43.889855] sg_write: data in/out 2130706396/78 bytes for SCSI command 0x0-- guessing data in;
[   43.889855]    program repro not setting count and/or reply_len properly
[   43.895364] sg_write: data in/out 2130706396/78 bytes for SCSI command 0x0-- guessing data in;
[   43.895364]    program repro not setting count and/or reply_len properly
[   43.900734] sg_write: data in/out 2130706396/78 bytes for SCSI command 0x0-- guessing data in;
[   43.900734]    program repro not setting count and/or reply_len properly
[   43.906308] sg_write: data in/out 2130706396/78 bytes for SCSI command 0x0-- guessing data in;
[   43.906308]    program repro not setting count and/or reply_len properly
[   43.912216] sg_write: data in/out 2130706396/78 bytes for SCSI command 0x0-- guessing data in;
[   43.912216]    program repro not setting count and/or reply_len properly
[   48.864907] sg_write: 1032 callbacks suppressed
[   48.864917] sg_write: data in/out 2130706396/78 bytes for SCSI command 0x0-- guessing data in;
[   48.864917]    program repro not setting count and/or reply_len properly
[   48.870779] sg_write: data in/out 2130706396/78 bytes for SCSI command 0x0-- guessing data in;
[   48.870779]    program repro not setting count and/or reply_len properly
[   48.876369] sg_write: data in/out 2130706396/78 bytes for SCSI command 0x0-- guessing data in;
[   48.876369]    program repro not setting count and/or reply_len properly
[   48.881667] sg_write: data in/out 2130706396/78 bytes for SCSI command 0x0-- guessing data in;
[   48.881667]    program repro not setting count and/or reply_len properly
[   48.887771] sg_write: data in/out 2130706396/78 bytes for SCSI command 0x0-- guessing data in;
[   48.887771]    program repro not setting count and/or reply_len properly
[   48.893580] sg_write: data in/out 2130706396/78 bytes for SCSI command 0x0-- guessing data in;
[   48.893580]    program repro not setting count and/or reply_len properly
[   48.899036] sg_write: data in/out 2130706396/78 bytes for SCSI command 0x0-- guessing data in;
[   48.899036]    program repro not setting count and/or reply_len properly
[   48.904265] sg_write: data in/out 2130706396/78 bytes for SCSI command 0x0-- guessing data in;
[   48.904265]    program repro not setting count and/or reply_len properly
[   48.909466] sg_write: data in/out 2130706396/78 bytes for SCSI command 0x0-- guessing data in;
[   48.909466]    program repro not setting count and/or reply_len properly
[   48.915099] sg_write: data in/out 2130706396/78 bytes for SCSI command 0x0-- guessing data in;
[   48.915099]    program repro not setting count and/or reply_len properly
[   53.870403] sg_write: 1036 callbacks suppressed
[   53.870412] sg_write: data in/out 2130706396/78 bytes for SCSI command 0x0-- guessing data in;
[   53.870412]    program repro not setting count and/or reply_len properly
[   53.876354] sg_write: data in/out 2130706396/78 bytes for SCSI command 0x0-- guessing data in;
[   53.876354]    program repro not setting count and/or reply_len properly
[   53.881784] sg_write: data in/out 2130706396/78 bytes for SCSI command 0x0-- guessing data in;
[   53.881784]    program repro not setting count and/or reply_len properly
[   53.887379] sg_write: data in/out 2130706396/78 bytes for SCSI command 0x0-- guessing data in;
[   53.887379]    program repro not setting count and/or reply_len properly
[   53.893026] sg_write: data in/out 2130706396/78 bytes for SCSI command 0x0-- guessing data in;
[   53.893026]    program repro not setting count and/or reply_len properly
[   53.898569] sg_write: data in/out 2130706396/78 bytes for SCSI command 0x0-- guessing data in;
[   53.898569]    program repro not setting count and/or reply_len properly
[   53.903971] sg_write: data in/out 2130706396/78 bytes for SCSI command 0x0-- guessing data in;
[   53.903971]    program repro not setting count and/or reply_len properly
[   53.909582] sg_write: data in/out 2130706396/78 bytes for SCSI command 0x0-- guessing data in;
[   53.909582]    program repro not setting count and/or reply_len properly
[   53.914883] sg_write: data in/out 2130706396/78 bytes for SCSI command 0x0-- guessing data in;
[   53.914883]    program repro not setting count and/or reply_len properly
[   53.920433] sg_write: data in/out 2130706396/78 bytes for SCSI command 0x0-- guessing data in;
[   53.920433]    program repro not setting count and/or reply_len properly
[   58.874570] sg_write: 1032 callbacks suppressed
[   58.874583] sg_write: data in/out 2130706396/78 bytes for SCSI command 0x0-- guessing data in;
[   58.874583]    program repro not setting count and/or reply_len properly
[   58.880386] sg_write: data in/out 2130706396/78 bytes for SCSI command 0x0-- guessing data in;
[   58.880386]    program repro not setting count and/or reply_len properly
[   58.885945] sg_write: data in/out 2130706396/78 bytes for SCSI command 0x0-- guessing data in;
[   58.885945]    program repro not setting count and/or reply_len properly
[   58.891654] sg_write: data in/out 2130706396/78 bytes for SCSI command 0x0-- guessing data in;
[   58.891654]    program repro not setting count and/or reply_len properly
[   58.897555] sg_write: data in/out 2130706396/78 bytes for SCSI command 0x0-- guessing data in;
[   58.897555]    program repro not setting count and/or reply_len properly
[   58.903280] sg_write: data in/out 2130706396/78 bytes for SCSI command 0x0-- guessing data in;
[   58.903280]    program repro not setting count and/or reply_len properly
[   58.908987] sg_write: data in/out 2130706396/78 bytes for SCSI command 0x0-- guessing data in;
[   58.908987]    program repro not setting count and/or reply_len properly
[   58.915079] sg_write: data in/out 2130706396/78 bytes for SCSI command 0x0-- guessing data in;
[   58.915079]    program repro not setting count and/or reply_len properly
[   58.920677] sg_write: data in/out 2130706396/78 bytes for SCSI command 0x0-- guessing data in;
[   58.920677]    program repro not setting count and/or reply_len properly
[   58.925996] sg_write: data in/out 2130706396/78 bytes for SCSI command 0x0-- guessing data in;
[   58.925996]    program repro not setting count and/or reply_len properly
