c[?7l[2J[0mSeaBIOS (version rel-1.16.0-0-gd239552ce722-prebuilt.qemu.org)


iPXE (http://ipxe.org) 00:03.0 CA00 PCI2.10 PnP PMM+7FF91000+7FEF1000 CA00
Press Ctrl-B to configure iPXE (PCI 00:03.0)...                                                                               


Booting from ROM...
c[?7l[2J[    0.000000] Linux version 6.7.0-8c94ccc7cd69+ (root@p-adls01) (gcc (GCC) 11.4.1 20231218 (Red Hat 11.4.1-3), GNU ld version 2.35.2-43.el9) #1 SMP PREEMPT_DYNAMIC Mon Apr  1 17:45:56 CST 2024
[    0.000000] Command line: console=ttyS0 root=/dev/sda earlyprintk=serial net.ifnames=0 plymouth.enable=0
[    0.000000] KERNEL supported cpus:
[    0.000000]   Intel GenuineIntel
[    0.000000]   AMD AuthenticAMD
[    0.000000]   Hygon HygonGenuine
[    0.000000]   Centaur CentaurHauls
[    0.000000]   zhaoxin   Shanghai  
[    0.000000] BIOS-provided physical RAM map:
[    0.000000] BIOS-e820: [mem 0x0000000000000000-0x000000000009fbff] usable
[    0.000000] BIOS-e820: [mem 0x000000000009fc00-0x000000000009ffff] reserved
[    0.000000] BIOS-e820: [mem 0x00000000000f0000-0x00000000000fffff] reserved
[    0.000000] BIOS-e820: [mem 0x0000000000100000-0x000000007ffdffff] usable
[    0.000000] BIOS-e820: [mem 0x000000007ffe0000-0x000000007fffffff] reserved
[    0.000000] BIOS-e820: [mem 0x00000000feffc000-0x00000000feffffff] reserved
[    0.000000] BIOS-e820: [mem 0x00000000fffc0000-0x00000000ffffffff] reserved
[    0.000000] printk: legacy bootconsole [earlyser0] enabled
[    0.000000] NX (Execute Disable) protection: active
[    0.000000] APIC: Static calls initialized
[    0.000000] SMBIOS 2.8 present.
[    0.000000] DMI: QEMU Standard PC (i440FX + PIIX, 1996), BIOS rel-1.16.0-0-gd239552ce722-prebuilt.qemu.org 04/01/2014
[    0.000000] Hypervisor detected: KVM
[    0.000000] kvm-clock: Using msrs 4b564d01 and 4b564d00
[    0.000002] kvm-clock: using sched offset of 669196461 cycles
[    0.000365] clocksource: kvm-clock: mask: 0xffffffffffffffff max_cycles: 0x1cd42e4dffb, max_idle_ns: 881590591483 ns
[    0.001495] tsc: Detected 3609.600 MHz processor
[    0.008575] last_pfn = 0x7ffe0 max_arch_pfn = 0x400000000
[    0.009017] MTRR map: 4 entries (3 fixed + 1 variable; max 19), built from 8 variable MTRRs
[    0.009597] x86/PAT: Configuration [0-7]: WB  WC  UC- UC  WB  WP  UC- WT  
[    0.018888] found SMP MP-table at [mem 0x000f5ba0-0x000f5baf]
[    0.019358] Using GB pages for direct mapping
[    0.021711] ACPI: Early table checksum verification disabled
[    0.022108] ACPI: RSDP 0x00000000000F59C0 000014 (v00 BOCHS )
[    0.022519] ACPI: RSDT 0x000000007FFE1951 000034 (v01 BOCHS  BXPC     00000001 BXPC 00000001)
[    0.023123] ACPI: FACP 0x000000007FFE17FD 000074 (v01 BOCHS  BXPC     00000001 BXPC 00000001)
[    0.023734] ACPI: DSDT 0x000000007FFE0040 0017BD (v01 BOCHS  BXPC     00000001 BXPC 00000001)
[    0.024333] ACPI: FACS 0x000000007FFE0000 000040
[    0.024665] ACPI: APIC 0x000000007FFE1871 000080 (v01 BOCHS  BXPC     00000001 BXPC 00000001)
[    0.025268] ACPI: HPET 0x000000007FFE18F1 000038 (v01 BOCHS  BXPC     00000001 BXPC 00000001)
[    0.025870] ACPI: WAET 0x000000007FFE1929 000028 (v01 BOCHS  BXPC     00000001 BXPC 00000001)
[    0.026468] ACPI: Reserving FACP table memory at [mem 0x7ffe17fd-0x7ffe1870]
[    0.026958] ACPI: Reserving DSDT table memory at [mem 0x7ffe0040-0x7ffe17fc]
[    0.027445] ACPI: Reserving FACS table memory at [mem 0x7ffe0000-0x7ffe003f]
[    0.027938] ACPI: Reserving APIC table memory at [mem 0x7ffe1871-0x7ffe18f0]
[    0.028426] ACPI: Reserving HPET table memory at [mem 0x7ffe18f1-0x7ffe1928]
[    0.028915] ACPI: Reserving WAET table memory at [mem 0x7ffe1929-0x7ffe1950]
[    0.029822] No NUMA configuration found
[    0.030089] Faking a node at [mem 0x0000000000000000-0x000000007ffdffff]
[    0.030574] NODE_DATA(0) allocated [mem 0x7ffb5000-0x7ffdffff]
[    0.032537] Zone ranges:
[    0.032717]   DMA      [mem 0x0000000000001000-0x0000000000ffffff]
[    0.033147]   DMA32    [mem 0x0000000001000000-0x000000007ffdffff]
[    0.033578]   Normal   empty
[    0.033781]   Device   empty
[    0.033985] Movable zone start for each node
[    0.034285] Early memory node ranges
[    0.034533]   node   0: [mem 0x0000000000001000-0x000000000009efff]
[    0.034969]   node   0: [mem 0x0000000000100000-0x000000007ffdffff]
[    0.035406] Initmem setup node 0 [mem 0x0000000000001000-0x000000007ffdffff]
[    0.036384] On node 0, zone DMA: 1 pages in unavailable ranges
[    0.037086] On node 0, zone DMA: 97 pages in unavailable ranges
[    0.076580] On node 0, zone DMA32: 32 pages in unavailable ranges
[    0.287090] kasan: KernelAddressSanitizer initialized
[    0.287718] ACPI: PM-Timer IO Port: 0x608
[    0.288030] ACPI: LAPIC_NMI (acpi_id[0xff] dfl dfl lint[0x1])
[    0.288489] IOAPIC[0]: apic_id 0, version 17, address 0xfec00000, GSI 0-23
[    0.288993] ACPI: INT_SRC_OVR (bus 0 bus_irq 0 global_irq 2 dfl dfl)
[    0.289437] ACPI: INT_SRC_OVR (bus 0 bus_irq 5 global_irq 5 high level)
[    0.289898] ACPI: INT_SRC_OVR (bus 0 bus_irq 9 global_irq 9 high level)
[    0.290357] ACPI: INT_SRC_OVR (bus 0 bus_irq 10 global_irq 10 high level)
[    0.290827] ACPI: INT_SRC_OVR (bus 0 bus_irq 11 global_irq 11 high level)
[    0.291309] ACPI: Using ACPI (MADT) for SMP configuration information
[    0.291757] ACPI: HPET id: 0x8086a201 base: 0xfed00000
[    0.292127] TSC deadline timer available
[    0.292400] smpboot: Allowing 2 CPUs, 0 hotplug CPUs
[    0.292788] kvm-guest: APIC: eoi() replaced with kvm_guest_apic_eoi_write()
[    0.293299] kvm-guest: KVM setup pv remote TLB flush
[    0.293643] kvm-guest: setup PV sched yield
[    0.293980] PM: hibernation: Registered nosave memory: [mem 0x00000000-0x00000fff]
[    0.294507] PM: hibernation: Registered nosave memory: [mem 0x0009f000-0x0009ffff]
[    0.295028] PM: hibernation: Registered nosave memory: [mem 0x000a0000-0x000effff]
[    0.295557] PM: hibernation: Registered nosave memory: [mem 0x000f0000-0x000fffff]
[    0.296082] [mem 0x80000000-0xfeffbfff] available for PCI devices
[    0.296505] Booting paravirtualized kernel on KVM
[    0.296841] clocksource: refined-jiffies: mask: 0xffffffff max_cycles: 0xffffffff, max_idle_ns: 7645519600211568 ns
[    0.297577] setup_percpu: NR_CPUS:8192 nr_cpumask_bits:2 nr_cpu_ids:2 nr_node_ids:1
[    0.299566] percpu: Embedded 82 pages/cpu s299008 r8192 d28672 u1048576
[    0.300170] kvm-guest: PV spinlocks enabled
[    0.300472] PV qspinlock hash table entries: 256 (order: 0, 4096 bytes, linear)
[    0.300995] Kernel command line: net.ifnames=0 console=ttyS0 root=/dev/sda earlyprintk=serial net.ifnames=0 plymouth.enable=0
[    0.302067] random: crng init done
[    0.303477] Dentry cache hash table entries: 262144 (order: 9, 2097152 bytes, linear)
[    0.304704] Inode-cache hash table entries: 131072 (order: 8, 1048576 bytes, linear)
[    0.305513] Fallback order for Node 0: 0 
[    0.305524] Built 1 zonelists, mobility grouping on.  Total pages: 515808
[    0.306254] Policy zone: DMA32
[    0.306461] mem auto-init: stack:off, heap alloc:off, heap free:off
[    0.306878] stackdepot: allocating hash table via alloc_large_system_hash
[    0.307336] stackdepot hash table entries: 1048576 (order: 12, 16777216 bytes, linear)
[    0.367338] Memory: 1619036K/2096632K available (73728K kernel code, 14113K rwdata, 16572K rodata, 14888K init, 21908K bss, 477340K reserved, 0K cma-reserved)
[    0.369569] SLUB: HWalign=64, Order=0-3, MinObjects=0, CPUs=2, Nodes=1
[    0.370011] kmemleak: Kernel memory leak detector disabled
[    0.370535] ftrace: allocating 70290 entries in 275 pages
[    0.390820] ftrace: allocated 275 pages with 4 groups
[    0.394648] Dynamic Preempt: voluntary
[    0.395561] Running RCU self tests
[    0.395782] Running RCU synchronous self tests
[    0.396089] rcu: Preemptible hierarchical RCU implementation.
[    0.396472] rcu: 	RCU lockdep checking is enabled.
[    0.396791] rcu: 	RCU restricting CPUs from NR_CPUS=8192 to nr_cpu_ids=2.
[    0.397245] 	Trampoline variant of Tasks RCU enabled.
[    0.397580] 	Rude variant of Tasks RCU enabled.
[    0.397882] 	Tracing variant of Tasks RCU enabled.
[    0.398201] rcu: RCU calculated value of scheduler-enlistment delay is 25 jiffies.
[    0.398704] rcu: Adjusting geometry for rcu_fanout_leaf=16, nr_cpu_ids=2
[    0.399214] Running RCU synchronous self tests
[    0.446289] NR_IRQS: 524544, nr_irqs: 440, preallocated irqs: 16
[    0.447423] rcu: srcu_init: Setting srcu_struct sizes based on contention.
[    0.454384] Console: colour VGA+ 80x25
[    0.454707] printk: legacy console [ttyS0] enabled
[    0.454707] printk: legacy console [ttyS0] enabled
[    0.455366] printk: legacy bootconsole [earlyser0] disabled
[    0.455366] printk: legacy bootconsole [earlyser0] disabled
[    0.456158] Lock dependency validator: Copyright (c) 2006 Red Hat, Inc., Ingo Molnar
[    0.456686] ... MAX_LOCKDEP_SUBCLASSES:  8
[    0.456973] ... MAX_LOCK_DEPTH:          48
[    0.457264] ... MAX_LOCKDEP_KEYS:        8192
[    0.457568] ... CLASSHASH_SIZE:          4096
[    0.457871] ... MAX_LOCKDEP_ENTRIES:     32768
[    0.458179] ... MAX_LOCKDEP_CHAINS:      65536
[    0.458489] ... CHAINHASH_SIZE:          32768
[    0.458800]  memory used by lock dependency info: 6429 kB
[    0.459173]  memory used for stack traces: 4224 kB
[    0.459508]  per task-struct memory footprint: 1920 bytes
[    0.459989] ACPI: Core revision 20230628
[    0.460838] clocksource: hpet: mask: 0xffffffff max_cycles: 0xffffffff, max_idle_ns: 19112604467 ns
[    0.461686] APIC: Switch to symmetric I/O mode setup
[    0.462172] x2apic enabled
[    0.462727] APIC: Switched APIC routing to: physical x2apic
[    0.463118] kvm-guest: APIC: send_IPI_mask() replaced with kvm_send_ipi_mask()
[    0.463632] kvm-guest: APIC: send_IPI_mask_allbutself() replaced with kvm_send_ipi_mask_allbutself()
[    0.464266] kvm-guest: setup PV IPIs
[    0.465693] ..TIMER: vector=0x30 apic1=0 pin1=2 apic2=-1 pin2=-1
[    0.466130] clocksource: tsc-early: mask: 0xffffffffffffffff max_cycles: 0x3407c077a8d, max_idle_ns: 440795342283 ns
[    0.466869] Calibrating delay loop (skipped) preset value.. 7219.20 BogoMIPS (lpj=14438400)
[    0.467536] x86/cpu: User Mode Instruction Prevention (UMIP) activated
[    0.468076] Last level iTLB entries: 4KB 0, 2MB 0, 4MB 0
[    0.468445] Last level dTLB entries: 4KB 0, 2MB 0, 4MB 0, 1GB 0
[    0.468862] Spectre V1 : Mitigation: usercopy/swapgs barriers and __user pointer sanitization
[    0.469441] Spectre V2 : WARNING: Unprivileged eBPF is enabled with eIBRS on, data leaks possible via Spectre v2 BHB attacks!
[    0.470894] Spectre V2 : Mitigation: Enhanced / Automatic IBRS
[    0.471273] Spectre V2 : Spectre v2 / SpectreRSB mitigation: Filling RSB on context switch
[    0.471802] Spectre V2 : Spectre v2 / PBRSB-eIBRS: Retire a single CALL on VMEXIT
[    0.472289] Spectre V2 : mitigation: Enabling conditional Indirect Branch Prediction Barrier
[    0.472830] Speculative Store Bypass: Mitigation: Speculative Store Bypass disabled via prctl
[    0.473405] x86/fpu: Supporting XSAVE feature 0x001: 'x87 floating point registers'
[    0.473915] x86/fpu: Supporting XSAVE feature 0x002: 'SSE registers'
[    0.474855] x86/fpu: Supporting XSAVE feature 0x004: 'AVX registers'
[    0.475281] x86/fpu: Supporting XSAVE feature 0x200: 'Protection Keys User registers'
[    0.475807] x86/fpu: xstate_offset[2]:  576, xstate_sizes[2]:  256
[    0.476223] x86/fpu: xstate_offset[9]:  832, xstate_sizes[9]:    8
[    0.476645] x86/fpu: Enabled xstate features 0x207, context size is 840 bytes, using 'compacted' format.
[    0.594973] Freeing SMP alternatives memory: 56K
[    0.595306] pid_max: default: 32768 minimum: 301
[    0.596493] LSM: initializing lsm=capability,yama,integrity
[    0.596900] Yama: becoming mindful.
[    0.597549] Mount-cache hash table entries: 4096 (order: 3, 32768 bytes, linear)
[    0.598055] Mountpoint-cache hash table entries: 4096 (order: 3, 32768 bytes, linear)
[    0.600515] Running RCU synchronous self tests
[    0.600830] Running RCU synchronous self tests
[    0.601598] smpboot: CPU0: 12th Gen Intel(R) Core(TM) i7-12700K (family: 0x6, model: 0x97, stepping: 0x2)
[    0.602851] RCU Tasks: Setting shift to 1 and lim to 1 rcu_task_cb_adjust=1.
[    0.602851] RCU Tasks Rude: Setting shift to 1 and lim to 1 rcu_task_cb_adjust=1.
[    0.602851] RCU Tasks Trace: Setting shift to 1 and lim to 1 rcu_task_cb_adjust=1.
[    0.602851] Running RCU Tasks wait API self tests
[    0.602851] Running RCU Tasks Rude wait API self tests
[    0.602937] Running RCU Tasks Trace wait API self tests
[    0.603336] Performance Events: unsupported p6 CPU model 151 no PMU driver, software events only.
[    0.603987] signal: max sigframe size: 3632
[    0.604458] rcu: Hierarchical SRCU implementation.
[    0.604780] rcu: 	Max phase no-delay instances is 1000.
[    0.609501] NMI watchdog: Perf NMI watchdog permanently disabled
[    0.610160] smp: Bringing up secondary CPUs ...
[    0.611405] smpboot: x86: Booting SMP configuration:
[    0.611761] .... node  #0, CPUs:      #1
[    0.611871] Callback from call_rcu_tasks_trace() invoked.
[    0.612570] smp: Brought up 1 node, 2 CPUs
[    0.612570] smpboot: Max logical packages: 1
[    0.612570] smpboot: Total of 2 processors activated (14438.40 BogoMIPS)
[    0.616030] devtmpfs: initialized
[    0.616030] x86/mm: Memory block size: 128MB
[    0.631374] Running RCU synchronous self tests
[    0.631713] Running RCU synchronous self tests
[    0.632087] clocksource: jiffies: mask: 0xffffffff max_cycles: 0xffffffff, max_idle_ns: 7645041785100000 ns
[    0.632747] futex hash table entries: 512 (order: 4, 65536 bytes, linear)
[    0.633818] pinctrl core: initialized pinctrl subsystem
[    0.635139] 
[    0.635255] *************************************************************
[    0.635703] **     NOTICE NOTICE NOTICE NOTICE NOTICE NOTICE NOTICE    **
[    0.636151] **                                                         **
[    0.636613] **  IOMMU DebugFS SUPPORT HAS BEEN ENABLED IN THIS KERNEL  **
[    0.637061] **                                                         **
[    0.637509] ** This means that this kernel is built to expose internal **
[    0.637953] ** IOMMU data structures, which may compromise security on **
[    0.638396] ** your system.                                            **
[    0.638851] **                                                         **
[    0.639298] ** If you see this message and you are not debugging the   **
[    0.639743] ** kernel, report this immediately to your vendor!         **
[    0.640187] **                                                         **
[    0.640635] **     NOTICE NOTICE NOTICE NOTICE NOTICE NOTICE NOTICE    **
[    0.641080] *************************************************************
[    0.641575] PM: RTC time: 15:19:08, date: 2024-04-01
[    0.644980] NET: Registered PF_NETLINK/PF_ROUTE protocol family
[    0.646930] DMA: preallocated 256 KiB GFP_KERNEL pool for atomic allocations
[    0.647430] DMA: preallocated 256 KiB GFP_KERNEL|GFP_DMA pool for atomic allocations
[    0.647966] DMA: preallocated 256 KiB GFP_KERNEL|GFP_DMA32 pool for atomic allocations
[    0.648603] audit: initializing netlink subsys (disabled)
[    0.649015] audit: type=2000 audit(1711984749.022:1): state=initialized audit_enabled=0 res=1
[    0.651456] thermal_sys: Registered thermal governor 'fair_share'
[    0.651463] thermal_sys: Registered thermal governor 'bang_bang'
[    0.651882] thermal_sys: Registered thermal governor 'step_wise'
[    0.652294] thermal_sys: Registered thermal governor 'user_space'
[    0.652790] cpuidle: using governor ladder
[    0.653498] cpuidle: using governor menu
[    0.654063] acpiphp: ACPI Hot Plug PCI Controller Driver version: 0.5
[    0.655444] PCI: Using configuration type 1 for base access
[    0.656311] kprobes: kprobe jump-optimization is enabled. All kprobes are optimized if possible.
[    0.803226] Callback from call_rcu_tasks_rude() invoked.
[    0.803791] HugeTLB: registered 1.00 GiB page size, pre-allocated 0 pages
[    0.804245] HugeTLB: 16380 KiB vmemmap can be freed for a 1.00 GiB page
[    0.804689] HugeTLB: registered 2.00 MiB page size, pre-allocated 0 pages
[    0.805145] HugeTLB: 28 KiB vmemmap can be freed for a 2.00 MiB page
[    0.810218] ACPI: Added _OSI(Module Device)
[    0.810525] ACPI: Added _OSI(Processor Device)
[    0.810838] ACPI: Added _OSI(3.0 _SCP Extensions)
[    0.810873] ACPI: Added _OSI(Processor Aggregator Device)
[    0.841842] ACPI: 1 ACPI AML tables successfully acquired and loaded
[    0.852869] ACPI: _OSC evaluation for CPUs failed, trying _PDC
[    0.857323] ACPI: Interpreter enabled
[    0.857824] ACPI: PM: (supports S0 S3 S4 S5)
[    0.858127] ACPI: Using IOAPIC for interrupt routing
[    0.858619] PCI: Using host bridge windows from ACPI; if necessary, use "pci=nocrs" and report a bug
[    0.858857] PCI: Using E820 reservations for host bridge windows
[    0.861625] ACPI: Enabled 2 GPEs in block 00 to 0F
[    0.927268] ACPI: PCI Root Bridge [PCI0] (domain 0000 [bus 00-ff])
[    0.927774] acpi PNP0A03:00: _OSC: OS supports [ASPM ClockPM Segments MSI EDR HPX-Type3]
[    0.928321] acpi PNP0A03:00: _OSC: not requesting OS control; OS requires [ExtendedConfig ASPM ClockPM MSI]
[    0.929255] acpi PNP0A03:00: fail to add MMCONFIG information, can't access extended configuration space under this bridge
[    0.937862] acpiphp: Slot [3] registered
[    0.938388] acpiphp: Slot [4] registered
[    0.938929] acpiphp: Slot [5] registered
[    0.939439] acpiphp: Slot [6] registered
[    0.939952] acpiphp: Slot [7] registered
[    0.940450] acpiphp: Slot [8] registered
[    0.940978] acpiphp: Slot [9] registered
[    0.941486] acpiphp: Slot [10] registered
[    0.942005] acpiphp: Slot [11] registered
[    0.942514] acpiphp: Slot [12] registered
[    0.943052] acpiphp: Slot [13] registered
[    0.943571] acpiphp: Slot [14] registered
[    0.944080] acpiphp: Slot [15] registered
[    0.944647] acpiphp: Slot [16] registered
[    0.945268] acpiphp: Slot [17] registered
[    0.945806] acpiphp: Slot [18] registered
[    0.946322] acpiphp: Slot [19] registered
[    0.946826] acpiphp: Slot [20] registered
[    0.947127] acpiphp: Slot [21] registered
[    0.947645] acpiphp: Slot [22] registered
[    0.948183] acpiphp: Slot [23] registered
[    0.948682] acpiphp: Slot [24] registered
[    0.949201] acpiphp: Slot [25] registered
[    0.949701] acpiphp: Slot [26] registered
[    0.950216] acpiphp: Slot [27] registered
[    0.950730] acpiphp: Slot [28] registered
[    0.951108] acpiphp: Slot [29] registered
[    0.951628] acpiphp: Slot [30] registered
[    0.952157] acpiphp: Slot [31] registered
[    0.952549] PCI host bridge to bus 0000:00
[    0.952836] pci_bus 0000:00: root bus resource [io  0x0000-0x0cf7 window]
[    0.953302] pci_bus 0000:00: root bus resource [io  0x0d00-0xffff window]
[    0.953768] pci_bus 0000:00: root bus resource [mem 0x000a0000-0x000bffff window]
[    0.954278] pci_bus 0000:00: root bus resource [mem 0x80000000-0xfebfffff window]
[    0.954788] pci_bus 0000:00: root bus resource [mem 0x100000000-0x17fffffff window]
[    0.954875] pci_bus 0000:00: root bus resource [bus 00-ff]
[    0.955586] pci 0000:00:00.0: [8086:1237] type 00 class 0x060000 conventional PCI endpoint
[    0.977448] pci 0000:00:01.0: [8086:7000] type 00 class 0x060100 conventional PCI endpoint
[    0.980065] pci 0000:00:01.1: [8086:7010] type 00 class 0x010180 conventional PCI endpoint
[    0.981900] pci 0000:00:01.1: BAR 4 [io  0xc040-0xc04f]
[    0.982751] pci 0000:00:01.1: BAR 0 [io  0x01f0-0x01f7]: legacy IDE quirk
[    0.982868] pci 0000:00:01.1: BAR 1 [io  0x03f6]: legacy IDE quirk
[    0.983285] pci 0000:00:01.1: BAR 2 [io  0x0170-0x0177]: legacy IDE quirk
[    0.983742] pci 0000:00:01.1: BAR 3 [io  0x0376]: legacy IDE quirk
[    0.984799] pci 0000:00:01.3: [8086:7113] type 00 class 0x068000 conventional PCI endpoint
[    0.985674] pci 0000:00:01.3: quirk: [io  0x0600-0x063f] claimed by PIIX4 ACPI
[    0.986168] pci 0000:00:01.3: quirk: [io  0x0700-0x070f] claimed by PIIX4 SMB
[    0.987228] pci 0000:00:02.0: [1234:1111] type 00 class 0x030000 conventional PCI endpoint
[    0.999343] pci 0000:00:02.0: BAR 0 [mem 0xfd000000-0xfdffffff pref]
[    1.002058] pci 0000:00:02.0: BAR 2 [mem 0xfebf0000-0xfebf0fff]
[    1.005781] pci 0000:00:02.0: ROM [mem 0xfebe0000-0xfebeffff pref]
[    1.006601] pci 0000:00:02.0: Video device with shadowed ROM at [mem 0x000c0000-0x000dffff]
[    1.027508] pci 0000:00:03.0: [8086:100e] type 00 class 0x020000 conventional PCI endpoint
[    1.028642] pci 0000:00:03.0: BAR 0 [mem 0xfebc0000-0xfebdffff]
[    1.029531] pci 0000:00:03.0: BAR 1 [io  0xc000-0xc03f]
[    1.032012] pci 0000:00:03.0: ROM [mem 0xfeb80000-0xfebbffff pref]
[    1.063446] ACPI: PCI: Interrupt link LNKA configured for IRQ 10
[    1.065779] ACPI: PCI: Interrupt link LNKB configured for IRQ 10
[    1.068030] ACPI: PCI: Interrupt link LNKC configured for IRQ 11
[    1.070330] ACPI: PCI: Interrupt link LNKD configured for IRQ 11
[    1.071477] ACPI: PCI: Interrupt link LNKS configured for IRQ 9
[    1.076586] iommu: Default domain type: Translated
[    1.076938] iommu: DMA domain TLB invalidation policy: lazy mode
[    1.080955] SCSI subsystem initialized
[    1.082852] ACPI: bus type USB registered
[    1.083029] usbcore: registered new interface driver usbfs
[    1.083519] usbcore: registered new interface driver hub
[    1.083978] usbcore: registered new device driver usb
[    1.084738] pps_core: LinuxPPS API ver. 1 registered
[    1.085084] pps_core: Software ver. 5.3.6 - Copyright 2005-2007 Rodolfo Giometti <giometti@linux.it>
[    1.085775] PTP clock support registered
[    1.086852] EDAC MC: Ver: 3.0.0
[    1.091286] NetLabel: Initializing
[    1.091550] NetLabel:  domain hash size = 128
[    1.091859] NetLabel:  protocols = UNLABELED CIPSOv4 CALIPSO
[    1.092479] NetLabel:  unlabeled traffic allowed by default
[    1.093687] PCI: Using ACPI for IRQ routing
[    1.094438] pci 0000:00:02.0: vgaarb: setting as boot VGA device
[    1.094851] pci 0000:00:02.0: vgaarb: bridge control possible
[    1.094851] pci 0000:00:02.0: vgaarb: VGA device added: decodes=io+mem,owns=io+mem,locks=none
[    1.094859] vgaarb: loaded
[    1.096174] hpet0: at MMIO 0xfed00000, IRQs 2, 8, 0
[    1.096536] hpet0: 3 comparators, 64-bit 100.000000 MHz counter
[    1.112643] clocksource: Switched to clocksource kvm-clock
[    1.119588] VFS: Disk quotas dquot_6.6.0
[    1.119952] VFS: Dquot-cache hash table entries: 512 (order 0, 4096 bytes)
[    1.123033] pnp: PnP ACPI init
[    1.129452] pnp: PnP ACPI: found 6 devices
[    1.152360] clocksource: acpi_pm: mask: 0xffffff max_cycles: 0xffffff, max_idle_ns: 2085701024 ns
[    1.153638] NET: Registered PF_INET protocol family
[    1.154275] IP idents hash table entries: 32768 (order: 6, 262144 bytes, linear)
[    1.156416] tcp_listen_portaddr_hash hash table entries: 1024 (order: 4, 73728 bytes, linear)
[    1.157070] Table-perturb hash table entries: 65536 (order: 6, 262144 bytes, linear)
[    1.157654] TCP established hash table entries: 16384 (order: 5, 131072 bytes, linear)
[    1.159356] TCP bind hash table entries: 16384 (order: 9, 2359296 bytes, linear)
[    1.161896] TCP: Hash tables configured (established 16384 bind 16384)
[    1.162600] UDP hash table entries: 1024 (order: 5, 163840 bytes, linear)
[    1.163451] UDP-Lite hash table entries: 1024 (order: 5, 163840 bytes, linear)
[    1.164436] NET: Registered PF_UNIX/PF_LOCAL protocol family
[    1.166069] RPC: Registered named UNIX socket transport module.
[    1.166518] RPC: Registered udp transport module.
[    1.166847] RPC: Registered tcp transport module.
[    1.167193] RPC: Registered tcp-with-tls transport module.
[    1.167573] RPC: Registered tcp NFSv4.1 backchannel transport module.
[    1.168060] pci_bus 0000:00: resource 4 [io  0x0000-0x0cf7 window]
[    1.168494] pci_bus 0000:00: resource 5 [io  0x0d00-0xffff window]
[    1.168925] pci_bus 0000:00: resource 6 [mem 0x000a0000-0x000bffff window]
[    1.169403] pci_bus 0000:00: resource 7 [mem 0x80000000-0xfebfffff window]
[    1.169880] pci_bus 0000:00: resource 8 [mem 0x100000000-0x17fffffff window]
[    1.170918] pci 0000:00:01.0: PIIX3: Enabling Passive Release
[    1.171347] pci 0000:00:00.0: Limiting direct PCI/PCI transfers
[    1.171839] PCI: CLS 0 bytes, default 64
[    1.172227] ACPI: bus type thunderbolt registered
[    1.172974] clocksource: tsc: mask: 0xffffffffffffffff max_cycles: 0x3407c077a8d, max_idle_ns: 440795342283 ns
[    2.607293] Initialise system trusted keyrings
[    2.608026] Key type blacklist registered
[    2.608979] workingset: timestamp_bits=36 max_order=19 bucket_order=0
[    2.609541] zbud: loaded
[    2.613118] squashfs: version 4.0 (2009/01/31) Phillip Lougher
[    2.616159] NFS: Registering the id_resolver key type
[    2.616566] Key type id_resolver registered
[    2.616864] Key type id_legacy registered
[    2.617217] nfs4filelayout_init: NFSv4 File Layout Driver Registering...
[    2.617732] nfs4flexfilelayout_init: NFSv4 Flexfile Layout Driver Registering...
[    2.618554] fuse: init (API version 7.39)
[    2.619694] SGI XFS with ACLs, security attributes, realtime, quota, no debug enabled
[    2.622559] 9p: Installing v9fs 9p2000 file system support
[    2.634382] Key type asymmetric registered
[    2.634740] Asymmetric key parser 'x509' registered
[    2.635241] Block layer SCSI generic (bsg) driver version 0.4 loaded (major 243)
[    2.636003] io scheduler mq-deadline registered
[    2.636426] io scheduler bfq registered
[    2.637664] shpchp: Standard Hot Plug PCI Controller Driver version: 0.4
[    2.639166] IPMI message handler: version 39.2
[    2.639582] ipmi device interface
[    2.642086] input: Power Button as /devices/LNXSYSTM:00/LNXPWRBN:00/input/input0
[    2.643283] ACPI: button: Power Button [PWRF]
[    2.645291] ERST DBG: ERST support is disabled.
[    2.647215] Serial: 8250/16550 driver, 32 ports, IRQ sharing enabled
[    2.649194] 00:04: ttyS0 at I/O 0x3f8 (irq = 4, base_baud = 115200) is a 16550A
[    2.684659] Linux agpgart interface v0.103
[    2.687315] ACPI: bus type drm_connector registered
[    2.707072] Callback from call_rcu_tasks() invoked.
[    2.713729] brd: module loaded
[    2.729788] loop: module loaded
[    2.739977] scsi host0: ata_piix
[    2.741545] scsi host1: ata_piix
[    2.742403] ata1: PATA max MWDMA2 cmd 0x1f0 ctl 0x3f6 bmdma 0xc040 irq 14 lpm-pol 0
[    2.742930] ata2: PATA max MWDMA2 cmd 0x170 ctl 0x376 bmdma 0xc048 irq 15 lpm-pol 0
[    2.746086] tun: Universal TUN/TAP device driver, 1.6
[    2.746952] e100: Intel(R) PRO/100 Network Driver
[    2.747297] e100: Copyright(c) 1999-2006 Intel Corporation
[    2.747747] e1000: Intel(R) PRO/1000 Network Driver
[    2.748083] e1000: Copyright (c) 1999-2006 Intel Corporation.
[    2.903142] ata2: found unknown device (class 0)
[    2.903992] ata1: found unknown device (class 0)
[    2.905292] ata2.00: ATAPI: QEMU DVD-ROM, 2.5+, max UDMA/100
[    2.906079] ata1.00: ATA-7: QEMU HARDDISK, 2.5+, max UDMA/100
[    2.906527] ata1.00: 17196647 sectors, multi 16: LBA48 
[    2.908573] scsi 0:0:0:0: Direct-Access     ATA      QEMU HARDDISK    2.5+ PQ: 0 ANSI: 5
[    2.911056] sd 0:0:0:0: Attached scsi generic sg0 type 0
[    2.912593] sd 0:0:0:0: [sda] 17196647 512-byte logical blocks: (8.80 GB/8.20 GiB)
[    2.913207] scsi 1:0:0:0: CD-ROM            QEMU     QEMU DVD-ROM     2.5+ PQ: 0 ANSI: 5
[    2.913856] sd 0:0:0:0: [sda] Write Protect is off
[    2.914332] sd 0:0:0:0: [sda] Write cache: enabled, read cache: enabled, doesn't support DPO or FUA
[    2.915321] sd 0:0:0:0: [sda] Preferred minimum I/O size 512 bytes
[    2.920832] sd 0:0:0:0: [sda] Attached SCSI disk
[    2.936617] scsi 1:0:0:0: Attached scsi generic sg1 type 5
[    4.581738] ACPI: \_SB_.LNKC: Enabled at IRQ 11
[    4.902807] e1000 0000:00:03.0 eth0: (PCI:33MHz:32-bit) 52:54:00:12:34:56
[    4.903355] e1000 0000:00:03.0 eth0: Intel(R) PRO/1000 Network Connection
[    4.903995] e1000e: Intel(R) PRO/1000 Network Driver
[    4.904340] e1000e: Copyright(c) 1999 - 2015 Intel Corporation.
[    4.904850] igb: Intel(R) Gigabit Ethernet Network Driver
[    4.905222] igb: Copyright (c) 2007-2014 Intel Corporation.
[    4.905994] PPP generic driver version 2.4.2
[    4.907450] VFIO - User Level meta-driver version: 0.3
[    4.909459] usbcore: registered new interface driver uas
[    4.909929] usbcore: registered new interface driver usb-storage
[    4.910685] i8042: PNP: PS/2 Controller [PNP0303:KBD,PNP0f13:MOU] at 0x60,0x64 irq 1,12
[    4.912361] serio: i8042 KBD port at 0x60,0x64 irq 1
[    4.912784] serio: i8042 AUX port at 0x60,0x64 irq 12
[    4.914816] mousedev: PS/2 mouse device common for all mice
[    4.917215] input: AT Translated Set 2 keyboard as /devices/platform/i8042/serio0/input/input1
[    4.918296] rtc_cmos 00:05: RTC can wake from S4
[    4.920666] rtc_cmos 00:05: registered as rtc0
[    4.921070] rtc_cmos 00:05: setting system clock to 2024-04-01T15:19:12 UTC (1711984752)
[    4.922018] rtc_cmos 00:05: alarms up to one day, y3k, 242 bytes nvram, hpet irqs
[    4.922635] i2c_dev: i2c /dev entries driver
[    4.923643] device-mapper: core: CONFIG_IMA_DISABLE_HTABLE is disabled. Duplicate IMA measurements will not be recorded in the IMA log.
[    4.924618] device-mapper: uevent: version 1.0.3
[    4.925561] input: VirtualPS/2 VMware VMMouse as /devices/platform/i8042/serio1/input/input4
[    4.927047] device-mapper: ioctl: 4.48.0-ioctl (2023-03-01) initialised: dm-devel@redhat.com
[    4.927648] intel_pstate: CPU model not supported
[    4.928236] sdhci: Secure Digital Host Controller Interface driver
[    4.928659] sdhci: Copyright(c) Pierre Ossman
[    4.929122] sdhci-pltfm: SDHCI platform and OF driver helper
[    4.929695] ledtrig-cpu: registered to indicate activity on CPUs
[    4.930506] drop_monitor: Initializing network drop monitor service
[    4.931391] NET: Registered PF_INET6 protocol family
[    4.932618] input: VirtualPS/2 VMware VMMouse as /devices/platform/i8042/serio1/input/input3
[    4.939965] Segment Routing with IPv6
[    4.940469] In-situ OAM (IOAM) with IPv6
[    4.941050] NET: Registered PF_PACKET protocol family
[    4.941888] 9pnet: Installing 9P2000 support
[    4.942335] Key type dns_resolver registered
[    4.944588] IPI shorthand broadcast: enabled
[    4.999637] sched_clock: Marking stable (4984005328, 14957950)->(5020252644, -21289366)
[    5.001083] registered taskstats version 1
[    5.001925] Loading compiled-in X.509 certificates
[    5.057212] Key type .fscrypt registered
[    5.057667] Key type fscrypt-provisioning registered
[    5.063232] Key type encrypted registered
[    5.063614] ima: No TPM chip found, activating TPM-bypass!
[    5.064026] ima: Allocated hash algorithm: sha1
[    5.064455] ima: No architecture policies found
[    5.064932] evm: Initialising EVM extended attributes:
[    5.065294] evm: security.selinux
[    5.065532] evm: security.SMACK64
[    5.065768] evm: security.SMACK64EXEC
[    5.066029] evm: security.SMACK64TRANSMUTE
[    5.066324] evm: security.SMACK64MMAP
[    5.066585] evm: security.apparmor
[    5.066827] evm: security.ima
[    5.067073] evm: security.capability
[    5.067329] evm: HMAC attrs: 0x1
[    5.071679] PM:   Magic number: 4:922:334
[    5.072037] tty tty55: hash matches
[    5.073309] RAS: Correctable Errors collector initialized.
[    5.074307] clk: Disabling unused clocks
[    5.076275] md: Waiting for all devices to be available before autodetect
[    5.076637] md: If you don't use raid, use raid=noautodetect
[    5.076909] md: Autodetecting RAID arrays.
[    5.077121] md: autorun ...
[    5.077258] md: ... autorun DONE.
[    5.089129] EXT4-fs (sda): mounted filesystem 088740a9-c8b4-422c-999d-a804eb68a4da ro with ordered data mode. Quota mode: none.
[    5.089822] VFS: Mounted root (ext4 filesystem) readonly on device 8:0.
[    5.092147] devtmpfs: mounted
[    5.115512] Freeing unused decrypted memory: 2028K
[    5.121938] Freeing unused kernel image (initmem) memory: 14888K
[    5.122320] Write protecting the kernel read-only data: 92160k
[    5.124698] Freeing unused kernel image (rodata/data gap) memory: 1860K
[    5.188450] x86/mm: Checked W+X mappings: passed, no W+X pages found.
[    5.188826] Run /sbin/init as init process
[    5.320390] systemd[1]: systemd 252-15.el9 running in system mode (+PAM +AUDIT +SELINUX -APPARMOR +IMA +SMACK +SECCOMP +GCRYPT +GNUTLS +OPENSSL +ACL +BLKID +CURL +ELFUTILS -FIDO2 +IDN2 -IDN -IPTC +KMOD +LIBCRYPTSETUP +LIBFDISK +PCRE2 -PWQUALITY +P11KIT -QRENCODE +TPM2 +BZIP2 +LZ4 +XZ +ZLIB +ZSTD -BPF_FRAMEWORK +XKBCOMMON +UTMP +SYSVINIT default-hierarchy=unified)
[    5.321877] systemd[1]: Detected virtualization kvm.
[    5.322128] systemd[1]: Detected architecture x86-64.

Welcome to [0;31mCentOS Stream 9[0m!

[    5.327160] systemd[1]: Hostname set to <test>.
[    5.654663] systemd-rc-local-generator[127]: /etc/rc.d/rc.local is not marked executable, skipping.
[    5.950862] systemd[1]: Queued start job for default target Multi-User System.
[    5.974605] systemd[1]: Created slice Virtual Machine and Container Slice.
[[0;32m  OK  [0m] Created slice [0;1;39mVirtual Machine and Container Slice[0m.
[    5.980413] systemd[1]: Created slice Slice /system/getty.
[[0;32m  OK  [0m] Created slice [0;1;39mSlice /system/getty[0m.
[    5.983950] systemd[1]: Created slice Slice /system/modprobe.
[[0;32m  OK  [0m] Created slice [0;1;39mSlice /system/modprobe[0m.
[    5.987027] systemd[1]: Created slice Slice /system/serial-getty.
[[0;32m  OK  [0m] Created slice [0;1;39mSlice /system/serial-getty[0m.
[    5.990242] systemd[1]: Created slice Slice /system/sshd-keygen.
[[0;32m  OK  [0m] Created slice [0;1;39mSlice /system/sshd-keygen[0m.
[    5.993225] systemd[1]: Created slice User and Session Slice.
[[0;32m  OK  [0m] Created slice [0;1;39mUser and Session Slice[0m.
[    5.994677] systemd[1]: Started Forward Password Requests to Wall Directory Watch.
[[0;32m  OK  [0m] Started [0;1;39mForward Password R…uests to Wall Directory Watch[0m.
[    5.997339] systemd[1]: Set up automount Arbitrary Executable File Formats File System Automount Point.
[[0;32m  OK  [0m] Set up automount [0;1;39mArbitrary…s File System Automount Point[0m.
[    5.998810] systemd[1]: Reached target Local Integrity Protected Volumes.
[[0;32m  OK  [0m] Reached target [0;1;39mLocal Integrity Protected Volumes[0m.
[    6.000032] systemd[1]: Reached target Slice Units.
[[0;32m  OK  [0m] Reached target [0;1;39mSlice Units[0m.
[    6.000970] systemd[1]: Reached target Swaps.
[[0;32m  OK  [0m] Reached target [0;1;39mSwaps[0m.
[    6.001810] systemd[1]: Reached target Local Verity Protected Volumes.
[[0;32m  OK  [0m] Reached target [0;1;39mLocal Verity Protected Volumes[0m.
[    6.003385] systemd[1]: Listening on Device-mapper event daemon FIFOs.
[[0;32m  OK  [0m] Listening on [0;1;39mDevice-mapper event daemon FIFOs[0m.
[    6.005272] systemd[1]: Listening on LVM2 poll daemon socket.
[[0;32m  OK  [0m] Listening on [0;1;39mLVM2 poll daemon socket[0m.
[    6.006505] systemd[1]: multipathd control socket was skipped because of an unmet condition check (ConditionPathExists=/etc/multipath.conf).
[    6.069271] systemd[1]: Listening on RPCbind Server Activation Socket.
[[0;32m  OK  [0m] Listening on [0;1;39mRPCbind Server Activation Socket[0m.
[    6.070546] systemd[1]: Reached target RPC Port Mapper.
[[0;32m  OK  [0m] Reached target [0;1;39mRPC Port Mapper[0m.
[    6.073711] systemd[1]: Listening on Process Core Dump Socket.
[[0;32m  OK  [0m] Listening on [0;1;39mProcess Core Dump Socket[0m.
[    6.075180] systemd[1]: Listening on initctl Compatibility Named Pipe.
[[0;32m  OK  [0m] Listening on [0;1;39minitctl Compatibility Named Pipe[0m.
[    6.076990] systemd[1]: Listening on Journal Socket (/dev/log).
[[0;32m  OK  [0m] Listening on [0;1;39mJournal Socket (/dev/log)[0m.
[    6.078622] systemd[1]: Listening on Journal Socket.
[[0;32m  OK  [0m] Listening on [0;1;39mJournal Socket[0m.
[    6.080287] systemd[1]: Listening on udev Control Socket.
[[0;32m  OK  [0m] Listening on [0;1;39mudev Control Socket[0m.
[    6.081662] systemd[1]: Listening on udev Kernel Socket.
[[0;32m  OK  [0m] Listening on [0;1;39mudev Kernel Socket[0m.
[    6.119416] systemd[1]: Mounting Huge Pages File System...
         Mounting [0;1;39mHuge Pages File System[0m...
[    6.128560] systemd[1]: Mounting POSIX Message Queue File System...
         Mounting [0;1;39mPOSIX Message Queue File System[0m...
[    6.137905] systemd[1]: Mounting Kernel Debug File System...
         Mounting [0;1;39mKernel Debug File System[0m...
[    6.150758] systemd[1]: Mounting Kernel Trace File System...
         Mounting [0;1;39mKernel Trace File System[0m...
[    6.154128] systemd[1]: Kernel Module supporting RPCSEC_GSS was skipped because of an unmet condition check (ConditionPathExists=/etc/krb5.keytab).
[    6.154840] systemd[1]: Create List of Static Device Nodes was skipped because of an unmet condition check (ConditionFileNotEmpty=/lib/modules/6.7.0-8c94ccc7cd69+/modules.devname).
[    6.163450] systemd[1]: Starting Monitoring of LVM2 mirrors, snapshots etc. using dmeventd or progress polling...
         Starting [0;1;39mMonitoring of LVM…meventd or progress polling[0m...
[    6.172484] systemd[1]: Starting Load Kernel Module configfs...
         Starting [0;1;39mLoad Kernel Module configfs[0m...
[    6.181687] systemd[1]: Starting Load Kernel Module drm...
         Starting [0;1;39mLoad Kernel Module drm[0m...
[    6.198941] systemd[1]: Starting Load Kernel Module fuse...
         Starting [0;1;39mLoad Kernel Module fuse[0m...
[    6.218402] systemd[1]: Starting Read and set NIS domainname from /etc/sysconfig/network...
         Starting [0;1;39mRead and set NIS …from /etc/sysconfig/network[0m...
[    6.234807] systemd[1]: Starting Journal Service...
         Starting [0;1;39mJournal Service[0m...
[    6.272636] systemd[1]: Starting Load Kernel Modules...
         Starting [0;1;39mLoad Kernel Modules[0m...
[    6.284974] systemd[1]: Starting Generate network units from Kernel command line...
         Starting [0;1;39mGenerate network …ts from Kernel command line[0m...
[    6.307438] systemd[1]: Starting Remount Root and Kernel File Systems...
         Starting [0;1;39mRemount Root and Kernel File Systems[0m...
[    6.308837] systemd[1]: Repartition Root Disk was skipped because no trigger condition checks were met.
[    6.348302] systemd[1]: Starting Coldplug All udev Devices...
         Starting [0;1;39mColdplug All udev Devices[0m...
[    6.366674] systemd[1]: Mounted Huge Pages File System.
[[0;32m  OK  [0m] Mounted [0;1;39mHuge Pages File System[0m.
[    6.372192] systemd[1]: Mounted POSIX Message Queue File System.
[[0;32m  OK  [0m] Mounted [0;1;39mPOSIX Message Queue File System[0m.
[    6.373668] systemd[1]: Mounted Kernel Debug File System.
[[0;32m  OK  [0m] Mounted [0;1;39mKernel Debug File System[0m.
[    6.379052] systemd[1]: Mounted Kernel Trace File System.
[[0;32m  OK  [0m] Mounted [0;1;39mKernel Trace File System[0m.
[    6.381847] systemd[1]: Finished Monitoring of LVM2 mirrors, snapshots etc. using dmeventd or progress polling.
[[0;32m  OK  [0m] Finished [0;1;39mMonitoring of LVM… dmeventd or progress polling[0m.
[    6.389566] systemd[1]: modprobe@configfs.service: Deactivated successfully.
[    6.395547] systemd[1]: Finished Load Kernel Module configfs.
[[0;32m  OK  [0m] Finished [0;1;39mLoad Kernel Module configfs[0m.
[    6.398874] systemd[1]: modprobe@drm.service: Deactivated successfully.
[    6.404234] systemd[1]: Finished Load Kernel Module drm.
[[0;32m  OK  [0m] Finished [0;1;39mLoad Kernel Module drm[0m.
[    6.406823] systemd[1]: modprobe@fuse.service: Deactivated successfully.
[    6.412179] systemd[1]: Finished Load Kernel Module fuse.
[[0;32m  OK  [0m] Finished [0;1;39mLoad Kernel Module fuse[0m.
[    6.416355] EXT4-fs (sda): warning: mounting fs with errors, running e2fsck is recommended
[    6.419748] systemd[1]: Finished Read and set NIS domainname from /etc/sysconfig/network.
[[0;32m  OK  [0m] Finished [0;1;39mRead and set NIS …e from /etc/sysconfig/network[0m.
[    6.422039] systemd[1]: systemd-modules-load.service: Main process exited, code=exited, status=1/FAILURE
[    6.423008] EXT4-fs (sda): re-mounted 088740a9-c8b4-422c-999d-a804eb68a4da r/w. Quota mode: none.
[    6.427473] systemd[1]: systemd-modules-load.service: Failed with result 'exit-code'.
[    6.428995] systemd[1]: Failed to start Load Kernel Modules.
[[0;1;31mFAILED[0m] Failed to start [0;1;39mLoad Kernel Modules[0m.
See 'systemctl status systemd-modules-load.service' for details.
[    6.439577] systemd[1]: Finished Generate network units from Kernel command line.
[[0;32m  OK  [0m] Finished [0;1;39mGenerate network units from Kernel command line[0m.
[    6.444991] systemd[1]: Finished Remount Root and Kernel File Systems.
[[0;32m  OK  [0m] Finished [0;1;39mRemount Root and Kernel File Systems[0m.
[    6.451554] systemd[1]: Started Journal Service.
[[0;32m  OK  [0m] Started [0;1;39mJournal Service[0m.
[[0;32m  OK  [0m] Reached target [0;1;39mPreparation for Network[0m.
         Mounting [0;1;39mFUSE Control File System[0m...
         Mounting [0;1;39mKernel Configuration File System[0m...
         Starting [0;1;39mFlush Journal to Persistent Storage[0m...
         Starting [0;1;39mLoad/Save Random Seed[0m...
         Starting [0;1;39mApply Kernel Variables[0m...
[    6.577179] systemd-journald[145]: Received client request to flush runtime journal.
         Starting [0;1;39mCreate Static Device Nodes in /dev[0m...
         Starting [0;1;39mSetup Virtual Console[0m...
[[0;32m  OK  [0m] Mounted [0;1;39mFUSE Control File System[0m.
[[0;32m  OK  [0m] Mounted [0;1;39mKernel Configuration File System[0m.
[[0;32m  OK  [0m] Finished [0;1;39mFlush Journal to Persistent Storage[0m.
[[0;32m  OK  [0m] Finished [0;1;39mLoad/Save Random Seed[0m.
[[0;32m  OK  [0m] Finished [0;1;39mApply Kernel Variables[0m.
[[0;32m  OK  [0m] Finished [0;1;39mCreate Static Device Nodes in /dev[0m.
         Starting [0;1;39mRule-based Manage…for Device Events and Files[0m...
[[0;32m  OK  [0m] Started [0;1;39mRule-based Manager for Device Events and Files[0m.
         Starting [0;1;39mAuto-connect to s…E devices found during boot[0m...
[[0;32m  OK  [0m] Finished [0;1;39mAuto-connect to s…VME devices found during boot[0m.
[[0;32m  OK  [0m] Finished [0;1;39mColdplug All udev Devices[0m.
         Starting [0;1;39mWait for udev To …plete Device Initialization[0m...
[[0;32m  OK  [0m] Finished [0;1;39mSetup Virtual Console[0m.
[[0;32m  OK  [0m] Started [0;1;39mDispatch Password …ts to Console Directory Watch[0m.
[[0;32m  OK  [0m] Reached target [0;1;39mLocal Encrypted Volumes[0m.
[[0;32m  OK  [0m] Reached target [0;1;39mPath Units[0m.
[[0;32m  OK  [0m] Found device [0;1;39m/dev/ttyS0[0m.
[[0;32m  OK  [0m] Listening on [0;1;39mLoad/Save RF …itch Status /dev/rfkill Watch[0m.
[[0;32m  OK  [0m] Finished [0;1;39mWait for udev To Complete Device Initialization[0m.
[[0;32m  OK  [0m] Reached target [0;1;39mPreparation for Local File Systems[0m.
[[0;32m  OK  [0m] Reached target [0;1;39mLocal File Systems[0m.
         Starting [0;1;39mTell Plymouth To Write Out Runtime Data[0m...
         Starting [0;1;39mAutomatic Boot Loader Update[0m...
         Starting [0;1;39mCreate Volatile Files and Directories[0m...
[[0;32m  OK  [0m] Finished [0;1;39mTell Plymouth To Write Out Runtime Data[0m.
[[0;32m  OK  [0m] Finished [0;1;39mAutomatic Boot Loader Update[0m.
[[0;32m  OK  [0m] Finished [0;1;39mCreate Volatile Files and Directories[0m.
         Mounting [0;1;39mRPC Pipe File System[0m...
         Starting [0;1;39mSecurity Auditing Service[0m...
         Starting [0;1;39mRPC Bind[0m...
[[0;32m  OK  [0m] Mounted [0;1;39mRPC Pipe File System[0m.
[[0;32m  OK  [0m] Reached target [0;1;39mrpc_pipefs.target[0m.
[[0;32m  OK  [0m] Started [0;1;39mRPC Bind[0m.
[[0;32m  OK  [0m] Started [0;1;39mSecurity Auditing Service[0m.
         Starting [0;1;39mRecord System Boot/Shutdown in UTMP[0m...
[[0;32m  OK  [0m] Finished [0;1;39mRecord System Boot/Shutdown in UTMP[0m.
[[0;32m  OK  [0m] Reached target [0;1;39mSystem Initialization[0m.
[[0;32m  OK  [0m] Started [0;1;39mDaily rotation of log files[0m.
[[0;32m  OK  [0m] Started [0;1;39mUpdates mlocate database every day[0m.
[[0;32m  OK  [0m] Started [0;1;39mDaily Cleanup of Temporary Directories[0m.
[[0;32m  OK  [0m] Started [0;1;39mdaily update of the root trust anchor for DNSSEC[0m.
[[0;32m  OK  [0m] Reached target [0;1;39mTimer Units[0m.
[[0;32m  OK  [0m] Listening on [0;1;39mD-Bus System Message Bus Socket[0m.
[[0;32m  OK  [0m] Listening on [0;1;39mOpen-iSCSI iscsid Socket[0m.
[[0;32m  OK  [0m] Listening on [0;1;39mOpen-iSCSI iscsiuio Socket[0m.
[[0;32m  OK  [0m] Listening on [0;1;39mSSSD Kerberos…ache Manager responder socket[0m.
[[0;32m  OK  [0m] Listening on [0;1;39mLibvirt interface local socket[0m.
[[0;32m  OK  [0m] Listening on [0;1;39mVirtual machine lock manager socket[0m.
[[0;32m  OK  [0m] Listening on [0;1;39mVirtual machine log manager socket[0m.
[[0;32m  OK  [0m] Listening on [0;1;39mLibvirt network local socket[0m.
[[0;32m  OK  [0m] Listening on [0;1;39mLibvirt nodedev local socket[0m.
[[0;32m  OK  [0m] Listening on [0;1;39mLibvirt nwfilter local socket[0m.
[[0;32m  OK  [0m] Listening on [0;1;39mLibvirt proxy local socket[0m.
[[0;32m  OK  [0m] Listening on [0;1;39mLibvirt qemu local socket[0m.
[[0;32m  OK  [0m] Listening on [0;1;39mLibvirt qemu admin socket[0m.
[[0;32m  OK  [0m] Listening on [0;1;39mLibvirt qemu local read-only socket[0m.
[[0;32m  OK  [0m] Listening on [0;1;39mLibvirt secret local socket[0m.
[[0;32m  OK  [0m] Listening on [0;1;39mLibvirt storage local socket[0m.
[[0;32m  OK  [0m] Reached target [0;1;39mSocket Units[0m.
         Starting [0;1;39mD-Bus System Message Bus[0m...
[[0;32m  OK  [0m] Started [0;1;39mD-Bus System Message Bus[0m.
[[0;32m  OK  [0m] Reached target [0;1;39mBasic System[0m.
         Starting [0;1;39mNetwork Manager[0m...
         Starting [0;1;39mNTP client/server[0m...
         Starting [0;1;39mRestore /run/initramfs on shutdown[0m...
[[0;32m  OK  [0m] Started [0;1;39mirqbalance daemon[0m.
[[0;32m  OK  [0m] Started [0;1;39mlibstoragemgmt plug-in server daemon[0m.
[[0;32m  OK  [0m] Started [0;1;39mMachine Check Exception Logging Daemon[0m.
[[0;32m  OK  [0m] Reached target [0;1;39msshd-keygen.target[0m.
[[0;32m  OK  [0m] Reached target [0;1;39mUser and Group Name Lookups[0m.
         Starting [0;1;39mUser Login Management[0m...
         Starting [0;1;39mVirtual Machine a…tainer Registration Service[0m...
         Starting [0;1;39mupdate of the roo…NSSEC validation in unbound[0m...
         Starting [0;1;39mRotate log files[0m...
[[0;32m  OK  [0m] Started [0;1;39mUpdate a database for mlocate[0m.
[[0;32m  OK  [0m] Finished [0;1;39mRestore /run/initramfs on shutdown[0m.
[[0;32m  OK  [0m] Started [0;1;39mVirtual Machine an…ontainer Registration Service[0m.
[[0;32m  OK  [0m] Started [0;1;39mUser Login Management[0m.
         Starting [0;1;39mHostname Service[0m...
[[0;32m  OK  [0m] Started [0;1;39mNTP client/server[0m.
[[0;32m  OK  [0m] Finished [0;1;39mupdate of the roo… DNSSEC validation in unbound[0m.
[[0;32m  OK  [0m] Finished [0;1;39mRotate log files[0m.
[[0;32m  OK  [0m] Started [0;1;39mHostname Service[0m.
         Starting [0;1;39mNetwork Manager Script Dispatcher Service[0m...
[[0;32m  OK  [0m] Started [0;1;39mNetwork Manager Script Dispatcher Service[0m.
[   10.371344] e1000: eth0 NIC Link is Up 1000 Mbps Full Duplex, Flow Control: RX
[[0;32m  OK  [0m] Started [0;1;39mNetwork Manager[0m.
[[0;32m  OK  [0m] Reached target [0;1;39mNetwork[0m.
[[0;32m  OK  [0m] Reached target [0;1;39mNetwork is Online[0m.
         Starting [0;1;39mGSSAPI Proxy Daemon[0m...
         Starting [0;1;39mNotify NFS peers of a restart[0m...
         Starting [0;1;39mSystem Logging Service[0m...
         Starting [0;1;39mOpenSSH server daemon[0m...
         Starting [0;1;39mDynamic System Tuning Daemon[0m...
[[0;32m  OK  [0m] Started [0;1;39mNotify NFS peers of a restart[0m.
[[0;32m  OK  [0m] Started [0;1;39mGSSAPI Proxy Daemon[0m.
[[0;32m  OK  [0m] Reached target [0;1;39mNFS client services[0m.
[[0;32m  OK  [0m] Reached target [0;1;39mPreparation for Remote File Systems[0m.
[[0;32m  OK  [0m] Reached target [0;1;39mRemote File Systems[0m.
         Starting [0;1;39mPermit User Sessions[0m...
         Starting [0;1;39mVirtualization qemu daemon[0m...
[[0;32m  OK  [0m] Started [0;1;39mOpenSSH server daemon[0m.
[[0;32m  OK  [0m] Started [0;1;39mSystem Logging Service[0m.
[[0;32m  OK  [0m] Finished [0;1;39mPermit User Sessions[0m.
[[0;32m  OK  [0m] Started [0;1;39mDeferred execution scheduler[0m.
[[0;32m  OK  [0m] Started [0;1;39mCommand Scheduler[0m.
         Starting [0;1;39mHold until boot process finishes up[0m...
         Starting [0;1;39mTerminate Plymouth Boot Screen[0m...
[[0;32m  OK  [0m] Started [0;1;39mVirtualization qemu daemon[0m.
[[0;32m  OK  [0m] Finished [0;1;39mHold until boot process finishes up[0m.
[[0;32m  OK  [0m] Finished [0;1;39mTerminate Plymouth Boot Screen[0m.
[[0;32m  OK  [0m] Started [0;1;39mGetty on tty1[0m.
[[0;32m  OK  [0m] Started [0;1;39mSerial Getty on ttyS0[0m.
[[0;32m  OK  [0m] Reached target [0;1;39mLogin Prompts[0m.
         Starting [0;1;39mAuthorization Manager[0m...
[[0;32m  OK  [0m] Started [0;1;39mAuthorization Manager[0m.
[[0;32m  OK  [0m] Started [0;1;39mDynamic System Tuning Daemon[0m.
[[0;32m  OK  [0m] Reached target [0;1;39mMulti-User System[0m.
         Starting [0;1;39mRecord Runlevel Change in UTMP[0m...
[[0;32m  OK  [0m] Finished [0;1;39mRecord Runlevel Change in UTMP[0m.

CentOS Stream 9
Kernel 6.7.0-8c94ccc7cd69+ on an x86_64

Activate the web console with: systemctl enable --now cockpit.socket

test login: [   20.200501] sg_write: data in/out 2130706396/78 bytes for SCSI command 0x0-- guessing data in;
[   20.200501]    program repro not setting count and/or reply_len properly
[   20.206643] sg_write: data in/out 2130706396/78 bytes for SCSI command 0x0-- guessing data in;
[   20.206643]    program repro not setting count and/or reply_len properly
[   20.212623] sg_write: data in/out 2130706396/78 bytes for SCSI command 0x0-- guessing data in;
[   20.212623]    program repro not setting count and/or reply_len properly
[   20.218388] sg_write: data in/out 2130706396/78 bytes for SCSI command 0x0-- guessing data in;
[   20.218388]    program repro not setting count and/or reply_len properly
[   20.224539] sg_write: data in/out 2130706396/78 bytes for SCSI command 0x0-- guessing data in;
[   20.224539]    program repro not setting count and/or reply_len properly
[   20.230321] sg_write: data in/out 2130706396/78 bytes for SCSI command 0x0-- guessing data in;
[   20.230321]    program repro not setting count and/or reply_len properly
[   20.236577] sg_write: data in/out 2130706396/78 bytes for SCSI command 0x0-- guessing data in;
[   20.236577]    program repro not setting count and/or reply_len properly
[   20.244057] sg_write: data in/out 2130706396/78 bytes for SCSI command 0x0-- guessing data in;
[   20.244057]    program repro not setting count and/or reply_len properly
[   20.250018] sg_write: data in/out 2130706396/78 bytes for SCSI command 0x0-- guessing data in;
[   20.250018]    program repro not setting count and/or reply_len properly
[   20.256600] sg_write: data in/out 2130706396/78 bytes for SCSI command 0x0-- guessing data in;
[   20.256600]    program repro not setting count and/or reply_len properly
[   25.203711] sg_write: 908 callbacks suppressed
[   25.203720] sg_write: data in/out 2130706396/78 bytes for SCSI command 0x0-- guessing data in;
[   25.203720]    program repro not setting count and/or reply_len properly
[   25.209897] sg_write: data in/out 2130706396/78 bytes for SCSI command 0x0-- guessing data in;
[   25.209897]    program repro not setting count and/or reply_len properly
[   25.216493] sg_write: data in/out 2130706396/78 bytes for SCSI command 0x0-- guessing data in;
[   25.216493]    program repro not setting count and/or reply_len properly
[   25.224204] sg_write: data in/out 2130706396/78 bytes for SCSI command 0x0-- guessing data in;
[   25.224204]    program repro not setting count and/or reply_len properly
[   25.230216] sg_write: data in/out 2130706396/78 bytes for SCSI command 0x0-- guessing data in;
[   25.230216]    program repro not setting count and/or reply_len properly
[   25.236413] sg_write: data in/out 2130706396/78 bytes for SCSI command 0x0-- guessing data in;
[   25.236413]    program repro not setting count and/or reply_len properly
[   25.242430] sg_write: data in/out 2130706396/78 bytes for SCSI command 0x0-- guessing data in;
[   25.242430]    program repro not setting count and/or reply_len properly
[   25.248798] sg_write: data in/out 2130706396/78 bytes for SCSI command 0x0-- guessing data in;
[   25.248798]    program repro not setting count and/or reply_len properly
[   25.254921] sg_write: data in/out 2130706396/78 bytes for SCSI command 0x0-- guessing data in;
[   25.254921]    program repro not setting count and/or reply_len properly
[   25.261322] sg_write: data in/out 2130706396/78 bytes for SCSI command 0x0-- guessing data in;
[   25.261322]    program repro not setting count and/or reply_len properly
[   30.209324] sg_write: 923 callbacks suppressed
[   30.209338] sg_write: data in/out 2130706396/78 bytes for SCSI command 0x0-- guessing data in;
[   30.209338]    program repro not setting count and/or reply_len properly
[   30.216228] sg_write: data in/out 2130706396/78 bytes for SCSI command 0x0-- guessing data in;
[   30.216228]    program repro not setting count and/or reply_len properly
[   30.222101] sg_write: data in/out 2130706396/78 bytes for SCSI command 0x0-- guessing data in;
[   30.222101]    program repro not setting count and/or reply_len properly
[   30.228227] sg_write: data in/out 2130706396/78 bytes for SCSI command 0x0-- guessing data in;
[   30.228227]    program repro not setting count and/or reply_len properly
[   30.234155] sg_write: data in/out 2130706396/78 bytes for SCSI command 0x0-- guessing data in;
[   30.234155]    program repro not setting count and/or reply_len properly
[   30.239933] sg_write: data in/out 2130706396/78 bytes for SCSI command 0x0-- guessing data in;
[   30.239933]    program repro not setting count and/or reply_len properly
[   30.245880] sg_write: data in/out 2130706396/78 bytes for SCSI command 0x0-- guessing data in;
[   30.245880]    program repro not setting count and/or reply_len properly
[   30.252005] sg_write: data in/out 2130706396/78 bytes for SCSI command 0x0-- guessing data in;
[   30.252005]    program repro not setting count and/or reply_len properly
[   30.257991] sg_write: data in/out 2130706396/78 bytes for SCSI command 0x0-- guessing data in;
[   30.257991]    program repro not setting count and/or reply_len properly
[   30.265858] sg_write: data in/out 2130706396/78 bytes for SCSI command 0x0-- guessing data in;
[   30.265858]    program repro not setting count and/or reply_len properly
[   35.213029] sg_write: 903 callbacks suppressed
[   35.213038] sg_write: data in/out 2130706396/78 bytes for SCSI command 0x0-- guessing data in;
[   35.213038]    program repro not setting count and/or reply_len properly
[   35.220391] sg_write: data in/out 2130706396/78 bytes for SCSI command 0x0-- guessing data in;
[   35.220391]    program repro not setting count and/or reply_len properly
[   35.226834] sg_write: data in/out 2130706396/78 bytes for SCSI command 0x0-- guessing data in;
[   35.226834]    program repro not setting count and/or reply_len properly
[   35.235981] sg_write: data in/out 2130706396/78 bytes for SCSI command 0x0-- guessing data in;
[   35.235981]    program repro not setting count and/or reply_len properly
[   35.242339] sg_write: data in/out 2130706396/78 bytes for SCSI command 0x0-- guessing data in;
[   35.242339]    program repro not setting count and/or reply_len properly
[   35.249016] sg_write: data in/out 2130706396/78 bytes for SCSI command 0x0-- guessing data in;
[   35.249016]    program repro not setting count and/or reply_len properly
[   35.255563] sg_write: data in/out 2130706396/78 bytes for SCSI command 0x0-- guessing data in;
[   35.255563]    program repro not setting count and/or reply_len properly
[   35.262120] sg_write: data in/out 2130706396/78 bytes for SCSI command 0x0-- guessing data in;
[   35.262120]    program repro not setting count and/or reply_len properly
[   35.268607] sg_write: data in/out 2130706396/78 bytes for SCSI command 0x0-- guessing data in;
[   35.268607]    program repro not setting count and/or reply_len properly
[   35.275781] sg_write: data in/out 2130706396/78 bytes for SCSI command 0x0-- guessing data in;
[   35.275781]    program repro not setting count and/or reply_len properly
[   40.219269] sg_write: 892 callbacks suppressed
[   40.219277] sg_write: data in/out 2130706396/78 bytes for SCSI command 0x0-- guessing data in;
[   40.219277]    program repro not setting count and/or reply_len properly
[   40.225689] sg_write: data in/out 2130706396/78 bytes for SCSI command 0x0-- guessing data in;
[   40.225689]    program repro not setting count and/or reply_len properly
[   40.231876] sg_write: data in/out 2130706396/78 bytes for SCSI command 0x0-- guessing data in;
[   40.231876]    program repro not setting count and/or reply_len properly
[   40.237698] sg_write: data in/out 2130706396/78 bytes for SCSI command 0x0-- guessing data in;
[   40.237698]    program repro not setting count and/or reply_len properly
[   40.244798] sg_write: data in/out 2130706396/78 bytes for SCSI command 0x0-- guessing data in;
[   40.244798]    program repro not setting count and/or reply_len properly
[   40.251558] sg_write: data in/out 2130706396/78 bytes for SCSI command 0x0-- guessing data in;
[   40.251558]    program repro not setting count and/or reply_len properly
[   40.257963] sg_write: data in/out 2130706396/78 bytes for SCSI command 0x0-- guessing data in;
[   40.257963]    program repro not setting count and/or reply_len properly
[   40.263847] sg_write: data in/out 2130706396/78 bytes for SCSI command 0x0-- guessing data in;
[   40.263847]    program repro not setting count and/or reply_len properly
[   40.269446] sg_write: data in/out 2130706396/78 bytes for SCSI command 0x0-- guessing data in;
[   40.269446]    program repro not setting count and/or reply_len properly
[   40.275677] sg_write: data in/out 2130706396/78 bytes for SCSI command 0x0-- guessing data in;
[   40.275677]    program repro not setting count and/or reply_len properly
[   45.224112] sg_write: 929 callbacks suppressed
[   45.224121] sg_write: data in/out 2130706396/78 bytes for SCSI command 0x0-- guessing data in;
[   45.224121]    program repro not setting count and/or reply_len properly
[   45.230912] sg_write: data in/out 2130706396/78 bytes for SCSI command 0x0-- guessing data in;
[   45.230912]    program repro not setting count and/or reply_len properly
[   45.236402] sg_write: data in/out 2130706396/78 bytes for SCSI command 0x0-- guessing data in;
[   45.236402]    program repro not setting count and/or reply_len properly
[   45.242151] sg_write: data in/out 2130706396/78 bytes for SCSI command 0x0-- guessing data in;
[   45.242151]    program repro not setting count and/or reply_len properly
[   45.249631] sg_write: data in/out 2130706396/78 bytes for SCSI command 0x0-- guessing data in;
[   45.249631]    program repro not setting count and/or reply_len properly
[   45.255541] sg_write: data in/out 2130706396/78 bytes for SCSI command 0x0-- guessing data in;
[   45.255541]    program repro not setting count and/or reply_len properly
[   45.261415] sg_write: data in/out 2130706396/78 bytes for SCSI command 0x0-- guessing data in;
[   45.261415]    program repro not setting count and/or reply_len properly
[   45.267514] sg_write: data in/out 2130706396/78 bytes for SCSI command 0x0-- guessing data in;
[   45.267514]    program repro not setting count and/or reply_len properly
[   45.273770] sg_write: data in/out 2130706396/78 bytes for SCSI command 0x0-- guessing data in;
[   45.273770]    program repro not setting count and/or reply_len properly
[   45.279463] sg_write: data in/out 2130706396/78 bytes for SCSI command 0x0-- guessing data in;
[   45.279463]    program repro not setting count and/or reply_len properly
[   50.230430] sg_write: 902 callbacks suppressed
[   50.230439] sg_write: data in/out 2130706396/78 bytes for SCSI command 0x0-- guessing data in;
[   50.230439]    program repro not setting count and/or reply_len properly
[   50.236774] sg_write: data in/out 2130706396/78 bytes for SCSI command 0x0-- guessing data in;
[   50.236774]    program repro not setting count and/or reply_len properly
[   50.242539] sg_write: data in/out 2130706396/78 bytes for SCSI command 0x0-- guessing data in;
[   50.242539]    program repro not setting count and/or reply_len properly
[   50.250697] sg_write: data in/out 2130706396/78 bytes for SCSI command 0x0-- guessing data in;
[   50.250697]    program repro not setting count and/or reply_len properly
[   50.257557] sg_write: data in/out 2130706396/78 bytes for SCSI command 0x0-- guessing data in;
[   50.257557]    program repro not setting count and/or reply_len properly
[   50.263820] sg_write: data in/out 2130706396/78 bytes for SCSI command 0x0-- guessing data in;
[   50.263820]    program repro not setting count and/or reply_len properly
[   50.269702] sg_write: data in/out 2130706396/78 bytes for SCSI command 0x0-- guessing data in;
[   50.269702]    program repro not setting count and/or reply_len properly
[   50.276053] sg_write: data in/out 2130706396/78 bytes for SCSI command 0x0-- guessing data in;
[   50.276053]    program repro not setting count and/or reply_len properly
[   50.281971] sg_write: data in/out 2130706396/78 bytes for SCSI command 0x0-- guessing data in;
[   50.281971]    program repro not setting count and/or reply_len properly
[   50.288478] sg_write: data in/out 2130706396/78 bytes for SCSI command 0x0-- guessing data in;
[   50.288478]    program repro not setting count and/or reply_len properly
[   55.231632] sg_write: 888 callbacks suppressed
[   55.231641] sg_write: data in/out 2130706396/78 bytes for SCSI command 0x0-- guessing data in;
[   55.231641]    program repro not setting count and/or reply_len properly
[   55.238446] sg_write: data in/out 2130706396/78 bytes for SCSI command 0x0-- guessing data in;
[   55.238446]    program repro not setting count and/or reply_len properly
[   55.246059] sg_write: data in/out 2130706396/78 bytes for SCSI command 0x0-- guessing data in;
[   55.246059]    program repro not setting count and/or reply_len properly
[   55.252114] sg_write: data in/out 2130706396/78 bytes for SCSI command 0x0-- guessing data in;
[   55.252114]    program repro not setting count and/or reply_len properly
[   55.258426] sg_write: data in/out 2130706396/78 bytes for SCSI command 0x0-- guessing data in;
[   55.258426]    program repro not setting count and/or reply_len properly
[   55.265935] sg_write: data in/out 2130706396/78 bytes for SCSI command 0x0-- guessing data in;
[   55.265935]    program repro not setting count and/or reply_len properly
[   55.272092] sg_write: data in/out 2130706396/78 bytes for SCSI command 0x0-- guessing data in;
[   55.272092]    program repro not setting count and/or reply_len properly
[   55.278376] sg_write: data in/out 2130706396/78 bytes for SCSI command 0x0-- guessing data in;
[   55.278376]    program repro not setting count and/or reply_len properly
[   55.284460] sg_write: data in/out 2130706396/78 bytes for SCSI command 0x0-- guessing data in;
[   55.284460]    program repro not setting count and/or reply_len properly
[   55.290428] sg_write: data in/out 2130706396/78 bytes for SCSI command 0x0-- guessing data in;
[   55.290428]    program repro not setting count and/or reply_len properly
[   60.239445] sg_write: 864 callbacks suppressed
[   60.239453] sg_write: data in/out 2130706396/78 bytes for SCSI command 0x0-- guessing data in;
[   60.239453]    program repro not setting count and/or reply_len properly
[   60.247697] sg_write: data in/out 2130706396/78 bytes for SCSI command 0x0-- guessing data in;
[   60.247697]    program repro not setting count and/or reply_len properly
[   60.253395] sg_write: data in/out 2130706396/78 bytes for SCSI command 0x0-- guessing data in;
[   60.253395]    program repro not setting count and/or reply_len properly
[   60.259596] sg_write: data in/out 2130706396/78 bytes for SCSI command 0x0-- guessing data in;
[   60.259596]    program repro not setting count and/or reply_len properly
[   60.266078] sg_write: data in/out 2130706396/78 bytes for SCSI command 0x0-- guessing data in;
[   60.266078]    program repro not setting count and/or reply_len properly
[   60.275082] sg_write: data in/out 2130706396/78 bytes for SCSI command 0x0-- guessing data in;
[   60.275082]    program repro not setting count and/or reply_len properly
[   60.281210] sg_write: data in/out 2130706396/78 bytes for SCSI command 0x0-- guessing data in;
[   60.281210]    program repro not setting count and/or reply_len properly
[   60.286923] sg_write: data in/out 2130706396/78 bytes for SCSI command 0x0-- guessing data in;
[   60.286923]    program repro not setting count and/or reply_len properly
[   60.292728] sg_write: data in/out 2130706396/78 bytes for SCSI command 0x0-- guessing data in;
[   60.292728]    program repro not setting count and/or reply_len properly
[   60.299466] sg_write: data in/out 2130706396/78 bytes for SCSI command 0x0-- guessing data in;
[   60.299466]    program repro not setting count and/or reply_len properly
