c[?7l[2J[0mSeaBIOS (version rel-1.16.0-0-gd239552ce722-prebuilt.qemu.org)


iPXE (http://ipxe.org) 00:03.0 CA00 PCI2.10 PnP PMM+7FF91000+7FEF1000 CA00
Press Ctrl-B to configure iPXE (PCI 00:03.0)...                                                                               


Booting from ROM...
c[?7l[2J[    0.000000] Linux version 6.8.0-9843231c9726+ (root@p-adls01) (gcc (GCC) 11.4.1 20231218 (Red Hat 11.4.1-3), GNU ld version 2.35.2-43.el9) #1 SMP PREEMPT_DYNAMIC Mon Apr  1 23:41:48 CST 2024
[    0.000000] Command line: console=ttyS0 root=/dev/sda earlyprintk=serial net.ifnames=0 plymouth.enable=0
[    0.000000] KERNEL supported cpus:
[    0.000000]   Intel GenuineIntel
[    0.000000]   AMD AuthenticAMD
[    0.000000]   Hygon HygonGenuine
[    0.000000]   Centaur CentaurHauls
[    0.000000]   zhaoxin   Shanghai  
[    0.000000] BIOS-provided physical RAM map:
[    0.000000] BIOS-e820: [mem 0x0000000000000000-0x000000000009fbff] usable
[    0.000000] BIOS-e820: [mem 0x000000000009fc00-0x000000000009ffff] reserved
[    0.000000] BIOS-e820: [mem 0x00000000000f0000-0x00000000000fffff] reserved
[    0.000000] BIOS-e820: [mem 0x0000000000100000-0x000000007ffdffff] usable
[    0.000000] BIOS-e820: [mem 0x000000007ffe0000-0x000000007fffffff] reserved
[    0.000000] BIOS-e820: [mem 0x00000000feffc000-0x00000000feffffff] reserved
[    0.000000] BIOS-e820: [mem 0x00000000fffc0000-0x00000000ffffffff] reserved
[    0.000000] printk: legacy bootconsole [earlyser0] enabled
[    0.000000] NX (Execute Disable) protection: active
[    0.000000] APIC: Static calls initialized
[    0.000000] SMBIOS 2.8 present.
[    0.000000] DMI: QEMU Standard PC (i440FX + PIIX, 1996), BIOS rel-1.16.0-0-gd239552ce722-prebuilt.qemu.org 04/01/2014
[    0.000000] Hypervisor detected: KVM
[    0.000000] kvm-clock: Using msrs 4b564d01 and 4b564d00
[    0.000002] kvm-clock: using sched offset of 663150051 cycles
[    0.000381] clocksource: kvm-clock: mask: 0xffffffffffffffff max_cycles: 0x1cd42e4dffb, max_idle_ns: 881590591483 ns
[    0.001564] tsc: Detected 3609.600 MHz processor
[    0.008034] last_pfn = 0x7ffe0 max_arch_pfn = 0x400000000
[    0.008478] MTRR map: 4 entries (3 fixed + 1 variable; max 19), built from 8 variable MTRRs
[    0.009059] x86/PAT: Configuration [0-7]: WB  WC  UC- UC  WB  WP  UC- WT  
[    0.018838] found SMP MP-table at [mem 0x000f5ba0-0x000f5baf]
[    0.019305] Using GB pages for direct mapping
[    0.021366] ACPI: Early table checksum verification disabled
[    0.021762] ACPI: RSDP 0x00000000000F59C0 000014 (v00 BOCHS )
[    0.022176] ACPI: RSDT 0x000000007FFE1951 000034 (v01 BOCHS  BXPC     00000001 BXPC 00000001)
[    0.022781] ACPI: FACP 0x000000007FFE17FD 000074 (v01 BOCHS  BXPC     00000001 BXPC 00000001)
[    0.023388] ACPI: DSDT 0x000000007FFE0040 0017BD (v01 BOCHS  BXPC     00000001 BXPC 00000001)
[    0.023990] ACPI: FACS 0x000000007FFE0000 000040
[    0.024324] ACPI: APIC 0x000000007FFE1871 000080 (v01 BOCHS  BXPC     00000001 BXPC 00000001)
[    0.024926] ACPI: HPET 0x000000007FFE18F1 000038 (v01 BOCHS  BXPC     00000001 BXPC 00000001)
[    0.025528] ACPI: WAET 0x000000007FFE1929 000028 (v01 BOCHS  BXPC     00000001 BXPC 00000001)
[    0.026132] ACPI: Reserving FACP table memory at [mem 0x7ffe17fd-0x7ffe1870]
[    0.026622] ACPI: Reserving DSDT table memory at [mem 0x7ffe0040-0x7ffe17fc]
[    0.027110] ACPI: Reserving FACS table memory at [mem 0x7ffe0000-0x7ffe003f]
[    0.027599] ACPI: Reserving APIC table memory at [mem 0x7ffe1871-0x7ffe18f0]
[    0.028087] ACPI: Reserving HPET table memory at [mem 0x7ffe18f1-0x7ffe1928]
[    0.028577] ACPI: Reserving WAET table memory at [mem 0x7ffe1929-0x7ffe1950]
[    0.029492] No NUMA configuration found
[    0.029761] Faking a node at [mem 0x0000000000000000-0x000000007ffdffff]
[    0.030256] NODE_DATA(0) allocated [mem 0x7ffb4e00-0x7ffdfdff]
[    0.032012] Zone ranges:
[    0.032191]   DMA      [mem 0x0000000000001000-0x0000000000ffffff]
[    0.032624]   DMA32    [mem 0x0000000001000000-0x000000007ffdffff]
[    0.033054]   Normal   empty
[    0.033255]   Device   empty
[    0.033459] Movable zone start for each node
[    0.033760] Early memory node ranges
[    0.034013]   node   0: [mem 0x0000000000001000-0x000000000009efff]
[    0.034448]   node   0: [mem 0x0000000000100000-0x000000007ffdffff]
[    0.034885] Initmem setup node 0 [mem 0x0000000000001000-0x000000007ffdffff]
[    0.035811] On node 0, zone DMA: 1 pages in unavailable ranges
[    0.036492] On node 0, zone DMA: 97 pages in unavailable ranges
[    0.079016] On node 0, zone DMA32: 32 pages in unavailable ranges
[    0.271593] kasan: KernelAddressSanitizer initialized
[    0.272211] ACPI: PM-Timer IO Port: 0x608
[    0.272525] ACPI: LAPIC_NMI (acpi_id[0xff] dfl dfl lint[0x1])
[    0.272988] IOAPIC[0]: apic_id 0, version 17, address 0xfec00000, GSI 0-23
[    0.273500] ACPI: INT_SRC_OVR (bus 0 bus_irq 0 global_irq 2 dfl dfl)
[    0.273959] ACPI: INT_SRC_OVR (bus 0 bus_irq 5 global_irq 5 high level)
[    0.274431] ACPI: INT_SRC_OVR (bus 0 bus_irq 9 global_irq 9 high level)
[    0.274902] ACPI: INT_SRC_OVR (bus 0 bus_irq 10 global_irq 10 high level)
[    0.275385] ACPI: INT_SRC_OVR (bus 0 bus_irq 11 global_irq 11 high level)
[    0.275879] ACPI: Using ACPI (MADT) for SMP configuration information
[    0.276337] ACPI: HPET id: 0x8086a201 base: 0xfed00000
[    0.276710] TSC deadline timer available
[    0.276996] CPU topo: Max. logical packages:   1
[    0.277325] CPU topo: Max. logical dies:       1
[    0.277653] CPU topo: Max. dies per package:   1
[    0.277989] CPU topo: Max. threads per core:   1
[    0.278317] CPU topo: Num. cores per package:     2
[    0.278664] CPU topo: Num. threads per package:   2
[    0.279010] CPU topo: Allowing 2 present CPUs plus 0 hotplug CPUs
[    0.279486] kvm-guest: APIC: eoi() replaced with kvm_guest_apic_eoi_write()
[    0.280000] kvm-guest: KVM setup pv remote TLB flush
[    0.280353] kvm-guest: setup PV sched yield
[    0.280688] PM: hibernation: Registered nosave memory: [mem 0x00000000-0x00000fff]
[    0.281228] PM: hibernation: Registered nosave memory: [mem 0x0009f000-0x0009ffff]
[    0.281764] PM: hibernation: Registered nosave memory: [mem 0x000a0000-0x000effff]
[    0.282301] PM: hibernation: Registered nosave memory: [mem 0x000f0000-0x000fffff]
[    0.282840] [mem 0x80000000-0xfeffbfff] available for PCI devices
[    0.283273] Booting paravirtualized kernel on KVM
[    0.283611] clocksource: refined-jiffies: mask: 0xffffffff max_cycles: 0xffffffff, max_idle_ns: 7645519600211568 ns
[    0.284359] setup_percpu: NR_CPUS:8192 nr_cpumask_bits:2 nr_cpu_ids:2 nr_node_ids:1
[    0.286241] percpu: Embedded 84 pages/cpu s307200 r8192 d28672 u1048576
[    0.286846] kvm-guest: PV spinlocks enabled
[    0.287155] PV qspinlock hash table entries: 256 (order: 0, 4096 bytes, linear)
[    0.287690] Kernel command line: net.ifnames=0 console=ttyS0 root=/dev/sda earlyprintk=serial net.ifnames=0 plymouth.enable=0
[    0.288751] random: crng init done
[    0.289849] Dentry cache hash table entries: 262144 (order: 9, 2097152 bytes, linear)
[    0.291149] Inode-cache hash table entries: 131072 (order: 8, 1048576 bytes, linear)
[    0.291907] Fallback order for Node 0: 0 
[    0.291916] Built 1 zonelists, mobility grouping on.  Total pages: 515808
[    0.292655] Policy zone: DMA32
[    0.292869] mem auto-init: stack:off, heap alloc:off, heap free:off
[    0.293297] stackdepot: allocating hash table via alloc_large_system_hash
[    0.293766] stackdepot hash table entries: 1048576 (order: 12, 16777216 bytes, linear)
[    0.355704] Memory: 1616716K/2096632K available (75776K kernel code, 14230K rwdata, 16840K rodata, 15076K init, 21600K bss, 479660K reserved, 0K cma-reserved)
[    0.358083] SLUB: HWalign=64, Order=0-3, MinObjects=0, CPUs=2, Nodes=1
[    0.358539] kmemleak: Kernel memory leak detector disabled
[    0.359073] ftrace: allocating 71069 entries in 278 pages
[    0.378586] ftrace: allocated 278 pages with 4 groups
[    0.382400] Dynamic Preempt: voluntary
[    0.383292] Running RCU self tests
[    0.383534] Running RCU synchronous self tests
[    0.383855] rcu: Preemptible hierarchical RCU implementation.
[    0.384257] rcu: 	RCU lockdep checking is enabled.
[    0.384596] rcu: 	RCU restricting CPUs from NR_CPUS=8192 to nr_cpu_ids=2.
[    0.385073] 	Trampoline variant of Tasks RCU enabled.
[    0.385428] 	Rude variant of Tasks RCU enabled.
[    0.385746] 	Tracing variant of Tasks RCU enabled.
[    0.386088] rcu: RCU calculated value of scheduler-enlistment delay is 25 jiffies.
[    0.386619] rcu: Adjusting geometry for rcu_fanout_leaf=16, nr_cpu_ids=2
[    0.387136] Running RCU synchronous self tests
[    0.387451] RCU Tasks: Setting shift to 1 and lim to 1 rcu_task_cb_adjust=1.
[    0.387947] RCU Tasks Rude: Setting shift to 1 and lim to 1 rcu_task_cb_adjust=1.
[    0.388473] RCU Tasks Trace: Setting shift to 1 and lim to 1 rcu_task_cb_adjust=1.
[    0.427821] NR_IRQS: 524544, nr_irqs: 440, preallocated irqs: 16
[    0.428873] rcu: srcu_init: Setting srcu_struct sizes based on contention.
[    0.436013] Console: colour VGA+ 80x25
[    0.436330] printk: legacy console [ttyS0] enabled
[    0.436330] printk: legacy console [ttyS0] enabled
[    0.436995] printk: legacy bootconsole [earlyser0] disabled
[    0.436995] printk: legacy bootconsole [earlyser0] disabled
[    0.437778] Lock dependency validator: Copyright (c) 2006 Red Hat, Inc., Ingo Molnar
[    0.438314] ... MAX_LOCKDEP_SUBCLASSES:  8
[    0.438602] ... MAX_LOCK_DEPTH:          48
[    0.438895] ... MAX_LOCKDEP_KEYS:        8192
[    0.439201] ... CLASSHASH_SIZE:          4096
[    0.439506] ... MAX_LOCKDEP_ENTRIES:     32768
[    0.439818] ... MAX_LOCKDEP_CHAINS:      65536
[    0.440129] ... CHAINHASH_SIZE:          32768
[    0.440440]  memory used by lock dependency info: 6429 kB
[    0.440816]  memory used for stack traces: 4224 kB
[    0.441151]  per task-struct memory footprint: 1920 bytes
[    0.441628] ACPI: Core revision 20230628
[    0.442422] clocksource: hpet: mask: 0xffffffff max_cycles: 0xffffffff, max_idle_ns: 19112604467 ns
[    0.443257] APIC: Switch to symmetric I/O mode setup
[    0.443745] x2apic enabled
[    0.444279] APIC: Switched APIC routing to: physical x2apic
[    0.444672] kvm-guest: APIC: send_IPI_mask() replaced with kvm_send_ipi_mask()
[    0.445180] kvm-guest: APIC: send_IPI_mask_allbutself() replaced with kvm_send_ipi_mask_allbutself()
[    0.445810] kvm-guest: setup PV IPIs
[    0.447168] ..TIMER: vector=0x30 apic1=0 pin1=2 apic2=-1 pin2=-1
[    0.447732] clocksource: tsc-early: mask: 0xffffffffffffffff max_cycles: 0x3407c077a8d, max_idle_ns: 440795342283 ns
[    0.448488] Calibrating delay loop (skipped) preset value.. 7219.20 BogoMIPS (lpj=14438400)
[    0.449157] x86/cpu: User Mode Instruction Prevention (UMIP) activated
[    0.449702] Last level iTLB entries: 4KB 0, 2MB 0, 4MB 0
[    0.450091] Last level dTLB entries: 4KB 0, 2MB 0, 4MB 0, 1GB 0
[    0.450517] Spectre V1 : Mitigation: usercopy/swapgs barriers and __user pointer sanitization
[    0.451110] Spectre V2 : WARNING: Unprivileged eBPF is enabled with eIBRS on, data leaks possible via Spectre v2 BHB attacks!
[    0.452518] Spectre V2 : Mitigation: Enhanced / Automatic IBRS
[    0.452908] Spectre V2 : Spectre v2 / SpectreRSB mitigation: Filling RSB on context switch
[    0.453447] Spectre V2 : Spectre v2 / PBRSB-eIBRS: Retire a single CALL on VMEXIT
[    0.453944] Spectre V2 : mitigation: Enabling conditional Indirect Branch Prediction Barrier
[    0.454508] Speculative Store Bypass: Mitigation: Speculative Store Bypass disabled via prctl
[    0.455066] Register File Data Sampling: Vulnerable: No microcode
[    0.455494] x86/fpu: Supporting XSAVE feature 0x001: 'x87 floating point registers'
[    0.456476] x86/fpu: Supporting XSAVE feature 0x002: 'SSE registers'
[    0.456915] x86/fpu: Supporting XSAVE feature 0x004: 'AVX registers'
[    0.457353] x86/fpu: Supporting XSAVE feature 0x200: 'Protection Keys User registers'
[    0.457889] x86/fpu: xstate_offset[2]:  576, xstate_sizes[2]:  256
[    0.458317] x86/fpu: xstate_offset[9]:  832, xstate_sizes[9]:    8
[    0.458743] x86/fpu: Enabled xstate features 0x207, context size is 840 bytes, using 'compacted' format.
[    0.565411] Freeing SMP alternatives memory: 56K
[    0.565776] pid_max: default: 32768 minimum: 301
[    0.566357] LSM: initializing lsm=capability,yama,ima,evm
[    0.566780] Yama: becoming mindful.
[    0.567394] Mount-cache hash table entries: 4096 (order: 3, 32768 bytes, linear)
[    0.567910] Mountpoint-cache hash table entries: 4096 (order: 3, 32768 bytes, linear)
[    0.570252] Running RCU synchronous self tests
[    0.570576] Running RCU synchronous self tests
[    0.571234] smpboot: CPU0: 12th Gen Intel(R) Core(TM) i7-12700K (family: 0x6, model: 0x97, stepping: 0x2)
[    0.572472] Running RCU Tasks wait API self tests
[    0.672576] Running RCU Tasks Rude wait API self tests
[    0.673146] Running RCU Tasks Trace wait API self tests
[    0.673561] Performance Events: unsupported p6 CPU model 151 no PMU driver, software events only.
[    0.674213] signal: max sigframe size: 3632
[    0.674706] rcu: Hierarchical SRCU implementation.
[    0.675046] rcu: 	Max phase no-delay instances is 1000.
[    0.679017] NMI watchdog: Perf NMI watchdog permanently disabled
[    0.679735] smp: Bringing up secondary CPUs ...
[    0.680943] smpboot: x86: Booting SMP configuration:
[    0.681316] .... node  #0, CPUs:      #1
[    0.681433] Callback from call_rcu_tasks_trace() invoked.
[    0.682155] smp: Brought up 1 node, 2 CPUs
[    0.682155] smpboot: Total of 2 processors activated (14438.40 BogoMIPS)
[    0.685804] devtmpfs: initialized
[    0.685804] x86/mm: Memory block size: 128MB
[    0.697165] Running RCU synchronous self tests
[    0.697450] Running RCU synchronous self tests
[    0.697816] clocksource: jiffies: mask: 0xffffffff max_cycles: 0xffffffff, max_idle_ns: 7645041785100000 ns
[    0.698490] futex hash table entries: 512 (order: 4, 65536 bytes, linear)
[    0.699524] pinctrl core: initialized pinctrl subsystem
[    0.701399] 
[    0.701518] *************************************************************
[    0.701985] **     NOTICE NOTICE NOTICE NOTICE NOTICE NOTICE NOTICE    **
[    0.702455] **                                                         **
[    0.702923] **  IOMMU DebugFS SUPPORT HAS BEEN ENABLED IN THIS KERNEL  **
[    0.703389] **                                                         **
[    0.703880] ** This means that this kernel is built to expose internal **
[    0.704346] ** IOMMU data structures, which may compromise security on **
[    0.704479] ** your system.                                            **
[    0.704946] **                                                         **
[    0.705413] ** If you see this message and you are not debugging the   **
[    0.705879] ** kernel, report this immediately to your vendor!         **
[    0.706347] **                                                         **
[    0.706813] **     NOTICE NOTICE NOTICE NOTICE NOTICE NOTICE NOTICE    **
[    0.707285] *************************************************************
[    0.707815] PM: RTC time: 15:45:02, date: 2024-04-01
[    0.712213] NET: Registered PF_NETLINK/PF_ROUTE protocol family
[    0.713912] DMA: preallocated 256 KiB GFP_KERNEL pool for atomic allocations
[    0.714428] DMA: preallocated 256 KiB GFP_KERNEL|GFP_DMA pool for atomic allocations
[    0.714986] DMA: preallocated 256 KiB GFP_KERNEL|GFP_DMA32 pool for atomic allocations
[    0.715656] audit: initializing netlink subsys (disabled)
[    0.716084] audit: type=2000 audit(1711986302.761:1): state=initialized audit_enabled=0 res=1
[    0.718444] thermal_sys: Registered thermal governor 'fair_share'
[    0.718451] thermal_sys: Registered thermal governor 'bang_bang'
[    0.718885] thermal_sys: Registered thermal governor 'step_wise'
[    0.719305] thermal_sys: Registered thermal governor 'user_space'
[    0.719795] cpuidle: using governor ladder
[    0.720490] cpuidle: using governor menu
[    0.721038] acpiphp: ACPI Hot Plug PCI Controller Driver version: 0.5
[    0.722365] PCI: Using configuration type 1 for base access
[    0.723194] kprobes: kprobe jump-optimization is enabled. All kprobes are optimized if possible.
[    0.780918] Callback from call_rcu_tasks() invoked.
[    0.820712] HugeTLB: registered 1.00 GiB page size, pre-allocated 0 pages
[    0.820632] Callback from call_rcu_tasks_rude() invoked.
[    0.821205] HugeTLB: 16380 KiB vmemmap can be freed for a 1.00 GiB page
[    0.822021] HugeTLB: registered 2.00 MiB page size, pre-allocated 0 pages
[    0.822476] HugeTLB: 28 KiB vmemmap can be freed for a 2.00 MiB page
[    0.823928] Demotion targets for Node 0: null
[    0.827329] ACPI: Added _OSI(Module Device)
[    0.827630] ACPI: Added _OSI(Processor Device)
[    0.827933] ACPI: Added _OSI(3.0 _SCP Extensions)
[    0.828253] ACPI: Added _OSI(Processor Aggregator Device)
[    0.854516] ACPI: 1 ACPI AML tables successfully acquired and loaded
[    0.858777] ACPI: _OSC evaluation for CPUs failed, trying _PDC
[    0.862408] ACPI: Interpreter enabled
[    0.862835] ACPI: PM: (supports S0 S3 S4 S5)
[    0.863136] ACPI: Using IOAPIC for interrupt routing
[    0.863610] PCI: Using host bridge windows from ACPI; if necessary, use "pci=nocrs" and report a bug
[    0.864232] PCI: Using E820 reservations for host bridge windows
[    0.866172] ACPI: Enabled 2 GPEs in block 00 to 0F
[    0.923813] ACPI: PCI Root Bridge [PCI0] (domain 0000 [bus 00-ff])
[    0.924299] acpi PNP0A03:00: _OSC: OS supports [ASPM ClockPM Segments MSI EDR HPX-Type3]
[    0.924481] acpi PNP0A03:00: _OSC: not requesting OS control; OS requires [ExtendedConfig ASPM ClockPM MSI]
[    0.925389] acpi PNP0A03:00: fail to add MMCONFIG information, can't access extended configuration space under this bridge
[    0.933190] acpiphp: Slot [3] registered
[    0.933694] acpiphp: Slot [4] registered
[    0.934188] acpiphp: Slot [5] registered
[    0.934667] acpiphp: Slot [6] registered
[    0.935148] acpiphp: Slot [7] registered
[    0.935637] acpiphp: Slot [8] registered
[    0.936117] acpiphp: Slot [9] registered
[    0.936599] acpiphp: Slot [10] registered
[    0.937088] acpiphp: Slot [11] registered
[    0.937591] acpiphp: Slot [12] registered
[    0.938077] acpiphp: Slot [13] registered
[    0.938564] acpiphp: Slot [14] registered
[    0.939054] acpiphp: Slot [15] registered
[    0.939568] acpiphp: Slot [16] registered
[    0.940050] acpiphp: Slot [17] registered
[    0.940538] acpiphp: Slot [18] registered
[    0.941019] acpiphp: Slot [19] registered
[    0.941525] acpiphp: Slot [20] registered
[    0.942018] acpiphp: Slot [21] registered
[    0.942498] acpiphp: Slot [22] registered
[    0.942978] acpiphp: Slot [23] registered
[    0.943485] acpiphp: Slot [24] registered
[    0.943964] acpiphp: Slot [25] registered
[    0.944446] acpiphp: Slot [26] registered
[    0.944704] acpiphp: Slot [27] registered
[    0.945206] acpiphp: Slot [28] registered
[    0.945686] acpiphp: Slot [29] registered
[    0.946173] acpiphp: Slot [30] registered
[    0.946657] acpiphp: Slot [31] registered
[    0.947046] PCI host bridge to bus 0000:00
[    0.947334] pci_bus 0000:00: root bus resource [io  0x0000-0x0cf7 window]
[    0.947799] pci_bus 0000:00: root bus resource [io  0x0d00-0xffff window]
[    0.948261] pci_bus 0000:00: root bus resource [mem 0x000a0000-0x000bffff window]
[    0.948482] pci_bus 0000:00: root bus resource [mem 0x80000000-0xfebfffff window]
[    0.948990] pci_bus 0000:00: root bus resource [mem 0x100000000-0x17fffffff window]
[    0.949515] pci_bus 0000:00: root bus resource [bus 00-ff]
[    0.950131] pci 0000:00:00.0: [8086:1237] type 00 class 0x060000 conventional PCI endpoint
[    0.968053] pci 0000:00:01.0: [8086:7000] type 00 class 0x060100 conventional PCI endpoint
[    0.970269] pci 0000:00:01.1: [8086:7010] type 00 class 0x010180 conventional PCI endpoint
[    0.972048] pci 0000:00:01.1: BAR 4 [io  0xc040-0xc04f]
[    0.972850] pci 0000:00:01.1: BAR 0 [io  0x01f0-0x01f7]: legacy IDE quirk
[    0.973315] pci 0000:00:01.1: BAR 1 [io  0x03f6]: legacy IDE quirk
[    0.973734] pci 0000:00:01.1: BAR 2 [io  0x0170-0x0177]: legacy IDE quirk
[    0.974194] pci 0000:00:01.1: BAR 3 [io  0x0376]: legacy IDE quirk
[    0.975190] pci 0000:00:01.3: [8086:7113] type 00 class 0x068000 conventional PCI endpoint
[    0.976060] pci 0000:00:01.3: quirk: [io  0x0600-0x063f] claimed by PIIX4 ACPI
[    0.976484] pci 0000:00:01.3: quirk: [io  0x0700-0x070f] claimed by PIIX4 SMB
[    0.977492] pci 0000:00:02.0: [1234:1111] type 00 class 0x030000 conventional PCI endpoint
[    0.980856] pci 0000:00:02.0: BAR 0 [mem 0xfd000000-0xfdffffff pref]
[    0.983557] pci 0000:00:02.0: BAR 2 [mem 0xfebf0000-0xfebf0fff]
[    0.987415] pci 0000:00:02.0: ROM [mem 0xfebe0000-0xfebeffff pref]
[    0.988217] pci 0000:00:02.0: Video device with shadowed ROM at [mem 0x000c0000-0x000dffff]
[    1.006761] pci 0000:00:03.0: [8086:100e] type 00 class 0x020000 conventional PCI endpoint
[    1.007901] pci 0000:00:03.0: BAR 0 [mem 0xfebc0000-0xfebdffff]
[    1.008723] pci 0000:00:03.0: BAR 1 [io  0xc000-0xc03f]
[    1.014854] pci 0000:00:03.0: ROM [mem 0xfeb80000-0xfebbffff pref]
[    1.044472] ACPI: PCI: Interrupt link LNKA configured for IRQ 10
[    1.046576] ACPI: PCI: Interrupt link LNKB configured for IRQ 10
[    1.048830] ACPI: PCI: Interrupt link LNKC configured for IRQ 11
[    1.050890] ACPI: PCI: Interrupt link LNKD configured for IRQ 11
[    1.051953] ACPI: PCI: Interrupt link LNKS configured for IRQ 9
[    1.056981] iommu: Default domain type: Translated
[    1.057327] iommu: DMA domain TLB invalidation policy: lazy mode
[    1.060933] SCSI subsystem initialized
[    1.061809] ACPI: bus type USB registered
[    1.062315] usbcore: registered new interface driver usbfs
[    1.062785] usbcore: registered new interface driver hub
[    1.063235] usbcore: registered new device driver usb
[    1.063909] pps_core: LinuxPPS API ver. 1 registered
[    1.064249] pps_core: Software ver. 5.3.6 - Copyright 2005-2007 Rodolfo Giometti <giometti@linux.it>
[    1.064515] PTP clock support registered
[    1.065244] EDAC MC: Ver: 3.0.0
[    1.069414] NetLabel: Initializing
[    1.069664] NetLabel:  domain hash size = 128
[    1.069962] NetLabel:  protocols = UNLABELED CIPSOv4 CALIPSO
[    1.070547] NetLabel:  unlabeled traffic allowed by default
[    1.071687] PCI: Using ACPI for IRQ routing
[    1.072360] pci 0000:00:02.0: vgaarb: setting as boot VGA device
[    1.072472] pci 0000:00:02.0: vgaarb: bridge control possible
[    1.072472] pci 0000:00:02.0: vgaarb: VGA device added: decodes=io+mem,owns=io+mem,locks=none
[    1.072481] vgaarb: loaded
[    1.073421] hpet0: at MMIO 0xfed00000, IRQs 2, 8, 0
[    1.073774] hpet0: 3 comparators, 64-bit 100.000000 MHz counter
[    1.080139] clocksource: Switched to clocksource kvm-clock
[    1.080850] VFS: Disk quotas dquot_6.6.0
[    1.080923] VFS: Dquot-cache hash table entries: 512 (order 0, 4096 bytes)
[    1.080923] pnp: PnP ACPI init
[    1.088241] pnp: PnP ACPI: found 6 devices
[    1.110067] clocksource: acpi_pm: mask: 0xffffff max_cycles: 0xffffff, max_idle_ns: 2085701024 ns
[    1.111317] NET: Registered PF_INET protocol family
[    1.112327] IP idents hash table entries: 32768 (order: 6, 262144 bytes, linear)
[    1.114403] tcp_listen_portaddr_hash hash table entries: 1024 (order: 4, 73728 bytes, linear)
[    1.115051] Table-perturb hash table entries: 65536 (order: 6, 262144 bytes, linear)
[    1.115656] TCP established hash table entries: 16384 (order: 5, 131072 bytes, linear)
[    1.116570] TCP bind hash table entries: 16384 (order: 9, 2359296 bytes, linear)
[    1.118928] TCP: Hash tables configured (established 16384 bind 16384)
[    1.119602] UDP hash table entries: 1024 (order: 5, 163840 bytes, linear)
[    1.120178] UDP-Lite hash table entries: 1024 (order: 5, 163840 bytes, linear)
[    1.121191] NET: Registered PF_UNIX/PF_LOCAL protocol family
[    1.122614] RPC: Registered named UNIX socket transport module.
[    1.123045] RPC: Registered udp transport module.
[    1.123383] RPC: Registered tcp transport module.
[    1.123703] RPC: Registered tcp-with-tls transport module.
[    1.124072] RPC: Registered tcp NFSv4.1 backchannel transport module.
[    1.124529] pci_bus 0000:00: resource 4 [io  0x0000-0x0cf7 window]
[    1.124949] pci_bus 0000:00: resource 5 [io  0x0d00-0xffff window]
[    1.125368] pci_bus 0000:00: resource 6 [mem 0x000a0000-0x000bffff window]
[    1.125837] pci_bus 0000:00: resource 7 [mem 0x80000000-0xfebfffff window]
[    1.126299] pci_bus 0000:00: resource 8 [mem 0x100000000-0x17fffffff window]
[    1.127245] pci 0000:00:01.0: PIIX3: Enabling Passive Release
[    1.127645] pci 0000:00:00.0: Limiting direct PCI/PCI transfers
[    1.128121] PCI: CLS 0 bytes, default 64
[    1.128488] ACPI: bus type thunderbolt registered
[    1.129171] clocksource: tsc: mask: 0xffffffffffffffff max_cycles: 0x3407c077a8d, max_idle_ns: 440795342283 ns
[    2.616241] Initialise system trusted keyrings
[    2.616804] Key type blacklist registered
[    2.619338] workingset: timestamp_bits=36 max_order=19 bucket_order=0
[    2.619940] zbud: loaded
[    2.622787] squashfs: version 4.0 (2009/01/31) Phillip Lougher
[    2.625060] NFS: Registering the id_resolver key type
[    2.625452] Key type id_resolver registered
[    2.625756] Key type id_legacy registered
[    2.626105] nfs4filelayout_init: NFSv4 File Layout Driver Registering...
[    2.626620] nfs4flexfilelayout_init: NFSv4 Flexfile Layout Driver Registering...
[    2.627495] fuse: init (API version 7.40)
[    2.628412] SGI XFS with ACLs, security attributes, realtime, quota, no debug enabled
[    2.630420] 9p: Installing v9fs 9p2000 file system support
[    2.642012] Key type asymmetric registered
[    2.642339] Asymmetric key parser 'x509' registered
[    2.642844] Block layer SCSI generic (bsg) driver version 0.4 loaded (major 243)
[    2.643648] io scheduler mq-deadline registered
[    2.644082] io scheduler bfq registered
[    2.645294] shpchp: Standard Hot Plug PCI Controller Driver version: 0.4
[    2.647436] IPMI message handler: version 39.2
[    2.647890] ipmi device interface
[    2.650331] input: Power Button as /devices/LNXSYSTM:00/LNXPWRBN:00/input/input0
[    2.651516] ACPI: button: Power Button [PWRF]
[    2.653570] ERST DBG: ERST support is disabled.
[    2.655409] Serial: 8250/16550 driver, 32 ports, IRQ sharing enabled
[    2.657536] 00:04: ttyS0 at I/O 0x3f8 (irq = 4, base_baud = 115200) is a 16550A
[    2.690050] Linux agpgart interface v0.103
[    2.692636] ACPI: bus type drm_connector registered
[    2.717610] brd: module loaded
[    2.734227] loop: module loaded
[    2.744555] scsi host0: ata_piix
[    2.746270] scsi host1: ata_piix
[    2.747097] ata1: PATA max MWDMA2 cmd 0x1f0 ctl 0x3f6 bmdma 0xc040 irq 14 lpm-pol 0
[    2.747644] ata2: PATA max MWDMA2 cmd 0x170 ctl 0x376 bmdma 0xc048 irq 15 lpm-pol 0
[    2.751191] tun: Universal TUN/TAP device driver, 1.6
[    2.751994] e100: Intel(R) PRO/100 Network Driver
[    2.752326] e100: Copyright(c) 1999-2006 Intel Corporation
[    2.752772] e1000: Intel(R) PRO/1000 Network Driver
[    2.753108] e1000: Copyright (c) 1999-2006 Intel Corporation.
[    2.907281] ata2: found unknown device (class 0)
[    2.908128] ata1: found unknown device (class 0)
[    2.909210] ata1.00: ATA-7: QEMU HARDDISK, 2.5+, max UDMA/100
[    2.909774] ata1.00: 17196647 sectors, multi 16: LBA48 
[    2.910748] ata2.00: ATAPI: QEMU DVD-ROM, 2.5+, max UDMA/100
[    2.913980] scsi 0:0:0:0: Direct-Access     ATA      QEMU HARDDISK    2.5+ PQ: 0 ANSI: 5
[    2.917142] sd 0:0:0:0: Attached scsi generic sg0 type 0
[    2.918012] sd 0:0:0:0: [sda] 17196647 512-byte logical blocks: (8.80 GB/8.20 GiB)
[    2.918682] sd 0:0:0:0: [sda] Write Protect is off
[    2.919625] sd 0:0:0:0: [sda] Write cache: enabled, read cache: enabled, doesn't support DPO or FUA
[    2.920269] scsi 1:0:0:0: CD-ROM            QEMU     QEMU DVD-ROM     2.5+ PQ: 0 ANSI: 5
[    2.921018] sd 0:0:0:0: [sda] Preferred minimum I/O size 512 bytes
[    2.928267] sd 0:0:0:0: [sda] Attached SCSI disk
[    2.941352] scsi 1:0:0:0: Attached scsi generic sg1 type 5
[    4.372121] ACPI: \_SB_.LNKC: Enabled at IRQ 11
[    4.695175] e1000 0000:00:03.0 eth0: (PCI:33MHz:32-bit) 52:54:00:12:34:56
[    4.695716] e1000 0000:00:03.0 eth0: Intel(R) PRO/1000 Network Connection
[    4.696362] e1000e: Intel(R) PRO/1000 Network Driver
[    4.696712] e1000e: Copyright(c) 1999 - 2015 Intel Corporation.
[    4.697222] igb: Intel(R) Gigabit Ethernet Network Driver
[    4.697604] igb: Copyright (c) 2007-2014 Intel Corporation.
[    4.698233] PPP generic driver version 2.4.2
[    4.699828] VFIO - User Level meta-driver version: 0.3
[    4.701849] usbcore: registered new interface driver uas
[    4.702326] usbcore: registered new interface driver usb-storage
[    4.703079] i8042: PNP: PS/2 Controller [PNP0303:KBD,PNP0f13:MOU] at 0x60,0x64 irq 1,12
[    4.704562] serio: i8042 KBD port at 0x60,0x64 irq 1
[    4.704972] serio: i8042 AUX port at 0x60,0x64 irq 12
[    4.707383] mousedev: PS/2 mouse device common for all mice
[    4.709539] input: AT Translated Set 2 keyboard as /devices/platform/i8042/serio0/input/input1
[    4.711629] rtc_cmos 00:05: RTC can wake from S4
[    4.711821] input: VirtualPS/2 VMware VMMouse as /devices/platform/i8042/serio1/input/input4
[    4.714151] input: VirtualPS/2 VMware VMMouse as /devices/platform/i8042/serio1/input/input3
[    4.716529] rtc_cmos 00:05: registered as rtc0
[    4.717132] rtc_cmos 00:05: setting system clock to 2024-04-01T15:45:06 UTC (1711986306)
[    4.718316] rtc_cmos 00:05: alarms up to one day, y3k, 242 bytes nvram, hpet irqs
[    4.718922] i2c_dev: i2c /dev entries driver
[    4.719410] device-mapper: core: CONFIG_IMA_DISABLE_HTABLE is disabled. Duplicate IMA measurements will not be recorded in the IMA log.
[    4.720290] device-mapper: uevent: version 1.0.3
[    4.721300] device-mapper: ioctl: 4.48.0-ioctl (2023-03-01) initialised: dm-devel@lists.linux.dev
[    4.721958] intel_pstate: CPU model not supported
[    4.722563] sdhci: Secure Digital Host Controller Interface driver
[    4.722992] sdhci: Copyright(c) Pierre Ossman
[    4.723460] sdhci-pltfm: SDHCI platform and OF driver helper
[    4.724019] ledtrig-cpu: registered to indicate activity on CPUs
[    4.725093] drop_monitor: Initializing network drop monitor service
[    4.726005] NET: Registered PF_INET6 protocol family
[    4.730486] Segment Routing with IPv6
[    4.730894] In-situ OAM (IOAM) with IPv6
[    4.731285] NET: Registered PF_PACKET protocol family
[    4.732037] 9pnet: Installing 9P2000 support
[    4.732467] Key type dns_resolver registered
[    4.734607] IPI shorthand broadcast: enabled
[    4.782800] sched_clock: Marking stable (4764005262, 15119153)->(4799416874, -20292459)
[    4.784336] Timer migration: 1 hierarchy levels; 8 children per group; 1 crossnode level
[    4.785844] registered taskstats version 1
[    4.786707] Loading compiled-in X.509 certificates
[    4.837658] Key type .fscrypt registered
[    4.837961] Key type fscrypt-provisioning registered
[    4.841898] Key type encrypted registered
[    4.842276] ima: No TPM chip found, activating TPM-bypass!
[    4.842686] ima: Allocated hash algorithm: sha1
[    4.843095] ima: No architecture policies found
[    4.843601] evm: Initialising EVM extended attributes:
[    4.843960] evm: security.selinux
[    4.844195] evm: security.SMACK64
[    4.844430] evm: security.SMACK64EXEC
[    4.844688] evm: security.SMACK64TRANSMUTE
[    4.844975] evm: security.SMACK64MMAP
[    4.845232] evm: security.apparmor
[    4.845473] evm: security.ima
[    4.845691] evm: security.capability
[    4.845944] evm: HMAC attrs: 0x1
[    4.849701] PM:   Magic number: 4:887:789
[    4.850893] RAS: Correctable Errors collector initialized.
[    4.851732] clk: Disabling unused clocks
[    4.852029] PM: genpd: Disabling unused power domains
[    4.853336] md: Waiting for all devices to be available before autodetect
[    4.853661] md: If you don't use raid, use raid=noautodetect
[    4.853930] md: Autodetecting RAID arrays.
[    4.854144] md: autorun ...
[    4.854285] md: ... autorun DONE.
[    4.864740] EXT4-fs (sda): mounted filesystem 088740a9-c8b4-422c-999d-a804eb68a4da ro with ordered data mode. Quota mode: none.
[    4.865409] VFS: Mounted root (ext4 filesystem) readonly on device 8:0.
[    4.867697] devtmpfs: mounted
[    4.887779] Freeing unused decrypted memory: 2028K
[    4.894639] Freeing unused kernel image (initmem) memory: 15076K
[    4.894962] Write protecting the kernel read-only data: 94208k
[    4.896850] Freeing unused kernel image (rodata/data gap) memory: 1592K
[    4.954595] x86/mm: Checked W+X mappings: passed, no W+X pages found.
[    4.954978] Run /sbin/init as init process
[    5.083597] systemd[1]: systemd 252-15.el9 running in system mode (+PAM +AUDIT +SELINUX -APPARMOR +IMA +SMACK +SECCOMP +GCRYPT +GNUTLS +OPENSSL +ACL +BLKID +CURL +ELFUTILS -FIDO2 +IDN2 -IDN -IPTC +KMOD +LIBCRYPTSETUP +LIBFDISK +PCRE2 -PWQUALITY +P11KIT -QRENCODE +TPM2 +BZIP2 +LZ4 +XZ +ZLIB +ZSTD -BPF_FRAMEWORK +XKBCOMMON +UTMP +SYSVINIT default-hierarchy=unified)
[    5.085032] systemd[1]: Detected virtualization kvm.
[    5.085273] systemd[1]: Detected architecture x86-64.

Welcome to [0;31mCentOS Stream 9[0m!

[    5.089920] systemd[1]: Hostname set to <test>.
[    5.366925] systemd-rc-local-generator[124]: /etc/rc.d/rc.local is not marked executable, skipping.
[    5.675444] systemd[1]: Queued start job for default target Multi-User System.
[    5.705014] systemd[1]: Created slice Virtual Machine and Container Slice.
[[0;32m  OK  [0m] Created slice [0;1;39mVirtual Machine and Container Slice[0m.
[    5.713696] systemd[1]: Created slice Slice /system/getty.
[[0;32m  OK  [0m] Created slice [0;1;39mSlice /system/getty[0m.
[    5.716706] systemd[1]: Created slice Slice /system/modprobe.
[[0;32m  OK  [0m] Created slice [0;1;39mSlice /system/modprobe[0m.
[    5.719718] systemd[1]: Created slice Slice /system/serial-getty.
[[0;32m  OK  [0m] Created slice [0;1;39mSlice /system/serial-getty[0m.
[    5.722737] systemd[1]: Created slice Slice /system/sshd-keygen.
[[0;32m  OK  [0m] Created slice [0;1;39mSlice /system/sshd-keygen[0m.
[    5.725823] systemd[1]: Created slice User and Session Slice.
[[0;32m  OK  [0m] Created slice [0;1;39mUser and Session Slice[0m.
[    5.727234] systemd[1]: Started Forward Password Requests to Wall Directory Watch.
[[0;32m  OK  [0m] Started [0;1;39mForward Password R…uests to Wall Directory Watch[0m.
[    5.729635] systemd[1]: Set up automount Arbitrary Executable File Formats File System Automount Point.
[[0;32m  OK  [0m] Set up automount [0;1;39mArbitrary…s File System Automount Point[0m.
[    5.731052] systemd[1]: Reached target Local Integrity Protected Volumes.
[[0;32m  OK  [0m] Reached target [0;1;39mLocal Integrity Protected Volumes[0m.
[    5.732288] systemd[1]: Reached target Slice Units.
[[0;32m  OK  [0m] Reached target [0;1;39mSlice Units[0m.
[    5.733167] systemd[1]: Reached target Swaps.
[[0;32m  OK  [0m] Reached target [0;1;39mSwaps[0m.
[    5.733997] systemd[1]: Reached target Local Verity Protected Volumes.
[[0;32m  OK  [0m] Reached target [0;1;39mLocal Verity Protected Volumes[0m.
[    5.735545] systemd[1]: Listening on Device-mapper event daemon FIFOs.
[[0;32m  OK  [0m] Listening on [0;1;39mDevice-mapper event daemon FIFOs[0m.
[    5.737381] systemd[1]: Listening on LVM2 poll daemon socket.
[[0;32m  OK  [0m] Listening on [0;1;39mLVM2 poll daemon socket[0m.
[    5.738585] systemd[1]: multipathd control socket was skipped because of an unmet condition check (ConditionPathExists=/etc/multipath.conf).
[    5.798577] systemd[1]: Listening on RPCbind Server Activation Socket.
[[0;32m  OK  [0m] Listening on [0;1;39mRPCbind Server Activation Socket[0m.
[    5.799859] systemd[1]: Reached target RPC Port Mapper.
[[0;32m  OK  [0m] Reached target [0;1;39mRPC Port Mapper[0m.
[    5.803357] systemd[1]: Listening on Process Core Dump Socket.
[[0;32m  OK  [0m] Listening on [0;1;39mProcess Core Dump Socket[0m.
[    5.804868] systemd[1]: Listening on initctl Compatibility Named Pipe.
[[0;32m  OK  [0m] Listening on [0;1;39minitctl Compatibility Named Pipe[0m.
[    5.806644] systemd[1]: Listening on Journal Socket (/dev/log).
[[0;32m  OK  [0m] Listening on [0;1;39mJournal Socket (/dev/log)[0m.
[    5.808282] systemd[1]: Listening on Journal Socket.
[[0;32m  OK  [0m] Listening on [0;1;39mJournal Socket[0m.
[    5.809940] systemd[1]: Listening on udev Control Socket.
[[0;32m  OK  [0m] Listening on [0;1;39mudev Control Socket[0m.
[    5.811279] systemd[1]: Listening on udev Kernel Socket.
[[0;32m  OK  [0m] Listening on [0;1;39mudev Kernel Socket[0m.
[    5.831633] systemd[1]: Mounting Huge Pages File System...
         Mounting [0;1;39mHuge Pages File System[0m...
[    5.839393] systemd[1]: Mounting POSIX Message Queue File System...
         Mounting [0;1;39mPOSIX Message Queue File System[0m...
[    5.853159] systemd[1]: Mounting Kernel Debug File System...
         Mounting [0;1;39mKernel Debug File System[0m...
[    5.862278] systemd[1]: Mounting Kernel Trace File System...
         Mounting [0;1;39mKernel Trace File System[0m...
[    5.865800] systemd[1]: Kernel Module supporting RPCSEC_GSS was skipped because of an unmet condition check (ConditionPathExists=/etc/krb5.keytab).
[    5.866518] systemd[1]: Create List of Static Device Nodes was skipped because of an unmet condition check (ConditionFileNotEmpty=/lib/modules/6.8.0-9843231c9726+/modules.devname).
[    5.874105] systemd[1]: Starting Monitoring of LVM2 mirrors, snapshots etc. using dmeventd or progress polling...
         Starting [0;1;39mMonitoring of LVM…meventd or progress polling[0m...
[    5.882569] systemd[1]: Starting Load Kernel Module configfs...
         Starting [0;1;39mLoad Kernel Module configfs[0m...
[    5.890725] systemd[1]: Starting Load Kernel Module drm...
         Starting [0;1;39mLoad Kernel Module drm[0m...
[    5.905565] systemd[1]: Starting Load Kernel Module fuse...
         Starting [0;1;39mLoad Kernel Module fuse[0m...
[    5.924133] systemd[1]: Starting Read and set NIS domainname from /etc/sysconfig/network...
         Starting [0;1;39mRead and set NIS …from /etc/sysconfig/network[0m...
[    5.942908] systemd[1]: Starting Journal Service...
         Starting [0;1;39mJournal Service[0m...
[    5.963637] systemd[1]: Starting Load Kernel Modules...
         Starting [0;1;39mLoad Kernel Modules[0m...
[    5.979871] systemd[1]: Starting Generate network units from Kernel command line...
         Starting [0;1;39mGenerate network …ts from Kernel command line[0m...
[    5.997369] systemd[1]: Starting Remount Root and Kernel File Systems...
         Starting [0;1;39mRemount Root and Kernel File Systems[0m...
[    6.004146] systemd[1]: Repartition Root Disk was skipped because no trigger condition checks were met.
[    6.020983] systemd[1]: Starting Coldplug All udev Devices...
         Starting [0;1;39mColdplug All udev Devices[0m...
[    6.048822] systemd[1]: Mounted Huge Pages File System.
[[0;32m  OK  [0m] Mounted [0;1;39mHuge Pages File System[0m.
[    6.054193] systemd[1]: Mounted POSIX Message Queue File System.
[[0;32m  OK  [0m] Mounted [0;1;39mPOSIX Message Queue File System[0m.
[    6.059701] systemd[1]: Mounted Kernel Debug File System.
[[0;32m  OK  [0m] Mounted [0;1;39mKernel Debug File System[0m.
[    6.061046] systemd[1]: Mounted Kernel Trace File System.
[[0;32m  OK  [0m] Mounted [0;1;39mKernel Trace File System[0m.
[    6.067217] systemd[1]: Finished Monitoring of LVM2 mirrors, snapshots etc. using dmeventd or progress polling.
[[0;32m  OK  [0m] Finished [0;1;39mMonitoring of LVM… dmeventd or progress polling[0m.
[    6.073099] systemd[1]: modprobe@configfs.service: Deactivated successfully.
[    6.074578] systemd[1]: Finished Load Kernel Module configfs.
[[0;32m  OK  [0m] Finished [0;1;39mLoad Kernel Module configfs[0m.
[    6.078656] systemd[1]: modprobe@drm.service: Deactivated successfully.
[    6.085270] systemd[1]: Finished Load Kernel Module drm.
[[0;32m  OK  [0m] Finished [0;1;39mLoad Kernel Module drm[0m.
[    6.088178] systemd[1]: modprobe@fuse.service: Deactivated successfully.
[    6.089665] systemd[1]: Finished Load Kernel Module fuse.
[[0;32m  OK  [0m] Finished [0;1;39mLoad Kernel Module fuse[0m.
[    6.096886] systemd[1]: Finished Read and set NIS domainname from /etc/sysconfig/network.
[[0;32m  OK  [0m] Finished [0;1;39mRead and set NIS …e from /etc/sysconfig/network[0m.
[    6.104774] systemd[1]: systemd-modules-load.service: Main process exited, code=exited, status=1/FAILURE
[    6.105929] systemd[1]: systemd-modules-load.service: Failed with result 'exit-code'.
[    6.107409] systemd[1]: Failed to start Load Kernel Modules.
[[0;1;31mFAILED[0m] Failed to start [0;1;39mLoad Kernel Modules[0m.[    6.108090] EXT4-fs (sda): warning: mounting fs with errors, running e2fsck is recommended

See 'systemctl status systemd-modules-load.service' for details.
[    6.114274] systemd[1]: Finished Generate network units from Kernel command line.
[[0;32m  OK  [0m] Finished [0;1;39mGenerate network units from Kernel command line[0m.[    6.115325] EXT4-fs (sda): re-mounted 088740a9-c8b4-422c-999d-a804eb68a4da r/w. Quota mode: none.

[    6.122755] systemd[1]: Reached target Preparation for Network.
[[0;32m  OK  [0m] Reached target [0;1;39mPreparation for Network[0m.
[    6.147614] systemd[1]: Mounting FUSE Control File System...
         Mounting [0;1;39mFUSE Control File System[0m...
[    6.155819] systemd[1]: Mounting Kernel Configuration File System...
         Mounting [0;1;39mKernel Configuration File System[0m...
[    6.171929] systemd[1]: Starting Apply Kernel Variables...
         Starting [0;1;39mApply Kernel Variables[0m...
[    6.174508] systemd[1]: Started Journal Service.
[[0;32m  OK  [0m] Started [0;1;39mJournal Service[0m.
[[0;32m  OK  [0m] Finished [0;1;39mRemount Root and Kernel File Systems[0m.
[[0;32m  OK  [0m] Mounted [0;1;39mFUSE Control File System[0m.
[[0;32m  OK  [0m] Mounted [0;1;39mKernel Configuration File System[0m.
         Starting [0;1;39mFlush Journal to Persistent Storage[0m...
         Starting [0;1;39mLoad/Save Random Seed[0m...
         Starting [0;1;39mCreate Static Device Nodes in /dev[0m...
         Starting [0;1;39mSetup Virtual Console[0m...
[    6.305059] systemd-journald[146]: Received client request to flush runtime journal.
[[0;32m  OK  [0m] Finished [0;1;39mApply Kernel Variables[0m.
[[0;32m  OK  [0m] Finished [0;1;39mFlush Journal to Persistent Storage[0m.
[[0;32m  OK  [0m] Finished [0;1;39mLoad/Save Random Seed[0m.
[[0;32m  OK  [0m] Finished [0;1;39mCreate Static Device Nodes in /dev[0m.
         Starting [0;1;39mRule-based Manage…for Device Events and Files[0m...
[[0;32m  OK  [0m] Started [0;1;39mRule-based Manager for Device Events and Files[0m.
         Starting [0;1;39mAuto-connect to s…E devices found during boot[0m...
[[0;32m  OK  [0m] Finished [0;1;39mSetup Virtual Console[0m.
[[0;32m  OK  [0m] Finished [0;1;39mColdplug All udev Devices[0m.
[[0;32m  OK  [0m] Finished [0;1;39mAuto-connect to s…VME devices found during boot[0m.
[[0;32m  OK  [0m] Started [0;1;39mDispatch Password …ts to Console Directory Watch[0m.
[[0;32m  OK  [0m] Reached target [0;1;39mLocal Encrypted Volumes[0m.
[[0;32m  OK  [0m] Reached target [0;1;39mPath Units[0m.
         Starting [0;1;39mWait for udev To …plete Device Initialization[0m...
[[0;32m  OK  [0m] Found device [0;1;39m/dev/ttyS0[0m.
[[0;32m  OK  [0m] Listening on [0;1;39mLoad/Save RF …itch Status /dev/rfkill Watch[0m.
[[0;32m  OK  [0m] Finished [0;1;39mWait for udev To Complete Device Initialization[0m.
[[0;32m  OK  [0m] Reached target [0;1;39mPreparation for Local File Systems[0m.
[[0;32m  OK  [0m] Reached target [0;1;39mLocal File Systems[0m.
         Starting [0;1;39mTell Plymouth To Write Out Runtime Data[0m...
         Starting [0;1;39mAutomatic Boot Loader Update[0m...
         Starting [0;1;39mCreate Volatile Files and Directories[0m...
[[0;32m  OK  [0m] Finished [0;1;39mTell Plymouth To Write Out Runtime Data[0m.
[[0;32m  OK  [0m] Finished [0;1;39mAutomatic Boot Loader Update[0m.
[[0;32m  OK  [0m] Finished [0;1;39mCreate Volatile Files and Directories[0m.
         Mounting [0;1;39mRPC Pipe File System[0m...
         Starting [0;1;39mSecurity Auditing Service[0m...
         Starting [0;1;39mRPC Bind[0m...
[[0;32m  OK  [0m] Mounted [0;1;39mRPC Pipe File System[0m.
[[0;32m  OK  [0m] Reached target [0;1;39mrpc_pipefs.target[0m.
[[0;32m  OK  [0m] Started [0;1;39mRPC Bind[0m.
[[0;32m  OK  [0m] Started [0;1;39mSecurity Auditing Service[0m.
         Starting [0;1;39mRecord System Boot/Shutdown in UTMP[0m...
[[0;32m  OK  [0m] Finished [0;1;39mRecord System Boot/Shutdown in UTMP[0m.
[[0;32m  OK  [0m] Reached target [0;1;39mSystem Initialization[0m.
[[0;32m  OK  [0m] Started [0;1;39mDaily rotation of log files[0m.
[[0;32m  OK  [0m] Started [0;1;39mUpdates mlocate database every day[0m.
[[0;32m  OK  [0m] Started [0;1;39mDaily Cleanup of Temporary Directories[0m.
[[0;32m  OK  [0m] Started [0;1;39mdaily update of the root trust anchor for DNSSEC[0m.
[[0;32m  OK  [0m] Reached target [0;1;39mTimer Units[0m.
[[0;32m  OK  [0m] Listening on [0;1;39mD-Bus System Message Bus Socket[0m.
[[0;32m  OK  [0m] Listening on [0;1;39mOpen-iSCSI iscsid Socket[0m.
[[0;32m  OK  [0m] Listening on [0;1;39mOpen-iSCSI iscsiuio Socket[0m.
[[0;32m  OK  [0m] Listening on [0;1;39mSSSD Kerberos…ache Manager responder socket[0m.
[[0;32m  OK  [0m] Listening on [0;1;39mLibvirt interface local socket[0m.
[[0;32m  OK  [0m] Listening on [0;1;39mVirtual machine lock manager socket[0m.
[[0;32m  OK  [0m] Listening on [0;1;39mVirtual machine log manager socket[0m.
[[0;32m  OK  [0m] Listening on [0;1;39mLibvirt network local socket[0m.
[[0;32m  OK  [0m] Listening on [0;1;39mLibvirt nodedev local socket[0m.
[[0;32m  OK  [0m] Listening on [0;1;39mLibvirt nwfilter local socket[0m.
[[0;32m  OK  [0m] Listening on [0;1;39mLibvirt proxy local socket[0m.
[[0;32m  OK  [0m] Listening on [0;1;39mLibvirt qemu local socket[0m.
[[0;32m  OK  [0m] Listening on [0;1;39mLibvirt qemu admin socket[0m.
[[0;32m  OK  [0m] Listening on [0;1;39mLibvirt qemu local read-only socket[0m.
[[0;32m  OK  [0m] Listening on [0;1;39mLibvirt secret local socket[0m.
[[0;32m  OK  [0m] Listening on [0;1;39mLibvirt storage local socket[0m.
[[0;32m  OK  [0m] Reached target [0;1;39mSocket Units[0m.
         Starting [0;1;39mD-Bus System Message Bus[0m...
[[0;32m  OK  [0m] Started [0;1;39mD-Bus System Message Bus[0m.
[[0;32m  OK  [0m] Reached target [0;1;39mBasic System[0m.
         Starting [0;1;39mNetwork Manager[0m...
         Starting [0;1;39mNTP client/server[0m...
         Starting [0;1;39mRestore /run/initramfs on shutdown[0m...
[[0;32m  OK  [0m] Started [0;1;39mirqbalance daemon[0m.
[[0;32m  OK  [0m] Started [0;1;39mlibstoragemgmt plug-in server daemon[0m.
[[0;32m  OK  [0m] Started [0;1;39mMachine Check Exception Logging Daemon[0m.
[[0;32m  OK  [0m] Reached target [0;1;39msshd-keygen.target[0m.
[[0;32m  OK  [0m] Reached target [0;1;39mUser and Group Name Lookups[0m.
         Starting [0;1;39mUser Login Management[0m...
         Starting [0;1;39mVirtual Machine a…tainer Registration Service[0m...
         Starting [0;1;39mupdate of the roo…NSSEC validation in unbound[0m...
         Starting [0;1;39mRotate log files[0m...
[[0;32m  OK  [0m] Started [0;1;39mUpdate a database for mlocate[0m.
[[0;32m  OK  [0m] Finished [0;1;39mRestore /run/initramfs on shutdown[0m.
[[0;32m  OK  [0m] Started [0;1;39mNTP client/server[0m.
[[0;32m  OK  [0m] Started [0;1;39mVirtual Machine an…ontainer Registration Service[0m.
         Starting [0;1;39mHostname Service[0m...
[[0;32m  OK  [0m] Finished [0;1;39mupdate of the roo… DNSSEC validation in unbound[0m.
[[0;32m  OK  [0m] Started [0;1;39mUser Login Management[0m.
[[0;32m  OK  [0m] Started [0;1;39mHostname Service[0m.
         Starting [0;1;39mNetwork Manager Script Dispatcher Service[0m...
[[0;32m  OK  [0m] Finished [0;1;39mRotate log files[0m.
[[0;32m  OK  [0m] Started [0;1;39mNetwork Manager Script Dispatcher Service[0m.
[    9.811407] e1000: eth0 NIC Link is Up 1000 Mbps Full Duplex, Flow Control: RX
[[0;32m  OK  [0m] Started [0;1;39mNetwork Manager[0m.
[[0;32m  OK  [0m] Reached target [0;1;39mNetwork[0m.
[[0;32m  OK  [0m] Reached target [0;1;39mNetwork is Online[0m.
         Starting [0;1;39mGSSAPI Proxy Daemon[0m...
         Starting [0;1;39mNotify NFS peers of a restart[0m...
         Starting [0;1;39mSystem Logging Service[0m...
         Starting [0;1;39mOpenSSH server daemon[0m...
         Starting [0;1;39mDynamic System Tuning Daemon[0m...
[[0;32m  OK  [0m] Started [0;1;39mNotify NFS peers of a restart[0m.
[[0;32m  OK  [0m] Started [0;1;39mOpenSSH server daemon[0m.
[[0;32m  OK  [0m] Started [0;1;39mGSSAPI Proxy Daemon[0m.
[[0;32m  OK  [0m] Reached target [0;1;39mNFS client services[0m.
[[0;32m  OK  [0m] Reached target [0;1;39mPreparation for Remote File Systems[0m.
[[0;32m  OK  [0m] Reached target [0;1;39mRemote File Systems[0m.
         Starting [0;1;39mPermit User Sessions[0m...
         Starting [0;1;39mVirtualization qemu daemon[0m...
[[0;32m  OK  [0m] Started [0;1;39mSystem Logging Service[0m.
[[0;32m  OK  [0m] Finished [0;1;39mPermit User Sessions[0m.
[[0;32m  OK  [0m] Started [0;1;39mDeferred execution scheduler[0m.
[[0;32m  OK  [0m] Started [0;1;39mCommand Scheduler[0m.
         Starting [0;1;39mHold until boot process finishes up[0m...
         Starting [0;1;39mTerminate Plymouth Boot Screen[0m...
[[0;32m  OK  [0m] Started [0;1;39mVirtualization qemu daemon[0m.
[[0;32m  OK  [0m] Finished [0;1;39mHold until boot process finishes up[0m.
[[0;32m  OK  [0m] Started [0;1;39mGetty on tty1[0m.
[[0;32m  OK  [0m] Started [0;1;39mSerial Getty on ttyS0[0m.
[[0;32m  OK  [0m] Reached target [0;1;39mLogin Prompts[0m.
[[0;32m  OK  [0m] Finished [0;1;39mTerminate Plymouth Boot Screen[0m.
         Starting [0;1;39mAuthorization Manager[0m...
[[0;32m  OK  [0m] Started [0;1;39mAuthorization Manager[0m.
[[0;32m  OK  [0m] Started [0;1;39mDynamic System Tuning Daemon[0m.
[[0;32m  OK  [0m] Reached target [0;1;39mMulti-User System[0m.
         Starting [0;1;39mRecord Runlevel Change in UTMP[0m...
[[0;32m  OK  [0m] Finished [0;1;39mRecord Runlevel Change in UTMP[0m.

CentOS Stream 9
Kernel 6.8.0-9843231c9726+ on an x86_64

Activate the web console with: systemctl enable --now cockpit.socket

test login: [   18.943775] sg_write: data in/out 2130706396/78 bytes for SCSI command 0x0-- guessing data in;
[   18.943775]    program repro not setting count and/or reply_len properly
[   18.950519] sg_write: data in/out 2130706396/78 bytes for SCSI command 0x0-- guessing data in;
[   18.950519]    program repro not setting count and/or reply_len properly
[   18.956532] sg_write: data in/out 2130706396/78 bytes for SCSI command 0x0-- guessing data in;
[   18.956532]    program repro not setting count and/or reply_len properly
[   18.962243] sg_write: data in/out 2130706396/78 bytes for SCSI command 0x0-- guessing data in;
[   18.962243]    program repro not setting count and/or reply_len properly
[   18.968185] sg_write: data in/out 2130706396/78 bytes for SCSI command 0x0-- guessing data in;
[   18.968185]    program repro not setting count and/or reply_len properly
[   18.974088] sg_write: data in/out 2130706396/78 bytes for SCSI command 0x0-- guessing data in;
[   18.974088]    program repro not setting count and/or reply_len properly
[   18.980055] sg_write: data in/out 2130706396/78 bytes for SCSI command 0x0-- guessing data in;
[   18.980055]    program repro not setting count and/or reply_len properly
[   18.985639] sg_write: data in/out 2130706396/78 bytes for SCSI command 0x0-- guessing data in;
[   18.985639]    program repro not setting count and/or reply_len properly
[   18.991878] sg_write: data in/out 2130706396/78 bytes for SCSI command 0x0-- guessing data in;
[   18.991878]    program repro not setting count and/or reply_len properly
[   18.997702] sg_write: data in/out 2130706396/78 bytes for SCSI command 0x0-- guessing data in;
[   18.997702]    program repro not setting count and/or reply_len properly
[   23.951757] sg_write: 972 callbacks suppressed
[   23.951766] sg_write: data in/out 2130706396/78 bytes for SCSI command 0x0-- guessing data in;
[   23.951766]    program repro not setting count and/or reply_len properly
[   23.957431] sg_write: data in/out 2130706396/78 bytes for SCSI command 0x0-- guessing data in;
[   23.957431]    program repro not setting count and/or reply_len properly
[   23.963578] sg_write: data in/out 2130706396/78 bytes for SCSI command 0x0-- guessing data in;
[   23.963578]    program repro not setting count and/or reply_len properly
[   23.969087] sg_write: data in/out 2130706396/78 bytes for SCSI command 0x0-- guessing data in;
[   23.969087]    program repro not setting count and/or reply_len properly
[   23.974674] sg_write: data in/out 2130706396/78 bytes for SCSI command 0x0-- guessing data in;
[   23.974674]    program repro not setting count and/or reply_len properly
[   23.982388] sg_write: data in/out 2130706396/78 bytes for SCSI command 0x0-- guessing data in;
[   23.982388]    program repro not setting count and/or reply_len properly
[   23.990212] sg_write: data in/out 2130706396/78 bytes for SCSI command 0x0-- guessing data in;
[   23.990212]    program repro not setting count and/or reply_len properly
[   23.997842] sg_write: data in/out 2130706396/78 bytes for SCSI command 0x0-- guessing data in;
[   23.997842]    program repro not setting count and/or reply_len properly
[   24.004140] sg_write: data in/out 2130706396/78 bytes for SCSI command 0x0-- guessing data in;
[   24.004140]    program repro not setting count and/or reply_len properly
[   24.010200] sg_write: data in/out 2130706396/78 bytes for SCSI command 0x0-- guessing data in;
[   24.010200]    program repro not setting count and/or reply_len properly
[   28.960334] sg_write: 975 callbacks suppressed
[   28.960344] sg_write: data in/out 2130706396/78 bytes for SCSI command 0x0-- guessing data in;
[   28.960344]    program repro not setting count and/or reply_len properly
[   28.966371] sg_write: data in/out 2130706396/78 bytes for SCSI command 0x0-- guessing data in;
[   28.966371]    program repro not setting count and/or reply_len properly
[   28.971932] sg_write: data in/out 2130706396/78 bytes for SCSI command 0x0-- guessing data in;
[   28.971932]    program repro not setting count and/or reply_len properly
[   28.978772] sg_write: data in/out 2130706396/78 bytes for SCSI command 0x0-- guessing data in;
[   28.978772]    program repro not setting count and/or reply_len properly
[   28.984130] sg_write: data in/out 2130706396/78 bytes for SCSI command 0x0-- guessing data in;
[   28.984130]    program repro not setting count and/or reply_len properly
[   28.989827] sg_write: data in/out 2130706396/78 bytes for SCSI command 0x0-- guessing data in;
[   28.989827]    program repro not setting count and/or reply_len properly
[   28.996587] sg_write: data in/out 2130706396/78 bytes for SCSI command 0x0-- guessing data in;
[   28.996587]    program repro not setting count and/or reply_len properly
[   29.003487] sg_write: data in/out 2130706396/78 bytes for SCSI command 0x0-- guessing data in;
[   29.003487]    program repro not setting count and/or reply_len properly
[   29.009421] sg_write: data in/out 2130706396/78 bytes for SCSI command 0x0-- guessing data in;
[   29.009421]    program repro not setting count and/or reply_len properly
[   29.014985] sg_write: data in/out 2130706396/78 bytes for SCSI command 0x0-- guessing data in;
[   29.014985]    program repro not setting count and/or reply_len properly
[   33.967793] sg_write: 976 callbacks suppressed
[   33.967803] sg_write: data in/out 2130706396/78 bytes for SCSI command 0x0-- guessing data in;
[   33.967803]    program repro not setting count and/or reply_len properly
[   33.974293] sg_write: data in/out 2130706396/78 bytes for SCSI command 0x0-- guessing data in;
[   33.974293]    program repro not setting count and/or reply_len properly
[   33.980259] sg_write: data in/out 2130706396/78 bytes for SCSI command 0x0-- guessing data in;
[   33.980259]    program repro not setting count and/or reply_len properly
[   33.986638] sg_write: data in/out 2130706396/78 bytes for SCSI command 0x0-- guessing data in;
[   33.986638]    program repro not setting count and/or reply_len properly
[   33.993320] sg_write: data in/out 2130706396/78 bytes for SCSI command 0x0-- guessing data in;
[   33.993320]    program repro not setting count and/or reply_len properly
[   33.998884] sg_write: data in/out 2130706396/78 bytes for SCSI command 0x0-- guessing data in;
[   33.998884]    program repro not setting count and/or reply_len properly
[   34.004420] sg_write: data in/out 2130706396/78 bytes for SCSI command 0x0-- guessing data in;
[   34.004420]    program repro not setting count and/or reply_len properly
[   34.010050] sg_write: data in/out 2130706396/78 bytes for SCSI command 0x0-- guessing data in;
[   34.010050]    program repro not setting count and/or reply_len properly
[   34.015326] sg_write: data in/out 2130706396/78 bytes for SCSI command 0x0-- guessing data in;
[   34.015326]    program repro not setting count and/or reply_len properly
[   34.020635] sg_write: data in/out 2130706396/78 bytes for SCSI command 0x0-- guessing data in;
[   34.020635]    program repro not setting count and/or reply_len properly
[   38.972754] sg_write: 1007 callbacks suppressed
[   38.972763] sg_write: data in/out 2130706396/78 bytes for SCSI command 0x0-- guessing data in;
[   38.972763]    program repro not setting count and/or reply_len properly
[   38.978939] sg_write: data in/out 2130706396/78 bytes for SCSI command 0x0-- guessing data in;
[   38.978939]    program repro not setting count and/or reply_len properly
[   38.985413] sg_write: data in/out 2130706396/78 bytes for SCSI command 0x0-- guessing data in;
[   38.985413]    program repro not setting count and/or reply_len properly
[   38.991167] sg_write: data in/out 2130706396/78 bytes for SCSI command 0x0-- guessing data in;
[   38.991167]    program repro not setting count and/or reply_len properly
[   38.996479] sg_write: data in/out 2130706396/78 bytes for SCSI command 0x0-- guessing data in;
[   38.996479]    program repro not setting count and/or reply_len properly
[   39.002204] sg_write: data in/out 2130706396/78 bytes for SCSI command 0x0-- guessing data in;
[   39.002204]    program repro not setting count and/or reply_len properly
[   39.007720] sg_write: data in/out 2130706396/78 bytes for SCSI command 0x0-- guessing data in;
[   39.007720]    program repro not setting count and/or reply_len properly
[   39.012922] sg_write: data in/out 2130706396/78 bytes for SCSI command 0x0-- guessing data in;
[   39.012922]    program repro not setting count and/or reply_len properly
[   39.018115] sg_write: data in/out 2130706396/78 bytes for SCSI command 0x0-- guessing data in;
[   39.018115]    program repro not setting count and/or reply_len properly
[   39.023747] sg_write: data in/out 2130706396/78 bytes for SCSI command 0x0-- guessing data in;
[   39.023747]    program repro not setting count and/or reply_len properly
[   43.977994] sg_write: 1006 callbacks suppressed
[   43.978004] sg_write: data in/out 2130706396/78 bytes for SCSI command 0x0-- guessing data in;
[   43.978004]    program repro not setting count and/or reply_len properly
[   43.983705] sg_write: data in/out 2130706396/78 bytes for SCSI command 0x0-- guessing data in;
[   43.983705]    program repro not setting count and/or reply_len properly
[   43.989527] sg_write: data in/out 2130706396/78 bytes for SCSI command 0x0-- guessing data in;
[   43.989527]    program repro not setting count and/or reply_len properly
[   43.994714] sg_write: data in/out 2130706396/78 bytes for SCSI command 0x0-- guessing data in;
[   43.994714]    program repro not setting count and/or reply_len properly
[   44.000904] sg_write: data in/out 2130706396/78 bytes for SCSI command 0x0-- guessing data in;
[   44.000904]    program repro not setting count and/or reply_len properly
[   44.006479] sg_write: data in/out 2130706396/78 bytes for SCSI command 0x0-- guessing data in;
[   44.006479]    program repro not setting count and/or reply_len properly
[   44.012101] sg_write: data in/out 2130706396/78 bytes for SCSI command 0x0-- guessing data in;
[   44.012101]    program repro not setting count and/or reply_len properly
[   44.017649] sg_write: data in/out 2130706396/78 bytes for SCSI command 0x0-- guessing data in;
[   44.017649]    program repro not setting count and/or reply_len properly
[   44.023099] sg_write: data in/out 2130706396/78 bytes for SCSI command 0x0-- guessing data in;
[   44.023099]    program repro not setting count and/or reply_len properly
[   44.028763] sg_write: data in/out 2130706396/78 bytes for SCSI command 0x0-- guessing data in;
[   44.028763]    program repro not setting count and/or reply_len properly
[   48.982862] sg_write: 999 callbacks suppressed
[   48.982872] sg_write: data in/out 2130706396/78 bytes for SCSI command 0x0-- guessing data in;
[   48.982872]    program repro not setting count and/or reply_len properly
[   48.989431] sg_write: data in/out 2130706396/78 bytes for SCSI command 0x0-- guessing data in;
[   48.989431]    program repro not setting count and/or reply_len properly
[   48.995015] sg_write: data in/out 2130706396/78 bytes for SCSI command 0x0-- guessing data in;
[   48.995015]    program repro not setting count and/or reply_len properly
[   49.002338] sg_write: data in/out 2130706396/78 bytes for SCSI command 0x0-- guessing data in;
[   49.002338]    program repro not setting count and/or reply_len properly
[   49.010040] sg_write: data in/out 2130706396/78 bytes for SCSI command 0x0-- guessing data in;
[   49.010040]    program repro not setting count and/or reply_len properly
[   49.015783] sg_write: data in/out 2130706396/78 bytes for SCSI command 0x0-- guessing data in;
[   49.015783]    program repro not setting count and/or reply_len properly
[   49.021803] sg_write: data in/out 2130706396/78 bytes for SCSI command 0x0-- guessing data in;
[   49.021803]    program repro not setting count and/or reply_len properly
[   49.027342] sg_write: data in/out 2130706396/78 bytes for SCSI command 0x0-- guessing data in;
[   49.027342]    program repro not setting count and/or reply_len properly
[   49.033008] sg_write: data in/out 2130706396/78 bytes for SCSI command 0x0-- guessing data in;
[   49.033008]    program repro not setting count and/or reply_len properly
[   49.038461] sg_write: data in/out 2130706396/78 bytes for SCSI command 0x0-- guessing data in;
[   49.038461]    program repro not setting count and/or reply_len properly
[   53.984379] sg_write: 973 callbacks suppressed
[   53.984397] sg_write: data in/out 2130706396/78 bytes for SCSI command 0x0-- guessing data in;
[   53.984397]    program repro not setting count and/or reply_len properly
[   53.990492] sg_write: data in/out 2130706396/78 bytes for SCSI command 0x0-- guessing data in;
[   53.990492]    program repro not setting count and/or reply_len properly
[   53.996496] sg_write: data in/out 2130706396/78 bytes for SCSI command 0x0-- guessing data in;
[   53.996496]    program repro not setting count and/or reply_len properly
[   54.002266] sg_write: data in/out 2130706396/78 bytes for SCSI command 0x0-- guessing data in;
[   54.002266]    program repro not setting count and/or reply_len properly
[   54.008253] sg_write: data in/out 2130706396/78 bytes for SCSI command 0x0-- guessing data in;
[   54.008253]    program repro not setting count and/or reply_len properly
[   54.014184] sg_write: data in/out 2130706396/78 bytes for SCSI command 0x0-- guessing data in;
[   54.014184]    program repro not setting count and/or reply_len properly
[   54.020445] sg_write: data in/out 2130706396/78 bytes for SCSI command 0x0-- guessing data in;
[   54.020445]    program repro not setting count and/or reply_len properly
[   54.027757] sg_write: data in/out 2130706396/78 bytes for SCSI command 0x0-- guessing data in;
[   54.027757]    program repro not setting count and/or reply_len properly
[   54.034805] sg_write: data in/out 2130706396/78 bytes for SCSI command 0x0-- guessing data in;
[   54.034805]    program repro not setting count and/or reply_len properly
[   54.041898] sg_write: data in/out 2130706396/78 bytes for SCSI command 0x0-- guessing data in;
[   54.041898]    program repro not setting count and/or reply_len properly
[   58.991160] sg_write: 994 callbacks suppressed
[   58.991170] sg_write: data in/out 2130706396/78 bytes for SCSI command 0x0-- guessing data in;
[   58.991170]    program repro not setting count and/or reply_len properly
[   58.996574] sg_write: data in/out 2130706396/78 bytes for SCSI command 0x0-- guessing data in;
[   58.996574]    program repro not setting count and/or reply_len properly
[   59.002009] sg_write: data in/out 2130706396/78 bytes for SCSI command 0x0-- guessing data in;
[   59.002009]    program repro not setting count and/or reply_len properly
[   59.007763] sg_write: data in/out 2130706396/78 bytes for SCSI command 0x0-- guessing data in;
[   59.007763]    program repro not setting count and/or reply_len properly
[   59.013265] sg_write: data in/out 2130706396/78 bytes for SCSI command 0x0-- guessing data in;
[   59.013265]    program repro not setting count and/or reply_len properly
[   59.018468] sg_write: data in/out 2130706396/78 bytes for SCSI command 0x0-- guessing data in;
[   59.018468]    program repro not setting count and/or reply_len properly
[   59.024096] sg_write: data in/out 2130706396/78 bytes for SCSI command 0x0-- guessing data in;
[   59.024096]    program repro not setting count and/or reply_len properly
[   59.029724] sg_write: data in/out 2130706396/78 bytes for SCSI command 0x0-- guessing data in;
[   59.029724]    program repro not setting count and/or reply_len properly
[   59.035007] sg_write: data in/out 2130706396/78 bytes for SCSI command 0x0-- guessing data in;
[   59.035007]    program repro not setting count and/or reply_len properly
[   59.041019] sg_write: data in/out 2130706396/78 bytes for SCSI command 0x0-- guessing data in;
[   59.041019]    program repro not setting count and/or reply_len properly
