c[?7l[2J[0mSeaBIOS (version rel-1.16.0-0-gd239552ce722-prebuilt.qemu.org)


iPXE (http://ipxe.org) 00:03.0 CA00 PCI2.10 PnP PMM+7FF91000+7FEF1000 CA00
Press Ctrl-B to configure iPXE (PCI 00:03.0)...                                                                               


Booting from ROM...
c[?7l[2J[    0.000000] Linux version 6.8.0-bb41fe35dce7+ (root@p-adls01) (gcc (GCC) 11.4.1 20231218 (Red Hat 11.4.1-3), GNU ld version 2.35.2-43.el9) #1 SMP PREEMPT_DYNAMIC Tue Apr  2 00:07:05 CST 2024
[    0.000000] Command line: console=ttyS0 root=/dev/sda earlyprintk=serial net.ifnames=0 plymouth.enable=0
[    0.000000] KERNEL supported cpus:
[    0.000000]   Intel GenuineIntel
[    0.000000]   AMD AuthenticAMD
[    0.000000]   Hygon HygonGenuine
[    0.000000]   Centaur CentaurHauls
[    0.000000]   zhaoxin   Shanghai  
[    0.000000] BIOS-provided physical RAM map:
[    0.000000] BIOS-e820: [mem 0x0000000000000000-0x000000000009fbff] usable
[    0.000000] BIOS-e820: [mem 0x000000000009fc00-0x000000000009ffff] reserved
[    0.000000] BIOS-e820: [mem 0x00000000000f0000-0x00000000000fffff] reserved
[    0.000000] BIOS-e820: [mem 0x0000000000100000-0x000000007ffdffff] usable
[    0.000000] BIOS-e820: [mem 0x000000007ffe0000-0x000000007fffffff] reserved
[    0.000000] BIOS-e820: [mem 0x00000000feffc000-0x00000000feffffff] reserved
[    0.000000] BIOS-e820: [mem 0x00000000fffc0000-0x00000000ffffffff] reserved
[    0.000000] printk: legacy bootconsole [earlyser0] enabled
[    0.000000] NX (Execute Disable) protection: active
[    0.000000] APIC: Static calls initialized
[    0.000000] SMBIOS 2.8 present.
[    0.000000] DMI: QEMU Standard PC (i440FX + PIIX, 1996), BIOS rel-1.16.0-0-gd239552ce722-prebuilt.qemu.org 04/01/2014
[    0.000000] Hypervisor detected: KVM
[    0.000000] kvm-clock: Using msrs 4b564d01 and 4b564d00
[    0.000002] kvm-clock: using sched offset of 654503032 cycles
[    0.000371] clocksource: kvm-clock: mask: 0xffffffffffffffff max_cycles: 0x1cd42e4dffb, max_idle_ns: 881590591483 ns
[    0.001516] tsc: Detected 3609.600 MHz processor
[    0.008225] last_pfn = 0x7ffe0 max_arch_pfn = 0x400000000
[    0.008667] MTRR map: 4 entries (3 fixed + 1 variable; max 19), built from 8 variable MTRRs
[    0.009248] x86/PAT: Configuration [0-7]: WB  WC  UC- UC  WB  WP  UC- WT  
[    0.018536] found SMP MP-table at [mem 0x000f5ba0-0x000f5baf]
[    0.019017] Using GB pages for direct mapping
[    0.021120] ACPI: Early table checksum verification disabled
[    0.021528] ACPI: RSDP 0x00000000000F59C0 000014 (v00 BOCHS )
[    0.021949] ACPI: RSDT 0x000000007FFE1951 000034 (v01 BOCHS  BXPC     00000001 BXPC 00000001)
[    0.022565] ACPI: FACP 0x000000007FFE17FD 000074 (v01 BOCHS  BXPC     00000001 BXPC 00000001)
[    0.023187] ACPI: DSDT 0x000000007FFE0040 0017BD (v01 BOCHS  BXPC     00000001 BXPC 00000001)
[    0.023800] ACPI: FACS 0x000000007FFE0000 000040
[    0.024140] ACPI: APIC 0x000000007FFE1871 000080 (v01 BOCHS  BXPC     00000001 BXPC 00000001)
[    0.024759] ACPI: HPET 0x000000007FFE18F1 000038 (v01 BOCHS  BXPC     00000001 BXPC 00000001)
[    0.025371] ACPI: WAET 0x000000007FFE1929 000028 (v01 BOCHS  BXPC     00000001 BXPC 00000001)
[    0.025979] ACPI: Reserving FACP table memory at [mem 0x7ffe17fd-0x7ffe1870]
[    0.026510] ACPI: Reserving DSDT table memory at [mem 0x7ffe0040-0x7ffe17fc]
[    0.027039] ACPI: Reserving FACS table memory at [mem 0x7ffe0000-0x7ffe003f]
[    0.027572] ACPI: Reserving APIC table memory at [mem 0x7ffe1871-0x7ffe18f0]
[    0.028087] ACPI: Reserving HPET table memory at [mem 0x7ffe18f1-0x7ffe1928]
[    0.028603] ACPI: Reserving WAET table memory at [mem 0x7ffe1929-0x7ffe1950]
[    0.029602] No NUMA configuration found
[    0.029885] Faking a node at [mem 0x0000000000000000-0x000000007ffdffff]
[    0.030389] NODE_DATA(0) allocated [mem 0x7ffb4e00-0x7ffdfdff]
[    0.032234] Zone ranges:
[    0.032424]   DMA      [mem 0x0000000000001000-0x0000000000ffffff]
[    0.032869]   DMA32    [mem 0x0000000001000000-0x000000007ffdffff]
[    0.033313]   Normal   empty
[    0.033522]   Device   empty
[    0.033733] Movable zone start for each node
[    0.034042] Early memory node ranges
[    0.034299]   node   0: [mem 0x0000000000001000-0x000000000009efff]
[    0.034748]   node   0: [mem 0x0000000000100000-0x000000007ffdffff]
[    0.035197] Initmem setup node 0 [mem 0x0000000000001000-0x000000007ffdffff]
[    0.036167] On node 0, zone DMA: 1 pages in unavailable ranges
[    0.036920] On node 0, zone DMA: 97 pages in unavailable ranges
[    0.083860] On node 0, zone DMA32: 32 pages in unavailable ranges
[    0.293786] kasan: KernelAddressSanitizer initialized
[    0.294430] ACPI: PM-Timer IO Port: 0x608
[    0.294765] ACPI: LAPIC_NMI (acpi_id[0xff] dfl dfl lint[0x1])
[    0.295264] IOAPIC[0]: apic_id 0, version 17, address 0xfec00000, GSI 0-23
[    0.295780] ACPI: INT_SRC_OVR (bus 0 bus_irq 0 global_irq 2 dfl dfl)
[    0.296237] ACPI: INT_SRC_OVR (bus 0 bus_irq 5 global_irq 5 high level)
[    0.296715] ACPI: INT_SRC_OVR (bus 0 bus_irq 9 global_irq 9 high level)
[    0.297190] ACPI: INT_SRC_OVR (bus 0 bus_irq 10 global_irq 10 high level)
[    0.297678] ACPI: INT_SRC_OVR (bus 0 bus_irq 11 global_irq 11 high level)
[    0.298178] ACPI: Using ACPI (MADT) for SMP configuration information
[    0.298638] ACPI: HPET id: 0x8086a201 base: 0xfed00000
[    0.299023] TSC deadline timer available
[    0.299310] CPU topo: Max. logical packages:   1
[    0.299643] CPU topo: Max. logical dies:       1
[    0.299974] CPU topo: Max. dies per package:   1
[    0.300307] CPU topo: Max. threads per core:   1
[    0.300641] CPU topo: Num. cores per package:     2
[    0.300991] CPU topo: Num. threads per package:   2
[    0.301339] CPU topo: Allowing 2 present CPUs plus 0 hotplug CPUs
[    0.301848] kvm-guest: APIC: eoi() replaced with kvm_guest_apic_eoi_write()
[    0.302553] kvm-guest: KVM setup pv remote TLB flush
[    0.302972] kvm-guest: setup PV sched yield
[    0.303679] PM: hibernation: Registered nosave memory: [mem 0x00000000-0x00000fff]
[    0.304496] PM: hibernation: Registered nosave memory: [mem 0x0009f000-0x0009ffff]
[    0.305098] PM: hibernation: Registered nosave memory: [mem 0x000a0000-0x000effff]
[    0.305894] PM: hibernation: Registered nosave memory: [mem 0x000f0000-0x000fffff]
[    0.306832] [mem 0x80000000-0xfeffbfff] available for PCI devices
[    0.307555] Booting paravirtualized kernel on KVM
[    0.308092] clocksource: refined-jiffies: mask: 0xffffffff max_cycles: 0xffffffff, max_idle_ns: 7645519600211568 ns
[    0.309293] setup_percpu: NR_CPUS:8192 nr_cpumask_bits:2 nr_cpu_ids:2 nr_node_ids:1
[    0.311168] percpu: Embedded 84 pages/cpu s307200 r8192 d28672 u1048576
[    0.311777] kvm-guest: PV spinlocks enabled
[    0.312090] PV qspinlock hash table entries: 256 (order: 0, 4096 bytes, linear)
[    0.312630] Kernel command line: net.ifnames=0 console=ttyS0 root=/dev/sda earlyprintk=serial net.ifnames=0 plymouth.enable=0
[    0.313804] random: crng init done
[    0.314892] Dentry cache hash table entries: 262144 (order: 9, 2097152 bytes, linear)
[    0.316124] Inode-cache hash table entries: 131072 (order: 8, 1048576 bytes, linear)
[    0.316893] Fallback order for Node 0: 0 
[    0.316905] Built 1 zonelists, mobility grouping on.  Total pages: 515808
[    0.317643] Policy zone: DMA32
[    0.317854] mem auto-init: stack:off, heap alloc:off, heap free:off
[    0.318284] stackdepot: allocating hash table via alloc_large_system_hash
[    0.318751] stackdepot hash table entries: 1048576 (order: 12, 16777216 bytes, linear)
[    0.379926] Memory: 1616716K/2096632K available (75776K kernel code, 14269K rwdata, 16908K rodata, 15096K init, 21540K bss, 479660K reserved, 0K cma-reserved)
[    0.382286] SLUB: HWalign=64, Order=0-3, MinObjects=0, CPUs=2, Nodes=1
[    0.382735] kmemleak: Kernel memory leak detector disabled
[    0.383287] ftrace: allocating 71090 entries in 278 pages
[    0.403671] ftrace: allocated 278 pages with 4 groups
[    0.407467] Dynamic Preempt: voluntary
[    0.408373] Running RCU self tests
[    0.408622] Running RCU synchronous self tests
[    0.408942] rcu: Preemptible hierarchical RCU implementation.
[    0.409339] rcu: 	RCU lockdep checking is enabled.
[    0.409670] rcu: 	RCU restricting CPUs from NR_CPUS=8192 to nr_cpu_ids=2.
[    0.410138] 	Trampoline variant of Tasks RCU enabled.
[    0.410486] 	Rude variant of Tasks RCU enabled.
[    0.410799] 	Tracing variant of Tasks RCU enabled.
[    0.411130] rcu: RCU calculated value of scheduler-enlistment delay is 25 jiffies.
[    0.411651] rcu: Adjusting geometry for rcu_fanout_leaf=16, nr_cpu_ids=2
[    0.412162] Running RCU synchronous self tests
[    0.412475] RCU Tasks: Setting shift to 1 and lim to 1 rcu_task_cb_adjust=1.
[    0.412966] RCU Tasks Rude: Setting shift to 1 and lim to 1 rcu_task_cb_adjust=1.
[    0.413485] RCU Tasks Trace: Setting shift to 1 and lim to 1 rcu_task_cb_adjust=1.
[    0.453939] NR_IRQS: 524544, nr_irqs: 440, preallocated irqs: 16
[    0.455010] rcu: srcu_init: Setting srcu_struct sizes based on contention.
[    0.462054] Console: colour VGA+ 80x25
[    0.462383] printk: legacy console [ttyS0] enabled
[    0.462383] printk: legacy console [ttyS0] enabled
[    0.463049] printk: legacy bootconsole [earlyser0] disabled
[    0.463049] printk: legacy bootconsole [earlyser0] disabled
[    0.463831] Lock dependency validator: Copyright (c) 2006 Red Hat, Inc., Ingo Molnar
[    0.464362] ... MAX_LOCKDEP_SUBCLASSES:  8
[    0.464653] ... MAX_LOCK_DEPTH:          48
[    0.464946] ... MAX_LOCKDEP_KEYS:        8192
[    0.465251] ... CLASSHASH_SIZE:          4096
[    0.465555] ... MAX_LOCKDEP_ENTRIES:     32768
[    0.465865] ... MAX_LOCKDEP_CHAINS:      65536
[    0.466174] ... CHAINHASH_SIZE:          32768
[    0.466484]  memory used by lock dependency info: 6429 kB
[    0.466858]  memory used for stack traces: 4224 kB
[    0.467191]  per task-struct memory footprint: 1920 bytes
[    0.467671] ACPI: Core revision 20230628
[    0.468487] clocksource: hpet: mask: 0xffffffff max_cycles: 0xffffffff, max_idle_ns: 19112604467 ns
[    0.469332] APIC: Switch to symmetric I/O mode setup
[    0.469822] x2apic enabled
[    0.470365] APIC: Switched APIC routing to: physical x2apic
[    0.470757] kvm-guest: APIC: send_IPI_mask() replaced with kvm_send_ipi_mask()
[    0.471263] kvm-guest: APIC: send_IPI_mask_allbutself() replaced with kvm_send_ipi_mask_allbutself()
[    0.471890] kvm-guest: setup PV IPIs
[    0.473259] ..TIMER: vector=0x30 apic1=0 pin1=2 apic2=-1 pin2=-1
[    0.473699] clocksource: tsc-early: mask: 0xffffffffffffffff max_cycles: 0x3407c077a8d, max_idle_ns: 440795342283 ns
[    0.474441] Calibrating delay loop (skipped) preset value.. 7219.20 BogoMIPS (lpj=14438400)
[    0.475109] x86/cpu: User Mode Instruction Prevention (UMIP) activated
[    0.475656] Last level iTLB entries: 4KB 0, 2MB 0, 4MB 0
[    0.476026] Last level dTLB entries: 4KB 0, 2MB 0, 4MB 0, 1GB 0
[    0.476455] Spectre V1 : Mitigation: usercopy/swapgs barriers and __user pointer sanitization
[    0.477040] Spectre V2 : WARNING: Unprivileged eBPF is enabled with eIBRS on, data leaks possible via Spectre v2 BHB attacks!
[    0.478471] Spectre V2 : Mitigation: Enhanced / Automatic IBRS
[    0.478868] Spectre V2 : Spectre v2 / SpectreRSB mitigation: Filling RSB on context switch
[    0.479414] Spectre V2 : Spectre v2 / PBRSB-eIBRS: Retire a single CALL on VMEXIT
[    0.479919] Spectre V2 : mitigation: Enabling conditional Indirect Branch Prediction Barrier
[    0.480477] Speculative Store Bypass: Mitigation: Speculative Store Bypass disabled via prctl
[    0.481047] Register File Data Sampling: Vulnerable: No microcode
[    0.481485] x86/fpu: Supporting XSAVE feature 0x001: 'x87 floating point registers'
[    0.482427] x86/fpu: Supporting XSAVE feature 0x002: 'SSE registers'
[    0.482871] x86/fpu: Supporting XSAVE feature 0x004: 'AVX registers'
[    0.483314] x86/fpu: Supporting XSAVE feature 0x200: 'Protection Keys User registers'
[    0.483860] x86/fpu: xstate_offset[2]:  576, xstate_sizes[2]:  256
[    0.484297] x86/fpu: xstate_offset[9]:  832, xstate_sizes[9]:    8
[    0.484728] x86/fpu: Enabled xstate features 0x207, context size is 840 bytes, using 'compacted' format.
[    0.593616] Freeing SMP alternatives memory: 56K
[    0.593978] pid_max: default: 32768 minimum: 301
[    0.594579] LSM: initializing lsm=capability,yama,ima,evm
[    0.595008] Yama: becoming mindful.
[    0.595637] Mount-cache hash table entries: 4096 (order: 3, 32768 bytes, linear)
[    0.596158] Mountpoint-cache hash table entries: 4096 (order: 3, 32768 bytes, linear)
[    0.598559] Running RCU synchronous self tests
[    0.598883] Running RCU synchronous self tests
[    0.599550] smpboot: CPU0: 12th Gen Intel(R) Core(TM) i7-12700K (family: 0x6, model: 0x97, stepping: 0x2)
[    0.601088] Running RCU Tasks wait API self tests
[    0.601530] Running RCU Tasks Rude wait API self tests
[    0.601978] Running RCU Tasks Trace wait API self tests
[    0.602399] Performance Events: unsupported p6 CPU model 151 no PMU driver, software events only.
[    0.602424] signal: max sigframe size: 3632
[    0.602535] rcu: Hierarchical SRCU implementation.
[    0.602873] rcu: 	Max phase no-delay instances is 1000.
[    0.606519] Callback from call_rcu_tasks_trace() invoked.
[    0.607452] NMI watchdog: Perf NMI watchdog permanently disabled
[    0.608111] smp: Bringing up secondary CPUs ...
[    0.609284] smpboot: x86: Booting SMP configuration:
[    0.609650] .... node  #0, CPUs:      #1
[    0.610537] smp: Brought up 1 node, 2 CPUs
[    0.611116] smpboot: Total of 2 processors activated (14438.40 BogoMIPS)
[    0.613202] devtmpfs: initialized
[    0.614837] x86/mm: Memory block size: 128MB
[    0.624025] Running RCU synchronous self tests
[    0.624025] Running RCU synchronous self tests
[    0.624025] clocksource: jiffies: mask: 0xffffffff max_cycles: 0xffffffff, max_idle_ns: 7645041785100000 ns
[    0.624485] futex hash table entries: 512 (order: 4, 65536 bytes, linear)
[    0.626993] pinctrl core: initialized pinctrl subsystem
[    0.628302] 
[    0.628426] *************************************************************
[    0.628903] **     NOTICE NOTICE NOTICE NOTICE NOTICE NOTICE NOTICE    **
[    0.629369] **                                                         **
[    0.629835] **  IOMMU DebugFS SUPPORT HAS BEEN ENABLED IN THIS KERNEL  **
[    0.630303] **                                                         **
[    0.630437] ** This means that this kernel is built to expose internal **
[    0.630896] ** IOMMU data structures, which may compromise security on **
[    0.631354] ** your system.                                            **
[    0.631815] **                                                         **
[    0.632273] ** If you see this message and you are not debugging the   **
[    0.632730] ** kernel, report this immediately to your vendor!         **
[    0.633189] **                                                         **
[    0.633646] **     NOTICE NOTICE NOTICE NOTICE NOTICE NOTICE NOTICE    **
[    0.634104] *************************************************************
[    0.634489] PM: RTC time: 16:10:17, date: 2024-04-01
[    0.638403] NET: Registered PF_NETLINK/PF_ROUTE protocol family
[    0.639873] DMA: preallocated 256 KiB GFP_KERNEL pool for atomic allocations
[    0.640408] DMA: preallocated 256 KiB GFP_KERNEL|GFP_DMA pool for atomic allocations
[    0.640979] DMA: preallocated 256 KiB GFP_KERNEL|GFP_DMA32 pool for atomic allocations
[    0.641666] audit: initializing netlink subsys (disabled)
[    0.642102] audit: type=2000 audit(1711987818.249:1): state=initialized audit_enabled=0 res=1
[    0.644358] thermal_sys: Registered thermal governor 'fair_share'
[    0.644364] thermal_sys: Registered thermal governor 'bang_bang'
[    0.644812] thermal_sys: Registered thermal governor 'step_wise'
[    0.645239] thermal_sys: Registered thermal governor 'user_space'
[    0.645740] cpuidle: using governor ladder
[    0.646454] cpuidle: using governor menu
[    0.647090] acpiphp: ACPI Hot Plug PCI Controller Driver version: 0.5
[    0.648431] PCI: Using configuration type 1 for base access
[    0.649288] kprobes: kprobe jump-optimization is enabled. All kprobes are optimized if possible.
[    0.746726] HugeTLB: registered 1.00 GiB page size, pre-allocated 0 pages
[    0.747214] HugeTLB: 16380 KiB vmemmap can be freed for a 1.00 GiB page
[    0.750502] HugeTLB: registered 2.00 MiB page size, pre-allocated 0 pages
[    0.750502] HugeTLB: 28 KiB vmemmap can be freed for a 2.00 MiB page
[    0.750506] Callback from call_rcu_tasks_rude() invoked.
[    0.750506] Demotion targets for Node 0: null
[    0.754427] ACPI: Added _OSI(Module Device)
[    0.754427] ACPI: Added _OSI(Processor Device)
[    0.754427] ACPI: Added _OSI(3.0 _SCP Extensions)
[    0.754432] ACPI: Added _OSI(Processor Aggregator Device)
[    0.781314] ACPI: 1 ACPI AML tables successfully acquired and loaded
[    0.792295] ACPI: _OSC evaluation for CPUs failed, trying _PDC
[    0.793087] ACPI: Interpreter enabled
[    0.793509] ACPI: PM: (supports S0 S3 S4 S5)
[    0.793802] ACPI: Using IOAPIC for interrupt routing
[    0.794253] PCI: Using host bridge windows from ACPI; if necessary, use "pci=nocrs" and report a bug
[    0.794429] PCI: Using E820 reservations for host bridge windows
[    0.796568] ACPI: Enabled 2 GPEs in block 00 to 0F
[    0.871614] ACPI: PCI Root Bridge [PCI0] (domain 0000 [bus 00-ff])
[    0.872107] acpi PNP0A03:00: _OSC: OS supports [ASPM ClockPM Segments MSI EDR HPX-Type3]
[    0.872655] acpi PNP0A03:00: _OSC: not requesting OS control; OS requires [ExtendedConfig ASPM ClockPM MSI]
[    0.873570] acpi PNP0A03:00: fail to add MMCONFIG information, can't access extended configuration space under this bridge
[    0.881441] acpiphp: Slot [3] registered
[    0.881941] acpiphp: Slot [4] registered
[    0.882442] acpiphp: Slot [5] registered
[    0.882924] acpiphp: Slot [6] registered
[    0.883410] acpiphp: Slot [7] registered
[    0.883889] acpiphp: Slot [8] registered
[    0.884388] acpiphp: Slot [9] registered
[    0.884862] acpiphp: Slot [10] registered
[    0.885345] acpiphp: Slot [11] registered
[    0.885831] acpiphp: Slot [12] registered
[    0.886330] acpiphp: Slot [13] registered
[    0.890646] acpiphp: Slot [14] registered
[    0.891127] acpiphp: Slot [15] registered
[    0.891615] acpiphp: Slot [16] registered
[    0.892113] acpiphp: Slot [17] registered
[    0.892592] acpiphp: Slot [18] registered
[    0.893073] acpiphp: Slot [19] registered
[    0.893560] acpiphp: Slot [20] registered
[    0.894072] acpiphp: Slot [21] registered
[    0.894561] acpiphp: Slot [22] registered
[    0.895048] acpiphp: Slot [23] registered
[    0.895530] acpiphp: Slot [24] registered
[    0.896041] acpiphp: Slot [25] registered
[    0.896523] acpiphp: Slot [26] registered
[    0.897006] acpiphp: Slot [27] registered
[    0.897486] acpiphp: Slot [28] registered
[    0.897988] acpiphp: Slot [29] registered
[    0.898473] acpiphp: Slot [30] registered
[    0.898958] acpiphp: Slot [31] registered
[    0.899352] PCI host bridge to bus 0000:00
[    0.899640] pci_bus 0000:00: root bus resource [io  0x0000-0x0cf7 window]
[    0.900105] pci_bus 0000:00: root bus resource [io  0x0d00-0xffff window]
[    0.900567] pci_bus 0000:00: root bus resource [mem 0x000a0000-0x000bffff window]
[    0.901076] pci_bus 0000:00: root bus resource [mem 0x80000000-0xfebfffff window]
[    0.901585] pci_bus 0000:00: root bus resource [mem 0x100000000-0x17fffffff window]
[    0.902107] pci_bus 0000:00: root bus resource [bus 00-ff]
[    0.902656] pci 0000:00:00.0: [8086:1237] type 00 class 0x060000 conventional PCI endpoint
[    0.921015] pci 0000:00:01.0: [8086:7000] type 00 class 0x060100 conventional PCI endpoint
[    0.923627] pci 0000:00:01.1: [8086:7010] type 00 class 0x010180 conventional PCI endpoint
[    0.925436] pci 0000:00:01.1: BAR 4 [io  0xc040-0xc04f]
[    0.926275] pci 0000:00:01.1: BAR 0 [io  0x01f0-0x01f7]: legacy IDE quirk
[    0.926431] pci 0000:00:01.1: BAR 1 [io  0x03f6]: legacy IDE quirk
[    0.926847] pci 0000:00:01.1: BAR 2 [io  0x0170-0x0177]: legacy IDE quirk
[    0.927302] pci 0000:00:01.1: BAR 3 [io  0x0376]: legacy IDE quirk
[    0.928288] pci 0000:00:01.3: [8086:7113] type 00 class 0x068000 conventional PCI endpoint
[    0.929155] pci 0000:00:01.3: quirk: [io  0x0600-0x063f] claimed by PIIX4 ACPI
[    0.929647] pci 0000:00:01.3: quirk: [io  0x0700-0x070f] claimed by PIIX4 SMB
[    0.930677] pci 0000:00:02.0: [1234:1111] type 00 class 0x030000 conventional PCI endpoint
[    0.938804] pci 0000:00:02.0: BAR 0 [mem 0xfd000000-0xfdffffff pref]
[    0.941366] pci 0000:00:02.0: BAR 2 [mem 0xfebf0000-0xfebf0fff]
[    0.945742] pci 0000:00:02.0: ROM [mem 0xfebe0000-0xfebeffff pref]
[    0.946579] pci 0000:00:02.0: Video device with shadowed ROM at [mem 0x000c0000-0x000dffff]
[    0.965843] pci 0000:00:03.0: [8086:100e] type 00 class 0x020000 conventional PCI endpoint
[    0.967112] pci 0000:00:03.0: BAR 0 [mem 0xfebc0000-0xfebdffff]
[    0.968011] pci 0000:00:03.0: BAR 1 [io  0xc000-0xc03f]
[    0.970708] pci 0000:00:03.0: ROM [mem 0xfeb80000-0xfebbffff pref]
[    0.999648] ACPI: PCI: Interrupt link LNKA configured for IRQ 10
[    1.001800] ACPI: PCI: Interrupt link LNKB configured for IRQ 10
[    1.003876] ACPI: PCI: Interrupt link LNKC configured for IRQ 11
[    1.005930] ACPI: PCI: Interrupt link LNKD configured for IRQ 11
[    1.006998] ACPI: PCI: Interrupt link LNKS configured for IRQ 9
[    1.014424] iommu: Default domain type: Translated
[    1.014424] iommu: DMA domain TLB invalidation policy: lazy mode
[    1.016312] SCSI subsystem initialized
[    1.018424] ACPI: bus type USB registered
[    1.018424] usbcore: registered new interface driver usbfs
[    1.018424] usbcore: registered new interface driver hub
[    1.018503] usbcore: registered new device driver usb
[    1.019225] pps_core: LinuxPPS API ver. 1 registered
[    1.019577] pps_core: Software ver. 5.3.6 - Copyright 2005-2007 Rodolfo Giometti <giometti@linux.it>
[    1.020250] PTP clock support registered
[    1.022424] EDAC MC: Ver: 3.0.0
[    1.026435] NetLabel: Initializing
[    1.026435] NetLabel:  domain hash size = 128
[    1.026435] NetLabel:  protocols = UNLABELED CIPSOv4 CALIPSO
[    1.026576] NetLabel:  unlabeled traffic allowed by default
[    1.027779] PCI: Using ACPI for IRQ routing
[    1.028490] pci 0000:00:02.0: vgaarb: setting as boot VGA device
[    1.028937] pci 0000:00:02.0: vgaarb: bridge control possible
[    1.029342] pci 0000:00:02.0: vgaarb: VGA device added: decodes=io+mem,owns=io+mem,locks=none
[    1.029939] vgaarb: loaded
[    1.030940] hpet0: at MMIO 0xfed00000, IRQs 2, 8, 0
[    1.031312] hpet0: 3 comparators, 64-bit 100.000000 MHz counter
[    1.043198] clocksource: Switched to clocksource kvm-clock
[    1.051405] VFS: Disk quotas dquot_6.6.0
[    1.051772] VFS: Dquot-cache hash table entries: 512 (order 0, 4096 bytes)
[    1.052996] pnp: PnP ACPI init
[    1.058759] pnp: PnP ACPI: found 6 devices
[    1.080653] clocksource: acpi_pm: mask: 0xffffff max_cycles: 0xffffff, max_idle_ns: 2085701024 ns
[    1.081908] NET: Registered PF_INET protocol family
[    1.082540] IP idents hash table entries: 32768 (order: 6, 262144 bytes, linear)
[    1.084542] tcp_listen_portaddr_hash hash table entries: 1024 (order: 4, 73728 bytes, linear)
[    1.085198] Table-perturb hash table entries: 65536 (order: 6, 262144 bytes, linear)
[    1.085800] TCP established hash table entries: 16384 (order: 5, 131072 bytes, linear)
[    1.086730] TCP bind hash table entries: 16384 (order: 9, 2359296 bytes, linear)
[    1.089115] TCP: Hash tables configured (established 16384 bind 16384)
[    1.089963] UDP hash table entries: 1024 (order: 5, 163840 bytes, linear)
[    1.090568] UDP-Lite hash table entries: 1024 (order: 5, 163840 bytes, linear)
[    1.091541] NET: Registered PF_UNIX/PF_LOCAL protocol family
[    1.093186] RPC: Registered named UNIX socket transport module.
[    1.093629] RPC: Registered udp transport module.
[    1.093963] RPC: Registered tcp transport module.
[    1.094295] RPC: Registered tcp-with-tls transport module.
[    1.094682] RPC: Registered tcp NFSv4.1 backchannel transport module.
[    1.095214] pci_bus 0000:00: resource 4 [io  0x0000-0x0cf7 window]
[    1.095646] pci_bus 0000:00: resource 5 [io  0x0d00-0xffff window]
[    1.096073] pci_bus 0000:00: resource 6 [mem 0x000a0000-0x000bffff window]
[    1.096544] pci_bus 0000:00: resource 7 [mem 0x80000000-0xfebfffff window]
[    1.097020] pci_bus 0000:00: resource 8 [mem 0x100000000-0x17fffffff window]
[    1.097964] pci 0000:00:01.0: PIIX3: Enabling Passive Release
[    1.098372] pci 0000:00:00.0: Limiting direct PCI/PCI transfers
[    1.098857] PCI: CLS 0 bytes, default 64
[    1.099874] ACPI: bus type thunderbolt registered
[    1.100601] clocksource: tsc: mask: 0xffffffffffffffff max_cycles: 0x3407c077a8d, max_idle_ns: 440795342283 ns
[    2.530763] Initialise system trusted keyrings
[    2.531338] Key type blacklist registered
[    2.531652] Callback from call_rcu_tasks() invoked.
[    2.531923] workingset: timestamp_bits=36 max_order=19 bucket_order=0
[    2.532550] zbud: loaded
[    2.535274] squashfs: version 4.0 (2009/01/31) Phillip Lougher
[    2.537493] NFS: Registering the id_resolver key type
[    2.537880] Key type id_resolver registered
[    2.538176] Key type id_legacy registered
[    2.538530] nfs4filelayout_init: NFSv4 File Layout Driver Registering...
[    2.539068] nfs4flexfilelayout_init: NFSv4 Flexfile Layout Driver Registering...
[    2.539972] fuse: init (API version 7.40)
[    2.540963] SGI XFS with ACLs, security attributes, realtime, quota, no debug enabled
[    2.542893] 9p: Installing v9fs 9p2000 file system support
[    2.554920] Key type asymmetric registered
[    2.555296] Asymmetric key parser 'x509' registered
[    2.555806] Block layer SCSI generic (bsg) driver version 0.4 loaded (major 243)
[    2.556572] io scheduler mq-deadline registered
[    2.556988] io scheduler bfq registered
[    2.558788] shpchp: Standard Hot Plug PCI Controller Driver version: 0.4
[    2.560371] IPMI message handler: version 39.2
[    2.560785] ipmi device interface
[    2.563169] input: Power Button as /devices/LNXSYSTM:00/LNXPWRBN:00/input/input0
[    2.564382] ACPI: button: Power Button [PWRF]
[    2.566416] ERST DBG: ERST support is disabled.
[    2.568163] Serial: 8250/16550 driver, 32 ports, IRQ sharing enabled
[    2.570290] 00:04: ttyS0 at I/O 0x3f8 (irq = 4, base_baud = 115200) is a 16550A
[    2.605346] Linux agpgart interface v0.103
[    2.607966] ACPI: bus type drm_connector registered
[    2.634490] brd: module loaded
[    2.654353] loop: module loaded
[    2.665778] scsi host0: ata_piix
[    2.667460] scsi host1: ata_piix
[    2.668275] ata1: PATA max MWDMA2 cmd 0x1f0 ctl 0x3f6 bmdma 0xc040 irq 14 lpm-pol 0
[    2.668807] ata2: PATA max MWDMA2 cmd 0x170 ctl 0x376 bmdma 0xc048 irq 15 lpm-pol 0
[    2.672457] tun: Universal TUN/TAP device driver, 1.6
[    2.673402] e100: Intel(R) PRO/100 Network Driver
[    2.673747] e100: Copyright(c) 1999-2006 Intel Corporation
[    2.674203] e1000: Intel(R) PRO/1000 Network Driver
[    2.674544] e1000: Copyright (c) 1999-2006 Intel Corporation.
[    2.827232] ata2: found unknown device (class 0)
[    2.828160] ata1: found unknown device (class 0)
[    2.829308] ata1.00: ATA-7: QEMU HARDDISK, 2.5+, max UDMA/100
[    2.829731] ata1.00: 17196647 sectors, multi 16: LBA48 
[    2.830484] ata2.00: ATAPI: QEMU DVD-ROM, 2.5+, max UDMA/100
[    2.833128] scsi 0:0:0:0: Direct-Access     ATA      QEMU HARDDISK    2.5+ PQ: 0 ANSI: 5
[    2.836455] sd 0:0:0:0: Attached scsi generic sg0 type 0
[    2.837198] sd 0:0:0:0: [sda] 17196647 512-byte logical blocks: (8.80 GB/8.20 GiB)
[    2.838019] sd 0:0:0:0: [sda] Write Protect is off
[    2.838463] sd 0:0:0:0: [sda] Write cache: enabled, read cache: enabled, doesn't support DPO or FUA
[    2.838538] scsi 1:0:0:0: CD-ROM            QEMU     QEMU DVD-ROM     2.5+ PQ: 0 ANSI: 5
[    2.839213] sd 0:0:0:0: [sda] Preferred minimum I/O size 512 bytes
[    2.845148] sd 0:0:0:0: [sda] Attached SCSI disk
[    2.864476] scsi 1:0:0:0: Attached scsi generic sg1 type 5
[    4.327154] ACPI: \_SB_.LNKC: Enabled at IRQ 11
[    4.651354] e1000 0000:00:03.0 eth0: (PCI:33MHz:32-bit) 52:54:00:12:34:56
[    4.651880] e1000 0000:00:03.0 eth0: Intel(R) PRO/1000 Network Connection
[    4.652517] e1000e: Intel(R) PRO/1000 Network Driver
[    4.652888] e1000e: Copyright(c) 1999 - 2015 Intel Corporation.
[    4.653457] igb: Intel(R) Gigabit Ethernet Network Driver
[    4.653841] igb: Copyright (c) 2007-2014 Intel Corporation.
[    4.654480] PPP generic driver version 2.4.2
[    4.656155] VFIO - User Level meta-driver version: 0.3
[    4.657670] usbcore: registered new interface driver uas
[    4.658133] usbcore: registered new interface driver usb-storage
[    4.658902] i8042: PNP: PS/2 Controller [PNP0303:KBD,PNP0f13:MOU] at 0x60,0x64 irq 1,12
[    4.660440] serio: i8042 KBD port at 0x60,0x64 irq 1
[    4.660891] serio: i8042 AUX port at 0x60,0x64 irq 12
[    4.662584] mousedev: PS/2 mouse device common for all mice
[    4.664671] rtc_cmos 00:05: RTC can wake from S4
[    4.666812] input: AT Translated Set 2 keyboard as /devices/platform/i8042/serio0/input/input1
[    4.668006] rtc_cmos 00:05: registered as rtc0
[    4.668443] rtc_cmos 00:05: setting system clock to 2024-04-01T16:10:21 UTC (1711987821)
[    4.669253] input: VirtualPS/2 VMware VMMouse as /devices/platform/i8042/serio1/input/input4
[    4.669525] rtc_cmos 00:05: alarms up to one day, y3k, 242 bytes nvram, hpet irqs
[    4.670477] i2c_dev: i2c /dev entries driver
[    4.670979] device-mapper: core: CONFIG_IMA_DISABLE_HTABLE is disabled. Duplicate IMA measurements will not be recorded in the IMA log.
[    4.671133] input: VirtualPS/2 VMware VMMouse as /devices/platform/i8042/serio1/input/input3
[    4.671854] device-mapper: uevent: version 1.0.3
[    4.673215] device-mapper: ioctl: 4.48.0-ioctl (2023-03-01) initialised: dm-devel@lists.linux.dev
[    4.673852] intel_pstate: CPU model not supported
[    4.674442] sdhci: Secure Digital Host Controller Interface driver
[    4.674871] sdhci: Copyright(c) Pierre Ossman
[    4.675366] sdhci-pltfm: SDHCI platform and OF driver helper
[    4.675934] ledtrig-cpu: registered to indicate activity on CPUs
[    4.677047] drop_monitor: Initializing network drop monitor service
[    4.677913] NET: Registered PF_INET6 protocol family
[    4.682076] Segment Routing with IPv6
[    4.682444] In-situ OAM (IOAM) with IPv6
[    4.682834] NET: Registered PF_PACKET protocol family
[    4.683473] 9pnet: Installing 9P2000 support
[    4.683917] Key type dns_resolver registered
[    4.685895] IPI shorthand broadcast: enabled
[    4.733483] sched_clock: Marking stable (4716006974, 14937674)->(4734503561, -3558913)
[    4.734822] Timer migration: 1 hierarchy levels; 8 children per group; 1 crossnode level
[    4.735698] registered taskstats version 1
[    4.736574] Loading compiled-in X.509 certificates
[    4.786811] Key type .fscrypt registered
[    4.787147] Key type fscrypt-provisioning registered
[    4.790384] Key type encrypted registered
[    4.790756] ima: No TPM chip found, activating TPM-bypass!
[    4.791179] ima: Allocated hash algorithm: sha1
[    4.791587] ima: No architecture policies found
[    4.792070] evm: Initialising EVM extended attributes:
[    4.792425] evm: security.selinux
[    4.792661] evm: security.SMACK64
[    4.792904] evm: security.SMACK64EXEC
[    4.793163] evm: security.SMACK64TRANSMUTE
[    4.793450] evm: security.SMACK64MMAP
[    4.793709] evm: security.apparmor
[    4.793950] evm: security.ima
[    4.794162] evm: security.capability
[    4.794415] evm: HMAC attrs: 0x1
[    4.798260] PM:   Magic number: 4:375:185
[    4.799604] RAS: Correctable Errors collector initialized.
[    4.800234] clk: Disabling unused clocks
[    4.800539] PM: genpd: Disabling unused power domains
[    4.801642] md: Waiting for all devices to be available before autodetect
[    4.802074] md: If you don't use raid, use raid=noautodetect
[    4.802350] md: Autodetecting RAID arrays.
[    4.802565] md: autorun ...
[    4.802707] md: ... autorun DONE.
[    4.823140] EXT4-fs (sda): mounted filesystem 088740a9-c8b4-422c-999d-a804eb68a4da ro with ordered data mode. Quota mode: none.
[    4.823816] VFS: Mounted root (ext4 filesystem) readonly on device 8:0.
[    4.826657] devtmpfs: mounted
[    4.846758] Freeing unused decrypted memory: 2028K
[    4.853643] Freeing unused kernel image (initmem) memory: 15096K
[    4.853973] Write protecting the kernel read-only data: 94208k
[    4.856240] Freeing unused kernel image (rodata/data gap) memory: 1524K
[    4.915634] x86/mm: Checked W+X mappings: passed, no W+X pages found.
[    4.916013] Run /sbin/init as init process
[    5.049945] systemd[1]: systemd 252-15.el9 running in system mode (+PAM +AUDIT +SELINUX -APPARMOR +IMA +SMACK +SECCOMP +GCRYPT +GNUTLS +OPENSSL +ACL +BLKID +CURL +ELFUTILS -FIDO2 +IDN2 -IDN -IPTC +KMOD +LIBCRYPTSETUP +LIBFDISK +PCRE2 -PWQUALITY +P11KIT -QRENCODE +TPM2 +BZIP2 +LZ4 +XZ +ZLIB +ZSTD -BPF_FRAMEWORK +XKBCOMMON +UTMP +SYSVINIT default-hierarchy=unified)
[    5.051485] systemd[1]: Detected virtualization kvm.
[    5.051741] systemd[1]: Detected architecture x86-64.

Welcome to [0;31mCentOS Stream 9[0m!

[    5.056289] systemd[1]: Hostname set to <test>.
[    5.300166] systemd-rc-local-generator[123]: /etc/rc.d/rc.local is not marked executable, skipping.
[    5.612682] systemd[1]: Queued start job for default target Multi-User System.
[    5.650386] systemd[1]: Created slice Virtual Machine and Container Slice.
[[0;32m  OK  [0m] Created slice [0;1;39mVirtual Machine and Container Slice[0m.
[    5.655570] systemd[1]: Created slice Slice /system/getty.
[[0;32m  OK  [0m] Created slice [0;1;39mSlice /system/getty[0m.
[    5.658326] systemd[1]: Created slice Slice /system/modprobe.
[[0;32m  OK  [0m] Created slice [0;1;39mSlice /system/modprobe[0m.
[    5.661099] systemd[1]: Created slice Slice /system/serial-getty.
[[0;32m  OK  [0m] Created slice [0;1;39mSlice /system/serial-getty[0m.
[    5.664138] systemd[1]: Created slice Slice /system/sshd-keygen.
[[0;32m  OK  [0m] Created slice [0;1;39mSlice /system/sshd-keygen[0m.
[    5.667136] systemd[1]: Created slice User and Session Slice.
[[0;32m  OK  [0m] Created slice [0;1;39mUser and Session Slice[0m.
[    5.668340] systemd[1]: Started Forward Password Requests to Wall Directory Watch.
[[0;32m  OK  [0m] Started [0;1;39mForward Password R…uests to Wall Directory Watch[0m.
[    5.670509] systemd[1]: Set up automount Arbitrary Executable File Formats File System Automount Point.
[[0;32m  OK  [0m] Set up automount [0;1;39mArbitrary…s File System Automount Point[0m.
[    5.671707] systemd[1]: Reached target Local Integrity Protected Volumes.
[[0;32m  OK  [0m] Reached target [0;1;39mLocal Integrity Protected Volumes[0m.
[    5.672646] systemd[1]: Reached target Slice Units.
[[0;32m  OK  [0m] Reached target [0;1;39mSlice Units[0m.
[    5.673390] systemd[1]: Reached target Swaps.
[[0;32m  OK  [0m] Reached target [0;1;39mSwaps[0m.
[    5.674084] systemd[1]: Reached target Local Verity Protected Volumes.
[[0;32m  OK  [0m] Reached target [0;1;39mLocal Verity Protected Volumes[0m.
[    5.675367] systemd[1]: Listening on Device-mapper event daemon FIFOs.
[[0;32m  OK  [0m] Listening on [0;1;39mDevice-mapper event daemon FIFOs[0m.
[    5.676985] systemd[1]: Listening on LVM2 poll daemon socket.
[[0;32m  OK  [0m] Listening on [0;1;39mLVM2 poll daemon socket[0m.
[    5.677986] systemd[1]: multipathd control socket was skipped because of an unmet condition check (ConditionPathExists=/etc/multipath.conf).
[    5.734272] systemd[1]: Listening on RPCbind Server Activation Socket.
[[0;32m  OK  [0m] Listening on [0;1;39mRPCbind Server Activation Socket[0m.
[    5.735313] systemd[1]: Reached target RPC Port Mapper.
[[0;32m  OK  [0m] Reached target [0;1;39mRPC Port Mapper[0m.
[    5.738453] systemd[1]: Listening on Process Core Dump Socket.
[[0;32m  OK  [0m] Listening on [0;1;39mProcess Core Dump Socket[0m.
[    5.739812] systemd[1]: Listening on initctl Compatibility Named Pipe.
[[0;32m  OK  [0m] Listening on [0;1;39minitctl Compatibility Named Pipe[0m.
[    5.741383] systemd[1]: Listening on Journal Socket (/dev/log).
[[0;32m  OK  [0m] Listening on [0;1;39mJournal Socket (/dev/log)[0m.
[    5.742819] systemd[1]: Listening on Journal Socket.
[[0;32m  OK  [0m] Listening on [0;1;39mJournal Socket[0m.
[    5.744264] systemd[1]: Listening on udev Control Socket.
[[0;32m  OK  [0m] Listening on [0;1;39mudev Control Socket[0m.
[    5.745468] systemd[1]: Listening on udev Kernel Socket.
[[0;32m  OK  [0m] Listening on [0;1;39mudev Kernel Socket[0m.
[    5.753281] systemd[1]: Mounting Huge Pages File System...
         Mounting [0;1;39mHuge Pages File System[0m...
[    5.761927] systemd[1]: Mounting POSIX Message Queue File System...
         Mounting [0;1;39mPOSIX Message Queue File System[0m...
[    5.773170] systemd[1]: Mounting Kernel Debug File System...
         Mounting [0;1;39mKernel Debug File System[0m...
[    5.781324] systemd[1]: Mounting Kernel Trace File System...
         Mounting [0;1;39mKernel Trace File System[0m...
[    5.785052] systemd[1]: Kernel Module supporting RPCSEC_GSS was skipped because of an unmet condition check (ConditionPathExists=/etc/krb5.keytab).
[    5.785756] systemd[1]: Create List of Static Device Nodes was skipped because of an unmet condition check (ConditionFileNotEmpty=/lib/modules/6.8.0-bb41fe35dce7+/modules.devname).
[    5.793317] systemd[1]: Starting Monitoring of LVM2 mirrors, snapshots etc. using dmeventd or progress polling...
         Starting [0;1;39mMonitoring of LVM…meventd or progress polling[0m...
[    5.801568] systemd[1]: Starting Load Kernel Module configfs...
         Starting [0;1;39mLoad Kernel Module configfs[0m...
[    5.810155] systemd[1]: Starting Load Kernel Module drm...
         Starting [0;1;39mLoad Kernel Module drm[0m...
[    5.831955] systemd[1]: Starting Load Kernel Module fuse...
         Starting [0;1;39mLoad Kernel Module fuse[0m...
[    5.848122] systemd[1]: Starting Read and set NIS domainname from /etc/sysconfig/network...
         Starting [0;1;39mRead and set NIS …from /etc/sysconfig/network[0m...
[    5.861967] systemd[1]: Starting Journal Service...
         Starting [0;1;39mJournal Service[0m...
[    5.880276] systemd[1]: Starting Load Kernel Modules...
         Starting [0;1;39mLoad Kernel Modules[0m...
[    5.891985] systemd[1]: Starting Generate network units from Kernel command line...
         Starting [0;1;39mGenerate network …ts from Kernel command line[0m...
[    5.935487] systemd[1]: Starting Remount Root and Kernel File Systems...
         Starting [0;1;39mRemount Root and Kernel File Systems[0m...
[    5.937839] systemd[1]: Repartition Root Disk was skipped because no trigger condition checks were met.
[    5.955471] systemd[1]: Starting Coldplug All udev Devices...
         Starting [0;1;39mColdplug All udev Devices[0m...
[    5.985393] systemd[1]: Mounted Huge Pages File System.
[[0;32m  OK  [0m] Mounted [0;1;39mHuge Pages File System[0m.
[    5.986779] systemd[1]: Mounted POSIX Message Queue File System.
[[0;32m  OK  [0m] Mounted [0;1;39mPOSIX Message Queue File System[0m.
[    5.996240] systemd[1]: Mounted Kernel Debug File System.
[[0;32m  OK  [0m] Mounted [0;1;39mKernel Debug File System[0m.
[    6.003587] systemd[1]: Mounted Kernel Trace File System.
[[0;32m  OK  [0m] Mounted [0;1;39mKernel Trace File System[0m.
[    6.009965] systemd[1]: Finished Monitoring of LVM2 mirrors, snapshots etc. using dmeventd or progress polling.
[[0;32m  OK  [0m] Finished [0;1;39mMonitoring of LVM… dmeventd or progress polling[0m.
[    6.014227] systemd[1]: modprobe@configfs.service: Deactivated successfully.
[    6.015946] systemd[1]: Finished Load Kernel Module configfs.
[[0;32m  OK  [0m] Finished [0;1;39mLoad Kernel Module configfs[0m.
[    6.018176] systemd[1]: modprobe@drm.service: Deactivated successfully.
[    6.020630] systemd[1]: Finished Load Kernel Module drm.
[[0;32m  OK  [0m] Finished [0;1;39mLoad Kernel Module drm[0m.
[    6.022807] systemd[1]: modprobe@fuse.service: Deactivated successfully.
[    6.025492] systemd[1]: Finished Load Kernel Module fuse.
[[0;32m  OK  [0m] Finished [0;1;39mLoad Kernel Module fuse[0m.
[    6.026454] EXT4-fs (sda): warning: mounting fs with errors, running e2fsck is recommended
[    6.029609] systemd[1]: Finished Read and set NIS domainname from /etc/sysconfig/network.
[[0;32m  OK  [0m] Finished [0;1;39mRead and set NIS …e from /etc/sysconfig/network[0m.
[    6.032293] systemd[1]: systemd-modules-load.service: Main process exited, code=exited, status=1/FAILURE
[    6.033049] EXT4-fs (sda): re-mounted 088740a9-c8b4-422c-999d-a804eb68a4da r/w. Quota mode: none.
[    6.035590] systemd[1]: systemd-modules-load.service: Failed with result 'exit-code'.
[    6.039555] systemd[1]: Failed to start Load Kernel Modules.
[[0;1;31mFAILED[0m] Failed to start [0;1;39mLoad Kernel Modules[0m.
See 'systemctl status systemd-modules-load.service' for details.
[    6.045974] systemd[1]: Finished Generate network units from Kernel command line.
[[0;32m  OK  [0m] Finished [0;1;39mGenerate network units from Kernel command line[0m.
[    6.049392] systemd[1]: Finished Remount Root and Kernel File Systems.
[[0;32m  OK  [0m] Finished [0;1;39mRemount Root and Kernel File Systems[0m.
[    6.051532] systemd[1]: Reached target Preparation for Network.
[[0;32m  OK  [0m] Reached target [0;1;39mPreparation for Network[0m.
[    6.084014] systemd[1]: Mounting FUSE Control File System...
         Mounting [0;1;39mFUSE Control File System[0m...
[    6.094032] systemd[1]: Mounting Kernel Configuration File System...
         Mounting [0;1;39mKernel Configuration File System[0m...
[    6.099110] systemd[1]: Special handling of early boot iSCSI sessions was skipped because of an unmet condition check (ConditionDirectoryNotEmpty=/sys/class/iscsi_session).
[    6.099948] systemd[1]: First Boot Wizard was skipped because of an unmet condition check (ConditionFirstBoot=yes).
[    6.103275] systemd[1]: Rebuild Hardware Database was skipped because of an unmet condition check (ConditionNeedsUpdate=/etc).
[    6.116598] systemd[1]: Starting Load/Save Random Seed...
         Starting [0;1;39mLoad/Save Random Seed[0m...
[    6.126743] systemd[1]: Starting Apply Kernel Variables...
         Starting [0;1;39mApply Kernel Variables[0m...
[    6.131339] systemd[1]: Create System Users was skipped because no trigger condition checks were met.
[    6.140619] systemd[1]: Starting Create Static Device Nodes in /dev...
         Starting [0;1;39mCreate Static Device Nodes in /dev[0m...
[    6.158252] systemd[1]: Starting Setup Virtual Console...
         Starting [0;1;39mSetup Virtual Console[0m...
[    6.169640] systemd[1]: Started Journal Service.
[[0;32m  OK  [0m] Started [0;1;39mJournal Service[0m.
[[0;32m  OK  [0m] Mounted [0;1;39mFUSE Control File System[0m.
[[0;32m  OK  [0m] Mounted [0;1;39mKernel Configuration File System[0m.
         Starting [0;1;39mFlush Journal to Persistent Storage[0m...
[[0;32m  OK  [0m] Finished [0;1;39mLoad/Save Random Seed[0m.
[    6.315301] systemd-journald[145]: Received client request to flush runtime journal.
[[0;32m  OK  [0m] Finished [0;1;39mApply Kernel Variables[0m.
[[0;32m  OK  [0m] Finished [0;1;39mCreate Static Device Nodes in /dev[0m.
[[0;32m  OK  [0m] Finished [0;1;39mFlush Journal to Persistent Storage[0m.
         Starting [0;1;39mRule-based Manage…for Device Events and Files[0m...
[[0;32m  OK  [0m] Started [0;1;39mRule-based Manager for Device Events and Files[0m.
         Starting [0;1;39mAuto-connect to s…E devices found during boot[0m...
[[0;32m  OK  [0m] Finished [0;1;39mAuto-connect to s…VME devices found during boot[0m.
[[0;32m  OK  [0m] Finished [0;1;39mColdplug All udev Devices[0m.
         Starting [0;1;39mWait for udev To …plete Device Initialization[0m...
[[0;32m  OK  [0m] Finished [0;1;39mSetup Virtual Console[0m.
[[0;32m  OK  [0m] Started [0;1;39mDispatch Password …ts to Console Directory Watch[0m.
[[0;32m  OK  [0m] Reached target [0;1;39mLocal Encrypted Volumes[0m.
[[0;32m  OK  [0m] Reached target [0;1;39mPath Units[0m.
[[0;32m  OK  [0m] Found device [0;1;39m/dev/ttyS0[0m.
[[0;32m  OK  [0m] Listening on [0;1;39mLoad/Save RF …itch Status /dev/rfkill Watch[0m.
[[0;32m  OK  [0m] Finished [0;1;39mWait for udev To Complete Device Initialization[0m.
[[0;32m  OK  [0m] Reached target [0;1;39mPreparation for Local File Systems[0m.
[[0;32m  OK  [0m] Reached target [0;1;39mLocal File Systems[0m.
         Starting [0;1;39mTell Plymouth To Write Out Runtime Data[0m...
         Starting [0;1;39mAutomatic Boot Loader Update[0m...
         Starting [0;1;39mCreate Volatile Files and Directories[0m...
[[0;32m  OK  [0m] Finished [0;1;39mTell Plymouth To Write Out Runtime Data[0m.
[[0;32m  OK  [0m] Finished [0;1;39mAutomatic Boot Loader Update[0m.
[[0;32m  OK  [0m] Finished [0;1;39mCreate Volatile Files and Directories[0m.
         Mounting [0;1;39mRPC Pipe File System[0m...
         Starting [0;1;39mSecurity Auditing Service[0m...
         Starting [0;1;39mRPC Bind[0m...
[[0;32m  OK  [0m] Mounted [0;1;39mRPC Pipe File System[0m.
[[0;32m  OK  [0m] Reached target [0;1;39mrpc_pipefs.target[0m.
[[0;32m  OK  [0m] Started [0;1;39mRPC Bind[0m.
[[0;32m  OK  [0m] Started [0;1;39mSecurity Auditing Service[0m.
         Starting [0;1;39mRecord System Boot/Shutdown in UTMP[0m...
[[0;32m  OK  [0m] Finished [0;1;39mRecord System Boot/Shutdown in UTMP[0m.
[[0;32m  OK  [0m] Reached target [0;1;39mSystem Initialization[0m.
[[0;32m  OK  [0m] Started [0;1;39mDaily rotation of log files[0m.
[[0;32m  OK  [0m] Started [0;1;39mUpdates mlocate database every day[0m.
[[0;32m  OK  [0m] Started [0;1;39mDaily Cleanup of Temporary Directories[0m.
[[0;32m  OK  [0m] Started [0;1;39mdaily update of the root trust anchor for DNSSEC[0m.
[[0;32m  OK  [0m] Reached target [0;1;39mTimer Units[0m.
[[0;32m  OK  [0m] Listening on [0;1;39mD-Bus System Message Bus Socket[0m.
[[0;32m  OK  [0m] Listening on [0;1;39mOpen-iSCSI iscsid Socket[0m.
[[0;32m  OK  [0m] Listening on [0;1;39mOpen-iSCSI iscsiuio Socket[0m.
[[0;32m  OK  [0m] Listening on [0;1;39mSSSD Kerberos…ache Manager responder socket[0m.
[[0;32m  OK  [0m] Listening on [0;1;39mLibvirt interface local socket[0m.
[[0;32m  OK  [0m] Listening on [0;1;39mVirtual machine lock manager socket[0m.
[[0;32m  OK  [0m] Listening on [0;1;39mVirtual machine log manager socket[0m.
[[0;32m  OK  [0m] Listening on [0;1;39mLibvirt network local socket[0m.
[[0;32m  OK  [0m] Listening on [0;1;39mLibvirt nodedev local socket[0m.
[[0;32m  OK  [0m] Listening on [0;1;39mLibvirt nwfilter local socket[0m.
[[0;32m  OK  [0m] Listening on [0;1;39mLibvirt proxy local socket[0m.
[[0;32m  OK  [0m] Listening on [0;1;39mLibvirt qemu local socket[0m.
[[0;32m  OK  [0m] Listening on [0;1;39mLibvirt qemu admin socket[0m.
[[0;32m  OK  [0m] Listening on [0;1;39mLibvirt qemu local read-only socket[0m.
[[0;32m  OK  [0m] Listening on [0;1;39mLibvirt secret local socket[0m.
[[0;32m  OK  [0m] Listening on [0;1;39mLibvirt storage local socket[0m.
[[0;32m  OK  [0m] Reached target [0;1;39mSocket Units[0m.
         Starting [0;1;39mD-Bus System Message Bus[0m...
[[0;32m  OK  [0m] Started [0;1;39mD-Bus System Message Bus[0m.
[[0;32m  OK  [0m] Reached target [0;1;39mBasic System[0m.
         Starting [0;1;39mNetwork Manager[0m...
         Starting [0;1;39mNTP client/server[0m...
         Starting [0;1;39mRestore /run/initramfs on shutdown[0m...
[[0;32m  OK  [0m] Started [0;1;39mirqbalance daemon[0m.
[[0;32m  OK  [0m] Started [0;1;39mlibstoragemgmt plug-in server daemon[0m.
[[0;32m  OK  [0m] Started [0;1;39mMachine Check Exception Logging Daemon[0m.
[[0;32m  OK  [0m] Reached target [0;1;39msshd-keygen.target[0m.
[[0;32m  OK  [0m] Reached target [0;1;39mUser and Group Name Lookups[0m.
         Starting [0;1;39mUser Login Management[0m...
         Starting [0;1;39mVirtual Machine a…tainer Registration Service[0m...
         Starting [0;1;39mupdate of the roo…NSSEC validation in unbound[0m...
         Starting [0;1;39mRotate log files[0m...
[[0;32m  OK  [0m] Started [0;1;39mUpdate a database for mlocate[0m.
[[0;32m  OK  [0m] Finished [0;1;39mRestore /run/initramfs on shutdown[0m.
[[0;32m  OK  [0m] Started [0;1;39mVirtual Machine an…ontainer Registration Service[0m.
         Starting [0;1;39mHostname Service[0m...
[[0;32m  OK  [0m] Started [0;1;39mNTP client/server[0m.
[[0;32m  OK  [0m] Finished [0;1;39mupdate of the roo… DNSSEC validation in unbound[0m.
[[0;32m  OK  [0m] Started [0;1;39mUser Login Management[0m.
[[0;32m  OK  [0m] Started [0;1;39mHostname Service[0m.
[[0;32m  OK  [0m] Finished [0;1;39mRotate log files[0m.
         Starting [0;1;39mNetwork Manager Script Dispatcher Service[0m...
[[0;32m  OK  [0m] Started [0;1;39mNetwork Manager Script Dispatcher Service[0m.
[    9.735806] e1000: eth0 NIC Link is Up 1000 Mbps Full Duplex, Flow Control: RX
[[0;32m  OK  [0m] Started [0;1;39mNetwork Manager[0m.
[[0;32m  OK  [0m] Reached target [0;1;39mNetwork[0m.
[[0;32m  OK  [0m] Reached target [0;1;39mNetwork is Online[0m.
         Starting [0;1;39mGSSAPI Proxy Daemon[0m...
         Starting [0;1;39mNotify NFS peers of a restart[0m...
         Starting [0;1;39mSystem Logging Service[0m...
         Starting [0;1;39mOpenSSH server daemon[0m...
         Starting [0;1;39mDynamic System Tuning Daemon[0m...
[[0;32m  OK  [0m] Started [0;1;39mNotify NFS peers of a restart[0m.
[[0;32m  OK  [0m] Started [0;1;39mOpenSSH server daemon[0m.
[[0;32m  OK  [0m] Started [0;1;39mGSSAPI Proxy Daemon[0m.
[[0;32m  OK  [0m] Reached target [0;1;39mNFS client services[0m.
[[0;32m  OK  [0m] Reached target [0;1;39mPreparation for Remote File Systems[0m.
[[0;32m  OK  [0m] Reached target [0;1;39mRemote File Systems[0m.
         Starting [0;1;39mPermit User Sessions[0m...
         Starting [0;1;39mVirtualization qemu daemon[0m...
[[0;32m  OK  [0m] Started [0;1;39mSystem Logging Service[0m.
[[0;32m  OK  [0m] Finished [0;1;39mPermit User Sessions[0m.
[[0;32m  OK  [0m] Started [0;1;39mDeferred execution scheduler[0m.
[[0;32m  OK  [0m] Started [0;1;39mCommand Scheduler[0m.
         Starting [0;1;39mHold until boot process finishes up[0m...
         Starting [0;1;39mTerminate Plymouth Boot Screen[0m...
[[0;32m  OK  [0m] Started [0;1;39mVirtualization qemu daemon[0m.
[[0;32m  OK  [0m] Finished [0;1;39mHold until boot process finishes up[0m.
[[0;32m  OK  [0m] Started [0;1;39mGetty on tty1[0m.
[[0;32m  OK  [0m] Started [0;1;39mSerial Getty on ttyS0[0m.
[[0;32m  OK  [0m] Reached target [0;1;39mLogin Prompts[0m.
[[0;32m  OK  [0m] Finished [0;1;39mTerminate Plymouth Boot Screen[0m.
         Starting [0;1;39mAuthorization Manager[0m...
[[0;32m  OK  [0m] Started [0;1;39mAuthorization Manager[0m.
[[0;32m  OK  [0m] Started [0;1;39mDynamic System Tuning Daemon[0m.
[[0;32m  OK  [0m] Reached target [0;1;39mMulti-User System[0m.
         Starting [0;1;39mRecord Runlevel Change in UTMP[0m...
[[0;32m  OK  [0m] Finished [0;1;39mRecord Runlevel Change in UTMP[0m.

CentOS Stream 9
Kernel 6.8.0-bb41fe35dce7+ on an x86_64

Activate the web console with: systemctl enable --now cockpit.socket

test login: [   18.941160] sg_write: data in/out 2130706396/78 bytes for SCSI command 0x0-- guessing data in;
[   18.941160]    program repro not setting count and/or reply_len properly
[   18.946928] sg_write: data in/out 2130706396/78 bytes for SCSI command 0x0-- guessing data in;
[   18.946928]    program repro not setting count and/or reply_len properly
[   18.952583] sg_write: data in/out 2130706396/78 bytes for SCSI command 0x0-- guessing data in;
[   18.952583]    program repro not setting count and/or reply_len properly
[   18.958122] sg_write: data in/out 2130706396/78 bytes for SCSI command 0x0-- guessing data in;
[   18.958122]    program repro not setting count and/or reply_len properly
[   18.963697] sg_write: data in/out 2130706396/78 bytes for SCSI command 0x0-- guessing data in;
[   18.963697]    program repro not setting count and/or reply_len properly
[   18.969054] sg_write: data in/out 2130706396/78 bytes for SCSI command 0x0-- guessing data in;
[   18.969054]    program repro not setting count and/or reply_len properly
[   18.974880] sg_write: data in/out 2130706396/78 bytes for SCSI command 0x0-- guessing data in;
[   18.974880]    program repro not setting count and/or reply_len properly
[   18.980708] sg_write: data in/out 2130706396/78 bytes for SCSI command 0x0-- guessing data in;
[   18.980708]    program repro not setting count and/or reply_len properly
[   18.986552] sg_write: data in/out 2130706396/78 bytes for SCSI command 0x0-- guessing data in;
[   18.986552]    program repro not setting count and/or reply_len properly
[   18.993226] sg_write: data in/out 2130706396/78 bytes for SCSI command 0x0-- guessing data in;
[   18.993226]    program repro not setting count and/or reply_len properly
[   23.943357] sg_write: 1030 callbacks suppressed
[   23.943366] sg_write: data in/out 2130706396/78 bytes for SCSI command 0x0-- guessing data in;
[   23.943366]    program repro not setting count and/or reply_len properly
[   23.949073] sg_write: data in/out 2130706396/78 bytes for SCSI command 0x0-- guessing data in;
[   23.949073]    program repro not setting count and/or reply_len properly
[   23.954465] sg_write: data in/out 2130706396/78 bytes for SCSI command 0x0-- guessing data in;
[   23.954465]    program repro not setting count and/or reply_len properly
[   23.959992] sg_write: data in/out 2130706396/78 bytes for SCSI command 0x0-- guessing data in;
[   23.959992]    program repro not setting count and/or reply_len properly
[   23.965585] sg_write: data in/out 2130706396/78 bytes for SCSI command 0x0-- guessing data in;
[   23.965585]    program repro not setting count and/or reply_len properly
[   23.971616] sg_write: data in/out 2130706396/78 bytes for SCSI command 0x0-- guessing data in;
[   23.971616]    program repro not setting count and/or reply_len properly
[   23.976938] sg_write: data in/out 2130706396/78 bytes for SCSI command 0x0-- guessing data in;
[   23.976938]    program repro not setting count and/or reply_len properly
[   23.982372] sg_write: data in/out 2130706396/78 bytes for SCSI command 0x0-- guessing data in;
[   23.982372]    program repro not setting count and/or reply_len properly
[   23.987886] sg_write: data in/out 2130706396/78 bytes for SCSI command 0x0-- guessing data in;
[   23.987886]    program repro not setting count and/or reply_len properly
[   23.993338] sg_write: data in/out 2130706396/78 bytes for SCSI command 0x0-- guessing data in;
[   23.993338]    program repro not setting count and/or reply_len properly
[   28.948964] sg_write: 1010 callbacks suppressed
[   28.948973] sg_write: data in/out 2130706396/78 bytes for SCSI command 0x0-- guessing data in;
[   28.948973]    program repro not setting count and/or reply_len properly
[   28.954507] sg_write: data in/out 2130706396/78 bytes for SCSI command 0x0-- guessing data in;
[   28.954507]    program repro not setting count and/or reply_len properly
[   28.960809] sg_write: data in/out 2130706396/78 bytes for SCSI command 0x0-- guessing data in;
[   28.960809]    program repro not setting count and/or reply_len properly
[   28.967307] sg_write: data in/out 2130706396/78 bytes for SCSI command 0x0-- guessing data in;
[   28.967307]    program repro not setting count and/or reply_len properly
[   28.972804] sg_write: data in/out 2130706396/78 bytes for SCSI command 0x0-- guessing data in;
[   28.972804]    program repro not setting count and/or reply_len properly
[   28.978124] sg_write: data in/out 2130706396/78 bytes for SCSI command 0x0-- guessing data in;
[   28.978124]    program repro not setting count and/or reply_len properly
[   28.983492] sg_write: data in/out 2130706396/78 bytes for SCSI command 0x0-- guessing data in;
[   28.983492]    program repro not setting count and/or reply_len properly
[   28.989407] sg_write: data in/out 2130706396/78 bytes for SCSI command 0x0-- guessing data in;
[   28.989407]    program repro not setting count and/or reply_len properly
[   28.994709] sg_write: data in/out 2130706396/78 bytes for SCSI command 0x0-- guessing data in;
[   28.994709]    program repro not setting count and/or reply_len properly
[   29.000104] sg_write: data in/out 2130706396/78 bytes for SCSI command 0x0-- guessing data in;
[   29.000104]    program repro not setting count and/or reply_len properly
[   33.953331] sg_write: 1036 callbacks suppressed
[   33.953341] sg_write: data in/out 2130706396/78 bytes for SCSI command 0x0-- guessing data in;
[   33.953341]    program repro not setting count and/or reply_len properly
[   33.958832] sg_write: data in/out 2130706396/78 bytes for SCSI command 0x0-- guessing data in;
[   33.958832]    program repro not setting count and/or reply_len properly
[   33.964188] sg_write: data in/out 2130706396/78 bytes for SCSI command 0x0-- guessing data in;
[   33.964188]    program repro not setting count and/or reply_len properly
[   33.969946] sg_write: data in/out 2130706396/78 bytes for SCSI command 0x0-- guessing data in;
[   33.969946]    program repro not setting count and/or reply_len properly
[   33.975484] sg_write: data in/out 2130706396/78 bytes for SCSI command 0x0-- guessing data in;
[   33.975484]    program repro not setting count and/or reply_len properly
[   33.980630] sg_write: data in/out 2130706396/78 bytes for SCSI command 0x0-- guessing data in;
[   33.980630]    program repro not setting count and/or reply_len properly
[   33.986083] sg_write: data in/out 2130706396/78 bytes for SCSI command 0x0-- guessing data in;
[   33.986083]    program repro not setting count and/or reply_len properly
[   33.992029] sg_write: data in/out 2130706396/78 bytes for SCSI command 0x0-- guessing data in;
[   33.992029]    program repro not setting count and/or reply_len properly
[   33.997482] sg_write: data in/out 2130706396/78 bytes for SCSI command 0x0-- guessing data in;
[   33.997482]    program repro not setting count and/or reply_len properly
[   34.002870] sg_write: data in/out 2130706396/78 bytes for SCSI command 0x0-- guessing data in;
[   34.002870]    program repro not setting count and/or reply_len properly
[   38.959492] sg_write: 1012 callbacks suppressed
[   38.959501] sg_write: data in/out 2130706396/78 bytes for SCSI command 0x0-- guessing data in;
[   38.959501]    program repro not setting count and/or reply_len properly
[   38.965161] sg_write: data in/out 2130706396/78 bytes for SCSI command 0x0-- guessing data in;
[   38.965161]    program repro not setting count and/or reply_len properly
[   38.970479] sg_write: data in/out 2130706396/78 bytes for SCSI command 0x0-- guessing data in;
[   38.970479]    program repro not setting count and/or reply_len properly
[   38.975999] sg_write: data in/out 2130706396/78 bytes for SCSI command 0x0-- guessing data in;
[   38.975999]    program repro not setting count and/or reply_len properly
[   38.981585] sg_write: data in/out 2130706396/78 bytes for SCSI command 0x0-- guessing data in;
[   38.981585]    program repro not setting count and/or reply_len properly
[   38.986933] sg_write: data in/out 2130706396/78 bytes for SCSI command 0x0-- guessing data in;
[   38.986933]    program repro not setting count and/or reply_len properly
[   38.992588] sg_write: data in/out 2130706396/78 bytes for SCSI command 0x0-- guessing data in;
[   38.992588]    program repro not setting count and/or reply_len properly
[   38.998384] sg_write: data in/out 2130706396/78 bytes for SCSI command 0x0-- guessing data in;
[   38.998384]    program repro not setting count and/or reply_len properly
[   39.004247] sg_write: data in/out 2130706396/78 bytes for SCSI command 0x0-- guessing data in;
[   39.004247]    program repro not setting count and/or reply_len properly
[   39.009968] sg_write: data in/out 2130706396/78 bytes for SCSI command 0x0-- guessing data in;
[   39.009968]    program repro not setting count and/or reply_len properly
[   43.966276] sg_write: 1011 callbacks suppressed
[   43.966289] sg_write: data in/out 2130706396/78 bytes for SCSI command 0x0-- guessing data in;
[   43.966289]    program repro not setting count and/or reply_len properly
[   43.973056] sg_write: data in/out 2130706396/78 bytes for SCSI command 0x0-- guessing data in;
[   43.973056]    program repro not setting count and/or reply_len properly
[   43.978654] sg_write: data in/out 2130706396/78 bytes for SCSI command 0x0-- guessing data in;
[   43.978654]    program repro not setting count and/or reply_len properly
[   43.984632] sg_write: data in/out 2130706396/78 bytes for SCSI command 0x0-- guessing data in;
[   43.984632]    program repro not setting count and/or reply_len properly
[   43.990080] sg_write: data in/out 2130706396/78 bytes for SCSI command 0x0-- guessing data in;
[   43.990080]    program repro not setting count and/or reply_len properly
[   43.995909] sg_write: data in/out 2130706396/78 bytes for SCSI command 0x0-- guessing data in;
[   43.995909]    program repro not setting count and/or reply_len properly
[   44.001514] sg_write: data in/out 2130706396/78 bytes for SCSI command 0x0-- guessing data in;
[   44.001514]    program repro not setting count and/or reply_len properly
[   44.006894] sg_write: data in/out 2130706396/78 bytes for SCSI command 0x0-- guessing data in;
[   44.006894]    program repro not setting count and/or reply_len properly
[   44.012469] sg_write: data in/out 2130706396/78 bytes for SCSI command 0x0-- guessing data in;
[   44.012469]    program repro not setting count and/or reply_len properly
[   44.018237] sg_write: data in/out 2130706396/78 bytes for SCSI command 0x0-- guessing data in;
[   44.018237]    program repro not setting count and/or reply_len properly
[   48.971428] sg_write: 984 callbacks suppressed
[   48.971438] sg_write: data in/out 2130706396/78 bytes for SCSI command 0x0-- guessing data in;
[   48.971438]    program repro not setting count and/or reply_len properly
[   48.977007] sg_write: data in/out 2130706396/78 bytes for SCSI command 0x0-- guessing data in;
[   48.977007]    program repro not setting count and/or reply_len properly
[   48.982328] sg_write: data in/out 2130706396/78 bytes for SCSI command 0x0-- guessing data in;
[   48.982328]    program repro not setting count and/or reply_len properly
[   48.989273] sg_write: data in/out 2130706396/78 bytes for SCSI command 0x0-- guessing data in;
[   48.989273]    program repro not setting count and/or reply_len properly
[   48.994651] sg_write: data in/out 2130706396/78 bytes for SCSI command 0x0-- guessing data in;
[   48.994651]    program repro not setting count and/or reply_len properly
[   49.000270] sg_write: data in/out 2130706396/78 bytes for SCSI command 0x0-- guessing data in;
[   49.000270]    program repro not setting count and/or reply_len properly
[   49.006168] sg_write: data in/out 2130706396/78 bytes for SCSI command 0x0-- guessing data in;
[   49.006168]    program repro not setting count and/or reply_len properly
[   49.012249] sg_write: data in/out 2130706396/78 bytes for SCSI command 0x0-- guessing data in;
[   49.012249]    program repro not setting count and/or reply_len properly
[   49.017902] sg_write: data in/out 2130706396/78 bytes for SCSI command 0x0-- guessing data in;
[   49.017902]    program repro not setting count and/or reply_len properly
[   49.023366] sg_write: data in/out 2130706396/78 bytes for SCSI command 0x0-- guessing data in;
[   49.023366]    program repro not setting count and/or reply_len properly
[   53.977914] sg_write: 1009 callbacks suppressed
[   53.977923] sg_write: data in/out 2130706396/78 bytes for SCSI command 0x0-- guessing data in;
[   53.977923]    program repro not setting count and/or reply_len properly
[   53.983640] sg_write: data in/out 2130706396/78 bytes for SCSI command 0x0-- guessing data in;
[   53.983640]    program repro not setting count and/or reply_len properly
[   53.988803] sg_write: data in/out 2130706396/78 bytes for SCSI command 0x0-- guessing data in;
[   53.988803]    program repro not setting count and/or reply_len properly
[   53.994618] sg_write: data in/out 2130706396/78 bytes for SCSI command 0x0-- guessing data in;
[   53.994618]    program repro not setting count and/or reply_len properly
[   54.000704] sg_write: data in/out 2130706396/78 bytes for SCSI command 0x0-- guessing data in;
[   54.000704]    program repro not setting count and/or reply_len properly
[   54.006610] sg_write: data in/out 2130706396/78 bytes for SCSI command 0x0-- guessing data in;
[   54.006610]    program repro not setting count and/or reply_len properly
[   54.012328] sg_write: data in/out 2130706396/78 bytes for SCSI command 0x0-- guessing data in;
[   54.012328]    program repro not setting count and/or reply_len properly
[   54.017858] sg_write: data in/out 2130706396/78 bytes for SCSI command 0x0-- guessing data in;
[   54.017858]    program repro not setting count and/or reply_len properly
[   54.023935] sg_write: data in/out 2130706396/78 bytes for SCSI command 0x0-- guessing data in;
[   54.023935]    program repro not setting count and/or reply_len properly
[   54.029969] sg_write: data in/out 2130706396/78 bytes for SCSI command 0x0-- guessing data in;
[   54.029969]    program repro not setting count and/or reply_len properly
[   58.982609] sg_write: 1026 callbacks suppressed
[   58.982619] sg_write: data in/out 2130706396/78 bytes for SCSI command 0x0-- guessing data in;
[   58.982619]    program repro not setting count and/or reply_len properly
[   58.988647] sg_write: data in/out 2130706396/78 bytes for SCSI command 0x0-- guessing data in;
[   58.988647]    program repro not setting count and/or reply_len properly
[   58.994188] sg_write: data in/out 2130706396/78 bytes for SCSI command 0x0-- guessing data in;
[   58.994188]    program repro not setting count and/or reply_len properly
[   58.999799] sg_write: data in/out 2130706396/78 bytes for SCSI command 0x0-- guessing data in;
[   58.999799]    program repro not setting count and/or reply_len properly
[   59.005397] sg_write: data in/out 2130706396/78 bytes for SCSI command 0x0-- guessing data in;
[   59.005397]    program repro not setting count and/or reply_len properly
[   59.011299] sg_write: data in/out 2130706396/78 bytes for SCSI command 0x0-- guessing data in;
[   59.011299]    program repro not setting count and/or reply_len properly
[   59.017196] sg_write: data in/out 2130706396/78 bytes for SCSI command 0x0-- guessing data in;
[   59.017196]    program repro not setting count and/or reply_len properly
[   59.022754] sg_write: data in/out 2130706396/78 bytes for SCSI command 0x0-- guessing data in;
[   59.022754]    program repro not setting count and/or reply_len properly
[   59.028387] sg_write: data in/out 2130706396/78 bytes for SCSI command 0x0-- guessing data in;
[   59.028387]    program repro not setting count and/or reply_len properly
[   59.033728] sg_write: data in/out 2130706396/78 bytes for SCSI command 0x0-- guessing data in;
[   59.033728]    program repro not setting count and/or reply_len properly
