c[?7l[2J[0mSeaBIOS (version rel-1.16.0-0-gd239552ce722-prebuilt.qemu.org)


iPXE (http://ipxe.org) 00:03.0 CA00 PCI2.10 PnP PMM+7FF91000+7FEF1000 CA00
Press Ctrl-B to configure iPXE (PCI 00:03.0)...                                                                               


Booting from ROM..c[?7l[2J[0m.[    0.000000] Linux version 6.1.0-rc4-f042b08b833d+ (root@p-rpls01) (gcc (GCC) 8.5.0 20210514 (Red Hat 8.5.0-19), GNU ld version 2.36.1-2.el8) #1 SMP PREEMPT_DYNAMIC Sat Aug 12 14:04:52 CST 2023
[    0.000000] Command line: console=ttyS0 root=/dev/sda earlyprintk=serial net.ifnames=0 quiet plymouth.enable=0
[    0.000000] KERNEL supported cpus:
[    0.000000]   Intel GenuineIntel
[    0.000000]   AMD AuthenticAMD
[    0.000000]   Hygon HygonGenuine
[    0.000000]   Centaur CentaurHauls
[    0.000000]   zhaoxin   Shanghai  
[    0.000000] x86/fpu: Supporting XSAVE feature 0x001: 'x87 floating point registers'
[    0.000000] x86/fpu: Supporting XSAVE feature 0x002: 'SSE registers'
[    0.000000] x86/fpu: Supporting XSAVE feature 0x004: 'AVX registers'
[    0.000000] x86/fpu: Supporting XSAVE feature 0x200: 'Protection Keys User registers'
[    0.000000] x86/fpu: xstate_offset[2]:  576, xstate_sizes[2]:  256
[    0.000000] x86/fpu: xstate_offset[9]:  832, xstate_sizes[9]:    8
[    0.000000] x86/fpu: Enabled xstate features 0x207, context size is 840 bytes, using 'compacted' format.
[    0.000000] signal: max sigframe size: 3632
[    0.000000] BIOS-provided physical RAM map:
[    0.000000] BIOS-e820: [mem 0x0000000000000000-0x000000000009fbff] usable
[    0.000000] BIOS-e820: [mem 0x000000000009fc00-0x000000000009ffff] reserved
[    0.000000] BIOS-e820: [mem 0x00000000000f0000-0x00000000000fffff] reserved
[    0.000000] BIOS-e820: [mem 0x0000000000100000-0x000000007ffdffff] usable
[    0.000000] BIOS-e820: [mem 0x000000007ffe0000-0x000000007fffffff] reserved
[    0.000000] BIOS-e820: [mem 0x00000000feffc000-0x00000000feffffff] reserved
[    0.000000] BIOS-e820: [mem 0x00000000fffc0000-0x00000000ffffffff] reserved
[    0.000000] printk: bootconsole [earlyser0] enabled
[    2.860639] Spectre V2 : WARNING: Unprivileged eBPF is enabled with eIBRS on, data leaks possible via Spectre v2 BHB attacks!
[   11.452274] systemd[1]: Failed to start Load Kernel Modules.
[[0;1;31mFAILED[0m] Failed to start [0;1;39mLoad Kernel Modules[0m.

CentOS Stream 9
Kernel 6.1.0-rc4-f042b08b833d+ on an x86_64

Activate the web console with: systemctl enable --now cockpit.socket

test login: [   33.375782] cgroup: Unknown subsys name 'net'
[   33.468517] cgroup: Unknown subsys name 'rlimit'
[  195.223539] watchdog: BUG: soft lockup - CPU#0 stuck for 23s! [repro:1536]
[  195.227314] Kernel panic - not syncing: softlockup: hung tasks
[  195.228325] CPU: 0 PID: 1536 Comm: repro Tainted: G             L     6.1.0-rc4-f042b08b833d+ #1
[  195.229818] Hardware name: QEMU Standard PC (i440FX + PIIX, 1996), BIOS rel-1.16.0-0-gd239552ce722-prebuilt.qemu.org 04/01/2014
[  195.231688] Call Trace:
[  195.232128]  <IRQ>
[  195.232502]  dump_stack_lvl+0xa7/0xdb
[  195.233150]  dump_stack+0x19/0x1f
[  195.233743]  panic+0x285/0x5f2
[  195.234349]  ? panic_print_sys_info.part.2+0x11f/0x11f
[  195.235268]  ? watchdog_timer_fn+0x480/0x570
[  195.236049]  watchdog_timer_fn.cold.11+0x16/0x25
[  195.236881]  __hrtimer_run_queues+0x609/0xdb0
[  195.237668]  ? lockup_detector_update_enable+0xa0/0xa0
[  195.238579]  ? enqueue_hrtimer+0x350/0x350
[  195.239304]  ? ktime_get_update_offsets_now+0x25b/0x340
[  195.240221]  ? write_comp_data+0x2f/0x90
[  195.240918]  hrtimer_interrupt+0x326/0x7a0
[  195.241657]  __sysvec_apic_timer_interrupt+0x14f/0x4f0
[  195.242570]  sysvec_apic_timer_interrupt+0x9c/0xd0
[  195.243407]  </IRQ>
[  195.243797]  <TASK>
[  195.244188]  asm_sysvec_apic_timer_interrupt+0x1f/0x30
[  195.245085] RIP: 0010:__schedule+0x98e/0x2150
[  195.245885] Code: 03 80 3c 02 00 0f 85 ca 12 00 00 4d 89 6c 24 10 4c 89 ee 48 89 df e8 61 95 0a fc 48 89 c7 e8 c9 9f 37 fc 48 8b 8d 50 ff ff ff <48> b8 00 00 00 00 00 fc ff df 48 c7 04 01 00 00 00 00 48 8b 45 d0
[  195.248958] RSP: 0018:ffff88800a7cf450 EFLAGS: 00000283
[  195.249863] RAX: ffff88805b2443c0 RBX: ffff888010cdc900 RCX: 1ffff110014f9e92
[  195.251068] RDX: 0000000000000001 RSI: 0000000000000004 RDI: ffff88800da18090
[  195.252275] RBP: ffff88800a7cf518 R08: ffffed1001b43013 R09: ffffed1001b43013
[  195.253476] R10: ffff88800da18093 R11: ffffed1001b43012 R12: ffff88805b3443c0
[  195.254693] R13: ffff888010340000 R14: ffff88805b3443d8 R15: ffff88800da18000
[  195.255938]  ? firmware_map_remove+0x17f/0x17f
[  195.256719]  ? __this_cpu_preempt_check+0x20/0x30
[  195.257535]  ? lock_is_held_type+0xe6/0x140
[  195.258273]  ? rcu_lockdep_current_cpu_online+0x4b/0x160
[  195.259206]  schedule+0x11f/0x230
[  195.259816]  schedule_timeout+0x7fb/0xa60
[  195.260531]  ? __this_cpu_preempt_check+0x20/0x30
[  195.261357]  ? usleep_range_state+0x1c0/0x1c0
[  195.262132]  ? __wait_for_common+0x26c/0x5e0
[  195.262894]  ? lock_downgrade+0x740/0x740
[  195.263597]  ? do_raw_spin_lock+0x132/0x2a0
[  195.264333]  ? _raw_spin_unlock_irq+0x2b/0x60
[  195.265106]  ? __wait_for_common+0x26c/0x5e0
[  195.265888]  ? __this_cpu_preempt_check+0x20/0x30
[  195.266714]  ? lockdep_hardirqs_on+0x8a/0x110
[  195.267482]  ? _raw_spin_unlock_irq+0x2b/0x60
[  195.268254]  ? trace_hardirqs_on+0x41/0x120
[  195.269005]  __wait_for_common+0x27c/0x5e0
[  195.269741]  ? usleep_range_state+0x1c0/0x1c0
[  195.270530]  ? out_of_line_wait_on_bit_lock+0x120/0x120
[  195.271450]  ? __sanitizer_cov_trace_pc+0x25/0x60
[  195.272288]  wait_for_completion_state+0x25/0x40
[  195.273112]  call_usermodehelper_exec+0x3cb/0x520
[  195.273953]  ? usermodehelper_read_lock_wait+0x1b0/0x1b0
[  195.274892]  ? call_usermodehelper_setup+0x261/0x360
[  195.275760]  ? dump_align+0xd0/0xd0
[  195.276395]  do_coredump+0x17c1/0x3c60
[  195.277082]  ? dump_emit+0xe0/0xe0
[  195.277695]  ? kasan_save_stack+0x40/0x50
[  195.278416]  ? kasan_save_free_info+0x32/0x50
[  195.279193]  ? __kasan_slab_free+0x10b/0x1a0
[  195.279952]  ? kmem_cache_free+0x206/0x510
[  195.280675]  ? __sigqueue_free.part.43+0x7f/0xa0
[  195.281484]  ? get_signal+0xf1e/0x26c0
[  195.282159]  ? arch_do_signal_or_restart+0x9e/0x1fb0
[  195.283031]  ? exit_to_user_mode_prepare+0x13b/0x210
[  195.283907]  ? syscall_exit_to_user_mode+0x2d/0x60
[  195.284739]  ? do_syscall_64+0x4a/0x90
[  195.285409]  ? entry_SYSCALL_64_after_hwframe+0x63/0xcd
[  195.286328]  ? __kasan_check_read+0x15/0x20
[  195.287049]  ? hlock_class+0x52/0x130
[  195.287692]  ? __lock_acquire+0x18a1/0x55d0
[  195.288431]  ? __this_cpu_preempt_check+0x20/0x30
[  195.289255]  ? lock_is_held_type+0xe6/0x140
[  195.289994]  ? rcu_lockdep_current_cpu_online+0x4b/0x160
[  195.290937]  ? write_comp_data+0x2f/0x90
[  195.291644]  ? tty_port_close_end+0xc0/0x190
[  195.292399]  ? _raw_spin_unlock_irq+0x2b/0x60
[  195.293170]  ? get_signal+0x1efa/0x26c0
[  195.293857]  ? __this_cpu_preempt_check+0x20/0x30
[  195.294672]  ? lockdep_hardirqs_on+0x8a/0x110
[  195.295430]  ? _raw_spin_unlock_irq+0x2b/0x60
[  195.296196]  ? write_comp_data+0x2f/0x90
[  195.296902]  get_signal+0x1ff1/0x26c0
[  195.297551]  ? fd_install+0x1dc/0x690
[  195.298220]  ? exit_signals+0x9a0/0x9a0
[  195.298893]  ? write_comp_data+0x2f/0x90
[  195.299587]  ? __sanitizer_cov_trace_pc+0x25/0x60
[  195.300423]  arch_do_signal_or_restart+0x9e/0x1fb0
[  195.301259]  ? __do_sys_perf_event_open+0xe3/0x3360
[  195.302142]  ? get_sigframe_size+0x20/0x20
[  195.302859]  ? __this_cpu_preempt_check+0x20/0x30
[  195.303684]  ? lockdep_hardirqs_on+0x8a/0x110
[  195.304456]  ? write_comp_data+0x2f/0x90
[  195.305163]  ? rcu_read_lock_bh_held+0xc0/0xc0
[  195.305959]  ? lockdep_hardirqs_on+0x8a/0x110
[  195.306703]  ? exit_to_user_mode_prepare+0x100/0x210
[  195.307569]  exit_to_user_mode_prepare+0x13b/0x210
[  195.308407]  syscall_exit_to_user_mode+0x2d/0x60
[  195.309210]  do_syscall_64+0x4a/0x90
[  195.309858]  entry_SYSCALL_64_after_hwframe+0x63/0xcd
[  195.310745] RIP: 0033:0x7f28a083ee5d
[  195.311377] Code: ff c3 66 2e 0f 1f 84 00 00 00 00 00 90 f3 0f 1e fa 48 89 f8 48 89 f7 48 89 d6 48 89 ca 4d 89 c2 4d 89 c8 4c 8b 4c 24 08 0f 05 <48> 3d 01 f0 ff ff 73 01 c3 48 8b 0d 93 af 1b 00 f7 d8 64 89 01 48
[  195.314511] RSP: 002b:00007ffe22f0f138 EFLAGS: 00000206 ORIG_RAX: 000000000000012a
[  195.315797] RAX: 0000000000000003 RBX: 0000000000000000 RCX: 00007f28a083ee5d
[  195.316999] RDX: 0000000000000000 RSI: 0000000000000000 RDI: 0000000020000280
[  195.318219] RBP: 00007ffe22f0f140 R08: 0000000000000000 R09: 00007ffe22f0f190
[  195.319427] R10: 00000000ffffffff R11: 0000000000000206 R12: 00007ffe22f0f2d8
[  195.320628] R13: 0000000000407f0f R14: 000000000040adf8 R15: 00007f28a0ab9000
[  195.321849]  </TASK>
[  195.322918] Kernel Offset: disabled
[  195.323575] ---[ end Kernel panic - not syncing: softlockup: hung tasks ]---
