
CentOS Stream 8
Kernel 6.3.0-rc2-intel-next-38f821ff82e9+ on an x86_64

Warning: Permanently added '[localhost]:6993' (ECDSA) to the list of known hosts.
test login: [   33.515853] ------------[ cut here ]------------
[   33.516099] WARNING: CPU: 1 PID: 498 at drivers/iommu/iommufd/pages.c:793 pfn_reader_user_pin+0x2e6/0x390
[   33.516501] Modules linked in:
[   33.516638] CPU: 1 PID: 498 Comm: syz-executor371 Not tainted 6.3.0-rc2-intel-next-38f821ff82e9+ #1
[   33.517019] Hardware name: QEMU Standard PC (i440FX + PIIX, 1996), BIOS rel-1.16.0-0-gd239552ce722-prebuilt.qemu.org 04/01/2014
[   33.517682] RIP: 0010:pfn_reader_user_pin+0x2e6/0x390
[   33.518013] Code: b1 11 e9 25 fe ff ff e8 28 dc 0f ff 31 ff 48 89 de e8 2e de 0f ff 48 85 db 74 0a e8 14 dc 0f ff e9 4d ff ff ff e8 0a dc 0f ff <0f> 0b bb f2 ff ff ff e9 3c ff ff ff e8 f9 db 0f ff ba 01 00 00 00
[   33.518752] RSP: 0018:ffffc90000f97a30 EFLAGS: 00010246
[   33.518978] RAX: 0000000000000000 RBX: 0000000000000000 RCX: ffffffff821e6692
[   33.519278] RDX: 0000000000000000 RSI: ffff88800ab38000 RDI: 0000000000000002
[   33.519577] RBP: ffffc90000f97a78 R08: 00000000000000ff R09: 0000000054a5eb9b
[   33.519906] R10: ffffc90000f97790 R11: ffff88800ab38d98 R12: ffffc90000f97c60
[   33.520200] R13: 0000000000000002 R14: ffff88800dc14200 R15: 0000000000000000
[   33.520500] FS:  00000000024b63c0(0000) GS:ffff88807dd00000(0000) knlGS:0000000000000000
[   33.520831] CS:  0010 DS: 0000 ES: 0000 CR0: 0000000080050033
[   33.521074] CR2: 0000000020000048 CR3: 000000000defe001 CR4: 0000000000770ee0
[   33.521372] PKRU: 55555554
[   33.521491] Call Trace:
[   33.521601]  <TASK>
[   33.521703]  pfn_reader_next+0x14a/0x7b0
[   33.521883]  ? interval_tree_double_span_iter_update+0x11a/0x140
[   33.522152]  pfn_reader_first+0x140/0x1b0
[   33.522336]  iopt_pages_rw_slow+0x71/0x280
executing program
[   33.522600]  ? __this_cpu_preempt_check+0x20/0x30
[   33.522827]  iopt_pages_rw_access+0x2b2/0x5b0
[   33.523025]  iommufd_access_rw+0x19f/0x2f0
[   33.523209]  iommufd_test+0xd11/0x16f0
[   33.523373]  ? write_comp_data+0x2f/0x90
[   33.523553]  iommufd_fops_ioctl+0x206/0x330
[   33.523756]  __x64_sys_ioctl+0x10e/0x160
[   33.523930]  ? __pfx_iommufd_fops_ioctl+0x10/0x10
[   33.524136]  do_syscall_64+0x3b/0x90
[   33.524302]  entry_SYSCALL_64_after_hwframe+0x72/0xdc
[   33.524524] RIP: 0033:0x44f3ed
[   33.524662] Code: db 48 89 d8 5b 5d 41 5c 41 5d 41 5e c3 f3 0f 1e fa 48 89 f8 48 89 f7 48 89 d6 48 89 ca 4d 89 c2 4d 89 c8 4c 8b 4c 24 08 0f 05 <48> 3d 01 f0 ff ff 73 01 c3 48 c7 c1 a8 ff ff ff f7 d8 64 89 01 48
[   33.525399] RSP: 002b:00007ffc26409068 EFLAGS: 00000246 ORIG_RAX: 0000000000000010
[   33.525710] RAX: ffffffffffffffda RBX: 00000000004e2018 RCX: 000000000044f3ed
[   33.526003] RDX: 00000000200001c0 RSI: 0000000000003ba0 RDI: 0000000000000006
[   33.526295] RBP: 0000000000411810 R08: 00000000004e2018 R09: 00000000004e2018
[   33.526589] R10: 00000000004e2018 R11: 0000000000000246 R12: 00000000004118b0
[   33.526877] R13: 0000000000000000 R14: 00000000004004e8 R15: 0000000000000000
[   33.527179]  </TASK>
[   33.527277] irq event stamp: 25603
[   33.527423] hardirqs last  enabled at (25611): [<ffffffff811edf41>] __up_console_sem+0x91/0xb0
[   33.527790] hardirqs last disabled at (25620): [<ffffffff811edf26>] __up_console_sem+0x76/0xb0
[   33.528147] softirqs last  enabled at (25440): [<ffffffff83029bdc>] __do_softirq+0x31c/0x49c
[   33.528501] softirqs last disabled at (25433): [<ffffffff8112e774>] irq_exit_rcu+0xc4/0x100
[   33.528845] ---[ end trace 0000000000000000 ]---

VM DIAGNOSIS:
22:46:54  Registers:
info registers vcpu 0
RAX=0000000000000000 RBX=ffffc90000827d20 RCX=ffffffff816501c1 RDX=0000000000000000
RSI=0000000000000040 RDI=0000000000000000 RBP=ffffc90000827be0 RSP=ffffc90000827b78
R8 =0000000000000001 R9 =0000000000000001 R10=0000000000000001 R11=0000000000000000
R12=ffff88800c5b7d68 R13=0000000000000040 R14=0000000000000051 R15=0000000000200000
RIP=ffffffff812e4490 RFL=00000246 [---Z-P-] CPL=0 II=0 A20=1 SMM=0 HLT=0
ES =0000 0000000000000000 ffffffff 00c00000
CS =0010 0000000000000000 ffffffff 00a09b00 DPL=0 CS64 [-RA]
SS =0018 0000000000000000 ffffffff 00c09300 DPL=0 DS   [-WA]
DS =0000 0000000000000000 ffffffff 00c00000
FS =0000 00007fae5afd0980 ffffffff 00c00000
GS =0000 ffff88807dc00000 ffffffff 00c00000
LDT=0000 0000000000000000 ffffffff 00c00000
TR =0040 fffffe5ab7b3f000 00004087 00008b00 DPL=0 TSS64-busy
GDT=     fffffe5ab7b3d000 0000007f
IDT=     fffffe0000000000 00000fff
CR0=80050033 CR2=000055c81d4b6028 CR3=000000000af02003 CR4=00770ef0
DR0=0000000000000000 DR1=0000000000000000 DR2=0000000000000000 DR3=0000000000000000 
DR6=00000000ffff0ff0 DR7=0000000000000400
EFER=0000000000000d01
FCW=037f FSW=0000 [ST=0] FTW=00 MXCSR=00001f80
FPR0=0000000000000000 0000 FPR1=0000000000000000 0000
FPR2=0000000000000000 0000 FPR3=0000000000000000 0000
FPR4=0000000000000000 0000 FPR5=0000000000000000 0000
FPR6=0000000000000000 0000 FPR7=0000000000000000 0000
YMM00=0000000000000000 0000000000000000 ffffffffffffffff ffffffffffffffff
YMM01=0000000000000000 0000000000000000 6239623532666132 3332386366313939
YMM02=0000000000000000 0000000000000000 6462396235326661 3233323863663139
YMM03=0000000000000000 0000000000000000 2f6c616e72756f6a 2f676f6c2f726176
YMM04=0000000000000000 0000000000000000 39e8cfe044faf364 0000000000057870
YMM05=0000000000000000 0000000000000000 c5adffab73a0d800 00000000001155a8
YMM06=0000000000000000 0000000000000000 76f6fac107b5cf45 0000000000115508
YMM07=0000000000000000 0000000000000000 0000000000000000 0000000000000000
YMM08=0000000000000000 0000000000000000 415453454d49545f 454d49544c414552
YMM09=0000000000000000 0000000000000000 0000000000000000 0000000000000000
YMM10=0000000000000000 0000000000000000 311100226b515151 5151515151515151
YMM11=0000000000000000 0000000000000000 0000000000000000 0000000000000000
YMM12=0000000000000000 0000000000000000 0000000000000000 0000000000000000
YMM13=0000000000000000 0000000000000000 0000000000000000 0000000000000000
YMM14=0000000000000000 0000000000000000 0000000000000000 0000000000000000
YMM15=0000000000000000 0000000000000000 0000000000000000 0000000000000000
info registers vcpu 1
RAX=0000000000000030 RBX=0000000000000000 RCX=0000000000000000 RDX=00000000000003f8
RSI=ffff88800ab38000 RDI=0000000000000002 RBP=ffffc90000f97528 RSP=ffffc90000f97510
R8 =0000000000000055 R9 =0000000000000001 R10=0000000000000000 R11=0000000000000001
R12=ffffffff8696c140 R13=0000000000000030 R14=0000000000000005 R15=0000000000000000
RIP=ffffffff82162bb6 RFL=00000002 [-------] CPL=0 II=0 A20=1 SMM=0 HLT=0
ES =0000 0000000000000000 ffffffff 00c00000
CS =0010 0000000000000000 ffffffff 00a09b00 DPL=0 CS64 [-RA]
SS =0018 0000000000000000 ffffffff 00c09300 DPL=0 DS   [-WA]
DS =0000 0000000000000000 ffffffff 00c00000
FS =0000 00000000024b63c0 ffffffff 00c00000
GS =0000 ffff88807dd00000 ffffffff 00c00000
LDT=0000 0000000000000000 ffffffff 00c00000
TR =0040 fffffe3722d43000 00004087 00008b00 DPL=0 TSS64-busy
GDT=     fffffe3722d41000 0000007f
IDT=     fffffe0000000000 00000fff
CR0=80050033 CR2=0000000020000048 CR3=000000000defe001 CR4=00770ee0
DR0=0000000000000000 DR1=0000000000000000 DR2=0000000000000000 DR3=0000000000000000 
DR6=00000000ffff0ff0 DR7=0000000000000400
EFER=0000000000000d01
FCW=037f FSW=0000 [ST=0] FTW=00 MXCSR=00001f80
FPR0=0000000000000000 0000 FPR1=0000000000000000 0000
FPR2=0000000000000000 0000 FPR3=0000000000000000 0000
FPR4=0000000000000000 0000 FPR5=0000000000000000 0000
FPR6=0000000000000000 0000 FPR7=0000000000000000 0000
YMM00=0000000000000000 0000000000000000 0000000000000000 0000000000000000
YMM01=0000000000000000 0000000000000000 4e4f435f48535300 3432393332373531
YMM02=0000000000000000 0000000000000000 00000000000000ff 0000000000000000
YMM03=0000000000000000 0000000000000000 0000000000000000 0000000000000000
YMM04=0000000000000000 0000000000000000 2f2f2f2f2f2f2f2f 2f2f2f2f2f2f2f2f
YMM05=0000000000000000 0000000000000000 0000000000000000 0000000000000000
YMM06=0000000000000000 0000000000000000 0000000000000000 0000000000000000
YMM07=0000000000000000 0000000000000000 0000000000000000 0000000000000000
YMM08=0000000000000000 0000000000000000 0000000000000000 0000000000000000
YMM09=0000000000000000 0000000000000000 0000000000000000 0000000000000000
YMM10=0000000000000000 0000000000000000 0000000000000000 0000000000000000
YMM11=0000000000000000 0000000000000000 0000000000000000 0000000000000000
YMM12=0000000000000000 0000000000000000 0000000000000000 0000000000000000
YMM13=0000000000000000 0000000000000000 0000000000000000 0000000000000000
YMM14=0000000000000000 0000000000000000 0000000000000000 0000000000000000
YMM15=0000000000000000 0000000000000000 0000000000000000 0000000000000000
