c[?7l[2J[0mSeaBIOS (version rel-1.16.0-0-gd239552ce722-prebuilt.qemu.org)


iPXE (http://ipxe.org) 00:03.0 CA00 PCI2.10 PnP PMM+7FF91000+7FEF1000 CA00
Press Ctrl-B to configure iPXE (PCI 00:03.0)...                                                                               


Booting from ROM..c[?7l[2J[    0.000000] Linux version 6.8.0-rc1-4e192be1a225+ (root@p-rpls01.sh.intel.com) (gcc (GCC) 11.4.1 20231218 (Red Hat 11.4.1-3), GNU ld version 2.35.2-42.el9) #1 SMP PREEMPT_DYNAMIC Tue Feb 20 09:56:32 CST 2024
[    0.000000] Command line: console=ttyS0 root=/dev/sda earlyprintk=serial net.ifnames=0 plymouth.enable=0
[    0.000000] KERNEL supported cpus:
[    0.000000]   Intel GenuineIntel
[    0.000000]   AMD AuthenticAMD
[    0.000000]   Hygon HygonGenuine
[    0.000000]   Centaur CentaurHauls
[    0.000000]   zhaoxin   Shanghai  
[    0.000000] BIOS-provided physical RAM map:
[    0.000000] BIOS-e820: [mem 0x0000000000000000-0x000000000009fbff] usable
[    0.000000] BIOS-e820: [mem 0x000000000009fc00-0x000000000009ffff] reserved
[    0.000000] BIOS-e820: [mem 0x00000000000f0000-0x00000000000fffff] reserved
[    0.000000] BIOS-e820: [mem 0x0000000000100000-0x000000007ffdffff] usable
[    0.000000] BIOS-e820: [mem 0x000000007ffe0000-0x000000007fffffff] reserved
[    0.000000] BIOS-e820: [mem 0x00000000feffc000-0x00000000feffffff] reserved
[    0.000000] BIOS-e820: [mem 0x00000000fffc0000-0x00000000ffffffff] reserved
[    0.000000] printk: legacy bootconsole [earlyser0] enabled
[    0.000000] NX (Execute Disable) protection: active
[    0.000000] APIC: Static calls initialized
[    0.000000] SMBIOS 2.8 present.
[    0.000000] DMI: QEMU Standard PC (i440FX + PIIX, 1996), BIOS rel-1.16.0-0-gd239552ce722-prebuilt.qemu.org 04/01/2014
[    0.000000] Hypervisor detected: KVM
[    0.000000] kvm-clock: Using msrs 4b564d01 and 4b564d00
[    0.000003] kvm-clock: using sched offset of 703401746 cycles
[    0.000479] clocksource: kvm-clock: mask: 0xffffffffffffffff max_cycles: 0x1cd42e4dffb, max_idle_ns: 881590591483 ns
[    0.001965] tsc: Detected 806.400 MHz processor
[    0.010050] last_pfn = 0x7ffe0 max_arch_pfn = 0x400000000
[    0.010582] MTRR map: 4 entries (3 fixed + 1 variable; max 19), built from 8 variable MTRRs
[    0.011339] x86/PAT: Configuration [0-7]: WB  WC  UC- UC  WB  WP  UC- WT  
[    0.017651] found SMP MP-table at [mem 0x000f5ba0-0x000f5baf]
[    0.018210] Using GB pages for direct mapping
[    0.018611] Incomplete global flushes, disabling PCID
[    0.021017] ACPI: Early table checksum verification disabled
[    0.021968] ACPI: RSDP 0x00000000000F59C0 000014 (v00 BOCHS )
[    0.022487] ACPI: RSDT 0x000000007FFE1951 000034 (v01 BOCHS  BXPC     00000001 BXPC 00000001)
[    0.023268] ACPI: FACP 0x000000007FFE17FD 000074 (v01 BOCHS  BXPC     00000001 BXPC 00000001)
[    0.024050] ACPI: DSDT 0x000000007FFE0040 0017BD (v01 BOCHS  BXPC     00000001 BXPC 00000001)
[    0.024824] ACPI: FACS 0x000000007FFE0000 000040
[    0.025252] ACPI: APIC 0x000000007FFE1871 000080 (v01 BOCHS  BXPC     00000001 BXPC 00000001)
[    0.026026] ACPI: HPET 0x000000007FFE18F1 000038 (v01 BOCHS  BXPC     00000001 BXPC 00000001)
[    0.026803] ACPI: WAET 0x000000007FFE1929 000028 (v01 BOCHS  BXPC     00000001 BXPC 00000001)
[    0.027579] ACPI: Reserving FACP table memory at [mem 0x7ffe17fd-0x7ffe1870]
[    0.028208] ACPI: Reserving DSDT table memory at [mem 0x7ffe0040-0x7ffe17fc]
[    0.028838] ACPI: Reserving FACS table memory at [mem 0x7ffe0000-0x7ffe003f]
[    0.029465] ACPI: Reserving APIC table memory at [mem 0x7ffe1871-0x7ffe18f0]
[    0.030094] ACPI: Reserving HPET table memory at [mem 0x7ffe18f1-0x7ffe1928]
[    0.030725] ACPI: Reserving WAET table memory at [mem 0x7ffe1929-0x7ffe1950]
[    0.031888] No NUMA configuration found
[    0.032234] Faking a node at [mem 0x0000000000000000-0x000000007ffdffff]
[    0.032865] NODE_DATA(0) allocated [mem 0x7ffb5000-0x7ffdffff]
[    0.035167] Zone ranges:
[    0.035410]   DMA      [mem 0x0000000000001000-0x0000000000ffffff]
[    0.035989]   DMA32    [mem 0x0000000001000000-0x000000007ffdffff]
[    0.036564]   Normal   empty
[    0.036835]   Device   empty
[    0.037106] Movable zone start for each node
[    0.037511] Early memory node ranges
[    0.037843]   node   0: [mem 0x0000000000001000-0x000000000009efff]
[    0.038410]   node   0: [mem 0x0000000000100000-0x000000007ffdffff]
[    0.038987] Initmem setup node 0 [mem 0x0000000000001000-0x000000007ffdffff]
[    0.039970] On node 0, zone DMA: 1 pages in unavailable ranges
[    0.040743] On node 0, zone DMA: 97 pages in unavailable ranges
[    0.071662] On node 0, zone DMA32: 32 pages in unavailable ranges
[    0.130716] kasan: KernelAddressSanitizer initialized
[    0.131515] ACPI: PM-Timer IO Port: 0x608
[    0.131925] ACPI: LAPIC_NMI (acpi_id[0xff] dfl dfl lint[0x1])
[    0.132543] IOAPIC[0]: apic_id 0, version 17, address 0xfec00000, GSI 0-23
[    0.133216] ACPI: INT_SRC_OVR (bus 0 bus_irq 0 global_irq 2 dfl dfl)
[    0.133818] ACPI: INT_SRC_OVR (bus 0 bus_irq 5 global_irq 5 high level)
[    0.134426] ACPI: INT_SRC_OVR (bus 0 bus_irq 9 global_irq 9 high level)
[    0.135032] ACPI: INT_SRC_OVR (bus 0 bus_irq 10 global_irq 10 high level)
[    0.135658] ACPI: INT_SRC_OVR (bus 0 bus_irq 11 global_irq 11 high level)
[    0.136289] ACPI: Using ACPI (MADT) for SMP configuration information
[    0.136878] ACPI: HPET id: 0x8086a201 base: 0xfed00000
[    0.137355] TSC deadline timer available
[    0.137718] smpboot: Allowing 2 CPUs, 0 hotplug CPUs
[    0.138239] kvm-guest: APIC: eoi() replaced with kvm_guest_apic_eoi_write()
[    0.138935] kvm-guest: KVM setup pv remote TLB flush
[    0.139403] kvm-guest: setup PV sched yield
[    0.139854] PM: hibernation: Registered nosave memory: [mem 0x00000000-0x00000fff]
[    0.140572] PM: hibernation: Registered nosave memory: [mem 0x0009f000-0x0009ffff]
[    0.141279] PM: hibernation: Registered nosave memory: [mem 0x000a0000-0x000effff]
[    0.141990] PM: hibernation: Registered nosave memory: [mem 0x000f0000-0x000fffff]
[    0.142706] [mem 0x80000000-0xfeffbfff] available for PCI devices
[    0.143277] Booting paravirtualized kernel on KVM
[    0.143733] clocksource: refined-jiffies: mask: 0xffffffff max_cycles: 0xffffffff, max_idle_ns: 7645519600211568 ns
[    0.144730] setup_percpu: NR_CPUS:8192 nr_cpumask_bits:2 nr_cpu_ids:2 nr_node_ids:1
[    0.145962] percpu: Embedded 82 pages/cpu s299008 r8192 d28672 u1048576
[    0.146786] kvm-guest: PV spinlocks enabled
[    0.147193] PV qspinlock hash table entries: 256 (order: 0, 4096 bytes, linear)
[    0.147903] Kernel command line: net.ifnames=0 console=ttyS0 root=/dev/sda earlyprintk=serial net.ifnames=0 plymouth.enable=0
[    0.149328] random: crng init done
[    0.150071] Dentry cache hash table entries: 262144 (order: 9, 2097152 bytes, linear)
[    0.151219] Inode-cache hash table entries: 131072 (order: 8, 1048576 bytes, linear)
[    0.152234] Fallback order for Node 0: 0 
[    0.152248] Built 1 zonelists, mobility grouping on.  Total pages: 515808
[    0.153218] Policy zone: DMA32
[    0.153499] mem auto-init: stack:off, heap alloc:off, heap free:off
[    0.154077] stackdepot: allocating hash table via alloc_large_system_hash
[    0.154706] stackdepot hash table entries: 1048576 (order: 12, 16777216 bytes, linear)
[    0.223984] Memory: 1619036K/2096632K available (73728K kernel code, 14135K rwdata, 16620K rodata, 14920K init, 21856K bss, 477340K reserved, 0K cma-reserved)
[    0.226867] SLUB: HWalign=64, Order=0-3, MinObjects=0, CPUs=2, Nodes=1
[    0.227452] kmemleak: Kernel memory leak detector disabled
[    0.228137] ftrace: allocating 70371 entries in 275 pages
[    0.258824] ftrace: allocated 275 pages with 4 groups
[    0.264277] Dynamic Preempt: voluntary
[    0.265401] Running RCU self tests
[    0.265722] Running RCU synchronous self tests
[    0.266137] rcu: Preemptible hierarchical RCU implementation.
[    0.266659] rcu: 	RCU lockdep checking is enabled.
[    0.267090] rcu: 	RCU restricting CPUs from NR_CPUS=8192 to nr_cpu_ids=2.
[    0.267701] 	Trampoline variant of Tasks RCU enabled.
[    0.268153] 	Rude variant of Tasks RCU enabled.
[    0.268562] 	Tracing variant of Tasks RCU enabled.
[    0.268991] rcu: RCU calculated value of scheduler-enlistment delay is 25 jiffies.
[    0.269671] rcu: Adjusting geometry for rcu_fanout_leaf=16, nr_cpu_ids=2
[    0.270355] Running RCU synchronous self tests
[    0.327721] NR_IRQS: 524544, nr_irqs: 440, preallocated irqs: 16
[    0.329163] rcu: srcu_init: Setting srcu_struct sizes based on contention.
[    0.337640] Console: colour VGA+ 80x25
[    0.338061] printk: legacy console [ttyS0] enabled
[    0.338061] printk: legacy console [ttyS0] enabled
[    0.338922] printk: legacy bootconsole [earlyser0] disabled
[    0.338922] printk: legacy bootconsole [earlyser0] disabled
[    0.339934] Lock dependency validator: Copyright (c) 2006 Red Hat, Inc., Ingo Molnar
[    0.340622] ... MAX_LOCKDEP_SUBCLASSES:  8
[    0.340990] ... MAX_LOCK_DEPTH:          48
[    0.341366] ... MAX_LOCKDEP_KEYS:        8192
[    0.341762] ... CLASSHASH_SIZE:          4096
[    0.342155] ... MAX_LOCKDEP_ENTRIES:     32768
[    0.342560] ... MAX_LOCKDEP_CHAINS:      65536
[    0.342958] ... CHAINHASH_SIZE:          32768
[    0.343355]  memory used by lock dependency info: 6429 kB
[    0.343841]  memory used for stack traces: 4224 kB
[    0.344271]  per task-struct memory footprint: 1920 bytes
[    0.344900] ACPI: Core revision 20230628
[    0.345960] clocksource: hpet: mask: 0xffffffff max_cycles: 0xffffffff, max_idle_ns: 19112604467 ns
[    0.347056] APIC: Switch to symmetric I/O mode setup
[    0.347684] x2apic enabled
[    0.348378] APIC: Switched APIC routing to: physical x2apic
[    0.348883] kvm-guest: APIC: send_IPI_mask() replaced with kvm_send_ipi_mask()
[    0.349536] kvm-guest: APIC: send_IPI_mask_allbutself() replaced with kvm_send_ipi_mask_allbutself()
[    0.350337] kvm-guest: setup PV IPIs
[    0.352100] ..TIMER: vector=0x30 apic1=0 pin1=2 apic2=-1 pin2=-1
[    0.352670] clocksource: tsc-early: mask: 0xffffffffffffffff max_cycles: 0xb9fb05486c, max_idle_ns: 440795231721 ns
[    0.353617] Calibrating delay loop (skipped) preset value.. 1612.80 BogoMIPS (lpj=3225600)
[    0.354550] x86/cpu: User Mode Instruction Prevention (UMIP) activated
[    0.357848] Last level iTLB entries: 4KB 0, 2MB 0, 4MB 0
[    0.358344] Last level dTLB entries: 4KB 0, 2MB 0, 4MB 0, 1GB 0
[    0.358885] Spectre V1 : Mitigation: usercopy/swapgs barriers and __user pointer sanitization
[    0.359622] Spectre V2 : WARNING: Unprivileged eBPF is enabled with eIBRS on, data leaks possible via Spectre v2 BHB attacks!
[    0.360594] Spectre V2 : Mitigation: Enhanced / Automatic IBRS
[    0.361085] Spectre V2 : Spectre v2 / SpectreRSB mitigation: Filling RSB on context switch
[    0.361598] Spectre V2 : Spectre v2 / PBRSB-eIBRS: Retire a single CALL on VMEXIT
[    0.362230] Spectre V2 : mitigation: Enabling conditional Indirect Branch Prediction Barrier
[    0.362930] Speculative Store Bypass: Mitigation: Speculative Store Bypass disabled via prctl
[    0.363633] MMIO Stale Data: Unknown: No mitigations
[    0.364087] x86/fpu: Supporting XSAVE feature 0x001: 'x87 floating point registers'
[    0.364750] x86/fpu: Supporting XSAVE feature 0x002: 'SSE registers'
[    0.365597] x86/fpu: Supporting XSAVE feature 0x004: 'AVX registers'
[    0.366152] x86/fpu: Supporting XSAVE feature 0x200: 'Protection Keys User registers'
[    0.366824] x86/fpu: xstate_offset[2]:  576, xstate_sizes[2]:  256
[    0.367360] x86/fpu: xstate_offset[9]:  832, xstate_sizes[9]:    8
[    0.367898] x86/fpu: Enabled xstate features 0x207, context size is 840 bytes, using 'compacted' format.
[    0.518949] Freeing SMP alternatives memory: 56K
[    0.519395] pid_max: default: 32768 minimum: 301
[    0.520464] LSM: initializing lsm=capability,yama,integrity
[    0.520979] Yama: becoming mindful.
[    0.521832] Mount-cache hash table entries: 4096 (order: 3, 32768 bytes, linear)
[    0.522471] Mountpoint-cache hash table entries: 4096 (order: 3, 32768 bytes, linear)
[    0.525527] Running RCU synchronous self tests
[    0.525605] Running RCU synchronous self tests
[    0.526510] smpboot: CPU0: Genuine Intel(R) 0000 (family: 0x6, model: 0xb7, stepping: 0x0)
[    0.528278] RCU Tasks: Setting shift to 1 and lim to 1 rcu_task_cb_adjust=1.
[    0.528987] RCU Tasks Rude: Setting shift to 1 and lim to 1 rcu_task_cb_adjust=1.
[    0.529593] RCU Tasks Trace: Setting shift to 1 and lim to 1 rcu_task_cb_adjust=1.
[    0.529593] Running RCU Tasks wait API self tests
[    0.633734] Running RCU Tasks Rude wait API self tests
[    0.634343] Running RCU Tasks Trace wait API self tests
[    0.634821] Performance Events: Alderlake Hybrid events, full-width counters, Intel PMU driver.
[    0.636477] core: cpu_core PMU driver: 
[    0.636804] ... version:                2
[    0.637121] ... bit width:              48
[    0.637454] ... generic registers:      6
[    0.637602] ... value mask:             0000ffffffffffff
[    0.638013] ... max period:             00007fffffffffff
[    0.638424] ... fixed-purpose events:   3
[    0.638736] ... event mask:             000100070000003f
[    0.639221] signal: max sigframe size: 3632
[    0.639782] rcu: Hierarchical SRCU implementation.
[    0.640156] rcu: 	Max phase no-delay instances is 1000.
[    0.641744] Callback from call_rcu_tasks_trace() invoked.
[    0.646286] unchecked MSR access error: WRMSR to 0x38f (tried to write 0x000100070000003f) at rIP: 0xffffffff811d6252 (native_write_msr+0x22/0x60)
[    0.647336] Call Trace:
[    0.647533]  <TASK>
[    0.647706]  ? show_stack_regs+0x31/0x40
[    0.648021]  ? ex_handler_msr+0x45e/0x560
[    0.648343]  ? __sanitizer_cov_trace_switch+0x21/0xa0
[    0.648742]  ? fixup_exception+0x8f7/0xce0
[    0.649070]  ? gp_try_fixup_and_notify.constprop.0+0x30/0x1b0
[    0.649530]  ? exc_general_protection+0x139/0x340
[    0.649593]  ? asm_exc_general_protection+0x2b/0x30
[    0.649593]  ? native_write_msr+0x1a/0x60
[    0.649593]  ? native_write_msr+0x22/0x60
[    0.649593]  ? native_write_msr+0x1a/0x60
[    0.649593]  __intel_pmu_enable_all.constprop.0+0x144/0x390
[    0.649593]  intel_pmu_enable_all+0x1e/0x30
[    0.649593]  x86_pmu_enable+0x574/0xe50
[    0.649593]  ? ctx_sched_in+0x11d/0x650
[    0.649593]  ? ctx_sched_out+0x1c5/0x7a0
[    0.649593]  ? intel_pmu_disable_all+0xb2/0xf0
[    0.649593]  ctx_resched+0x33b/0x4f0
[    0.649593]  __perf_install_in_context+0x244/0x970
[    0.649593]  ? generic_exec_single+0x350/0x560
[    0.649593]  ? smp_call_function_single+0x196/0x470
[    0.649593]  ? __pfx___perf_install_in_context+0x10/0x10
[    0.649593]  remote_function+0x136/0x1b0
[    0.649593]  ? debug_smp_processor_id+0x20/0x30
[    0.649593]  ? __pfx_remote_function+0x10/0x10
[    0.649593]  generic_exec_single+0x202/0x560
[    0.649593]  smp_call_function_single+0x196/0x470
[    0.649593]  ? __pfx_remote_function+0x10/0x10
[    0.649593]  ? __pfx_smp_call_function_single+0x10/0x10
[    0.649593]  ? __pfx_remote_function+0x10/0x10
[    0.649593]  ? __sanitizer_cov_trace_const_cmp4+0x1a/0x20
[    0.649593]  ? exclusive_event_installable+0x25c/0x330
[    0.649593]  perf_install_in_context+0x4f4/0x5a0
[    0.649593]  ? __pfx_perf_install_in_context+0x10/0x10
[    0.649593]  ? __pfx___perf_install_in_context+0x10/0x10
[    0.649593]  ? __sanitizer_cov_trace_const_cmp4+0x1a/0x20
[    0.649593]  ? exclusive_event_installable+0x25c/0x330
[    0.649593]  perf_event_create_kernel_counter+0x4e3/0x680
[    0.649593]  hardlockup_detector_event_create+0xd1/0x1d0
[    0.649593]  watchdog_hardlockup_probe+0x34/0xa0
[    0.649593]  lockup_detector_init+0x72/0x100
[    0.649593]  kernel_init_freeable+0x93e/0x1120
[    0.649593]  ? __pfx_kernel_init+0x10/0x10
[    0.649593]  kernel_init+0x28/0x2e0
[    0.649593]  ? __pfx_kernel_init+0x10/0x10
[    0.649593]  ret_from_fork+0x56/0x90
[    0.649593]  ? __pfx_kernel_init+0x10/0x10
[    0.649593]  ret_from_fork_asm+0x1b/0x30
[    0.649593]  </TASK>
[    0.649984] smp: Bringing up secondary CPUs ...
[    0.651321] smpboot: x86: Booting SMP configuration:
[    0.651741] .... node  #0, CPUs:      #1
[    0.651995] smp: Brought up 1 node, 2 CPUs
[    0.653612] smpboot: Max logical packages: 1
[    0.653962] smpboot: Total of 2 processors activated (3225.60 BogoMIPS)
[    0.656693] devtmpfs: initialized
[    0.658117] x86/mm: Memory block size: 128MB
[    0.670686] Running RCU synchronous self tests
[    0.671103] Running RCU synchronous self tests
[    0.671566] clocksource: jiffies: mask: 0xffffffff max_cycles: 0xffffffff, max_idle_ns: 7645041785100000 ns
[    0.672357] futex hash table entries: 512 (order: 4, 65536 bytes, linear)
[    0.673899] pinctrl core: initialized pinctrl subsystem
[    0.675410] 
[    0.675546] *************************************************************
[    0.676080] **     NOTICE NOTICE NOTICE NOTICE NOTICE NOTICE NOTICE    **
[    0.676616] **                                                         **
[    0.677151] **  IOMMU DebugFS SUPPORT HAS BEEN ENABLED IN THIS KERNEL  **
[    0.677605] **                                                         **
[    0.678139] ** This means that this kernel is built to expose internal **
[    0.678675] ** IOMMU data structures, which may compromise security on **
[    0.679208] ** your system.                                            **
[    0.679744] **                                                         **
[    0.680279] ** If you see this message and you are not debugging the   **
[    0.680814] ** kernel, report this immediately to your vendor!         **
[    0.681350] **                                                         **
[    0.681606] **     NOTICE NOTICE NOTICE NOTICE NOTICE NOTICE NOTICE    **
[    0.682148] *************************************************************
[    0.682754] PM: RTC time: 09:03:26, date: 2024-02-20
[    0.686024] NET: Registered PF_NETLINK/PF_ROUTE protocol family
[    0.688411] DMA: preallocated 256 KiB GFP_KERNEL pool for atomic allocations
[    0.689012] DMA: preallocated 256 KiB GFP_KERNEL|GFP_DMA pool for atomic allocations
[    0.689630] DMA: preallocated 256 KiB GFP_KERNEL|GFP_DMA32 pool for atomic allocations
[    0.690388] audit: initializing netlink subsys (disabled)
[    0.690882] audit: type=2000 audit(1708419806.647:1): state=initialized audit_enabled=0 res=1
[    0.691837] thermal_sys: Registered thermal governor 'fair_share'
[    0.691850] thermal_sys: Registered thermal governor 'bang_bang'
[    0.693609] thermal_sys: Registered thermal governor 'step_wise'
[    0.694095] thermal_sys: Registered thermal governor 'user_space'
[    0.694689] cpuidle: using governor ladder
[    0.695550] cpuidle: using governor menu
[    0.696201] acpiphp: ACPI Hot Plug PCI Controller Driver version: 0.5
[    0.697786] PCI: Using configuration type 1 for base access
[    0.698787] kprobes: kprobe jump-optimization is enabled. All kprobes are optimized if possible.
[    0.814243] HugeTLB: registered 1.00 GiB page size, pre-allocated 0 pages
[    0.814849] HugeTLB: 16380 KiB vmemmap can be freed for a 1.00 GiB page
[    0.815431] HugeTLB: registered 2.00 MiB page size, pre-allocated 0 pages
[    0.817631] HugeTLB: 28 KiB vmemmap can be freed for a 2.00 MiB page
[    0.817637] Callback from call_rcu_tasks_rude() invoked.
[    0.824088] ACPI: Added _OSI(Module Device)
[    0.824501] ACPI: Added _OSI(Processor Device)
[    0.824890] ACPI: Added _OSI(3.0 _SCP Extensions)
[    0.825305] ACPI: Added _OSI(Processor Aggregator Device)
[    0.863958] ACPI: 1 ACPI AML tables successfully acquired and loaded
[    0.881209] ACPI: _OSC evaluation for CPUs failed, trying _PDC
[    0.884830] ACPI: Interpreter enabled
[    0.885401] ACPI: PM: (supports S0 S3 S4 S5)
[    0.885602] ACPI: Using IOAPIC for interrupt routing
[    0.886216] PCI: Using host bridge windows from ACPI; if necessary, use "pci=nocrs" and report a bug
[    0.887019] PCI: Using E820 reservations for host bridge windows
[    0.890432] ACPI: Enabled 2 GPEs in block 00 to 0F
[    0.976682] ACPI: PCI Root Bridge [PCI0] (domain 0000 [bus 00-ff])
[    0.977336] acpi PNP0A03:00: _OSC: OS supports [ASPM ClockPM Segments MSI EDR HPX-Type3]
[    0.977615] acpi PNP0A03:00: _OSC: not requesting OS control; OS requires [ExtendedConfig ASPM ClockPM MSI]
[    0.978862] acpi PNP0A03:00: fail to add MMCONFIG information, can't access extended configuration space under this bridge
[    0.990346] acpiphp: Slot [3] registered
[    0.991016] acpiphp: Slot [4] registered
[    0.991697] acpiphp: Slot [5] registered
[    0.992366] acpiphp: Slot [6] registered
[    0.993037] acpiphp: Slot [7] registered
[    0.993706] acpiphp: Slot [8] registered
[    0.994390] acpiphp: Slot [9] registered
[    0.995071] acpiphp: Slot [10] registered
[    0.995754] acpiphp: Slot [11] registered
[    0.996419] acpiphp: Slot [12] registered
[    0.997111] acpiphp: Slot [13] registered
[    0.997784] acpiphp: Slot [14] registered
[    0.998453] acpiphp: Slot [15] registered
[    0.999138] acpiphp: Slot [16] registered
[    0.999814] acpiphp: Slot [17] registered
[    1.000475] acpiphp: Slot [18] registered
[    1.001158] acpiphp: Slot [19] registered
[    1.001834] acpiphp: Slot [20] registered
[    1.002519] acpiphp: Slot [21] registered
[    1.003211] acpiphp: Slot [22] registered
[    1.004091] acpiphp: Slot [23] registered
[    1.004768] acpiphp: Slot [24] registered
[    1.005437] acpiphp: Slot [25] registered
[    1.005908] acpiphp: Slot [26] registered
[    1.006581] acpiphp: Slot [27] registered
[    1.007254] acpiphp: Slot [28] registered
[    1.007926] acpiphp: Slot [29] registered
[    1.008600] acpiphp: Slot [30] registered
[    1.009284] acpiphp: Slot [31] registered
[    1.009770] PCI host bridge to bus 0000:00
[    1.010154] pci_bus 0000:00: root bus resource [io  0x0000-0x0cf7 window]
[    1.010779] pci_bus 0000:00: root bus resource [io  0x0d00-0xffff window]
[    1.011399] pci_bus 0000:00: root bus resource [mem 0x000a0000-0x000bffff window]
[    1.012075] pci_bus 0000:00: root bus resource [mem 0x80000000-0xfebfffff window]
[    1.012754] pci_bus 0000:00: root bus resource [mem 0x100000000-0x17fffffff window]
[    1.013453] pci_bus 0000:00: root bus resource [bus 00-ff]
[    1.013948] pci 0000:00:00.0: [8086:1237] type 00 class 0x060000 conventional PCI endpoint
[    1.040449] pci 0000:00:01.0: [8086:7000] type 00 class 0x060100 conventional PCI endpoint
[    1.043865] pci 0000:00:01.1: [8086:7010] type 00 class 0x010180 conventional PCI endpoint
[    1.046206] pci 0000:00:01.1: BAR 4 [io  0xc040-0xc04f]
[    1.047322] pci 0000:00:01.1: BAR 0 [io  0x01f0-0x01f7]: legacy IDE quirk
[    1.047946] pci 0000:00:01.1: BAR 1 [io  0x03f6]: legacy IDE quirk
[    1.048505] pci 0000:00:01.1: BAR 2 [io  0x0170-0x0177]: legacy IDE quirk
[    1.049118] pci 0000:00:01.1: BAR 3 [io  0x0376]: legacy IDE quirk
[    1.050454] pci 0000:00:01.3: [8086:7113] type 00 class 0x068000 conventional PCI endpoint
[    1.051586] pci 0000:00:01.3: quirk: [io  0x0600-0x063f] claimed by PIIX4 ACPI
[    1.052242] pci 0000:00:01.3: quirk: [io  0x0700-0x070f] claimed by PIIX4 SMB
[    1.053617] pci 0000:00:02.0: [1234:1111] type 00 class 0x030000 conventional PCI endpoint
[    1.055876] pci 0000:00:02.0: BAR 0 [mem 0xfd000000-0xfdffffff pref]
[    1.063091] pci 0000:00:02.0: BAR 2 [mem 0xfebf0000-0xfebf0fff]
[    1.067405] pci 0000:00:02.0: ROM [mem 0xfebe0000-0xfebeffff pref]
[    1.068332] pci 0000:00:02.0: Video device with shadowed ROM at [mem 0x000c0000-0x000dffff]
[    1.094545] pci 0000:00:03.0: [8086:100e] type 00 class 0x020000 conventional PCI endpoint
[    1.098217] pci 0000:00:03.0: BAR 0 [mem 0xfebc0000-0xfebdffff]
[    1.100282] pci 0000:00:03.0: BAR 1 [io  0xc000-0xc03f]
[    1.104399] pci 0000:00:03.0: ROM [mem 0xfeb80000-0xfebbffff pref]
[    1.145238] ACPI: PCI: Interrupt link LNKA configured for IRQ 10
[    1.148101] ACPI: PCI: Interrupt link LNKB configured for IRQ 10
[    1.151080] ACPI: PCI: Interrupt link LNKC configured for IRQ 11
[    1.154074] ACPI: PCI: Interrupt link LNKD configured for IRQ 11
[    1.155570] ACPI: PCI: Interrupt link LNKS configured for IRQ 9
[    1.161647] iommu: Default domain type: Translated
[    1.162119] iommu: DMA domain TLB invalidation policy: lazy mode
[    1.166302] SCSI subsystem initialized
[    1.171083] ACPI: bus type USB registered
[    1.171083] usbcore: registered new interface driver usbfs
[    1.171083] usbcore: registered new interface driver hub
[    1.171428] usbcore: registered new device driver usb
[    1.172250] pps_core: LinuxPPS API ver. 1 registered
[    1.172697] pps_core: Software ver. 5.3.6 - Copyright 2005-2007 Rodolfo Giometti <giometti@linux.it>
[    1.173541] PTP clock support registered
[    1.188865] EDAC MC: Ver: 3.0.0
[    1.197466] NetLabel: Initializing
[    1.197608] NetLabel:  domain hash size = 128
[    1.197988] NetLabel:  protocols = UNLABELED CIPSOv4 CALIPSO
[    1.198718] NetLabel:  unlabeled traffic allowed by default
[    1.199996] PCI: Using ACPI for IRQ routing
[    1.200843] pci 0000:00:02.0: vgaarb: setting as boot VGA device
[    1.201394] pci 0000:00:02.0: vgaarb: bridge control possible
[    1.201593] pci 0000:00:02.0: vgaarb: VGA device added: decodes=io+mem,owns=io+mem,locks=none
[    1.205604] vgaarb: loaded
[    1.206850] hpet0: at MMIO 0xfed00000, IRQs 2, 8, 0
[    1.207305] hpet0: 3 comparators, 64-bit 100.000000 MHz counter
[    1.222971] clocksource: Switched to clocksource kvm-clock
[    2.954644] VFS: Disk quotas dquot_6.6.0
[    2.955099] VFS: Dquot-cache hash table entries: 512 (order 0, 4096 bytes)
[    2.956522] pnp: PnP ACPI init
[    2.964405] pnp: PnP ACPI: found 6 devices
[    2.990058] clocksource: acpi_pm: mask: 0xffffff max_cycles: 0xffffff, max_idle_ns: 2085701024 ns
[    2.991517] NET: Registered PF_INET protocol family
[    2.992117] IP idents hash table entries: 32768 (order: 6, 262144 bytes, linear)
[    2.994369] tcp_listen_portaddr_hash hash table entries: 1024 (order: 4, 73728 bytes, linear)
[    2.995101] Table-perturb hash table entries: 65536 (order: 6, 262144 bytes, linear)
[    2.995792] TCP established hash table entries: 16384 (order: 5, 131072 bytes, linear)
[    2.996830] TCP bind hash table entries: 16384 (order: 9, 2359296 bytes, linear)
[    2.998561] TCP: Hash tables configured (established 16384 bind 16384)
[    2.999316] UDP hash table entries: 1024 (order: 5, 163840 bytes, linear)
[    2.999962] UDP-Lite hash table entries: 1024 (order: 5, 163840 bytes, linear)
[    3.000993] NET: Registered PF_UNIX/PF_LOCAL protocol family
[    3.003461] RPC: Registered named UNIX socket transport module.
[    3.004050] RPC: Registered udp transport module.
[    3.004447] RPC: Registered tcp transport module.
[    3.004837] RPC: Registered tcp-with-tls transport module.
[    3.005297] RPC: Registered tcp NFSv4.1 backchannel transport module.
[    3.005850] pci_bus 0000:00: resource 4 [io  0x0000-0x0cf7 window]
[    3.006375] pci_bus 0000:00: resource 5 [io  0x0d00-0xffff window]
[    3.006891] pci_bus 0000:00: resource 6 [mem 0x000a0000-0x000bffff window]
[    3.007464] pci_bus 0000:00: resource 7 [mem 0x80000000-0xfebfffff window]
[    3.008050] pci_bus 0000:00: resource 8 [mem 0x100000000-0x17fffffff window]
[    3.009277] pci 0000:00:01.0: PIIX3: Enabling Passive Release
[    3.009759] pci 0000:00:00.0: Limiting direct PCI/PCI transfers
[    3.010329] PCI: CLS 0 bytes, default 64
[    3.010745] ACPI: bus type thunderbolt registered
[    3.011594] clocksource: tsc: mask: 0xffffffffffffffff max_cycles: 0xb9fb05486c, max_idle_ns: 440795231721 ns
[    3.021410] Initialise system trusted keyrings
[    3.021993] Key type blacklist registered
[    3.022767] workingset: timestamp_bits=36 max_order=19 bucket_order=0
[    3.023450] zbud: loaded
[    3.026636] squashfs: version 4.0 (2009/01/31) Phillip Lougher
[    3.029614] NFS: Registering the id_resolver key type
[    3.030112] Key type id_resolver registered
[    3.030458] Key type id_legacy registered
[    3.030868] nfs4filelayout_init: NFSv4 File Layout Driver Registering...
[    3.031467] nfs4flexfilelayout_init: NFSv4 Flexfile Layout Driver Registering...
[    3.032503] fuse: init (API version 7.39)
[    3.033675] SGI XFS with ACLs, security attributes, realtime, quota, no debug enabled
[    3.036297] 9p: Installing v9fs 9p2000 file system support
[    3.051147] Key type asymmetric registered
[    3.051583] Asymmetric key parser 'x509' registered
[    3.052216] Block layer SCSI generic (bsg) driver version 0.4 loaded (major 243)
[    3.053404] io scheduler mq-deadline registered
[    3.053975] io scheduler bfq registered
[    3.055810] shpchp: Standard Hot Plug PCI Controller Driver version: 0.4
[    3.057587] IPMI message handler: version 39.2
[    3.058070] ipmi device interface
[    3.060037] Callback from call_rcu_tasks() invoked.
[    3.061406] input: Power Button as /devices/LNXSYSTM:00/LNXPWRBN:00/input/input0
[    3.062774] ACPI: button: Power Button [PWRF]
[    3.065431] ERST DBG: ERST support is disabled.
[    3.067348] Serial: 8250/16550 driver, 32 ports, IRQ sharing enabled
[    3.069747] 00:04: ttyS0 at I/O 0x3f8 (irq = 4, base_baud = 115200) is a 16550A
[    3.115739] Linux agpgart interface v0.103
[    3.119219] ACPI: bus type drm_connector registered
[    3.151645] brd: module loaded
[    3.170509] loop: module loaded
[    3.183751] scsi host0: ata_piix
[    3.185931] scsi host1: ata_piix
[    3.186913] ata1: PATA max MWDMA2 cmd 0x1f0 ctl 0x3f6 bmdma 0xc040 irq 14 lpm-pol 0
[    3.187506] ata2: PATA max MWDMA2 cmd 0x170 ctl 0x376 bmdma 0xc048 irq 15 lpm-pol 0
[    3.191192] tun: Universal TUN/TAP device driver, 1.6
[    3.192380] e100: Intel(R) PRO/100 Network Driver
[    3.192745] e100: Copyright(c) 1999-2006 Intel Corporation
[    3.193264] e1000: Intel(R) PRO/1000 Network Driver
[    3.193638] e1000: Copyright (c) 1999-2006 Intel Corporation.
[    3.352114] ata2: found unknown device (class 0)
[    3.353131] ata2.00: ATAPI: QEMU DVD-ROM, 2.5+, max UDMA/100
[    3.354304] ata1: found unknown device (class 0)
[    3.355083] ata1.00: ATA-7: QEMU HARDDISK, 2.5+, max UDMA/100
[    3.355566] ata1.00: 17196647 sectors, multi 16: LBA48 
[    3.357543] scsi 0:0:0:0: Direct-Access     ATA      QEMU HARDDISK    2.5+ PQ: 0 ANSI: 5
[    3.360753] sd 0:0:0:0: Attached scsi generic sg0 type 0
[    3.362437] scsi 1:0:0:0: CD-ROM            QEMU     QEMU DVD-ROM     2.5+ PQ: 0 ANSI: 5
[    3.363972] sd 0:0:0:0: [sda] 17196647 512-byte logical blocks: (8.80 GB/8.20 GiB)
[    3.368013] sd 0:0:0:0: [sda] Write Protect is off
[    3.368590] sd 0:0:0:0: [sda] Write cache: enabled, read cache: enabled, doesn't support DPO or FUA
[    3.369430] sd 0:0:0:0: [sda] Preferred minimum I/O size 512 bytes
[    3.378868] sd 0:0:0:0: [sda] Attached SCSI disk
[    3.386012] scsi 1:0:0:0: Attached scsi generic sg1 type 5
[    5.458343] ACPI: \_SB_.LNKC: Enabled at IRQ 11
[    5.784509] e1000 0000:00:03.0 eth0: (PCI:33MHz:32-bit) 52:54:00:12:34:56
[    5.785104] e1000 0000:00:03.0 eth0: Intel(R) PRO/1000 Network Connection
[    5.785821] e1000e: Intel(R) PRO/1000 Network Driver
[    5.786205] e1000e: Copyright(c) 1999 - 2015 Intel Corporation.
[    5.786764] igb: Intel(R) Gigabit Ethernet Network Driver
[    5.787176] igb: Copyright (c) 2007-2014 Intel Corporation.
[    5.787865] PPP generic driver version 2.4.2
[    5.789691] VFIO - User Level meta-driver version: 0.3
[    5.791355] usbcore: registered new interface driver uas
[    5.791891] usbcore: registered new interface driver usb-storage
[    5.792712] i8042: PNP: PS/2 Controller [PNP0303:KBD,PNP0f13:MOU] at 0x60,0x64 irq 1,12
[    5.794354] serio: i8042 KBD port at 0x60,0x64 irq 1
[    5.794802] serio: i8042 AUX port at 0x60,0x64 irq 12
[    5.797329] mousedev: PS/2 mouse device common for all mice
[    5.799984] input: AT Translated Set 2 keyboard as /devices/platform/i8042/serio0/input/input1
[    5.800372] rtc_cmos 00:05: RTC can wake from S4
[    5.802867] input: VirtualPS/2 VMware VMMouse as /devices/platform/i8042/serio1/input/input4
[    5.803787] rtc_cmos 00:05: registered as rtc0
[    5.804270] rtc_cmos 00:05: setting system clock to 2024-02-20T09:03:31 UTC (1708419811)
[    5.805165] input: VirtualPS/2 VMware VMMouse as /devices/platform/i8042/serio1/input/input3
[    5.805423] rtc_cmos 00:05: alarms up to one day, y3k, 242 bytes nvram, hpet irqs
[    5.806516] i2c_dev: i2c /dev entries driver
[    5.807029] device-mapper: core: CONFIG_IMA_DISABLE_HTABLE is disabled. Duplicate IMA measurements will not be recorded in the IMA log.
[    5.808063] device-mapper: uevent: version 1.0.3
[    5.809155] device-mapper: ioctl: 4.48.0-ioctl (2023-03-01) initialised: dm-devel@redhat.com
[    5.809821] intel_pstate: CPU model not supported
[    5.810491] sdhci: Secure Digital Host Controller Interface driver
[    5.810973] sdhci: Copyright(c) Pierre Ossman
[    5.811483] sdhci-pltfm: SDHCI platform and OF driver helper
[    5.812065] ledtrig-cpu: registered to indicate activity on CPUs
[    5.812895] drop_monitor: Initializing network drop monitor service
[    5.813892] NET: Registered PF_INET6 protocol family
[    5.818504] Segment Routing with IPv6
[    5.818888] In-situ OAM (IOAM) with IPv6
[    5.819304] NET: Registered PF_PACKET protocol family
[    5.819998] 9pnet: Installing 9P2000 support
[    5.820486] Key type dns_resolver registered
[    5.822752] IPI shorthand broadcast: enabled
[    5.884582] sched_clock: Marking stable (5864005124, 19820804)->(5906414811, -22588883)
[    5.886424] registered taskstats version 1
[    5.887483] Loading compiled-in X.509 certificates
[    5.956415] Key type .fscrypt registered
[    5.956792] Key type fscrypt-provisioning registered
[    5.961346] Key type encrypted registered
[    5.961784] ima: No TPM chip found, activating TPM-bypass!
[    5.962284] ima: Allocated hash algorithm: sha1
[    5.962788] ima: No architecture policies found
[    5.963317] evm: Initialising EVM extended attributes:
[    5.963752] evm: security.selinux
[    5.964067] evm: security.SMACK64
[    5.964354] evm: security.SMACK64EXEC
[    5.964671] evm: security.SMACK64TRANSMUTE
[    5.965020] evm: security.SMACK64MMAP
[    5.965338] evm: security.apparmor
[    5.965633] evm: security.ima
[    5.965894] evm: security.capability
[    5.966230] evm: HMAC attrs: 0x1
[    5.971456] PM:   Magic number: 12:942:70
[    5.972037]  memory: hash matches
[    5.973395] RAS: Correctable Errors collector initialized.
[    5.974527] clk: Disabling unused clocks
[    5.976199] md: Waiting for all devices to be available before autodetect
[    5.976617] md: If you don't use raid, use raid=noautodetect
[    5.976975] md: Autodetecting RAID arrays.
[    5.977253] md: autorun ...
[    5.977431] md: ... autorun DONE.
[    6.003493] EXT4-fs (sda): mounted filesystem 088740a9-c8b4-422c-999d-a804eb68a4da ro with ordered data mode. Quota mode: none.
[    6.004393] VFS: Mounted root (ext4 filesystem) readonly on device 8:0.
[    6.008662] devtmpfs: mounted
[    6.037733] Freeing unused decrypted memory: 2028K
[    6.042513] Freeing unused kernel image (initmem) memory: 14920K
[    6.042992] Write protecting the kernel read-only data: 92160k
[    6.045719] Freeing unused kernel image (rodata/data gap) memory: 1812K
[    6.115165] x86/mm: Checked W+X mappings: passed, no W+X pages found.
[    6.115578] Run /sbin/init as init process
[    6.315500] systemd[1]: systemd 252-15.el9 running in system mode (+PAM +AUDIT +SELINUX -APPARMOR +IMA +SMACK +SECCOMP +GCRYPT +GNUTLS +OPENSSL +ACL +BLKID +CURL +ELFUTILS -FIDO2 +IDN2 -IDN -IPTC +KMOD +LIBCRYPTSETUP +LIBFDISK +PCRE2 -PWQUALITY +P11KIT -QRENCODE +TPM2 +BZIP2 +LZ4 +XZ +ZLIB +ZSTD -BPF_FRAMEWORK +XKBCOMMON +UTMP +SYSVINIT default-hierarchy=unified)
[    6.317362] systemd[1]: Detected virtualization kvm.
[    6.317667] systemd[1]: Detected architecture x86-64.

Welcome to [0;31mCentOS Stream 9[0m!

[    6.323568] systemd[1]: Hostname set to <test>.
[    6.707371] systemd-rc-local-generator[125]: /etc/rc.d/rc.local is not marked executable, skipping.
[    7.136809] systemd[1]: Queued start job for default target Multi-User System.
[    7.156126] systemd[1]: Created slice Virtual Machine and Container Slice.
[[0;32m  OK  [0m] Created slice [0;1;39mVirtual Machine and Container Slice[0m.
[    7.162726] systemd[1]: Created slice Slice /system/getty.
[[0;32m  OK  [0m] Created slice [0;1;39mSlice /system/getty[0m.
[    7.166216] systemd[1]: Created slice Slice /system/modprobe.
[[0;32m  OK  [0m] Created slice [0;1;39mSlice /system/modprobe[0m.
[    7.169730] systemd[1]: Created slice Slice /system/serial-getty.
[[0;32m  OK  [0m] Created slice [0;1;39mSlice /system/serial-getty[0m.
[    7.174247] systemd[1]: Created slice Slice /system/sshd-keygen.
[[0;32m  OK  [0m] Created slice [0;1;39mSlice /system/sshd-keygen[0m.
[    7.177645] systemd[1]: Created slice User and Session Slice.
[[0;32m  OK  [0m] Created slice [0;1;39mUser and Session Slice[0m.
[    7.179146] systemd[1]: Started Forward Password Requests to Wall Directory Watch.
[[0;32m  OK  [0m] Started [0;1;39mForward Password R…uests to Wall Directory Watch[0m.
[    7.181822] systemd[1]: Set up automount Arbitrary Executable File Formats File System Automount Point.
[[0;32m  OK  [0m] Set up automount [0;1;39mArbitrary…s File System Automount Point[0m.
[    7.183237] systemd[1]: Reached target Local Integrity Protected Volumes.
[[0;32m  OK  [0m] Reached target [0;1;39mLocal Integrity Protected Volumes[0m.
[    7.184411] systemd[1]: Reached target Slice Units.
[[0;32m  OK  [0m] Reached target [0;1;39mSlice Units[0m.
[    7.185292] systemd[1]: Reached target Swaps.
[[0;32m  OK  [0m] Reached target [0;1;39mSwaps[0m.
[    7.186099] systemd[1]: Reached target Local Verity Protected Volumes.
[[0;32m  OK  [0m] Reached target [0;1;39mLocal Verity Protected Volumes[0m.
[    7.187629] systemd[1]: Listening on Device-mapper event daemon FIFOs.
[[0;32m  OK  [0m] Listening on [0;1;39mDevice-mapper event daemon FIFOs[0m.
[    7.189615] systemd[1]: Listening on LVM2 poll daemon socket.
[[0;32m  OK  [0m] Listening on [0;1;39mLVM2 poll daemon socket[0m.
[    7.190855] systemd[1]: multipathd control socket was skipped because of an unmet condition check (ConditionPathExists=/etc/multipath.conf).
[    7.259448] systemd[1]: Listening on RPCbind Server Activation Socket.
[[0;32m  OK  [0m] Listening on [0;1;39mRPCbind Server Activation Socket[0m.
[    7.260761] systemd[1]: Reached target RPC Port Mapper.
[[0;32m  OK  [0m] Reached target [0;1;39mRPC Port Mapper[0m.
[    7.265214] systemd[1]: Listening on Process Core Dump Socket.
[[0;32m  OK  [0m] Listening on [0;1;39mProcess Core Dump Socket[0m.
[    7.266743] systemd[1]: Listening on initctl Compatibility Named Pipe.
[[0;32m  OK  [0m] Listening on [0;1;39minitctl Compatibility Named Pipe[0m.
[    7.268604] systemd[1]: Listening on Journal Socket (/dev/log).
[[0;32m  OK  [0m] Listening on [0;1;39mJournal Socket (/dev/log)[0m.
[    7.270322] systemd[1]: Listening on Journal Socket.
[[0;32m  OK  [0m] Listening on [0;1;39mJournal Socket[0m.
[    7.272314] systemd[1]: Listening on udev Control Socket.
[[0;32m  OK  [0m] Listening on [0;1;39mudev Control Socket[0m.
[    7.274010] systemd[1]: Listening on udev Kernel Socket.
[[0;32m  OK  [0m] Listening on [0;1;39mudev Kernel Socket[0m.
[    7.304402] systemd[1]: Mounting Huge Pages File System...
         Mounting [0;1;39mHuge Pages File System[0m...
[    7.314992] systemd[1]: Mounting POSIX Message Queue File System...
         Mounting [0;1;39mPOSIX Message Queue File System[0m...
[    7.328467] systemd[1]: Mounting Kernel Debug File System...
         Mounting [0;1;39mKernel Debug File System[0m...
[    7.345610] systemd[1]: Mounting Kernel Trace File System...
         Mounting [0;1;39mKernel Trace File System[0m...
[    7.352286] systemd[1]: Kernel Module supporting RPCSEC_GSS was skipped because of an unmet condition check (ConditionPathExists=/etc/krb5.keytab).
[    7.353151] systemd[1]: Create List of Static Device Nodes was skipped because of an unmet condition check (ConditionFileNotEmpty=/lib/modules/6.8.0-rc1-4e192be1a225+/modules.devname).
[    7.363742] systemd[1]: Starting Monitoring of LVM2 mirrors, snapshots etc. using dmeventd or progress polling...
         Starting [0;1;39mMonitoring of LVM…meventd or progress polling[0m...
[    7.374048] systemd[1]: Starting Load Kernel Module configfs...
         Starting [0;1;39mLoad Kernel Module configfs[0m...
[    7.385025] systemd[1]: Starting Load Kernel Module drm...
         Starting [0;1;39mLoad Kernel Module drm[0m...
[    7.408987] systemd[1]: Starting Load Kernel Module fuse...
         Starting [0;1;39mLoad Kernel Module fuse[0m...
[    7.426378] systemd[1]: Starting Read and set NIS domainname from /etc/sysconfig/network...
         Starting [0;1;39mRead and set NIS …from /etc/sysconfig/network[0m...
[    7.450861] systemd[1]: Starting Journal Service...
         Starting [0;1;39mJournal Service[0m...
[    7.488595] systemd[1]: Starting Load Kernel Modules...
         Starting [0;1;39mLoad Kernel Modules[0m...
[    7.532509] systemd[1]: Starting Generate network units from Kernel command line...
         Starting [0;1;39mGenerate network …ts from Kernel command line[0m...
[    7.554841] systemd[1]: Starting Remount Root and Kernel File Systems...
         Starting [0;1;39mRemount Root and Kernel File Systems[0m...
[    7.559290] systemd[1]: Repartition Root Disk was skipped because no trigger condition checks were met.
[    7.576053] systemd[1]: Starting Coldplug All udev Devices...
         Starting [0;1;39mColdplug All udev Devices[0m...
[    7.613912] systemd[1]: Mounted Huge Pages File System.
[[0;32m  OK  [0m] Mounted [0;1;39mHuge Pages File System[0m.
[    7.615543] systemd[1]: Mounted POSIX Message Queue File System.
[[0;32m  OK  [0m] Mounted [0;1;39mPOSIX Message Queue File System[0m.
[    7.622529] systemd[1]: Mounted Kernel Debug File System.
[[0;32m  OK  [0m] Mounted [0;1;39mKernel Debug File System[0m.
[    7.624190] systemd[1]: Mounted Kernel Trace File System.
[[0;32m  OK  [0m] Mounted [0;1;39mKernel Trace File System[0m.
[    7.631960] systemd[1]: Finished Monitoring of LVM2 mirrors, snapshots etc. using dmeventd or progress polling.
[[0;32m  OK  [0m] Finished [0;1;39mMonitoring of LVM… dmeventd or progress polling[0m.
[    7.635782] systemd[1]: modprobe@configfs.service: Deactivated successfully.
[    7.648040] systemd[1]: Finished Load Kernel Module configfs.
[[0;32m  OK  [0m] Finished [0;1;39mLoad Kernel Module configfs[0m.
[    7.650827] systemd[1]: modprobe@drm.service: Deactivated successfully.
[    7.652608] systemd[1]: Finished Load Kernel Module drm.
[[0;32m  OK  [0m] Finished [0;1;39mLoad Kernel Module drm[0m.
[    7.658874] systemd[1]: modprobe@fuse.service: Deactivated successfully.
[    7.666074] systemd[1]: Finished Load Kernel Module fuse.
[[0;32m  OK  [0m] Finished [0;1;39mLoad Kernel Module fuse[0m.
[    7.671992] systemd[1]: Finished Read and set NIS domainname from /etc/sysconfig/network.
[[0;32m  OK  [0m] Finished [0;1;39mRead and set NIS …e from /etc/sysconfig/network[0m.
[    7.673969] systemd[1]: systemd-modules-load.service: Main process exited, code=exited, status=1/FAILURE
[    7.675326] systemd[1]: systemd-modules-load.service: Failed with result 'exit-code'.
[    7.678821] systemd[1]: Failed to start Load Kernel Modules.
[[0;1;31mFAILED[0m] Failed to start [0;1;39mLoad Kernel Modules[0m.
See 'systemctl status systemd-modules-load.service' for details.
[    7.682609] systemd[1]: Finished Generate network units from Kernel command line.
[[0;32m  OK  [0m] Finished [0;1;39mGenerate network units from Kernel command line[0m.
[    7.688947] systemd[1]: Reached target Preparation for Network.
[[0;32m  OK  [0m] Reached target [0;1;39mPreparation for Network[0m.
[    7.692070] EXT4-fs (sda): re-mounted 088740a9-c8b4-422c-999d-a804eb68a4da r/w. Quota mode: none.
[    7.728288] systemd[1]: Mounting FUSE Control File System...
         Mounting [0;1;39mFUSE Control File System[0m...
[    7.741048] systemd[1]: Mounting Kernel Configuration File System...
         Mounting [0;1;39mKernel Configuration File System[0m...
[    7.783920] systemd[1]: Starting Apply Kernel Variables...
         Starting [0;1;39mApply Kernel Variables[0m...
[    7.789758] systemd[1]: Started Journal Service.
[[0;32m  OK  [0m] Started [0;1;39mJournal Service[0m.
[[0;32m  OK  [0m] Finished [0;1;39mRemount Root and Kernel File Systems[0m.
[[0;32m  OK  [0m] Mounted [0;1;39mFUSE Control File System[0m.
[[0;32m  OK  [0m] Mounted [0;1;39mKernel Configuration File System[0m.
         Starting [0;1;39mFlush Journal to Persistent Storage[0m...
         Starting [0;1;39mLoad/Save Random Seed[0m...
[    7.942261] systemd-journald[147]: Received client request to flush runtime journal.
         Starting [0;1;39mCreate Static Device Nodes in /dev[0m...
         Starting [0;1;39mSetup Virtual Console[0m...
[[0;32m  OK  [0m] Finished [0;1;39mApply Kernel Variables[0m.
[[0;32m  OK  [0m] Finished [0;1;39mFlush Journal to Persistent Storage[0m.
[[0;32m  OK  [0m] Finished [0;1;39mLoad/Save Random Seed[0m.
[[0;32m  OK  [0m] Finished [0;1;39mCreate Static Device Nodes in /dev[0m.
         Starting [0;1;39mRule-based Manage…for Device Events and Files[0m...
[[0;32m  OK  [0m] Started [0;1;39mRule-based Manager for Device Events and Files[0m.
         Starting [0;1;39mAuto-connect to s…E devices found during boot[0m...
[[0;32m  OK  [0m] Finished [0;1;39mAuto-connect to s…VME devices found during boot[0m.
[[0;32m  OK  [0m] Finished [0;1;39mSetup Virtual Console[0m.
[[0;32m  OK  [0m] Finished [0;1;39mColdplug All udev Devices[0m.
[[0;32m  OK  [0m] Started [0;1;39mDispatch Password …ts to Console Directory Watch[0m.
[[0;32m  OK  [0m] Reached target [0;1;39mLocal Encrypted Volumes[0m.
[[0;32m  OK  [0m] Reached target [0;1;39mPath Units[0m.
         Starting [0;1;39mWait for udev To …plete Device Initialization[0m...
[[0;32m  OK  [0m] Found device [0;1;39m/dev/ttyS0[0m.
[[0;32m  OK  [0m] Listening on [0;1;39mLoad/Save RF …itch Status /dev/rfkill Watch[0m.
[[0;32m  OK  [0m] Finished [0;1;39mWait for udev To Complete Device Initialization[0m.
[[0;32m  OK  [0m] Reached target [0;1;39mPreparation for Local File Systems[0m.
[[0;32m  OK  [0m] Reached target [0;1;39mLocal File Systems[0m.
         Starting [0;1;39mTell Plymouth To Write Out Runtime Data[0m...
         Starting [0;1;39mAutomatic Boot Loader Update[0m...
         Starting [0;1;39mCreate Volatile Files and Directories[0m...
[[0;32m  OK  [0m] Finished [0;1;39mTell Plymouth To Write Out Runtime Data[0m.
[[0;32m  OK  [0m] Finished [0;1;39mAutomatic Boot Loader Update[0m.
[[0;32m  OK  [0m] Finished [0;1;39mCreate Volatile Files and Directories[0m.
         Mounting [0;1;39mRPC Pipe File System[0m...
         Starting [0;1;39mSecurity Auditing Service[0m...
         Starting [0;1;39mRPC Bind[0m...
[[0;32m  OK  [0m] Mounted [0;1;39mRPC Pipe File System[0m.
[[0;32m  OK  [0m] Reached target [0;1;39mrpc_pipefs.target[0m.
[[0;32m  OK  [0m] Started [0;1;39mRPC Bind[0m.
[[0;32m  OK  [0m] Started [0;1;39mSecurity Auditing Service[0m.
         Starting [0;1;39mRecord System Boot/Shutdown in UTMP[0m...
[[0;32m  OK  [0m] Finished [0;1;39mRecord System Boot/Shutdown in UTMP[0m.
[[0;32m  OK  [0m] Reached target [0;1;39mSystem Initialization[0m.
[[0;32m  OK  [0m] Started [0;1;39mDaily rotation of log files[0m.
[[0;32m  OK  [0m] Started [0;1;39mUpdates mlocate database every day[0m.
[[0;32m  OK  [0m] Started [0;1;39mDaily Cleanup of Temporary Directories[0m.
[[0;32m  OK  [0m] Started [0;1;39mdaily update of the root trust anchor for DNSSEC[0m.
[[0;32m  OK  [0m] Reached target [0;1;39mTimer Units[0m.
[[0;32m  OK  [0m] Listening on [0;1;39mD-Bus System Message Bus Socket[0m.
[[0;32m  OK  [0m] Listening on [0;1;39mOpen-iSCSI iscsid Socket[0m.
[[0;32m  OK  [0m] Listening on [0;1;39mOpen-iSCSI iscsiuio Socket[0m.
[[0;32m  OK  [0m] Listening on [0;1;39mSSSD Kerberos…ache Manager responder socket[0m.
[[0;32m  OK  [0m] Listening on [0;1;39mLibvirt interface local socket[0m.
[[0;32m  OK  [0m] Listening on [0;1;39mVirtual machine lock manager socket[0m.
[[0;32m  OK  [0m] Listening on [0;1;39mVirtual machine log manager socket[0m.
[[0;32m  OK  [0m] Listening on [0;1;39mLibvirt network local socket[0m.
[[0;32m  OK  [0m] Listening on [0;1;39mLibvirt nodedev local socket[0m.
[[0;32m  OK  [0m] Listening on [0;1;39mLibvirt nwfilter local socket[0m.
[[0;32m  OK  [0m] Listening on [0;1;39mLibvirt proxy local socket[0m.
[[0;32m  OK  [0m] Listening on [0;1;39mLibvirt qemu local socket[0m.
[[0;32m  OK  [0m] Listening on [0;1;39mLibvirt qemu admin socket[0m.
[[0;32m  OK  [0m] Listening on [0;1;39mLibvirt qemu local read-only socket[0m.
[[0;32m  OK  [0m] Listening on [0;1;39mLibvirt secret local socket[0m.
[[0;32m  OK  [0m] Listening on [0;1;39mLibvirt storage local socket[0m.
[[0;32m  OK  [0m] Reached target [0;1;39mSocket Units[0m.
         Starting [0;1;39mD-Bus System Message Bus[0m...
[[0;32m  OK  [0m] Started [0;1;39mD-Bus System Message Bus[0m.
[[0;32m  OK  [0m] Reached target [0;1;39mBasic System[0m.
         Starting [0;1;39mNetwork Manager[0m...
         Starting [0;1;39mNTP client/server[0m...
         Starting [0;1;39mRestore /run/initramfs on shutdown[0m...
[[0;32m  OK  [0m] Started [0;1;39mirqbalance daemon[0m.
[[0;32m  OK  [0m] Started [0;1;39mlibstoragemgmt plug-in server daemon[0m.
[[0;32m  OK  [0m] Started [0;1;39mMachine Check Exception Logging Daemon[0m.
[[0;32m  OK  [0m] Reached target [0;1;39msshd-keygen.target[0m.
[[0;32m  OK  [0m] Reached target [0;1;39mUser and Group Name Lookups[0m.
         Starting [0;1;39mUser Login Management[0m...
         Starting [0;1;39mVirtual Machine a…tainer Registration Service[0m...
         Starting [0;1;39mupdate of the roo…NSSEC validation in unbound[0m...
         Starting [0;1;39mRotate log files[0m...
[[0;32m  OK  [0m] Started [0;1;39mUpdate a database for mlocate[0m.
[[0;32m  OK  [0m] Finished [0;1;39mRestore /run/initramfs on shutdown[0m.
[[0;32m  OK  [0m] Started [0;1;39mVirtual Machine an…ontainer Registration Service[0m.
         Starting [0;1;39mHostname Service[0m...
[[0;32m  OK  [0m] Started [0;1;39mNTP client/server[0m.
[[0;32m  OK  [0m] Started [0;1;39mUser Login Management[0m.
[[0;32m  OK  [0m] Finished [0;1;39mupdate of the roo… DNSSEC validation in unbound[0m.
[[0;32m  OK  [0m] Finished [0;1;39mRotate log files[0m.
[[0;32m  OK  [0m] Started [0;1;39mHostname Service[0m.
         Starting [0;1;39mNetwork Manager Script Dispatcher Service[0m...
[[0;32m  OK  [0m] Started [0;1;39mNetwork Manager Script Dispatcher Service[0m.
[   13.024729] e1000: eth0 NIC Link is Up 1000 Mbps Full Duplex, Flow Control: RX
[[0;32m  OK  [0m] Started [0;1;39mNetwork Manager[0m.
[[0;32m  OK  [0m] Reached target [0;1;39mNetwork[0m.
[[0;32m  OK  [0m] Reached target [0;1;39mNetwork is Online[0m.
         Starting [0;1;39mGSSAPI Proxy Daemon[0m...
         Starting [0;1;39mNotify NFS peers of a restart[0m...
         Starting [0;1;39mSystem Logging Service[0m...
         Starting [0;1;39mOpenSSH server daemon[0m...
         Starting [0;1;39mDynamic System Tuning Daemon[0m...
[[0;32m  OK  [0m] Started [0;1;39mNotify NFS peers of a restart[0m.
[[0;32m  OK  [0m] Started [0;1;39mOpenSSH server daemon[0m.
[[0;32m  OK  [0m] Started [0;1;39mGSSAPI Proxy Daemon[0m.
[[0;32m  OK  [0m] Reached target [0;1;39mNFS client services[0m.
[[0;32m  OK  [0m] Reached target [0;1;39mPreparation for Remote File Systems[0m.
[[0;32m  OK  [0m] Reached target [0;1;39mRemote File Systems[0m.
         Starting [0;1;39mPermit User Sessions[0m...
         Starting [0;1;39mVirtualization qemu daemon[0m...
[[0;32m  OK  [0m] Finished [0;1;39mPermit User Sessions[0m.
[[0;32m  OK  [0m] Started [0;1;39mDeferred execution scheduler[0m.
[[0;32m  OK  [0m] Started [0;1;39mCommand Scheduler[0m.
         Starting [0;1;39mHold until boot process finishes up[0m...
         Starting [0;1;39mTerminate Plymouth Boot Screen[0m...
[[0;32m  OK  [0m] Started [0;1;39mSystem Logging Service[0m.
[[0;32m  OK  [0m] Finished [0;1;39mHold until boot process finishes up[0m.
[[0;32m  OK  [0m] Started [0;1;39mGetty on tty1[0m.
[[0;32m  OK  [0m] Started [0;1;39mSerial Getty on ttyS0[0m.
[[0;32m  OK  [0m] Reached target [0;1;39mLogin Prompts[0m.
[[0;32m  OK  [0m] Started [0;1;39mVirtualization qemu daemon[0m.
[[0;32m  OK  [0m] Finished [0;1;39mTerminate Plymouth Boot Screen[0m.
         Starting [0;1;39mAuthorization Manager[0m...
[[0;32m  OK  [0m] Started [0;1;39mAuthorization Manager[0m.
[[0;32m  OK  [0m] Started [0;1;39mDynamic System Tuning Daemon[0m.
[[0;32m  OK  [0m] Reached target [0;1;39mMulti-User System[0m.
         Starting [0;1;39mRecord Runlevel Change in UTMP[0m...
[[0;32m  OK  [0m] Finished [0;1;39mRecord Runlevel Change in UTMP[0m.

CentOS Stream 9
Kernel 6.8.0-rc1-4e192be1a225+ on an x86_64

Activate the web console with: systemctl enable --now cockpit.socket

test login: 