c[?7l[2J[0mSeaBIOS (version rel-1.16.0-0-gd239552ce722-prebuilt.qemu.org)


iPXE (http://ipxe.org) 00:03.0 CA00 PCI2.10 PnP PMM+7FF91000+7FEF1000 CA00
Press Ctrl-B to configure iPXE (PCI 00:03.0)...                                                                               


Booting from ROM..c[?7l[2J[    0.000000] Linux version 6.8.0-rc2-63e4b9d693e0+ (root@p-rpls01.sh.intel.com) (gcc (GCC) 11.4.1 20231218 (Red Hat 11.4.1-3), GNU ld version 2.35.2-42.el9) #1 SMP PREEMPT_DYNAMIC Tue Feb 20 08:34:45 CST 2024
[    0.000000] Command line: console=ttyS0 root=/dev/sda earlyprintk=serial net.ifnames=0 plymouth.enable=0
[    0.000000] KERNEL supported cpus:
[    0.000000]   Intel GenuineIntel
[    0.000000]   AMD AuthenticAMD
[    0.000000]   Hygon HygonGenuine
[    0.000000]   Centaur CentaurHauls
[    0.000000]   zhaoxin   Shanghai  
[    0.000000] BIOS-provided physical RAM map:
[    0.000000] BIOS-e820: [mem 0x0000000000000000-0x000000000009fbff] usable
[    0.000000] BIOS-e820: [mem 0x000000000009fc00-0x000000000009ffff] reserved
[    0.000000] BIOS-e820: [mem 0x00000000000f0000-0x00000000000fffff] reserved
[    0.000000] BIOS-e820: [mem 0x0000000000100000-0x000000007ffdffff] usable
[    0.000000] BIOS-e820: [mem 0x000000007ffe0000-0x000000007fffffff] reserved
[    0.000000] BIOS-e820: [mem 0x00000000feffc000-0x00000000feffffff] reserved
[    0.000000] BIOS-e820: [mem 0x00000000fffc0000-0x00000000ffffffff] reserved
[    0.000000] printk: legacy bootconsole [earlyser0] enabled
[    0.000000] NX (Execute Disable) protection: active
[    0.000000] APIC: Static calls initialized
[    0.000000] SMBIOS 2.8 present.
[    0.000000] DMI: QEMU Standard PC (i440FX + PIIX, 1996), BIOS rel-1.16.0-0-gd239552ce722-prebuilt.qemu.org 04/01/2014
[    0.000000] Hypervisor detected: KVM
[    0.000000] kvm-clock: Using msrs 4b564d01 and 4b564d00
[    0.000004] kvm-clock: using sched offset of 648334859 cycles
[    0.000501] clocksource: kvm-clock: mask: 0xffffffffffffffff max_cycles: 0x1cd42e4dffb, max_idle_ns: 881590591483 ns
[    0.002032] tsc: Detected 806.400 MHz processor
[    0.010388] last_pfn = 0x7ffe0 max_arch_pfn = 0x400000000
[    0.010942] MTRR map: 4 entries (3 fixed + 1 variable; max 19), built from 8 variable MTRRs
[    0.011743] x86/PAT: Configuration [0-7]: WB  WC  UC- UC  WB  WP  UC- WT  
[    0.018228] found SMP MP-table at [mem 0x000f5ba0-0x000f5baf]
[    0.018848] Using GB pages for direct mapping
[    0.019273] Incomplete global flushes, disabling PCID
[    0.021726] ACPI: Early table checksum verification disabled
[    0.022780] ACPI: RSDP 0x00000000000F59C0 000014 (v00 BOCHS )
[    0.023360] ACPI: RSDT 0x000000007FFE1951 000034 (v01 BOCHS  BXPC     00000001 BXPC 00000001)
[    0.024216] ACPI: FACP 0x000000007FFE17FD 000074 (v01 BOCHS  BXPC     00000001 BXPC 00000001)
[    0.025070] ACPI: DSDT 0x000000007FFE0040 0017BD (v01 BOCHS  BXPC     00000001 BXPC 00000001)
[    0.025916] ACPI: FACS 0x000000007FFE0000 000040
[    0.026385] ACPI: APIC 0x000000007FFE1871 000080 (v01 BOCHS  BXPC     00000001 BXPC 00000001)
[    0.027227] ACPI: HPET 0x000000007FFE18F1 000038 (v01 BOCHS  BXPC     00000001 BXPC 00000001)
[    0.028080] ACPI: WAET 0x000000007FFE1929 000028 (v01 BOCHS  BXPC     00000001 BXPC 00000001)
[    0.028927] ACPI: Reserving FACP table memory at [mem 0x7ffe17fd-0x7ffe1870]
[    0.029616] ACPI: Reserving DSDT table memory at [mem 0x7ffe0040-0x7ffe17fc]
[    0.030298] ACPI: Reserving FACS table memory at [mem 0x7ffe0000-0x7ffe003f]
[    0.030988] ACPI: Reserving APIC table memory at [mem 0x7ffe1871-0x7ffe18f0]
[    0.031676] ACPI: Reserving HPET table memory at [mem 0x7ffe18f1-0x7ffe1928]
[    0.032359] ACPI: Reserving WAET table memory at [mem 0x7ffe1929-0x7ffe1950]
[    0.033609] No NUMA configuration found
[    0.033989] Faking a node at [mem 0x0000000000000000-0x000000007ffdffff]
[    0.034673] NODE_DATA(0) allocated [mem 0x7ffb5000-0x7ffdffff]
[    0.036991] Zone ranges:
[    0.037234]   DMA      [mem 0x0000000000001000-0x0000000000ffffff]
[    0.037846]   DMA32    [mem 0x0000000001000000-0x000000007ffdffff]
[    0.038460]   Normal   empty
[    0.038742]   Device   empty
[    0.039029] Movable zone start for each node
[    0.039453] Early memory node ranges
[    0.039803]   node   0: [mem 0x0000000000001000-0x000000000009efff]
[    0.040425]   node   0: [mem 0x0000000000100000-0x000000007ffdffff]
[    0.041041] Initmem setup node 0 [mem 0x0000000000001000-0x000000007ffdffff]
[    0.042107] On node 0, zone DMA: 1 pages in unavailable ranges
[    0.042921] On node 0, zone DMA: 97 pages in unavailable ranges
[    0.078523] On node 0, zone DMA32: 32 pages in unavailable ranges
[    0.156749] kasan: KernelAddressSanitizer initialized
[    0.157599] ACPI: PM-Timer IO Port: 0x608
[    0.158066] ACPI: LAPIC_NMI (acpi_id[0xff] dfl dfl lint[0x1])
[    0.158783] IOAPIC[0]: apic_id 0, version 17, address 0xfec00000, GSI 0-23
[    0.159537] ACPI: INT_SRC_OVR (bus 0 bus_irq 0 global_irq 2 dfl dfl)
[    0.160205] ACPI: INT_SRC_OVR (bus 0 bus_irq 5 global_irq 5 high level)
[    0.160916] ACPI: INT_SRC_OVR (bus 0 bus_irq 9 global_irq 9 high level)
[    0.161620] ACPI: INT_SRC_OVR (bus 0 bus_irq 10 global_irq 10 high level)
[    0.162330] ACPI: INT_SRC_OVR (bus 0 bus_irq 11 global_irq 11 high level)
[    0.163033] ACPI: Using ACPI (MADT) for SMP configuration information
[    0.163682] ACPI: HPET id: 0x8086a201 base: 0xfed00000
[    0.164210] TSC deadline timer available
[    0.164609] smpboot: Allowing 2 CPUs, 0 hotplug CPUs
[    0.165144] kvm-guest: APIC: eoi() replaced with kvm_guest_apic_eoi_write()
[    0.165885] kvm-guest: KVM setup pv remote TLB flush
[    0.166387] kvm-guest: setup PV sched yield
[    0.166864] PM: hibernation: Registered nosave memory: [mem 0x00000000-0x00000fff]
[    0.167639] PM: hibernation: Registered nosave memory: [mem 0x0009f000-0x0009ffff]
[    0.168400] PM: hibernation: Registered nosave memory: [mem 0x000a0000-0x000effff]
[    0.169156] PM: hibernation: Registered nosave memory: [mem 0x000f0000-0x000fffff]
[    0.169921] [mem 0x80000000-0xfeffbfff] available for PCI devices
[    0.170538] Booting paravirtualized kernel on KVM
[    0.171017] clocksource: refined-jiffies: mask: 0xffffffff max_cycles: 0xffffffff, max_idle_ns: 7645519600211568 ns
[    0.172074] setup_percpu: NR_CPUS:8192 nr_cpumask_bits:2 nr_cpu_ids:2 nr_node_ids:1
[    0.173418] percpu: Embedded 82 pages/cpu s299008 r8192 d28672 u1048576
[    0.174261] kvm-guest: PV spinlocks enabled
[    0.174690] PV qspinlock hash table entries: 256 (order: 0, 4096 bytes, linear)
[    0.175430] Kernel command line: net.ifnames=0 console=ttyS0 root=/dev/sda earlyprintk=serial net.ifnames=0 plymouth.enable=0
[    0.176920] random: crng init done
[    0.177682] Dentry cache hash table entries: 262144 (order: 9, 2097152 bytes, linear)
[    0.178826] Inode-cache hash table entries: 131072 (order: 8, 1048576 bytes, linear)
[    0.179855] Fallback order for Node 0: 0 
[    0.179869] Built 1 zonelists, mobility grouping on.  Total pages: 515808
[    0.180866] Policy zone: DMA32
[    0.181153] mem auto-init: stack:off, heap alloc:off, heap free:off
[    0.181728] stackdepot: allocating hash table via alloc_large_system_hash
[    0.182350] stackdepot hash table entries: 1048576 (order: 12, 16777216 bytes, linear)
[    0.250758] Memory: 1619036K/2096632K available (73728K kernel code, 14137K rwdata, 16624K rodata, 14924K init, 21848K bss, 477340K reserved, 0K cma-reserved)
[    0.253515] SLUB: HWalign=64, Order=0-3, MinObjects=0, CPUs=2, Nodes=1
[    0.254069] kmemleak: Kernel memory leak detector disabled
[    0.254729] ftrace: allocating 70373 entries in 275 pages
[    0.282272] ftrace: allocated 275 pages with 4 groups
[    0.287252] Dynamic Preempt: voluntary
[    0.288243] Running RCU self tests
[    0.288531] Running RCU synchronous self tests
[    0.288915] rcu: Preemptible hierarchical RCU implementation.
[    0.289394] rcu: 	RCU lockdep checking is enabled.
[    0.289788] rcu: 	RCU restricting CPUs from NR_CPUS=8192 to nr_cpu_ids=2.
[    0.290349] 	Trampoline variant of Tasks RCU enabled.
[    0.290761] 	Rude variant of Tasks RCU enabled.
[    0.291134] 	Tracing variant of Tasks RCU enabled.
[    0.291531] rcu: RCU calculated value of scheduler-enlistment delay is 25 jiffies.
[    0.292150] rcu: Adjusting geometry for rcu_fanout_leaf=16, nr_cpu_ids=2
[    0.292781] Running RCU synchronous self tests
[    0.344594] NR_IRQS: 524544, nr_irqs: 440, preallocated irqs: 16
[    0.345943] rcu: srcu_init: Setting srcu_struct sizes based on contention.
[    0.354090] Console: colour VGA+ 80x25
[    0.354488] printk: legacy console [ttyS0] enabled
[    0.354488] printk: legacy console [ttyS0] enabled
[    0.355296] printk: legacy bootconsole [earlyser0] disabled
[    0.355296] printk: legacy bootconsole [earlyser0] disabled
[    0.356257] Lock dependency validator: Copyright (c) 2006 Red Hat, Inc., Ingo Molnar
[    0.356912] ... MAX_LOCKDEP_SUBCLASSES:  8
[    0.357271] ... MAX_LOCK_DEPTH:          48
[    0.357643] ... MAX_LOCKDEP_KEYS:        8192
[    0.358024] ... CLASSHASH_SIZE:          4096
[    0.358408] ... MAX_LOCKDEP_ENTRIES:     32768
[    0.358798] ... MAX_LOCKDEP_CHAINS:      65536
[    0.359189] ... CHAINHASH_SIZE:          32768
[    0.359586]  memory used by lock dependency info: 6429 kB
[    0.360055]  memory used for stack traces: 4224 kB
[    0.360476]  per task-struct memory footprint: 1920 bytes
[    0.361078] ACPI: Core revision 20230628
[    0.362104] clocksource: hpet: mask: 0xffffffff max_cycles: 0xffffffff, max_idle_ns: 19112604467 ns
[    0.363180] APIC: Switch to symmetric I/O mode setup
[    0.363788] x2apic enabled
[    0.364491] APIC: Switched APIC routing to: physical x2apic
[    0.364983] kvm-guest: APIC: send_IPI_mask() replaced with kvm_send_ipi_mask()
[    0.365623] kvm-guest: APIC: send_IPI_mask_allbutself() replaced with kvm_send_ipi_mask_allbutself()
[    0.366419] kvm-guest: setup PV IPIs
[    0.368133] ..TIMER: vector=0x30 apic1=0 pin1=2 apic2=-1 pin2=-1
[    0.368685] clocksource: tsc-early: mask: 0xffffffffffffffff max_cycles: 0xb9fb05486c, max_idle_ns: 440795231721 ns
[    0.369614] Calibrating delay loop (skipped) preset value.. 1612.80 BogoMIPS (lpj=3225600)
[    0.370639] x86/cpu: User Mode Instruction Prevention (UMIP) activated
[    0.373835] Last level iTLB entries: 4KB 0, 2MB 0, 4MB 0
[    0.374305] Last level dTLB entries: 4KB 0, 2MB 0, 4MB 0, 1GB 0
[    0.374842] Spectre V1 : Mitigation: usercopy/swapgs barriers and __user pointer sanitization
[    0.375576] Spectre V2 : WARNING: Unprivileged eBPF is enabled with eIBRS on, data leaks possible via Spectre v2 BHB attacks!
[    0.376541] Spectre V2 : Mitigation: Enhanced / Automatic IBRS
[    0.377030] Spectre V2 : Spectre v2 / SpectreRSB mitigation: Filling RSB on context switch
[    0.377596] Spectre V2 : Spectre v2 / PBRSB-eIBRS: Retire a single CALL on VMEXIT
[    0.378232] Spectre V2 : mitigation: Enabling conditional Indirect Branch Prediction Barrier
[    0.378939] Speculative Store Bypass: Mitigation: Speculative Store Bypass disabled via prctl
[    0.379652] MMIO Stale Data: Unknown: No mitigations
[    0.380105] x86/fpu: Supporting XSAVE feature 0x001: 'x87 floating point registers'
[    0.380772] x86/fpu: Supporting XSAVE feature 0x002: 'SSE registers'
[    0.381595] x86/fpu: Supporting XSAVE feature 0x004: 'AVX registers'
[    0.382151] x86/fpu: Supporting XSAVE feature 0x200: 'Protection Keys User registers'
[    0.382832] x86/fpu: xstate_offset[2]:  576, xstate_sizes[2]:  256
[    0.383374] x86/fpu: xstate_offset[9]:  832, xstate_sizes[9]:    8
[    0.383917] x86/fpu: Enabled xstate features 0x207, context size is 840 bytes, using 'compacted' format.
[    0.536565] Freeing SMP alternatives memory: 56K
[    0.537037] pid_max: default: 32768 minimum: 301
[    0.538204] LSM: initializing lsm=capability,yama,integrity
[    0.538754] Yama: becoming mindful.
[    0.539598] Mount-cache hash table entries: 4096 (order: 3, 32768 bytes, linear)
[    0.540278] Mountpoint-cache hash table entries: 4096 (order: 3, 32768 bytes, linear)
[    0.543348] Running RCU synchronous self tests
[    0.543766] Running RCU synchronous self tests
[    0.544715] smpboot: CPU0: Genuine Intel(R) 0000 (family: 0x6, model: 0xb7, stepping: 0x0)
[    0.545591] RCU Tasks: Setting shift to 1 and lim to 1 rcu_task_cb_adjust=1.
[    0.545591] RCU Tasks Rude: Setting shift to 1 and lim to 1 rcu_task_cb_adjust=1.
[    0.545591] RCU Tasks Trace: Setting shift to 1 and lim to 1 rcu_task_cb_adjust=1.
[    0.545695] Running RCU Tasks wait API self tests
[    0.649749] Running RCU Tasks Rude wait API self tests
[    0.650388] Running RCU Tasks Trace wait API self tests
[    0.650877] Performance Events: Alderlake Hybrid events, full-width counters, Intel PMU driver.
[    0.652623] core: cpu_core PMU driver: 
[    0.652960] ... version:                2
[    0.653295] ... bit width:              48
[    0.653599] ... generic registers:      6
[    0.653927] ... value mask:             0000ffffffffffff
[    0.654369] ... max period:             00007fffffffffff
[    0.654797] ... fixed-purpose events:   3
[    0.655128] ... event mask:             000100070000003f
[    0.655634] signal: max sigframe size: 3632
[    0.656218] rcu: Hierarchical SRCU implementation.
[    0.656608] rcu: 	Max phase no-delay instances is 1000.
[    0.657702] Callback from call_rcu_tasks_trace() invoked.
[    0.662561] unchecked MSR access error: WRMSR to 0x38f (tried to write 0x000100070000003f) at rIP: 0xffffffff811d6252 (native_write_msr+0x22/0x60)
[    0.663682] Call Trace:
[    0.663893]  <TASK>
[    0.664078]  ? show_stack_regs+0x31/0x40
[    0.664427]  ? ex_handler_msr+0x45e/0x560
[    0.664767]  ? __sanitizer_cov_trace_const_cmp8+0x11/0x30
[    0.665226]  ? fixup_exception+0x8f7/0xce0
[    0.665576]  ? gp_try_fixup_and_notify.constprop.0+0x30/0x1b0
[    0.665591]  ? exc_general_protection+0x139/0x340
[    0.665591]  ? asm_exc_general_protection+0x2b/0x30
[    0.665591]  ? native_write_msr+0x1a/0x60
[    0.665591]  ? native_write_msr+0x22/0x60
[    0.665591]  ? native_write_msr+0x1a/0x60
[    0.665591]  __intel_pmu_enable_all.constprop.0+0x144/0x390
[    0.665591]  intel_pmu_enable_all+0x1e/0x30
[    0.665591]  x86_pmu_enable+0x574/0xe50
[    0.665591]  ? ctx_sched_in+0x11d/0x650
[    0.665591]  ? ctx_sched_out+0x1c5/0x7a0
[    0.665591]  ? intel_pmu_disable_all+0xb2/0xf0
[    0.665591]  ctx_resched+0x33b/0x4f0
[    0.665591]  __perf_install_in_context+0x244/0x970
[    0.665591]  ? generic_exec_single+0x350/0x560
[    0.665591]  ? smp_call_function_single+0x196/0x470
[    0.665591]  ? __pfx___perf_install_in_context+0x10/0x10
[    0.665591]  remote_function+0x136/0x1b0
[    0.665591]  ? debug_smp_processor_id+0x20/0x30
[    0.665591]  ? __pfx_remote_function+0x10/0x10
[    0.665591]  generic_exec_single+0x202/0x560
[    0.665591]  smp_call_function_single+0x196/0x470
[    0.665591]  ? __pfx_remote_function+0x10/0x10
[    0.665591]  ? __pfx_smp_call_function_single+0x10/0x10
[    0.665591]  ? __pfx_remote_function+0x10/0x10
[    0.665591]  ? __sanitizer_cov_trace_const_cmp4+0x1a/0x20
[    0.665591]  ? exclusive_event_installable+0x25c/0x330
[    0.665591]  perf_install_in_context+0x4f4/0x5a0
[    0.665591]  ? __pfx_perf_install_in_context+0x10/0x10
[    0.665591]  ? __pfx___perf_install_in_context+0x10/0x10
[    0.665591]  ? __sanitizer_cov_trace_const_cmp4+0x1a/0x20
[    0.665591]  ? exclusive_event_installable+0x25c/0x330
[    0.665591]  perf_event_create_kernel_counter+0x4e3/0x680
[    0.665591]  hardlockup_detector_event_create+0xd1/0x1d0
[    0.665591]  watchdog_hardlockup_probe+0x34/0xa0
[    0.665591]  lockup_detector_init+0x72/0x100
[    0.665591]  kernel_init_freeable+0x93e/0x1120
[    0.665591]  ? __pfx_kernel_init+0x10/0x10
[    0.665591]  kernel_init+0x28/0x2e0
[    0.665591]  ? __pfx_kernel_init+0x10/0x10
[    0.665591]  ret_from_fork+0x56/0x90
[    0.665591]  ? __pfx_kernel_init+0x10/0x10
[    0.665591]  ret_from_fork_asm+0x1b/0x30
[    0.665591]  </TASK>
[    0.666016] smp: Bringing up secondary CPUs ...
[    0.667393] smpboot: x86: Booting SMP configuration:
[    0.667831] .... node  #0, CPUs:      #1
[    0.668037] smp: Brought up 1 node, 2 CPUs
[    0.669612] smpboot: Max logical packages: 1
[    0.669985] smpboot: Total of 2 processors activated (3225.60 BogoMIPS)
[    0.672744] devtmpfs: initialized
[    0.674410] x86/mm: Memory block size: 128MB
[    0.686780] Running RCU synchronous self tests
[    0.687247] Running RCU synchronous self tests
[    0.687769] clocksource: jiffies: mask: 0xffffffff max_cycles: 0xffffffff, max_idle_ns: 7645041785100000 ns
[    0.689625] futex hash table entries: 512 (order: 4, 65536 bytes, linear)
[    0.690946] pinctrl core: initialized pinctrl subsystem
[    0.692560] 
[    0.692711] *************************************************************
[    0.693311] **     NOTICE NOTICE NOTICE NOTICE NOTICE NOTICE NOTICE    **
[    0.693605] **                                                         **
[    0.694206] **  IOMMU DebugFS SUPPORT HAS BEEN ENABLED IN THIS KERNEL  **
[    0.694792] **                                                         **
[    0.695378] ** This means that this kernel is built to expose internal **
[    0.695974] ** IOMMU data structures, which may compromise security on **
[    0.696565] ** your system.                                            **
[    0.697151] **                                                         **
[    0.697607] ** If you see this message and you are not debugging the   **
[    0.698192] ** kernel, report this immediately to your vendor!         **
[    0.698780] **                                                         **
[    0.699369] **     NOTICE NOTICE NOTICE NOTICE NOTICE NOTICE NOTICE    **
[    0.699954] *************************************************************
[    0.700614] PM: RTC time: 08:55:03, date: 2024-02-20
[    0.704113] NET: Registered PF_NETLINK/PF_ROUTE protocol family
[    0.706600] DMA: preallocated 256 KiB GFP_KERNEL pool for atomic allocations
[    0.707256] DMA: preallocated 256 KiB GFP_KERNEL|GFP_DMA pool for atomic allocations
[    0.707969] DMA: preallocated 256 KiB GFP_KERNEL|GFP_DMA32 pool for atomic allocations
[    0.708795] audit: initializing netlink subsys (disabled)
[    0.709742] audit: type=2000 audit(1708419303.910:1): state=initialized audit_enabled=0 res=1
[    0.711909] thermal_sys: Registered thermal governor 'fair_share'
[    0.711922] thermal_sys: Registered thermal governor 'bang_bang'
[    0.712531] thermal_sys: Registered thermal governor 'step_wise'
[    0.713074] thermal_sys: Registered thermal governor 'user_space'
[    0.713728] cpuidle: using governor ladder
[    0.714709] cpuidle: using governor menu
[    0.715466] acpiphp: ACPI Hot Plug PCI Controller Driver version: 0.5
[    0.717155] PCI: Using configuration type 1 for base access
[    0.718190] kprobes: kprobe jump-optimization is enabled. All kprobes are optimized if possible.
[    0.841592] HugeTLB: registered 1.00 GiB page size, pre-allocated 0 pages
[    0.843112] HugeTLB: 16380 KiB vmemmap can be freed for a 1.00 GiB page
[    0.843112] HugeTLB: registered 2.00 MiB page size, pre-allocated 0 pages
[    0.843112] HugeTLB: 28 KiB vmemmap can be freed for a 2.00 MiB page
[    0.845592] Callback from call_rcu_tasks_rude() invoked.
[    0.848833] ACPI: Added _OSI(Module Device)
[    0.849207] ACPI: Added _OSI(Processor Device)
[    0.849576] ACPI: Added _OSI(3.0 _SCP Extensions)
[    0.849610] ACPI: Added _OSI(Processor Aggregator Device)
[    0.883937] ACPI: 1 ACPI AML tables successfully acquired and loaded
[    0.900211] ACPI: _OSC evaluation for CPUs failed, trying _PDC
[    0.902851] ACPI: Interpreter enabled
[    0.903358] ACPI: PM: (supports S0 S3 S4 S5)
[    0.903691] ACPI: Using IOAPIC for interrupt routing
[    0.904204] PCI: Using host bridge windows from ACPI; if necessary, use "pci=nocrs" and report a bug
[    0.904876] PCI: Using E820 reservations for host bridge windows
[    0.907637] ACPI: Enabled 2 GPEs in block 00 to 0F
[    0.976364] ACPI: PCI Root Bridge [PCI0] (domain 0000 [bus 00-ff])
[    0.976903] acpi PNP0A03:00: _OSC: OS supports [ASPM ClockPM Segments MSI EDR HPX-Type3]
[    0.977505] acpi PNP0A03:00: _OSC: not requesting OS control; OS requires [ExtendedConfig ASPM ClockPM MSI]
[    0.977907] acpi PNP0A03:00: fail to add MMCONFIG information, can't access extended configuration space under this bridge
[    0.987120] acpiphp: Slot [3] registered
[    0.987661] acpiphp: Slot [4] registered
[    0.988214] acpiphp: Slot [5] registered
[    0.988757] acpiphp: Slot [6] registered
[    0.989304] acpiphp: Slot [7] registered
[    0.989839] acpiphp: Slot [8] registered
[    0.990395] acpiphp: Slot [9] registered
[    0.990944] acpiphp: Slot [10] registered
[    0.991498] acpiphp: Slot [11] registered
[    0.992047] acpiphp: Slot [12] registered
[    0.992621] acpiphp: Slot [13] registered
[    0.993165] acpiphp: Slot [14] registered
[    0.993718] acpiphp: Slot [15] registered
[    0.994271] acpiphp: Slot [16] registered
[    0.994818] acpiphp: Slot [17] registered
[    0.995356] acpiphp: Slot [18] registered
[    0.995903] acpiphp: Slot [19] registered
[    0.996452] acpiphp: Slot [20] registered
[    0.997010] acpiphp: Slot [21] registered
[    0.997570] acpiphp: Slot [22] registered
[    0.997859] acpiphp: Slot [23] registered
[    0.998401] acpiphp: Slot [24] registered
[    0.998948] acpiphp: Slot [25] registered
[    0.999491] acpiphp: Slot [26] registered
[    1.000044] acpiphp: Slot [27] registered
[    1.000595] acpiphp: Slot [28] registered
[    1.001145] acpiphp: Slot [29] registered
[    1.001705] acpiphp: Slot [30] registered
[    1.002270] acpiphp: Slot [31] registered
[    1.002695] PCI host bridge to bus 0000:00
[    1.003012] pci_bus 0000:00: root bus resource [io  0x0000-0x0cf7 window]
[    1.003520] pci_bus 0000:00: root bus resource [io  0x0d00-0xffff window]
[    1.004030] pci_bus 0000:00: root bus resource [mem 0x000a0000-0x000bffff window]
[    1.004585] pci_bus 0000:00: root bus resource [mem 0x80000000-0xfebfffff window]
[    1.005145] pci_bus 0000:00: root bus resource [mem 0x100000000-0x17fffffff window]
[    1.005605] pci_bus 0000:00: root bus resource [bus 00-ff]
[    1.006259] pci 0000:00:00.0: [8086:1237] type 00 class 0x060000 conventional PCI endpoint
[    1.026955] pci 0000:00:01.0: [8086:7000] type 00 class 0x060100 conventional PCI endpoint
[    1.029908] pci 0000:00:01.1: [8086:7010] type 00 class 0x010180 conventional PCI endpoint
[    1.031813] pci 0000:00:01.1: BAR 4 [io  0xc040-0xc04f]
[    1.032694] pci 0000:00:01.1: BAR 0 [io  0x01f0-0x01f7]: legacy IDE quirk
[    1.033186] pci 0000:00:01.1: BAR 1 [io  0x03f6]: legacy IDE quirk
[    1.033600] pci 0000:00:01.1: BAR 2 [io  0x0170-0x0177]: legacy IDE quirk
[    1.034093] pci 0000:00:01.1: BAR 3 [io  0x0376]: legacy IDE quirk
[    1.035188] pci 0000:00:01.3: [8086:7113] type 00 class 0x068000 conventional PCI endpoint
[    1.036105] pci 0000:00:01.3: quirk: [io  0x0600-0x063f] claimed by PIIX4 ACPI
[    1.036636] pci 0000:00:01.3: quirk: [io  0x0700-0x070f] claimed by PIIX4 SMB
[    1.037743] pci 0000:00:02.0: [1234:1111] type 00 class 0x030000 conventional PCI endpoint
[    1.039332] pci 0000:00:02.0: BAR 0 [mem 0xfd000000-0xfdffffff pref]
[    1.041362] pci 0000:00:02.0: BAR 2 [mem 0xfebf0000-0xfebf0fff]
[    1.043500] pci 0000:00:02.0: ROM [mem 0xfebe0000-0xfebeffff pref]
[    1.044080] pci 0000:00:02.0: Video device with shadowed ROM at [mem 0x000c0000-0x000dffff]
[    1.064084] pci 0000:00:03.0: [8086:100e] type 00 class 0x020000 conventional PCI endpoint
[    1.065259] pci 0000:00:03.0: BAR 0 [mem 0xfebc0000-0xfebdffff]
[    1.070060] pci 0000:00:03.0: BAR 1 [io  0xc000-0xc03f]
[    1.072692] pci 0000:00:03.0: ROM [mem 0xfeb80000-0xfebbffff pref]
[    1.104891] ACPI: PCI: Interrupt link LNKA configured for IRQ 10
[    1.107273] ACPI: PCI: Interrupt link LNKB configured for IRQ 10
[    1.109602] ACPI: PCI: Interrupt link LNKC configured for IRQ 11
[    1.111940] ACPI: PCI: Interrupt link LNKD configured for IRQ 11
[    1.113111] ACPI: PCI: Interrupt link LNKS configured for IRQ 9
[    1.117542] iommu: Default domain type: Translated
[    1.117601] iommu: DMA domain TLB invalidation policy: lazy mode
[    1.121046] SCSI subsystem initialized
[    1.121898] ACPI: bus type USB registered
[    1.122394] usbcore: registered new interface driver usbfs
[    1.122883] usbcore: registered new interface driver hub
[    1.123341] usbcore: registered new device driver usb
[    1.124006] pps_core: LinuxPPS API ver. 1 registered
[    1.124366] pps_core: Software ver. 5.3.6 - Copyright 2005-2007 Rodolfo Giometti <giometti@linux.it>
[    1.125056] PTP clock support registered
[    1.125775] EDAC MC: Ver: 3.0.0
[    1.129502] NetLabel: Initializing
[    1.129604] NetLabel:  domain hash size = 128
[    1.129923] NetLabel:  protocols = UNLABELED CIPSOv4 CALIPSO
[    1.130517] NetLabel:  unlabeled traffic allowed by default
[    1.131545] PCI: Using ACPI for IRQ routing
[    1.132230] pci 0000:00:02.0: vgaarb: setting as boot VGA device
[    1.132690] pci 0000:00:02.0: vgaarb: bridge control possible
[    1.133107] pci 0000:00:02.0: vgaarb: VGA device added: decodes=io+mem,owns=io+mem,locks=none
[    1.133604] vgaarb: loaded
[    1.134268] hpet0: at MMIO 0xfed00000, IRQs 2, 8, 0
[    1.134641] hpet0: 3 comparators, 64-bit 100.000000 MHz counter
[    1.145493] clocksource: Switched to clocksource kvm-clock
[    1.152700] VFS: Disk quotas dquot_6.6.0
[    1.153084] VFS: Dquot-cache hash table entries: 512 (order 0, 4096 bytes)
[    1.154286] pnp: PnP ACPI init
[    1.160824] pnp: PnP ACPI: found 6 devices
[    1.183352] clocksource: acpi_pm: mask: 0xffffff max_cycles: 0xffffff, max_idle_ns: 2085701024 ns
[    1.184806] NET: Registered PF_INET protocol family
[    1.185387] IP idents hash table entries: 32768 (order: 6, 262144 bytes, linear)
[    1.187618] tcp_listen_portaddr_hash hash table entries: 1024 (order: 4, 73728 bytes, linear)
[    1.188354] Table-perturb hash table entries: 65536 (order: 6, 262144 bytes, linear)
[    1.189031] TCP established hash table entries: 16384 (order: 5, 131072 bytes, linear)
[    1.190174] TCP bind hash table entries: 16384 (order: 9, 2359296 bytes, linear)
[    1.191824] TCP: Hash tables configured (established 16384 bind 16384)
[    1.192550] UDP hash table entries: 1024 (order: 5, 163840 bytes, linear)
[    1.193157] UDP-Lite hash table entries: 1024 (order: 5, 163840 bytes, linear)
[    1.194251] NET: Registered PF_UNIX/PF_LOCAL protocol family
[    1.195942] RPC: Registered named UNIX socket transport module.
[    1.196449] RPC: Registered udp transport module.
[    1.196828] RPC: Registered tcp transport module.
[    1.197205] RPC: Registered tcp-with-tls transport module.
[    1.197644] RPC: Registered tcp NFSv4.1 backchannel transport module.
[    1.198173] pci_bus 0000:00: resource 4 [io  0x0000-0x0cf7 window]
[    1.198677] pci_bus 0000:00: resource 5 [io  0x0d00-0xffff window]
[    1.199189] pci_bus 0000:00: resource 6 [mem 0x000a0000-0x000bffff window]
[    1.199741] pci_bus 0000:00: resource 7 [mem 0x80000000-0xfebfffff window]
[    1.200288] pci_bus 0000:00: resource 8 [mem 0x100000000-0x17fffffff window]
[    1.201479] pci 0000:00:01.0: PIIX3: Enabling Passive Release
[    1.201949] pci 0000:00:00.0: Limiting direct PCI/PCI transfers
[    1.202510] PCI: CLS 0 bytes, default 64
[    1.203615] ACPI: bus type thunderbolt registered
[    1.204411] clocksource: tsc: mask: 0xffffffffffffffff max_cycles: 0xb9fb05486c, max_idle_ns: 440795231721 ns
[    2.880040] Initialise system trusted keyrings
[    2.880943] Key type blacklist registered
[    2.882056] workingset: timestamp_bits=36 max_order=19 bucket_order=0
[    2.883032] zbud: loaded
[    2.887043] squashfs: version 4.0 (2009/01/31) Phillip Lougher
[    2.890633] NFS: Registering the id_resolver key type
[    2.891425] Key type id_resolver registered
[    2.892009] Key type id_legacy registered
[    2.892672] nfs4filelayout_init: NFSv4 File Layout Driver Registering...
[    2.893656] nfs4flexfilelayout_init: NFSv4 Flexfile Layout Driver Registering...
[    2.895128] fuse: init (API version 7.39)
[    2.896590] SGI XFS with ACLs, security attributes, realtime, quota, no debug enabled
[    2.899827] 9p: Installing v9fs 9p2000 file system support
[    2.915202] Callback from call_rcu_tasks() invoked.
[    2.918886] Key type asymmetric registered
[    2.919270] Asymmetric key parser 'x509' registered
[    2.919824] Block layer SCSI generic (bsg) driver version 0.4 loaded (major 243)
[    2.920731] io scheduler mq-deadline registered
[    2.921230] io scheduler bfq registered
[    2.922532] shpchp: Standard Hot Plug PCI Controller Driver version: 0.4
[    2.924296] IPMI message handler: version 39.2
[    2.924779] ipmi device interface
[    2.927635] input: Power Button as /devices/LNXSYSTM:00/LNXPWRBN:00/input/input0
[    2.928870] ACPI: button: Power Button [PWRF]
[    2.931200] ERST DBG: ERST support is disabled.
[    2.932901] Serial: 8250/16550 driver, 32 ports, IRQ sharing enabled
[    2.935050] 00:04: ttyS0 at I/O 0x3f8 (irq = 4, base_baud = 115200) is a 16550A
[    2.970498] Linux agpgart interface v0.103
[    2.973523] ACPI: bus type drm_connector registered
[    3.006104] brd: module loaded
[    3.024118] loop: module loaded
[    3.036683] scsi host0: ata_piix
[    3.038656] scsi host1: ata_piix
[    3.039635] ata1: PATA max MWDMA2 cmd 0x1f0 ctl 0x3f6 bmdma 0xc040 irq 14 lpm-pol 0
[    3.040239] ata2: PATA max MWDMA2 cmd 0x170 ctl 0x376 bmdma 0xc048 irq 15 lpm-pol 0
[    3.044109] tun: Universal TUN/TAP device driver, 1.6
[    3.045039] e100: Intel(R) PRO/100 Network Driver
[    3.045420] e100: Copyright(c) 1999-2006 Intel Corporation
[    3.045931] e1000: Intel(R) PRO/1000 Network Driver
[    3.046315] e1000: Copyright (c) 1999-2006 Intel Corporation.
[    3.199353] ata1: found unknown device (class 0)
[    3.200079] ata2: found unknown device (class 0)
[    3.201117] ata2.00: ATAPI: QEMU DVD-ROM, 2.5+, max UDMA/100
[    3.201725] ata1.00: ATA-7: QEMU HARDDISK, 2.5+, max UDMA/100
[    3.202152] ata1.00: 17196647 sectors, multi 16: LBA48 
[    3.204218] scsi 0:0:0:0: Direct-Access     ATA      QEMU HARDDISK    2.5+ PQ: 0 ANSI: 5
[    3.206906] sd 0:0:0:0: Attached scsi generic sg0 type 0
[    3.208390] scsi 1:0:0:0: CD-ROM            QEMU     QEMU DVD-ROM     2.5+ PQ: 0 ANSI: 5
[    3.209132] sd 0:0:0:0: [sda] 17196647 512-byte logical blocks: (8.80 GB/8.20 GiB)
[    3.209775] sd 0:0:0:0: [sda] Write Protect is off
[    3.210350] sd 0:0:0:0: [sda] Write cache: enabled, read cache: enabled, doesn't support DPO or FUA
[    3.211282] sd 0:0:0:0: [sda] Preferred minimum I/O size 512 bytes
[    3.218380] sd 0:0:0:0: [sda] Attached SCSI disk
[    3.232812] scsi 1:0:0:0: Attached scsi generic sg1 type 5
[    4.938078] ACPI: \_SB_.LNKC: Enabled at IRQ 11
[    5.258236] e1000 0000:00:03.0 eth0: (PCI:33MHz:32-bit) 52:54:00:12:34:56
[    5.258667] e1000 0000:00:03.0 eth0: Intel(R) PRO/1000 Network Connection
[    5.259171] e1000e: Intel(R) PRO/1000 Network Driver
[    5.259458] e1000e: Copyright(c) 1999 - 2015 Intel Corporation.
[    5.259878] igb: Intel(R) Gigabit Ethernet Network Driver
[    5.260184] igb: Copyright (c) 2007-2014 Intel Corporation.
[    5.260685] PPP generic driver version 2.4.2
[    5.262154] VFIO - User Level meta-driver version: 0.3
[    5.263439] usbcore: registered new interface driver uas
[    5.263813] usbcore: registered new interface driver usb-storage
[    5.264419] i8042: PNP: PS/2 Controller [PNP0303:KBD,PNP0f13:MOU] at 0x60,0x64 irq 1,12
[    5.265878] serio: i8042 KBD port at 0x60,0x64 irq 1
[    5.266227] serio: i8042 AUX port at 0x60,0x64 irq 12
[    5.267356] mousedev: PS/2 mouse device common for all mice
[    5.268842] rtc_cmos 00:05: RTC can wake from S4
[    5.270661] input: AT Translated Set 2 keyboard as /devices/platform/i8042/serio0/input/input1
[    5.272126] rtc_cmos 00:05: registered as rtc0
[    5.272541] rtc_cmos 00:05: setting system clock to 2024-02-20T08:55:07 UTC (1708419307)
[    5.272801] input: VirtualPS/2 VMware VMMouse as /devices/platform/i8042/serio1/input/input4
[    5.273812] rtc_cmos 00:05: alarms up to one day, y3k, 242 bytes nvram, hpet irqs
[    5.274342] i2c_dev: i2c /dev entries driver
[    5.274579] input: VirtualPS/2 VMware VMMouse as /devices/platform/i8042/serio1/input/input3
[    5.274682] device-mapper: core: CONFIG_IMA_DISABLE_HTABLE is disabled. Duplicate IMA measurements will not be recorded in the IMA log.
[    5.275808] device-mapper: uevent: version 1.0.3
[    5.276526] device-mapper: ioctl: 4.48.0-ioctl (2023-03-01) initialised: dm-devel@redhat.com
[    5.277007] intel_pstate: CPU model not supported
[    5.277479] sdhci: Secure Digital Host Controller Interface driver
[    5.277827] sdhci: Copyright(c) Pierre Ossman
[    5.278200] sdhci-pltfm: SDHCI platform and OF driver helper
[    5.278659] ledtrig-cpu: registered to indicate activity on CPUs
[    5.279528] drop_monitor: Initializing network drop monitor service
[    5.280230] NET: Registered PF_INET6 protocol family
[    5.283522] Segment Routing with IPv6
[    5.283805] In-situ OAM (IOAM) with IPv6
[    5.284107] NET: Registered PF_PACKET protocol family
[    5.284573] 9pnet: Installing 9P2000 support
[    5.284954] Key type dns_resolver registered
[    5.286604] IPI shorthand broadcast: enabled
[    5.331353] sched_clock: Marking stable (5312004160, 19062786)->(5352126727, -21059781)
[    5.332731] registered taskstats version 1
[    5.333465] Loading compiled-in X.509 certificates
[    5.384820] Key type .fscrypt registered
[    5.385095] Key type fscrypt-provisioning registered
[    5.387814] Key type encrypted registered
[    5.388107] ima: No TPM chip found, activating TPM-bypass!
[    5.388469] ima: Allocated hash algorithm: sha1
[    5.388828] ima: No architecture policies found
[    5.389212] evm: Initialising EVM extended attributes:
[    5.389530] evm: security.selinux
[    5.389738] evm: security.SMACK64
[    5.389946] evm: security.SMACK64EXEC
[    5.390175] evm: security.SMACK64TRANSMUTE
[    5.390432] evm: security.SMACK64MMAP
[    5.390661] evm: security.apparmor
[    5.390874] evm: security.ima
[    5.391082] evm: security.capability
[    5.391306] evm: HMAC attrs: 0x1
[    5.394878] PM:   Magic number: 12:216:928
[    5.395224] event_source cpu_atom: hash matches
[    5.396310] RAS: Correctable Errors collector initialized.
[    5.397161] clk: Disabling unused clocks
[    5.398146] md: Waiting for all devices to be available before autodetect
[    5.398455] md: If you don't use raid, use raid=noautodetect
[    5.398715] md: Autodetecting RAID arrays.
[    5.398917] md: autorun ...
[    5.399051] md: ... autorun DONE.
[    5.421011] EXT4-fs (sda): mounted filesystem 088740a9-c8b4-422c-999d-a804eb68a4da ro with ordered data mode. Quota mode: none.
[    5.421683] VFS: Mounted root (ext4 filesystem) readonly on device 8:0.
[    5.424543] devtmpfs: mounted
[    5.448005] Freeing unused decrypted memory: 2028K
[    5.451750] Freeing unused kernel image (initmem) memory: 14924K
[    5.452102] Write protecting the kernel read-only data: 92160k
[    5.454208] Freeing unused kernel image (rodata/data gap) memory: 1808K
[    5.523786] x86/mm: Checked W+X mappings: passed, no W+X pages found.
[    5.524183] Run /sbin/init as init process
[    5.696702] systemd[1]: systemd 252-15.el9 running in system mode (+PAM +AUDIT +SELINUX -APPARMOR +IMA +SMACK +SECCOMP +GCRYPT +GNUTLS +OPENSSL +ACL +BLKID +CURL +ELFUTILS -FIDO2 +IDN2 -IDN -IPTC +KMOD +LIBCRYPTSETUP +LIBFDISK +PCRE2 -PWQUALITY +P11KIT -QRENCODE +TPM2 +BZIP2 +LZ4 +XZ +ZLIB +ZSTD -BPF_FRAMEWORK +XKBCOMMON +UTMP +SYSVINIT default-hierarchy=unified)
[    5.698308] systemd[1]: Detected virtualization kvm.
[    5.698582] systemd[1]: Detected architecture x86-64.

Welcome to [0;31mCentOS Stream 9[0m!

[    5.704561] systemd[1]: Hostname set to <test>.
[    5.915185] systemd-rc-local-generator[124]: /etc/rc.d/rc.local is not marked executable, skipping.
[    6.274038] systemd[1]: Queued start job for default target Multi-User System.
[    6.298711] systemd[1]: Created slice Virtual Machine and Container Slice.
[[0;32m  OK  [0m] Created slice [0;1;39mVirtual Machine and Container Slice[0m.
[    6.304769] systemd[1]: Created slice Slice /system/getty.
[[0;32m  OK  [0m] Created slice [0;1;39mSlice /system/getty[0m.
[    6.308293] systemd[1]: Created slice Slice /system/modprobe.
[[0;32m  OK  [0m] Created slice [0;1;39mSlice /system/modprobe[0m.
[    6.311716] systemd[1]: Created slice Slice /system/serial-getty.
[[0;32m  OK  [0m] Created slice [0;1;39mSlice /system/serial-getty[0m.
[    6.315095] systemd[1]: Created slice Slice /system/sshd-keygen.
[[0;32m  OK  [0m] Created slice [0;1;39mSlice /system/sshd-keygen[0m.
[    6.318260] systemd[1]: Created slice User and Session Slice.
[[0;32m  OK  [0m] Created slice [0;1;39mUser and Session Slice[0m.
[    6.319947] systemd[1]: Started Forward Password Requests to Wall Directory Watch.
[[0;32m  OK  [0m] Started [0;1;39mForward Password R…uests to Wall Directory Watch[0m.
[    6.322700] systemd[1]: Set up automount Arbitrary Executable File Formats File System Automount Point.
[[0;32m  OK  [0m] Set up automount [0;1;39mArbitrary…s File System Automount Point[0m.
[    6.324732] systemd[1]: Reached target Local Integrity Protected Volumes.
[[0;32m  OK  [0m] Reached target [0;1;39mLocal Integrity Protected Volumes[0m.
[    6.326265] systemd[1]: Reached target Slice Units.
[[0;32m  OK  [0m] Reached target [0;1;39mSlice Units[0m.
[    6.327425] systemd[1]: Reached target Swaps.
[[0;32m  OK  [0m] Reached target [0;1;39mSwaps[0m.
[    6.328509] systemd[1]: Reached target Local Verity Protected Volumes.
[[0;32m  OK  [0m] Reached target [0;1;39mLocal Verity Protected Volumes[0m.
[    6.330353] systemd[1]: Listening on Device-mapper event daemon FIFOs.
[[0;32m  OK  [0m] Listening on [0;1;39mDevice-mapper event daemon FIFOs[0m.
[    6.332509] systemd[1]: Listening on LVM2 poll daemon socket.
[[0;32m  OK  [0m] Listening on [0;1;39mLVM2 poll daemon socket[0m.
[    6.333962] systemd[1]: multipathd control socket was skipped because of an unmet condition check (ConditionPathExists=/etc/multipath.conf).
[    6.392222] systemd[1]: Listening on RPCbind Server Activation Socket.
[[0;32m  OK  [0m] Listening on [0;1;39mRPCbind Server Activation Socket[0m.
[    6.393506] systemd[1]: Reached target RPC Port Mapper.
[[0;32m  OK  [0m] Reached target [0;1;39mRPC Port Mapper[0m.
[    6.397053] systemd[1]: Listening on Process Core Dump Socket.
[[0;32m  OK  [0m] Listening on [0;1;39mProcess Core Dump Socket[0m.
[    6.398422] systemd[1]: Listening on initctl Compatibility Named Pipe.
[[0;32m  OK  [0m] Listening on [0;1;39minitctl Compatibility Named Pipe[0m.
[    6.400198] systemd[1]: Listening on Journal Socket (/dev/log).
[[0;32m  OK  [0m] Listening on [0;1;39mJournal Socket (/dev/log)[0m.
[    6.401821] systemd[1]: Listening on Journal Socket.
[[0;32m  OK  [0m] Listening on [0;1;39mJournal Socket[0m.
[    6.404188] systemd[1]: Listening on udev Control Socket.
[[0;32m  OK  [0m] Listening on [0;1;39mudev Control Socket[0m.
[    6.405541] systemd[1]: Listening on udev Kernel Socket.
[[0;32m  OK  [0m] Listening on [0;1;39mudev Kernel Socket[0m.
[    6.414745] systemd[1]: Mounting Huge Pages File System...
         Mounting [0;1;39mHuge Pages File System[0m...
[    6.423661] systemd[1]: Mounting POSIX Message Queue File System...
         Mounting [0;1;39mPOSIX Message Queue File System[0m...
[    6.439722] systemd[1]: Mounting Kernel Debug File System...
         Mounting [0;1;39mKernel Debug File System[0m...
[    6.450267] systemd[1]: Mounting Kernel Trace File System...
         Mounting [0;1;39mKernel Trace File System[0m...
[    6.455338] systemd[1]: Kernel Module supporting RPCSEC_GSS was skipped because of an unmet condition check (ConditionPathExists=/etc/krb5.keytab).
[    6.456239] systemd[1]: Create List of Static Device Nodes was skipped because of an unmet condition check (ConditionFileNotEmpty=/lib/modules/6.8.0-rc2-63e4b9d693e0+/modules.devname).
[    6.465933] systemd[1]: Starting Monitoring of LVM2 mirrors, snapshots etc. using dmeventd or progress polling...
         Starting [0;1;39mMonitoring of LVM…meventd or progress polling[0m...
[    6.476470] systemd[1]: Starting Load Kernel Module configfs...
         Starting [0;1;39mLoad Kernel Module configfs[0m...
[    6.488143] systemd[1]: Starting Load Kernel Module drm...
         Starting [0;1;39mLoad Kernel Module drm[0m...
[    6.504622] systemd[1]: Starting Load Kernel Module fuse...
         Starting [0;1;39mLoad Kernel Module fuse[0m...
[    6.522571] systemd[1]: Starting Read and set NIS domainname from /etc/sysconfig/network...
         Starting [0;1;39mRead and set NIS …from /etc/sysconfig/network[0m...
[    6.563746] systemd[1]: Starting Journal Service...
         Starting [0;1;39mJournal Service[0m...
[    6.584627] systemd[1]: Starting Load Kernel Modules...
         Starting [0;1;39mLoad Kernel Modules[0m...
[    6.604336] systemd[1]: Starting Generate network units from Kernel command line...
         Starting [0;1;39mGenerate network …ts from Kernel command line[0m...
[    6.628049] systemd[1]: Starting Remount Root and Kernel File Systems...
         Starting [0;1;39mRemount Root and Kernel File Systems[0m...
[    6.631505] systemd[1]: Repartition Root Disk was skipped because no trigger condition checks were met.
[    6.651919] systemd[1]: Starting Coldplug All udev Devices...
         Starting [0;1;39mColdplug All udev Devices[0m...
[    6.682335] systemd[1]: Mounted Huge Pages File System.
[[0;32m  OK  [0m] Mounted [0;1;39mHuge Pages File System[0m.
[    6.688012] systemd[1]: Mounted POSIX Message Queue File System.
[[0;32m  OK  [0m] Mounted [0;1;39mPOSIX Message Queue File System[0m.
[    6.689595] systemd[1]: Mounted Kernel Debug File System.
[[0;32m  OK  [0m] Mounted [0;1;39mKernel Debug File System[0m.
[    6.692341] systemd[1]: Mounted Kernel Trace File System.
[[0;32m  OK  [0m] Mounted [0;1;39mKernel Trace File System[0m.
[    6.699637] systemd[1]: Finished Monitoring of LVM2 mirrors, snapshots etc. using dmeventd or progress polling.
[[0;32m  OK  [0m] Finished [0;1;39mMonitoring of LVM… dmeventd or progress polling[0m.
[    6.705688] systemd[1]: modprobe@configfs.service: Deactivated successfully.
[    6.712438] systemd[1]: Finished Load Kernel Module configfs.
[[0;32m  OK  [0m] Finished [0;1;39mLoad Kernel Module configfs[0m.
[    6.716848] systemd[1]: modprobe@drm.service: Deactivated successfully.
[    6.720876] systemd[1]: Finished Load Kernel Module drm.
[[0;32m  OK  [0m] Finished [0;1;39mLoad Kernel Module drm[0m.
[    6.726092] systemd[1]: modprobe@fuse.service: Deactivated successfully.
[    6.728810] systemd[1]: Finished Load Kernel Module fuse.
[[0;32m  OK  [0m] Finished [0;1;39mLoad Kernel Module fuse[0m.
[    6.736158] systemd[1]: Finished Read and set NIS domainname from /etc/sysconfig/network.
[[0;32m  OK  [0m] Finished [0;1;39mRead and set NIS …e from /etc/sysconfig/network[0m.
[    6.738099] systemd[1]: systemd-modules-load.service: Main process exited, code=exited, status=1/FAILURE
[    6.743854] systemd[1]: systemd-modules-load.service: Failed with result 'exit-code'.
[    6.745694] systemd[1]: Failed to start Load Kernel Modules.
[[0;1;31mFAILED[0m] Failed to start [0;1;39mLoad Kernel Modules[0m.
See 'systemctl status systemd-modules-load.service' for details.
[    6.754058] systemd[1]: Finished Generate network units from Kernel command line.
[[0;32m  OK  [0m] Finished [0;1;39mGenerate network units from Kernel command line[0m.[    6.757524] EXT4-fs (sda): re-mounted 088740a9-c8b4-422c-999d-a804eb68a4da r/w. Quota mode: none.

[    6.762520] systemd[1]: Reached target Preparation for Network.
[[0;32m  OK  [0m] Reached target [0;1;39mPreparation for Network[0m.
[    6.807371] systemd[1]: Mounting FUSE Control File System...
         Mounting [0;1;39mFUSE Control File System[0m...
[    6.823430] systemd[1]: Mounting Kernel Configuration File System...
         Mounting [0;1;39mKernel Configuration File System[0m...
[    6.842159] systemd[1]: Starting Apply Kernel Variables...
         Starting [0;1;39mApply Kernel Variables[0m...
[    6.846659] systemd[1]: Started Journal Service.
[[0;32m  OK  [0m] Started [0;1;39mJournal Service[0m.
[[0;32m  OK  [0m] Finished [0;1;39mRemount Root and Kernel File Systems[0m.
[[0;32m  OK  [0m] Mounted [0;1;39mFUSE Control File System[0m.
[[0;32m  OK  [0m] Mounted [0;1;39mKernel Configuration File System[0m.
         Starting [0;1;39mFlush Journal to Persistent Storage[0m...
         Starting [0;1;39mLoad/Save Random Seed[0m...
         Starting [0;1;39mCreate Static Device Nodes in /dev[0m...
[    6.994008] systemd-journald[146]: Received client request to flush runtime journal.
         Starting [0;1;39mSetup Virtual Console[0m...
[[0;32m  OK  [0m] Finished [0;1;39mApply Kernel Variables[0m.
[[0;32m  OK  [0m] Finished [0;1;39mFlush Journal to Persistent Storage[0m.
[[0;32m  OK  [0m] Finished [0;1;39mLoad/Save Random Seed[0m.
[[0;32m  OK  [0m] Finished [0;1;39mCreate Static Device Nodes in /dev[0m.
         Starting [0;1;39mRule-based Manage…for Device Events and Files[0m...
[[0;32m  OK  [0m] Started [0;1;39mRule-based Manager for Device Events and Files[0m.
         Starting [0;1;39mAuto-connect to s…E devices found during boot[0m...
[[0;32m  OK  [0m] Finished [0;1;39mAuto-connect to s…VME devices found during boot[0m.
[[0;32m  OK  [0m] Finished [0;1;39mColdplug All udev Devices[0m.
         Starting [0;1;39mWait for udev To …plete Device Initialization[0m...
[[0;32m  OK  [0m] Finished [0;1;39mSetup Virtual Console[0m.
[[0;32m  OK  [0m] Started [0;1;39mDispatch Password …ts to Console Directory Watch[0m.
[[0;32m  OK  [0m] Reached target [0;1;39mLocal Encrypted Volumes[0m.
[[0;32m  OK  [0m] Reached target [0;1;39mPath Units[0m.
[[0;32m  OK  [0m] Found device [0;1;39m/dev/ttyS0[0m.
[[0;32m  OK  [0m] Listening on [0;1;39mLoad/Save RF …itch Status /dev/rfkill Watch[0m.
[[0;32m  OK  [0m] Finished [0;1;39mWait for udev To Complete Device Initialization[0m.
[[0;32m  OK  [0m] Reached target [0;1;39mPreparation for Local File Systems[0m.
[[0;32m  OK  [0m] Reached target [0;1;39mLocal File Systems[0m.
         Starting [0;1;39mTell Plymouth To Write Out Runtime Data[0m...
         Starting [0;1;39mAutomatic Boot Loader Update[0m...
         Starting [0;1;39mCreate Volatile Files and Directories[0m...
[[0;32m  OK  [0m] Finished [0;1;39mTell Plymouth To Write Out Runtime Data[0m.
[[0;32m  OK  [0m] Finished [0;1;39mAutomatic Boot Loader Update[0m.
[[0;32m  OK  [0m] Finished [0;1;39mCreate Volatile Files and Directories[0m.
         Mounting [0;1;39mRPC Pipe File System[0m...
         Starting [0;1;39mSecurity Auditing Service[0m...
         Starting [0;1;39mRPC Bind[0m...
[[0;32m  OK  [0m] Mounted [0;1;39mRPC Pipe File System[0m.
[[0;32m  OK  [0m] Reached target [0;1;39mrpc_pipefs.target[0m.
[[0;32m  OK  [0m] Started [0;1;39mRPC Bind[0m.
[[0;32m  OK  [0m] Started [0;1;39mSecurity Auditing Service[0m.
         Starting [0;1;39mRecord System Boot/Shutdown in UTMP[0m...
[[0;32m  OK  [0m] Finished [0;1;39mRecord System Boot/Shutdown in UTMP[0m.
[[0;32m  OK  [0m] Reached target [0;1;39mSystem Initialization[0m.
[[0;32m  OK  [0m] Started [0;1;39mDaily rotation of log files[0m.
[[0;32m  OK  [0m] Started [0;1;39mUpdates mlocate database every day[0m.
[[0;32m  OK  [0m] Started [0;1;39mDaily Cleanup of Temporary Directories[0m.
[[0;32m  OK  [0m] Started [0;1;39mdaily update of the root trust anchor for DNSSEC[0m.
[[0;32m  OK  [0m] Reached target [0;1;39mTimer Units[0m.
[[0;32m  OK  [0m] Listening on [0;1;39mD-Bus System Message Bus Socket[0m.
[[0;32m  OK  [0m] Listening on [0;1;39mOpen-iSCSI iscsid Socket[0m.
[[0;32m  OK  [0m] Listening on [0;1;39mOpen-iSCSI iscsiuio Socket[0m.
[[0;32m  OK  [0m] Listening on [0;1;39mSSSD Kerberos…ache Manager responder socket[0m.
[[0;32m  OK  [0m] Listening on [0;1;39mLibvirt interface local socket[0m.
[[0;32m  OK  [0m] Listening on [0;1;39mVirtual machine lock manager socket[0m.
[[0;32m  OK  [0m] Listening on [0;1;39mVirtual machine log manager socket[0m.
[[0;32m  OK  [0m] Listening on [0;1;39mLibvirt network local socket[0m.
[[0;32m  OK  [0m] Listening on [0;1;39mLibvirt nodedev local socket[0m.
[[0;32m  OK  [0m] Listening on [0;1;39mLibvirt nwfilter local socket[0m.
[[0;32m  OK  [0m] Listening on [0;1;39mLibvirt proxy local socket[0m.
[[0;32m  OK  [0m] Listening on [0;1;39mLibvirt qemu local socket[0m.
[[0;32m  OK  [0m] Listening on [0;1;39mLibvirt qemu admin socket[0m.
[[0;32m  OK  [0m] Listening on [0;1;39mLibvirt qemu local read-only socket[0m.
[[0;32m  OK  [0m] Listening on [0;1;39mLibvirt secret local socket[0m.
[[0;32m  OK  [0m] Listening on [0;1;39mLibvirt storage local socket[0m.
[[0;32m  OK  [0m] Reached target [0;1;39mSocket Units[0m.
         Starting [0;1;39mD-Bus System Message Bus[0m...
[[0;32m  OK  [0m] Started [0;1;39mD-Bus System Message Bus[0m.
[[0;32m  OK  [0m] Reached target [0;1;39mBasic System[0m.
         Starting [0;1;39mNetwork Manager[0m...
         Starting [0;1;39mNTP client/server[0m...
         Starting [0;1;39mRestore /run/initramfs on shutdown[0m...
[[0;32m  OK  [0m] Started [0;1;39mirqbalance daemon[0m.
[[0;32m  OK  [0m] Started [0;1;39mlibstoragemgmt plug-in server daemon[0m.
[[0;32m  OK  [0m] Started [0;1;39mMachine Check Exception Logging Daemon[0m.
[[0;32m  OK  [0m] Reached target [0;1;39msshd-keygen.target[0m.
[[0;32m  OK  [0m] Reached target [0;1;39mUser and Group Name Lookups[0m.
         Starting [0;1;39mUser Login Management[0m...
         Starting [0;1;39mVirtual Machine a…tainer Registration Service[0m...
         Starting [0;1;39mupdate of the roo…NSSEC validation in unbound[0m...
         Starting [0;1;39mRotate log files[0m...
[[0;32m  OK  [0m] Started [0;1;39mUpdate a database for mlocate[0m.
[[0;32m  OK  [0m] Finished [0;1;39mRestore /run/initramfs on shutdown[0m.
[[0;32m  OK  [0m] Started [0;1;39mVirtual Machine an…ontainer Registration Service[0m.
[[0;32m  OK  [0m] Started [0;1;39mNTP client/server[0m.
[[0;32m  OK  [0m] Started [0;1;39mUser Login Management[0m.
         Starting [0;1;39mHostname Service[0m...
[[0;32m  OK  [0m] Finished [0;1;39mupdate of the roo… DNSSEC validation in unbound[0m.
[[0;32m  OK  [0m] Started [0;1;39mHostname Service[0m.
         Starting [0;1;39mNetwork Manager Script Dispatcher Service[0m...
[[0;32m  OK  [0m] Finished [0;1;39mRotate log files[0m.
[[0;32m  OK  [0m] Started [0;1;39mNetwork Manager Script Dispatcher Service[0m.
[   11.407400] e1000: eth0 NIC Link is Up 1000 Mbps Full Duplex, Flow Control: RX
[[0;32m  OK  [0m] Started [0;1;39mNetwork Manager[0m.
[[0;32m  OK  [0m] Reached target [0;1;39mNetwork[0m.
[[0;32m  OK  [0m] Reached target [0;1;39mNetwork is Online[0m.
         Starting [0;1;39mGSSAPI Proxy Daemon[0m...
         Starting [0;1;39mNotify NFS peers of a restart[0m...
         Starting [0;1;39mSystem Logging Service[0m...
         Starting [0;1;39mOpenSSH server daemon[0m...
         Starting [0;1;39mDynamic System Tuning Daemon[0m...
[[0;32m  OK  [0m] Started [0;1;39mNotify NFS peers of a restart[0m.
[[0;32m  OK  [0m] Started [0;1;39mGSSAPI Proxy Daemon[0m.
[[0;32m  OK  [0m] Reached target [0;1;39mNFS client services[0m.
[[0;32m  OK  [0m] Reached target [0;1;39mPreparation for Remote File Systems[0m.
[[0;32m  OK  [0m] Reached target [0;1;39mRemote File Systems[0m.
         Starting [0;1;39mPermit User Sessions[0m...
         Starting [0;1;39mVirtualization qemu daemon[0m...
[[0;32m  OK  [0m] Started [0;1;39mOpenSSH server daemon[0m.
[[0;32m  OK  [0m] Finished [0;1;39mPermit User Sessions[0m.
[[0;32m  OK  [0m] Started [0;1;39mDeferred execution scheduler[0m.
[[0;32m  OK  [0m] Started [0;1;39mCommand Scheduler[0m.
         Starting [0;1;39mHold until boot process finishes up[0m...
         Starting [0;1;39mTerminate Plymouth Boot Screen[0m...
[[0;32m  OK  [0m] Started [0;1;39mSystem Logging Service[0m.
[[0;32m  OK  [0m] Finished [0;1;39mHold until boot process finishes up[0m.
[[0;32m  OK  [0m] Started [0;1;39mGetty on tty1[0m.
[[0;32m  OK  [0m] Started [0;1;39mSerial Getty on ttyS0[0m.
[[0;32m  OK  [0m] Reached target [0;1;39mLogin Prompts[0m.
[[0;32m  OK  [0m] Started [0;1;39mVirtualization qemu daemon[0m.
[[0;32m  OK  [0m] Finished [0;1;39mTerminate Plymouth Boot Screen[0m.
         Starting [0;1;39mAuthorization Manager[0m...
[[0;32m  OK  [0m] Started [0;1;39mAuthorization Manager[0m.
[[0;32m  OK  [0m] Started [0;1;39mDynamic System Tuning Daemon[0m.
[[0;32m  OK  [0m] Reached target [0;1;39mMulti-User System[0m.
         Starting [0;1;39mRecord Runlevel Change in UTMP[0m...
[[0;32m  OK  [0m] Finished [0;1;39mRecord Runlevel Change in UTMP[0m.

CentOS Stream 9
Kernel 6.8.0-rc2-63e4b9d693e0+ on an x86_64

Activate the web console with: systemctl enable --now cockpit.socket

test login: [   48.665602] watchdog: BUG: soft lockup - CPU#0 stuck for 26s! [nm-dispatcher:288]
[   48.666152] Modules linked in:
[   48.666362] irq event stamp: 116754
[   48.666584] hardirqs last  enabled at (116753): [<ffffffff85592f2e>] irqentry_exit+0x3e/0xa0
[   48.667144] hardirqs last disabled at (116754): [<ffffffff85590dd4>] sysvec_apic_timer_interrupt+0x14/0xc0
[   48.667753] softirqs last  enabled at (116736): [<ffffffff81269778>] __irq_exit_rcu+0xa8/0x110
[   48.668294] softirqs last disabled at (116731): [<ffffffff81269778>] __irq_exit_rcu+0xa8/0x110
[   48.668834] CPU: 0 PID: 288 Comm: nm-dispatcher Not tainted 6.8.0-rc2-63e4b9d693e0+ #1
[   48.669335] Hardware name: QEMU Standard PC (i440FX + PIIX, 1996), BIOS rel-1.16.0-0-gd239552ce722-prebuilt.qemu.org 04/01/2014
[   48.670037] RIP: 0010:__sanitizer_cov_trace_pc+0x38/0x70
[   48.670386] Code: 65 8b 05 a3 72 a2 7e 48 89 e5 48 8b 75 08 a9 00 01 ff 00 74 0f f6 c4 01 74 35 8b 82 e4 1d 00 00 85 c0 74 2b 8b 82 c0 1d 00 00 <83> f8 02 75 20 48 8b 8a c8 1d 00 00 8b 92 c4 1d 00 00 48 8b 01 48
[   48.671534] RSP: 0018:ffff88800e89fbd0 EFLAGS: 00000246
[   48.671869] RAX: 0000000000000000 RBX: ffff888019ffc000 RCX: 1ffffffff11cf23f
[   48.672314] RDX: ffff88800e202500 RSI: ffffffff8511153f RDI: ffff888019ffc770
[   48.672766] RBP: ffff88800e89fbd0 R08: 0000000000000001 R09: fffffbfff11c9a55
[   48.673211] R10: ffffffff88e4d2af R11: 0000000000000001 R12: ffff888019ffc000
[   48.673668] R13: dffffc0000000000 R14: 0000000000000000 R15: ffff88800e89fc60
[   48.674109] FS:  00007fb2062422c0(0000) GS:ffff88806cc00000(0000) knlGS:0000000000000000
[   48.674610] CS:  0010 DS: 0000 ES: 0000 CR0: 0000000080050033
[   48.674967] CR2: 00007f4b801fca50 CR3: 000000000d63c000 CR4: 0000000000750ef0
[   48.675422] PKRU: 55555554
[   48.675602] Call Trace:
[   48.675764]  <IRQ>
[   48.675902]  ? show_regs+0xa9/0xc0
[   48.676130]  ? watchdog_timer_fn+0x531/0x6b0
[   48.676414]  ? __pfx_watchdog_timer_fn+0x10/0x10
[   48.676722]  ? __hrtimer_run_queues+0x1a4/0xc00
[   48.677029]  ? __pfx___hrtimer_run_queues+0x10/0x10
[   48.677357]  ? hrtimer_interrupt+0x324/0x7a0
[   48.677653]  ? __sysvec_apic_timer_interrupt+0x105/0x3c0
[   48.678002]  ? sysvec_apic_timer_interrupt+0xa0/0xc0
[   48.678324]  </IRQ>
[   48.678467]  <TASK>
[   48.678610]  ? asm_sysvec_apic_timer_interrupt+0x1f/0x30
[   48.678961]  ? unix_gc+0x4af/0xfd0
[   48.679190]  ? __sanitizer_cov_trace_pc+0x38/0x70
[   48.679499]  unix_gc+0x4af/0xfd0
[   48.679715]  ? __this_cpu_preempt_check+0x21/0x30
[   48.680017]  ? __pfx_unix_gc+0x10/0x10
[   48.680269]  ? skb_dequeue+0x133/0x190
[   48.680528]  ? secondary_startup_64_no_verify+0x10b/0x18b
[   48.680876]  unix_release_sock+0xb8c/0xe80
[   48.681149]  ? __pfx_unix_release_sock+0x10/0x10
[   48.681454]  ? down_write+0x157/0x210
[   48.681697]  ? __pfx_down_write+0x10/0x10
[   48.681961]  unix_release+0x9c/0x100
[   48.682200]  __sock_release+0xb6/0x280
[   48.682455]  ? __pfx_sock_close+0x10/0x10
[   48.682717]  sock_close+0x27/0x40
[   48.682936]  __fput+0x284/0xb70
[   48.683156]  __fput_sync+0x58/0x70
[   48.683389]  __x64_sys_close+0x94/0x120
[   48.683642]  do_syscall_64+0x73/0x150
[   48.683887]  entry_SYSCALL_64_after_hwframe+0x6e/0x76
[   48.684220] RIP: 0033:0x7fb20653f26b
[   48.684466] Code: 03 00 00 00 0f 05 48 3d 00 f0 ff ff 77 41 c3 48 83 ec 18 89 7c 24 0c e8 c3 c9 f5 ff 8b 7c 24 0c 41 89 c0 b8 03 00 00 00 0f 05 <48> 3d 00 f0 ff ff 77 35 44 89 c7 89 44 24 0c e8 21 ca f5 ff 8b 44
[   48.685623] RSP: 002b:00007fffa9550840 EFLAGS: 00000293 ORIG_RAX: 0000000000000003
[   48.686093] RAX: ffffffffffffffda RBX: 00007fb2062419d0 RCX: 00007fb20653f26b
[   48.686542] RDX: 0000000000000002 RSI: 0000000000000002 RDI: 0000000000000007
[   48.686977] RBP: 0000000000000007 R08: 0000000000000000 R09: 0000000000000000
[   48.687428] R10: 00007fffa95a0080 R11: 0000000000000293 R12: 0000000000000000
[   48.687877] R13: 0000000000000004 R14: 00007fb1f4005b40 R15: 000055e924b4b4ce
[   48.688338]  </TASK>
[   48.688495] Kernel panic - not syncing: softlockup: hung tasks
[   48.688876] CPU: 0 PID: 288 Comm: nm-dispatcher Tainted: G             L     6.8.0-rc2-63e4b9d693e0+ #1
[   48.689479] Hardware name: QEMU Standard PC (i440FX + PIIX, 1996), BIOS rel-1.16.0-0-gd239552ce722-prebuilt.qemu.org 04/01/2014
[   48.690189] Call Trace:
[   48.690361]  <IRQ>
[   48.690501]  dump_stack_lvl+0xaa/0x110
[   48.690752]  dump_stack+0x19/0x20
[   48.690974]  panic+0x6d1/0x750
[   48.691192]  ? __pfx_panic+0x10/0x10
[   48.691449]  ? watchdog_timer_fn+0x59b/0x6b0
[   48.691732]  ? watchdog_timer_fn+0x58e/0x6b0
[   48.692018]  watchdog_timer_fn+0x5ac/0x6b0
[   48.692289]  ? __pfx_watchdog_timer_fn+0x10/0x10
[   48.692599]  __hrtimer_run_queues+0x1a4/0xc00
[   48.692903]  ? __pfx___hrtimer_run_queues+0x10/0x10
[   48.693238]  hrtimer_interrupt+0x324/0x7a0
[   48.693538]  __sysvec_apic_timer_interrupt+0x105/0x3c0
[   48.693880]  sysvec_apic_timer_interrupt+0xa0/0xc0
[   48.694193]  </IRQ>
[   48.694345]  <TASK>
[   48.694492]  asm_sysvec_apic_timer_interrupt+0x1f/0x30
[   48.694822] RIP: 0010:__sanitizer_cov_trace_pc+0x38/0x70
[   48.695167] Code: 65 8b 05 a3 72 a2 7e 48 89 e5 48 8b 75 08 a9 00 01 ff 00 74 0f f6 c4 01 74 35 8b 82 e4 1d 00 00 85 c0 74 2b 8b 82 c0 1d 00 00 <83> f8 02 75 20 48 8b 8a c8 1d 00 00 8b 92 c4 1d 00 00 48 8b 01 48
[   48.696338] RSP: 0018:ffff88800e89fbd0 EFLAGS: 00000246
[   48.696674] RAX: 0000000000000000 RBX: ffff888019ffc000 RCX: 1ffffffff11cf23f
[   48.697130] RDX: ffff88800e202500 RSI: ffffffff8511153f RDI: ffff888019ffc770
[   48.697589] RBP: ffff88800e89fbd0 R08: 0000000000000001 R09: fffffbfff11c9a55
[   48.698041] R10: ffffffff88e4d2af R11: 0000000000000001 R12: ffff888019ffc000
[   48.698501] R13: dffffc0000000000 R14: 0000000000000000 R15: ffff88800e89fc60
[   48.698962]  ? unix_gc+0x4af/0xfd0
[   48.699197]  unix_gc+0x4af/0xfd0
[   48.699430]  ? __this_cpu_preempt_check+0x21/0x30
[   48.699747]  ? __pfx_unix_gc+0x10/0x10
[   48.700003]  ? skb_dequeue+0x133/0x190
[   48.700261]  ? secondary_startup_64_no_verify+0x10b/0x18b
[   48.700625]  unix_release_sock+0xb8c/0xe80
[   48.700900]  ? __pfx_unix_release_sock+0x10/0x10
[   48.701206]  ? down_write+0x157/0x210
[   48.701458]  ? __pfx_down_write+0x10/0x10
[   48.701731]  unix_release+0x9c/0x100
[   48.701972]  __sock_release+0xb6/0x280
[   48.702224]  ? __pfx_sock_close+0x10/0x10
[   48.702498]  sock_close+0x27/0x40
[   48.702729]  __fput+0x284/0xb70
[   48.702956]  __fput_sync+0x58/0x70
[   48.703193]  __x64_sys_close+0x94/0x120
[   48.703438]  do_syscall_64+0x73/0x150
[   48.703672]  entry_SYSCALL_64_after_hwframe+0x6e/0x76
[   48.704025] RIP: 0033:0x7fb20653f26b
[   48.704271] Code: 03 00 00 00 0f 05 48 3d 00 f0 ff ff 77 41 c3 48 83 ec 18 89 7c 24 0c e8 c3 c9 f5 ff 8b 7c 24 0c 41 89 c0 b8 03 00 00 00 0f 05 <48> 3d 00 f0 ff ff 77 35 44 89 c7 89 44 24 0c e8 21 ca f5 ff 8b 44
[   48.705517] RSP: 002b:00007fffa9550840 EFLAGS: 00000293 ORIG_RAX: 0000000000000003
[   48.706038] RAX: ffffffffffffffda RBX: 00007fb2062419d0 RCX: 00007fb20653f26b
[   48.706530] RDX: 0000000000000002 RSI: 0000000000000002 RDI: 0000000000000007
[   48.707016] RBP: 0000000000000007 R08: 0000000000000000 R09: 0000000000000000
[   48.707510] R10: 00007fffa95a0080 R11: 0000000000000293 R12: 0000000000000000
[   48.707997] R13: 0000000000000004 R14: 00007fb1f4005b40 R15: 000055e924b4b4ce
[   48.708502]  </TASK>
[   48.709214] Kernel Offset: disabled
[   48.709523] ---[ end Kernel panic - not syncing: softlockup: hung tasks ]---
