c[?7l[2J[0mSeaBIOS (version rel-1.16.0-0-gd239552ce722-prebuilt.qemu.org)


iPXE (http://ipxe.org) 00:03.0 CA00 PCI2.10 PnP PMM+7FF91000+7FEF1000 CA00
Press Ctrl-B to configure iPXE (PCI 00:03.0)...                                                                               


Booting from ROM..c[?7l[2J[    0.000000] Linux version 6.8.0-rc4-841c35169323 (root@p-rpls01.sh.intel.com) (gcc (GCC) 11.4.1 20231218 (Red Hat 11.4.1-3), GNU ld version 2.35.2-42.el9) #1 SMP PREEMPT_DYNAMIC Wed Feb 14 14:55:01 CST 2024
[    0.000000] Command line: console=ttyS0 root=/dev/sda earlyprintk=serial net.ifnames=0 plymouth.enable=0
[    0.000000] KERNEL supported cpus:
[    0.000000]   Intel GenuineIntel
[    0.000000]   AMD AuthenticAMD
[    0.000000]   Hygon HygonGenuine
[    0.000000]   Centaur CentaurHauls
[    0.000000]   zhaoxin   Shanghai  
[    0.000000] BIOS-provided physical RAM map:
[    0.000000] BIOS-e820: [mem 0x0000000000000000-0x000000000009fbff] usable
[    0.000000] BIOS-e820: [mem 0x000000000009fc00-0x000000000009ffff] reserved
[    0.000000] BIOS-e820: [mem 0x00000000000f0000-0x00000000000fffff] reserved
[    0.000000] BIOS-e820: [mem 0x0000000000100000-0x000000007ffdffff] usable
[    0.000000] BIOS-e820: [mem 0x000000007ffe0000-0x000000007fffffff] reserved
[    0.000000] BIOS-e820: [mem 0x00000000feffc000-0x00000000feffffff] reserved
[    0.000000] BIOS-e820: [mem 0x00000000fffc0000-0x00000000ffffffff] reserved
[    0.000000] printk: legacy bootconsole [earlyser0] enabled
[    0.000000] NX (Execute Disable) protection: active
[    0.000000] APIC: Static calls initialized
[    0.000000] SMBIOS 2.8 present.
[    0.000000] DMI: QEMU Standard PC (i440FX + PIIX, 1996), BIOS rel-1.16.0-0-gd239552ce722-prebuilt.qemu.org 04/01/2014
[    0.000000] Hypervisor detected: KVM
[    0.000000] kvm-clock: Using msrs 4b564d01 and 4b564d00
[    0.000003] kvm-clock: using sched offset of 617462868 cycles
[    0.000426] clocksource: kvm-clock: mask: 0xffffffffffffffff max_cycles: 0x1cd42e4dffb, max_idle_ns: 881590591483 ns
[    0.001746] tsc: Detected 806.400 MHz processor
[    0.009343] last_pfn = 0x7ffe0 max_arch_pfn = 0x400000000
[    0.009818] MTRR map: 4 entries (3 fixed + 1 variable; max 19), built from 8 variable MTRRs
[    0.010495] x86/PAT: Configuration [0-7]: WB  WC  UC- UC  WB  WP  UC- WT  
[    0.016286] found SMP MP-table at [mem 0x000f5ba0-0x000f5baf]
[    0.016781] Using GB pages for direct mapping
[    0.017131] Incomplete global flushes, disabling PCID
[    0.019379] ACPI: Early table checksum verification disabled
[    0.020237] ACPI: RSDP 0x00000000000F59C0 000014 (v00 BOCHS )
[    0.020718] ACPI: RSDT 0x000000007FFE1951 000034 (v01 BOCHS  BXPC     00000001 BXPC 00000001)
[    0.021423] ACPI: FACP 0x000000007FFE17FD 000074 (v01 BOCHS  BXPC     00000001 BXPC 00000001)
[    0.022124] ACPI: DSDT 0x000000007FFE0040 0017BD (v01 BOCHS  BXPC     00000001 BXPC 00000001)
[    0.022822] ACPI: FACS 0x000000007FFE0000 000040
[    0.023205] ACPI: APIC 0x000000007FFE1871 000080 (v01 BOCHS  BXPC     00000001 BXPC 00000001)
[    0.023902] ACPI: HPET 0x000000007FFE18F1 000038 (v01 BOCHS  BXPC     00000001 BXPC 00000001)
[    0.024602] ACPI: WAET 0x000000007FFE1929 000028 (v01 BOCHS  BXPC     00000001 BXPC 00000001)
[    0.025298] ACPI: Reserving FACP table memory at [mem 0x7ffe17fd-0x7ffe1870]
[    0.025866] ACPI: Reserving DSDT table memory at [mem 0x7ffe0040-0x7ffe17fc]
[    0.026434] ACPI: Reserving FACS table memory at [mem 0x7ffe0000-0x7ffe003f]
[    0.026999] ACPI: Reserving APIC table memory at [mem 0x7ffe1871-0x7ffe18f0]
[    0.027567] ACPI: Reserving HPET table memory at [mem 0x7ffe18f1-0x7ffe1928]
[    0.028130] ACPI: Reserving WAET table memory at [mem 0x7ffe1929-0x7ffe1950]
[    0.029181] No NUMA configuration found
[    0.029496] Faking a node at [mem 0x0000000000000000-0x000000007ffdffff]
[    0.030062] NODE_DATA(0) allocated [mem 0x7ffb5000-0x7ffdffff]
[    0.032152] Zone ranges:
[    0.032361]   DMA      [mem 0x0000000000001000-0x0000000000ffffff]
[    0.032869]   DMA32    [mem 0x0000000001000000-0x000000007ffdffff]
[    0.033372]   Normal   empty
[    0.033616]   Device   empty
[    0.033855] Movable zone start for each node
[    0.034205] Early memory node ranges
[    0.034498]   node   0: [mem 0x0000000000001000-0x000000000009efff]
[    0.035009]   node   0: [mem 0x0000000000100000-0x000000007ffdffff]
[    0.035522] Initmem setup node 0 [mem 0x0000000000001000-0x000000007ffdffff]
[    0.036339] On node 0, zone DMA: 1 pages in unavailable ranges
[    0.037026] On node 0, zone DMA: 97 pages in unavailable ranges
[    0.063282] On node 0, zone DMA32: 32 pages in unavailable ranges
[    0.106602] kasan: KernelAddressSanitizer initialized
[    0.107282] ACPI: PM-Timer IO Port: 0x608
[    0.107644] ACPI: LAPIC_NMI (acpi_id[0xff] dfl dfl lint[0x1])
[    0.108174] IOAPIC[0]: apic_id 0, version 17, address 0xfec00000, GSI 0-23
[    0.108761] ACPI: INT_SRC_OVR (bus 0 bus_irq 0 global_irq 2 dfl dfl)
[    0.109278] ACPI: INT_SRC_OVR (bus 0 bus_irq 5 global_irq 5 high level)
[    0.109816] ACPI: INT_SRC_OVR (bus 0 bus_irq 9 global_irq 9 high level)
[    0.110352] ACPI: INT_SRC_OVR (bus 0 bus_irq 10 global_irq 10 high level)
[    0.110905] ACPI: INT_SRC_OVR (bus 0 bus_irq 11 global_irq 11 high level)
[    0.111470] ACPI: Using ACPI (MADT) for SMP configuration information
[    0.111988] ACPI: HPET id: 0x8086a201 base: 0xfed00000
[    0.112405] TSC deadline timer available
[    0.112725] smpboot: Allowing 2 CPUs, 0 hotplug CPUs
[    0.113175] kvm-guest: APIC: eoi() replaced with kvm_guest_apic_eoi_write()
[    0.113770] kvm-guest: KVM setup pv remote TLB flush
[    0.114171] kvm-guest: setup PV sched yield
[    0.114554] PM: hibernation: Registered nosave memory: [mem 0x00000000-0x00000fff]
[    0.115168] PM: hibernation: Registered nosave memory: [mem 0x0009f000-0x0009ffff]
[    0.115779] PM: hibernation: Registered nosave memory: [mem 0x000a0000-0x000effff]
[    0.116390] PM: hibernation: Registered nosave memory: [mem 0x000f0000-0x000fffff]
[    0.117002] [mem 0x80000000-0xfeffbfff] available for PCI devices
[    0.117497] Booting paravirtualized kernel on KVM
[    0.117884] clocksource: refined-jiffies: mask: 0xffffffff max_cycles: 0xffffffff, max_idle_ns: 7645519600211568 ns
[    0.118741] setup_percpu: NR_CPUS:8192 nr_cpumask_bits:2 nr_cpu_ids:2 nr_node_ids:1
[    0.119736] percpu: Embedded 82 pages/cpu s299008 r8192 d28672 u1048576
[    0.120436] kvm-guest: PV spinlocks enabled
[    0.120791] PV qspinlock hash table entries: 256 (order: 0, 4096 bytes, linear)
[    0.121407] Kernel command line: net.ifnames=0 console=ttyS0 root=/dev/sda earlyprintk=serial net.ifnames=0 plymouth.enable=0
[    0.122643] random: crng init done
[    0.123244] Dentry cache hash table entries: 262144 (order: 9, 2097152 bytes, linear)
[    0.124195] Inode-cache hash table entries: 131072 (order: 8, 1048576 bytes, linear)
[    0.125092] Fallback order for Node 0: 0 
[    0.125104] Built 1 zonelists, mobility grouping on.  Total pages: 515808
[    0.125981] Policy zone: DMA32
[    0.126232] mem auto-init: stack:off, heap alloc:off, heap free:off
[    0.126739] stackdepot: allocating hash table via alloc_large_system_hash
[    0.127290] stackdepot hash table entries: 1048576 (order: 12, 16777216 bytes, linear)
[    0.191806] Memory: 1619036K/2096632K available (73728K kernel code, 14138K rwdata, 16624K rodata, 14924K init, 21848K bss, 477340K reserved, 0K cma-reserved)
[    0.194463] SLUB: HWalign=64, Order=0-3, MinObjects=0, CPUs=2, Nodes=1
[    0.195002] kmemleak: Kernel memory leak detector disabled
[    0.195631] ftrace: allocating 70380 entries in 275 pages
[    0.222862] ftrace: allocated 275 pages with 4 groups
[    0.227799] Dynamic Preempt: voluntary
[    0.228768] Running RCU self tests
[    0.229056] Running RCU synchronous self tests
[    0.229446] rcu: Preemptible hierarchical RCU implementation.
[    0.229923] rcu: 	RCU lockdep checking is enabled.
[    0.230323] rcu: 	RCU restricting CPUs from NR_CPUS=8192 to nr_cpu_ids=2.
[    0.230893] 	Trampoline variant of Tasks RCU enabled.
[    0.231311] 	Rude variant of Tasks RCU enabled.
[    0.231696] 	Tracing variant of Tasks RCU enabled.
[    0.232094] rcu: RCU calculated value of scheduler-enlistment delay is 25 jiffies.
[    0.232725] rcu: Adjusting geometry for rcu_fanout_leaf=16, nr_cpu_ids=2
[    0.233357] Running RCU synchronous self tests
[    0.284482] NR_IRQS: 524544, nr_irqs: 440, preallocated irqs: 16
[    0.285812] rcu: srcu_init: Setting srcu_struct sizes based on contention.
[    0.293897] Console: colour VGA+ 80x25
[    0.294289] printk: legacy console [ttyS0] enabled
[    0.294289] printk: legacy console [ttyS0] enabled
[    0.295120] printk: legacy bootconsole [earlyser0] disabled
[    0.295120] printk: legacy bootconsole [earlyser0] disabled
[    0.296091] Lock dependency validator: Copyright (c) 2006 Red Hat, Inc., Ingo Molnar
[    0.296751] ... MAX_LOCKDEP_SUBCLASSES:  8
[    0.297106] ... MAX_LOCK_DEPTH:          48
[    0.297470] ... MAX_LOCKDEP_KEYS:        8192
[    0.297847] ... CLASSHASH_SIZE:          4096
[    0.298223] ... MAX_LOCKDEP_ENTRIES:     32768
[    0.298610] ... MAX_LOCKDEP_CHAINS:      65536
[    0.298993] ... CHAINHASH_SIZE:          32768
[    0.299378]  memory used by lock dependency info: 6429 kB
[    0.299839]  memory used for stack traces: 4224 kB
[    0.300249]  per task-struct memory footprint: 1920 bytes
[    0.300837] ACPI: Core revision 20230628
[    0.302101] clocksource: hpet: mask: 0xffffffff max_cycles: 0xffffffff, max_idle_ns: 19112604467 ns
[    0.303161] APIC: Switch to symmetric I/O mode setup
[    0.303754] x2apic enabled
[    0.304427] APIC: Switched APIC routing to: physical x2apic
[    0.304894] kvm-guest: APIC: send_IPI_mask() replaced with kvm_send_ipi_mask()
[    0.305513] kvm-guest: APIC: send_IPI_mask_allbutself() replaced with kvm_send_ipi_mask_allbutself()
[    0.306274] kvm-guest: setup PV IPIs
[    0.307933] ..TIMER: vector=0x30 apic1=0 pin1=2 apic2=-1 pin2=-1
[    0.308457] clocksource: tsc-early: mask: 0xffffffffffffffff max_cycles: 0xb9fb05486c, max_idle_ns: 440795231721 ns
[    0.309337] Calibrating delay loop (skipped) preset value.. 1612.80 BogoMIPS (lpj=3225600)
[    0.310214] x86/cpu: User Mode Instruction Prevention (UMIP) activated
[    0.310968] Last level iTLB entries: 4KB 0, 2MB 0, 4MB 0
[    0.313364] Last level dTLB entries: 4KB 0, 2MB 0, 4MB 0, 1GB 0
[    0.313877] Spectre V1 : Mitigation: usercopy/swapgs barriers and __user pointer sanitization
[    0.314586] Spectre V2 : WARNING: Unprivileged eBPF is enabled with eIBRS on, data leaks possible via Spectre v2 BHB attacks!
[    0.315516] Spectre V2 : Mitigation: Enhanced / Automatic IBRS
[    0.315982] Spectre V2 : Spectre v2 / SpectreRSB mitigation: Filling RSB on context switch
[    0.316640] Spectre V2 : Spectre v2 / PBRSB-eIBRS: Retire a single CALL on VMEXIT
[    0.317323] Spectre V2 : mitigation: Enabling conditional Indirect Branch Prediction Barrier
[    0.317993] Speculative Store Bypass: Mitigation: Speculative Store Bypass disabled via prctl
[    0.318672] MMIO Stale Data: Unknown: No mitigations
[    0.319105] x86/fpu: Supporting XSAVE feature 0x001: 'x87 floating point registers'
[    0.319740] x86/fpu: Supporting XSAVE feature 0x002: 'SSE registers'
[    0.320271] x86/fpu: Supporting XSAVE feature 0x004: 'AVX registers'
[    0.320796] x86/fpu: Supporting XSAVE feature 0x200: 'Protection Keys User registers'
[    0.321319] x86/fpu: xstate_offset[2]:  576, xstate_sizes[2]:  256
[    0.321838] x86/fpu: xstate_offset[9]:  832, xstate_sizes[9]:    8
[    0.322356] x86/fpu: Enabled xstate features 0x207, context size is 840 bytes, using 'compacted' format.
[    0.470849] Freeing SMP alternatives memory: 56K
[    0.471276] pid_max: default: 32768 minimum: 301
[    0.472022] LSM: initializing lsm=capability,yama,integrity
[    0.472499] Yama: becoming mindful.
[    0.473267] Mount-cache hash table entries: 4096 (order: 3, 32768 bytes, linear)
[    0.473326] Mountpoint-cache hash table entries: 4096 (order: 3, 32768 bytes, linear)
[    0.476187] Running RCU synchronous self tests
[    0.476564] Running RCU synchronous self tests
[    0.477822] smpboot: CPU0: Genuine Intel(R) 0000 (family: 0x6, model: 0xb7, stepping: 0x0)
[    0.479474] RCU Tasks: Setting shift to 1 and lim to 1 rcu_task_cb_adjust=1.
[    0.480151] RCU Tasks Rude: Setting shift to 1 and lim to 1 rcu_task_cb_adjust=1.
[    0.480866] RCU Tasks Trace: Setting shift to 1 and lim to 1 rcu_task_cb_adjust=1.
[    0.481315] Running RCU Tasks wait API self tests
[    0.585445] Running RCU Tasks Rude wait API self tests
[    0.586001] Running RCU Tasks Trace wait API self tests
[    0.586450] Performance Events: Alderlake Hybrid events, full-width counters, Intel PMU driver.
[    0.588035] core: cpu_core PMU driver: 
[    0.588343] ... version:                2
[    0.588645] ... bit width:              48
[    0.588954] ... generic registers:      6
[    0.589253] ... value mask:             0000ffffffffffff
[    0.589321] ... max period:             00007fffffffffff
[    0.589717] ... fixed-purpose events:   3
[    0.590015] ... event mask:             000100070000003f
[    0.590472] signal: max sigframe size: 3632
[    0.590999] rcu: Hierarchical SRCU implementation.
[    0.591353] rcu: 	Max phase no-delay instances is 1000.
[    0.593446] Callback from call_rcu_tasks_trace() invoked.
[    0.596799] unchecked MSR access error: WRMSR to 0x38f (tried to write 0x000100070000003f) at rIP: 0xffffffff811d6252 (native_write_msr+0x22/0x60)
[    0.597315] Call Trace:
[    0.597315]  <TASK>
[    0.597315]  ? show_stack_regs+0x31/0x40
[    0.597315]  ? ex_handler_msr+0x45e/0x560
[    0.597315]  ? __sanitizer_cov_trace_const_cmp8+0x21/0x30
[    0.597315]  ? fixup_exception+0x8f7/0xce0
[    0.597315]  ? gp_try_fixup_and_notify.constprop.0+0x30/0x1b0
[    0.597315]  ? exc_general_protection+0x139/0x340
[    0.597315]  ? asm_exc_general_protection+0x2b/0x30
[    0.597315]  ? native_write_msr+0x1a/0x60
[    0.597315]  ? native_write_msr+0x22/0x60
[    0.597315]  ? native_write_msr+0x1a/0x60
[    0.597315]  __intel_pmu_enable_all.constprop.0+0x144/0x390
[    0.597315]  intel_pmu_enable_all+0x1e/0x30
[    0.597315]  x86_pmu_enable+0x574/0xe50
[    0.597315]  ? ctx_sched_in+0x11d/0x650
[    0.597315]  ? ctx_sched_out+0x1c5/0x7a0
[    0.597315]  ? intel_pmu_disable_all+0xb2/0xf0
[    0.597315]  ctx_resched+0x33b/0x4f0
[    0.597315]  __perf_install_in_context+0x244/0x970
[    0.597315]  ? generic_exec_single+0x350/0x560
[    0.597315]  ? smp_call_function_single+0x196/0x470
[    0.597315]  ? __pfx___perf_install_in_context+0x10/0x10
[    0.597315]  remote_function+0x136/0x1b0
[    0.597315]  ? debug_smp_processor_id+0x20/0x30
[    0.597315]  ? __pfx_remote_function+0x10/0x10
[    0.597315]  generic_exec_single+0x202/0x560
[    0.597315]  smp_call_function_single+0x196/0x470
[    0.597315]  ? __pfx_remote_function+0x10/0x10
[    0.597315]  ? __pfx_smp_call_function_single+0x10/0x10
[    0.597315]  ? __pfx_remote_function+0x10/0x10
[    0.597315]  ? __sanitizer_cov_trace_const_cmp4+0x1a/0x20
[    0.597315]  ? exclusive_event_installable+0x25c/0x330
[    0.597315]  perf_install_in_context+0x4f4/0x5a0
[    0.597315]  ? __pfx_perf_install_in_context+0x10/0x10
[    0.597315]  ? __pfx___perf_install_in_context+0x10/0x10
[    0.597315]  ? __sanitizer_cov_trace_const_cmp4+0x1a/0x20
[    0.597315]  ? exclusive_event_installable+0x25c/0x330
[    0.597315]  perf_event_create_kernel_counter+0x4e3/0x680
[    0.597315]  hardlockup_detector_event_create+0xd1/0x1d0
[    0.597315]  watchdog_hardlockup_probe+0x34/0xa0
[    0.597315]  lockup_detector_init+0x72/0x100
[    0.597315]  kernel_init_freeable+0x93e/0x1120
[    0.597315]  ? __pfx_kernel_init+0x10/0x10
[    0.597315]  kernel_init+0x28/0x2e0
[    0.597315]  ? __pfx_kernel_init+0x10/0x10
[    0.597315]  ret_from_fork+0x56/0x90
[    0.597315]  ? __pfx_kernel_init+0x10/0x10
[    0.597315]  ret_from_fork_asm+0x1b/0x30
[    0.597315]  </TASK>
[    0.597662] smp: Bringing up secondary CPUs ...
[    0.598878] smpboot: x86: Booting SMP configuration:
[    0.599273] .... node  #0, CPUs:      #1
[    0.599451] smp: Brought up 1 node, 2 CPUs
[    0.599451] smpboot: Max logical packages: 1
[    0.599451] smpboot: Total of 2 processors activated (3225.60 BogoMIPS)
[    0.603229] devtmpfs: initialized
[    0.603229] x86/mm: Memory block size: 128MB
[    0.615474] Running RCU synchronous self tests
[    0.615474] Running RCU synchronous self tests
[    0.615474] clocksource: jiffies: mask: 0xffffffff max_cycles: 0xffffffff, max_idle_ns: 7645041785100000 ns
[    0.617334] futex hash table entries: 512 (order: 4, 65536 bytes, linear)
[    0.618477] pinctrl core: initialized pinctrl subsystem
[    0.619910] 
[    0.620037] *************************************************************
[    0.620555] **     NOTICE NOTICE NOTICE NOTICE NOTICE NOTICE NOTICE    **
[    0.621069] **                                                         **
[    0.621330] **  IOMMU DebugFS SUPPORT HAS BEEN ENABLED IN THIS KERNEL  **
[    0.621850] **                                                         **
[    0.622365] ** This means that this kernel is built to expose internal **
[    0.622886] ** IOMMU data structures, which may compromise security on **
[    0.623400] ** your system.                                            **
[    0.623918] **                                                         **
[    0.624431] ** If you see this message and you are not debugging the   **
[    0.624947] ** kernel, report this immediately to your vendor!         **
[    0.625325] **                                                         **
[    0.625841] **     NOTICE NOTICE NOTICE NOTICE NOTICE NOTICE NOTICE    **
[    0.626357] *************************************************************
[    0.626939] PM: RTC time: 08:12:43, date: 2024-02-20
[    0.629890] NET: Registered PF_NETLINK/PF_ROUTE protocol family
[    0.632106] DMA: preallocated 256 KiB GFP_KERNEL pool for atomic allocations
[    0.632677] DMA: preallocated 256 KiB GFP_KERNEL|GFP_DMA pool for atomic allocations
[    0.633298] DMA: preallocated 256 KiB GFP_KERNEL|GFP_DMA32 pool for atomic allocations
[    0.633431] audit: initializing netlink subsys (disabled)
[    0.633903] audit: type=2000 audit(1708416764.108:1): state=initialized audit_enabled=0 res=1
[    0.635344] thermal_sys: Registered thermal governor 'fair_share'
[    0.635354] thermal_sys: Registered thermal governor 'bang_bang'
[    0.635852] thermal_sys: Registered thermal governor 'step_wise'
[    0.636318] thermal_sys: Registered thermal governor 'user_space'
[    0.637427] cpuidle: using governor ladder
[    0.638248] cpuidle: using governor menu
[    0.638872] acpiphp: ACPI Hot Plug PCI Controller Driver version: 0.5
[    0.640308] PCI: Using configuration type 1 for base access
[    0.641232] kprobes: kprobe jump-optimization is enabled. All kprobes are optimized if possible.
[    0.753315] HugeTLB: registered 1.00 GiB page size, pre-allocated 0 pages
[    0.756513] HugeTLB: 16380 KiB vmemmap can be freed for a 1.00 GiB page
[    0.756513] HugeTLB: registered 2.00 MiB page size, pre-allocated 0 pages
[    0.756513] HugeTLB: 28 KiB vmemmap can be freed for a 2.00 MiB page
[    0.757316] Callback from call_rcu_tasks_rude() invoked.
[    0.761316] ACPI: Added _OSI(Module Device)
[    0.761316] ACPI: Added _OSI(Processor Device)
[    0.761316] ACPI: Added _OSI(3.0 _SCP Extensions)
[    0.765347] ACPI: Added _OSI(Processor Aggregator Device)
[    0.798072] ACPI: 1 ACPI AML tables successfully acquired and loaded
[    0.818205] ACPI: _OSC evaluation for CPUs failed, trying _PDC
[    0.825882] ACPI: Interpreter enabled
[    0.826483] ACPI: PM: (supports S0 S3 S4 S5)
[    0.826863] ACPI: Using IOAPIC for interrupt routing
[    0.827480] PCI: Using host bridge windows from ACPI; if necessary, use "pci=nocrs" and report a bug
[    0.828278] PCI: Using E820 reservations for host bridge windows
[    0.831539] ACPI: Enabled 2 GPEs in block 00 to 0F
[    0.910900] ACPI: PCI Root Bridge [PCI0] (domain 0000 [bus 00-ff])
[    0.911576] acpi PNP0A03:00: _OSC: OS supports [ASPM ClockPM Segments MSI EDR HPX-Type3]
[    0.912343] acpi PNP0A03:00: _OSC: not requesting OS control; OS requires [ExtendedConfig ASPM ClockPM MSI]
[    0.913631] acpi PNP0A03:00: fail to add MMCONFIG information, can't access extended configuration space under this bridge
[    0.924900] acpiphp: Slot [3] registered
[    0.925612] acpiphp: Slot [4] registered
[    0.926298] acpiphp: Slot [5] registered
[    0.926974] acpiphp: Slot [6] registered
[    0.927644] acpiphp: Slot [7] registered
[    0.928308] acpiphp: Slot [8] registered
[    0.928990] acpiphp: Slot [9] registered
[    0.929632] acpiphp: Slot [10] registered
[    0.930330] acpiphp: Slot [11] registered
[    0.931007] acpiphp: Slot [12] registered
[    0.931718] acpiphp: Slot [13] registered
[    0.932402] acpiphp: Slot [14] registered
[    0.933088] acpiphp: Slot [15] registered
[    0.933634] acpiphp: Slot [16] registered
[    0.934310] acpiphp: Slot [17] registered
[    0.934972] acpiphp: Slot [18] registered
[    0.935649] acpiphp: Slot [19] registered
[    0.936323] acpiphp: Slot [20] registered
[    0.937013] acpiphp: Slot [21] registered
[    0.937629] acpiphp: Slot [22] registered
[    0.938313] acpiphp: Slot [23] registered
[    0.938982] acpiphp: Slot [24] registered
[    0.939646] acpiphp: Slot [25] registered
[    0.940311] acpiphp: Slot [26] registered
[    0.940996] acpiphp: Slot [27] registered
[    0.941627] acpiphp: Slot [28] registered
[    0.942291] acpiphp: Slot [29] registered
[    0.942973] acpiphp: Slot [30] registered
[    0.943661] acpiphp: Slot [31] registered
[    0.944199] PCI host bridge to bus 0000:00
[    0.944592] pci_bus 0000:00: root bus resource [io  0x0000-0x0cf7 window]
[    0.945232] pci_bus 0000:00: root bus resource [io  0x0d00-0xffff window]
[    0.945331] pci_bus 0000:00: root bus resource [mem 0x000a0000-0x000bffff window]
[    0.946023] pci_bus 0000:00: root bus resource [mem 0x80000000-0xfebfffff window]
[    0.946726] pci_bus 0000:00: root bus resource [mem 0x100000000-0x17fffffff window]
[    0.947437] pci_bus 0000:00: root bus resource [bus 00-ff]
[    0.948283] pci 0000:00:00.0: [8086:1237] type 00 class 0x060000 conventional PCI endpoint
[    0.973690] pci 0000:00:01.0: [8086:7000] type 00 class 0x060100 conventional PCI endpoint
[    0.977363] pci 0000:00:01.1: [8086:7010] type 00 class 0x010180 conventional PCI endpoint
[    0.979695] pci 0000:00:01.1: BAR 4 [io  0xc040-0xc04f]
[    0.980752] pci 0000:00:01.1: BAR 0 [io  0x01f0-0x01f7]: legacy IDE quirk
[    0.981326] pci 0000:00:01.1: BAR 1 [io  0x03f6]: legacy IDE quirk
[    0.981868] pci 0000:00:01.1: BAR 2 [io  0x0170-0x0177]: legacy IDE quirk
[    0.982462] pci 0000:00:01.1: BAR 3 [io  0x0376]: legacy IDE quirk
[    0.983783] pci 0000:00:01.3: [8086:7113] type 00 class 0x068000 conventional PCI endpoint
[    0.984871] pci 0000:00:01.3: quirk: [io  0x0600-0x063f] claimed by PIIX4 ACPI
[    0.985330] pci 0000:00:01.3: quirk: [io  0x0700-0x070f] claimed by PIIX4 SMB
[    0.986642] pci 0000:00:02.0: [1234:1111] type 00 class 0x030000 conventional PCI endpoint
[    0.988964] pci 0000:00:02.0: BAR 0 [mem 0xfd000000-0xfdffffff pref]
[    0.990876] pci 0000:00:02.0: BAR 2 [mem 0xfebf0000-0xfebf0fff]
[    0.994978] pci 0000:00:02.0: ROM [mem 0xfebe0000-0xfebeffff pref]
[    0.996352] pci 0000:00:02.0: Video device with shadowed ROM at [mem 0x000c0000-0x000dffff]
[    1.021594] pci 0000:00:03.0: [8086:100e] type 00 class 0x020000 conventional PCI endpoint
[    1.023231] pci 0000:00:03.0: BAR 0 [mem 0xfebc0000-0xfebdffff]
[    1.024497] pci 0000:00:03.0: BAR 1 [io  0xc000-0xc03f]
[    1.028417] pci 0000:00:03.0: ROM [mem 0xfeb80000-0xfebbffff pref]
[    1.067418] ACPI: PCI: Interrupt link LNKA configured for IRQ 10
[    1.070293] ACPI: PCI: Interrupt link LNKB configured for IRQ 10
[    1.073094] ACPI: PCI: Interrupt link LNKC configured for IRQ 11
[    1.075612] ACPI: PCI: Interrupt link LNKD configured for IRQ 11
[    1.077024] ACPI: PCI: Interrupt link LNKS configured for IRQ 9
[    1.085315] iommu: Default domain type: Translated
[    1.085315] iommu: DMA domain TLB invalidation policy: lazy mode
[    1.086974] SCSI subsystem initialized
[    1.089315] ACPI: bus type USB registered
[    1.089315] usbcore: registered new interface driver usbfs
[    1.089315] usbcore: registered new interface driver hub
[    1.089413] usbcore: registered new device driver usb
[    1.090209] pps_core: LinuxPPS API ver. 1 registered
[    1.090645] pps_core: Software ver. 5.3.6 - Copyright 2005-2007 Rodolfo Giometti <giometti@linux.it>
[    1.091482] PTP clock support registered
[    1.093316] EDAC MC: Ver: 3.0.0
[    1.097315] NetLabel: Initializing
[    1.097315] NetLabel:  domain hash size = 128
[    1.097330] NetLabel:  protocols = UNLABELED CIPSOv4 CALIPSO
[    1.098042] NetLabel:  unlabeled traffic allowed by default
[    1.099319] PCI: Using ACPI for IRQ routing
[    1.100153] pci 0000:00:02.0: vgaarb: setting as boot VGA device
[    1.100712] pci 0000:00:02.0: vgaarb: bridge control possible
[    1.101217] pci 0000:00:02.0: vgaarb: VGA device added: decodes=io+mem,owns=io+mem,locks=none
[    1.105325] vgaarb: loaded
[    1.106153] hpet0: at MMIO 0xfed00000, IRQs 2, 8, 0
[    1.106598] hpet0: 3 comparators, 64-bit 100.000000 MHz counter
[    1.119056] clocksource: Switched to clocksource kvm-clock
[    1.124150] VFS: Disk quotas dquot_6.6.0
[    1.124621] VFS: Dquot-cache hash table entries: 512 (order 0, 4096 bytes)
[    1.126049] pnp: PnP ACPI init
[    1.133818] pnp: PnP ACPI: found 6 devices
[    1.159302] clocksource: acpi_pm: mask: 0xffffff max_cycles: 0xffffff, max_idle_ns: 2085701024 ns
[    1.160888] NET: Registered PF_INET protocol family
[    1.161508] IP idents hash table entries: 32768 (order: 6, 262144 bytes, linear)
[    1.163857] tcp_listen_portaddr_hash hash table entries: 1024 (order: 4, 73728 bytes, linear)
[    1.164651] Table-perturb hash table entries: 65536 (order: 6, 262144 bytes, linear)
[    1.165402] TCP established hash table entries: 16384 (order: 5, 131072 bytes, linear)
[    1.166680] TCP bind hash table entries: 16384 (order: 9, 2359296 bytes, linear)
[    1.168543] TCP: Hash tables configured (established 16384 bind 16384)
[    1.169344] UDP hash table entries: 1024 (order: 5, 163840 bytes, linear)
[    1.170008] UDP-Lite hash table entries: 1024 (order: 5, 163840 bytes, linear)
[    1.171213] NET: Registered PF_UNIX/PF_LOCAL protocol family
[    1.172932] RPC: Registered named UNIX socket transport module.
[    1.173494] RPC: Registered udp transport module.
[    1.173914] RPC: Registered tcp transport module.
[    1.174334] RPC: Registered tcp-with-tls transport module.
[    1.174815] RPC: Registered tcp NFSv4.1 backchannel transport module.
[    1.175429] pci_bus 0000:00: resource 4 [io  0x0000-0x0cf7 window]
[    1.175980] pci_bus 0000:00: resource 5 [io  0x0d00-0xffff window]
[    1.176528] pci_bus 0000:00: resource 6 [mem 0x000a0000-0x000bffff window]
[    1.177134] pci_bus 0000:00: resource 7 [mem 0x80000000-0xfebfffff window]
[    1.177742] pci_bus 0000:00: resource 8 [mem 0x100000000-0x17fffffff window]
[    1.179043] pci 0000:00:01.0: PIIX3: Enabling Passive Release
[    1.179569] pci 0000:00:00.0: Limiting direct PCI/PCI transfers
[    1.180186] PCI: CLS 0 bytes, default 64
[    1.180639] ACPI: bus type thunderbolt registered
[    1.181515] clocksource: tsc: mask: 0xffffffffffffffff max_cycles: 0xb9fb05486c, max_idle_ns: 440795231721 ns
[    2.800368] Initialise system trusted keyrings
[    2.800963] Key type blacklist registered
[    2.801656] workingset: timestamp_bits=36 max_order=19 bucket_order=0
[    2.802271] zbud: loaded
[    2.805286] squashfs: version 4.0 (2009/01/31) Phillip Lougher
[    2.807939] NFS: Registering the id_resolver key type
[    2.808426] Key type id_resolver registered
[    2.808783] Key type id_legacy registered
[    2.809191] nfs4filelayout_init: NFSv4 File Layout Driver Registering...
[    2.809802] nfs4flexfilelayout_init: NFSv4 Flexfile Layout Driver Registering...
[    2.810740] fuse: init (API version 7.39)
[    2.811850] SGI XFS with ACLs, security attributes, realtime, quota, no debug enabled
[    2.814143] 9p: Installing v9fs 9p2000 file system support
[    2.828954] Key type asymmetric registered
[    2.829354] Asymmetric key parser 'x509' registered
[    2.829946] Block layer SCSI generic (bsg) driver version 0.4 loaded (major 243)
[    2.831036] io scheduler mq-deadline registered
[    2.831576] io scheduler bfq registered
[    2.833044] shpchp: Standard Hot Plug PCI Controller Driver version: 0.4
[    2.834743] IPMI message handler: version 39.2
[    2.835304] ipmi device interface
[    2.838328] input: Power Button as /devices/LNXSYSTM:00/LNXPWRBN:00/input/input0
[    2.839798] ACPI: button: Power Button [PWRF]
[    2.842643] ERST DBG: ERST support is disabled.
[    2.844641] Serial: 8250/16550 driver, 32 ports, IRQ sharing enabled
[    2.847033] 00:04: ttyS0 at I/O 0x3f8 (irq = 4, base_baud = 115200) is a 16550A
[    2.855036] Callback from call_rcu_tasks() invoked.
[    2.888846] Linux agpgart interface v0.103
[    2.891988] ACPI: bus type drm_connector registered
[    2.925325] brd: module loaded
[    2.944728] loop: module loaded
[    2.959417] scsi host0: ata_piix
[    2.961708] scsi host1: ata_piix
[    2.962755] ata1: PATA max MWDMA2 cmd 0x1f0 ctl 0x3f6 bmdma 0xc040 irq 14 lpm-pol 0
[    2.963429] ata2: PATA max MWDMA2 cmd 0x170 ctl 0x376 bmdma 0xc048 irq 15 lpm-pol 0
[    2.967195] tun: Universal TUN/TAP device driver, 1.6
[    2.968193] e100: Intel(R) PRO/100 Network Driver
[    2.968605] e100: Copyright(c) 1999-2006 Intel Corporation
[    2.969151] e1000: Intel(R) PRO/1000 Network Driver
[    2.969557] e1000: Copyright (c) 1999-2006 Intel Corporation.
[    3.123217] ata2: found unknown device (class 0)
[    3.123942] ata1: found unknown device (class 0)
[    3.125031] ata1.00: ATA-7: QEMU HARDDISK, 2.5+, max UDMA/100
[    3.125504] ata1.00: 17196647 sectors, multi 16: LBA48 
[    3.126118] ata2.00: ATAPI: QEMU DVD-ROM, 2.5+, max UDMA/100
[    3.128438] scsi 0:0:0:0: Direct-Access     ATA      QEMU HARDDISK    2.5+ PQ: 0 ANSI: 5
[    3.131457] sd 0:0:0:0: Attached scsi generic sg0 type 0
[    3.133221] sd 0:0:0:0: [sda] 17196647 512-byte logical blocks: (8.80 GB/8.20 GiB)
[    3.133947] scsi 1:0:0:0: CD-ROM            QEMU     QEMU DVD-ROM     2.5+ PQ: 0 ANSI: 5
[    3.134704] sd 0:0:0:0: [sda] Write Protect is off
[    3.135266] sd 0:0:0:0: [sda] Write cache: enabled, read cache: enabled, doesn't support DPO or FUA
[    3.136371] sd 0:0:0:0: [sda] Preferred minimum I/O size 512 bytes
[    3.143434] sd 0:0:0:0: [sda] Attached SCSI disk
[    3.152764] scsi 1:0:0:0: Attached scsi generic sg1 type 5
[    5.152143] ACPI: \_SB_.LNKC: Enabled at IRQ 11
[    5.474999] e1000 0000:00:03.0 eth0: (PCI:33MHz:32-bit) 52:54:00:12:34:56
[    5.475552] e1000 0000:00:03.0 eth0: Intel(R) PRO/1000 Network Connection
[    5.476219] e1000e: Intel(R) PRO/1000 Network Driver
[    5.476577] e1000e: Copyright(c) 1999 - 2015 Intel Corporation.
[    5.477112] igb: Intel(R) Gigabit Ethernet Network Driver
[    5.477499] igb: Copyright (c) 2007-2014 Intel Corporation.
[    5.478132] PPP generic driver version 2.4.2
[    5.479580] VFIO - User Level meta-driver version: 0.3
[    5.481167] usbcore: registered new interface driver uas
[    5.481647] usbcore: registered new interface driver usb-storage
[    5.482411] i8042: PNP: PS/2 Controller [PNP0303:KBD,PNP0f13:MOU] at 0x60,0x64 irq 1,12
[    5.484168] serio: i8042 KBD port at 0x60,0x64 irq 1
[    5.484609] serio: i8042 AUX port at 0x60,0x64 irq 12
[    5.486680] mousedev: PS/2 mouse device common for all mice
[    5.488780] input: AT Translated Set 2 keyboard as /devices/platform/i8042/serio0/input/input1
[    5.490780] rtc_cmos 00:05: RTC can wake from S4
[    5.493149] input: VirtualPS/2 VMware VMMouse as /devices/platform/i8042/serio1/input/input4
[    5.495179] rtc_cmos 00:05: registered as rtc0
[    5.495586] rtc_cmos 00:05: setting system clock to 2024-02-20T08:12:48 UTC (1708416768)
[    5.496570] rtc_cmos 00:05: alarms up to one day, y3k, 242 bytes nvram, hpet irqs
[    5.497195] i2c_dev: i2c /dev entries driver
[    5.497636] device-mapper: core: CONFIG_IMA_DISABLE_HTABLE is disabled. Duplicate IMA measurements will not be recorded in the IMA log.
[    5.498533] device-mapper: uevent: version 1.0.3
[    5.499520] device-mapper: ioctl: 4.48.0-ioctl (2023-03-01) initialised: dm-devel@redhat.com
[    5.500164] intel_pstate: CPU model not supported
[    5.500849] sdhci: Secure Digital Host Controller Interface driver
[    5.501120] input: VirtualPS/2 VMware VMMouse as /devices/platform/i8042/serio1/input/input3
[    5.501288] sdhci: Copyright(c) Pierre Ossman
[    5.501448] sdhci-pltfm: SDHCI platform and OF driver helper
[    5.502702] ledtrig-cpu: registered to indicate activity on CPUs
[    5.503808] drop_monitor: Initializing network drop monitor service
[    5.504696] NET: Registered PF_INET6 protocol family
[    5.508914] Segment Routing with IPv6
[    5.509253] In-situ OAM (IOAM) with IPv6
[    5.509623] NET: Registered PF_PACKET protocol family
[    5.510233] 9pnet: Installing 9P2000 support
[    5.510698] Key type dns_resolver registered
[    5.512675] IPI shorthand broadcast: enabled
[    5.566480] sched_clock: Marking stable (5544004988, 18912235)->(5589001637, -26084414)
[    5.568241] registered taskstats version 1
[    5.569598] Loading compiled-in X.509 certificates
[    5.628838] Key type .fscrypt registered
[    5.629514] Key type fscrypt-provisioning registered
[    5.632608] Key type encrypted registered
[    5.632988] ima: No TPM chip found, activating TPM-bypass!
[    5.633416] ima: Allocated hash algorithm: sha1
[    5.633837] ima: No architecture policies found
[    5.634314] evm: Initialising EVM extended attributes:
[    5.634694] evm: security.selinux
[    5.634964] evm: security.SMACK64
[    5.635213] evm: security.SMACK64EXEC
[    5.635490] evm: security.SMACK64TRANSMUTE
[    5.635794] evm: security.SMACK64MMAP
[    5.636069] evm: security.apparmor
[    5.636326] evm: security.ima
[    5.636550] evm: security.capability
[    5.636818] evm: HMAC attrs: 0x1
[    5.641167] PM:   Magic number: 12:492:220
[    5.641587] dmi id: hash matches
[    5.642701] RAS: Correctable Errors collector initialized.
[    5.644019] clk: Disabling unused clocks
[    5.645082] md: Waiting for all devices to be available before autodetect
[    5.645445] md: If you don't use raid, use raid=noautodetect
[    5.645742] md: Autodetecting RAID arrays.
[    5.645974] md: autorun ...
[    5.646125] md: ... autorun DONE.
[    5.670017] EXT4-fs (sda): mounted filesystem 088740a9-c8b4-422c-999d-a804eb68a4da ro with ordered data mode. Quota mode: none.
[    5.670700] VFS: Mounted root (ext4 filesystem) readonly on device 8:0.
[    5.673328] devtmpfs: mounted
[    5.696892] Freeing unused decrypted memory: 2028K
[    5.700771] Freeing unused kernel image (initmem) memory: 14924K
[    5.701132] Write protecting the kernel read-only data: 92160k
[    5.703534] Freeing unused kernel image (rodata/data gap) memory: 1808K
[    5.766937] x86/mm: Checked W+X mappings: passed, no W+X pages found.
[    5.767295] Run /sbin/init as init process
[    5.936124] systemd[1]: systemd 252-15.el9 running in system mode (+PAM +AUDIT +SELINUX -APPARMOR +IMA +SMACK +SECCOMP +GCRYPT +GNUTLS +OPENSSL +ACL +BLKID +CURL +ELFUTILS -FIDO2 +IDN2 -IDN -IPTC +KMOD +LIBCRYPTSETUP +LIBFDISK +PCRE2 -PWQUALITY +P11KIT -QRENCODE +TPM2 +BZIP2 +LZ4 +XZ +ZLIB +ZSTD -BPF_FRAMEWORK +XKBCOMMON +UTMP +SYSVINIT default-hierarchy=unified)
[    5.937788] systemd[1]: Detected virtualization kvm.
[    5.938065] systemd[1]: Detected architecture x86-64.

Welcome to [0;31mCentOS Stream 9[0m!

[    5.944314] systemd[1]: Hostname set to <test>.
[    6.314287] systemd-rc-local-generator[123]: /etc/rc.d/rc.local is not marked executable, skipping.
[    6.626549] systemd[1]: Queued start job for default target Multi-User System.
[    6.654880] systemd[1]: Created slice Virtual Machine and Container Slice.
[[0;32m  OK  [0m] Created slice [0;1;39mVirtual Machine and Container Slice[0m.
[    6.661485] systemd[1]: Created slice Slice /system/getty.
[[0;32m  OK  [0m] Created slice [0;1;39mSlice /system/getty[0m.
[    6.664934] systemd[1]: Created slice Slice /system/modprobe.
[[0;32m  OK  [0m] Created slice [0;1;39mSlice /system/modprobe[0m.
[    6.668196] systemd[1]: Created slice Slice /system/serial-getty.
[[0;32m  OK  [0m] Created slice [0;1;39mSlice /system/serial-getty[0m.
[    6.671507] systemd[1]: Created slice Slice /system/sshd-keygen.
[[0;32m  OK  [0m] Created slice [0;1;39mSlice /system/sshd-keygen[0m.
[    6.674575] systemd[1]: Created slice User and Session Slice.
[[0;32m  OK  [0m] Created slice [0;1;39mUser and Session Slice[0m.
[    6.676024] systemd[1]: Started Forward Password Requests to Wall Directory Watch.
[[0;32m  OK  [0m] Started [0;1;39mForward Password R…uests to Wall Directory Watch[0m.
[    6.678435] systemd[1]: Set up automount Arbitrary Executable File Formats File System Automount Point.
[[0;32m  OK  [0m] Set up automount [0;1;39mArbitrary…s File System Automount Point[0m.
[    6.679817] systemd[1]: Reached target Local Integrity Protected Volumes.
[[0;32m  OK  [0m] Reached target [0;1;39mLocal Integrity Protected Volumes[0m.
[    6.680886] systemd[1]: Reached target Slice Units.
[[0;32m  OK  [0m] Reached target [0;1;39mSlice Units[0m.
[    6.681700] systemd[1]: Reached target Swaps.
[[0;32m  OK  [0m] Reached target [0;1;39mSwaps[0m.
[    6.682463] systemd[1]: Reached target Local Verity Protected Volumes.
[[0;32m  OK  [0m] Reached target [0;1;39mLocal Verity Protected Volumes[0m.
[    6.683920] systemd[1]: Listening on Device-mapper event daemon FIFOs.
[[0;32m  OK  [0m] Listening on [0;1;39mDevice-mapper event daemon FIFOs[0m.
[    6.685758] systemd[1]: Listening on LVM2 poll daemon socket.
[[0;32m  OK  [0m] Listening on [0;1;39mLVM2 poll daemon socket[0m.
[    6.686960] systemd[1]: multipathd control socket was skipped because of an unmet condition check (ConditionPathExists=/etc/multipath.conf).
[    6.748345] systemd[1]: Listening on RPCbind Server Activation Socket.
[[0;32m  OK  [0m] Listening on [0;1;39mRPCbind Server Activation Socket[0m.
[    6.749605] systemd[1]: Reached target RPC Port Mapper.
[[0;32m  OK  [0m] Reached target [0;1;39mRPC Port Mapper[0m.
[    6.753370] systemd[1]: Listening on Process Core Dump Socket.
[[0;32m  OK  [0m] Listening on [0;1;39mProcess Core Dump Socket[0m.
[    6.754826] systemd[1]: Listening on initctl Compatibility Named Pipe.
[[0;32m  OK  [0m] Listening on [0;1;39minitctl Compatibility Named Pipe[0m.
[    6.756575] systemd[1]: Listening on Journal Socket (/dev/log).
[[0;32m  OK  [0m] Listening on [0;1;39mJournal Socket (/dev/log)[0m.
[    6.758129] systemd[1]: Listening on Journal Socket.
[[0;32m  OK  [0m] Listening on [0;1;39mJournal Socket[0m.
[    6.759846] systemd[1]: Listening on udev Control Socket.
[[0;32m  OK  [0m] Listening on [0;1;39mudev Control Socket[0m.
[    6.761184] systemd[1]: Listening on udev Kernel Socket.
[[0;32m  OK  [0m] Listening on [0;1;39mudev Kernel Socket[0m.
[    6.771151] systemd[1]: Mounting Huge Pages File System...
         Mounting [0;1;39mHuge Pages File System[0m...
[    6.781133] systemd[1]: Mounting POSIX Message Queue File System...
         Mounting [0;1;39mPOSIX Message Queue File System[0m...
[    6.795976] systemd[1]: Mounting Kernel Debug File System...
         Mounting [0;1;39mKernel Debug File System[0m...
[    6.807097] systemd[1]: Mounting Kernel Trace File System...
         Mounting [0;1;39mKernel Trace File System[0m...
[    6.812075] systemd[1]: Kernel Module supporting RPCSEC_GSS was skipped because of an unmet condition check (ConditionPathExists=/etc/krb5.keytab).
[    6.812956] systemd[1]: Create List of Static Device Nodes was skipped because of an unmet condition check (ConditionFileNotEmpty=/lib/modules/6.8.0-rc4-841c35169323/modules.devname).
[    6.821748] systemd[1]: Starting Monitoring of LVM2 mirrors, snapshots etc. using dmeventd or progress polling...
         Starting [0;1;39mMonitoring of LVM…meventd or progress polling[0m...
[    6.832442] systemd[1]: Starting Load Kernel Module configfs...
         Starting [0;1;39mLoad Kernel Module configfs[0m...
[    6.842561] systemd[1]: Starting Load Kernel Module drm...
         Starting [0;1;39mLoad Kernel Module drm[0m...
[    6.863977] systemd[1]: Starting Load Kernel Module fuse...
         Starting [0;1;39mLoad Kernel Module fuse[0m...
[    6.878603] systemd[1]: Starting Read and set NIS domainname from /etc/sysconfig/network...
         Starting [0;1;39mRead and set NIS …from /etc/sysconfig/network[0m...
[    6.907887] systemd[1]: Starting Journal Service...
         Starting [0;1;39mJournal Service[0m...
[    6.951530] systemd[1]: Starting Load Kernel Modules...
         Starting [0;1;39mLoad Kernel Modules[0m...
[    6.963698] systemd[1]: Starting Generate network units from Kernel command line...
         Starting [0;1;39mGenerate network …ts from Kernel command line[0m...
[    6.983695] systemd[1]: Starting Remount Root and Kernel File Systems...
         Starting [0;1;39mRemount Root and Kernel File Systems[0m...
[    6.987772] systemd[1]: Repartition Root Disk was skipped because no trigger condition checks were met.
[    7.043550] systemd[1]: Starting Coldplug All udev Devices...
         Starting [0;1;39mColdplug All udev Devices[0m...
[    7.085989] systemd[1]: Mounted Huge Pages File System.
[[0;32m  OK  [0m] Mounted [0;1;39mHuge Pages File System[0m.
[    7.092409] systemd[1]: Mounted POSIX Message Queue File System.
[[0;32m  OK  [0m] Mounted [0;1;39mPOSIX Message Queue File System[0m.
[    7.094307] systemd[1]: Mounted Kernel Debug File System.
[[0;32m  OK  [0m] Mounted [0;1;39mKernel Debug File System[0m.
[    7.099494] systemd[1]: Mounted Kernel Trace File System.
[[0;32m  OK  [0m] Mounted [0;1;39mKernel Trace File System[0m.
[    7.103317] systemd[1]: Finished Monitoring of LVM2 mirrors, snapshots etc. using dmeventd or progress polling.
[[0;32m  OK  [0m] Finished [0;1;39mMonitoring of LVM… dmeventd or progress polling[0m.
[    7.109901] systemd[1]: modprobe@configfs.service: Deactivated successfully.
[    7.114370] systemd[1]: Finished Load Kernel Module configfs.
[[0;32m  OK  [0m] Finished [0;1;39mLoad Kernel Module configfs[0m.
[    7.118447] systemd[1]: modprobe@drm.service: Deactivated successfully.
[    7.124446] systemd[1]: Finished Load Kernel Module drm.
[[0;32m  OK  [0m] Finished [0;1;39mLoad Kernel Module drm[0m.
[    7.127529] systemd[1]: modprobe@fuse.service: Deactivated successfully.
[    7.132620] systemd[1]: Finished Load Kernel Module fuse.
[[0;32m  OK  [0m] Finished [0;1;39mLoad Kernel Module fuse[0m.
[    7.134456] systemd[1]: Started Journal Service.
[[0;32m  OK  [0m] Started [0;1;39mJournal Service[0m.
[[0;32m  OK  [0m] Finished [0;1;39mRead and set NIS …e from /etc/sysconfig/network[0m.
[[0;1;31mFAILED[0m] Failed to start [0;1;39mLoad Kernel Modules[0m.
See 'systemctl status systemd-modules-load.service' for details.
[[0;32m  OK  [0m] Finished [0;1;39mGenerate network units from Kernel command line[0m.
[[0;32m  OK  [0m] Reached target [0;1;39mPreparation for Network[0m.
[    7.173046] EXT4-fs (sda): re-mounted 088740a9-c8b4-422c-999d-a804eb68a4da r/w. Quota mode: none.
         Mounting [0;1;39mFUSE Control File System[0m...
         Mounting [0;1;39mKernel Configuration File System[0m...
         Starting [0;1;39mApply Kernel Variables[0m...
[[0;32m  OK  [0m] Finished [0;1;39mRemount Root and Kernel File Systems[0m.
[[0;32m  OK  [0m] Mounted [0;1;39mFUSE Control File System[0m.
[[0;32m  OK  [0m] Mounted [0;1;39mKernel Configuration File System[0m.
         Starting [0;1;39mFlush Journal to Persistent Storage[0m...
         Starting [0;1;39mLoad/Save Random Seed[0m...
[    7.388799] systemd-journald[145]: Received client request to flush runtime journal.
         Starting [0;1;39mCreate Static Device Nodes in /dev[0m...
         Starting [0;1;39mSetup Virtual Console[0m...
[[0;32m  OK  [0m] Finished [0;1;39mApply Kernel Variables[0m.
[[0;32m  OK  [0m] Finished [0;1;39mFlush Journal to Persistent Storage[0m.
[[0;32m  OK  [0m] Finished [0;1;39mLoad/Save Random Seed[0m.
[[0;32m  OK  [0m] Finished [0;1;39mCreate Static Device Nodes in /dev[0m.
         Starting [0;1;39mRule-based Manage…for Device Events and Files[0m...
[[0;32m  OK  [0m] Started [0;1;39mRule-based Manager for Device Events and Files[0m.
         Starting [0;1;39mAuto-connect to s…E devices found during boot[0m...
[[0;32m  OK  [0m] Finished [0;1;39mAuto-connect to s…VME devices found during boot[0m.
[[0;32m  OK  [0m] Finished [0;1;39mColdplug All udev Devices[0m.
         Starting [0;1;39mWait for udev To …plete Device Initialization[0m...
[[0;32m  OK  [0m] Finished [0;1;39mSetup Virtual Console[0m.
[[0;32m  OK  [0m] Started [0;1;39mDispatch Password …ts to Console Directory Watch[0m.
[[0;32m  OK  [0m] Reached target [0;1;39mLocal Encrypted Volumes[0m.
[[0;32m  OK  [0m] Reached target [0;1;39mPath Units[0m.
[[0;32m  OK  [0m] Found device [0;1;39m/dev/ttyS0[0m.
[[0;32m  OK  [0m] Listening on [0;1;39mLoad/Save RF …itch Status /dev/rfkill Watch[0m.
[[0;32m  OK  [0m] Finished [0;1;39mWait for udev To Complete Device Initialization[0m.
[[0;32m  OK  [0m] Reached target [0;1;39mPreparation for Local File Systems[0m.
[[0;32m  OK  [0m] Reached target [0;1;39mLocal File Systems[0m.
         Starting [0;1;39mTell Plymouth To Write Out Runtime Data[0m...
         Starting [0;1;39mAutomatic Boot Loader Update[0m...
         Starting [0;1;39mCreate Volatile Files and Directories[0m...
[[0;32m  OK  [0m] Finished [0;1;39mTell Plymouth To Write Out Runtime Data[0m.
[[0;32m  OK  [0m] Finished [0;1;39mAutomatic Boot Loader Update[0m.
[[0;32m  OK  [0m] Finished [0;1;39mCreate Volatile Files and Directories[0m.
         Mounting [0;1;39mRPC Pipe File System[0m...
         Starting [0;1;39mSecurity Auditing Service[0m...
         Starting [0;1;39mRPC Bind[0m...
[[0;32m  OK  [0m] Mounted [0;1;39mRPC Pipe File System[0m.
[[0;32m  OK  [0m] Reached target [0;1;39mrpc_pipefs.target[0m.
[[0;32m  OK  [0m] Started [0;1;39mRPC Bind[0m.
[[0;32m  OK  [0m] Started [0;1;39mSecurity Auditing Service[0m.
         Starting [0;1;39mRecord System Boot/Shutdown in UTMP[0m...
[[0;32m  OK  [0m] Finished [0;1;39mRecord System Boot/Shutdown in UTMP[0m.
[[0;32m  OK  [0m] Reached target [0;1;39mSystem Initialization[0m.
[[0;32m  OK  [0m] Started [0;1;39mDaily rotation of log files[0m.
[[0;32m  OK  [0m] Started [0;1;39mUpdates mlocate database every day[0m.
[[0;32m  OK  [0m] Started [0;1;39mDaily Cleanup of Temporary Directories[0m.
[[0;32m  OK  [0m] Started [0;1;39mdaily update of the root trust anchor for DNSSEC[0m.
[[0;32m  OK  [0m] Reached target [0;1;39mTimer Units[0m.
[[0;32m  OK  [0m] Listening on [0;1;39mD-Bus System Message Bus Socket[0m.
[[0;32m  OK  [0m] Listening on [0;1;39mOpen-iSCSI iscsid Socket[0m.
[[0;32m  OK  [0m] Listening on [0;1;39mOpen-iSCSI iscsiuio Socket[0m.
[[0;32m  OK  [0m] Listening on [0;1;39mSSSD Kerberos…ache Manager responder socket[0m.
[[0;32m  OK  [0m] Listening on [0;1;39mLibvirt interface local socket[0m.
[[0;32m  OK  [0m] Listening on [0;1;39mVirtual machine lock manager socket[0m.
[[0;32m  OK  [0m] Listening on [0;1;39mVirtual machine log manager socket[0m.
[[0;32m  OK  [0m] Listening on [0;1;39mLibvirt network local socket[0m.
[[0;32m  OK  [0m] Listening on [0;1;39mLibvirt nodedev local socket[0m.
[[0;32m  OK  [0m] Listening on [0;1;39mLibvirt nwfilter local socket[0m.
[[0;32m  OK  [0m] Listening on [0;1;39mLibvirt proxy local socket[0m.
[[0;32m  OK  [0m] Listening on [0;1;39mLibvirt qemu local socket[0m.
[[0;32m  OK  [0m] Listening on [0;1;39mLibvirt qemu admin socket[0m.
[[0;32m  OK  [0m] Listening on [0;1;39mLibvirt qemu local read-only socket[0m.
[[0;32m  OK  [0m] Listening on [0;1;39mLibvirt secret local socket[0m.
[[0;32m  OK  [0m] Listening on [0;1;39mLibvirt storage local socket[0m.
[[0;32m  OK  [0m] Reached target [0;1;39mSocket Units[0m.
         Starting [0;1;39mD-Bus System Message Bus[0m...
[[0;32m  OK  [0m] Started [0;1;39mD-Bus System Message Bus[0m.
[[0;32m  OK  [0m] Reached target [0;1;39mBasic System[0m.
         Starting [0;1;39mNetwork Manager[0m...
         Starting [0;1;39mNTP client/server[0m...
         Starting [0;1;39mRestore /run/initramfs on shutdown[0m...
[[0;32m  OK  [0m] Started [0;1;39mirqbalance daemon[0m.
[[0;32m  OK  [0m] Started [0;1;39mlibstoragemgmt plug-in server daemon[0m.
[[0;32m  OK  [0m] Started [0;1;39mMachine Check Exception Logging Daemon[0m.
[[0;32m  OK  [0m] Reached target [0;1;39msshd-keygen.target[0m.
[[0;32m  OK  [0m] Reached target [0;1;39mUser and Group Name Lookups[0m.
         Starting [0;1;39mUser Login Management[0m...
         Starting [0;1;39mVirtual Machine a…tainer Registration Service[0m...
         Starting [0;1;39mupdate of the roo…NSSEC validation in unbound[0m...
         Starting [0;1;39mRotate log files[0m...
[[0;32m  OK  [0m] Started [0;1;39mUpdate a database for mlocate[0m.
[[0;32m  OK  [0m] Finished [0;1;39mRestore /run/initramfs on shutdown[0m.
[[0;32m  OK  [0m] Started [0;1;39mVirtual Machine an…ontainer Registration Service[0m.
         Starting [0;1;39mHostname Service[0m...
[[0;32m  OK  [0m] Started [0;1;39mNTP client/server[0m.
[[0;32m  OK  [0m] Started [0;1;39mUser Login Management[0m.
[[0;32m  OK  [0m] Finished [0;1;39mupdate of the roo… DNSSEC validation in unbound[0m.
[[0;32m  OK  [0m] Started [0;1;39mHostname Service[0m.
         Starting [0;1;39mNetwork Manager Script Dispatcher Service[0m...
[[0;32m  OK  [0m] Finished [0;1;39mRotate log files[0m.
[[0;32m  OK  [0m] Started [0;1;39mNetwork Manager Script Dispatcher Service[0m.
[   12.099380] e1000: eth0 NIC Link is Up 1000 Mbps Full Duplex, Flow Control: RX
[[0;32m  OK  [0m] Started [0;1;39mNetwork Manager[0m.
[[0;32m  OK  [0m] Reached target [0;1;39mNetwork[0m.
[[0;32m  OK  [0m] Reached target [0;1;39mNetwork is Online[0m.
         Starting [0;1;39mGSSAPI Proxy Daemon[0m...
         Starting [0;1;39mNotify NFS peers of a restart[0m...
         Starting [0;1;39mSystem Logging Service[0m...
         Starting [0;1;39mOpenSSH server daemon[0m...
         Starting [0;1;39mDynamic System Tuning Daemon[0m...
[[0;32m  OK  [0m] Started [0;1;39mNotify NFS peers of a restart[0m.
[[0;32m  OK  [0m] Started [0;1;39mGSSAPI Proxy Daemon[0m.
[[0;32m  OK  [0m] Reached target [0;1;39mNFS client services[0m.
[[0;32m  OK  [0m] Reached target [0;1;39mPreparation for Remote File Systems[0m.
[[0;32m  OK  [0m] Reached target [0;1;39mRemote File Systems[0m.
         Starting [0;1;39mPermit User Sessions[0m...
         Starting [0;1;39mVirtualization qemu daemon[0m...
[[0;32m  OK  [0m] Started [0;1;39mOpenSSH server daemon[0m.
[[0;32m  OK  [0m] Finished [0;1;39mPermit User Sessions[0m.
[[0;32m  OK  [0m] Started [0;1;39mDeferred execution scheduler[0m.
[[0;32m  OK  [0m] Started [0;1;39mCommand Scheduler[0m.
         Starting [0;1;39mHold until boot process finishes up[0m...
         Starting [0;1;39mTerminate Plymouth Boot Screen[0m...
[[0;32m  OK  [0m] Started [0;1;39mVirtualization qemu daemon[0m.
[[0;32m  OK  [0m] Started [0;1;39mSystem Logging Service[0m.
[[0;32m  OK  [0m] Finished [0;1;39mHold until boot process finishes up[0m.
[[0;32m  OK  [0m] Started [0;1;39mGetty on tty1[0m.
[[0;32m  OK  [0m] Started [0;1;39mSerial Getty on ttyS0[0m.
[[0;32m  OK  [0m] Reached target [0;1;39mLogin Prompts[0m.
[[0;32m  OK  [0m] Finished [0;1;39mTerminate Plymouth Boot Screen[0m.
         Starting [0;1;39mAuthorization Manager[0m...
[[0;32m  OK  [0m] Started [0;1;39mAuthorization Manager[0m.
[[0;32m  OK  [0m] Started [0;1;39mDynamic System Tuning Daemon[0m.
[[0;32m  OK  [0m] Reached target [0;1;39mMulti-User System[0m.
         Starting [0;1;39mRecord Runlevel Change in UTMP[0m...
[[0;32m  OK  [0m] Finished [0;1;39mRecord Runlevel Change in UTMP[0m.

CentOS Stream 9
Kernel 6.8.0-rc4-841c35169323 on an x86_64

Activate the web console with: systemctl enable --now cockpit.socket

test login: [   48.597320] watchdog: BUG: soft lockup - CPU#0 stuck for 26s! [nm-dispatcher:286]
[   48.597815] Modules linked in:
[   48.597996] irq event stamp: 115736
[   48.598195] hardirqs last  enabled at (115735): [<ffffffff85593f2e>] irqentry_exit+0x3e/0xa0
[   48.598676] hardirqs last disabled at (115736): [<ffffffff85591dd4>] sysvec_apic_timer_interrupt+0x14/0xc0
[   48.599202] softirqs last  enabled at (115714): [<ffffffff812696b8>] __irq_exit_rcu+0xa8/0x110
[   48.599689] softirqs last disabled at (115709): [<ffffffff812696b8>] __irq_exit_rcu+0xa8/0x110
[   48.600176] CPU: 0 PID: 286 Comm: nm-dispatcher Not tainted 6.8.0-rc4-841c35169323 #1
[   48.600622] Hardware name: QEMU Standard PC (i440FX + PIIX, 1996), BIOS rel-1.16.0-0-gd239552ce722-prebuilt.qemu.org 04/01/2014
[   48.601257] RIP: 0010:__sanitizer_cov_trace_pc+0x38/0x70
[   48.601570] Code: 65 8b 05 b3 6e a2 7e 48 89 e5 48 8b 75 08 a9 00 01 ff 00 74 0f f6 c4 01 74 35 8b 82 e4 1d 00 00 85 c0 74 2b 8b 82 c0 1d 00 00 <83> f8 02 75 20 48 8b 8a c8 1d 00 00 8b 92 c4 1d 00 00 48 8b 01 48
[   48.602571] RSP: 0018:ffff8880169f7bd0 EFLAGS: 00000246
[   48.602869] RAX: 0000000000000000 RBX: ffff88800e644800 RCX: 1ffffffff11cf23f
[   48.603271] RDX: ffff888010388000 RSI: ffffffff8511265f RDI: ffff88800e644f70
[   48.603676] RBP: ffff8880169f7bd0 R08: 0000000000000001 R09: fffffbfff11c9a55
[   48.604078] R10: ffffffff88e4d2af R11: 0000000000000001 R12: ffff88800e644800
[   48.604483] R13: dffffc0000000000 R14: 0000000000000000 R15: ffff8880169f7c60
[   48.604886] FS:  00007f79af44d2c0(0000) GS:ffff88806cc00000(0000) knlGS:0000000000000000
[   48.605344] CS:  0010 DS: 0000 ES: 0000 CR0: 0000000080050033
[   48.605666] CR2: 00007fea893fca50 CR3: 000000000f49c000 CR4: 0000000000750ef0
[   48.606058] PKRU: 55555554
[   48.606216] Call Trace:
[   48.606362]  <IRQ>
[   48.606485]  ? show_regs+0xa9/0xc0
[   48.606687]  ? watchdog_timer_fn+0x531/0x6b0
[   48.606933]  ? __pfx_watchdog_timer_fn+0x10/0x10
[   48.607198]  ? __hrtimer_run_queues+0x1a4/0xc00
[   48.607471]  ? __pfx___hrtimer_run_queues+0x10/0x10
[   48.607763]  ? hrtimer_interrupt+0x324/0x7a0
[   48.608029]  ? __sysvec_apic_timer_interrupt+0x105/0x3c0
[   48.608342]  ? sysvec_apic_timer_interrupt+0xa0/0xc0
[   48.608631]  </IRQ>
[   48.608760]  <TASK>
[   48.608892]  ? asm_sysvec_apic_timer_interrupt+0x1f/0x30
[   48.609209]  ? unix_gc+0x4af/0xfd0
[   48.609421]  ? __sanitizer_cov_trace_pc+0x38/0x70
[   48.609700]  unix_gc+0x4af/0xfd0
[   48.609898]  ? __this_cpu_preempt_check+0x21/0x30
[   48.610177]  ? __pfx_unix_gc+0x10/0x10
[   48.610406]  ? skb_dequeue+0x133/0x190
[   48.610636]  ? secondary_startup_64_no_verify+0x10b/0x18b
[   48.610959]  unix_release_sock+0xb8c/0xe80
[   48.611204]  ? __pfx_unix_release_sock+0x10/0x10
[   48.611480]  ? down_write+0x157/0x210
[   48.611695]  ? __pfx_down_write+0x10/0x10
[   48.611931]  unix_release+0x9c/0x100
[   48.612142]  __sock_release+0xb6/0x280
[   48.612365]  ? __pfx_sock_close+0x10/0x10
[   48.612596]  sock_close+0x27/0x40
[   48.612792]  __fput+0x284/0xb70
[   48.612987]  __fput_sync+0x58/0x70
[   48.613188]  __x64_sys_close+0x94/0x120
[   48.613413]  do_syscall_64+0x73/0x150
[   48.613629]  entry_SYSCALL_64_after_hwframe+0x6e/0x76
[   48.613914] RIP: 0033:0x7f79af73f26b
[   48.614123] Code: 03 00 00 00 0f 05 48 3d 00 f0 ff ff 77 41 c3 48 83 ec 18 89 7c 24 0c e8 c3 c9 f5 ff 8b 7c 24 0c 41 89 c0 b8 03 00 00 00 0f 05 <48> 3d 00 f0 ff ff 77 35 44 89 c7 89 44 24 0c e8 21 ca f5 ff 8b 44
[   48.615135] RSP: 002b:00007ffde277df90 EFLAGS: 00000293 ORIG_RAX: 0000000000000003
[   48.615568] RAX: ffffffffffffffda RBX: 00007f79af44c9d0 RCX: 00007f79af73f26b
[   48.615972] RDX: 0000000000000002 RSI: 0000000000000002 RDI: 0000000000000007
[   48.616377] RBP: 0000000000000007 R08: 0000000000000000 R09: 0000000000000000
[   48.616779] R10: 00007ffde2781080 R11: 0000000000000293 R12: 0000000000000000
[   48.617181] R13: 0000000000000004 R14: 00007f7998008800 R15: 0000556ddad0d4ce
[   48.617601]  </TASK>
[   48.617736] Kernel panic - not syncing: softlockup: hung tasks
[   48.618067] CPU: 0 PID: 286 Comm: nm-dispatcher Tainted: G             L     6.8.0-rc4-841c35169323 #1
[   48.618589] Hardware name: QEMU Standard PC (i440FX + PIIX, 1996), BIOS rel-1.16.0-0-gd239552ce722-prebuilt.qemu.org 04/01/2014
[   48.619220] Call Trace:
[   48.619370]  <IRQ>
[   48.619495]  dump_stack_lvl+0xaa/0x110
[   48.619721]  dump_stack+0x19/0x20
[   48.619922]  panic+0x6d1/0x750
[   48.620111]  ? __pfx_panic+0x10/0x10
[   48.620339]  ? watchdog_timer_fn+0x59b/0x6b0
[   48.620592]  ? watchdog_timer_fn+0x58e/0x6b0
[   48.620849]  watchdog_timer_fn+0x5ac/0x6b0
[   48.621090]  ? __pfx_watchdog_timer_fn+0x10/0x10
[   48.621365]  __hrtimer_run_queues+0x1a4/0xc00
[   48.621633]  ? __pfx___hrtimer_run_queues+0x10/0x10
[   48.621922]  hrtimer_interrupt+0x324/0x7a0
[   48.622169]  __sysvec_apic_timer_interrupt+0x105/0x3c0
[   48.622465]  sysvec_apic_timer_interrupt+0xa0/0xc0
[   48.622737]  </IRQ>
[   48.622850]  <TASK>
[   48.622978]  asm_sysvec_apic_timer_interrupt+0x1f/0x30
[   48.623267] RIP: 0010:__sanitizer_cov_trace_pc+0x38/0x70
[   48.623569] Code: 65 8b 05 b3 6e a2 7e 48 89 e5 48 8b 75 08 a9 00 01 ff 00 74 0f f6 c4 01 74 35 8b 82 e4 1d 00 00 85 c0 74 2b 8b 82 c0 1d 00 00 <83> f8 02 75 20 48 8b 8a c8 1d 00 00 8b 92 c4 1d 00 00 48 8b 01 48
[   48.624598] RSP: 0018:ffff8880169f7bd0 EFLAGS: 00000246
[   48.624900] RAX: 0000000000000000 RBX: ffff88800e644800 RCX: 1ffffffff11cf23f
[   48.625306] RDX: ffff888010388000 RSI: ffffffff8511265f RDI: ffff88800e644f70
[   48.625712] RBP: ffff8880169f7bd0 R08: 0000000000000001 R09: fffffbfff11c9a55
[   48.626119] R10: ffffffff88e4d2af R11: 0000000000000001 R12: ffff88800e644800
[   48.626529] R13: dffffc0000000000 R14: 0000000000000000 R15: ffff8880169f7c60
[   48.626945]  ? unix_gc+0x4af/0xfd0
[   48.627156]  unix_gc+0x4af/0xfd0
[   48.627357]  ? __this_cpu_preempt_check+0x21/0x30
[   48.627639]  ? __pfx_unix_gc+0x10/0x10
[   48.627862]  ? skb_dequeue+0x133/0x190
[   48.628087]  ? secondary_startup_64_no_verify+0x10b/0x18b
[   48.628405]  unix_release_sock+0xb8c/0xe80
[   48.628646]  ? __pfx_unix_release_sock+0x10/0x10
[   48.628913]  ? down_write+0x157/0x210
[   48.629131]  ? __pfx_down_write+0x10/0x10
[   48.629379]  unix_release+0x9c/0x100
[   48.629597]  __sock_release+0xb6/0x280
[   48.629827]  ? __pfx_sock_close+0x10/0x10
[   48.630066]  sock_close+0x27/0x40
[   48.630271]  __fput+0x284/0xb70
[   48.630467]  __fput_sync+0x58/0x70
[   48.630670]  __x64_sys_close+0x94/0x120
[   48.630894]  do_syscall_64+0x73/0x150
[   48.631111]  entry_SYSCALL_64_after_hwframe+0x6e/0x76
[   48.631406] RIP: 0033:0x7f79af73f26b
[   48.631621] Code: 03 00 00 00 0f 05 48 3d 00 f0 ff ff 77 41 c3 48 83 ec 18 89 7c 24 0c e8 c3 c9 f5 ff 8b 7c 24 0c 41 89 c0 b8 03 00 00 00 0f 05 <48> 3d 00 f0 ff ff 77 35 44 89 c7 89 44 24 0c e8 21 ca f5 ff 8b 44
[   48.632661] RSP: 002b:00007ffde277df90 EFLAGS: 00000293 ORIG_RAX: 0000000000000003
[   48.633095] RAX: ffffffffffffffda RBX: 00007f79af44c9d0 RCX: 00007f79af73f26b
[   48.633504] RDX: 0000000000000002 RSI: 0000000000000002 RDI: 0000000000000007
[   48.633902] RBP: 0000000000000007 R08: 0000000000000000 R09: 0000000000000000
[   48.634301] R10: 00007ffde2781080 R11: 0000000000000293 R12: 0000000000000000
[   48.634701] R13: 0000000000000004 R14: 00007f7998008800 R15: 0000556ddad0d4ce
[   48.635120]  </TASK>
[   48.635772] Kernel Offset: disabled
[   48.636014] ---[ end Kernel panic - not syncing: softlockup: hung tasks ]---
