c[?7l[2J[0mSeaBIOS (version rel-1.16.0-0-gd239552ce722-prebuilt.qemu.org)


iPXE (http://ipxe.org) 00:03.0 CA00 PCI2.10 PnP PMM+7FF91000+7FEF1000 CA00
Press Ctrl-B to configure iPXE (PCI 00:03.0)...                                                                               


Booting from ROM...
c[?7l[2J[    0.000000] Linux version 6.7.0-rc4-537ccb5d28d6+ (root@p-rplp02) (gcc (GCC) 8.5.0 20210514 (Red Hat 8.5.0-19), GNU ld version 2.36.1-2.el8) #1 SMP PREEMPT_DYNAMIC Tue Dec 12 23:01:54 CST 2023
[    0.000000] Command line: console=ttyS0 root=/dev/sda earlyprintk=serial net.ifnames=0 plymouth.enable=0
[    0.000000] KERNEL supported cpus:
[    0.000000]   Intel GenuineIntel
[    0.000000]   AMD AuthenticAMD
[    0.000000]   Hygon HygonGenuine
[    0.000000]   Centaur CentaurHauls
[    0.000000]   zhaoxin   Shanghai  
[    0.000000] BIOS-provided physical RAM map:
[    0.000000] BIOS-e820: [mem 0x0000000000000000-0x000000000009fbff] usable
[    0.000000] BIOS-e820: [mem 0x000000000009fc00-0x000000000009ffff] reserved
[    0.000000] BIOS-e820: [mem 0x00000000000f0000-0x00000000000fffff] reserved
[    0.000000] BIOS-e820: [mem 0x0000000000100000-0x000000007ffdffff] usable
[    0.000000] BIOS-e820: [mem 0x000000007ffe0000-0x000000007fffffff] reserved
[    0.000000] BIOS-e820: [mem 0x00000000feffc000-0x00000000feffffff] reserved
[    0.000000] BIOS-e820: [mem 0x00000000fffc0000-0x00000000ffffffff] reserved
[    0.000000] printk: legacy bootconsole [earlyser0] enabled
[    0.000000] NX (Execute Disable) protection: active
[    0.000000] APIC: Static calls initialized
[    0.000000] SMBIOS 2.8 present.
[    0.000000] DMI: QEMU Standard PC (i440FX + PIIX, 1996), BIOS rel-1.16.0-0-gd239552ce722-prebuilt.qemu.org 04/01/2014
[    0.000000] Hypervisor detected: KVM
[    0.000000] kvm-clock: Using msrs 4b564d01 and 4b564d00
[    0.000007] kvm-clock: using sched offset of 1029091693 cycles
[    0.000686] clocksource: kvm-clock: mask: 0xffffffffffffffff max_cycles: 0x1cd42e4dffb, max_idle_ns: 881590591483 ns
[    0.002841] tsc: Detected 1881.600 MHz processor
[    0.011508] last_pfn = 0x7ffe0 max_arch_pfn = 0x400000000
[    0.012261] MTRR map: 4 entries (3 fixed + 1 variable; max 19), built from 8 variable MTRRs
[    0.013308] x86/PAT: Configuration [0-7]: WB  WC  UC- UC  WB  WP  UC- WT  
[    0.026238] found SMP MP-table at [mem 0x000f5ba0-0x000f5baf]
[    0.027175] Using GB pages for direct mapping
[    0.030417] ACPI: Early table checksum verification disabled
[    0.031253] ACPI: RSDP 0x00000000000F59C0 000014 (v00 BOCHS )
[    0.032120] ACPI: RSDT 0x000000007FFE1951 000034 (v01 BOCHS  BXPC     00000001 BXPC 00000001)
[    0.033348] ACPI: FACP 0x000000007FFE17FD 000074 (v01 BOCHS  BXPC     00000001 BXPC 00000001)
[    0.034550] ACPI: DSDT 0x000000007FFE0040 0017BD (v01 BOCHS  BXPC     00000001 BXPC 00000001)
[    0.035730] ACPI: FACS 0x000000007FFE0000 000040
[    0.036337] ACPI: APIC 0x000000007FFE1871 000080 (v01 BOCHS  BXPC     00000001 BXPC 00000001)
[    0.037427] ACPI: HPET 0x000000007FFE18F1 000038 (v01 BOCHS  BXPC     00000001 BXPC 00000001)
[    0.038554] ACPI: WAET 0x000000007FFE1929 000028 (v01 BOCHS  BXPC     00000001 BXPC 00000001)
[    0.039693] ACPI: Reserving FACP table memory at [mem 0x7ffe17fd-0x7ffe1870]
[    0.040600] ACPI: Reserving DSDT table memory at [mem 0x7ffe0040-0x7ffe17fc]
[    0.041499] ACPI: Reserving FACS table memory at [mem 0x7ffe0000-0x7ffe003f]
[    0.042393] ACPI: Reserving APIC table memory at [mem 0x7ffe1871-0x7ffe18f0]
[    0.043312] ACPI: Reserving HPET table memory at [mem 0x7ffe18f1-0x7ffe1928]
[    0.044232] ACPI: Reserving WAET table memory at [mem 0x7ffe1929-0x7ffe1950]
[    0.045800] No NUMA configuration found
[    0.046302] Faking a node at [mem 0x0000000000000000-0x000000007ffdffff]
[    0.047195] NODE_DATA(0) allocated [mem 0x7ffb5000-0x7ffdffff]
[    0.049970] Zone ranges:
[    0.050324]   DMA      [mem 0x0000000000001000-0x0000000000ffffff]
[    0.051110]   DMA32    [mem 0x0000000001000000-0x000000007ffdffff]
[    0.051918]   Normal   empty
[    0.052287]   Device   empty
[    0.052654] Movable zone start for each node
[    0.053195] Early memory node ranges
[    0.053645]   node   0: [mem 0x0000000000001000-0x000000000009efff]
[    0.054439]   node   0: [mem 0x0000000000100000-0x000000007ffdffff]
[    0.055233] Initmem setup node 0 [mem 0x0000000000001000-0x000000007ffdffff]
[    0.058664] On node 0, zone DMA: 1 pages in unavailable ranges
[    0.059108] On node 0, zone DMA: 97 pages in unavailable ranges
[    0.116545] On node 0, zone DMA32: 32 pages in unavailable ranges
[    0.486345] kasan: KernelAddressSanitizer initialized
[    0.488113] ACPI: PM-Timer IO Port: 0x608
[    0.488660] ACPI: LAPIC_NMI (acpi_id[0xff] dfl dfl lint[0x1])
[    0.489460] IOAPIC[0]: apic_id 0, version 17, address 0xfec00000, GSI 0-23
[    0.490354] ACPI: INT_SRC_OVR (bus 0 bus_irq 0 global_irq 2 dfl dfl)
[    0.491149] ACPI: INT_SRC_OVR (bus 0 bus_irq 5 global_irq 5 high level)
[    0.491988] ACPI: INT_SRC_OVR (bus 0 bus_irq 9 global_irq 9 high level)
[    0.492811] ACPI: INT_SRC_OVR (bus 0 bus_irq 10 global_irq 10 high level)
[    0.493646] ACPI: INT_SRC_OVR (bus 0 bus_irq 11 global_irq 11 high level)
[    0.494513] ACPI: Using ACPI (MADT) for SMP configuration information
[    0.495303] ACPI: HPET id: 0x8086a201 base: 0xfed00000
[    0.495984] TSC deadline timer available
[    0.496473] smpboot: Allowing 2 CPUs, 0 hotplug CPUs
[    0.497154] kvm-guest: APIC: eoi() replaced with kvm_guest_apic_eoi_write()
[    0.498053] kvm-guest: KVM setup pv remote TLB flush
[    0.498830] kvm-guest: setup PV sched yield
[    0.499447] PM: hibernation: Registered nosave memory: [mem 0x00000000-0x00000fff]
[    0.500350] PM: hibernation: Registered nosave memory: [mem 0x0009f000-0x0009ffff]
[    0.501241] PM: hibernation: Registered nosave memory: [mem 0x000a0000-0x000effff]
[    0.502137] PM: hibernation: Registered nosave memory: [mem 0x000f0000-0x000fffff]
[    0.503043] [mem 0x80000000-0xfeffbfff] available for PCI devices
[    0.503799] Booting paravirtualized kernel on KVM
[    0.504404] clocksource: refined-jiffies: mask: 0xffffffff max_cycles: 0xffffffff, max_idle_ns: 7645519600211568 ns
[    0.505688] setup_percpu: NR_CPUS:8192 nr_cpumask_bits:2 nr_cpu_ids:2 nr_node_ids:1
[    0.516282] percpu: Embedded 82 pages/cpu s299008 r8192 d28672 u1048576
[    0.517352] kvm-guest: PV spinlocks enabled
[    0.517881] PV qspinlock hash table entries: 256 (order: 0, 4096 bytes, linear)
[    0.518820] Kernel command line: net.ifnames=0 console=ttyS0 root=/dev/sda earlyprintk=serial net.ifnames=0 plymouth.enable=0
[    0.520720] random: crng init done
[    0.522990] Dentry cache hash table entries: 262144 (order: 9, 2097152 bytes, linear)
[    0.525043] Inode-cache hash table entries: 131072 (order: 8, 1048576 bytes, linear)
[    0.526420] Fallback order for Node 0: 0 
[    0.526438] Built 1 zonelists, mobility grouping on.  Total pages: 515808
[    0.527811] Policy zone: DMA32
[    0.528207] mem auto-init: stack:off, heap alloc:off, heap free:off
[    0.528988] stackdepot: allocating hash table via alloc_large_system_hash
[    0.536490] stackdepot hash table entries: 1048576 (order: 11, 8388608 bytes, linear)
[    0.585996] Memory: 1627232K/2096632K available (73728K kernel code, 14095K rwdata, 16700K rodata, 14912K init, 21912K bss, 469144K reserved, 0K cma-reserved)
[    0.589776] SLUB: HWalign=64, Order=0-3, MinObjects=0, CPUs=2, Nodes=1
[    0.590600] kmemleak: Kernel memory leak detector disabled
[    0.591543] ftrace: allocating 72459 entries in 284 pages
[    0.623025] ftrace: allocated 284 pages with 4 groups
[    0.628939] Dynamic Preempt: voluntary
[    0.630219] Running RCU self tests
[    0.630658] Running RCU synchronous self tests
[    0.631240] rcu: Preemptible hierarchical RCU implementation.
[    0.631981] rcu: 	RCU lockdep checking is enabled.
[    0.632579] rcu: 	RCU restricting CPUs from NR_CPUS=8192 to nr_cpu_ids=2.
[    0.633430] 	Trampoline variant of Tasks RCU enabled.
[    0.634069] 	Rude variant of Tasks RCU enabled.
[    0.634652] 	Tracing variant of Tasks RCU enabled.
[    0.635281] rcu: RCU calculated value of scheduler-enlistment delay is 25 jiffies.
[    0.636245] rcu: Adjusting geometry for rcu_fanout_leaf=16, nr_cpu_ids=2
[    0.637211] Running RCU synchronous self tests
[    0.694870] NR_IRQS: 524544, nr_irqs: 440, preallocated irqs: 16
[    0.696579] rcu: srcu_init: Setting srcu_struct sizes based on contention.
[    0.707182] Console: colour VGA+ 80x25
[    0.707819] printk: legacy console [ttyS0] enabled
[    0.707819] printk: legacy console [ttyS0] enabled
[    0.709038] printk: legacy bootconsole [earlyser0] disabled
[    0.709038] printk: legacy bootconsole [earlyser0] disabled
[    0.710487] Lock dependency validator: Copyright (c) 2006 Red Hat, Inc., Ingo Molnar
[    0.711522] ... MAX_LOCKDEP_SUBCLASSES:  8
[    0.712049] ... MAX_LOCK_DEPTH:          48
[    0.712582] ... MAX_LOCKDEP_KEYS:        8192
[    0.713131] ... CLASSHASH_SIZE:          4096
[    0.713681] ... MAX_LOCKDEP_ENTRIES:     32768
[    0.714242] ... MAX_LOCKDEP_CHAINS:      65536
[    0.714803] ... CHAINHASH_SIZE:          32768
[    0.715368]  memory used by lock dependency info: 6493 kB
[    0.716068]  memory used for stack traces: 4224 kB
[    0.716672]  per task-struct memory footprint: 1920 bytes
[    0.717538] ACPI: Core revision 20230628
[    0.718820] clocksource: hpet: mask: 0xffffffff max_cycles: 0xffffffff, max_idle_ns: 19112604467 ns
[    0.720375] APIC: Switch to symmetric I/O mode setup
[    0.721226] x2apic enabled
[    0.722057] APIC: Switched APIC routing to: physical x2apic
[    0.722785] kvm-guest: APIC: send_IPI_mask() replaced with kvm_send_ipi_mask()
[    0.723746] kvm-guest: APIC: send_IPI_mask_allbutself() replaced with kvm_send_ipi_mask_allbutself()
[    0.725121] kvm-guest: setup PV IPIs
[    0.727171] ..TIMER: vector=0x30 apic1=0 pin1=2 apic2=-1 pin2=-1
[    0.728042] clocksource: tsc-early: mask: 0xffffffffffffffff max_cycles: 0x363e8c91135, max_idle_ns: 881590568389 ns
[    0.729695] Calibrating delay loop (skipped) preset value.. 3763.20 BogoMIPS (lpj=7526400)
[    0.730927] CPU0: Thermal monitoring enabled (TM1)
[    0.731598] x86/cpu: User Mode Instruction Prevention (UMIP) activated
[    0.733857] Last level iTLB entries: 4KB 0, 2MB 0, 4MB 0
[    0.734580] Last level dTLB entries: 4KB 0, 2MB 0, 4MB 0, 1GB 0
[    0.735384] Spectre V1 : Mitigation: usercopy/swapgs barriers and __user pointer sanitization
[    0.736537] Spectre V2 : WARNING: Unprivileged eBPF is enabled with eIBRS on, data leaks possible via Spectre v2 BHB attacks!
[    0.737691] Spectre V2 : Mitigation: Enhanced / Automatic IBRS
[    0.738448] Spectre V2 : Spectre v2 / SpectreRSB mitigation: Filling RSB on context switch
[    0.739497] Spectre V2 : Spectre v2 / PBRSB-eIBRS: Retire a single CALL on VMEXIT
[    0.740491] Spectre V2 : mitigation: Enabling conditional Indirect Branch Prediction Barrier
[    0.741679] Speculative Store Bypass: Mitigation: Speculative Store Bypass disabled via prctl
[    0.742779] MMIO Stale Data: Unknown: No mitigations
[    0.743492] x86/fpu: Supporting XSAVE feature 0x001: 'x87 floating point registers'
[    0.744536] x86/fpu: Supporting XSAVE feature 0x002: 'SSE registers'
[    0.745678] x86/fpu: Supporting XSAVE feature 0x004: 'AVX registers'
[    0.746518] x86/fpu: Supporting XSAVE feature 0x200: 'Protection Keys User registers'
[    0.747540] x86/fpu: xstate_offset[2]:  576, xstate_sizes[2]:  256
[    0.748381] x86/fpu: xstate_offset[9]:  832, xstate_sizes[9]:    8
[    0.749676] x86/fpu: Enabled xstate features 0x207, context size is 840 bytes, using 'compacted' format.
[    0.903415] Freeing SMP alternatives memory: 56K
[    0.904092] pid_max: default: 32768 minimum: 301
[    0.905093] LSM: initializing lsm=capability,yama,integrity
[    0.905686] Yama: becoming mindful.
[    0.906681] Mount-cache hash table entries: 4096 (order: 3, 32768 bytes, linear)
[    0.907623] Mountpoint-cache hash table entries: 4096 (order: 3, 32768 bytes, linear)
[    0.911357] Running RCU synchronous self tests
[    0.911959] Running RCU synchronous self tests
[    0.914031] smpboot: CPU0: Genuine Intel(R) 0000 (family: 0x6, model: 0xba, stepping: 0x2)
[    0.916661] RCU Tasks: Setting shift to 1 and lim to 1 rcu_task_cb_adjust=1.
[    0.917663] RCU Tasks Rude: Setting shift to 1 and lim to 1 rcu_task_cb_adjust=1.
[    0.917898] RCU Tasks Trace: Setting shift to 1 and lim to 1 rcu_task_cb_adjust=1.
[    0.918991] Running RCU Tasks wait API self tests
[    0.919949] Running RCU Tasks Rude wait API self tests
[    0.920794] Running RCU Tasks Trace wait API self tests
[    0.921555] Performance Events: unsupported p6 CPU model 186 no PMU driver, software events only.
[    0.921835] signal: max sigframe size: 3632
[    0.922812] rcu: Hierarchical SRCU implementation.
[    0.923438] rcu: 	Max phase no-delay instances is 1000.
[    0.925882] Callback from call_rcu_tasks_trace() invoked.
[    0.930110] NMI watchdog: Perf NMI watchdog permanently disabled
[    0.931394] smp: Bringing up secondary CPUs ...
[    0.933276] smpboot: x86: Booting SMP configuration:
[    0.933706] .... node  #0, CPUs:      #1
[    0.934278] smp: Brought up 1 node, 2 CPUs
[    0.934901] smpboot: Max logical packages: 1
[    0.935483] smpboot: Total of 2 processors activated (7526.40 BogoMIPS)
[    0.941736] devtmpfs: initialized
[    0.943303] x86/mm: Memory block size: 128MB
[    0.955911] Running RCU synchronous self tests
[    0.955911] Running RCU synchronous self tests
[    0.957794] clocksource: jiffies: mask: 0xffffffff max_cycles: 0xffffffff, max_idle_ns: 7645041785100000 ns
[    0.959044] futex hash table entries: 512 (order: 4, 65536 bytes, linear)
[    0.960797] pinctrl core: initialized pinctrl subsystem
[    0.962896] 
[    0.963133] *************************************************************
[    0.963971] **     NOTICE NOTICE NOTICE NOTICE NOTICE NOTICE NOTICE    **
[    0.964818] **                                                         **
[    0.965683] **  IOMMU DebugFS SUPPORT HAS BEEN ENABLED IN THIS KERNEL  **
[    0.966794] **                                                         **
[    0.967921] ** This means that this kernel is built to expose internal **
[    0.968786] ** IOMMU data structures, which may compromise security on **
[    0.969677] ** your system.                                            **
[    0.970543] **                                                         **
[    0.971406] ** If you see this message and you are not debugging the   **
[    0.972282] ** kernel, report this immediately to your vendor!         **
[    0.973173] **                                                         **
[    0.973680] **     NOTICE NOTICE NOTICE NOTICE NOTICE NOTICE NOTICE    **
[    0.974535] *************************************************************
[    0.975516] PM: RTC time: 15:19:37, date: 2023-12-12
[    0.981293] NET: Registered PF_NETLINK/PF_ROUTE protocol family
[    0.983866] DMA: preallocated 256 KiB GFP_KERNEL pool for atomic allocations
[    0.984926] DMA: preallocated 256 KiB GFP_KERNEL|GFP_DMA pool for atomic allocations
[    0.985729] DMA: preallocated 256 KiB GFP_KERNEL|GFP_DMA32 pool for atomic allocations
[    0.986955] audit: initializing netlink subsys (disabled)
[    0.987769] audit: type=2000 audit(1702394378.841:1): state=initialized audit_enabled=0 res=1
[    0.992101] thermal_sys: Registered thermal governor 'fair_share'
[    0.992117] thermal_sys: Registered thermal governor 'bang_bang'
[    0.992928] thermal_sys: Registered thermal governor 'step_wise'
[    0.993663] thermal_sys: Registered thermal governor 'user_space'
[    0.994592] cpuidle: using governor ladder
[    0.995988] cpuidle: using governor menu
[    0.997120] acpiphp: ACPI Hot Plug PCI Controller Driver version: 0.5
[    0.999088] PCI: Using configuration type 1 for base access
[    1.001509] kprobes: kprobe jump-optimization is enabled. All kprobes are optimized if possible.
[    1.250398] HugeTLB: registered 1.00 GiB page size, pre-allocated 0 pages
[    1.252149] Callback from call_rcu_tasks_rude() invoked.
[    1.251431] HugeTLB: 16380 KiB vmemmap can be freed for a 1.00 GiB page
[    1.251444] HugeTLB: registered 2.00 MiB page size, pre-allocated 0 pages
[    1.251449] HugeTLB: 28 KiB vmemmap can be freed for a 2.00 MiB page
[    1.261056] ACPI: Added _OSI(Module Device)
[    1.261722] ACPI: Added _OSI(Processor Device)
[    1.262349] ACPI: Added _OSI(3.0 _SCP Extensions)
[    1.262985] ACPI: Added _OSI(Processor Aggregator Device)
[    1.303140] ACPI: 1 ACPI AML tables successfully acquired and loaded
[    1.315988] ACPI: _OSC evaluation for CPUs failed, trying _PDC
[    1.324059] ACPI: Interpreter enabled
[    1.325336] ACPI: PM: (supports S0 S3 S4 S5)
[    1.325696] ACPI: Using IOAPIC for interrupt routing
[    1.327071] PCI: Using host bridge windows from ACPI; if necessary, use "pci=nocrs" and report a bug
[    1.328820] PCI: Using E820 reservations for host bridge windows
[    1.333827] ACPI: Enabled 2 GPEs in block 00 to 0F
[    1.464965] ACPI: PCI Root Bridge [PCI0] (domain 0000 [bus 00-ff])
[    1.465778] acpi PNP0A03:00: _OSC: OS supports [ASPM ClockPM Segments MSI EDR HPX-Type3]
[    1.467413] acpi PNP0A03:00: _OSC: not requesting OS control; OS requires [ExtendedConfig ASPM ClockPM MSI]
[    1.469991] acpi PNP0A03:00: fail to add MMCONFIG information, can't access extended configuration space under this bridge
[    1.489323] acpiphp: Slot [3] registered
[    1.494221] acpiphp: Slot [4] registered
[    1.495721] acpiphp: Slot [5] registered
[    1.497114] acpiphp: Slot [6] registered
[    1.498218] acpiphp: Slot [7] registered
[    1.499527] acpiphp: Slot [8] registered
[    1.500955] acpiphp: Slot [9] registered
[    1.502238] acpiphp: Slot [10] registered
[    1.503610] acpiphp: Slot [11] registered
[    1.505022] acpiphp: Slot [12] registered
[    1.506339] acpiphp: Slot [13] registered
[    1.507679] acpiphp: Slot [14] registered
[    1.508998] acpiphp: Slot [15] registered
[    1.510191] acpiphp: Slot [16] registered
[    1.511621] acpiphp: Slot [17] registered
[    1.513042] acpiphp: Slot [18] registered
[    1.514201] acpiphp: Slot [19] registered
[    1.515509] acpiphp: Slot [20] registered
[    1.516947] acpiphp: Slot [21] registered
[    1.518439] acpiphp: Slot [22] registered
[    1.519778] acpiphp: Slot [23] registered
[    1.521091] acpiphp: Slot [24] registered
[    1.522290] acpiphp: Slot [25] registered
[    1.523684] acpiphp: Slot [26] registered
[    1.525090] acpiphp: Slot [27] registered
[    1.526255] acpiphp: Slot [28] registered
[    1.527677] acpiphp: Slot [29] registered
[    1.529072] acpiphp: Slot [30] registered
[    1.530194] acpiphp: Slot [31] registered
[    1.531331] PCI host bridge to bus 0000:00
[    1.532200] pci_bus 0000:00: root bus resource [io  0x0000-0x0cf7 window]
[    1.533578] pci_bus 0000:00: root bus resource [io  0x0d00-0xffff window]
[    1.533710] pci_bus 0000:00: root bus resource [mem 0x000a0000-0x000bffff window]
[    1.535251] pci_bus 0000:00: root bus resource [mem 0x80000000-0xfebfffff window]
[    1.536752] pci_bus 0000:00: root bus resource [mem 0x100000000-0x17fffffff window]
[    1.541713] pci_bus 0000:00: root bus resource [bus 00-ff]
[    1.543595] pci 0000:00:00.0: [8086:1237] type 00 class 0x060000
[    1.589420] pci 0000:00:01.0: [8086:7000] type 00 class 0x060100
[    1.594623] pci 0000:00:01.1: [8086:7010] type 00 class 0x010180
[    1.599533] pci 0000:00:01.1: reg 0x20: [io  0xc040-0xc04f]
[    1.602128] pci 0000:00:01.1: legacy IDE quirk: reg 0x10: [io  0x01f0-0x01f7]
[    1.603608] pci 0000:00:01.1: legacy IDE quirk: reg 0x14: [io  0x03f6]
[    1.604984] pci 0000:00:01.1: legacy IDE quirk: reg 0x18: [io  0x0170-0x0177]
[    1.605702] pci 0000:00:01.1: legacy IDE quirk: reg 0x1c: [io  0x0376]
[    1.608729] pci 0000:00:01.3: [8086:7113] type 00 class 0x068000
[    1.610681] pci 0000:00:01.3: quirk: [io  0x0600-0x063f] claimed by PIIX4 ACPI
[    1.612311] pci 0000:00:01.3: quirk: [io  0x0700-0x070f] claimed by PIIX4 SMB
[    1.615385] pci 0000:00:02.0: [1234:1111] type 00 class 0x030000
[    1.651251] pci 0000:00:02.0: reg 0x10: [mem 0xfd000000-0xfdffffff pref]
[    1.661814] pci 0000:00:02.0: reg 0x18: [mem 0xfebf0000-0xfebf0fff]
[    1.672952] pci 0000:00:02.0: reg 0x30: [mem 0xfebe0000-0xfebeffff pref]
[    1.674569] pci 0000:00:02.0: Video device with shadowed ROM at [mem 0x000c0000-0x000dffff]
[    1.722197] pci 0000:00:03.0: [8086:100e] type 00 class 0x020000
[    1.724799] pci 0000:00:03.0: reg 0x10: [mem 0xfebc0000-0xfebdffff]
[    1.726811] pci 0000:00:03.0: reg 0x14: [io  0xc000-0xc03f]
[    1.733694] pci 0000:00:03.0: reg 0x30: [mem 0xfeb80000-0xfebbffff pref]
[    1.812169] ACPI: PCI: Interrupt link LNKA configured for IRQ 10
[    1.817714] ACPI: PCI: Interrupt link LNKB configured for IRQ 10
[    1.823124] ACPI: PCI: Interrupt link LNKC configured for IRQ 11
[    1.828286] ACPI: PCI: Interrupt link LNKD configured for IRQ 11
[    1.831313] ACPI: PCI: Interrupt link LNKS configured for IRQ 9
[    1.843900] iommu: Default domain type: Translated
[    1.844944] iommu: DMA domain TLB invalidation policy: lazy mode
[    1.855960] SCSI subsystem initialized
[    1.858857] ACPI: bus type USB registered
[    1.860285] usbcore: registered new interface driver usbfs
[    1.861635] usbcore: registered new interface driver hub
[    1.862001] usbcore: registered new device driver usb
[    1.864172] pps_core: LinuxPPS API ver. 1 registered
[    1.865239] pps_core: Software ver. 5.3.6 - Copyright 2005-2007 Rodolfo Giometti <giometti@linux.it>
[    1.869847] PTP clock support registered
[    1.872534] EDAC MC: Ver: 3.0.0
[    1.884670] NetLabel: Initializing
[    1.885479] NetLabel:  domain hash size = 128
[    1.885689] NetLabel:  protocols = UNLABELED CIPSOv4 CALIPSO
[    1.887522] NetLabel:  unlabeled traffic allowed by default
[    1.890969] PCI: Using ACPI for IRQ routing
[    1.893231] pci 0000:00:02.0: vgaarb: setting as boot VGA device
[    1.893663] pci 0000:00:02.0: vgaarb: bridge control possible
[    1.893663] pci 0000:00:02.0: vgaarb: VGA device added: decodes=io+mem,owns=io+mem,locks=none
[    1.897711] vgaarb: loaded
[    1.901836] hpet0: at MMIO 0xfed00000, IRQs 2, 8, 0
[    1.902896] hpet0: 3 comparators, 64-bit 100.000000 MHz counter
[    1.913127] clocksource: Switched to clocksource kvm-clock
[    3.478375] VFS: Disk quotas dquot_6.6.0
[    3.479485] VFS: Dquot-cache hash table entries: 512 (order 0, 4096 bytes)
[    3.482893] pnp: PnP ACPI init
[    3.497986] pnp: PnP ACPI: found 6 devices
[    3.548603] Callback from call_rcu_tasks() invoked.
[    3.554079] clocksource: acpi_pm: mask: 0xffffff max_cycles: 0xffffff, max_idle_ns: 2085701024 ns
[    3.557735] NET: Registered PF_INET protocol family
[    3.576420] IP idents hash table entries: 32768 (order: 6, 262144 bytes, linear)
[    3.585436] tcp_listen_portaddr_hash hash table entries: 1024 (order: 4, 73728 bytes, linear)
[    3.587117] Table-perturb hash table entries: 65536 (order: 6, 262144 bytes, linear)
[    3.588441] TCP established hash table entries: 16384 (order: 5, 131072 bytes, linear)
[    3.590069] TCP bind hash table entries: 16384 (order: 9, 2359296 bytes, linear)
[    3.593872] TCP: Hash tables configured (established 16384 bind 16384)
[    3.595172] UDP hash table entries: 1024 (order: 5, 163840 bytes, linear)
[    3.596210] UDP-Lite hash table entries: 1024 (order: 5, 163840 bytes, linear)
[    3.597917] NET: Registered PF_UNIX/PF_LOCAL protocol family
[    3.601584] RPC: Registered named UNIX socket transport module.
[    3.602419] RPC: Registered udp transport module.
[    3.603029] RPC: Registered tcp transport module.
[    3.603622] RPC: Registered tcp-with-tls transport module.
[    3.604373] RPC: Registered tcp NFSv4.1 backchannel transport module.
[    3.605240] pci_bus 0000:00: resource 4 [io  0x0000-0x0cf7 window]
[    3.606044] pci_bus 0000:00: resource 5 [io  0x0d00-0xffff window]
[    3.606851] pci_bus 0000:00: resource 6 [mem 0x000a0000-0x000bffff window]
[    3.607728] pci_bus 0000:00: resource 7 [mem 0x80000000-0xfebfffff window]
[    3.608644] pci_bus 0000:00: resource 8 [mem 0x100000000-0x17fffffff window]
[    3.610255] pci 0000:00:01.0: PIIX3: Enabling Passive Release
[    3.611064] pci 0000:00:00.0: Limiting direct PCI/PCI transfers
[    3.611927] PCI: CLS 0 bytes, default 64
[    3.612730] ACPI: bus type thunderbolt registered
[    3.614004] clocksource: tsc: mask: 0xffffffffffffffff max_cycles: 0x363e8c91135, max_idle_ns: 881590568389 ns
[    3.626317] Initialise system trusted keyrings
[    3.627235] Key type blacklist registered
[    3.628666] workingset: timestamp_bits=36 max_order=19 bucket_order=0
[    3.630196] zbud: loaded
[    3.636094] squashfs: version 4.0 (2009/01/31) Phillip Lougher
[    3.642117] NFS: Registering the id_resolver key type
[    3.643323] Key type id_resolver registered
[    3.644169] Key type id_legacy registered
[    3.645249] nfs4filelayout_init: NFSv4 File Layout Driver Registering...
[    3.646794] nfs4flexfilelayout_init: NFSv4 Flexfile Layout Driver Registering...
[    3.649370] fuse: init (API version 7.39)
[    3.651821] SGI XFS with ACLs, security attributes, realtime, quota, no debug enabled
[    3.657671] 9p: Installing v9fs 9p2000 file system support
[    3.680374] Key type asymmetric registered
[    3.681362] Asymmetric key parser 'x509' registered
[    3.682804] Block layer SCSI generic (bsg) driver version 0.4 loaded (major 243)
[    3.685276] io scheduler mq-deadline registered
[    3.686392] io scheduler bfq registered
[    3.689683] shpchp: Standard Hot Plug PCI Controller Driver version: 0.4
[    3.693221] IPMI message handler: version 39.2
[    3.694361] ipmi device interface
[    3.700674] input: Power Button as /devices/LNXSYSTM:00/LNXPWRBN:00/input/input0
[    3.704361] ACPI: button: Power Button [PWRF]
[    3.710333] ERST DBG: ERST support is disabled.
[    3.714561] Serial: 8250/16550 driver, 32 ports, IRQ sharing enabled
[    3.719258] 00:04: ttyS0 at I/O 0x3f8 (irq = 4, base_baud = 115200) is a 16550A
[    3.778053] Linux agpgart interface v0.103
[    3.786820] ACPI: bus type drm_connector registered
[    3.851781] brd: module loaded
[    3.895967] loop: module loaded
[    3.925285] scsi host0: ata_piix
[    3.930061] scsi host1: ata_piix
[    3.932207] ata1: PATA max MWDMA2 cmd 0x1f0 ctl 0x3f6 bmdma 0xc040 irq 14 lpm-pol 0
[    3.933746] ata2: PATA max MWDMA2 cmd 0x170 ctl 0x376 bmdma 0xc048 irq 15 lpm-pol 0
[    3.941551] tun: Universal TUN/TAP device driver, 1.6
[    3.943960] e100: Intel(R) PRO/100 Network Driver
[    3.944955] e100: Copyright(c) 1999-2006 Intel Corporation
[    3.946251] e1000: Intel(R) PRO/1000 Network Driver
[    3.947202] e1000: Copyright (c) 1999-2006 Intel Corporation.
[    4.096748] ata2: found unknown device (class 0)
[    4.098433] ata1: found unknown device (class 0)
[    4.101090] ata2.00: ATAPI: QEMU DVD-ROM, 2.5+, max UDMA/100
[    4.102564] ata1.00: ATA-7: QEMU HARDDISK, 2.5+, max UDMA/100
[    4.103752] ata1.00: 17196647 sectors, multi 16: LBA48 
[    4.109612] scsi 0:0:0:0: Direct-Access     ATA      QEMU HARDDISK    2.5+ PQ: 0 ANSI: 5
[    4.116463] sd 0:0:0:0: Attached scsi generic sg0 type 0
[    4.121049] scsi 1:0:0:0: CD-ROM            QEMU     QEMU DVD-ROM     2.5+ PQ: 0 ANSI: 5
[    4.123063] sd 0:0:0:0: [sda] 17196647 512-byte logical blocks: (8.80 GB/8.20 GiB)
[    4.124676] sd 0:0:0:0: [sda] Write Protect is off
[    4.125880] sd 0:0:0:0: [sda] Write cache: enabled, read cache: enabled, doesn't support DPO or FUA
[    4.127778] sd 0:0:0:0: [sda] Preferred minimum I/O size 512 bytes
[    4.137967] sd 0:0:0:0: [sda] Attached SCSI disk
[    4.151261] scsi 1:0:0:0: Attached scsi generic sg1 type 5
[    7.077400] ACPI: \_SB_.LNKC: Enabled at IRQ 11
[    7.416476] e1000 0000:00:03.0 eth0: (PCI:33MHz:32-bit) 52:54:00:12:34:56
[    7.417142] e1000 0000:00:03.0 eth0: Intel(R) PRO/1000 Network Connection
[    7.417904] e1000e: Intel(R) PRO/1000 Network Driver
[    7.418338] e1000e: Copyright(c) 1999 - 2015 Intel Corporation.
[    7.418964] igb: Intel(R) Gigabit Ethernet Network Driver
[    7.419435] igb: Copyright (c) 2007-2014 Intel Corporation.
[    7.420141] PPP generic driver version 2.4.2
[    7.422067] VFIO - User Level meta-driver version: 0.3
[    7.424652] usbcore: registered new interface driver uas
[    7.425233] usbcore: registered new interface driver usb-storage
[    7.426092] i8042: PNP: PS/2 Controller [PNP0303:KBD,PNP0f13:MOU] at 0x60,0x64 irq 1,12
[    7.428031] serio: i8042 KBD port at 0x60,0x64 irq 1
[    7.428580] serio: i8042 AUX port at 0x60,0x64 irq 12
[    7.430214] mousedev: PS/2 mouse device common for all mice
[    7.434007] input: AT Translated Set 2 keyboard as /devices/platform/i8042/serio0/input/input1
[    7.437098] rtc_cmos 00:05: RTC can wake from S4
[    7.440071] input: VirtualPS/2 VMware VMMouse as /devices/platform/i8042/serio1/input/input4
[    7.440276] rtc_cmos 00:05: registered as rtc0
[    7.442079] rtc_cmos 00:05: setting system clock to 2023-12-12T15:19:44 UTC (1702394384)
[    7.443354] rtc_cmos 00:05: alarms up to one day, y3k, 242 bytes nvram, hpet irqs
[    7.443950] input: VirtualPS/2 VMware VMMouse as /devices/platform/i8042/serio1/input/input3
[    7.444211] i2c_dev: i2c /dev entries driver
[    7.447168] device-mapper: core: CONFIG_IMA_DISABLE_HTABLE is disabled. Duplicate IMA measurements will not be recorded in the IMA log.
[    7.449249] device-mapper: uevent: version 1.0.3
[    7.451118] device-mapper: ioctl: 4.48.0-ioctl (2023-03-01) initialised: dm-devel@redhat.com
[    7.452571] intel_pstate: CPU model not supported
[    7.453848] sdhci: Secure Digital Host Controller Interface driver
[    7.454965] sdhci: Copyright(c) Pierre Ossman
[    7.456042] sdhci-pltfm: SDHCI platform and OF driver helper
[    7.457259] ledtrig-cpu: registered to indicate activity on CPUs
[    7.459055] drop_monitor: Initializing network drop monitor service
[    7.461059] NET: Registered PF_INET6 protocol family
[    7.470010] Segment Routing with IPv6
[    7.470555] In-situ OAM (IOAM) with IPv6
[    7.471084] NET: Registered PF_PACKET protocol family
[    7.471932] 9pnet: Installing 9P2000 support
[    7.472620] Key type dns_resolver registered
[    7.475265] IPI shorthand broadcast: enabled
[    7.523406] sched_clock: Marking stable (7500007477, 20237133)->(7537220779, -16976169)
[    7.525609] registered taskstats version 1
[    7.526728] Loading compiled-in X.509 certificates
[    7.581552] Key type .fscrypt registered
[    7.582286] Key type fscrypt-provisioning registered
[    7.589274] Key type encrypted registered
[    7.589878] ima: No TPM chip found, activating TPM-bypass!
[    7.590514] ima: Allocated hash algorithm: sha1
[    7.591122] ima: No architecture policies found
[    7.591808] evm: Initialising EVM extended attributes:
[    7.592394] evm: security.selinux
[    7.592751] evm: security.SMACK64
[    7.593101] evm: security.SMACK64EXEC
[    7.593497] evm: security.SMACK64TRANSMUTE
[    7.593931] evm: security.SMACK64MMAP
[    7.594318] evm: security.apparmor
[    7.594690] evm: security.ima
[    7.595008] evm: security.capability
[    7.595390] evm: HMAC attrs: 0x1
[    7.599533] PM:   Magic number: 3:800:335
[    7.600079] tty tty56: hash matches
[    7.601656] RAS: Correctable Errors collector initialized.
[    7.602631] clk: Disabling unused clocks
[    7.604592] md: Waiting for all devices to be available before autodetect
[    7.605135] md: If you don't use raid, use raid=noautodetect
[    7.605584] md: Autodetecting RAID arrays.
[    7.605930] md: autorun ...
[    7.606158] md: ... autorun DONE.
[    7.937161] EXT4-fs (sda): mounted filesystem 088740a9-c8b4-422c-999d-a804eb68a4da ro with ordered data mode. Quota mode: none.
[    7.937992] VFS: Mounted root (ext4 filesystem) readonly on device 8:0.
[    8.298213] devtmpfs: mounted
[    8.324332] Freeing unused decrypted memory: 2028K
[    8.332444] Freeing unused kernel image (initmem) memory: 14912K
[    8.332993] Write protecting the kernel read-only data: 92160k
[    8.336061] Freeing unused kernel image (rodata/data gap) memory: 1732K
[    8.399929] x86/mm: Checked W+X mappings: passed, no W+X pages found.
[    8.400621] Run /sbin/init as init process
[    9.106386] systemd[1]: systemd 252-15.el9 running in system mode (+PAM +AUDIT +SELINUX -APPARMOR +IMA +SMACK +SECCOMP +GCRYPT +GNUTLS +OPENSSL +ACL +BLKID +CURL +ELFUTILS -FIDO2 +IDN2 -IDN -IPTC +KMOD +LIBCRYPTSETUP +LIBFDISK +PCRE2 -PWQUALITY +P11KIT -QRENCODE +TPM2 +BZIP2 +LZ4 +XZ +ZLIB +ZSTD -BPF_FRAMEWORK +XKBCOMMON +UTMP +SYSVINIT default-hierarchy=unified)
[    9.110167] systemd[1]: Detected virtualization kvm.
[    9.110832] systemd[1]: Detected architecture x86-64.

Welcome to [0;31mCentOS Stream 9[0m!

[    9.124175] systemd[1]: Hostname set to <test>.
[    9.924863] systemd-rc-local-generator[123]: /etc/rc.d/rc.local is not marked executable, skipping.
[   10.761691] systemd[1]: Queued start job for default target Multi-User System.
[   10.790474] systemd[1]: Created slice Virtual Machine and Container Slice.
[[0;32m  OK  [0m] Created slice [0;1;39mVirtual Machine and Container Slice[0m.
[   10.806010] systemd[1]: Created slice Slice /system/getty.
[[0;32m  OK  [0m] Created slice [0;1;39mSlice /system/getty[0m.
[   10.813392] systemd[1]: Created slice Slice /system/modprobe.
[[0;32m  OK  [0m] Created slice [0;1;39mSlice /system/modprobe[0m.
[   10.820852] systemd[1]: Created slice Slice /system/serial-getty.
[[0;32m  OK  [0m] Created slice [0;1;39mSlice /system/serial-getty[0m.
[   10.828654] systemd[1]: Created slice Slice /system/sshd-keygen.
[[0;32m  OK  [0m] Created slice [0;1;39mSlice /system/sshd-keygen[0m.
[   10.836034] systemd[1]: Created slice User and Session Slice.
[[0;32m  OK  [0m] Created slice [0;1;39mUser and Session Slice[0m.
[   10.839546] systemd[1]: Started Forward Password Requests to Wall Directory Watch.
[[0;32m  OK  [0m] Started [0;1;39mForward Password R…uests to Wall Directory Watch[0m.
[   10.843603] systemd[1]: Set up automount Arbitrary Executable File Formats File System Automount Point.
[[0;32m  OK  [0m] Set up automount [0;1;39mArbitrary…s File System Automount Point[0m.
[   10.845809] systemd[1]: Reached target Local Integrity Protected Volumes.
[[0;32m  OK  [0m] Reached target [0;1;39mLocal Integrity Protected Volumes[0m.
[   10.847584] systemd[1]: Reached target Slice Units.
[[0;32m  OK  [0m] Reached target [0;1;39mSlice Units[0m.
[   10.848978] systemd[1]: Reached target Swaps.
[[0;32m  OK  [0m] Reached target [0;1;39mSwaps[0m.
[   10.850215] systemd[1]: Reached target Local Verity Protected Volumes.
[[0;32m  OK  [0m] Reached target [0;1;39mLocal Verity Protected Volumes[0m.
[   10.852619] systemd[1]: Listening on Device-mapper event daemon FIFOs.
[[0;32m  OK  [0m] Listening on [0;1;39mDevice-mapper event daemon FIFOs[0m.
[   10.855520] systemd[1]: Listening on LVM2 poll daemon socket.
[[0;32m  OK  [0m] Listening on [0;1;39mLVM2 poll daemon socket[0m.
[   10.857402] systemd[1]: multipathd control socket was skipped because of an unmet condition check (ConditionPathExists=/etc/multipath.conf).
[   10.974431] systemd[1]: Listening on RPCbind Server Activation Socket.
[[0;32m  OK  [0m] Listening on [0;1;39mRPCbind Server Activation Socket[0m.
[   10.977314] systemd[1]: Reached target RPC Port Mapper.
[[0;32m  OK  [0m] Reached target [0;1;39mRPC Port Mapper[0m.
[   10.985334] systemd[1]: Listening on Process Core Dump Socket.
[[0;32m  OK  [0m] Listening on [0;1;39mProcess Core Dump Socket[0m.
[   10.988711] systemd[1]: Listening on initctl Compatibility Named Pipe.
[[0;32m  OK  [0m] Listening on [0;1;39minitctl Compatibility Named Pipe[0m.
[   10.993046] systemd[1]: Listening on Journal Socket (/dev/log).
[[0;32m  OK  [0m] Listening on [0;1;39mJournal Socket (/dev/log)[0m.
[   10.997000] systemd[1]: Listening on Journal Socket.
[[0;32m  OK  [0m] Listening on [0;1;39mJournal Socket[0m.
[   11.001167] systemd[1]: Listening on udev Control Socket.
[[0;32m  OK  [0m] Listening on [0;1;39mudev Control Socket[0m.
[   11.004383] systemd[1]: Listening on udev Kernel Socket.
[[0;32m  OK  [0m] Listening on [0;1;39mudev Kernel Socket[0m.
[   11.053277] systemd[1]: Mounting Huge Pages File System...
         Mounting [0;1;39mHuge Pages File System[0m...
[   11.073974] systemd[1]: Mounting POSIX Message Queue File System...
         Mounting [0;1;39mPOSIX Message Queue File System[0m...
[   11.095438] systemd[1]: Mounting Kernel Debug File System...
         Mounting [0;1;39mKernel Debug File System[0m...
[   11.145673] systemd[1]: Mounting Kernel Trace File System...
         Mounting [0;1;39mKernel Trace File System[0m...
[   11.149199] systemd[1]: Kernel Module supporting RPCSEC_GSS was skipped because of an unmet condition check (ConditionPathExists=/etc/krb5.keytab).
[   11.151215] systemd[1]: Create List of Static Device Nodes was skipped because of an unmet condition check (ConditionFileNotEmpty=/lib/modules/6.7.0-rc4-537ccb5d28d6+/modules.devname).
[   11.170838] systemd[1]: Starting Monitoring of LVM2 mirrors, snapshots etc. using dmeventd or progress polling...
         Starting [0;1;39mMonitoring of LVM…meventd or progress polling[0m...
[   11.192083] systemd[1]: Starting Load Kernel Module configfs...
         Starting [0;1;39mLoad Kernel Module configfs[0m...
[   11.213470] systemd[1]: Starting Load Kernel Module drm...
         Starting [0;1;39mLoad Kernel Module drm[0m...
[   11.281879] systemd[1]: Starting Load Kernel Module fuse...
         Starting [0;1;39mLoad Kernel Module fuse[0m...
[   11.306537] systemd[1]: Starting Read and set NIS domainname from /etc/sysconfig/network...
         Starting [0;1;39mRead and set NIS …from /etc/sysconfig/network[0m...
[   11.365466] systemd[1]: Starting Journal Service...
         Starting [0;1;39mJournal Service[0m...
[   11.392947] systemd[1]: Starting Load Kernel Modules...
         Starting [0;1;39mLoad Kernel Modules[0m...
[   11.420737] systemd[1]: Starting Generate network units from Kernel command line...
         Starting [0;1;39mGenerate network …ts from Kernel command line[0m...
[   11.454492] systemd[1]: Starting Remount Root and Kernel File Systems...
         Starting [0;1;39mRemount Root and Kernel File Systems[0m...
[   11.461001] systemd[1]: Repartition Root Disk was skipped because no trigger condition checks were met.
[   11.497820] systemd[1]: Starting Coldplug All udev Devices...
         Starting [0;1;39mColdplug All udev Devices[0m...
[   11.554910] systemd[1]: Mounted Huge Pages File System.
[[0;32m  OK  [0m] Mounted [0;1;39mHuge Pages File System[0m.
[   11.566208] systemd[1]: Mounted POSIX Message Queue File System.
[[0;32m  OK  [0m] Mounted [0;1;39mPOSIX Message Queue File System[0m.
[   11.574389] systemd[1]: Mounted Kernel Debug File System.
[[0;32m  OK  [0m] Mounted [0;1;39mKernel Debug File System[0m.
[   11.581462] systemd[1]: Mounted Kernel Trace File System.
[[0;32m  OK  [0m] Mounted [0;1;39mKernel Trace File System[0m.
[   11.593042] systemd[1]: Finished Monitoring of LVM2 mirrors, snapshots etc. using dmeventd or progress polling.
[[0;32m  OK  [0m] Finished [0;1;39mMonitoring of LVM… dmeventd or progress polling[0m.
[   11.613165] systemd[1]: modprobe@configfs.service: Deactivated successfully.
[   11.615588] systemd[1]: Finished Load Kernel Module configfs.
[[0;32m  OK  [0m] Finished [0;1;39mLoad Kernel Module configfs[0m.
[   11.623703] systemd[1]: modprobe@drm.service: Deactivated successfully.
[   11.630145] systemd[1]: Finished Load Kernel Module drm.
[[0;32m  OK  [0m] Finished [0;1;39mLoad Kernel Module drm[0m.
[   11.644892] systemd[1]: modprobe@fuse.service: Deactivated successfully.
[   11.652956] systemd[1]: Finished Load Kernel Module fuse.
[[0;32m  OK  [0m] Finished [0;1;39mLoad Kernel Module fuse[0m.
[   11.672911] systemd[1]: Finished Read and set NIS domainname from /etc/sysconfig/network.
[[0;32m  OK  [0m] Finished [0;1;39mRead and set NIS …e from /etc/sysconfig/network[0m.
[   11.682800] systemd[1]: systemd-modules-load.service: Main process exited, code=exited, status=1/FAILURE
[   11.698504] systemd[1]: systemd-modules-load.service: Failed with result 'exit-code'.
[   11.707041] systemd[1]: Failed to start Load Kernel Modules.
[[0;1;31mFAILED[0m] Failed to start [0;1;39mLoad Kernel Modules[0m.
See 'systemctl status systemd-modules-load.service' for details.
[   11.724380] systemd[1]: Finished Generate network units from Kernel command line.
[[0;32m  OK  [0m] Finished [0;1;39mGenerate network units from Kernel command line[0m.
[   11.735175] systemd[1]: Reached target Preparation for Network.
[[0;32m  OK  [0m] Reached target [0;1;39mPreparation for Network[0m.[   11.740409] EXT4-fs (sda): re-mounted 088740a9-c8b4-422c-999d-a804eb68a4da r/w. Quota mode: none.

[   11.789005] systemd[1]: Mounting FUSE Control File System...
         Mounting [0;1;39mFUSE Control File System[0m...
[   11.844614] systemd[1]: Mounting Kernel Configuration File System...
         Mounting [0;1;39mKernel Configuration File System[0m...
[   11.900900] systemd[1]: Starting Apply Kernel Variables...
         Starting [0;1;39mApply Kernel Variables[0m...
[   11.922290] systemd[1]: Started Journal Service.
[[0;32m  OK  [0m] Started [0;1;39mJournal Service[0m.
[[0;32m  OK  [0m] Finished [0;1;39mRemount Root and Kernel File Systems[0m.
[[0;32m  OK  [0m] Mounted [0;1;39mFUSE Control File System[0m.
[[0;32m  OK  [0m] Mounted [0;1;39mKernel Configuration File System[0m.
         Starting [0;1;39mFlush Journal to Persistent Storage[0m...
         Starting [0;1;39mLoad/Save Random Seed[0m...
[   12.070829] systemd-journald[145]: Received client request to flush runtime journal.
         Starting [0;1;39mCreate Static Device Nodes in /dev[0m...
         Starting [0;1;39mSetup Virtual Console[0m...
[[0;32m  OK  [0m] Finished [0;1;39mApply Kernel Variables[0m.
[[0;32m  OK  [0m] Finished [0;1;39mFlush Journal to Persistent Storage[0m.
[[0;32m  OK  [0m] Finished [0;1;39mLoad/Save Random Seed[0m.
[[0;32m  OK  [0m] Finished [0;1;39mCreate Static Device Nodes in /dev[0m.
         Starting [0;1;39mRule-based Manage…for Device Events and Files[0m...
[[0;32m  OK  [0m] Finished [0;1;39mColdplug All udev Devices[0m.
         Starting [0;1;39mWait for udev To …plete Device Initialization[0m...
[[0;32m  OK  [0m] Started [0;1;39mRule-based Manager for Device Events and Files[0m.
         Starting [0;1;39mAuto-connect to s…E devices found during boot[0m...
[[0;32m  OK  [0m] Finished [0;1;39mSetup Virtual Console[0m.
[[0;32m  OK  [0m] Started [0;1;39mDispatch Password …ts to Console Directory Watch[0m.
[[0;32m  OK  [0m] Reached target [0;1;39mLocal Encrypted Volumes[0m.
[[0;32m  OK  [0m] Reached target [0;1;39mPath Units[0m.
[[0;32m  OK  [0m] Finished [0;1;39mAuto-connect to s…VME devices found during boot[0m.
[[0;32m  OK  [0m] Found device [0;1;39m/dev/ttyS0[0m.
[[0;32m  OK  [0m] Listening on [0;1;39mLoad/Save RF …itch Status /dev/rfkill Watch[0m.
[[0;32m  OK  [0m] Finished [0;1;39mWait for udev To Complete Device Initialization[0m.
[[0;32m  OK  [0m] Reached target [0;1;39mPreparation for Local File Systems[0m.
[[0;32m  OK  [0m] Reached target [0;1;39mLocal File Systems[0m.
         Starting [0;1;39mTell Plymouth To Write Out Runtime Data[0m...
         Starting [0;1;39mAutomatic Boot Loader Update[0m...
         Starting [0;1;39mCreate Volatile Files and Directories[0m...
[[0;32m  OK  [0m] Finished [0;1;39mTell Plymouth To Write Out Runtime Data[0m.
[[0;32m  OK  [0m] Finished [0;1;39mAutomatic Boot Loader Update[0m.
[[0;32m  OK  [0m] Finished [0;1;39mCreate Volatile Files and Directories[0m.
         Mounting [0;1;39mRPC Pipe File System[0m...
         Starting [0;1;39mSecurity Auditing Service[0m...
         Starting [0;1;39mRPC Bind[0m...
[[0;32m  OK  [0m] Mounted [0;1;39mRPC Pipe File System[0m.
[[0;32m  OK  [0m] Reached target [0;1;39mrpc_pipefs.target[0m.
[[0;32m  OK  [0m] Started [0;1;39mRPC Bind[0m.
[[0;32m  OK  [0m] Started [0;1;39mSecurity Auditing Service[0m.
         Starting [0;1;39mRecord System Boot/Shutdown in UTMP[0m...
[[0;32m  OK  [0m] Finished [0;1;39mRecord System Boot/Shutdown in UTMP[0m.
[[0;32m  OK  [0m] Reached target [0;1;39mSystem Initialization[0m.
[[0;32m  OK  [0m] Started [0;1;39mDaily rotation of log files[0m.
[[0;32m  OK  [0m] Started [0;1;39mUpdates mlocate database every day[0m.
[[0;32m  OK  [0m] Started [0;1;39mDaily Cleanup of Temporary Directories[0m.
[[0;32m  OK  [0m] Started [0;1;39mdaily update of the root trust anchor for DNSSEC[0m.
[[0;32m  OK  [0m] Reached target [0;1;39mTimer Units[0m.
[[0;32m  OK  [0m] Listening on [0;1;39mD-Bus System Message Bus Socket[0m.
[[0;32m  OK  [0m] Listening on [0;1;39mOpen-iSCSI iscsid Socket[0m.
[[0;32m  OK  [0m] Listening on [0;1;39mOpen-iSCSI iscsiuio Socket[0m.
[[0;32m  OK  [0m] Listening on [0;1;39mSSSD Kerberos…ache Manager responder socket[0m.
[[0;32m  OK  [0m] Listening on [0;1;39mLibvirt interface local socket[0m.
[[0;32m  OK  [0m] Listening on [0;1;39mVirtual machine lock manager socket[0m.
[[0;32m  OK  [0m] Listening on [0;1;39mVirtual machine log manager socket[0m.
[[0;32m  OK  [0m] Listening on [0;1;39mLibvirt network local socket[0m.
[[0;32m  OK  [0m] Listening on [0;1;39mLibvirt nodedev local socket[0m.
[[0;32m  OK  [0m] Listening on [0;1;39mLibvirt nwfilter local socket[0m.
[[0;32m  OK  [0m] Listening on [0;1;39mLibvirt proxy local socket[0m.
[[0;32m  OK  [0m] Listening on [0;1;39mLibvirt qemu local socket[0m.
[[0;32m  OK  [0m] Listening on [0;1;39mLibvirt qemu admin socket[0m.
[[0;32m  OK  [0m] Listening on [0;1;39mLibvirt qemu local read-only socket[0m.
[[0;32m  OK  [0m] Listening on [0;1;39mLibvirt secret local socket[0m.
[[0;32m  OK  [0m] Listening on [0;1;39mLibvirt storage local socket[0m.
[[0;32m  OK  [0m] Reached target [0;1;39mSocket Units[0m.
         Starting [0;1;39mD-Bus System Message Bus[0m...
[[0;32m  OK  [0m] Started [0;1;39mD-Bus System Message Bus[0m.
[[0;32m  OK  [0m] Reached target [0;1;39mBasic System[0m.
         Starting [0;1;39mNetwork Manager[0m...
         Starting [0;1;39mNTP client/server[0m...
         Starting [0;1;39mRestore /run/initramfs on shutdown[0m...
[[0;32m  OK  [0m] Started [0;1;39mirqbalance daemon[0m.
[[0;32m  OK  [0m] Started [0;1;39mlibstoragemgmt plug-in server daemon[0m.
[[0;32m  OK  [0m] Started [0;1;39mMachine Check Exception Logging Daemon[0m.
[[0;32m  OK  [0m] Reached target [0;1;39msshd-keygen.target[0m.
[[0;32m  OK  [0m] Reached target [0;1;39mUser and Group Name Lookups[0m.
         Starting [0;1;39mUser Login Management[0m...
         Starting [0;1;39mVirtual Machine a…tainer Registration Service[0m...
         Starting [0;1;39mupdate of the roo…NSSEC validation in unbound[0m...
         Starting [0;1;39mRotate log files[0m...
[[0;32m  OK  [0m] Started [0;1;39mUpdate a database for mlocate[0m.
[[0;32m  OK  [0m] Started [0;1;39mNTP client/server[0m.
[[0;32m  OK  [0m] Finished [0;1;39mRestore /run/initramfs on shutdown[0m.
[[0;32m  OK  [0m] Started [0;1;39mVirtual Machine an…ontainer Registration Service[0m.
         Starting [0;1;39mHostname Service[0m...
[[0;32m  OK  [0m] Started [0;1;39mUser Login Management[0m.
[[0;32m  OK  [0m] Finished [0;1;39mupdate of the roo… DNSSEC validation in unbound[0m.
[[0;32m  OK  [0m] Started [0;1;39mHostname Service[0m.
[[0;32m  OK  [0m] Finished [0;1;39mRotate log files[0m.
         Starting [0;1;39mNetwork Manager Script Dispatcher Service[0m...
[[0;32m  OK  [0m] Started [0;1;39mNetwork Manager Script Dispatcher Service[0m.
[   18.124945] e1000: eth0 NIC Link is Up 1000 Mbps Full Duplex, Flow Control: RX
[[0;32m  OK  [0m] Started [0;1;39mNetwork Manager[0m.
[[0;32m  OK  [0m] Reached target [0;1;39mNetwork[0m.
[[0;32m  OK  [0m] Reached target [0;1;39mNetwork is Online[0m.
         Starting [0;1;39mGSSAPI Proxy Daemon[0m...
         Starting [0;1;39mNotify NFS peers of a restart[0m...
         Starting [0;1;39mSystem Logging Service[0m...
         Starting [0;1;39mOpenSSH server daemon[0m...
         Starting [0;1;39mDynamic System Tuning Daemon[0m...
[[0;32m  OK  [0m] Started [0;1;39mNotify NFS peers of a restart[0m.
[[0;32m  OK  [0m] Started [0;1;39mGSSAPI Proxy Daemon[0m.
[[0;32m  OK  [0m] Reached target [0;1;39mNFS client services[0m.
[[0;32m  OK  [0m] Reached target [0;1;39mPreparation for Remote File Systems[0m.
[[0;32m  OK  [0m] Reached target [0;1;39mRemote File Systems[0m.
         Starting [0;1;39mPermit User Sessions[0m...
         Starting [0;1;39mVirtualization qemu daemon[0m...
[[0;32m  OK  [0m] Started [0;1;39mOpenSSH server daemon[0m.
[[0;32m  OK  [0m] Finished [0;1;39mPermit User Sessions[0m.
[[0;32m  OK  [0m] Started [0;1;39mDeferred execution scheduler[0m.
[[0;32m  OK  [0m] Started [0;1;39mCommand Scheduler[0m.
         Starting [0;1;39mHold until boot process finishes up[0m...
         Starting [0;1;39mTerminate Plymouth Boot Screen[0m...
[[0;32m  OK  [0m] Started [0;1;39mSystem Logging Service[0m.
[[0;32m  OK  [0m] Finished [0;1;39mHold until boot process finishes up[0m.
[[0;32m  OK  [0m] Finished [0;1;39mTerminate Plymouth Boot Screen[0m.
[[0;32m  OK  [0m] Started [0;1;39mGetty on tty1[0m.
[[0;32m  OK  [0m] Started [0;1;39mSerial Getty on ttyS0[0m.
[[0;32m  OK  [0m] Reached target [0;1;39mLogin Prompts[0m.
[[0;32m  OK  [0m] Started [0;1;39mVirtualization qemu daemon[0m.
         Starting [0;1;39mAuthorization Manager[0m...
[[0;32m  OK  [0m] Started [0;1;39mAuthorization Manager[0m.
[[0;32m  OK  [0m] Started [0;1;39mDynamic System Tuning Daemon[0m.
[[0;32m  OK  [0m] Reached target [0;1;39mMulti-User System[0m.
         Starting [0;1;39mRecord Runlevel Change in UTMP[0m...

CentOS Stream 9
Kernel 6.7.0-rc4-537ccb5d28d6+ on an x86_64

Activate the web console with: systemctl enable --now cockpit.socket

test login: [   36.349008] ------------[ cut here ]------------
[   36.349691] WARNING: CPU: 1 PID: 726 at kernel/events/core.c:1950 __do_sys_perf_event_open+0x2ba3/0x2c50
[   36.350848] Modules linked in:
[   36.351252] CPU: 1 PID: 726 Comm: repro Not tainted 6.7.0-rc4-537ccb5d28d6+ #1
[   36.352128] Hardware name: QEMU Standard PC (i440FX + PIIX, 1996), BIOS rel-1.16.0-0-gd239552ce722-prebuilt.qemu.org 04/01/2014
[   36.353841] RIP: 0010:__do_sys_perf_event_open+0x2ba3/0x2c50
[   36.354609] Code: 48 8d b8 a8 00 00 00 e8 ab 99 bb 03 bf 01 00 00 00 41 89 c5 89 c6 e8 fc d9 c9 ff 41 83 ed 01 0f 84 81 ec ff ff e8 fd d7 c9 ff <0f> 0b e9 75 ec ff ff e8 f1 16 29 00 e9 d1 ec ff ff e8 77 17 29 00
[   36.357623] RSP: 0018:ffff888010e5fd88 EFLAGS: 00010293
[   36.358313] RAX: ffff88800d4fa500 RBX: ffff88800d81adf0 RCX: ffffffff8196cca4
[   36.359182] RDX: 0000000000000000 RSI: ffffffff8196ccb3 RDI: 0000000000000005
[   36.360054] RBP: ffff888010e5fef8 R08: ffff88800d4fa500 R09: fffffbfff11c7a2a
[   36.360989] R10: 0000000000000001 R11: ffffffff88e3d14f R12: ffff88800d81adf0
[   36.361852] R13: 00000000ffffffff R14: 0000000000000000 R15: 1ffff110021cbfbe
[   36.362728] FS:  00007f5312e62600(0000) GS:ffff88806cd00000(0000) knlGS:0000000000000000
[   36.363702] CS:  0010 DS: 0000 ES: 0000 CR0: 0000000080050033
[   36.364463] CR2: 00000000200000c0 CR3: 0000000010eda000 CR4: 0000000000750ef0
[   36.365343] PKRU: 55555554
[   36.365706] Call Trace:
[   36.366034]  <TASK>
[   36.366325]  ? show_regs+0xa2/0xb0
[   36.366835]  ? __warn+0xef/0x340
[   36.367298]  ? report_bug+0x2f6/0x570
[   36.367838]  ? __do_sys_perf_event_open+0x2ba3/0x2c50
[   36.368584]  ? report_bug+0x360/0x570
[   36.369088]  ? __do_sys_perf_event_open+0x2ba3/0x2c50
[   36.369746]  ? handle_bug+0xa4/0x130
[   36.370279]  ? exc_invalid_op+0x3a/0x90
[   36.370882]  ? asm_exc_invalid_op+0x1f/0x30
[   36.371304]  ? __do_sys_perf_event_open+0x2b94/0x2c50
[   36.371762]  ? __do_sys_perf_event_open+0x2ba3/0x2c50
[   36.372216]  ? __do_sys_perf_event_open+0x2ba3/0x2c50
[   36.372729]  ? __do_sys_perf_event_open+0x2ba3/0x2c50
[   36.373197]  ? __pfx___do_sys_perf_event_open+0x10/0x10
[   36.373668]  ? trace_hardirqs_on+0x26/0x120
[   36.374079]  __x64_sys_perf_event_open+0xc7/0x160
[   36.374534]  ? syscall_enter_from_user_mode+0x51/0x60
[   36.375000]  do_syscall_64+0x42/0xf0
[   36.375334]  entry_SYSCALL_64_after_hwframe+0x6e/0x76
[   36.375799] RIP: 0033:0x7f5312c3ee5d
[   36.376146] Code: ff c3 66 2e 0f 1f 84 00 00 00 00 00 90 f3 0f 1e fa 48 89 f8 48 89 f7 48 89 d6 48 89 ca 4d 89 c2 4d 89 c8 4c 8b 4c 24 08 0f 05 <48> 3d 01 f0 ff ff 73 01 c3 48 8b 0d 93 af 1b 00 f7 d8 64 89 01 48
[   36.377801] RSP: 002b:00007fff036bfa88 EFLAGS: 00000246 ORIG_RAX: 000000000000012a
[   36.378497] RAX: ffffffffffffffda RBX: 0000000000000000 RCX: 00007f5312c3ee5d
[   36.379138] RDX: 0000000000000000 RSI: 00000000ffffffff RDI: 00000000200000c0
[   36.379780] RBP: 00007fff036bfa90 R08: 0000000000000000 R09: 00007fff036bfac0
[   36.380452] R10: 00000000ffffffff R11: 0000000000000246 R12: 00007fff036bfbe8
[   36.381093] R13: 0000000000401b49 R14: 0000000000403e08 R15: 00007f5312ea3000
[   36.381747]  </TASK>
[   36.381960] irq event stamp: 1297
[   36.382277] hardirqs last  enabled at (1305): [<ffffffff81420a0d>] console_unlock+0x22d/0x240
[   36.383078] hardirqs last disabled at (1312): [<ffffffff814209f2>] console_unlock+0x212/0x240
[   36.383846] softirqs last  enabled at (950): [<ffffffff8556dd60>] __do_softirq+0x4f0/0x791
[   36.384629] softirqs last disabled at (935): [<ffffffff81266fb1>] irq_exit_rcu+0xc1/0x110
[   36.385387] ---[ end trace 0000000000000000 ]---
