c[?7l[2J[0mSeaBIOS (version rel-1.16.0-0-gd239552ce722-prebuilt.qemu.org)


iPXE (http://ipxe.org) 00:03.0 CA00 PCI2.10 PnP PMM+7FF91000+7FEF1000 CA00
Press Ctrl-B to configure iPXE (PCI 00:03.0)...                                                                               


Booting from ROM...
c[?7l[2J[    0.000000] Linux version 6.7.0-rc4-a6adef898741+ (root@p-rplp02) (gcc (GCC) 8.5.0 20210514 (Red Hat 8.5.0-19), GNU ld version 2.36.1-2.el8) #1 SMP PREEMPT_DYNAMIC Tue Dec 12 14:06:51 CST 2023
[    0.000000] Command line: console=ttyS0 root=/dev/sda earlyprintk=serial net.ifnames=0 plymouth.enable=0
[    0.000000] KERNEL supported cpus:
[    0.000000]   Intel GenuineIntel
[    0.000000]   AMD AuthenticAMD
[    0.000000]   Hygon HygonGenuine
[    0.000000]   Centaur CentaurHauls
[    0.000000]   zhaoxin   Shanghai  
[    0.000000] BIOS-provided physical RAM map:
[    0.000000] BIOS-e820: [mem 0x0000000000000000-0x000000000009fbff] usable
[    0.000000] BIOS-e820: [mem 0x000000000009fc00-0x000000000009ffff] reserved
[    0.000000] BIOS-e820: [mem 0x00000000000f0000-0x00000000000fffff] reserved
[    0.000000] BIOS-e820: [mem 0x0000000000100000-0x000000007ffdffff] usable
[    0.000000] BIOS-e820: [mem 0x000000007ffe0000-0x000000007fffffff] reserved
[    0.000000] BIOS-e820: [mem 0x00000000feffc000-0x00000000feffffff] reserved
[    0.000000] BIOS-e820: [mem 0x00000000fffc0000-0x00000000ffffffff] reserved
[    0.000000] printk: legacy bootconsole [earlyser0] enabled
[    0.000000] NX (Execute Disable) protection: active
[    0.000000] APIC: Static calls initialized
[    0.000000] SMBIOS 2.8 present.
[    0.000000] DMI: QEMU Standard PC (i440FX + PIIX, 1996), BIOS rel-1.16.0-0-gd239552ce722-prebuilt.qemu.org 04/01/2014
[    0.000000] Hypervisor detected: KVM
[    0.000000] kvm-clock: Using msrs 4b564d01 and 4b564d00
[    0.000010] kvm-clock: using sched offset of 1000321486 cycles
[    0.000764] clocksource: kvm-clock: mask: 0xffffffffffffffff max_cycles: 0x1cd42e4dffb, max_idle_ns: 881590591483 ns
[    0.003188] tsc: Detected 1881.600 MHz processor
[    0.012294] last_pfn = 0x7ffe0 max_arch_pfn = 0x400000000
[    0.013177] MTRR map: 4 entries (3 fixed + 1 variable; max 19), built from 8 variable MTRRs
[    0.014401] x86/PAT: Configuration [0-7]: WB  WC  UC- UC  WB  WP  UC- WT  
[    0.028120] found SMP MP-table at [mem 0x000f5ba0-0x000f5baf]
[    0.029095] Using GB pages for direct mapping
[    0.032477] ACPI: Early table checksum verification disabled
[    0.033353] ACPI: RSDP 0x00000000000F59C0 000014 (v00 BOCHS )
[    0.034215] ACPI: RSDT 0x000000007FFE1951 000034 (v01 BOCHS  BXPC     00000001 BXPC 00000001)
[    0.035517] ACPI: FACP 0x000000007FFE17FD 000074 (v01 BOCHS  BXPC     00000001 BXPC 00000001)
[    0.036816] ACPI: DSDT 0x000000007FFE0040 0017BD (v01 BOCHS  BXPC     00000001 BXPC 00000001)
[    0.038101] ACPI: FACS 0x000000007FFE0000 000040
[    0.038806] ACPI: APIC 0x000000007FFE1871 000080 (v01 BOCHS  BXPC     00000001 BXPC 00000001)
[    0.040088] ACPI: HPET 0x000000007FFE18F1 000038 (v01 BOCHS  BXPC     00000001 BXPC 00000001)
[    0.041353] ACPI: WAET 0x000000007FFE1929 000028 (v01 BOCHS  BXPC     00000001 BXPC 00000001)
[    0.042613] ACPI: Reserving FACP table memory at [mem 0x7ffe17fd-0x7ffe1870]
[    0.043669] ACPI: Reserving DSDT table memory at [mem 0x7ffe0040-0x7ffe17fc]
[    0.044686] ACPI: Reserving FACS table memory at [mem 0x7ffe0000-0x7ffe003f]
[    0.045709] ACPI: Reserving APIC table memory at [mem 0x7ffe1871-0x7ffe18f0]
[    0.046760] ACPI: Reserving HPET table memory at [mem 0x7ffe18f1-0x7ffe1928]
[    0.047822] ACPI: Reserving WAET table memory at [mem 0x7ffe1929-0x7ffe1950]
[    0.049552] No NUMA configuration found
[    0.050126] Faking a node at [mem 0x0000000000000000-0x000000007ffdffff]
[    0.051147] NODE_DATA(0) allocated [mem 0x7ffb5000-0x7ffdffff]
[    0.054172] Zone ranges:
[    0.054588]   DMA      [mem 0x0000000000001000-0x0000000000ffffff]
[    0.055516]   DMA32    [mem 0x0000000001000000-0x000000007ffdffff]
[    0.056428]   Normal   empty
[    0.056861]   Device   empty
[    0.057303] Movable zone start for each node
[    0.057935] Early memory node ranges
[    0.058466]   node   0: [mem 0x0000000000001000-0x000000000009efff]
[    0.059405]   node   0: [mem 0x0000000000100000-0x000000007ffdffff]
[    0.060316] Initmem setup node 0 [mem 0x0000000000001000-0x000000007ffdffff]
[    0.061877] On node 0, zone DMA: 1 pages in unavailable ranges
[    0.062336] On node 0, zone DMA: 97 pages in unavailable ranges
[    0.161516] On node 0, zone DMA32: 32 pages in unavailable ranges
[    0.563260] kasan: KernelAddressSanitizer initialized
[    0.565198] ACPI: PM-Timer IO Port: 0x608
[    0.565816] ACPI: LAPIC_NMI (acpi_id[0xff] dfl dfl lint[0x1])
[    0.566720] IOAPIC[0]: apic_id 0, version 17, address 0xfec00000, GSI 0-23
[    0.567725] ACPI: INT_SRC_OVR (bus 0 bus_irq 0 global_irq 2 dfl dfl)
[    0.568625] ACPI: INT_SRC_OVR (bus 0 bus_irq 5 global_irq 5 high level)
[    0.569581] ACPI: INT_SRC_OVR (bus 0 bus_irq 9 global_irq 9 high level)
[    0.570551] ACPI: INT_SRC_OVR (bus 0 bus_irq 10 global_irq 10 high level)
[    0.571575] ACPI: INT_SRC_OVR (bus 0 bus_irq 11 global_irq 11 high level)
[    0.572575] ACPI: Using ACPI (MADT) for SMP configuration information
[    0.573500] ACPI: HPET id: 0x8086a201 base: 0xfed00000
[    0.574274] TSC deadline timer available
[    0.574849] smpboot: Allowing 2 CPUs, 0 hotplug CPUs
[    0.575680] kvm-guest: APIC: eoi() replaced with kvm_guest_apic_eoi_write()
[    0.576712] kvm-guest: KVM setup pv remote TLB flush
[    0.577406] kvm-guest: setup PV sched yield
[    0.578082] PM: hibernation: Registered nosave memory: [mem 0x00000000-0x00000fff]
[    0.579153] PM: hibernation: Registered nosave memory: [mem 0x0009f000-0x0009ffff]
[    0.580211] PM: hibernation: Registered nosave memory: [mem 0x000a0000-0x000effff]
[    0.581266] PM: hibernation: Registered nosave memory: [mem 0x000f0000-0x000fffff]
[    0.582336] [mem 0x80000000-0xfeffbfff] available for PCI devices
[    0.583196] Booting paravirtualized kernel on KVM
[    0.583896] clocksource: refined-jiffies: mask: 0xffffffff max_cycles: 0xffffffff, max_idle_ns: 7645519600211568 ns
[    0.585376] setup_percpu: NR_CPUS:8192 nr_cpumask_bits:2 nr_cpu_ids:2 nr_node_ids:1
[    0.595835] percpu: Embedded 82 pages/cpu s299008 r8192 d28672 u1048576
[    0.597019] kvm-guest: PV spinlocks enabled
[    0.597612] PV qspinlock hash table entries: 256 (order: 0, 4096 bytes, linear)
[    0.598661] Kernel command line: net.ifnames=0 console=ttyS0 root=/dev/sda earlyprintk=serial net.ifnames=0 plymouth.enable=0
[    0.600941] random: crng init done
[    0.603324] Dentry cache hash table entries: 262144 (order: 9, 2097152 bytes, linear)
[    0.605521] Inode-cache hash table entries: 131072 (order: 8, 1048576 bytes, linear)
[    0.607036] Fallback order for Node 0: 0 
[    0.607059] Built 1 zonelists, mobility grouping on.  Total pages: 515808
[    0.608518] Policy zone: DMA32
[    0.608951] mem auto-init: stack:off, heap alloc:off, heap free:off
[    0.609815] stackdepot: allocating hash table via alloc_large_system_hash
[    0.618409] stackdepot hash table entries: 1048576 (order: 11, 8388608 bytes, linear)
[    0.691695] Memory: 1627232K/2096632K available (73728K kernel code, 14095K rwdata, 16696K rodata, 14912K init, 21912K bss, 469144K reserved, 0K cma-reserved)
[    0.697361] SLUB: HWalign=64, Order=0-3, MinObjects=0, CPUs=2, Nodes=1
[    0.698571] kmemleak: Kernel memory leak detector disabled
[    0.700005] ftrace: allocating 72457 entries in 284 pages
[    0.746414] ftrace: allocated 284 pages with 4 groups
[    0.755118] Dynamic Preempt: voluntary
[    0.757116] Running RCU self tests
[    0.757770] Running RCU synchronous self tests
[    0.758612] rcu: Preemptible hierarchical RCU implementation.
[    0.759670] rcu: 	RCU lockdep checking is enabled.
[    0.760520] rcu: 	RCU restricting CPUs from NR_CPUS=8192 to nr_cpu_ids=2.
[    0.761727] 	Trampoline variant of Tasks RCU enabled.
[    0.762649] 	Rude variant of Tasks RCU enabled.
[    0.763470] 	Tracing variant of Tasks RCU enabled.
[    0.764322] rcu: RCU calculated value of scheduler-enlistment delay is 25 jiffies.
[    0.765656] rcu: Adjusting geometry for rcu_fanout_leaf=16, nr_cpu_ids=2
[    0.767171] Running RCU synchronous self tests
[    0.865934] NR_IRQS: 524544, nr_irqs: 440, preallocated irqs: 16
[    0.868563] rcu: srcu_init: Setting srcu_struct sizes based on contention.
[    0.886720] Console: colour VGA+ 80x25
[    0.887744] printk: legacy console [ttyS0] enabled
[    0.887744] printk: legacy console [ttyS0] enabled
[    0.889519] printk: legacy bootconsole [earlyser0] disabled
[    0.889519] printk: legacy bootconsole [earlyser0] disabled
[    0.891689] Lock dependency validator: Copyright (c) 2006 Red Hat, Inc., Ingo Molnar
[    0.893137] ... MAX_LOCKDEP_SUBCLASSES:  8
[    0.893896] ... MAX_LOCK_DEPTH:          48
[    0.894737] ... MAX_LOCKDEP_KEYS:        8192
[    0.895569] ... CLASSHASH_SIZE:          4096
[    0.896400] ... MAX_LOCKDEP_ENTRIES:     32768
[    0.897225] ... MAX_LOCKDEP_CHAINS:      65536
[    0.898046] ... CHAINHASH_SIZE:          32768
[    0.898883]  memory used by lock dependency info: 6493 kB
[    0.899907]  memory used for stack traces: 4224 kB
[    0.900798]  per task-struct memory footprint: 1920 bytes
[    0.902107] ACPI: Core revision 20230628
[    0.904396] clocksource: hpet: mask: 0xffffffff max_cycles: 0xffffffff, max_idle_ns: 19112604467 ns
[    0.906616] APIC: Switch to symmetric I/O mode setup
[    0.907902] x2apic enabled
[    0.909180] APIC: Switched APIC routing to: physical x2apic
[    0.910213] kvm-guest: APIC: send_IPI_mask() replaced with kvm_send_ipi_mask()
[    0.911716] kvm-guest: APIC: send_IPI_mask_allbutself() replaced with kvm_send_ipi_mask_allbutself()
[    0.913368] kvm-guest: setup PV IPIs
[    0.916598] ..TIMER: vector=0x30 apic1=0 pin1=2 apic2=-1 pin2=-1
[    0.917773] clocksource: tsc-early: mask: 0xffffffffffffffff max_cycles: 0x363e8c91135, max_idle_ns: 881590568389 ns
[    0.919903] Calibrating delay loop (skipped) preset value.. 3763.20 BogoMIPS (lpj=7526400)
[    0.921606] CPU0: Thermal monitoring enabled (TM1)
[    0.923898] x86/cpu: User Mode Instruction Prevention (UMIP) activated
[    0.925337] Last level iTLB entries: 4KB 0, 2MB 0, 4MB 0
[    0.926316] Last level dTLB entries: 4KB 0, 2MB 0, 4MB 0, 1GB 0
[    0.927402] Spectre V1 : Mitigation: usercopy/swapgs barriers and __user pointer sanitization
[    0.927884] Spectre V2 : WARNING: Unprivileged eBPF is enabled with eIBRS on, data leaks possible via Spectre v2 BHB attacks!
[    0.929889] Spectre V2 : Mitigation: Enhanced / Automatic IBRS
[    0.931880] Spectre V2 : Spectre v2 / SpectreRSB mitigation: Filling RSB on context switch
[    0.933324] Spectre V2 : Spectre v2 / PBRSB-eIBRS: Retire a single CALL on VMEXIT
[    0.934654] Spectre V2 : mitigation: Enabling conditional Indirect Branch Prediction Barrier
[    0.935883] Speculative Store Bypass: Mitigation: Speculative Store Bypass disabled via prctl
[    0.937382] MMIO Stale Data: Unknown: No mitigations
[    0.938354] x86/fpu: Supporting XSAVE feature 0x001: 'x87 floating point registers'
[    0.939881] x86/fpu: Supporting XSAVE feature 0x002: 'SSE registers'
[    0.941144] x86/fpu: Supporting XSAVE feature 0x004: 'AVX registers'
[    0.942404] x86/fpu: Supporting XSAVE feature 0x200: 'Protection Keys User registers'
[    0.943881] x86/fpu: xstate_offset[2]:  576, xstate_sizes[2]:  256
[    0.945124] x86/fpu: xstate_offset[9]:  832, xstate_sizes[9]:    8
[    0.947885] x86/fpu: Enabled xstate features 0x207, context size is 840 bytes, using 'compacted' format.
[    1.188961] Freeing SMP alternatives memory: 56K
[    1.189918] pid_max: default: 32768 minimum: 301
[    1.191422] LSM: initializing lsm=capability,yama,integrity
[    1.191896] Yama: becoming mindful.
[    1.193438] Mount-cache hash table entries: 4096 (order: 3, 32768 bytes, linear)
[    1.194866] Mountpoint-cache hash table entries: 4096 (order: 3, 32768 bytes, linear)
[    1.201340] Running RCU synchronous self tests
[    1.202241] Running RCU synchronous self tests
[    1.204854] smpboot: CPU0: Genuine Intel(R) 0000 (family: 0x6, model: 0xba, stepping: 0x2)
[    1.208097] RCU Tasks: Setting shift to 1 and lim to 1 rcu_task_cb_adjust=1.
[    1.210042] RCU Tasks Rude: Setting shift to 1 and lim to 1 rcu_task_cb_adjust=1.
[    1.211985] RCU Tasks Trace: Setting shift to 1 and lim to 1 rcu_task_cb_adjust=1.
[    1.213826] Running RCU Tasks wait API self tests
[    1.316129] Running RCU Tasks Rude wait API self tests
[    1.317532] Running RCU Tasks Trace wait API self tests
[    1.318682] Performance Events: unsupported p6 CPU model 186 no PMU driver, software events only.
[    1.320066] signal: max sigframe size: 3632
[    1.321504] rcu: Hierarchical SRCU implementation.
[    1.322447] rcu: 	Max phase no-delay instances is 1000.
[    1.324104] Callback from call_rcu_tasks_trace() invoked.
[    1.334504] NMI watchdog: Perf NMI watchdog permanently disabled
[    1.336680] smp: Bringing up secondary CPUs ...
[    1.340538] smpboot: x86: Booting SMP configuration:
[    1.341669] .... node  #0, CPUs:      #1
[    1.342086] smp: Brought up 1 node, 2 CPUs
[    1.344807] smpboot: Max logical packages: 1
[    1.345705] smpboot: Total of 2 processors activated (7526.40 BogoMIPS)
[    1.351956] devtmpfs: initialized
[    1.354780] x86/mm: Memory block size: 128MB
[    1.377658] Running RCU synchronous self tests
[    1.378381] Running RCU synchronous self tests
[    1.379121] clocksource: jiffies: mask: 0xffffffff max_cycles: 0xffffffff, max_idle_ns: 7645041785100000 ns
[    1.379897] futex hash table entries: 512 (order: 4, 65536 bytes, linear)
[    1.381801] pinctrl core: initialized pinctrl subsystem
[    1.383968] 
[    1.384240] *************************************************************
[    1.385198] **     NOTICE NOTICE NOTICE NOTICE NOTICE NOTICE NOTICE    **
[    1.386142] **                                                         **
[    1.387099] **  IOMMU DebugFS SUPPORT HAS BEEN ENABLED IN THIS KERNEL  **
[    1.387876] **                                                         **
[    1.388781] ** This means that this kernel is built to expose internal **
[    1.389713] ** IOMMU data structures, which may compromise security on **
[    1.390648] ** your system.                                            **
[    1.391579] **                                                         **
[    1.391881] ** If you see this message and you are not debugging the   **
[    1.392808] ** kernel, report this immediately to your vendor!         **
[    1.393724] **                                                         **
[    1.394645] **     NOTICE NOTICE NOTICE NOTICE NOTICE NOTICE NOTICE    **
[    1.395570] *************************************************************
[    1.396007] PM: RTC time: 06:20:58, date: 2023-12-12
[    1.402055] NET: Registered PF_NETLINK/PF_ROUTE protocol family
[    1.405198] DMA: preallocated 256 KiB GFP_KERNEL pool for atomic allocations
[    1.406237] DMA: preallocated 256 KiB GFP_KERNEL|GFP_DMA pool for atomic allocations
[    1.407335] DMA: preallocated 256 KiB GFP_KERNEL|GFP_DMA32 pool for atomic allocations
[    1.408114] audit: initializing netlink subsys (disabled)
[    1.451976] audit: type=2000 audit(1702362058.402:1): state=initialized audit_enabled=0 res=1
[    1.453176] Callback from call_rcu_tasks_rude() invoked.
[    1.454054] thermal_sys: Registered thermal governor 'fair_share'
[    1.454074] thermal_sys: Registered thermal governor 'bang_bang'
[    1.455313] thermal_sys: Registered thermal governor 'step_wise'
[    1.455892] thermal_sys: Registered thermal governor 'user_space'
[    1.457365] cpuidle: using governor ladder
[    1.459488] cpuidle: using governor menu
[    1.460977] acpiphp: ACPI Hot Plug PCI Controller Driver version: 0.5
[    1.464713] PCI: Using configuration type 1 for base access
[    1.468801] kprobes: kprobe jump-optimization is enabled. All kprobes are optimized if possible.
[    1.552630] Callback from call_rcu_tasks() invoked.
[    1.775863] HugeTLB: registered 1.00 GiB page size, pre-allocated 0 pages
[    1.775919] HugeTLB: 16380 KiB vmemmap can be freed for a 1.00 GiB page
[    1.777550] HugeTLB: registered 2.00 MiB page size, pre-allocated 0 pages
[    1.779170] HugeTLB: 28 KiB vmemmap can be freed for a 2.00 MiB page
[    1.797903] ACPI: Added _OSI(Module Device)
[    1.798979] ACPI: Added _OSI(Processor Device)
[    1.799908] ACPI: Added _OSI(3.0 _SCP Extensions)
[    1.801053] ACPI: Added _OSI(Processor Aggregator Device)
[    1.877835] ACPI: 1 ACPI AML tables successfully acquired and loaded
[    1.894905] ACPI: _OSC evaluation for CPUs failed, trying _PDC
[    1.904310] ACPI: Interpreter enabled
[    1.905889] ACPI: PM: (supports S0 S3 S4 S5)
[    1.906944] ACPI: Using IOAPIC for interrupt routing
[    1.908335] PCI: Using host bridge windows from ACPI; if necessary, use "pci=nocrs" and report a bug
[    1.910373] PCI: Using E820 reservations for host bridge windows
[    1.916460] ACPI: Enabled 2 GPEs in block 00 to 0F
[    2.083145] ACPI: PCI Root Bridge [PCI0] (domain 0000 [bus 00-ff])
[    2.084007] acpi PNP0A03:00: _OSC: OS supports [ASPM ClockPM Segments MSI EDR HPX-Type3]
[    2.085958] acpi PNP0A03:00: _OSC: not requesting OS control; OS requires [ExtendedConfig ASPM ClockPM MSI]
[    2.088838] acpi PNP0A03:00: fail to add MMCONFIG information, can't access extended configuration space under this bridge
[    2.112979] acpiphp: Slot [3] registered
[    2.114686] acpiphp: Slot [4] registered
[    2.116270] acpiphp: Slot [5] registered
[    2.117938] acpiphp: Slot [6] registered
[    2.119721] acpiphp: Slot [7] registered
[    2.120474] acpiphp: Slot [8] registered
[    2.122038] acpiphp: Slot [9] registered
[    2.123559] acpiphp: Slot [10] registered
[    2.128719] acpiphp: Slot [11] registered
[    2.130368] acpiphp: Slot [12] registered
[    2.132028] acpiphp: Slot [13] registered
[    2.133892] acpiphp: Slot [14] registered
[    2.135757] acpiphp: Slot [15] registered
[    2.136584] acpiphp: Slot [16] registered
[    2.138297] acpiphp: Slot [17] registered
[    2.139836] acpiphp: Slot [18] registered
[    2.140775] acpiphp: Slot [19] registered
[    2.142438] acpiphp: Slot [20] registered
[    2.144031] acpiphp: Slot [21] registered
[    2.145738] acpiphp: Slot [22] registered
[    2.147526] acpiphp: Slot [23] registered
[    2.148502] acpiphp: Slot [24] registered
[    2.150069] acpiphp: Slot [25] registered
[    2.151644] acpiphp: Slot [26] registered
[    2.152679] acpiphp: Slot [27] registered
[    2.154420] acpiphp: Slot [28] registered
[    2.156022] acpiphp: Slot [29] registered
[    2.157741] acpiphp: Slot [30] registered
[    2.159369] acpiphp: Slot [31] registered
[    2.164299] PCI host bridge to bus 0000:00
[    2.165349] pci_bus 0000:00: root bus resource [io  0x0000-0x0cf7 window]
[    2.166887] pci_bus 0000:00: root bus resource [io  0x0d00-0xffff window]
[    2.167925] pci_bus 0000:00: root bus resource [mem 0x000a0000-0x000bffff window]
[    2.169675] pci_bus 0000:00: root bus resource [mem 0x80000000-0xfebfffff window]
[    2.171400] pci_bus 0000:00: root bus resource [mem 0x100000000-0x17fffffff window]
[    2.171938] pci_bus 0000:00: root bus resource [bus 00-ff]
[    2.174182] pci 0000:00:00.0: [8086:1237] type 00 class 0x060000
[    2.228826] pci 0000:00:01.0: [8086:7000] type 00 class 0x060100
[    2.235629] pci 0000:00:01.1: [8086:7010] type 00 class 0x010180
[    2.240480] pci 0000:00:01.1: reg 0x20: [io  0xc040-0xc04f]
[    2.243860] pci 0000:00:01.1: legacy IDE quirk: reg 0x10: [io  0x01f0-0x01f7]
[    2.245555] pci 0000:00:01.1: legacy IDE quirk: reg 0x14: [io  0x03f6]
[    2.247932] pci 0000:00:01.1: legacy IDE quirk: reg 0x18: [io  0x0170-0x0177]
[    2.249718] pci 0000:00:01.1: legacy IDE quirk: reg 0x1c: [io  0x0376]
[    2.253483] pci 0000:00:01.3: [8086:7113] type 00 class 0x068000
[    2.256058] pci 0000:00:01.3: quirk: [io  0x0600-0x063f] claimed by PIIX4 ACPI
[    2.257931] pci 0000:00:01.3: quirk: [io  0x0700-0x070f] claimed by PIIX4 SMB
[    2.261844] pci 0000:00:02.0: [1234:1111] type 00 class 0x030000
[    2.273030] pci 0000:00:02.0: reg 0x10: [mem 0xfd000000-0xfdffffff pref]
[    2.280036] pci 0000:00:02.0: reg 0x18: [mem 0xfebf0000-0xfebf0fff]
[    2.292802] pci 0000:00:02.0: reg 0x30: [mem 0xfebe0000-0xfebeffff pref]
[    2.296928] pci 0000:00:02.0: Video device with shadowed ROM at [mem 0x000c0000-0x000dffff]
[    2.348845] pci 0000:00:03.0: [8086:100e] type 00 class 0x020000
[    2.351907] pci 0000:00:03.0: reg 0x10: [mem 0xfebc0000-0xfebdffff]
[    2.354999] pci 0000:00:03.0: reg 0x14: [io  0xc000-0xc03f]
[    2.362778] pci 0000:00:03.0: reg 0x30: [mem 0xfeb80000-0xfebbffff pref]
[    2.454654] ACPI: PCI: Interrupt link LNKA configured for IRQ 10
[    2.460949] ACPI: PCI: Interrupt link LNKB configured for IRQ 10
[    2.466888] ACPI: PCI: Interrupt link LNKC configured for IRQ 11
[    2.476662] ACPI: PCI: Interrupt link LNKD configured for IRQ 11
[    2.480065] ACPI: PCI: Interrupt link LNKS configured for IRQ 9
[    2.495650] iommu: Default domain type: Translated
[    2.495900] iommu: DMA domain TLB invalidation policy: lazy mode
[    2.508485] SCSI subsystem initialized
[    2.512464] ACPI: bus type USB registered
[    2.514221] usbcore: registered new interface driver usbfs
[    2.515923] usbcore: registered new interface driver hub
[    2.517455] usbcore: registered new device driver usb
[    2.519835] pps_core: LinuxPPS API ver. 1 registered
[    2.519905] pps_core: Software ver. 5.3.6 - Copyright 2005-2007 Rodolfo Giometti <giometti@linux.it>
[    2.522098] PTP clock support registered
[    2.525182] EDAC MC: Ver: 3.0.0
[    2.539484] NetLabel: Initializing
[    2.539907] NetLabel:  domain hash size = 128
[    2.540873] NetLabel:  protocols = UNLABELED CIPSOv4 CALIPSO
[    2.542964] NetLabel:  unlabeled traffic allowed by default
[    2.546810] PCI: Using ACPI for IRQ routing
[    2.549313] pci 0000:00:02.0: vgaarb: setting as boot VGA device
[    2.550815] pci 0000:00:02.0: vgaarb: bridge control possible
[    2.551860] pci 0000:00:02.0: vgaarb: VGA device added: decodes=io+mem,owns=io+mem,locks=none
[    2.555945] vgaarb: loaded
[    2.561074] hpet0: at MMIO 0xfed00000, IRQs 2, 8, 0
[    2.562255] hpet0: 3 comparators, 64-bit 100.000000 MHz counter
[    2.589501] clocksource: Switched to clocksource kvm-clock
[    4.881346] VFS: Disk quotas dquot_6.6.0
[    4.882660] VFS: Dquot-cache hash table entries: 512 (order 0, 4096 bytes)
[    4.886910] pnp: PnP ACPI init
[    4.905538] pnp: PnP ACPI: found 6 devices
[    4.980835] clocksource: acpi_pm: mask: 0xffffff max_cycles: 0xffffff, max_idle_ns: 2085701024 ns
[    4.990758] NET: Registered PF_INET protocol family
[    4.993710] IP idents hash table entries: 32768 (order: 6, 262144 bytes, linear)
[    5.000439] tcp_listen_portaddr_hash hash table entries: 1024 (order: 4, 73728 bytes, linear)
[    5.002735] Table-perturb hash table entries: 65536 (order: 6, 262144 bytes, linear)
[    5.005130] TCP established hash table entries: 16384 (order: 5, 131072 bytes, linear)
[    5.008350] TCP bind hash table entries: 16384 (order: 9, 2359296 bytes, linear)
[    5.016407] TCP: Hash tables configured (established 16384 bind 16384)
[    5.018997] UDP hash table entries: 1024 (order: 5, 163840 bytes, linear)
[    5.021089] UDP-Lite hash table entries: 1024 (order: 5, 163840 bytes, linear)
[    5.024404] NET: Registered PF_UNIX/PF_LOCAL protocol family
[    5.030835] RPC: Registered named UNIX socket transport module.
[    5.032284] RPC: Registered udp transport module.
[    5.033316] RPC: Registered tcp transport module.
[    5.034443] RPC: Registered tcp-with-tls transport module.
[    5.035614] RPC: Registered tcp NFSv4.1 backchannel transport module.
[    5.037080] pci_bus 0000:00: resource 4 [io  0x0000-0x0cf7 window]
[    5.038550] pci_bus 0000:00: resource 5 [io  0x0d00-0xffff window]
[    5.039870] pci_bus 0000:00: resource 6 [mem 0x000a0000-0x000bffff window]
[    5.041295] pci_bus 0000:00: resource 7 [mem 0x80000000-0xfebfffff window]
[    5.042845] pci_bus 0000:00: resource 8 [mem 0x100000000-0x17fffffff window]
[    5.045595] pci 0000:00:01.0: PIIX3: Enabling Passive Release
[    5.046991] pci 0000:00:00.0: Limiting direct PCI/PCI transfers
[    5.048502] PCI: CLS 0 bytes, default 64
[    5.049897] ACPI: bus type thunderbolt registered
[    5.052533] clocksource: tsc: mask: 0xffffffffffffffff max_cycles: 0x363e8c91135, max_idle_ns: 881590568389 ns
[    5.073542] Initialise system trusted keyrings
[    5.075250] Key type blacklist registered
[    5.077316] workingset: timestamp_bits=36 max_order=19 bucket_order=0
[    5.079054] zbud: loaded
[    5.085808] squashfs: version 4.0 (2009/01/31) Phillip Lougher
[    5.093825] NFS: Registering the id_resolver key type
[    5.095265] Key type id_resolver registered
[    5.096218] Key type id_legacy registered
[    5.097401] nfs4filelayout_init: NFSv4 File Layout Driver Registering...
[    5.099264] nfs4flexfilelayout_init: NFSv4 Flexfile Layout Driver Registering...
[    5.102306] fuse: init (API version 7.39)
[    5.105160] SGI XFS with ACLs, security attributes, realtime, quota, no debug enabled
[    5.111963] 9p: Installing v9fs 9p2000 file system support
[    5.136741] Key type asymmetric registered
[    5.137859] Asymmetric key parser 'x509' registered
[    5.139429] Block layer SCSI generic (bsg) driver version 0.4 loaded (major 243)
[    5.142403] io scheduler mq-deadline registered
[    5.143860] io scheduler bfq registered
[    5.148426] shpchp: Standard Hot Plug PCI Controller Driver version: 0.4
[    5.153607] IPMI message handler: version 39.2
[    5.155166] ipmi device interface
[    5.162494] input: Power Button as /devices/LNXSYSTM:00/LNXPWRBN:00/input/input0
[    5.166763] ACPI: button: Power Button [PWRF]
[    5.173930] ERST DBG: ERST support is disabled.
[    5.179669] Serial: 8250/16550 driver, 32 ports, IRQ sharing enabled
[    5.186662] 00:04: ttyS0 at I/O 0x3f8 (irq = 4, base_baud = 115200) is a 16550A
[    5.293812] Linux agpgart interface v0.103
[    5.303526] ACPI: bus type drm_connector registered
[    5.387191] brd: module loaded
[    5.435800] loop: module loaded
[    5.465412] scsi host0: ata_piix
[    5.471604] scsi host1: ata_piix
[    5.474175] ata1: PATA max MWDMA2 cmd 0x1f0 ctl 0x3f6 bmdma 0xc040 irq 14 lpm-pol 0
[    5.475819] ata2: PATA max MWDMA2 cmd 0x170 ctl 0x376 bmdma 0xc048 irq 15 lpm-pol 0
[    5.484685] tun: Universal TUN/TAP device driver, 1.6
[    5.487500] e100: Intel(R) PRO/100 Network Driver
[    5.488544] e100: Copyright(c) 1999-2006 Intel Corporation
[    5.490114] e1000: Intel(R) PRO/1000 Network Driver
[    5.491173] e1000: Copyright (c) 1999-2006 Intel Corporation.
[    5.638509] ata2: found unknown device (class 0)
[    5.640385] ata1: found unknown device (class 0)
[    5.642295] ata1.00: ATA-7: QEMU HARDDISK, 2.5+, max UDMA/100
[    5.643437] ata1.00: 17196647 sectors, multi 16: LBA48 
[    5.645436] ata2.00: ATAPI: QEMU DVD-ROM, 2.5+, max UDMA/100
[    5.650995] scsi 0:0:0:0: Direct-Access     ATA      QEMU HARDDISK    2.5+ PQ: 0 ANSI: 5
[    5.658226] sd 0:0:0:0: Attached scsi generic sg0 type 0
[    5.662796] scsi 1:0:0:0: CD-ROM            QEMU     QEMU DVD-ROM     2.5+ PQ: 0 ANSI: 5
[    5.665079] sd 0:0:0:0: [sda] 17196647 512-byte logical blocks: (8.80 GB/8.20 GiB)
[    5.667476] sd 0:0:0:0: [sda] Write Protect is off
[    5.669083] sd 0:0:0:0: [sda] Write cache: enabled, read cache: enabled, doesn't support DPO or FUA
[    5.672472] sd 0:0:0:0: [sda] Preferred minimum I/O size 512 bytes
[    5.683835] sd 0:0:0:0: [sda] Attached SCSI disk
[    5.697525] scsi 1:0:0:0: Attached scsi generic sg1 type 5
[    9.815105] ACPI: \_SB_.LNKC: Enabled at IRQ 11
[   10.214712] e1000 0000:00:03.0 eth0: (PCI:33MHz:32-bit) 52:54:00:12:34:56
[   10.216462] e1000 0000:00:03.0 eth0: Intel(R) PRO/1000 Network Connection
[   10.218661] e1000e: Intel(R) PRO/1000 Network Driver
[   10.219761] e1000e: Copyright(c) 1999 - 2015 Intel Corporation.
[   10.221367] igb: Intel(R) Gigabit Ethernet Network Driver
[   10.222664] igb: Copyright (c) 2007-2014 Intel Corporation.
[   10.224683] PPP generic driver version 2.4.2
[   10.229230] VFIO - User Level meta-driver version: 0.3
[   10.233983] usbcore: registered new interface driver uas
[   10.235597] usbcore: registered new interface driver usb-storage
[   10.237982] i8042: PNP: PS/2 Controller [PNP0303:KBD,PNP0f13:MOU] at 0x60,0x64 irq 1,12
[   10.243008] serio: i8042 KBD port at 0x60,0x64 irq 1
[   10.244373] serio: i8042 AUX port at 0x60,0x64 irq 12
[   10.248678] mousedev: PS/2 mouse device common for all mice
[   10.256124] input: AT Translated Set 2 keyboard as /devices/platform/i8042/serio0/input/input1
[   10.259271] rtc_cmos 00:05: RTC can wake from S4
[   10.264684] input: VirtualPS/2 VMware VMMouse as /devices/platform/i8042/serio1/input/input4
[   10.267817] rtc_cmos 00:05: registered as rtc0
[   10.269211] rtc_cmos 00:05: setting system clock to 2023-12-12T06:21:07 UTC (1702362067)
[   10.270935] input: VirtualPS/2 VMware VMMouse as /devices/platform/i8042/serio1/input/input3
[   10.274116] rtc_cmos 00:05: alarms up to one day, y3k, 242 bytes nvram, hpet irqs
[   10.276113] i2c_dev: i2c /dev entries driver
[   10.278260] device-mapper: core: CONFIG_IMA_DISABLE_HTABLE is disabled. Duplicate IMA measurements will not be recorded in the IMA log.
[   10.281005] device-mapper: uevent: version 1.0.3
[   10.283987] device-mapper: ioctl: 4.48.0-ioctl (2023-03-01) initialised: dm-devel@redhat.com
[   10.285912] intel_pstate: CPU model not supported
[   10.287904] sdhci: Secure Digital Host Controller Interface driver
[   10.289261] sdhci: Copyright(c) Pierre Ossman
[   10.290843] sdhci-pltfm: SDHCI platform and OF driver helper
[   10.295511] ledtrig-cpu: registered to indicate activity on CPUs
[   10.298481] drop_monitor: Initializing network drop monitor service
[   10.301343] NET: Registered PF_INET6 protocol family
[   10.321310] Segment Routing with IPv6
[   10.322615] In-situ OAM (IOAM) with IPv6
[   10.323890] NET: Registered PF_PACKET protocol family
[   10.326098] 9pnet: Installing 9P2000 support
[   10.327501] Key type dns_resolver registered
[   10.333945] IPI shorthand broadcast: enabled
[   10.471747] sched_clock: Marking stable (10432048373, 38004485)->(10519437561, -49384703)
[   10.476695] registered taskstats version 1
[   10.479651] Loading compiled-in X.509 certificates
[   10.611145] Key type .fscrypt registered
[   10.612089] Key type fscrypt-provisioning registered
[   10.630371] Key type encrypted registered
[   10.631514] ima: No TPM chip found, activating TPM-bypass!
[   10.632704] ima: Allocated hash algorithm: sha1
[   10.634349] ima: No architecture policies found
[   10.635649] evm: Initialising EVM extended attributes:
[   10.636708] evm: security.selinux
[   10.637394] evm: security.SMACK64
[   10.638157] evm: security.SMACK64EXEC
[   10.638910] evm: security.SMACK64TRANSMUTE
[   10.639747] evm: security.SMACK64MMAP
[   10.640491] evm: security.apparmor
[   10.641192] evm: security.ima
[   10.641837] evm: security.capability
[   10.642613] evm: HMAC attrs: 0x1
[   10.652035] PM:   Magic number: 3:843:316
[   10.653241] tty tty41: hash matches
[   10.656646] RAS: Correctable Errors collector initialized.
[   10.660716] clk: Disabling unused clocks
[   10.664152] md: Waiting for all devices to be available before autodetect
[   10.665116] md: If you don't use raid, use raid=noautodetect
[   10.665959] md: Autodetecting RAID arrays.
[   10.666755] md: autorun ...
[   10.667198] md: ... autorun DONE.
[   10.700257] EXT4-fs (sda): mounted filesystem 088740a9-c8b4-422c-999d-a804eb68a4da ro with ordered data mode. Quota mode: none.
[   10.702327] VFS: Mounted root (ext4 filesystem) readonly on device 8:0.
[   10.710092] devtmpfs: mounted
[   10.748360] Freeing unused decrypted memory: 2028K
[   10.770218] Freeing unused kernel image (initmem) memory: 14912K
[   10.771247] Write protecting the kernel read-only data: 92160k
[   10.777523] Freeing unused kernel image (rodata/data gap) memory: 1736K
[   10.913349] x86/mm: Checked W+X mappings: passed, no W+X pages found.
[   10.914628] Run /sbin/init as init process
[   11.254325] systemd[1]: systemd 252-15.el9 running in system mode (+PAM +AUDIT +SELINUX -APPARMOR +IMA +SMACK +SECCOMP +GCRYPT +GNUTLS +OPENSSL +ACL +BLKID +CURL +ELFUTILS -FIDO2 +IDN2 -IDN -IPTC +KMOD +LIBCRYPTSETUP +LIBFDISK +PCRE2 -PWQUALITY +P11KIT -QRENCODE +TPM2 +BZIP2 +LZ4 +XZ +ZLIB +ZSTD -BPF_FRAMEWORK +XKBCOMMON +UTMP +SYSVINIT default-hierarchy=unified)
[   11.257377] systemd[1]: Detected virtualization kvm.
[   11.257927] systemd[1]: Detected architecture x86-64.

Welcome to [0;31mCentOS Stream 9[0m!

[   11.268088] systemd[1]: Hostname set to <test>.
[   11.934469] systemd-rc-local-generator[123]: /etc/rc.d/rc.local is not marked executable, skipping.
[   12.476546] systemd[1]: Queued start job for default target Multi-User System.
[   12.505134] systemd[1]: Created slice Virtual Machine and Container Slice.
[[0;32m  OK  [0m] Created slice [0;1;39mVirtual Machine and Container Slice[0m.
[   12.521304] systemd[1]: Created slice Slice /system/getty.
[[0;32m  OK  [0m] Created slice [0;1;39mSlice /system/getty[0m.
[   12.530341] systemd[1]: Created slice Slice /system/modprobe.
[[0;32m  OK  [0m] Created slice [0;1;39mSlice /system/modprobe[0m.
[   12.541707] systemd[1]: Created slice Slice /system/serial-getty.
[[0;32m  OK  [0m] Created slice [0;1;39mSlice /system/serial-getty[0m.
[   12.551396] systemd[1]: Created slice Slice /system/sshd-keygen.
[[0;32m  OK  [0m] Created slice [0;1;39mSlice /system/sshd-keygen[0m.
[   12.560380] systemd[1]: Created slice User and Session Slice.
[[0;32m  OK  [0m] Created slice [0;1;39mUser and Session Slice[0m.
[   12.565019] systemd[1]: Started Forward Password Requests to Wall Directory Watch.
[[0;32m  OK  [0m] Started [0;1;39mForward Password R…uests to Wall Directory Watch[0m.
[   12.572433] systemd[1]: Set up automount Arbitrary Executable File Formats File System Automount Point.
[[0;32m  OK  [0m] Set up automount [0;1;39mArbitrary…s File System Automount Point[0m.
[   12.576564] systemd[1]: Reached target Local Integrity Protected Volumes.
[[0;32m  OK  [0m] Reached target [0;1;39mLocal Integrity Protected Volumes[0m.
[   12.579822] systemd[1]: Reached target Slice Units.
[[0;32m  OK  [0m] Reached target [0;1;39mSlice Units[0m.
[   12.582523] systemd[1]: Reached target Swaps.
[[0;32m  OK  [0m] Reached target [0;1;39mSwaps[0m.
[   12.584785] systemd[1]: Reached target Local Verity Protected Volumes.
[[0;32m  OK  [0m] Reached target [0;1;39mLocal Verity Protected Volumes[0m.
[   12.589169] systemd[1]: Listening on Device-mapper event daemon FIFOs.
[[0;32m  OK  [0m] Listening on [0;1;39mDevice-mapper event daemon FIFOs[0m.
[   12.595195] systemd[1]: Listening on LVM2 poll daemon socket.
[[0;32m  OK  [0m] Listening on [0;1;39mLVM2 poll daemon socket[0m.
[   12.598648] systemd[1]: multipathd control socket was skipped because of an unmet condition check (ConditionPathExists=/etc/multipath.conf).
[   12.764013] systemd[1]: Listening on RPCbind Server Activation Socket.
[[0;32m  OK  [0m] Listening on [0;1;39mRPCbind Server Activation Socket[0m.
[   12.767733] systemd[1]: Reached target RPC Port Mapper.
[[0;32m  OK  [0m] Reached target [0;1;39mRPC Port Mapper[0m.
[   12.778679] systemd[1]: Listening on Process Core Dump Socket.
[[0;32m  OK  [0m] Listening on [0;1;39mProcess Core Dump Socket[0m.
[   12.783225] systemd[1]: Listening on initctl Compatibility Named Pipe.
[[0;32m  OK  [0m] Listening on [0;1;39minitctl Compatibility Named Pipe[0m.
[   12.788728] systemd[1]: Listening on Journal Socket (/dev/log).
[[0;32m  OK  [0m] Listening on [0;1;39mJournal Socket (/dev/log)[0m.
[   12.794189] systemd[1]: Listening on Journal Socket.
[[0;32m  OK  [0m] Listening on [0;1;39mJournal Socket[0m.
[   12.799761] systemd[1]: Listening on udev Control Socket.
[[0;32m  OK  [0m] Listening on [0;1;39mudev Control Socket[0m.
[   12.804022] systemd[1]: Listening on udev Kernel Socket.
[[0;32m  OK  [0m] Listening on [0;1;39mudev Kernel Socket[0m.
[   12.847249] systemd[1]: Mounting Huge Pages File System...
         Mounting [0;1;39mHuge Pages File System[0m...
[   12.873488] systemd[1]: Mounting POSIX Message Queue File System...
         Mounting [0;1;39mPOSIX Message Queue File System[0m...
[   12.932588] systemd[1]: Mounting Kernel Debug File System...
         Mounting [0;1;39mKernel Debug File System[0m...
[   12.976243] systemd[1]: Mounting Kernel Trace File System...
         Mounting [0;1;39mKernel Trace File System[0m...
[   12.983378] systemd[1]: Kernel Module supporting RPCSEC_GSS was skipped because of an unmet condition check (ConditionPathExists=/etc/krb5.keytab).
[   12.985941] systemd[1]: Create List of Static Device Nodes was skipped because of an unmet condition check (ConditionFileNotEmpty=/lib/modules/6.7.0-rc4-a6adef898741+/modules.devname).
[   13.009546] systemd[1]: Starting Monitoring of LVM2 mirrors, snapshots etc. using dmeventd or progress polling...
         Starting [0;1;39mMonitoring of LVM…meventd or progress polling[0m...
[   13.063635] systemd[1]: Starting Load Kernel Module configfs...
         Starting [0;1;39mLoad Kernel Module configfs[0m...
[   13.128638] systemd[1]: Starting Load Kernel Module drm...
         Starting [0;1;39mLoad Kernel Module drm[0m...
[   13.175343] systemd[1]: Starting Load Kernel Module fuse...
         Starting [0;1;39mLoad Kernel Module fuse[0m...
[   13.208267] systemd[1]: Starting Read and set NIS domainname from /etc/sysconfig/network...
         Starting [0;1;39mRead and set NIS …from /etc/sysconfig/network[0m...
[   13.263698] systemd[1]: Starting Journal Service...
         Starting [0;1;39mJournal Service[0m...
[   13.284502] systemd[1]: Starting Load Kernel Modules...
         Starting [0;1;39mLoad Kernel Modules[0m...
[   13.299106] systemd[1]: Starting Generate network units from Kernel command line...
         Starting [0;1;39mGenerate network …ts from Kernel command line[0m...
[   13.345495] systemd[1]: Starting Remount Root and Kernel File Systems...
         Starting [0;1;39mRemount Root and Kernel File Systems[0m...
[   13.354680] systemd[1]: Repartition Root Disk was skipped because no trigger condition checks were met.
[   13.413620] systemd[1]: Starting Coldplug All udev Devices...
         Starting [0;1;39mColdplug All udev Devices[0m...
[   13.457875] systemd[1]: Mounted Huge Pages File System.
[[0;32m  OK  [0m] Mounted [0;1;39mHuge Pages File System[0m.
[   13.468860] systemd[1]: Mounted POSIX Message Queue File System.
[[0;32m  OK  [0m] Mounted [0;1;39mPOSIX Message Queue File System[0m.
[   13.480297] systemd[1]: Mounted Kernel Debug File System.
[[0;32m  OK  [0m] Mounted [0;1;39mKernel Debug File System[0m.
[   13.487669] systemd[1]: Mounted Kernel Trace File System.
[[0;32m  OK  [0m] Mounted [0;1;39mKernel Trace File System[0m.
[   13.502835] systemd[1]: Finished Monitoring of LVM2 mirrors, snapshots etc. using dmeventd or progress polling.
[[0;32m  OK  [0m] Finished [0;1;39mMonitoring of LVM… dmeventd or progress polling[0m.
[   13.516507] systemd[1]: modprobe@configfs.service: Deactivated successfully.
[   13.525147] systemd[1]: Finished Load Kernel Module configfs.
[[0;32m  OK  [0m] Finished [0;1;39mLoad Kernel Module configfs[0m.
[   13.532618] systemd[1]: modprobe@drm.service: Deactivated successfully.
[   13.536451] systemd[1]: Finished Load Kernel Module drm.
[[0;32m  OK  [0m] Finished [0;1;39mLoad Kernel Module drm[0m.
[   13.542527] systemd[1]: modprobe@fuse.service: Deactivated successfully.
[   13.545486] systemd[1]: Finished Load Kernel Module fuse.
[[0;32m  OK  [0m] Finished [0;1;39mLoad Kernel Module fuse[0m.
[   13.551039] systemd[1]: Finished Read and set NIS domainname from /etc/sysconfig/network.
[[0;32m  OK  [0m] Finished [0;1;39mRead and set NIS …e from /etc/sysconfig/network[0m.
[   13.556272] systemd[1]: systemd-modules-load.service: Main process exited, code=exited, status=1/FAILURE
[   13.559743] systemd[1]: systemd-modules-load.service: Failed with result 'exit-code'.
[   13.564627] systemd[1]: Failed to start Load Kernel Modules.
[[0;1;31mFAILED[0m] Failed to start [0;1;39mLoad Kernel Modules[0m.
See 'systemctl status systemd-modules-load.service' for details.
[   13.571397] systemd[1]: Finished Generate network units from Kernel command line.
[[0;32m  OK  [0m] Finished [0;1;39mGenerate network units from Kernel command line[0m.
[   13.576859] systemd[1]: Reached target Preparation for Network.
[[0;32m  OK  [0m] Reached target [0;1;39mPreparation for Network[0m.
[   13.630623] systemd[1]: Mounting FUSE Control File System...
         Mounting [0;1;39mFUSE Control File System[0m...
[   13.650243] EXT4-fs (sda): re-mounted 088740a9-c8b4-422c-999d-a804eb68a4da r/w. Quota mode: none.
[   13.707231] systemd[1]: Mounting Kernel Configuration File System...
         Mounting [0;1;39mKernel Configuration File System[0m...
[   13.778965] systemd[1]: Starting Apply Kernel Variables...
         Starting [0;1;39mApply Kernel Variables[0m...
[   13.838941] systemd[1]: Finished Remount Root and Kernel File Systems.
[[0;32m  OK  [0m] Finished [0;1;39mRemount Root and Kernel File Systems[0m.
[   13.848389] systemd[1]: Started Journal Service.
[[0;32m  OK  [0m] Started [0;1;39mJournal Service[0m.
[[0;32m  OK  [0m] Mounted [0;1;39mFUSE Control File System[0m.
[[0;32m  OK  [0m] Mounted [0;1;39mKernel Configuration File System[0m.
         Starting [0;1;39mFlush Journal to Persistent Storage[0m...
         Starting [0;1;39mLoad/Save Random Seed[0m...
[   14.015514] systemd-journald[145]: Received client request to flush runtime journal.
         Starting [0;1;39mCreate Static Device Nodes in /dev[0m...
         Starting [0;1;39mSetup Virtual Console[0m...
[[0;32m  OK  [0m] Finished [0;1;39mApply Kernel Variables[0m.
[[0;32m  OK  [0m] Finished [0;1;39mFlush Journal to Persistent Storage[0m.
[[0;32m  OK  [0m] Finished [0;1;39mLoad/Save Random Seed[0m.
[[0;32m  OK  [0m] Finished [0;1;39mCreate Static Device Nodes in /dev[0m.
         Starting [0;1;39mRule-based Manage…for Device Events and Files[0m...
[[0;32m  OK  [0m] Started [0;1;39mRule-based Manager for Device Events and Files[0m.
         Starting [0;1;39mAuto-connect to s…E devices found during boot[0m...
[[0;32m  OK  [0m] Finished [0;1;39mColdplug All udev Devices[0m.
[[0;32m  OK  [0m] Finished [0;1;39mAuto-connect to s…VME devices found during boot[0m.
         Starting [0;1;39mWait for udev To …plete Device Initialization[0m...
[[0;32m  OK  [0m] Finished [0;1;39mSetup Virtual Console[0m.
[[0;32m  OK  [0m] Started [0;1;39mDispatch Password …ts to Console Directory Watch[0m.
[[0;32m  OK  [0m] Reached target [0;1;39mLocal Encrypted Volumes[0m.
[[0;32m  OK  [0m] Reached target [0;1;39mPath Units[0m.
[[0;32m  OK  [0m] Found device [0;1;39m/dev/ttyS0[0m.
[[0m[0;31m*     [0m] A start job is running for Wait for…ice Initialization (5s / no limit)
M[K[[0;32m  OK  [0m] Listening on [0;1;39mLoad/Save RF …itch Status /dev/rfkill Watch[0m.
[K[[0;32m  OK  [0m] Finished [0;1;39mWait for udev To Complete Device Initialization[0m.
[[0;32m  OK  [0m] Reached target [0;1;39mPreparation for Local File Systems[0m.
[[0;32m  OK  [0m] Reached target [0;1;39mLocal File Systems[0m.
         Starting [0;1;39mTell Plymouth To Write Out Runtime Data[0m...
         Starting [0;1;39mAutomatic Boot Loader Update[0m...
         Starting [0;1;39mCreate Volatile Files and Directories[0m...
[[0;32m  OK  [0m] Finished [0;1;39mTell Plymouth To Write Out Runtime Data[0m.
[[0;32m  OK  [0m] Finished [0;1;39mAutomatic Boot Loader Update[0m.
[[0;32m  OK  [0m] Finished [0;1;39mCreate Volatile Files and Directories[0m.
         Mounting [0;1;39mRPC Pipe File System[0m...
         Starting [0;1;39mSecurity Auditing Service[0m...
         Starting [0;1;39mRPC Bind[0m...
[[0;32m  OK  [0m] Mounted [0;1;39mRPC Pipe File System[0m.
[[0;32m  OK  [0m] Reached target [0;1;39mrpc_pipefs.target[0m.
[[0;32m  OK  [0m] Started [0;1;39mRPC Bind[0m.
[[0;32m  OK  [0m] Started [0;1;39mSecurity Auditing Service[0m.
         Starting [0;1;39mRecord System Boot/Shutdown in UTMP[0m...
[[0;32m  OK  [0m] Finished [0;1;39mRecord System Boot/Shutdown in UTMP[0m.
[[0;32m  OK  [0m] Reached target [0;1;39mSystem Initialization[0m.
[[0;32m  OK  [0m] Started [0;1;39mDaily rotation of log files[0m.
[[0;32m  OK  [0m] Started [0;1;39mUpdates mlocate database every day[0m.
[[0;32m  OK  [0m] Started [0;1;39mDaily Cleanup of Temporary Directories[0m.
[[0;32m  OK  [0m] Started [0;1;39mdaily update of the root trust anchor for DNSSEC[0m.
[[0;32m  OK  [0m] Reached target [0;1;39mTimer Units[0m.
[[0;32m  OK  [0m] Listening on [0;1;39mD-Bus System Message Bus Socket[0m.
[[0;32m  OK  [0m] Listening on [0;1;39mOpen-iSCSI iscsid Socket[0m.
[[0;32m  OK  [0m] Listening on [0;1;39mOpen-iSCSI iscsiuio Socket[0m.
[[0;32m  OK  [0m] Listening on [0;1;39mSSSD Kerberos…ache Manager responder socket[0m.
[[0;32m  OK  [0m] Listening on [0;1;39mLibvirt interface local socket[0m.
[[0;32m  OK  [0m] Listening on [0;1;39mVirtual machine lock manager socket[0m.
[[0;32m  OK  [0m] Listening on [0;1;39mVirtual machine log manager socket[0m.
[[0;32m  OK  [0m] Listening on [0;1;39mLibvirt network local socket[0m.
[[0;32m  OK  [0m] Listening on [0;1;39mLibvirt nodedev local socket[0m.
[[0;32m  OK  [0m] Listening on [0;1;39mLibvirt nwfilter local socket[0m.
[[0;32m  OK  [0m] Listening on [0;1;39mLibvirt proxy local socket[0m.
[[0;32m  OK  [0m] Listening on [0;1;39mLibvirt qemu local socket[0m.
[[0;32m  OK  [0m] Listening on [0;1;39mLibvirt qemu admin socket[0m.
[[0;32m  OK  [0m] Listening on [0;1;39mLibvirt qemu local read-only socket[0m.
[[0;32m  OK  [0m] Listening on [0;1;39mLibvirt secret local socket[0m.
[[0;32m  OK  [0m] Listening on [0;1;39mLibvirt storage local socket[0m.
[[0;32m  OK  [0m] Reached target [0;1;39mSocket Units[0m.
         Starting [0;1;39mD-Bus System Message Bus[0m...
[[0;32m  OK  [0m] Started [0;1;39mD-Bus System Message Bus[0m.
[[0;32m  OK  [0m] Reached target [0;1;39mBasic System[0m.
         Starting [0;1;39mNetwork Manager[0m...
         Starting [0;1;39mNTP client/server[0m...
         Starting [0;1;39mRestore /run/initramfs on shutdown[0m...
[[0;32m  OK  [0m] Started [0;1;39mirqbalance daemon[0m.
[[0;32m  OK  [0m] Started [0;1;39mlibstoragemgmt plug-in server daemon[0m.
[[0;32m  OK  [0m] Started [0;1;39mMachine Check Exception Logging Daemon[0m.
[[0;32m  OK  [0m] Reached target [0;1;39msshd-keygen.target[0m.
[[0;32m  OK  [0m] Reached target [0;1;39mUser and Group Name Lookups[0m.
         Starting [0;1;39mUser Login Management[0m...
         Starting [0;1;39mVirtual Machine a…tainer Registration Service[0m...
         Starting [0;1;39mupdate of the roo…NSSEC validation in unbound[0m...
         Starting [0;1;39mRotate log files[0m...
[[0;32m  OK  [0m] Started [0;1;39mUpdate a database for mlocate[0m.
[[0;32m  OK  [0m] Finished [0;1;39mRestore /run/initramfs on shutdown[0m.
[[0;32m  OK  [0m] Started [0;1;39mVirtual Machine an…ontainer Registration Service[0m.
         Starting [0;1;39mHostname Service[0m...
[[0;32m  OK  [0m] Started [0;1;39mNTP client/server[0m.
[[0;32m  OK  [0m] Finished [0;1;39mupdate of the roo… DNSSEC validation in unbound[0m.
[[0;32m  OK  [0m] Started [0;1;39mUser Login Management[0m.
[[0;32m  OK  [0m] Started [0;1;39mHostname Service[0m.
[[0;32m  OK  [0m] Finished [0;1;39mRotate log files[0m.
         Starting [0;1;39mNetwork Manager Script Dispatcher Service[0m...
[[0;32m  OK  [0m] Started [0;1;39mNetwork Manager Script Dispatcher Service[0m.
[   21.566769] e1000: eth0 NIC Link is Up 1000 Mbps Full Duplex, Flow Control: RX
[[0;32m  OK  [0m] Started [0;1;39mNetwork Manager[0m.
[[0;32m  OK  [0m] Reached target [0;1;39mNetwork[0m.
[[0;32m  OK  [0m] Reached target [0;1;39mNetwork is Online[0m.
         Starting [0;1;39mGSSAPI Proxy Daemon[0m...
         Starting [0;1;39mNotify NFS peers of a restart[0m...
         Starting [0;1;39mSystem Logging Service[0m...
         Starting [0;1;39mOpenSSH server daemon[0m...
         Starting [0;1;39mDynamic System Tuning Daemon[0m...
[[0;32m  OK  [0m] Started [0;1;39mGSSAPI Proxy Daemon[0m.
[[0;32m  OK  [0m] Started [0;1;39mNotify NFS peers of a restart[0m.
[[0;32m  OK  [0m] Reached target [0;1;39mNFS client services[0m.
[[0;32m  OK  [0m] Reached target [0;1;39mPreparation for Remote File Systems[0m.
[[0;32m  OK  [0m] Reached target [0;1;39mRemote File Systems[0m.
         Starting [0;1;39mPermit User Sessions[0m...
         Starting [0;1;39mVirtualization qemu daemon[0m...
[[0;32m  OK  [0m] Started [0;1;39mOpenSSH server daemon[0m.
[[0;32m  OK  [0m] Finished [0;1;39mPermit User Sessions[0m.
[[0;32m  OK  [0m] Started [0;1;39mSystem Logging Service[0m.
[[0;32m  OK  [0m] Started [0;1;39mDeferred execution scheduler[0m.
[[0;32m  OK  [0m] Started [0;1;39mCommand Scheduler[0m.
         Starting [0;1;39mHold until boot process finishes up[0m...
         Starting [0;1;39mTerminate Plymouth Boot Screen[0m...
[[0;32m  OK  [0m] Finished [0;1;39mHold until boot process finishes up[0m.
[[0;32m  OK  [0m] Started [0;1;39mGetty on tty1[0m.
[[0;32m  OK  [0m] Started [0;1;39mSerial Getty on ttyS0[0m.
[[0;32m  OK  [0m] Reached target [0;1;39mLogin Prompts[0m.
[[0;32m  OK  [0m] Started [0;1;39mVirtualization qemu daemon[0m.
[[0;32m  OK  [0m] Finished [0;1;39mTerminate Plymouth Boot Screen[0m.
         Starting [0;1;39mAuthorization Manager[0m...
[[0;32m  OK  [0m] Started [0;1;39mAuthorization Manager[0m.

CentOS Stream 9
Kernel 6.7.0-rc4-a6adef898741+ on an x86_64

Activate the web console with: systemctl enable --now cockpit.socket

test login: 