c[?7l[2J[0mSeaBIOS (version rel-1.16.0-0-gd239552ce722-prebuilt.qemu.org)


iPXE (http://ipxe.org) 00:03.0 CA00 PCI2.10 PnP PMM+7FF91000+7FEF1000 CA00
Press Ctrl-B to configure iPXE (PCI 00:03.0)...                                                                               


Booting from ROM..c[?7l[2J[    0.000000] Linux version 5.11.0-f40ddce88593 (root@p-rplp02) (gcc (GCC) 8.5.0 20210514 (Red Hat 8.5.0-18), GNU ld version 2.36.1-2.el8) #1 SMP Sun Feb 26 21:40:30 CST 2023
[    0.000000] Command line: console=ttyS0 root=/dev/sda earlyprintk=serial net.ifnames=0 plymouth.enable=0
[    0.000000] KERNEL supported cpus:
[    0.000000]   Intel GenuineIntel
[    0.000000]   AMD AuthenticAMD
[    0.000000]   Hygon HygonGenuine
[    0.000000]   Centaur CentaurHauls
[    0.000000]   zhaoxin   Shanghai  
[    0.000000] x86/fpu: Supporting XSAVE feature 0x001: 'x87 floating point registers'
[    0.000000] x86/fpu: Supporting XSAVE feature 0x002: 'SSE registers'
[    0.000000] x86/fpu: Supporting XSAVE feature 0x004: 'AVX registers'
[    0.000000] x86/fpu: Supporting XSAVE feature 0x200: 'Protection Keys User registers'
[    0.000000] x86/fpu: xstate_offset[2]:  576, xstate_sizes[2]:  256
[    0.000000] x86/fpu: xstate_offset[9]:  832, xstate_sizes[9]:    8
[    0.000000] x86/fpu: Enabled xstate features 0x207, context size is 840 bytes, using 'compacted' format.
[    0.000000] BIOS-provided physical RAM map:
[    0.000000] BIOS-e820: [mem 0x0000000000000000-0x000000000009fbff] usable
[    0.000000] BIOS-e820: [mem 0x000000000009fc00-0x000000000009ffff] reserved
[    0.000000] BIOS-e820: [mem 0x00000000000f0000-0x00000000000fffff] reserved
[    0.000000] BIOS-e820: [mem 0x0000000000100000-0x000000007ffdffff] usable
[    0.000000] BIOS-e820: [mem 0x000000007ffe0000-0x000000007fffffff] reserved
[    0.000000] BIOS-e820: [mem 0x00000000feffc000-0x00000000feffffff] reserved
[    0.000000] BIOS-e820: [mem 0x00000000fffc0000-0x00000000ffffffff] reserved
[    0.000000] printk: bootconsole [earlyser0] enabled
[    0.000000] NX (Execute Disable) protection: active
[    0.000000] SMBIOS 2.8 present.
[    0.000000] DMI: QEMU Standard PC (i440FX + PIIX, 1996), BIOS rel-1.16.0-0-gd239552ce722-prebuilt.qemu.org 04/01/2014
[    0.000000] Hypervisor detected: KVM
[    0.000000] kvm-clock: Using msrs 4b564d01 and 4b564d00
[    0.000000] kvm-clock: cpu 0, msr 5401001, primary cpu clock
[    0.000000] kvm-clock: using sched offset of 319598041 cycles
[    0.000547] clocksource: kvm-clock: mask: 0xffffffffffffffff max_cycles: 0x1cd42e4dffb, max_idle_ns: 881590591483 ns
[    0.002178] tsc: Detected 1881.600 MHz processor
[    0.007854] last_pfn = 0x7ffe0 max_arch_pfn = 0x400000000
[    0.008555] x86/PAT: Configuration [0-7]: WB  WC  UC- UC  WB  WP  UC- WT  
[    0.016617] found SMP MP-table at [mem 0x000f5ba0-0x000f5baf]
[    0.017934] check: Scanning 1 areas for low memory corruption
[    0.018491] Using GB pages for direct mapping
[    0.019615] ACPI: Early table checksum verification disabled
[    0.020178] ACPI: RSDP 0x00000000000F59C0 000014 (v00 BOCHS )
[    0.020761] ACPI: RSDT 0x000000007FFE1951 000034 (v01 BOCHS  BXPC     00000001 BXPC 00000001)
[    0.021615] ACPI: FACP 0x000000007FFE17FD 000074 (v01 BOCHS  BXPC     00000001 BXPC 00000001)
[    0.022491] ACPI: DSDT 0x000000007FFE0040 0017BD (v01 BOCHS  BXPC     00000001 BXPC 00000001)
[    0.023273] ACPI: FACS 0x000000007FFE0000 000040
[    0.023737] ACPI: APIC 0x000000007FFE1871 000080 (v01 BOCHS  BXPC     00000001 BXPC 00000001)
[    0.024544] ACPI: HPET 0x000000007FFE18F1 000038 (v01 BOCHS  BXPC     00000001 BXPC 00000001)
[    0.025361] ACPI: WAET 0x000000007FFE1929 000028 (v01 BOCHS  BXPC     00000001 BXPC 00000001)
[    0.026674] No NUMA configuration found
[    0.027047] Faking a node at [mem 0x0000000000000000-0x000000007ffdffff]
[    0.027755] NODE_DATA(0) allocated [mem 0x7ffb5000-0x7ffdffff]
[    0.030987] Zone ranges:
[    0.031256]   DMA      [mem 0x0000000000001000-0x0000000000ffffff]
[    0.031834]   DMA32    [mem 0x0000000001000000-0x000000007ffdffff]
[    0.032449]   Normal   empty
[    0.032738]   Device   empty
[    0.033023] Movable zone start for each node
[    0.033405] Early memory node ranges
[    0.033748]   node   0: [mem 0x0000000000001000-0x000000000009efff]
[    0.034380]   node   0: [mem 0x0000000000100000-0x000000007ffdffff]
[    0.035562] Zeroed struct page in unavailable ranges: 130 pages
[    0.035574] Initmem setup node 0 [mem 0x0000000000001000-0x000000007ffdffff]
[    0.055755] ACPI: PM-Timer IO Port: 0x608
[    0.056141] ACPI: LAPIC_NMI (acpi_id[0xff] dfl dfl lint[0x1])
[    0.056660] IOAPIC[0]: apic_id 0, version 17, address 0xfec00000, GSI 0-23
[    0.057252] ACPI: INT_SRC_OVR (bus 0 bus_irq 0 global_irq 2 dfl dfl)
[    0.057798] ACPI: INT_SRC_OVR (bus 0 bus_irq 5 global_irq 5 high level)
[    0.058373] ACPI: INT_SRC_OVR (bus 0 bus_irq 9 global_irq 9 high level)
[    0.058936] ACPI: INT_SRC_OVR (bus 0 bus_irq 10 global_irq 10 high level)
[    0.059516] ACPI: INT_SRC_OVR (bus 0 bus_irq 11 global_irq 11 high level)
[    0.060127] Using ACPI (MADT) for SMP configuration information
[    0.060635] ACPI: HPET id: 0x8086a201 base: 0xfed00000
[    0.061084] TSC deadline timer available
[    0.061420] smpboot: Allowing 2 CPUs, 0 hotplug CPUs
[    0.061870] kvm-guest: KVM setup pv remote TLB flush
[    0.062334] kvm-guest: setup PV sched yield
[    0.062734] PM: hibernation: Registered nosave memory: [mem 0x00000000-0x00000fff]
[    0.063394] PM: hibernation: Registered nosave memory: [mem 0x0009f000-0x0009ffff]
[    0.064052] PM: hibernation: Registered nosave memory: [mem 0x000a0000-0x000effff]
[    0.064717] PM: hibernation: Registered nosave memory: [mem 0x000f0000-0x000fffff]
[    0.065385] [mem 0x80000000-0xfeffbfff] available for PCI devices
[    0.065926] Booting paravirtualized kernel on KVM
[    0.066368] clocksource: refined-jiffies: mask: 0xffffffff max_cycles: 0xffffffff, max_idle_ns: 7645519600211568 ns
[    0.067309] setup_percpu: NR_CPUS:8192 nr_cpumask_bits:2 nr_cpu_ids:2 nr_node_ids:1
[    0.069453] percpu: Embedded 58 pages/cpu s200704 r8192 d28672 u1048576
[    0.070173] kvm-guest: KVM setup async PF for cpu 0
[    0.070572] kvm-guest: stealtime: cpu 0, msr 7dc30080
[    0.070990] kvm-guest: PV spinlocks enabled
[    0.071340] PV qspinlock hash table entries: 256 (order: 0, 4096 bytes, linear)
[    0.071957] Built 1 zonelists, mobility grouping on.  Total pages: 515945
[    0.072521] Policy zone: DMA32
[    0.072782] Kernel command line: net.ifnames=0 console=ttyS0 root=/dev/sda earlyprintk=serial net.ifnames=0 plymouth.enable=0
[    0.075318] Dentry cache hash table entries: 262144 (order: 9, 2097152 bytes, linear)
[    0.076516] Inode-cache hash table entries: 131072 (order: 8, 1048576 bytes, linear)
[    0.077252] mem auto-init: stack:off, heap alloc:off, heap free:off
[    0.080747] Memory: 1988036K/2096632K available (30736K kernel code, 5159K rwdata, 7444K rodata, 2980K init, 22372K bss, 108340K reserved, 0K cma-reserved)
[    0.081927] random: get_random_u64 called from __kmem_cache_create+0x33/0x460 with crng_init=0
[    0.082270] SLUB: HWalign=64, Order=0-3, MinObjects=0, CPUs=2, Nodes=1
[    0.083381] kmemleak: Kernel memory leak detector disabled
[    0.083810] ftrace: allocating 62788 entries in 246 pages
[    0.150185] ftrace: allocated 246 pages with 6 groups
[    0.150815] Running RCU self tests
[    0.151097] rcu: Hierarchical RCU implementation.
[    0.151479] rcu: 	RCU lockdep checking is enabled.
[    0.151872] rcu: 	RCU restricting CPUs from NR_CPUS=8192 to nr_cpu_ids=2.
[    0.152429] 	Trampoline variant of Tasks RCU enabled.
[    0.152841] 	Rude variant of Tasks RCU enabled.
[    0.153215] 	Tracing variant of Tasks RCU enabled.
[    0.153606] rcu: RCU calculated value of scheduler-enlistment delay is 25 jiffies.
[    0.154258] rcu: Adjusting geometry for rcu_fanout_leaf=16, nr_cpu_ids=2
[    0.166752] NR_IRQS: 524544, nr_irqs: 440, preallocated irqs: 16
[    0.174394] Console: colour VGA+ 80x25
[    0.174765] printk: console [ttyS0] enabled
[    0.174765] printk: console [ttyS0] enabled
[    0.175478] printk: bootconsole [earlyser0] disabled
[    0.175478] printk: bootconsole [earlyser0] disabled
[    0.176342] Lock dependency validator: Copyright (c) 2006 Red Hat, Inc., Ingo Molnar
[    0.177027] ... MAX_LOCKDEP_SUBCLASSES:  8
[    0.177398] ... MAX_LOCK_DEPTH:          48
[    0.177775] ... MAX_LOCKDEP_KEYS:        8192
[    0.178169] ... CLASSHASH_SIZE:          4096
[    0.178560] ... MAX_LOCKDEP_ENTRIES:     32768
[    0.178957] ... MAX_LOCKDEP_CHAINS:      65536
[    0.179369] ... CHAINHASH_SIZE:          32768
[    0.179771]  memory used by lock dependency info: 6365 kB
[    0.180262]  memory used for stack traces: 4224 kB
[    0.180704]  per task-struct memory footprint: 1920 bytes
[    0.181278] ACPI: Core revision 20201113
[    0.181854] clocksource: hpet: mask: 0xffffffff max_cycles: 0xffffffff, max_idle_ns: 19112604467 ns
[    0.182885] APIC: Switch to symmetric I/O mode setup
[    0.183584] x2apic enabled
[    0.184018] Switched APIC routing to physical x2apic.
[    0.184530] kvm-guest: setup PV IPIs
[    0.185608] ..TIMER: vector=0x30 apic1=0 pin1=2 apic2=-1 pin2=-1
[    0.186258] clocksource: tsc-early: mask: 0xffffffffffffffff max_cycles: 0x363e8c91135, max_idle_ns: 881590568389 ns
[    0.187404] Calibrating delay loop (skipped) preset value.. 3763.20 BogoMIPS (lpj=7526400)
[    0.188235] pid_max: default: 32768 minimum: 301
[    0.188774] LSM: Security Framework initializing
[    0.189246] Yama: becoming mindful.
[    0.189741] Mount-cache hash table entries: 4096 (order: 3, 32768 bytes, linear)
[    0.190513] Mountpoint-cache hash table entries: 4096 (order: 3, 32768 bytes, linear)
[    0.192156] x86/cpu: User Mode Instruction Prevention (UMIP) activated
[    0.192890] mce: CPU0: Thermal monitoring enabled (TM1)
[    0.193457] Last level iTLB entries: 4KB 0, 2MB 0, 4MB 0
[    0.194000] Last level dTLB entries: 4KB 0, 2MB 0, 4MB 0, 1GB 0
[    0.194579] Spectre V1 : Mitigation: usercopy/swapgs barriers and __user pointer sanitization
[    0.195405] Spectre V2 : Mitigation: Enhanced IBRS
[    0.195791] Spectre V2 : Spectre v2 / SpectreRSB mitigation: Filling RSB on context switch
[    0.196445] Spectre V2 : mitigation: Enabling conditional Indirect Branch Prediction Barrier
[    0.197131] Speculative Store Bypass: Mitigation: Speculative Store Bypass disabled via prctl and seccomp
[    0.198184] Freeing SMP alternatives memory: 52K
[    0.199748] smpboot: CPU0: Genuine Intel(R) 0000 (family: 0x6, model: 0xba, stepping: 0x2)
[    0.200790] Performance Events: unsupported p6 CPU model 186 no PMU driver, software events only.
[    0.201662] rcu: Hierarchical SRCU implementation.
[    0.203534] NMI watchdog: Perf NMI watchdog permanently disabled
[    0.204192] smp: Bringing up secondary CPUs ...
[    0.204893] x86: Booting SMP configuration:
[    0.205248] .... node  #0, CPUs:      #1
[    0.015914] kvm-clock: cpu 1, msr 5401041, secondary cpu clock
[    0.206123] kvm-guest: KVM setup async PF for cpu 1
[    0.206123] kvm-guest: stealtime: cpu 1, msr 7dd30080
[    0.207456] smp: Brought up 1 node, 2 CPUs
[    0.207810] smpboot: Max logical packages: 1
[    0.208170] smpboot: Total of 2 processors activated (7526.40 BogoMIPS)
[    0.209311] devtmpfs: initialized
[    0.209311] x86/mm: Memory block size: 128MB
[    0.211481] clocksource: jiffies: mask: 0xffffffff max_cycles: 0xffffffff, max_idle_ns: 7645041785100000 ns
[    0.212360] futex hash table entries: 512 (order: 4, 65536 bytes, linear)
[    0.215628] pinctrl core: initialized pinctrl subsystem
[    0.216503] 
[    0.216660] *************************************************************
[    0.217314] **     NOTICE NOTICE NOTICE NOTICE NOTICE NOTICE NOTICE    **
[    0.217989] **                                                         **
[    0.218637] **  IOMMU DebugFS SUPPORT HAS BEEN ENABLED IN THIS KERNEL  **
[    0.219289] **                                                         **
[    0.219425] ** This means that this kernel is built to expose internal **
[    0.220077] ** IOMMU data structures, which may compromise security on **
[    0.220735] ** your system.                                            **
[    0.221396] **                                                         **
[    0.222053] ** If you see this message and you are not debugging the   **
[    0.222712] ** kernel, report this immediately to your vendor!         **
[    0.223367] **                                                         **
[    0.223408] **     NOTICE NOTICE NOTICE NOTICE NOTICE NOTICE NOTICE    **
[    0.224069] *************************************************************
[    0.224815] PM: RTC time: 19:56:18, date: 2023-12-11
[    0.226271] NET: Registered protocol family 16
[    0.227250] DMA: preallocated 256 KiB GFP_KERNEL pool for atomic allocations
[    0.227411] DMA: preallocated 256 KiB GFP_KERNEL|GFP_DMA pool for atomic allocations
[    0.228176] DMA: preallocated 256 KiB GFP_KERNEL|GFP_DMA32 pool for atomic allocations
[    0.228991] audit: initializing netlink subsys (disabled)
[    0.229549] audit: type=2000 audit(1702324578.981:1): state=initialized audit_enabled=0 res=1
[    0.229549] thermal_sys: Registered thermal governor 'fair_share'
[    0.229549] thermal_sys: Registered thermal governor 'bang_bang'
[    0.229549] thermal_sys: Registered thermal governor 'step_wise'
[    0.231409] thermal_sys: Registered thermal governor 'user_space'
[    0.232216] cpuidle: using governor ladder
[    0.233498] cpuidle: using governor menu
[    0.234351] ACPI: bus type PCI registered
[    0.234859] acpiphp: ACPI Hot Plug PCI Controller Driver version: 0.5
[    0.235772] PCI: Using configuration type 1 for base access
[    0.247517] HugeTLB registered 1.00 GiB page size, pre-allocated 0 pages
[    0.248132] HugeTLB registered 2.00 MiB page size, pre-allocated 0 pages
[    0.255813] ACPI: Added _OSI(Module Device)
[    0.256277] ACPI: Added _OSI(Processor Device)
[    0.256712] ACPI: Added _OSI(3.0 _SCP Extensions)
[    0.257166] ACPI: Added _OSI(Processor Aggregator Device)
[    0.257685] ACPI: Added _OSI(Linux-Dell-Video)
[    0.258118] ACPI: Added _OSI(Linux-Lenovo-NV-HDMI-Audio)
[    0.258630] ACPI: Added _OSI(Linux-HPI-Hybrid-Graphics)
[    0.264356] ACPI: 1 ACPI AML tables successfully acquired and loaded
[    0.267867] ACPI: Interpreter enabled
[    0.268327] ACPI: (supports S0 S3 S4 S5)
[    0.268713] ACPI: Using IOAPIC for interrupt routing
[    0.269249] PCI: Using host bridge windows from ACPI; if necessary, use "pci=nocrs" and report a bug
[    0.270697] ACPI: Enabled 2 GPEs in block 00 to 0F
[    0.285192] ACPI: PCI Root Bridge [PCI0] (domain 0000 [bus 00-ff])
[    0.285752] acpi PNP0A03:00: _OSC: OS supports [ASPM ClockPM Segments MSI EDR HPX-Type3]
[    0.286519] acpi PNP0A03:00: fail to add MMCONFIG information, can't access extended PCI configuration space under this bridge.
[    0.289040] acpiphp: Slot [3] registered
[    0.289455] acpiphp: Slot [4] registered
[    0.289862] acpiphp: Slot [5] registered
[    0.290272] acpiphp: Slot [6] registered
[    0.290676] acpiphp: Slot [7] registered
[    0.291107] acpiphp: Slot [8] registered
[    0.291475] acpiphp: Slot [9] registered
[    0.291901] acpiphp: Slot [10] registered
[    0.292351] acpiphp: Slot [11] registered
[    0.292795] acpiphp: Slot [12] registered
[    0.293242] acpiphp: Slot [13] registered
[    0.293687] acpiphp: Slot [14] registered
[    0.294137] acpiphp: Slot [15] registered
[    0.294591] acpiphp: Slot [16] registered
[    0.295037] acpiphp: Slot [17] registered
[    0.295457] acpiphp: Slot [18] registered
[    0.295901] acpiphp: Slot [19] registered
[    0.296362] acpiphp: Slot [20] registered
[    0.296806] acpiphp: Slot [21] registered
[    0.297250] acpiphp: Slot [22] registered
[    0.297695] acpiphp: Slot [23] registered
[    0.298140] acpiphp: Slot [24] registered
[    0.298599] acpiphp: Slot [25] registered
[    0.299042] acpiphp: Slot [26] registered
[    0.299459] acpiphp: Slot [27] registered
[    0.299902] acpiphp: Slot [28] registered
[    0.300354] acpiphp: Slot [29] registered
[    0.300810] acpiphp: Slot [30] registered
[    0.301257] acpiphp: Slot [31] registered
[    0.301668] PCI host bridge to bus 0000:00
[    0.302068] pci_bus 0000:00: root bus resource [io  0x0000-0x0cf7 window]
[    0.302727] pci_bus 0000:00: root bus resource [io  0x0d00-0xffff window]
[    0.303394] pci_bus 0000:00: root bus resource [mem 0x000a0000-0x000bffff window]
[    0.304122] pci_bus 0000:00: root bus resource [mem 0x80000000-0xfebfffff window]
[    0.304838] pci_bus 0000:00: root bus resource [mem 0x100000000-0x17fffffff window]
[    0.305572] pci_bus 0000:00: root bus resource [bus 00-ff]
[    0.306166] pci 0000:00:00.0: [8086:1237] type 00 class 0x060000
[    0.308534] pci 0000:00:01.0: [8086:7000] type 00 class 0x060100
[    0.310020] pci 0000:00:01.1: [8086:7010] type 00 class 0x010180
[    0.311918] pci 0000:00:01.1: reg 0x20: [io  0xc040-0xc04f]
[    0.312967] pci 0000:00:01.1: legacy IDE quirk: reg 0x10: [io  0x01f0-0x01f7]
[    0.313538] pci 0000:00:01.1: legacy IDE quirk: reg 0x14: [io  0x03f6]
[    0.314063] pci 0000:00:01.1: legacy IDE quirk: reg 0x18: [io  0x0170-0x0177]
[    0.314641] pci 0000:00:01.1: legacy IDE quirk: reg 0x1c: [io  0x0376]
[    0.315704] pci 0000:00:01.3: [8086:7113] type 00 class 0x068000
[    0.316495] pci 0000:00:01.3: quirk: [io  0x0600-0x063f] claimed by PIIX4 ACPI
[    0.317093] pci 0000:00:01.3: quirk: [io  0x0700-0x070f] claimed by PIIX4 SMB
[    0.318598] pci 0000:00:02.0: [1234:1111] type 00 class 0x030000
[    0.319650] pci 0000:00:02.0: reg 0x10: [mem 0xfd000000-0xfdffffff pref]
[    0.321801] pci 0000:00:02.0: reg 0x18: [mem 0xfebf0000-0xfebf0fff]
[    0.326602] pci 0000:00:02.0: reg 0x30: [mem 0xfebe0000-0xfebeffff pref]
[    0.329339] pci 0000:00:03.0: [8086:100e] type 00 class 0x020000
[    0.330491] pci 0000:00:03.0: reg 0x10: [mem 0xfebc0000-0xfebdffff]
[    0.331588] pci 0000:00:03.0: reg 0x14: [io  0xc000-0xc03f]
[    0.335415] pci 0000:00:03.0: reg 0x30: [mem 0xfeb80000-0xfebbffff pref]
[    0.344470] ACPI: PCI Interrupt Link [LNKA] (IRQs 5 *10 11)
[    0.345292] ACPI: PCI Interrupt Link [LNKB] (IRQs 5 *10 11)
[    0.346083] ACPI: PCI Interrupt Link [LNKC] (IRQs 5 10 *11)
[    0.346921] ACPI: PCI Interrupt Link [LNKD] (IRQs 5 10 *11)
[    0.347557] ACPI: PCI Interrupt Link [LNKS] (IRQs *9)
[    0.349123] iommu: Default domain type: Translated 
[    0.349123] pci 0000:00:02.0: vgaarb: setting as boot VGA device
[    0.349123] pci 0000:00:02.0: vgaarb: VGA device added: decodes=io+mem,owns=io+mem,locks=none
[    0.351850] pci 0000:00:02.0: vgaarb: bridge control possible
[    0.352463] vgaarb: loaded
[    0.353979] SCSI subsystem initialized
[    0.355637] ACPI: bus type USB registered
[    0.355637] usbcore: registered new interface driver usbfs
[    0.356027] usbcore: registered new interface driver hub
[    0.356576] usbcore: registered new device driver usb
[    0.357169] pps_core: LinuxPPS API ver. 1 registered
[    0.357658] pps_core: Software ver. 5.3.6 - Copyright 2005-2007 Rodolfo Giometti <giometti@linux.it>
[    0.358550] PTP clock support registered
[    0.359460] EDAC MC: Ver: 3.0.0
[    0.360243] NetLabel: Initializing
[    0.360612] NetLabel:  domain hash size = 128
[    0.361034] NetLabel:  protocols = UNLABELED CIPSOv4 CALIPSO
[    0.363455] NetLabel:  unlabeled traffic allowed by default
[    0.364082] PCI: Using ACPI for IRQ routing
[    0.364082] hpet0: at MMIO 0xfed00000, IRQs 2, 8, 0
[    0.364317] hpet0: 3 comparators, 64-bit 100.000000 MHz counter
[    0.371405] clocksource: Switched to clocksource kvm-clock
[    0.458812] VFS: Disk quotas dquot_6.6.0
[    0.459253] VFS: Dquot-cache hash table entries: 512 (order 0, 4096 bytes)
[    0.460120] pnp: PnP ACPI init
[    0.461987] pnp: PnP ACPI: found 6 devices
[    0.471763] clocksource: acpi_pm: mask: 0xffffff max_cycles: 0xffffff, max_idle_ns: 2085701024 ns
[    0.472921] NET: Registered protocol family 2
[    2.372656] tcp_listen_portaddr_hash hash table entries: 1024 (order: 4, 81920 bytes, linear)
[    2.373750] TCP established hash table entries: 16384 (order: 5, 131072 bytes, linear)
[    2.374810] TCP bind hash table entries: 16384 (order: 8, 1179648 bytes, linear)
[    2.377066] TCP: Hash tables configured (established 16384 bind 16384)
[    2.377785] UDP hash table entries: 1024 (order: 5, 163840 bytes, linear)
[    2.378471] UDP-Lite hash table entries: 1024 (order: 5, 163840 bytes, linear)
[    2.379300] NET: Registered protocol family 1
[    2.380413] RPC: Registered named UNIX socket transport module.
[    2.380936] RPC: Registered udp transport module.
[    2.381331] RPC: Registered tcp transport module.
[    2.381727] RPC: Registered tcp NFSv4.1 backchannel transport module.
[    2.382289] pci_bus 0000:00: resource 4 [io  0x0000-0x0cf7 window]
[    2.382817] pci_bus 0000:00: resource 5 [io  0x0d00-0xffff window]
[    2.383347] pci_bus 0000:00: resource 6 [mem 0x000a0000-0x000bffff window]
[    2.383968] pci_bus 0000:00: resource 7 [mem 0x80000000-0xfebfffff window]
[    2.384557] pci_bus 0000:00: resource 8 [mem 0x100000000-0x17fffffff window]
[    2.385378] pci 0000:00:01.0: PIIX3: Enabling Passive Release
[    2.385891] pci 0000:00:00.0: Limiting direct PCI/PCI transfers
[    2.386431] pci 0000:00:01.0: Activating ISA DMA hang workarounds
[    2.387050] pci 0000:00:02.0: Video device with shadowed ROM at [mem 0x000c0000-0x000dffff]
[    2.387820] PCI: CLS 0 bytes, default 64
[    2.388645] clocksource: tsc: mask: 0xffffffffffffffff max_cycles: 0x363e8c91135, max_idle_ns: 881590568389 ns
[    2.390819] check: Scanning for low memory corruption every 60 seconds
[    2.395448] Initialise system trusted keyrings
[    2.395942] Key type blacklist registered
[    2.396700] workingset: timestamp_bits=36 max_order=19 bucket_order=0
[    2.407807] zbud: loaded
[    2.410498] squashfs: version 4.0 (2009/01/31) Phillip Lougher
[    2.412657] NFS: Registering the id_resolver key type
[    2.413112] Key type id_resolver registered
[    2.413451] Key type id_legacy registered
[    2.413862] nfs4filelayout_init: NFSv4 File Layout Driver Registering...
[    2.414580] fuse: init (API version 7.33)
[    2.415189] SGI XFS with ACLs, security attributes, realtime, quota, no debug enabled
[    2.416937] 9p: Installing v9fs 9p2000 file system support
[    2.423476] Key type asymmetric registered
[    2.423870] Asymmetric key parser 'x509' registered
[    2.424317] Block layer SCSI generic (bsg) driver version 0.4 loaded (major 244)
[    2.425238] io scheduler mq-deadline registered
[    2.425768] io scheduler bfq registered
[    2.426490] shpchp: Standard Hot Plug PCI Controller Driver version: 0.4
[    2.427380] IPMI message handler: version 39.2
[    2.427849] ipmi device interface
[    2.429378] input: Power Button as /devices/LNXSYSTM:00/LNXPWRBN:00/input/input0
[    2.430345] ACPI: Power Button [PWRF]
[    2.431676] ERST DBG: ERST support is disabled.
[    2.432779] Serial: 8250/16550 driver, 32 ports, IRQ sharing enabled
[    2.433964] 00:04: ttyS0 at I/O 0x3f8 (irq = 4, base_baud = 115200) is a 16550A
[    2.442973] Linux agpgart interface v0.103
[    2.454810] brd: module loaded
[    2.463589] loop: module loaded
[    2.468066] scsi host0: ata_piix
[    2.469109] scsi host1: ata_piix
[    2.469545] ata1: PATA max MWDMA2 cmd 0x1f0 ctl 0x3f6 bmdma 0xc040 irq 14
[    2.470147] ata2: PATA max MWDMA2 cmd 0x170 ctl 0x376 bmdma 0xc048 irq 15
[    2.471928] libphy: Fixed MDIO Bus: probed
[    2.472557] tun: Universal TUN/TAP device driver, 1.6
[    2.473385] e100: Intel(R) PRO/100 Network Driver
[    2.473845] e100: Copyright(c) 1999-2006 Intel Corporation
[    2.474413] e1000: Intel(R) PRO/1000 Network Driver
[    2.474890] e1000: Copyright (c) 1999-2006 Intel Corporation.
[    2.628476] ata1.00: ATA-7: QEMU HARDDISK, 2.5+, max UDMA/100
[    2.629130] ata1.00: 17196647 sectors, multi 16: LBA48 
[    2.629824] ata2.00: ATAPI: QEMU DVD-ROM, 2.5+, max UDMA/100
[    2.631865] scsi 0:0:0:0: Direct-Access     ATA      QEMU HARDDISK    2.5+ PQ: 0 ANSI: 5
[    2.633474] scsi 0:0:0:0: Attached scsi generic sg0 type 0
[    2.634998] scsi 1:0:0:0: CD-ROM            QEMU     QEMU DVD-ROM     2.5+ PQ: 0 ANSI: 5
[    2.636679] scsi 1:0:0:0: Attached scsi generic sg1 type 5
[    2.637500] sd 0:0:0:0: [sda] 17196647 512-byte logical blocks: (8.80 GB/8.20 GiB)
[    2.638280] sd 0:0:0:0: [sda] Write Protect is off
[    2.638806] sd 0:0:0:0: [sda] Write cache: enabled, read cache: enabled, doesn't support DPO or FUA
[    2.639938] PCI Interrupt Link [LNKC] enabled at IRQ 11
[    2.644550] sd 0:0:0:0: [sda] Attached SCSI disk
[    2.966429] e1000 0000:00:03.0 eth0: (PCI:33MHz:32-bit) 52:54:00:12:34:56
[    2.967080] e1000 0000:00:03.0 eth0: Intel(R) PRO/1000 Network Connection
[    2.967804] e1000e: Intel(R) PRO/1000 Network Driver
[    2.968242] e1000e: Copyright(c) 1999 - 2015 Intel Corporation.
[    2.968832] igb: Intel(R) Gigabit Ethernet Network Driver
[    2.969318] igb: Copyright (c) 2007-2014 Intel Corporation.
[    2.969924] PPP generic driver version 2.4.2
[    2.971134] VFIO - User Level meta-driver version: 0.3
[    2.971767] ehci_hcd: USB 2.0 'Enhanced' Host Controller (EHCI) Driver
[    2.972403] ehci-pci: EHCI PCI platform driver
[    2.972863] ehci-platform: EHCI generic platform driver
[    2.973390] ohci_hcd: USB 1.1 'Open' Host Controller (OHCI) Driver
[    2.974018] ohci-pci: OHCI PCI platform driver
[    2.974476] ohci-platform: OHCI generic platform driver
[    2.974994] uhci_hcd: USB Universal Host Controller Interface driver
[    2.976166] usbcore: registered new interface driver uas
[    2.976787] usbcore: registered new interface driver usb-storage
[    2.977485] i8042: PNP: PS/2 Controller [PNP0303:KBD,PNP0f13:MOU] at 0x60,0x64 irq 1,12
[    2.979187] serio: i8042 KBD port at 0x60,0x64 irq 1
[    2.979758] serio: i8042 AUX port at 0x60,0x64 irq 12
[    2.981347] mousedev: PS/2 mouse device common for all mice
[    2.982887] input: AT Translated Set 2 keyboard as /devices/platform/i8042/serio0/input/input1
[    2.983811] rtc_cmos 00:05: RTC can wake from S4
[    2.985631] rtc_cmos 00:05: registered as rtc0
[    2.985810] input: VirtualPS/2 VMware VMMouse as /devices/platform/i8042/serio1/input/input4
[    2.987027] rtc_cmos 00:05: setting system clock to 2023-12-11T19:56:21 UTC (1702324581)
[    2.988088] rtc_cmos 00:05: alarms up to one day, y3k, 242 bytes nvram, hpet irqs
[    2.988867] i2c /dev entries driver
[    2.989543] device-mapper: uevent: version 1.0.3
[    2.989685] input: VirtualPS/2 VMware VMMouse as /devices/platform/i8042/serio1/input/input3
[    2.990218] device-mapper: ioctl: 4.43.0-ioctl (2020-10-01) initialised: dm-devel@redhat.com
[    2.991663] intel_pstate: CPU model not supported
[    2.992271] sdhci: Secure Digital Host Controller Interface driver
[    2.992863] sdhci: Copyright(c) Pierre Ossman
[    2.993367] sdhci-pltfm: SDHCI platform and OF driver helper
[    2.994166] ledtrig-cpu: registered to indicate activity on CPUs
[    2.994979] drop_monitor: Initializing network drop monitor service
[    2.996322] NET: Registered protocol family 10
[    3.001331] Segment Routing with IPv6
[    3.001781] NET: Registered protocol family 17
[    3.002506] 9pnet: Installing 9P2000 support
[    3.003021] Key type dns_resolver registered
[    3.004213] IPI shorthand broadcast: enabled
[    3.004677] sched_clock: Marking stable (2992079231, 11914630)->(3010503322, -6509461)
[    3.005694] registered taskstats version 1
[    3.006140] Loading compiled-in X.509 certificates
[    3.006797] zswap: loaded using pool lzo/zbud
[    3.007890] Key type ._fscrypt registered
[    3.008326] Key type .fscrypt registered
[    3.008716] Key type fscrypt-provisioning registered
[    3.010036] Key type encrypted registered
[    3.010485] ima: No TPM chip found, activating TPM-bypass!
[    3.011026] ima: Allocated hash algorithm: sha1
[    3.011561] ima: No architecture policies found
[    3.012066] evm: Initialising EVM extended attributes:
[    3.012555] evm: security.selinux
[    3.012876] evm: security.SMACK64
[    3.013206] evm: security.SMACK64EXEC
[    3.013560] evm: security.SMACK64TRANSMUTE
[    3.013955] evm: security.SMACK64MMAP
[    3.014311] evm: security.apparmor
[    3.014641] evm: security.ima
[    3.014930] evm: security.capability
[    3.015274] evm: HMAC attrs: 0x1
[    3.017982] PM:   Magic number: 3:770:950
[    3.018468] tty tty7: hash matches
[    3.018887] memory memory3: hash matches
[    3.019866] RAS: Correctable Errors collector initialized.
[    3.021379] md: Waiting for all devices to be available before autodetect
[    3.022040] md: If you don't use raid, use raid=noautodetect
[    3.022583] md: Autodetecting RAID arrays.
[    3.022989] md: autorun ...
[    3.023261] md: ... autorun DONE.
[    3.045577] EXT4-fs (sda): mounted filesystem with ordered data mode. Opts: (null). Quota mode: none.
[    3.046427] VFS: Mounted root (ext4 filesystem) readonly on device 8:0.
[    3.048552] devtmpfs: mounted
[    3.055532] Freeing unused decrypted memory: 2036K
[    3.057195] Freeing unused kernel image (initmem) memory: 2980K
[    3.057704] Write protecting the kernel read-only data: 40960k
[    3.061009] Freeing unused kernel image (text/rodata gap) memory: 2028K
[    3.062257] Freeing unused kernel image (rodata/data gap) memory: 748K
[    3.144795] x86/mm: Checked W+X mappings: passed, no W+X pages found.
[    3.145471] Run /sbin/init as init process
[    3.265246] random: fast init done
[    3.280596] systemd[1]: systemd 252-15.el9 running in system mode (+PAM +AUDIT +SELINUX -APPARMOR +IMA +SMACK +SECCOMP +GCRYPT +GNUTLS +OPENSSL +ACL +BLKID +CURL +ELFUTILS -FIDO2 +IDN2 -IDN -IPTC +KMOD +LIBCRYPTSETUP +LIBFDISK +PCRE2 -PWQUALITY +P11KIT -QRENCODE +TPM2 +BZIP2 +LZ4 +XZ +ZLIB +ZSTD -BPF_FRAMEWORK +XKBCOMMON +UTMP +SYSVINIT default-hierarchy=unified)
[    3.283647] systemd[1]: Detected virtualization kvm.
[    3.284060] systemd[1]: Detected architecture x86-64.

Welcome to [0;31mCentOS Stream 9[0m!

[    3.288098] systemd[1]: Hostname set to <test>.
[    3.391911] systemd-rc-local-generator[154]: /etc/rc.d/rc.local is not marked executable, skipping.
[    3.678639] systemd[1]: Queued start job for default target Multi-User System.
[    3.682525] systemd[1]: Created slice Virtual Machine and Container Slice.
[[0;32m  OK  [0m] Created slice [0;1;39mVirtual Machine and Container Slice[0m.
[    3.687252] systemd[1]: Created slice Slice /system/getty.
[[0;32m  OK  [0m] Created slice [0;1;39mSlice /system/getty[0m.
[    3.689796] systemd[1]: Created slice Slice /system/modprobe.
[[0;32m  OK  [0m] Created slice [0;1;39mSlice /system/modprobe[0m.
[    3.692062] systemd[1]: Created slice Slice /system/serial-getty.
[[0;32m  OK  [0m] Created slice [0;1;39mSlice /system/serial-getty[0m.
[    3.694345] systemd[1]: Created slice Slice /system/sshd-keygen.
[[0;32m  OK  [0m] Created slice [0;1;39mSlice /system/sshd-keygen[0m.
[    3.697233] systemd[1]: Created slice User and Session Slice.
[[0;32m  OK  [0m] Created slice [0;1;39mUser and Session Slice[0m.
[    3.698780] systemd[1]: Started Forward Password Requests to Wall Directory Watch.
[[0;32m  OK  [0m] Started [0;1;39mForward Password R…uests to Wall Directory Watch[0m.
[    3.701123] systemd[1]: Set up automount Arbitrary Executable File Formats File System Automount Point.
[[0;32m  OK  [0m] Set up automount [0;1;39mArbitrary…s File System Automount Point[0m.
[    3.702956] systemd[1]: Reached target Local Integrity Protected Volumes.
[[0;32m  OK  [0m] Reached target [0;1;39mLocal Integrity Protected Volumes[0m.
[    3.704490] systemd[1]: Reached target Slice Units.
[[0;32m  OK  [0m] Reached target [0;1;39mSlice Units[0m.
[    3.705607] systemd[1]: Reached target Swaps.
[[0;32m  OK  [0m] Reached target [0;1;39mSwaps[0m.
[    3.706610] systemd[1]: Reached target Local Verity Protected Volumes.
[[0;32m  OK  [0m] Reached target [0;1;39mLocal Verity Protected Volumes[0m.
[    3.708401] systemd[1]: Listening on Device-mapper event daemon FIFOs.
[[0;32m  OK  [0m] Listening on [0;1;39mDevice-mapper event daemon FIFOs[0m.
[    3.710342] systemd[1]: Listening on LVM2 poll daemon socket.
[[0;32m  OK  [0m] Listening on [0;1;39mLVM2 poll daemon socket[0m.
[    3.711824] systemd[1]: multipathd control socket was skipped because of an unmet condition check (ConditionPathExists=/etc/multipath.conf).
[    3.730083] systemd[1]: Listening on RPCbind Server Activation Socket.
[[0;32m  OK  [0m] Listening on [0;1;39mRPCbind Server Activation Socket[0m.
[    3.731743] systemd[1]: Reached target RPC Port Mapper.
[[0;32m  OK  [0m] Reached target [0;1;39mRPC Port Mapper[0m.
[    3.734847] systemd[1]: Listening on Process Core Dump Socket.
[[0;32m  OK  [0m] Listening on [0;1;39mProcess Core Dump Socket[0m.
[    3.736253] systemd[1]: Listening on initctl Compatibility Named Pipe.
[[0;32m  OK  [0m] Listening on [0;1;39minitctl Compatibility Named Pipe[0m.
[    3.737640] systemd[1]: Listening on Journal Socket (/dev/log).
[[0;32m  OK  [0m] Listening on [0;1;39mJournal Socket (/dev/log)[0m.
[    3.738961] systemd[1]: Listening on Journal Socket.
[[0;32m  OK  [0m] Listening on [0;1;39mJournal Socket[0m.
[    3.740268] systemd[1]: Listening on udev Control Socket.
[[0;32m  OK  [0m] Listening on [0;1;39mudev Control Socket[0m.
[    3.741452] systemd[1]: Listening on udev Kernel Socket.
[[0;32m  OK  [0m] Listening on [0;1;39mudev Kernel Socket[0m.
[    3.745214] systemd[1]: Mounting Huge Pages File System...
         Mounting [0;1;39mHuge Pages File System[0m...
[    3.748952] systemd[1]: Mounting POSIX Message Queue File System...
         Mounting [0;1;39mPOSIX Message Queue File System[0m...
[    3.752542] systemd[1]: Mounting Kernel Debug File System...
         Mounting [0;1;39mKernel Debug File System[0m...
[    3.756011] systemd[1]: Mounting Kernel Trace File System...
         Mounting [0;1;39mKernel Trace File System[0m...
[    3.757157] systemd[1]: Kernel Module supporting RPCSEC_GSS was skipped because of an unmet condition check (ConditionPathExists=/etc/krb5.keytab).
[    3.758289] systemd[1]: Create List of Static Device Nodes was skipped because of an unmet condition check (ConditionFileNotEmpty=/lib/modules/5.11.0-f40ddce88593/modules.devname).
[    3.765647] systemd[1]: Starting Monitoring of LVM2 mirrors, snapshots etc. using dmeventd or progress polling...
         Starting [0;1;39mMonitoring of LVM…meventd or progress polling[0m...
[    3.769981] systemd[1]: Starting Load Kernel Module configfs...
         Starting [0;1;39mLoad Kernel Module configfs[0m...
[    3.778061] systemd[1]: Starting Load Kernel Module drm...
         Starting [0;1;39mLoad Kernel Module drm[0m...
[    3.782219] systemd[1]: Starting Load Kernel Module fuse...
         Starting [0;1;39mLoad Kernel Module fuse[0m...
[    3.793141] systemd[1]: Starting Read and set NIS domainname from /etc/sysconfig/network...
         Starting [0;1;39mRead and set NIS …from /etc/sysconfig/network[0m...
[    3.802793] systemd[1]: Starting Journal Service...
         Startin[    3.803661] random: lvm: uninitialized urandom read (4 bytes read)
g [0;1;39mJournal Service[0m...
[    3.819700] systemd[1]: Starting Load Kernel Modules...
         Starting [0;1;39mLoad Kernel Modules[0m...
[    3.829979] systemd[1]: Starting Generate network units from Kernel command line...
         Starting [0;1;39mGenerate network …ts from Kernel command line[0m...
[    3.837829] systemd[1]: Starting Remount Root and Kernel File Systems...
         Starting [0;1;39mRemount Root and Kernel File Systems[0m...
[    3.843704] systemd[1]: Repartition Root Disk was skipped because no trigger condition checks were met.
[    3.854502] systemd[1]: Starting Coldplug All udev Devices...
         Starting [0;1;39mColdplug All udev Devices[0m...
[    3.860756] EXT4-fs (sda): re-mounted. Opts: (null). Quota mode: none.
[    3.873462] systemd[1]: Mounted Huge Pages File System.
[[0;32m  OK  [0m] Mounted [0;1;39mHuge Pages File System[0m.
[    3.875299] systemd[1]: Mounted POSIX Message Queue File System.
[[0;32m  OK  [0m] Mounted [0;1;39mPOSIX Message Queue File System[0m.
[    3.877089] systemd[1]: Mounted Kernel Debug File System.
[[0;32m  OK  [0m] Mounted [0;1;39mKernel Debug File System[0m.
[    3.878529] systemd[1]: Mounted Kernel Trace File System.
[[0;32m  OK  [0m] Mounted [0;1;39mKernel Trace File System[0m.
[    3.880987] systemd[1]: modprobe@configfs.service: Deactivated successfully.
[    3.882802] systemd[1]: Finished Load Kernel Module configfs.
[[0;32m  OK  [0m] Finished [0;1;39mLoad Kernel Module configfs[0m.
[    3.886160] systemd[1]: modprobe@drm.service: Deactivated successfully.
[    3.887327] systemd[1]: Finished Load Kernel Module drm.
[[0;32m  OK  [0m] Finished [0;1;39mLoad Kernel Module drm[0m.
[    3.889368] systemd[1]: Finished Monitoring of LVM2 mirrors, snapshots etc. using dmeventd or progress polling.
[[0;32m  OK  [0m] Finished [0;1;39mMonitoring of LVM… dmeventd or progress polling[0m.
[    3.891958] systemd[1]: modprobe@fuse.service: Deactivated successfully.
[    3.893063] systemd[1]: Finished Load Kernel Module fuse.
[[0;32m  OK  [0m] Finished [0;1;39mLoad Kernel Module fuse[0m.
[    3.894951] systemd[1]: Finished Read and set NIS domainname from /etc/sysconfig/network.
[[0;32m  OK  [0m] Finished [0;1;39mRead and set NIS …e from /etc/sysconfig/network[0m.
[    3.897469] systemd[1]: systemd-modules-load.service: Main process exited, code=exited, status=1/FAILURE
[    3.898807] systemd[1]: systemd-modules-load.service: Failed with result 'exit-code'.
[    3.900072] systemd[1]: Failed to start Load Kernel Modules.
[[0;1;31mFAILED[0m] Failed to start [0;1;39mLoad Kernel Modules[0m.
See 'systemctl status systemd-modules-load.service' for details.
[    3.902684] systemd[1]: Finished Generate network units from Kernel command line.
[[0;32m  OK  [0m] Finished [0;1;39mGenerate network units from Kernel command line[0m.
[    3.905108] systemd[1]: Finished Remount Root and Kernel File Systems.
[[0;32m  OK  [0m] Finished [0;1;39mRemount Root and Kernel File Systems[0m.
[    3.907187] systemd[1]: Reached target Preparation for Network.
[[0;32m  OK  [0m] Reached target [0;1;39mPreparation for Network[0m.
[    3.912280] systemd[1]: Mounting FUSE Control File System...
         Mounting [0;1;39mFUSE Control File System[0m...
[    3.916790] systemd[1]: Mounting Kernel Configuration File System...
         Mounting [0;1;39mKernel Configuration File System[0m...
[    3.918267] systemd[1]: Special handling of early boot iSCSI sessions was skipped because of an unmet condition check (ConditionDirectoryNotEmpty=/sys/class/iscsi_session).
[    3.926127] systemd[1]: First Boot Wizard was skipped because of an unmet condition check (ConditionFirstBoot=yes).
[    3.932966] systemd[1]: Rebuild Hardware Database was skipped because of an unmet condition check (ConditionNeedsUpdate=/etc).
[    3.936565] systemd[1]: Starting Load/Save Random Seed...
         Starting [0;1;39mLoad/Save Random Seed[0m...
[    3.941228] systemd[1]: Starting Apply Kernel Variables...
         Starting [0;1;39mApply Kernel Variables[0m...
[    3.944286] systemd[1]: Create System Users was skipped because no trigger condition checks were met.
[    3.959043] systemd[1]: Starting Create Static Device Nodes in /dev...
         Starting [0;1;39mCreate Static Device Nodes in /dev[0m...
[    3.998510] systemd[1]: Starting Setup Virtual Console...
         Starting [0;1;39mSetup Virtual Console[0m...
[    4.002643] systemd[1]: Started Journal Service.
[[0;32m  OK  [0m] Started [0;1;39mJournal Service[0m.
[[0;32m  OK  [0m] Mounted [0;1;39mFUSE Control File System[0m.
[[0;32m  OK  [0m] Mounted [0;1;39mKernel Configuration File System[0m.
         Starting [0;1;39mFlush Journal to Persistent Storage[0m...
[    4.031777] systemd-journald[181]: Received client request to flush runtime journal.
[[0;32m  OK  [0m] Finished [0;1;39mFlush Journal to Persistent Storage[0m.
[[0;32m  OK  [0m] Finished [0;1;39mCreate Static Device Nodes in /dev[0m.
         Starting [0;1;39mRule-based Manage…for Device Events and Files[0m...
[[0;32m  OK  [0m] Finished [0;1;39mApply Kernel Variables[0m.
[[0;32m  OK  [0m] Started [0;1;39mRule-based Manager for Device Events and Files[0m.
         Starting [0;1;39mAuto-connect to s…E devices found during boot[0m...
[[0;32m  OK  [0m] Finished [0;1;39mAuto-connect to s…VME devices found during boot[0m.
[[0;32m  OK  [0m] Finished [0;1;39mColdplug All udev Devices[0m.
         Starting [0;1;39mWait for udev To …plete Device Initialization[0m...
[[0;32m  OK  [0m] Finished [0;1;39mSetup Virtual Console[0m.
[[0;32m  OK  [0m] Started [0;1;39mDispatch Password …ts to Console Directory Watch[0m.
[[0;32m  OK  [0m] Reached target [0;1;39mLocal Encrypted Volumes[0m.
[[0;32m  OK  [0m] Reached target [0;1;39mPath Units[0m.
[[0;32m  OK  [0m] Found device [0;1;39m/dev/ttyS0[0m.
[[0;32m  OK  [0m] Listening on [0;1;39mLoad/Save RF …itch Status /dev/rfkill Watch[0m.
[[0;32m  OK  [0m] Finished [0;1;39mWait for udev To Complete Device Initialization[0m.
[[0;32m  OK  [0m] Reached target [0;1;39mPreparation for Local File Systems[0m.
[[0;32m  OK  [0m] Reached target [0;1;39mLocal File Systems[0m.
         Starting [0;1;39mTell Plymouth To Write Out Runtime Data[0m...
         Starting [0;1;39mAutomatic Boot Loader Update[0m...
         Starting [0;1;39mCreate Volatile Files and Directories[0m...
[[0;32m  OK  [[    5.602196] random: crng init done
0m] Finished [0;1;39mTell Plymouth To Write Out Runtime Data[0m.
[[0;32m  OK  [0m] Finished [0;1;39mLoad/Save Random Seed[0m.
[[0;32m  OK  [0m] Finished [0;1;39mAutomatic Boot Loader Update[0m.
[[0;32m  OK  [0m] Finished [0;1;39mCreate Volatile Files and Directories[0m.
         Mounting [0;1;39mRPC Pipe File System[0m...
         Starting [0;1;39mSecurity Auditing Service[0m...
         Starting [0;1;39mRPC Bind[0m...
[[0;32m  OK  [0m] Mounted [0;1;39mRPC Pipe File System[0m.
[[0;32m  OK  [0m] Reached target [0;1;39mrpc_pipefs.target[0m.
[[0;32m  OK  [0m] Started [0;1;39mRPC Bind[0m.
[[0;32m  OK  [0m] Started [0;1;39mSecurity Auditing Service[0m.
         Starting [0;1;39mRecord System Boot/Shutdown in UTMP[0m...
[[0;32m  OK  [0m] Finished [0;1;39mRecord System Boot/Shutdown in UTMP[0m.
[[0;32m  OK  [0m] Reached target [0;1;39mSystem Initialization[0m.
[[0;32m  OK  [0m] Started [0;1;39mDaily rotation of log files[0m.
[[0;32m  OK  [0m] Started [0;1;39mUpdates mlocate database every day[0m.
[[0;32m  OK  [0m] Started [0;1;39mDaily Cleanup of Temporary Directories[0m.
[[0;32m  OK  [0m] Started [0;1;39mdaily update of the root trust anchor for DNSSEC[0m.
[[0;32m  OK  [0m] Reached target [0;1;39mTimer Units[0m.
[[0;32m  OK  [0m] Listening on [0;1;39mD-Bus System Message Bus Socket[0m.
[[0;32m  OK  [0m] Listening on [0;1;39mOpen-iSCSI iscsid Socket[0m.
[[0;32m  OK  [0m] Listening on [0;1;39mOpen-iSCSI iscsiuio Socket[0m.
[[0;32m  OK  [0m] Listening on [0;1;39mSSSD Kerberos…ache Manager responder socket[0m.
[[0;32m  OK  [0m] Listening on [0;1;39mLibvirt interface local socket[0m.
[[0;32m  OK  [0m] Listening on [0;1;39mVirtual machine lock manager socket[0m.
[[0;32m  OK  [0m] Listening on [0;1;39mVirtual machine log manager socket[0m.
[[0;32m  OK  [0m] Listening on [0;1;39mLibvirt network local socket[0m.
[[0;32m  OK  [0m] Listening on [0;1;39mLibvirt nodedev local socket[0m.
[[0;32m  OK  [0m] Listening on [0;1;39mLibvirt nwfilter local socket[0m.
[[0;32m  OK  [0m] Listening on [0;1;39mLibvirt proxy local socket[0m.
[[0;32m  OK  [0m] Listening on [0;1;39mLibvirt qemu local socket[0m.
[[0;32m  OK  [0m] Listening on [0;1;39mLibvirt qemu admin socket[0m.
[[0;32m  OK  [0m] Listening on [0;1;39mLibvirt qemu local read-only socket[0m.
[[0;32m  OK  [0m] Listening on [0;1;39mLibvirt secret local socket[0m.
[[0;32m  OK  [0m] Listening on [0;1;39mLibvirt storage local socket[0m.
[[0;32m  OK  [0m] Reached target [0;1;39mSocket Units[0m.
         Starting [0;1;39mD-Bus System Message Bus[0m...
[[0;32m  OK  [0m] Started [0;1;39mD-Bus System Message Bus[0m.
[[0;32m  OK  [0m] Reached target [0;1;39mBasic System[0m.
         Starting [0;1;39mNetwork Manager[0m...
         Starting [0;1;39mNTP client/server[0m...
         Starting [0;1;39mRestore /run/initramfs on shutdown[0m...
[[0;32m  OK  [0m] Started [0;1;39mirqbalance daemon[0m.
[[0;32m  OK  [0m] Started [0;1;39mlibstoragemgmt plug-in server daemon[0m.
[[0;32m  OK  [0m] Started [0;1;39mMachine Check Exception Logging Daemon[0m.
[[0;32m  OK  [0m] Reached target [0;1;39msshd-keygen.target[0m.
[[0;32m  OK  [0m] Reached target [0;1;39mUser and Group Name Lookups[0m.
         Starting [0;1;39mUser Login Management[0m...
         Starting [0;1;39mVirtual Machine a…tainer Registration Service[0m...
         Starting [0;1;39mupdate of the roo…NSSEC validation in unbound[0m...
         Starting [0;1;39mRotate log files[0m...
[[0;32m  OK  [0m] Started [0;1;39mUpdate a database for mlocate[0m.
[[0;32m  OK  [0m] Finished [0;1;39mRestore /run/initramfs on shutdown[0m.
[[0;32m  OK  [0m] Started [0;1;39mVirtual Machine an…ontainer Registration Service[0m.
[[0;32m  OK  [0m] Finished [0;1;39mupdate of the roo… DNSSEC validation in unbound[0m.
         Starting [0;1;39mHostname Service[0m...
[[0;32m  OK  [0m] Started [0;1;39mNTP client/server[0m.
[[0;32m  OK  [0m] Started [0;1;39mUser Login Management[0m.
[[0;32m  OK  [0m] Finished [0;1;39mRotate log files[0m.
[[0;32m  OK  [0m] Started [0;1;39mHostname Service[0m.
         Starting [0;1;39mNetwork Manager Script Dispatcher Service[0m...
[[0;32m  OK  [0m] Started [0;1;39mNetwork Manager Script Dispatcher Service[0m.
[[0;32m  OK  [0m] Started [0;1;39mNetwork Manager[0m.
[    6.612382] e1000: eth0 NIC Link is Up 1000 Mbps Full Duplex, Flow Control: RX
[[0;32m  OK  [[    6.613529] IPv6: ADDRCONF(NETDEV_CHANGE): eth0: link becomes ready
0m] Reached target [0;1;39mNetwork[0m.
[[0;32m  OK  [0m] Reached target [0;1;39mNetwork is Online[0m.
         Starting [0;1;39mGSSAPI Proxy Daemon[0m...
         Starting [0;1;39mNotify NFS peers of a restart[0m...
         Starting [0;1;39mSystem Logging Service[0m...
         Starting [0;1;39mOpenSSH server daemon[0m...
         Starting [0;1;39mDynamic System Tuning Daemon[0m...
[[0;32m  OK  [0m] Started [0;1;39mGSSAPI Proxy Daemon[0m.
[[0;32m  OK  [0m] Started [0;1;39mNotify NFS peers of a restart[0m.
[[0;32m  OK  [0m] Reached target [0;1;39mNFS client services[0m.
[[0;32m  OK  [0m] Reached target [0;1;39mPreparation for Remote File Systems[0m.
[[0;32m  OK  [0m] Reached target [0;1;39mRemote File Systems[0m.
         Starting [0;1;39mPermit User Sessions[0m...
         Starting [0;1;39mVirtualization qemu daemon[0m...
[[0;32m  OK  [0m] Started [0;1;39mOpenSSH server daemon[0m.
[[0;32m  OK  [0m] Finished [0;1;39mPermit User Sessions[0m.
[[0;32m  OK  [0m] Started [0;1;39mDeferred execution scheduler[0m.
[[0;32m  OK  [0m] Started [0;1;39mCommand Scheduler[0m.
         Starting [0;1;39mHold until boot process finishes up[0m...
         Starting [0;1;39mTerminate Plymouth Boot Screen[0m...
[[0;32m  OK  [0m] Finished [0;1;39mHold until boot process finishes up[0m.
[[0;32m  OK  [0m] Started [0;1;39mVirtualization qemu daemon[0m.
[[0;32m  OK  [0m] Started [0;1;39mGetty on tty1[0m.
[[0;32m  OK  [0m] Started [0;1;39mSerial Getty on ttyS0[0m.
[[0;32m  OK  [0m] Reached target [0;1;39mLogin Prompts[0m.
[[0;32m  OK  [0m] Finished [0;1;39mTerminate Plymouth Boot Screen[0m.
[[0;32m  OK  [0m] Started [0;1;39mSystem Logging Service[0m.
         Starting [0;1;39mAuthorization Manager[0m...
[[0;32m  OK  [0m] Started [0;1;39mAuthorization Manager[0m.
[[0;32m  OK  [0m] Started [0;1;39mDynamic System Tuning Daemon[0m.
[[0;32m  OK  [0m] Reached target [0;1;39mMulti-User System[0m.
         Starting [0;1;39mRecord Runlevel Change in UTMP[0m...
[[0;32m  OK  [0m] Finished [0;1;39mRecord Runlevel Change in UTMP[0m.

CentOS Stream 9
Kernel 5.11.0-f40ddce88593 on an x86_64

Activate the web console with: systemctl enable --now cockpit.socket

test login: 