|1203_101809|cmd=cd /home/code/os.linux.intelnext.kernel|
|1203_101809|git log v5.11 check_result:commit f40ddce88593482919761f74910f42f4b84c004b|
|1203_101809|git log v5.0 check_result:commit 1c163f4c7b3f621efff9b28a47abb36f7378d783|
|1203_101809|There was old bisect log:git bisect start
# status: waiting for both good and bad commits
# bad: [f40ddce88593482919761f74910f42f4b84c004b] Linux 5.11
git bisect bad f40ddce88593482919761f74910f42f4b84c004b
# status: waiting for good commit(s), bad commit known
# good: [1c163f4c7b3f621efff9b28a47abb36f7378d783] Linux 5.0
git bisect good 1c163f4c7b3f621efff9b28a47abb36f7378d783
# good: [4fc2ea6a8608d9a649eff5e3c2ee477eb70f0fb6] Merge tag 'iommu-updates-v5.6' of git://git.kernel.org/pub/scm/linux/kernel/git/joro/iommu
git bisect good 4fc2ea6a8608d9a649eff5e3c2ee477eb70f0fb6
# bad: [8186749621ed6b8fc42644c399e8c755a2b6f630] Merge tag 'drm-next-2020-08-06' of git://anongit.freedesktop.org/drm/drm
git bisect bad 8186749621ed6b8fc42644c399e8c755a2b6f630
# bad: [da4e15e31bae16d3a57c9eabe90eb2ab0e40f1a7] Merge branch 'hns3-next'
git bisect bad da4e15e31bae16d3a57c9eabe90eb2ab0e40f1a7
# skip: [4646de87d32526ee87b46c2e0130413367fb5362] Merge tag 'mailbox-v5.7' of git://git.linaro.org/landing-teams/working/fujitsu/integration
git bisect skip 4646de87d32526ee87b46c2e0130413367fb5362
# skip: [23ab76bf90a66d45e557f238f8806d147fc3be5d] Revert "mm/rmap.c: reuse mergeable anon_vma as parent when fork"
git bisect skip 23ab76bf90a66d45e557f238f8806d147fc3be5d
# good: [08ddddda667b3b7aaac10641418283f78118c5cd] mm/hmm: check the device private page owner in hmm_range_fault()
git bisect good 08ddddda667b3b7aaac10641418283f78118c5cd
# skip: [7be97138e7276c71cc9ad1752dcb502d28f4400d] Merge tag 'xfs-5.7-merge-8' of git://git.kernel.org/pub/scm/fs/xfs/xfs-linux
git bisect skip 7be97138e7276c71cc9ad1752dcb502d28f4400d
# bad: [d59eb177c84f9572a6b51024c0b2611c3b5a27c5] ip6_mc_msfilter(): pass the address list separately
git bisect bad d59eb177c84f9572a6b51024c0b2611c3b5a27c5
# skip: [f365ab31efacb70bed1e821f7435626e0b2528a6] Merge tag 'drm-next-2020-04-01' of git://anongit.freedesktop.org/drm/drm
git bisect skip f365ab31efacb70bed1e821f7435626e0b2528a6
# good: [49397b801261160fb5f5d3f28536c792e72ecbb3] net/mlx5e: Fix actions_match_supported() return
git bisect good 49397b801261160fb5f5d3f28536c792e72ecbb3
# skip: [bc3b3f4bfbded031a11c4284106adddbfacd05bb] Merge tag 'pinctrl-v5.7-1' of git://git.kernel.org/pub/scm/linux/kernel/git/linusw/linux-pinctrl
git bisect skip bc3b3f4bfbded031a11c4284106adddbfacd05bb
# good: [add1a2faba5dc6320a1f6e2167530c9174feb718] staging: greybus: i2c.c: remove commented out function
git bisect good add1a2faba5dc6320a1f6e2167530c9174feb718
# skip: [848960e576dafc8ed54c691b2f70b92e1fdea9ba] Merge tag 'sound-5.7-rc1' of git://git.kernel.org/pub/scm/linux/kernel/git/tiwai/sound
git bisect skip 848960e576dafc8ed54c691b2f70b92e1fdea9ba
# good: [c312c7818b86b663d32ec5d4b512abf06b23899a] net: phy: mdio-bcm-unimac: Fix clock handling
git bisect good c312c7818b86b663d32ec5d4b512abf06b23899a
# skip: [943930e4729a64c11142a0370415663b39189996] perf tools: Synthesize bpf_trampoline/dispatcher ksymbol event
git bisect skip 943930e4729a64c11142a0370415663b39189996
# good: [d489cf9a3e88aafc6c9f55c36ff7bbca2c25d54a] atomic_open(): no need to pass struct open_flags anymore
git bisect good d489cf9a3e88aafc6c9f55c36ff7bbca2c25d54a
# good: [e3a19cdea84a42d44ef42ff8b5459c903992bbf2] xfs: embedded the attrlist cursor into struct xfs_attr_list_context
git bisect good e3a19cdea84a42d44ef42ff8b5459c903992bbf2
# skip: [0dc710353f630cace26db39d856800b17d3d2dda] dt-bindings: usb: renesas,usbhs: add r8a77961 support
git bisect skip 0dc710353f630cace26db39d856800b17d3d2dda
# good: [b215010fd3456bb1b5beb88f199cfd21aa1e7571] drm/amd/display: fix backwards byte order in rx_caps.
git bisect good b215010fd3456bb1b5beb88f199cfd21aa1e7571
# good: [83672db7d6c6510ceba9b2ac2d3999a609bb72f7] i2c: stm32f7: switch to I²C generic property parsing
git bisect good 83672db7d6c6510ceba9b2ac2d3999a609bb72f7
# good: [cd982e6c44a7265e1c7e92de4f696c3b3b376e93] spi: rspi: Factor out handling of common mode bits
git bisect good cd982e6c44a7265e1c7e92de4f696c3b3b376e93
# skip: [5c8db3eb381745c010ba746373a279e92502bdc8] Merge branch 'i2c/for-5.7' of git://git.kernel.org/pub/scm/linux/kernel/git/wsa/linux
git bisect skip 5c8db3eb381745c010ba746373a279e92502bdc8
# skip: [b4faef1739dd1f3b3981b8bf173a2266ea86b1eb] netfilter: nat: fix error handling upon registering inet hook
git bisect skip b4faef1739dd1f3b3981b8bf173a2266ea86b1eb, will clean it|
|1203_101809|cmd=git bisect reset|
|1203_101815|cmd=git checkout -f v5.11|
|1203_101815|cmd=cd /home/code/os.linux.intelnext.kernel|
|1203_101815|cmd=rm -rf /var/www/html//syzkaller/2023_12_03/image|
|1203_101815|cmd=mkdir -p /var/www/html//syzkaller/2023_12_03/image|
|1203_101815|cmd=cp -rf /root/image/kconfig_syzkaller /var/www/html/bzimage/1203_101808_blk_trace_ioctl/kconfig_origin|
|1203_101815|cmd=cp -rf /home/code/vm_bisect/repro.sh /var/www/html//syzkaller/2023_12_03/image|
|1203_101815|/root/image/repro is not .c or .cprog file|
|1203_101815|FAIL|/root/syzkaller/workdir/crashes/image/description does not exist!|
|1203_101815||/var/www/html/bzimage/bzImage_v5.11| exist, no need make|
|1203_101815|/root/image/disk-8c9660f6.raw_bak -> /root/image/disk-8c9660f6.raw|
|1203_101816|BOOT_VM:/root/image/start4.sh | /var/www/html/bzimage/bzImage_v5.11, /var/www/html/bzimage/1203_101808_blk_trace_ioctl/v5.11_dmesg.log, port:10024, 1 time|
|1203_101837|It takes 20 seconds to find login:syzkaller login: |
|1203_101837|Boot 1 time: takes 20 seconds to boot up.|
|1203_101837|cmd=scp -o 'StrictHostKeyChecking no' -P 10024 /home/code/vm_bisect/repro.sh root@localhost:/root/repro.sh|
|1203_101845|Not C file, ssh -o ConnectTimeout=1 -o 'StrictHostKeyChecking no' -p 10024 localhost 'rm -rf /root/repro.c' ret:0|
|1203_101845|cmd=scp -o 'StrictHostKeyChecking no' -P 10024 /var/www/html/bzimage/1203_101808_blk_trace_ioctl/repro root@localhost:/root/repro|
|1203_101846|ssh -o ConnectTimeout=5 -o 'StrictHostKeyChecking no' -p 10024 localhost 'chmod 755 /root/repro.sh'|
|1203_101846|ssh -o ConnectTimeout=5 -o 'StrictHostKeyChecking no' -p 10024 localhost '/root/repro.sh'|
|1203_101846|Repro in vm 1 times ok, VM_ERR_NUM:0 is 0|
|1203_101856|/var/www/html/bzimage/bzImage_v5.11 contained blk_trace_ioctl:[   33.448188][ T5452]  blk_trace_ioctl+0x16a/0x2b0, FAIL|
|1203_101856|/root/image/disk-8c9660f6.raw_bak -> /root/image/disk-8c9660f6.raw|
|1203_101857|Found time:33 in /var/www/html/bzimage/1203_101808_blk_trace_ioctl/v5.11_dmesg.log|
|1203_101857|Logic: |<=25: +25|25-100 +180|>100 +1800| Set TIME:213|
|1203_101857|-END- commit v5.11 FAIL bad|
|1203_101857|cmd=cd /home/code/os.linux.intelnext.kernel|
|1203_101857||/var/www/html/bzimage/bzImage_v5.0| exist, no need make|
|1203_101857|/root/image/disk-8c9660f6.raw_bak -> /root/image/disk-8c9660f6.raw|
|1203_101858|BOOT_VM:/root/image/start4.sh | /var/www/html/bzimage/bzImage_v5.0, /var/www/html/bzimage/1203_101808_blk_trace_ioctl/v5.0_dmesg.log, port:10024, 1 time|
|1203_101946|It takes 47 seconds to find login:syzkaller login: |
|1203_101946|Boot 1 time: takes 47 seconds to boot up.|
|1203_101946|cmd=scp -o 'StrictHostKeyChecking no' -P 10024 /home/code/vm_bisect/repro.sh root@localhost:/root/repro.sh|
|1203_101946|Not C file, ssh -o ConnectTimeout=1 -o 'StrictHostKeyChecking no' -p 10024 localhost 'rm -rf /root/repro.c' ret:0|
|1203_101946|cmd=scp -o 'StrictHostKeyChecking no' -P 10024 /var/www/html/bzimage/1203_101808_blk_trace_ioctl/repro root@localhost:/root/repro|
|1203_101947|ssh -o ConnectTimeout=5 -o 'StrictHostKeyChecking no' -p 10024 localhost 'chmod 755 /root/repro.sh'|
|1203_101947|ssh -o ConnectTimeout=5 -o 'StrictHostKeyChecking no' -p 10024 localhost '/root/repro.sh'|
|1203_101947|Repro in vm 1 times ok, VM_ERR_NUM:0 is 0|
|1203_102320|/var/www/html/bzimage/bzImage_v5.0 didn't contain blk_trace_ioctl: in dmesg, pass|
|1203_102320|/root/image/disk-8c9660f6.raw_bak -> /root/image/disk-8c9660f6.raw|
|1203_102321|Start commit v5.0 PASS good|
|1203_102321|cmd=git checkout -f v5.11|
|1203_102322|cmd=git bisect start|
|1203_102322|cmd=git bisect bad v5.11|
|1203_102322|Bisect first start commit:v5.0|
|1203_102322|git bisect good v5.0|
|1203_102339||/var/www/html/bzimage/bzImage_4fc2ea6a8608d9a649eff5e3c2ee477eb70f0fb6| exist, no need make|
|1203_102339|/root/image/disk-8c9660f6.raw_bak -> /root/image/disk-8c9660f6.raw|
|1203_102353|BOOT_VM:/root/image/start4.sh | /var/www/html/bzimage/bzImage_4fc2ea6a8608d9a649eff5e3c2ee477eb70f0fb6, /var/www/html/bzimage/1203_101808_blk_trace_ioctl/4fc2ea6a8608d9a649eff5e3c2ee477eb70f0fb6_dmesg.log, port:10024, 1 time|
|1203_102411|It takes 18 seconds to find login:syzkaller login: |
|1203_102411|Boot 1 time: takes 18 seconds to boot up.|
|1203_102411|cmd=scp -o 'StrictHostKeyChecking no' -P 10024 /home/code/vm_bisect/repro.sh root@localhost:/root/repro.sh|
|1203_102418|Not C file, ssh -o ConnectTimeout=1 -o 'StrictHostKeyChecking no' -p 10024 localhost 'rm -rf /root/repro.c' ret:0|
|1203_102418|cmd=scp -o 'StrictHostKeyChecking no' -P 10024 /var/www/html/bzimage/1203_101808_blk_trace_ioctl/repro root@localhost:/root/repro|
|1203_102419|ssh -o ConnectTimeout=5 -o 'StrictHostKeyChecking no' -p 10024 localhost 'chmod 755 /root/repro.sh'|
|1203_102419|ssh -o ConnectTimeout=5 -o 'StrictHostKeyChecking no' -p 10024 localhost '/root/repro.sh'|
|1203_102419|Repro in vm 1 times ok, VM_ERR_NUM:0 is 0|
|1203_102752|/var/www/html/bzimage/bzImage_4fc2ea6a8608d9a649eff5e3c2ee477eb70f0fb6 didn't contain blk_trace_ioctl: in dmesg, pass|
|1203_102752|/root/image/disk-8c9660f6.raw_bak -> /root/image/disk-8c9660f6.raw|
|1203_102754|git bisect good 4fc2ea6a8608d9a649eff5e3c2ee477eb70f0fb6|
|1203_102807||/var/www/html/bzimage/bzImage_8186749621ed6b8fc42644c399e8c755a2b6f630| exist, no need make|
|1203_102807|/root/image/disk-8c9660f6.raw_bak -> /root/image/disk-8c9660f6.raw|
|1203_102808|BOOT_VM:/root/image/start4.sh | /var/www/html/bzimage/bzImage_8186749621ed6b8fc42644c399e8c755a2b6f630, /var/www/html/bzimage/1203_101808_blk_trace_ioctl/8186749621ed6b8fc42644c399e8c755a2b6f630_dmesg.log, port:10024, 1 time|
|1203_102826|It takes 18 seconds to find login:syzkaller login: |
|1203_102826|Boot 1 time: takes 18 seconds to boot up.|
|1203_102826|cmd=scp -o 'StrictHostKeyChecking no' -P 10024 /home/code/vm_bisect/repro.sh root@localhost:/root/repro.sh|
|1203_102834|Not C file, ssh -o ConnectTimeout=1 -o 'StrictHostKeyChecking no' -p 10024 localhost 'rm -rf /root/repro.c' ret:0|
|1203_102834|cmd=scp -o 'StrictHostKeyChecking no' -P 10024 /var/www/html/bzimage/1203_101808_blk_trace_ioctl/repro root@localhost:/root/repro|
|1203_102835|ssh -o ConnectTimeout=5 -o 'StrictHostKeyChecking no' -p 10024 localhost 'chmod 755 /root/repro.sh'|
|1203_102835|ssh -o ConnectTimeout=5 -o 'StrictHostKeyChecking no' -p 10024 localhost '/root/repro.sh'|
|1203_102835|Repro in vm 1 times ok, VM_ERR_NUM:0 is 0|
|1203_103208|/var/www/html/bzimage/bzImage_8186749621ed6b8fc42644c399e8c755a2b6f630 contained blk_trace_ioctl:[   30.574947][ T5407]  blk_trace_ioctl+0x161/0x2a0
[   40.727852][ T5444]  blk_trace_ioctl+0x161/0x2a0
[   51.376090][ T5480]  blk_trace_ioctl+0x161/0x2a0
[   61.694282][ T5529]  blk_trace_ioctl+0x161/0x2a0
[   73.810449][ T5569]  blk_trace_ioctl+0x161/0x2a0
[   85.605850][ T5610]  blk_trace_ioctl+0x161/0x2a0
[   98.512055][ T5666]  blk_trace_ioctl+0x161/0x2a0
[  108.728970][ T5700]  blk_trace_ioctl+0x161/0x2a0
[  119.105979][ T5744]  blk_trace_ioctl+0x161/0x2a0
[  129.974364][ T5762]  blk_trace_ioctl+0x161/0x2a0
[  135.610571][ T5776]  blk_trace_ioctl+0x161/0x2a0
[  141.596222][ T5793]  blk_trace_ioctl+0x161/0x2a0
[  152.487964][ T5835]  blk_trace_ioctl+0x161/0x2a0
[  162.627983][ T5870]  blk_trace_ioctl+0x161/0x2a0
[  173.228944][ T5900]  blk_trace_ioctl+0x161/0x2a0
[  178.064167][ T5924]  blk_trace_ioctl+0x161/0x2a0
[  183.936574][ T5941]  blk_trace_ioctl+0x161/0x2a0
[  196.078628][ T5994]  blk_trace_ioctl+0x161/0x2a0
[  207.044493][ T6017]  blk_trace_ioctl+0x161/0x2a0, FAIL|
|1203_103208|/root/image/disk-8c9660f6.raw_bak -> /root/image/disk-8c9660f6.raw|
|1203_103210|git bisect bad 8186749621ed6b8fc42644c399e8c755a2b6f630|
|1203_103213||/var/www/html/bzimage/bzImage_da4e15e31bae16d3a57c9eabe90eb2ab0e40f1a7| exist, no need make|
|1203_103213|/root/image/disk-8c9660f6.raw_bak -> /root/image/disk-8c9660f6.raw|
|1203_103215|BOOT_VM:/root/image/start4.sh | /var/www/html/bzimage/bzImage_da4e15e31bae16d3a57c9eabe90eb2ab0e40f1a7, /var/www/html/bzimage/1203_101808_blk_trace_ioctl/da4e15e31bae16d3a57c9eabe90eb2ab0e40f1a7_dmesg.log, port:10024, 1 time|
|1203_103232|It takes 17 seconds to find login:syzkaller login: |
|1203_103232|Boot 1 time: takes 17 seconds to boot up.|
|1203_103232|cmd=scp -o 'StrictHostKeyChecking no' -P 10024 /home/code/vm_bisect/repro.sh root@localhost:/root/repro.sh|
|1203_103240|Not C file, ssh -o ConnectTimeout=1 -o 'StrictHostKeyChecking no' -p 10024 localhost 'rm -rf /root/repro.c' ret:0|
|1203_103240|cmd=scp -o 'StrictHostKeyChecking no' -P 10024 /var/www/html/bzimage/1203_101808_blk_trace_ioctl/repro root@localhost:/root/repro|
|1203_103240|ssh -o ConnectTimeout=5 -o 'StrictHostKeyChecking no' -p 10024 localhost 'chmod 755 /root/repro.sh'|
|1203_103241|ssh -o ConnectTimeout=5 -o 'StrictHostKeyChecking no' -p 10024 localhost '/root/repro.sh'|
|1203_103241|Repro in vm 1 times ok, VM_ERR_NUM:0 is 0|
|1203_103614|/var/www/html/bzimage/bzImage_da4e15e31bae16d3a57c9eabe90eb2ab0e40f1a7 contained blk_trace_ioctl:[   30.858928][ T6112]  blk_trace_ioctl+0x161/0x2a0
[   42.949872][ T6160]  blk_trace_ioctl+0x161/0x2a0
[   53.552469][ T6198]  blk_trace_ioctl+0x161/0x2a0
[   61.278792][ T6227]  blk_trace_ioctl+0x161/0x2a0
[   65.478685][ T6230]  blk_trace_ioctl+0x161/0x2a0
[   67.544674][ T6247]  blk_trace_ioctl+0x161/0x2a0
[   71.791891][ T6254]  blk_trace_ioctl+0x161/0x2a0
[   76.597144][ T6267]  blk_trace_ioctl+0x161/0x2a0
[   88.142411][ T6309]  blk_trace_ioctl+0x161/0x2a0
[  100.322257][ T6346]  blk_trace_ioctl+0x161/0x2a0
[  110.717669][ T6401]  blk_trace_ioctl+0x161/0x2a0
[  117.790020][ T6443]  blk_trace_ioctl+0x161/0x2a0
[  119.764713][ T6444]  blk_trace_ioctl+0x161/0x2a0
[  121.813880][ T6445]  blk_trace_ioctl+0x161/0x2a0
[  123.923224][ T6458]  blk_trace_ioctl+0x161/0x2a0
[  126.005095][ T6459]  blk_trace_ioctl+0x161/0x2a0
[  128.122269][ T6463]  blk_trace_ioctl+0x161/0x2a0
[  133.059235][ T6483]  blk_trace_ioctl+0x161/0x2a0
[  135.080822][ T6481]  blk_trace_ioctl+0x161/0x2a0
[  139.906159][ T6499]  blk_trace_ioctl+0x161/0x2a0
[  144.574282][ T6516]  blk_trace_ioctl+0x161/0x2a0
[  146.712208][ T6528]  blk_trace_ioctl+0x161/0x2a0
[  148.773602][ T6529]  blk_trace_ioctl+0x161/0x2a0
[  150.842786][ T6531]  blk_trace_ioctl+0x161/0x2a0
[  156.701606][ T6558]  blk_trace_ioctl+0x161/0x2a0
[  156.866547][ T6558]  blk_trace_ioctl+0x161/0x2a0
[  167.032317][ T6591]  blk_trace_ioctl+0x161/0x2a0
[  169.224249][ T6602]  blk_trace_ioctl+0x161/0x2a0
[  175.629111][ T6622]  blk_trace_ioctl+0x161/0x2a0
[  177.734826][ T6628]  blk_trace_ioctl+0x161/0x2a0
[  177.877365][ T6628]  blk_trace_ioctl+0x161/0x2a0, FAIL|
|1203_103614|/root/image/disk-8c9660f6.raw_bak -> /root/image/disk-8c9660f6.raw|
|1203_103615|git bisect bad da4e15e31bae16d3a57c9eabe90eb2ab0e40f1a7|
|1203_103618||/var/www/html/bzimage/bzImage_4646de87d32526ee87b46c2e0130413367fb5362| does not exist, will make it|
|1203_103618|nohup /home/code/vm_bisect/make_bz.sh -k /home/code/os.linux.intelnext.kernel -m 4646de87d32526ee87b46c2e0130413367fb5362 -d /var/www/html/bzimage -o /tmp/kernel -c /root/image/kconfig_syzkaller > /home/code/vm_bisect/nohup.log|
|1203_104340|/root/image/disk-8c9660f6.raw_bak -> /root/image/disk-8c9660f6.raw|
|1203_104341|git bisect skip 4646de87d32526ee87b46c2e0130413367fb5362|
|1203_104343||/var/www/html/bzimage/bzImage_23ab76bf90a66d45e557f238f8806d147fc3be5d| does not exist, will make it|
|1203_104343|nohup /home/code/vm_bisect/make_bz.sh -k /home/code/os.linux.intelnext.kernel -m 23ab76bf90a66d45e557f238f8806d147fc3be5d -d /var/www/html/bzimage -o /tmp/kernel -c /root/image/kconfig_syzkaller > /home/code/vm_bisect/nohup.log|
|1203_105109|/root/image/disk-8c9660f6.raw_bak -> /root/image/disk-8c9660f6.raw|
|1203_105117|git bisect skip 23ab76bf90a66d45e557f238f8806d147fc3be5d|
|1203_105119||/var/www/html/bzimage/bzImage_08ddddda667b3b7aaac10641418283f78118c5cd| exist, no need make|
|1203_105119|/root/image/disk-8c9660f6.raw_bak -> /root/image/disk-8c9660f6.raw|
|1203_105147|BOOT_VM:/root/image/start4.sh | /var/www/html/bzimage/bzImage_08ddddda667b3b7aaac10641418283f78118c5cd, /var/www/html/bzimage/1203_101808_blk_trace_ioctl/08ddddda667b3b7aaac10641418283f78118c5cd_dmesg.log, port:10024, 1 time|
|1203_105205|It takes 18 seconds to find login:syzkaller login: |
|1203_105205|Boot 1 time: takes 18 seconds to boot up.|
|1203_105205|cmd=scp -o 'StrictHostKeyChecking no' -P 10024 /home/code/vm_bisect/repro.sh root@localhost:/root/repro.sh|
|1203_105213|Not C file, ssh -o ConnectTimeout=1 -o 'StrictHostKeyChecking no' -p 10024 localhost 'rm -rf /root/repro.c' ret:0|
|1203_105213|cmd=scp -o 'StrictHostKeyChecking no' -P 10024 /var/www/html/bzimage/1203_101808_blk_trace_ioctl/repro root@localhost:/root/repro|
|1203_105214|ssh -o ConnectTimeout=5 -o 'StrictHostKeyChecking no' -p 10024 localhost 'chmod 755 /root/repro.sh'|
|1203_105214|ssh -o ConnectTimeout=5 -o 'StrictHostKeyChecking no' -p 10024 localhost '/root/repro.sh'|
|1203_105214|Repro in vm 1 times ok, VM_ERR_NUM:0 is 0|
|1203_105547|/var/www/html/bzimage/bzImage_08ddddda667b3b7aaac10641418283f78118c5cd didn't contain blk_trace_ioctl: in dmesg, pass|
|1203_105547|/root/image/disk-8c9660f6.raw_bak -> /root/image/disk-8c9660f6.raw|
|1203_105548|git bisect good 08ddddda667b3b7aaac10641418283f78118c5cd|
|1203_105550||/var/www/html/bzimage/bzImage_7be97138e7276c71cc9ad1752dcb502d28f4400d| does not exist, will make it|
|1203_105550|nohup /home/code/vm_bisect/make_bz.sh -k /home/code/os.linux.intelnext.kernel -m 7be97138e7276c71cc9ad1752dcb502d28f4400d -d /var/www/html/bzimage -o /tmp/kernel -c /root/image/kconfig_syzkaller > /home/code/vm_bisect/nohup.log|
|1203_105829|/root/image/disk-8c9660f6.raw_bak -> /root/image/disk-8c9660f6.raw|
|1203_105904|git bisect skip 7be97138e7276c71cc9ad1752dcb502d28f4400d|
|1203_105906||/var/www/html/bzimage/bzImage_d59eb177c84f9572a6b51024c0b2611c3b5a27c5| exist, no need make|
|1203_105906|/root/image/disk-8c9660f6.raw_bak -> /root/image/disk-8c9660f6.raw|
|1203_105933|BOOT_VM:/root/image/start4.sh | /var/www/html/bzimage/bzImage_d59eb177c84f9572a6b51024c0b2611c3b5a27c5, /var/www/html/bzimage/1203_101808_blk_trace_ioctl/d59eb177c84f9572a6b51024c0b2611c3b5a27c5_dmesg.log, port:10024, 1 time|
|1203_105952|It takes 18 seconds to find login:syzkaller login: |
|1203_105952|Boot 1 time: takes 18 seconds to boot up.|
|1203_105952|cmd=scp -o 'StrictHostKeyChecking no' -P 10024 /home/code/vm_bisect/repro.sh root@localhost:/root/repro.sh|
|1203_110000|Not C file, ssh -o ConnectTimeout=1 -o 'StrictHostKeyChecking no' -p 10024 localhost 'rm -rf /root/repro.c' ret:0|
|1203_110000|cmd=scp -o 'StrictHostKeyChecking no' -P 10024 /var/www/html/bzimage/1203_101808_blk_trace_ioctl/repro root@localhost:/root/repro|
|1203_110001|ssh -o ConnectTimeout=5 -o 'StrictHostKeyChecking no' -p 10024 localhost 'chmod 755 /root/repro.sh'|
|1203_110001|ssh -o ConnectTimeout=5 -o 'StrictHostKeyChecking no' -p 10024 localhost '/root/repro.sh'|
|1203_110001|Repro in vm 1 times ok, VM_ERR_NUM:0 is 0|
|1203_110334|/var/www/html/bzimage/bzImage_d59eb177c84f9572a6b51024c0b2611c3b5a27c5 contained blk_trace_ioctl:[   33.603114][ T6110]  blk_trace_ioctl+0x161/0x2a0
[   39.506901][ T6160]  blk_trace_ioctl+0x161/0x2a0
[   44.002021][ T6176]  blk_trace_ioctl+0x161/0x2a0
[   48.268026][ T6183]  blk_trace_ioctl+0x161/0x2a0
[   55.068131][ T6198]  blk_trace_ioctl+0x161/0x2a0
[   65.738179][ T6231]  blk_trace_ioctl+0x161/0x2a0
[   76.548940][ T6266]  blk_trace_ioctl+0x161/0x2a0
[   84.303446][ T6289]  blk_trace_ioctl+0x161/0x2a0
[   90.178368][ T6310]  blk_trace_ioctl+0x161/0x2a0
[  101.649190][ T6346]  blk_trace_ioctl+0x161/0x2a0
[  112.016321][ T6385]  blk_trace_ioctl+0x161/0x2a0
[  123.429525][ T6419]  blk_trace_ioctl+0x161/0x2a0
[  134.598536][ T6438]  blk_trace_ioctl+0x161/0x2a0
[  139.307138][ T6456]  blk_trace_ioctl+0x161/0x2a0
[  145.171153][ T6492]  blk_trace_ioctl+0x161/0x2a0
[  155.497282][ T6512]  blk_trace_ioctl+0x161/0x2a0
[  165.891955][ T6548]  blk_trace_ioctl+0x161/0x2a0
[  177.321513][ T6581]  blk_trace_ioctl+0x161/0x2a0
[  188.675581][ T6619]  blk_trace_ioctl+0x161/0x2a0
[  200.383450][ T6652]  blk_trace_ioctl+0x161/0x2a0
[  210.720547][ T6690]  blk_trace_ioctl+0x161/0x2a0
[  221.842814][ T6723]  blk_trace_ioctl+0x161/0x2a0
[  232.307969][ T6744]  blk_trace_ioctl+0x161/0x2a0
[  237.123027][ T6766]  blk_trace_ioctl+0x161/0x2a0, FAIL|
|1203_110334|/root/image/disk-8c9660f6.raw_bak -> /root/image/disk-8c9660f6.raw|
|1203_110335|git bisect bad d59eb177c84f9572a6b51024c0b2611c3b5a27c5|
|1203_110337||/var/www/html/bzimage/bzImage_f365ab31efacb70bed1e821f7435626e0b2528a6| does not exist, will make it|
|1203_110337|nohup /home/code/vm_bisect/make_bz.sh -k /home/code/os.linux.intelnext.kernel -m f365ab31efacb70bed1e821f7435626e0b2528a6 -d /var/www/html/bzimage -o /tmp/kernel -c /root/image/kconfig_syzkaller > /home/code/vm_bisect/nohup.log|
|1203_111058|/root/image/disk-8c9660f6.raw_bak -> /root/image/disk-8c9660f6.raw|
|1203_111126|git bisect skip f365ab31efacb70bed1e821f7435626e0b2528a6|
|1203_111128||/var/www/html/bzimage/bzImage_49397b801261160fb5f5d3f28536c792e72ecbb3| exist, no need make|
|1203_111128|/root/image/disk-8c9660f6.raw_bak -> /root/image/disk-8c9660f6.raw|
|1203_111155|BOOT_VM:/root/image/start4.sh | /var/www/html/bzimage/bzImage_49397b801261160fb5f5d3f28536c792e72ecbb3, /var/www/html/bzimage/1203_101808_blk_trace_ioctl/49397b801261160fb5f5d3f28536c792e72ecbb3_dmesg.log, port:10024, 1 time|
|1203_111212|It takes 17 seconds to find login:syzkaller login: |
|1203_111212|Boot 1 time: takes 17 seconds to boot up.|
|1203_111212|cmd=scp -o 'StrictHostKeyChecking no' -P 10024 /home/code/vm_bisect/repro.sh root@localhost:/root/repro.sh|
|1203_111220|Not C file, ssh -o ConnectTimeout=1 -o 'StrictHostKeyChecking no' -p 10024 localhost 'rm -rf /root/repro.c' ret:0|
|1203_111220|cmd=scp -o 'StrictHostKeyChecking no' -P 10024 /var/www/html/bzimage/1203_101808_blk_trace_ioctl/repro root@localhost:/root/repro|
|1203_111221|ssh -o ConnectTimeout=5 -o 'StrictHostKeyChecking no' -p 10024 localhost 'chmod 755 /root/repro.sh'|
|1203_111221|ssh -o ConnectTimeout=5 -o 'StrictHostKeyChecking no' -p 10024 localhost '/root/repro.sh'|
|1203_111221|Repro in vm 1 times ok, VM_ERR_NUM:0 is 0|
|1203_111554|/var/www/html/bzimage/bzImage_49397b801261160fb5f5d3f28536c792e72ecbb3 didn't contain blk_trace_ioctl: in dmesg, pass|
|1203_111554|/root/image/disk-8c9660f6.raw_bak -> /root/image/disk-8c9660f6.raw|
|1203_111555|git bisect good 49397b801261160fb5f5d3f28536c792e72ecbb3|
|1203_111557||/var/www/html/bzimage/bzImage_bc3b3f4bfbded031a11c4284106adddbfacd05bb| does not exist, will make it|
|1203_111557|nohup /home/code/vm_bisect/make_bz.sh -k /home/code/os.linux.intelnext.kernel -m bc3b3f4bfbded031a11c4284106adddbfacd05bb -d /var/www/html/bzimage -o /tmp/kernel -c /root/image/kconfig_syzkaller > /home/code/vm_bisect/nohup.log|
|1203_112105|/root/image/disk-8c9660f6.raw_bak -> /root/image/disk-8c9660f6.raw|
|1203_112132|git bisect skip bc3b3f4bfbded031a11c4284106adddbfacd05bb|
|1203_112133||/var/www/html/bzimage/bzImage_add1a2faba5dc6320a1f6e2167530c9174feb718| exist, no need make|
|1203_112134|/root/image/disk-8c9660f6.raw_bak -> /root/image/disk-8c9660f6.raw|
|1203_112201|BOOT_VM:/root/image/start4.sh | /var/www/html/bzimage/bzImage_add1a2faba5dc6320a1f6e2167530c9174feb718, /var/www/html/bzimage/1203_101808_blk_trace_ioctl/add1a2faba5dc6320a1f6e2167530c9174feb718_dmesg.log, port:10024, 1 time|
|1203_112220|It takes 19 seconds to find login:syzkaller login: |
|1203_112220|Boot 1 time: takes 19 seconds to boot up.|
|1203_112220|cmd=scp -o 'StrictHostKeyChecking no' -P 10024 /home/code/vm_bisect/repro.sh root@localhost:/root/repro.sh|
|1203_112228|Not C file, ssh -o ConnectTimeout=1 -o 'StrictHostKeyChecking no' -p 10024 localhost 'rm -rf /root/repro.c' ret:0|
|1203_112228|cmd=scp -o 'StrictHostKeyChecking no' -P 10024 /var/www/html/bzimage/1203_101808_blk_trace_ioctl/repro root@localhost:/root/repro|
|1203_112228|ssh -o ConnectTimeout=5 -o 'StrictHostKeyChecking no' -p 10024 localhost 'chmod 755 /root/repro.sh'|
|1203_112228|ssh -o ConnectTimeout=5 -o 'StrictHostKeyChecking no' -p 10024 localhost '/root/repro.sh'|
|1203_112228|Repro in vm 1 times ok, VM_ERR_NUM:0 is 0|
|1203_112601|/var/www/html/bzimage/bzImage_add1a2faba5dc6320a1f6e2167530c9174feb718 didn't contain blk_trace_ioctl: in dmesg, pass|
|1203_112601|/root/image/disk-8c9660f6.raw_bak -> /root/image/disk-8c9660f6.raw|
|1203_112602|git bisect good add1a2faba5dc6320a1f6e2167530c9174feb718|
|1203_112605||/var/www/html/bzimage/bzImage_848960e576dafc8ed54c691b2f70b92e1fdea9ba| does not exist, will make it|
|1203_112605|nohup /home/code/vm_bisect/make_bz.sh -k /home/code/os.linux.intelnext.kernel -m 848960e576dafc8ed54c691b2f70b92e1fdea9ba -d /var/www/html/bzimage -o /tmp/kernel -c /root/image/kconfig_syzkaller > /home/code/vm_bisect/nohup.log|
|1203_113101|/root/image/disk-8c9660f6.raw_bak -> /root/image/disk-8c9660f6.raw|
|1203_113107|git bisect skip 848960e576dafc8ed54c691b2f70b92e1fdea9ba|
|1203_113109||/var/www/html/bzimage/bzImage_c312c7818b86b663d32ec5d4b512abf06b23899a| exist, no need make|
|1203_113109|/root/image/disk-8c9660f6.raw_bak -> /root/image/disk-8c9660f6.raw|
|1203_113137|BOOT_VM:/root/image/start4.sh | /var/www/html/bzimage/bzImage_c312c7818b86b663d32ec5d4b512abf06b23899a, /var/www/html/bzimage/1203_101808_blk_trace_ioctl/c312c7818b86b663d32ec5d4b512abf06b23899a_dmesg.log, port:10024, 1 time|
|1203_113155|It takes 18 seconds to find login:syzkaller login: |
|1203_113155|Boot 1 time: takes 18 seconds to boot up.|
|1203_113155|cmd=scp -o 'StrictHostKeyChecking no' -P 10024 /home/code/vm_bisect/repro.sh root@localhost:/root/repro.sh|
|1203_113202|Not C file, ssh -o ConnectTimeout=1 -o 'StrictHostKeyChecking no' -p 10024 localhost 'rm -rf /root/repro.c' ret:0|
|1203_113202|cmd=scp -o 'StrictHostKeyChecking no' -P 10024 /var/www/html/bzimage/1203_101808_blk_trace_ioctl/repro root@localhost:/root/repro|
|1203_113203|ssh -o ConnectTimeout=5 -o 'StrictHostKeyChecking no' -p 10024 localhost 'chmod 755 /root/repro.sh'|
|1203_113203|ssh -o ConnectTimeout=5 -o 'StrictHostKeyChecking no' -p 10024 localhost '/root/repro.sh'|
|1203_113203|Repro in vm 1 times ok, VM_ERR_NUM:0 is 0|
|1203_113536|/var/www/html/bzimage/bzImage_c312c7818b86b663d32ec5d4b512abf06b23899a didn't contain blk_trace_ioctl: in dmesg, pass|
|1203_113536|/root/image/disk-8c9660f6.raw_bak -> /root/image/disk-8c9660f6.raw|
|1203_113537|git bisect good c312c7818b86b663d32ec5d4b512abf06b23899a|
|1203_113539||/var/www/html/bzimage/bzImage_943930e4729a64c11142a0370415663b39189996| does not exist, will make it|
|1203_113539|nohup /home/code/vm_bisect/make_bz.sh -k /home/code/os.linux.intelnext.kernel -m 943930e4729a64c11142a0370415663b39189996 -d /var/www/html/bzimage -o /tmp/kernel -c /root/image/kconfig_syzkaller > /home/code/vm_bisect/nohup.log|
|1203_114052|/root/image/disk-8c9660f6.raw_bak -> /root/image/disk-8c9660f6.raw|
|1203_114115|git bisect skip 943930e4729a64c11142a0370415663b39189996|
|1203_114118||/var/www/html/bzimage/bzImage_d489cf9a3e88aafc6c9f55c36ff7bbca2c25d54a| exist, no need make|
|1203_114118|/root/image/disk-8c9660f6.raw_bak -> /root/image/disk-8c9660f6.raw|
|1203_114145|BOOT_VM:/root/image/start4.sh | /var/www/html/bzimage/bzImage_d489cf9a3e88aafc6c9f55c36ff7bbca2c25d54a, /var/www/html/bzimage/1203_101808_blk_trace_ioctl/d489cf9a3e88aafc6c9f55c36ff7bbca2c25d54a_dmesg.log, port:10024, 1 time|
|1203_114203|It takes 18 seconds to find login:syzkaller login: |
|1203_114203|Boot 1 time: takes 18 seconds to boot up.|
|1203_114203|cmd=scp -o 'StrictHostKeyChecking no' -P 10024 /home/code/vm_bisect/repro.sh root@localhost:/root/repro.sh|
|1203_114212|Not C file, ssh -o ConnectTimeout=1 -o 'StrictHostKeyChecking no' -p 10024 localhost 'rm -rf /root/repro.c' ret:0|
|1203_114212|cmd=scp -o 'StrictHostKeyChecking no' -P 10024 /var/www/html/bzimage/1203_101808_blk_trace_ioctl/repro root@localhost:/root/repro|
|1203_114212|ssh -o ConnectTimeout=5 -o 'StrictHostKeyChecking no' -p 10024 localhost 'chmod 755 /root/repro.sh'|
|1203_114212|ssh -o ConnectTimeout=5 -o 'StrictHostKeyChecking no' -p 10024 localhost '/root/repro.sh'|
|1203_114212|Repro in vm 1 times ok, VM_ERR_NUM:0 is 0|
|1203_114545|/var/www/html/bzimage/bzImage_d489cf9a3e88aafc6c9f55c36ff7bbca2c25d54a didn't contain blk_trace_ioctl: in dmesg, pass|
|1203_114546|/root/image/disk-8c9660f6.raw_bak -> /root/image/disk-8c9660f6.raw|
|1203_114547|git bisect good d489cf9a3e88aafc6c9f55c36ff7bbca2c25d54a|
|1203_114547||/var/www/html/bzimage/bzImage_e3a19cdea84a42d44ef42ff8b5459c903992bbf2| exist, no need make|
|1203_114547|/root/image/disk-8c9660f6.raw_bak -> /root/image/disk-8c9660f6.raw|
|1203_114549|BOOT_VM:/root/image/start4.sh | /var/www/html/bzimage/bzImage_e3a19cdea84a42d44ef42ff8b5459c903992bbf2, /var/www/html/bzimage/1203_101808_blk_trace_ioctl/e3a19cdea84a42d44ef42ff8b5459c903992bbf2_dmesg.log, port:10024, 1 time|
|1203_114607|It takes 18 seconds to find login:syzkaller login: |
|1203_114607|Boot 1 time: takes 18 seconds to boot up.|
|1203_114607|cmd=scp -o 'StrictHostKeyChecking no' -P 10024 /home/code/vm_bisect/repro.sh root@localhost:/root/repro.sh|
|1203_114615|Not C file, ssh -o ConnectTimeout=1 -o 'StrictHostKeyChecking no' -p 10024 localhost 'rm -rf /root/repro.c' ret:0|
|1203_114615|cmd=scp -o 'StrictHostKeyChecking no' -P 10024 /var/www/html/bzimage/1203_101808_blk_trace_ioctl/repro root@localhost:/root/repro|
|1203_114615|ssh -o ConnectTimeout=5 -o 'StrictHostKeyChecking no' -p 10024 localhost 'chmod 755 /root/repro.sh'|
|1203_114615|ssh -o ConnectTimeout=5 -o 'StrictHostKeyChecking no' -p 10024 localhost '/root/repro.sh'|
|1203_114615|Repro in vm 1 times ok, VM_ERR_NUM:0 is 0|
|1203_114948|/var/www/html/bzimage/bzImage_e3a19cdea84a42d44ef42ff8b5459c903992bbf2 didn't contain blk_trace_ioctl: in dmesg, pass|
|1203_114948|/root/image/disk-8c9660f6.raw_bak -> /root/image/disk-8c9660f6.raw|
|1203_114950|git bisect good e3a19cdea84a42d44ef42ff8b5459c903992bbf2|
|1203_114952||/var/www/html/bzimage/bzImage_0dc710353f630cace26db39d856800b17d3d2dda| does not exist, will make it|
|1203_114952|nohup /home/code/vm_bisect/make_bz.sh -k /home/code/os.linux.intelnext.kernel -m 0dc710353f630cace26db39d856800b17d3d2dda -d /var/www/html/bzimage -o /tmp/kernel -c /root/image/kconfig_syzkaller > /home/code/vm_bisect/nohup.log|
|1203_115513|/root/image/disk-8c9660f6.raw_bak -> /root/image/disk-8c9660f6.raw|
|1203_115555|git bisect skip 0dc710353f630cace26db39d856800b17d3d2dda|
|1203_115558||/var/www/html/bzimage/bzImage_b215010fd3456bb1b5beb88f199cfd21aa1e7571| exist, no need make|
|1203_115558|/root/image/disk-8c9660f6.raw_bak -> /root/image/disk-8c9660f6.raw|
|1203_115624|BOOT_VM:/root/image/start4.sh | /var/www/html/bzimage/bzImage_b215010fd3456bb1b5beb88f199cfd21aa1e7571, /var/www/html/bzimage/1203_101808_blk_trace_ioctl/b215010fd3456bb1b5beb88f199cfd21aa1e7571_dmesg.log, port:10024, 1 time|
|1203_115644|It takes 20 seconds to find login:syzkaller login: |
|1203_115644|Boot 1 time: takes 20 seconds to boot up.|
|1203_115644|cmd=scp -o 'StrictHostKeyChecking no' -P 10024 /home/code/vm_bisect/repro.sh root@localhost:/root/repro.sh|
|1203_115652|Not C file, ssh -o ConnectTimeout=1 -o 'StrictHostKeyChecking no' -p 10024 localhost 'rm -rf /root/repro.c' ret:0|
|1203_115652|cmd=scp -o 'StrictHostKeyChecking no' -P 10024 /var/www/html/bzimage/1203_101808_blk_trace_ioctl/repro root@localhost:/root/repro|
|1203_115652|ssh -o ConnectTimeout=5 -o 'StrictHostKeyChecking no' -p 10024 localhost 'chmod 755 /root/repro.sh'|
|1203_115653|ssh -o ConnectTimeout=5 -o 'StrictHostKeyChecking no' -p 10024 localhost '/root/repro.sh'|
|1203_115653|Repro in vm 1 times ok, VM_ERR_NUM:0 is 0|
|1203_120026|/var/www/html/bzimage/bzImage_b215010fd3456bb1b5beb88f199cfd21aa1e7571 didn't contain blk_trace_ioctl: in dmesg, pass|
|1203_120026|/root/image/disk-8c9660f6.raw_bak -> /root/image/disk-8c9660f6.raw|
|1203_120027|git bisect good b215010fd3456bb1b5beb88f199cfd21aa1e7571|
|1203_120029||/var/www/html/bzimage/bzImage_83672db7d6c6510ceba9b2ac2d3999a609bb72f7| exist, no need make|
|1203_120029|/root/image/disk-8c9660f6.raw_bak -> /root/image/disk-8c9660f6.raw|
|1203_120030|BOOT_VM:/root/image/start4.sh | /var/www/html/bzimage/bzImage_83672db7d6c6510ceba9b2ac2d3999a609bb72f7, /var/www/html/bzimage/1203_101808_blk_trace_ioctl/83672db7d6c6510ceba9b2ac2d3999a609bb72f7_dmesg.log, port:10024, 1 time|
|1203_120048|It takes 18 seconds to find login:syzkaller login: |
|1203_120048|Boot 1 time: takes 18 seconds to boot up.|
|1203_120048|cmd=scp -o 'StrictHostKeyChecking no' -P 10024 /home/code/vm_bisect/repro.sh root@localhost:/root/repro.sh|
|1203_120056|Not C file, ssh -o ConnectTimeout=1 -o 'StrictHostKeyChecking no' -p 10024 localhost 'rm -rf /root/repro.c' ret:0|
|1203_120056|cmd=scp -o 'StrictHostKeyChecking no' -P 10024 /var/www/html/bzimage/1203_101808_blk_trace_ioctl/repro root@localhost:/root/repro|
|1203_120057|ssh -o ConnectTimeout=5 -o 'StrictHostKeyChecking no' -p 10024 localhost 'chmod 755 /root/repro.sh'|
|1203_120057|ssh -o ConnectTimeout=5 -o 'StrictHostKeyChecking no' -p 10024 localhost '/root/repro.sh'|
|1203_120057|Repro in vm 1 times ok, VM_ERR_NUM:0 is 0|
|1203_120430|/var/www/html/bzimage/bzImage_83672db7d6c6510ceba9b2ac2d3999a609bb72f7 didn't contain blk_trace_ioctl: in dmesg, pass|
|1203_120430|/root/image/disk-8c9660f6.raw_bak -> /root/image/disk-8c9660f6.raw|
|1203_120431|git bisect good 83672db7d6c6510ceba9b2ac2d3999a609bb72f7|
|1203_120432||/var/www/html/bzimage/bzImage_cd982e6c44a7265e1c7e92de4f696c3b3b376e93| exist, no need make|
|1203_120432|/root/image/disk-8c9660f6.raw_bak -> /root/image/disk-8c9660f6.raw|
|1203_120433|BOOT_VM:/root/image/start4.sh | /var/www/html/bzimage/bzImage_cd982e6c44a7265e1c7e92de4f696c3b3b376e93, /var/www/html/bzimage/1203_101808_blk_trace_ioctl/cd982e6c44a7265e1c7e92de4f696c3b3b376e93_dmesg.log, port:10024, 1 time|
|1203_120450|It takes 17 seconds to find login:syzkaller login: |
|1203_120450|Boot 1 time: takes 17 seconds to boot up.|
|1203_120450|cmd=scp -o 'StrictHostKeyChecking no' -P 10024 /home/code/vm_bisect/repro.sh root@localhost:/root/repro.sh|
|1203_120458|Not C file, ssh -o ConnectTimeout=1 -o 'StrictHostKeyChecking no' -p 10024 localhost 'rm -rf /root/repro.c' ret:0|
|1203_120458|cmd=scp -o 'StrictHostKeyChecking no' -P 10024 /var/www/html/bzimage/1203_101808_blk_trace_ioctl/repro root@localhost:/root/repro|
|1203_120459|ssh -o ConnectTimeout=5 -o 'StrictHostKeyChecking no' -p 10024 localhost 'chmod 755 /root/repro.sh'|
|1203_120459|ssh -o ConnectTimeout=5 -o 'StrictHostKeyChecking no' -p 10024 localhost '/root/repro.sh'|
|1203_120459|Repro in vm 1 times ok, VM_ERR_NUM:0 is 0|
|1203_120832|/var/www/html/bzimage/bzImage_cd982e6c44a7265e1c7e92de4f696c3b3b376e93 didn't contain blk_trace_ioctl: in dmesg, pass|
|1203_120832|/root/image/disk-8c9660f6.raw_bak -> /root/image/disk-8c9660f6.raw|
|1203_120833|git bisect good cd982e6c44a7265e1c7e92de4f696c3b3b376e93|
|1203_120835||/var/www/html/bzimage/bzImage_5c8db3eb381745c010ba746373a279e92502bdc8| does not exist, will make it|
|1203_120835|nohup /home/code/vm_bisect/make_bz.sh -k /home/code/os.linux.intelnext.kernel -m 5c8db3eb381745c010ba746373a279e92502bdc8 -d /var/www/html/bzimage -o /tmp/kernel -c /root/image/kconfig_syzkaller > /home/code/vm_bisect/nohup.log|
|1203_121607|/root/image/disk-8c9660f6.raw_bak -> /root/image/disk-8c9660f6.raw|
|1203_121611|git bisect skip 5c8db3eb381745c010ba746373a279e92502bdc8|
|1203_121612||/var/www/html/bzimage/bzImage_b4faef1739dd1f3b3981b8bf173a2266ea86b1eb| does not exist, will make it|
|1203_121612|nohup /home/code/vm_bisect/make_bz.sh -k /home/code/os.linux.intelnext.kernel -m b4faef1739dd1f3b3981b8bf173a2266ea86b1eb -d /var/www/html/bzimage -o /tmp/kernel -c /root/image/kconfig_syzkaller > /home/code/vm_bisect/nohup.log|
|1203_122337|/root/image/disk-8c9660f6.raw_bak -> /root/image/disk-8c9660f6.raw|
|1203_122339|git bisect skip b4faef1739dd1f3b3981b8bf173a2266ea86b1eb|
|1203_122342||/var/www/html/bzimage/bzImage_cc80e3625695ecdfa8a1ac182d7a597aed3edf50| exist, no need make|
|1203_122342|/root/image/disk-8c9660f6.raw_bak -> /root/image/disk-8c9660f6.raw|
|1203_122410|BOOT_VM:/root/image/start4.sh | /var/www/html/bzimage/bzImage_cc80e3625695ecdfa8a1ac182d7a597aed3edf50, /var/www/html/bzimage/1203_101808_blk_trace_ioctl/cc80e3625695ecdfa8a1ac182d7a597aed3edf50_dmesg.log, port:10024, 1 time|
|1203_122610|Boot 1 time: takes 121 seconds >= 120, retry|
|1203_122610|/root/image/disk-8c9660f6.raw_bak -> /root/image/disk-8c9660f6.raw|
|1203_122611|BOOT_VM:/root/image/start4.sh | /var/www/html/bzimage/bzImage_cc80e3625695ecdfa8a1ac182d7a597aed3edf50, /var/www/html/bzimage/1203_101808_blk_trace_ioctl/cc80e3625695ecdfa8a1ac182d7a597aed3edf50_dmesg.log, port:10024, 2 time|
|1203_122812|Boot 2 time: takes 121 seconds >= 120, retry|
|1203_122812|/root/image/disk-8c9660f6.raw_bak -> /root/image/disk-8c9660f6.raw|
|1203_122813|BOOT_VM:/root/image/start4.sh | /var/www/html/bzimage/bzImage_cc80e3625695ecdfa8a1ac182d7a597aed3edf50, /var/www/html/bzimage/1203_101808_blk_trace_ioctl/cc80e3625695ecdfa8a1ac182d7a597aed3edf50_dmesg.log, port:10024, 3 time|
|1203_123013|Boot 3 time: takes 121 seconds >= 120, retry|
|1203_123013|/root/image/disk-8c9660f6.raw_bak -> /root/image/disk-8c9660f6.raw|
|1203_123014|BOOT_VM:/root/image/start4.sh | /var/www/html/bzimage/bzImage_cc80e3625695ecdfa8a1ac182d7a597aed3edf50, /var/www/html/bzimage/1203_101808_blk_trace_ioctl/cc80e3625695ecdfa8a1ac182d7a597aed3edf50_dmesg.log, port:10024, 4 time|
|1203_123215|Boot 4 time: takes 121 seconds >= 120, retry|
|1203_123215|/root/image/disk-8c9660f6.raw_bak -> /root/image/disk-8c9660f6.raw|
|1203_123216|BOOT_VM:/root/image/start4.sh | /var/www/html/bzimage/bzImage_cc80e3625695ecdfa8a1ac182d7a597aed3edf50, /var/www/html/bzimage/1203_101808_blk_trace_ioctl/cc80e3625695ecdfa8a1ac182d7a597aed3edf50_dmesg.log, port:10024, 5 time|
|1203_123416|Boot 5 time: takes 121 seconds >= 120, retry|
|1203_123416|/root/image/disk-8c9660f6.raw_bak -> /root/image/disk-8c9660f6.raw|
|1203_123418|BOOT_VM:/root/image/start4.sh | /var/www/html/bzimage/bzImage_cc80e3625695ecdfa8a1ac182d7a597aed3edf50, /var/www/html/bzimage/1203_101808_blk_trace_ioctl/cc80e3625695ecdfa8a1ac182d7a597aed3edf50_dmesg.log, port:10024, 6 time|
|1203_123618|Boot 6 time: takes 121 seconds >= 120, retry|
|1203_123618|/root/image/disk-8c9660f6.raw_bak -> /root/image/disk-8c9660f6.raw|
|1203_123619|BOOT_VM:/root/image/start4.sh | /var/www/html/bzimage/bzImage_cc80e3625695ecdfa8a1ac182d7a597aed3edf50, /var/www/html/bzimage/1203_101808_blk_trace_ioctl/cc80e3625695ecdfa8a1ac182d7a597aed3edf50_dmesg.log, port:10024, 7 time|
|1203_123819|Boot 7 time: takes 121 seconds >= 120, retry|
|1203_123819|/root/image/disk-8c9660f6.raw_bak -> /root/image/disk-8c9660f6.raw|
|1203_123821|BOOT_VM:/root/image/start4.sh | /var/www/html/bzimage/bzImage_cc80e3625695ecdfa8a1ac182d7a597aed3edf50, /var/www/html/bzimage/1203_101808_blk_trace_ioctl/cc80e3625695ecdfa8a1ac182d7a597aed3edf50_dmesg.log, port:10024, 8 time|
|1203_124021|Boot 8 time: takes 121 seconds >= 120, retry|
|1203_124021|/root/image/disk-8c9660f6.raw_bak -> /root/image/disk-8c9660f6.raw|
|1203_124022|BOOT_VM:/root/image/start4.sh | /var/www/html/bzimage/bzImage_cc80e3625695ecdfa8a1ac182d7a597aed3edf50, /var/www/html/bzimage/1203_101808_blk_trace_ioctl/cc80e3625695ecdfa8a1ac182d7a597aed3edf50_dmesg.log, port:10024, 9 time|
|1203_124222|Boot 9 time: takes 121 seconds >= 120, retry|
|1203_124222|/root/image/disk-8c9660f6.raw_bak -> /root/image/disk-8c9660f6.raw|
|1203_124224|BOOT_VM:/root/image/start4.sh | /var/www/html/bzimage/bzImage_cc80e3625695ecdfa8a1ac182d7a597aed3edf50, /var/www/html/bzimage/1203_101808_blk_trace_ioctl/cc80e3625695ecdfa8a1ac182d7a597aed3edf50_dmesg.log, port:10024, 10 time|
|1203_124424|Boot 10 time: takes 121 seconds >= 120, retry|
|1203_124424|/root/image/disk-8c9660f6.raw_bak -> /root/image/disk-8c9660f6.raw|
|1203_124425|Boot 10 >=10 times failed, bzImage:/var/www/html/bzimage/bzImage_cc80e3625695ecdfa8a1ac182d7a597aed3edf50, skip!|
|1203_124425|/root/image/disk-8c9660f6.raw_bak -> /root/image/disk-8c9660f6.raw|
|1203_124427|/root/image/disk-8c9660f6.raw_bak -> /root/image/disk-8c9660f6.raw|
|1203_124428|git bisect skip cc80e3625695ecdfa8a1ac182d7a597aed3edf50|
|1203_124431||/var/www/html/bzimage/bzImage_7e4d47596b686bb2714d05f8774ada884ec8983d| does not exist, will make it|
|1203_124431|nohup /home/code/vm_bisect/make_bz.sh -k /home/code/os.linux.intelnext.kernel -m 7e4d47596b686bb2714d05f8774ada884ec8983d -d /var/www/html/bzimage -o /tmp/kernel -c /root/image/kconfig_syzkaller > /home/code/vm_bisect/nohup.log|
|1203_124737|/root/image/disk-8c9660f6.raw_bak -> /root/image/disk-8c9660f6.raw|
|1203_124804|git bisect skip 7e4d47596b686bb2714d05f8774ada884ec8983d|
|1203_124806||/var/www/html/bzimage/bzImage_56faa3c8a0f4d60b4aa7f6ae4099e51b74acfed5| does not exist, will make it|
|1203_124806|nohup /home/code/vm_bisect/make_bz.sh -k /home/code/os.linux.intelnext.kernel -m 56faa3c8a0f4d60b4aa7f6ae4099e51b74acfed5 -d /var/www/html/bzimage -o /tmp/kernel -c /root/image/kconfig_syzkaller > /home/code/vm_bisect/nohup.log|
|1203_125801|/root/image/disk-8c9660f6.raw_bak -> /root/image/disk-8c9660f6.raw|
|1203_125829|BOOT_VM:/root/image/start4.sh | /var/www/html/bzimage/bzImage_56faa3c8a0f4d60b4aa7f6ae4099e51b74acfed5, /var/www/html/bzimage/1203_101808_blk_trace_ioctl/56faa3c8a0f4d60b4aa7f6ae4099e51b74acfed5_dmesg.log, port:10024, 1 time|
|1203_125847|It takes 18 seconds to find login:syzkaller login: |
|1203_125847|Boot 1 time: takes 18 seconds to boot up.|
|1203_125847|cmd=scp -o 'StrictHostKeyChecking no' -P 10024 /home/code/vm_bisect/repro.sh root@localhost:/root/repro.sh|
|1203_125855|Not C file, ssh -o ConnectTimeout=1 -o 'StrictHostKeyChecking no' -p 10024 localhost 'rm -rf /root/repro.c' ret:0|
|1203_125855|cmd=scp -o 'StrictHostKeyChecking no' -P 10024 /var/www/html/bzimage/1203_101808_blk_trace_ioctl/repro root@localhost:/root/repro|
|1203_125856|ssh -o ConnectTimeout=5 -o 'StrictHostKeyChecking no' -p 10024 localhost 'chmod 755 /root/repro.sh'|
|1203_125856|ssh -o ConnectTimeout=5 -o 'StrictHostKeyChecking no' -p 10024 localhost '/root/repro.sh'|
|1203_125856|Repro in vm 1 times ok, VM_ERR_NUM:0 is 0|
|1203_130229|/var/www/html/bzimage/bzImage_56faa3c8a0f4d60b4aa7f6ae4099e51b74acfed5 didn't contain blk_trace_ioctl: in dmesg, pass|
|1203_130229|/root/image/disk-8c9660f6.raw_bak -> /root/image/disk-8c9660f6.raw|
|1203_130230|git bisect good 56faa3c8a0f4d60b4aa7f6ae4099e51b74acfed5|
|1203_130232||/var/www/html/bzimage/bzImage_e964f1e04a1ce562f0d748b29326244d3cb35ba4| does not exist, will make it|
|1203_130232|nohup /home/code/vm_bisect/make_bz.sh -k /home/code/os.linux.intelnext.kernel -m e964f1e04a1ce562f0d748b29326244d3cb35ba4 -d /var/www/html/bzimage -o /tmp/kernel -c /root/image/kconfig_syzkaller > /home/code/vm_bisect/nohup.log|
|1203_130947|/root/image/disk-8c9660f6.raw_bak -> /root/image/disk-8c9660f6.raw|
|1203_131024|git bisect skip e964f1e04a1ce562f0d748b29326244d3cb35ba4|
|1203_131026||/var/www/html/bzimage/bzImage_b56ff195c317ad28c05d354aeecbb9995b8e08c1| does not exist, will make it|
|1203_131026|nohup /home/code/vm_bisect/make_bz.sh -k /home/code/os.linux.intelnext.kernel -m b56ff195c317ad28c05d354aeecbb9995b8e08c1 -d /var/www/html/bzimage -o /tmp/kernel -c /root/image/kconfig_syzkaller > /home/code/vm_bisect/nohup.log|
|1203_131935|/root/image/disk-8c9660f6.raw_bak -> /root/image/disk-8c9660f6.raw|
|1203_131936|BOOT_VM:/root/image/start4.sh | /var/www/html/bzimage/bzImage_b56ff195c317ad28c05d354aeecbb9995b8e08c1, /var/www/html/bzimage/1203_101808_blk_trace_ioctl/b56ff195c317ad28c05d354aeecbb9995b8e08c1_dmesg.log, port:10024, 1 time|
|1203_132137|Boot 1 time: takes 121 seconds >= 120, retry|
|1203_132137|/root/image/disk-8c9660f6.raw_bak -> /root/image/disk-8c9660f6.raw|
|1203_132138|BOOT_VM:/root/image/start4.sh | /var/www/html/bzimage/bzImage_b56ff195c317ad28c05d354aeecbb9995b8e08c1, /var/www/html/bzimage/1203_101808_blk_trace_ioctl/b56ff195c317ad28c05d354aeecbb9995b8e08c1_dmesg.log, port:10024, 2 time|
|1203_132338|Boot 2 time: takes 121 seconds >= 120, retry|
|1203_132338|/root/image/disk-8c9660f6.raw_bak -> /root/image/disk-8c9660f6.raw|
|1203_132339|BOOT_VM:/root/image/start4.sh | /var/www/html/bzimage/bzImage_b56ff195c317ad28c05d354aeecbb9995b8e08c1, /var/www/html/bzimage/1203_101808_blk_trace_ioctl/b56ff195c317ad28c05d354aeecbb9995b8e08c1_dmesg.log, port:10024, 3 time|
|1203_132540|Boot 3 time: takes 121 seconds >= 120, retry|
|1203_132540|/root/image/disk-8c9660f6.raw_bak -> /root/image/disk-8c9660f6.raw|
|1203_132541|BOOT_VM:/root/image/start4.sh | /var/www/html/bzimage/bzImage_b56ff195c317ad28c05d354aeecbb9995b8e08c1, /var/www/html/bzimage/1203_101808_blk_trace_ioctl/b56ff195c317ad28c05d354aeecbb9995b8e08c1_dmesg.log, port:10024, 4 time|
|1203_132741|Boot 4 time: takes 121 seconds >= 120, retry|
|1203_132741|/root/image/disk-8c9660f6.raw_bak -> /root/image/disk-8c9660f6.raw|
|1203_132742|BOOT_VM:/root/image/start4.sh | /var/www/html/bzimage/bzImage_b56ff195c317ad28c05d354aeecbb9995b8e08c1, /var/www/html/bzimage/1203_101808_blk_trace_ioctl/b56ff195c317ad28c05d354aeecbb9995b8e08c1_dmesg.log, port:10024, 5 time|
|1203_132943|Boot 5 time: takes 121 seconds >= 120, retry|
|1203_132943|/root/image/disk-8c9660f6.raw_bak -> /root/image/disk-8c9660f6.raw|
|1203_132944|BOOT_VM:/root/image/start4.sh | /var/www/html/bzimage/bzImage_b56ff195c317ad28c05d354aeecbb9995b8e08c1, /var/www/html/bzimage/1203_101808_blk_trace_ioctl/b56ff195c317ad28c05d354aeecbb9995b8e08c1_dmesg.log, port:10024, 6 time|
|1203_133144|Boot 6 time: takes 121 seconds >= 120, retry|
|1203_133144|/root/image/disk-8c9660f6.raw_bak -> /root/image/disk-8c9660f6.raw|
|1203_133145|BOOT_VM:/root/image/start4.sh | /var/www/html/bzimage/bzImage_b56ff195c317ad28c05d354aeecbb9995b8e08c1, /var/www/html/bzimage/1203_101808_blk_trace_ioctl/b56ff195c317ad28c05d354aeecbb9995b8e08c1_dmesg.log, port:10024, 7 time|
|1203_133346|Boot 7 time: takes 121 seconds >= 120, retry|
|1203_133346|/root/image/disk-8c9660f6.raw_bak -> /root/image/disk-8c9660f6.raw|
|1203_133347|BOOT_VM:/root/image/start4.sh | /var/www/html/bzimage/bzImage_b56ff195c317ad28c05d354aeecbb9995b8e08c1, /var/www/html/bzimage/1203_101808_blk_trace_ioctl/b56ff195c317ad28c05d354aeecbb9995b8e08c1_dmesg.log, port:10024, 8 time|
|1203_133547|Boot 8 time: takes 121 seconds >= 120, retry|
|1203_133547|/root/image/disk-8c9660f6.raw_bak -> /root/image/disk-8c9660f6.raw|
|1203_133548|BOOT_VM:/root/image/start4.sh | /var/www/html/bzimage/bzImage_b56ff195c317ad28c05d354aeecbb9995b8e08c1, /var/www/html/bzimage/1203_101808_blk_trace_ioctl/b56ff195c317ad28c05d354aeecbb9995b8e08c1_dmesg.log, port:10024, 9 time|
|1203_133749|Boot 9 time: takes 121 seconds >= 120, retry|
|1203_133749|/root/image/disk-8c9660f6.raw_bak -> /root/image/disk-8c9660f6.raw|
|1203_133750|BOOT_VM:/root/image/start4.sh | /var/www/html/bzimage/bzImage_b56ff195c317ad28c05d354aeecbb9995b8e08c1, /var/www/html/bzimage/1203_101808_blk_trace_ioctl/b56ff195c317ad28c05d354aeecbb9995b8e08c1_dmesg.log, port:10024, 10 time|
|1203_133950|Boot 10 time: takes 121 seconds >= 120, retry|
|1203_133950|/root/image/disk-8c9660f6.raw_bak -> /root/image/disk-8c9660f6.raw|
|1203_133951|Boot 10 >=10 times failed, bzImage:/var/www/html/bzimage/bzImage_b56ff195c317ad28c05d354aeecbb9995b8e08c1, skip!|
|1203_133951|/root/image/disk-8c9660f6.raw_bak -> /root/image/disk-8c9660f6.raw|
|1203_133953|/root/image/disk-8c9660f6.raw_bak -> /root/image/disk-8c9660f6.raw|
|1203_134103|git bisect skip b56ff195c317ad28c05d354aeecbb9995b8e08c1|
|1203_134105||/var/www/html/bzimage/bzImage_dc026a73c7221b4d9d146ed0bde69ff578ebe8dc| does not exist, will make it|
|1203_134105|nohup /home/code/vm_bisect/make_bz.sh -k /home/code/os.linux.intelnext.kernel -m dc026a73c7221b4d9d146ed0bde69ff578ebe8dc -d /var/www/html/bzimage -o /tmp/kernel -c /root/image/kconfig_syzkaller > /home/code/vm_bisect/nohup.log|
|1203_134959|/root/image/disk-8c9660f6.raw_bak -> /root/image/disk-8c9660f6.raw|
|1203_135012|BOOT_VM:/root/image/start4.sh | /var/www/html/bzimage/bzImage_dc026a73c7221b4d9d146ed0bde69ff578ebe8dc, /var/www/html/bzimage/1203_101808_blk_trace_ioctl/dc026a73c7221b4d9d146ed0bde69ff578ebe8dc_dmesg.log, port:10024, 1 time|
|1203_135030|It takes 18 seconds to find login:syzkaller login: |
|1203_135030|Boot 1 time: takes 18 seconds to boot up.|
|1203_135030|cmd=scp -o 'StrictHostKeyChecking no' -P 10024 /home/code/vm_bisect/repro.sh root@localhost:/root/repro.sh|
|1203_135037|Not C file, ssh -o ConnectTimeout=1 -o 'StrictHostKeyChecking no' -p 10024 localhost 'rm -rf /root/repro.c' ret:0|
|1203_135037|cmd=scp -o 'StrictHostKeyChecking no' -P 10024 /var/www/html/bzimage/1203_101808_blk_trace_ioctl/repro root@localhost:/root/repro|
|1203_135038|ssh -o ConnectTimeout=5 -o 'StrictHostKeyChecking no' -p 10024 localhost 'chmod 755 /root/repro.sh'|
|1203_135038|ssh -o ConnectTimeout=5 -o 'StrictHostKeyChecking no' -p 10024 localhost '/root/repro.sh'|
|1203_135038|Repro in vm 1 times ok, VM_ERR_NUM:0 is 0|
|1203_135411|/var/www/html/bzimage/bzImage_dc026a73c7221b4d9d146ed0bde69ff578ebe8dc didn't contain blk_trace_ioctl: in dmesg, pass|
|1203_135411|/root/image/disk-8c9660f6.raw_bak -> /root/image/disk-8c9660f6.raw|
|1203_135412|git bisect good dc026a73c7221b4d9d146ed0bde69ff578ebe8dc|
|1203_135413||/var/www/html/bzimage/bzImage_60900add85965bf4aba8d945f4766cfc7f81e8a2| does not exist, will make it|
|1203_135413|nohup /home/code/vm_bisect/make_bz.sh -k /home/code/os.linux.intelnext.kernel -m 60900add85965bf4aba8d945f4766cfc7f81e8a2 -d /var/www/html/bzimage -o /tmp/kernel -c /root/image/kconfig_syzkaller > /home/code/vm_bisect/nohup.log|
