c[?7l[2J[0mSeaBIOS (version rel-1.16.0-0-gd239552ce722-prebuilt.qemu.org)


iPXE (http://ipxe.org) 00:03.0 CA00 PCI2.10 PnP PMM+7FF91000+7FEF1000 CA00
Press Ctrl-B to configure iPXE (PCI 00:03.0)...                                                                               


Booting from ROM..c[?7l[2J[0m.[    0.000000] Linux version 5.12.0-rc3-19d3a81fd92d+ (root@p-adls01) (gcc (GCC) 11.4.1 20230605 (Red Hat 11.4.1-2), GNU ld version 2.35.2-42.el9) #1 SMP Tue Nov 28 23:49:33 CST 2023
[    0.000000] Command line: console=ttyS0 root=/dev/sda earlyprintk=serial net.ifnames=0 quiet plymouth.enable=0
[    0.000000] KERNEL supported cpus:
[    0.000000]   Intel GenuineIntel
[    0.000000]   AMD AuthenticAMD
[    0.000000]   Hygon HygonGenuine
[    0.000000]   Centaur CentaurHauls
[    0.000000]   zhaoxin   Shanghai  
[    0.000000] x86/fpu: Supporting XSAVE feature 0x001: 'x87 floating point registers'
[    0.000000] x86/fpu: Supporting XSAVE feature 0x002: 'SSE registers'
[    0.000000] x86/fpu: Supporting XSAVE feature 0x004: 'AVX registers'
[    0.000000] x86/fpu: Supporting XSAVE feature 0x200: 'Protection Keys User registers'
[    0.000000] x86/fpu: xstate_offset[2]:  576, xstate_sizes[2]:  256
[    0.000000] x86/fpu: xstate_offset[9]:  832, xstate_sizes[9]:    8
[    0.000000] x86/fpu: Enabled xstate features 0x207, context size is 840 bytes, using 'compacted' format.
[    0.000000] BIOS-provided physical RAM map:
[    0.000000] BIOS-e820: [mem 0x0000000000000000-0x000000000009fbff] usable
[    0.000000] BIOS-e820: [mem 0x000000000009fc00-0x000000000009ffff] reserved
[    0.000000] BIOS-e820: [mem 0x00000000000f0000-0x00000000000fffff] reserved
[    0.000000] BIOS-e820: [mem 0x0000000000100000-0x000000007ffdffff] usable
[    0.000000] BIOS-e820: [mem 0x000000007ffe0000-0x000000007fffffff] reserved
[    0.000000] BIOS-e820: [mem 0x00000000feffc000-0x00000000feffffff] reserved
[    0.000000] BIOS-e820: [mem 0x00000000fffc0000-0x00000000ffffffff] reserved
[    0.000000] printk: bootconsole [earlyser0] enabled
[    4.190250] systemd[1]: Failed to start Load Kernel Modules.
[[0;1;31mFAILED[0m] Failed to start [0;1;39mLoad Kernel Modules[0m.

CentOS Stream 9
Kernel 5.12.0-rc3-19d3a81fd92d+ on an x86_64

Activate the web console with: systemctl enable --now cockpit.socket

test login: [   15.429124] Adding 124996k swap on ./swap-file.  Priority:0 extents:1 across:124996k FS
[   15.499225] hrtimer: interrupt took 32972 ns
[   68.612983] watchdog: BUG: soft lockup - CPU#1 stuck for 22s! [repro:787]
[   68.613528] Modules linked in:
[   68.613762] irq event stamp: 4279232
[   68.614023] hardirqs last  enabled at (4279231): [<ffffffff84a47b25>] irqentry_exit+0x35/0x80
[   68.614641] hardirqs last disabled at (4279232): [<ffffffff84a46310>] sysvec_apic_timer_interrupt+0x10/0x90
[   68.615325] softirqs last  enabled at (4277792): [<ffffffff8120250c>] irq_exit_rcu+0x12c/0x1c0
[   68.615940] softirqs last disabled at (4277739): [<ffffffff8120250c>] irq_exit_rcu+0x12c/0x1c0
[   68.616549] CPU: 1 PID: 787 Comm: repro Not tainted 5.12.0-rc3-19d3a81fd92d+ #1
[   68.617064] Hardware name: QEMU Standard PC (i440FX + PIIX, 1996), BIOS rel-1.16.0-0-gd239552ce722-prebuilt.qemu.org 04/01/2014
[   68.617857] RIP: 0010:ftrace_ops_list_func+0x4b/0x3d0
[   68.618227] Code: 48 85 db 0f 84 1e 03 00 00 e8 51 e5 fa ff 48 8d bb 88 00 00 00 48 b8 00 00 00 00 00 fc ff df 48 89 fa 48 c1 ea 03 80 3c 02 00 <0f> 85 68 03 00 00 4c 8b a3 88 00 00 00 31 ff 4c 89 e6 e8 3e ea fa
[   68.619522] RSP: 0018:ffff888020a7f3b0 EFLAGS: 00000246
[   68.619900] RAX: dffffc0000000000 RBX: ffff888020a7f408 RCX: 0000000000000000
[   68.620407] RDX: 1ffff1100414fe92 RSI: ffffffff81563faf RDI: ffff888020a7f490
[   68.620910] RBP: ffff888020a7f3f8 R08: 0000000000000001 R09: ffffffff876f4437
[   68.621413] R10: fffffbfff0ede886 R11: 0000000000000001 R12: ffffffff8351f431
[   68.621916] R13: 0000000000000007 R14: 0000000000000004 R15: ffffffff861f3f40
[   68.622419] FS:  0000000000000000(0000) GS:ffff88805e300000(0000) knlGS:0000000000000000
[   68.622989] CS:  0010 DS: 0000 ES: 0000 CR0: 0000000080050033
[   68.623399] CR2: 0000000000000001 CR3: 0000000005e16000 CR4: 0000000000750ee0
[   68.623905] PKRU: 55555554
[   68.624108] Call Trace:
[   68.624291]  ? __text_poke+0x4d8/0x960
[   68.624570]  ? _raw_spin_trylock_bh+0x80/0x80
[   68.624891]  ? gma_to_ggtt_pte_index+0x1/0x40
[   68.625219]  ftrace_call+0x5/0x44
[   68.625467]  ? sysvec_apic_timer_interrupt+0x4b/0x90
[   68.625828]  ? asm_sysvec_apic_timer_interrupt+0x12/0x20
[   68.626221]  ? _raw_spin_unlock+0x5/0x30
[   68.626510]  ? __text_poke+0x74a/0x960
[   68.626787]  _raw_spin_unlock+0x5/0x30
[   68.627065]  __text_poke+0x4d8/0x960
[   68.627330]  ? _raw_spin_unlock+0x5/0x30
[   68.627617]  ? __text_poke+0x4d8/0x960
[   68.627904]  ? optimize_nops+0x2f0/0x2f0
[   68.628194]  ? gma_to_ggtt_pte_index+0x1/0x40
[   68.628512]  ? __text_poke+0x5/0x960
[   68.628777]  ? lock_is_held_type+0xe5/0x110
[   68.629086]  ? gma_to_ggtt_pte_index+0x1/0x40
[   68.629408]  text_poke+0x5a/0x90
[   68.629651]  text_poke_bp_batch+0x2e4/0x5a0
[   68.629962]  ? gma_to_ggtt_pte_index+0x1/0x40
[   68.630280]  ? alternatives_enable_smp+0xe0/0xe0
[   68.630618]  ? ftrace_caller_op_ptr+0xf/0x17
[   68.630936]  ? text_poke_bp_batch+0x5/0x5a0
[   68.631246]  ? intel_vgpu_dmabuf_cleanup+0x370/0x370
[   68.631611]  text_poke_queue+0xe7/0x170
[   68.631898]  ftrace_replace_code+0x1cc/0x2f0
[   68.632219]  ftrace_modify_all_code+0x1ac/0x270
[   68.632553]  arch_ftrace_update_code+0x9/0x10
[   68.632870]  ftrace_run_update_code+0x30/0xb0
[   68.633191]  ftrace_shutdown.part.0+0x45b/0x830
[   68.633522]  ? update_ftrace_function+0xe0/0x2d0
[   68.633868]  unregister_ftrace_function+0x61/0x90
[   68.634211]  perf_ftrace_event_register+0x19f/0x250
[   68.634570]  perf_trace_destroy+0x9e/0x100
[   68.634874]  tp_perf_event_destroy+0x16/0x20
[   68.635189]  ? perf_tp_event_init+0x120/0x120
[   68.635507]  _free_event+0x304/0x12f0
[   68.635787]  perf_event_release_kernel+0x65f/0x880
[   68.636141]  ? locks_remove_file+0x488/0x6e0
[   68.636460]  ? perf_remove_from_context+0x1f0/0x1f0
[   68.636816]  ? __sanitizer_cov_trace_const_cmp4+0x2a/0x90
[   68.637215]  perf_release+0x37/0x50
[   68.637475]  __fput+0x29e/0x960
[   68.637714]  ? perf_event_release_kernel+0x880/0x880
[   68.638080]  ____fput+0x1b/0x30
[   68.638316]  task_work_run+0xf1/0x1b0
[   68.638595]  do_exit+0xc22/0x27e0
[   68.638843]  ? do_group_exit+0x13a/0x330
[   68.639131]  ? mm_update_next_owner+0x7e0/0x7e0
[   68.639471]  ? mm_update_next_owner+0x7e0/0x7e0
[   68.639803]  ? ftrace_call+0x5/0x44
[   68.640067]  ? do_group_exit+0x12d/0x330
[   68.640358]  ? do_exit+0x5/0x27e0
[   68.640613]  do_group_exit+0x13a/0x330
[   68.640895]  get_signal+0x46e/0x2280
[   68.641179]  arch_do_signal_or_restart+0x2bd/0x1c40
[   68.641537]  ? ftrace_call+0x5/0x44
[   68.641797]  ? ftrace_call+0x5/0x44
[   68.642057]  ? __audit_syscall_exit+0x698/0xad0
[   68.642388]  ? perf_trace_buf_update+0x170/0x170
[   68.642726]  ? ftrace_ops_list_func+0x290/0x3d0
[   68.643057]  ? restore_sigcontext+0x740/0x740
[   68.643380]  ? ftrace_call+0x5/0x44
[   68.643643]  ? kfree+0x5/0x410
[   68.643882]  ? arch_do_signal_or_restart+0x5/0x1c40
[   68.644247]  exit_to_user_mode_prepare+0x15b/0x200
[   68.644601]  syscall_exit_to_user_mode+0x2c/0x60
[   68.644939]  do_syscall_64+0x45/0x50
[   68.645205]  entry_SYSCALL_64_after_hwframe+0x44/0xae
[   68.645570] RIP: 0033:0x7f702383de5d
[   68.645837] Code: Unable to access opcode bytes at RIP 0x7f702383de33.
[   68.646297] RSP: 002b:00007ffe8965f048 EFLAGS: 00000246 ORIG_RAX: 000000000000012a
[   68.646834] RAX: 0000000000000004 RBX: 0000000000000000 RCX: 00007f702383de5d
[   68.647338] RDX: 0000000000000000 RSI: 0000000000000000 RDI: 0000000020000580
[   68.647841] RBP: 00007ffe8965f250 R08: 0000000000000000 R09: 0000000000000003
[   68.648348] R10: 00000000ffffffff R11: 0000000000000246 R12: 00007ffe8965f3e8
[   68.648852] R13: 000000000040672d R14: 0000000000408e08 R15: 00007f7023a4a000
[   68.649373] Sending NMI from CPU 1 to CPUs 0:
[   68.649757] NMI backtrace for cpu 0 skipped: idling at native_safe_halt+0xe/0x10
[   68.650688] Kernel panic - not syncing: softlockup: hung tasks
[   68.651108] CPU: 1 PID: 787 Comm: repro Tainted: G             L    5.12.0-rc3-19d3a81fd92d+ #1
[   68.651722] Hardware name: QEMU Standard PC (i440FX + PIIX, 1996), BIOS rel-1.16.0-0-gd239552ce722-prebuilt.qemu.org 04/01/2014
[   68.652522] Call Trace:
[   68.652705]  <IRQ>
[   68.652864]  dump_stack+0x116/0x176
[   68.653133]  panic+0x2d9/0x738
[   68.653368]  ? __warn_printk+0xf8/0xf8
[   68.653650]  ? printk_safe_flush+0xf4/0x140
[   68.653962]  ? watchdog_timer_fn.cold+0xfc/0x142
[   68.654300]  ? watchdog_timer_fn.cold+0xfc/0x142
[   68.654644]  watchdog_timer_fn.cold+0x10d/0x142
[   68.654972]  ? lockup_detector_update_enable+0xa0/0xa0
[   68.655353]  __hrtimer_run_queues+0x1ef/0xc00
[   68.655687]  ? hrtimer_sleeper_start_expires+0x90/0x90
[   68.656063]  ? __hrtimer_run_queues+0x5/0xc00
[   68.656389]  hrtimer_interrupt+0x314/0x9d0
[   68.656706]  __sysvec_apic_timer_interrupt+0x107/0x410
[   68.657084]  sysvec_apic_timer_interrupt+0x74/0x90
[   68.657433]  </IRQ>
[   68.657597]  asm_sysvec_apic_timer_interrupt+0x12/0x20
[   68.657971] RIP: 0010:ftrace_ops_list_func+0x4b/0x3d0
[   68.658336] Code: 48 85 db 0f 84 1e 03 00 00 e8 51 e5 fa ff 48 8d bb 88 00 00 00 48 b8 00 00 00 00 00 fc ff df 48 89 fa 48 c1 ea 03 80 3c 02 00 <0f> 85 68 03 00 00 4c 8b a3 88 00 00 00 31 ff 4c 89 e6 e8 3e ea fa
[   68.659630] RSP: 0018:ffff888020a7f3b0 EFLAGS: 00000246
[   68.660009] RAX: dffffc0000000000 RBX: ffff888020a7f408 RCX: 0000000000000000
[   68.660513] RDX: 1ffff1100414fe92 RSI: ffffffff81563faf RDI: ffff888020a7f490
[   68.661017] RBP: ffff888020a7f3f8 R08: 0000000000000001 R09: ffffffff876f4437
[   68.661521] R10: fffffbfff0ede886 R11: 0000000000000001 R12: ffffffff8351f431
[   68.662024] R13: 0000000000000007 R14: 0000000000000004 R15: ffffffff861f3f40
[   68.662530]  ? gma_to_ggtt_pte_index+0x1/0x40
[   68.662855]  ? ftrace_ops_list_func+0x2f/0x3d0
[   68.663183]  ? __text_poke+0x4d8/0x960
[   68.663460]  ? _raw_spin_trylock_bh+0x80/0x80
[   68.663778]  ? gma_to_ggtt_pte_index+0x1/0x40
[   68.664102]  ftrace_call+0x5/0x44
[   68.664348]  ? sysvec_apic_timer_interrupt+0x4b/0x90
[   68.664711]  ? asm_sysvec_apic_timer_interrupt+0x12/0x20
[   68.665102]  ? _raw_spin_unlock+0x5/0x30
[   68.665392]  ? __text_poke+0x74a/0x960
[   68.665668]  _raw_spin_unlock+0x5/0x30
[   68.665945]  __text_poke+0x4d8/0x960
[   68.666210]  ? _raw_spin_unlock+0x5/0x30
[   68.666496]  ? __text_poke+0x4d8/0x960
[   68.666780]  ? optimize_nops+0x2f0/0x2f0
[   68.667069]  ? gma_to_ggtt_pte_index+0x1/0x40
[   68.667387]  ? __text_poke+0x5/0x960
[   68.667652]  ? lock_is_held_type+0xe5/0x110
[   68.667964]  ? gma_to_ggtt_pte_index+0x1/0x40
[   68.668285]  text_poke+0x5a/0x90
[   68.668529]  text_poke_bp_batch+0x2e4/0x5a0
[   68.668839]  ? gma_to_ggtt_pte_index+0x1/0x40
[   68.669157]  ? alternatives_enable_smp+0xe0/0xe0
[   68.669495]  ? ftrace_caller_op_ptr+0xf/0x17
[   68.669812]  ? text_poke_bp_batch+0x5/0x5a0
[   68.670121]  ? intel_vgpu_dmabuf_cleanup+0x370/0x370
[   68.670484]  text_poke_queue+0xe7/0x170
[   68.670771]  ftrace_replace_code+0x1cc/0x2f0
[   68.671089]  ftrace_modify_all_code+0x1ac/0x270
[   68.671423]  arch_ftrace_update_code+0x9/0x10
[   68.671741]  ftrace_run_update_code+0x30/0xb0
[   68.672063]  ftrace_shutdown.part.0+0x45b/0x830
[   68.672396]  ? update_ftrace_function+0xe0/0x2d0
[   68.672740]  unregister_ftrace_function+0x61/0x90
[   68.673087]  perf_ftrace_event_register+0x19f/0x250
[   68.673443]  perf_trace_destroy+0x9e/0x100
[   68.673747]  tp_perf_event_destroy+0x16/0x20
[   68.674058]  ? perf_tp_event_init+0x120/0x120
[   68.674376]  _free_event+0x304/0x12f0
[   68.674655]  perf_event_release_kernel+0x65f/0x880
[   68.675005]  ? locks_remove_file+0x488/0x6e0
[   68.675322]  ? perf_remove_from_context+0x1f0/0x1f0
[   68.675676]  ? __sanitizer_cov_trace_const_cmp4+0x2a/0x90
[   68.676076]  perf_release+0x37/0x50
[   68.676335]  __fput+0x29e/0x960
[   68.676572]  ? perf_event_release_kernel+0x880/0x880
[   68.676936]  ____fput+0x1b/0x30
[   68.677173]  task_work_run+0xf1/0x1b0
[   68.677451]  do_exit+0xc22/0x27e0
[   68.677697]  ? do_group_exit+0x13a/0x330
[   68.677986]  ? mm_update_next_owner+0x7e0/0x7e0
[   68.678323]  ? mm_update_next_owner+0x7e0/0x7e0
[   68.678654]  ? ftrace_call+0x5/0x44
[   68.678916]  ? do_group_exit+0x12d/0x330
[   68.679205]  ? do_exit+0x5/0x27e0
[   68.679459]  do_group_exit+0x13a/0x330
[   68.679740]  get_signal+0x46e/0x2280
[   68.680027]  arch_do_signal_or_restart+0x2bd/0x1c40
[   68.680383]  ? ftrace_call+0x5/0x44
[   68.680643]  ? ftrace_call+0x5/0x44
[   68.680903]  ? __audit_syscall_exit+0x698/0xad0
[   68.681237]  ? perf_trace_buf_update+0x170/0x170
[   68.681574]  ? ftrace_ops_list_func+0x290/0x3d0
[   68.681905]  ? restore_sigcontext+0x740/0x740
[   68.682232]  ? ftrace_call+0x5/0x44
[   68.682495]  ? kfree+0x5/0x410
[   68.682731]  ? arch_do_signal_or_restart+0x5/0x1c40
[   68.683092]  exit_to_user_mode_prepare+0x15b/0x200
[   68.683443]  syscall_exit_to_user_mode+0x2c/0x60
[   68.683783]  do_syscall_64+0x45/0x50
[   68.684050]  entry_SYSCALL_64_after_hwframe+0x44/0xae
[   68.684415] RIP: 0033:0x7f702383de5d
[   68.684678] Code: Unable to access opcode bytes at RIP 0x7f702383de33.
[   68.685138] RSP: 002b:00007ffe8965f048 EFLAGS: 00000246 ORIG_RAX: 000000000000012a
[   68.685676] RAX: 0000000000000004 RBX: 0000000000000000 RCX: 00007f702383de5d
[   68.686179] RDX: 0000000000000000 RSI: 0000000000000000 RDI: 0000000020000580
[   68.686682] RBP: 00007ffe8965f250 R08: 0000000000000000 R09: 0000000000000003
[   68.687184] R10: 00000000ffffffff R11: 0000000000000246 R12: 00007ffe8965f3e8
[   68.687686] R13: 000000000040672d R14: 0000000000408e08 R15: 00007f7023a4a000
[   68.688488] Kernel Offset: disabled
[   68.688771] ---[ end Kernel panic - not syncing: softlockup: hung tasks ]---
