c[?7l[2J[0mSeaBIOS (version rel-1.16.0-0-gd239552ce722-prebuilt.qemu.org)


iPXE (http://ipxe.org) 00:03.0 CA00 PCI2.10 PnP PMM+7FF91000+7FEF1000 CA00
Press Ctrl-B to configure iPXE (PCI 00:03.0)...                                                                               


Booting from ROM..c[?7l[2J[    0.000000] Linux version 5.12.0-rc3-97ba62b27867+ (root@p-adls01) (gcc (GCC) 11.4.1 20230605 (Red Hat 11.4.1-2), GNU ld version 2.35.2-42.el9) #1 SMP Wed Nov 29 03:26:29 CST 2023
[    0.000000] Command line: console=ttyS0 root=/dev/sda earlyprintk=serial net.ifnames=0 quiet plymouth.enable=0
[    0.000000] KERNEL supported cpus:
[    0.000000]   Intel GenuineIntel
[    0.000000]   AMD AuthenticAMD
[    0.000000]   Hygon HygonGenuine
[    0.000000]   Centaur CentaurHauls
[    0.000000]   zhaoxin   Shanghai  
[    0.000000] x86/fpu: Supporting XSAVE feature 0x001: 'x87 floating point registers'
[    0.000000] x86/fpu: Supporting XSAVE feature 0x002: 'SSE registers'
[    0.000000] x86/fpu: Supporting XSAVE feature 0x004: 'AVX registers'
[    0.000000] x86/fpu: Supporting XSAVE feature 0x200: 'Protection Keys User registers'
[    0.000000] x86/fpu: xstate_offset[2]:  576, xstate_sizes[2]:  256
[    0.000000] x86/fpu: xstate_offset[9]:  832, xstate_sizes[9]:    8
[    0.000000] x86/fpu: Enabled xstate features 0x207, context size is 840 bytes, using 'compacted' format.
[    0.000000] BIOS-provided physical RAM map:
[    0.000000] BIOS-e820: [mem 0x0000000000000000-0x000000000009fbff] usable
[    0.000000] BIOS-e820: [mem 0x000000000009fc00-0x000000000009ffff] reserved
[    0.000000] BIOS-e820: [mem 0x00000000000f0000-0x00000000000fffff] reserved
[    0.000000] BIOS-e820: [mem 0x0000000000100000-0x000000007ffdffff] usable
[    0.000000] BIOS-e820: [mem 0x000000007ffe0000-0x000000007fffffff] reserved
[    0.000000] BIOS-e820: [mem 0x00000000feffc000-0x00000000feffffff] reserved
[    0.000000] BIOS-e820: [mem 0x00000000fffc0000-0x00000000ffffffff] reserved
[    0.000000] printk: bootconsole [earlyser0] enabled
[    4.066298] systemd[1]: Failed to start Load Kernel Modules.
[[0;1;31mFAILED[0m] Failed to start [0;1;39mLoad Kernel Modules[0m.

CentOS Stream 9
Kernel 5.12.0-rc3-97ba62b27867+ on an x86_64

Activate the web console with: systemctl enable --now cockpit.socket

test login: [   15.534025] Adding 124996k swap on ./swap-file.  Priority:0 extents:1 across:124996k FS
[   15.636943] hrtimer: interrupt took 40150 ns
[   40.597891] watchdog: BUG: soft lockup - CPU#0 stuck for 22s! [repro:778]
[   40.598480] Modules linked in:
[   40.598755] irq event stamp: 1594918
[   40.599049] hardirqs last  enabled at (1594917): [<ffffffff84a44245>] irqentry_exit+0x35/0x80
[   40.599730] hardirqs last disabled at (1594918): [<ffffffff84a42a30>] sysvec_apic_timer_interrupt+0x10/0x90
[   40.600481] softirqs last  enabled at (200032): [<ffffffff811ff50c>] irq_exit_rcu+0x12c/0x1c0
[   40.601155] softirqs last disabled at (199777): [<ffffffff811ff50c>] irq_exit_rcu+0x12c/0x1c0
[   40.601818] CPU: 0 PID: 778 Comm: repro Not tainted 5.12.0-rc3-97ba62b27867+ #1
[   40.602390] Hardware name: QEMU Standard PC (i440FX + PIIX, 1996), BIOS rel-1.16.0-0-gd239552ce722-prebuilt.qemu.org 04/01/2014
[   40.603262] RIP: 0010:__sanitizer_cov_trace_pc+0x60/0x70
[   40.603696] Code: 82 08 1d 00 00 83 f8 02 75 20 48 8b 8a 10 1d 00 00 8b 92 0c 1d 00 00 48 8b 01 48 83 c0 01 48 39 c2 76 07 48 89 34 c1 48 89 01 <5d> c3 66 66 2e 0f 1f 84 00 00 00 00 00 0f 1f 00 e8 3b db c5 ff 55
[   40.605099] RSP: 0018:ffff88801687f610 EFLAGS: 00000293
[   40.605527] RAX: 0000000000000000 RBX: 1ffff11002d0fec5 RCX: 0000000000000000
[   40.606083] RDX: ffff88800fea8000 RSI: ffffffff81560f1b RDI: ffff888008bdcef0
[   40.606639] RBP: ffff88801687f610 R08: 0000000000000001 R09: ffff888008a7aea3
[   40.607195] R10: ffffed100114f5d4 R11: 0000000000000001 R12: ffff888008bdcef0
[   40.607752] R13: ffff88801687f748 R14: ffffffff810c10e0 R15: dffffc0000000000
[   40.608309] FS:  00007f1cf9629800(0000) GS:ffff88805e200000(0000) knlGS:0000000000000000
[   40.608936] CS:  0010 DS: 0000 ES: 0000 CR0: 0000000080050033
[   40.609393] CR2: 0000000000000001 CR3: 000000001e300000 CR4: 0000000000750ef0
[   40.609951] PKRU: 55555554
[   40.610181] Call Trace:
[   40.610397]  ftrace_ops_test+0x17b/0x1e0
[   40.610737]  ? ftrace_free_filter+0x200/0x200
[   40.611094]  ? ftrace_ops_test+0x137/0x1e0
[   40.611444]  ? ftrace_free_filter+0x200/0x200
[   40.611814]  ? ftrace_ops_list_func+0x290/0x3d0
[   40.612183]  ? _raw_spin_unlock+0x23/0x30
[   40.612523]  ? do_raw_spin_trylock+0x190/0x190
[   40.612924]  ? ftrace_call+0x5/0x44
[   40.613222]  ? lock_release+0x205/0x850
[   40.613570]  ? lock_downgrade+0x7d0/0x7d0
[   40.613950]  ftrace_ops_list_func+0x2e1/0x3d0
[   40.614307]  ? text_poke+0x5a/0x90
[   40.614599]  ? optimize_nops+0x2f0/0x2f0
[   40.614932]  ? dma_fence_array_enable_signaling+0x460/0x460
[   40.615404]  ftrace_call+0x5/0x44
[   40.615739]  ? dma_fence_array_enable_signaling+0x460/0x460
[   40.616192]  ? __text_poke+0x5/0x960
[   40.616497]  ? lock_is_held_type+0xe5/0x110
[   40.616857]  __text_poke+0x5/0x960
[   40.617153]  text_poke+0x5a/0x90
[   40.617433]  ? __text_poke+0x5/0x960
[   40.617734]  ? text_poke+0x5a/0x90
[   40.618039]  text_poke_bp_batch+0x3e2/0x5a0
[   40.618411]  ? scsi_internal_device_unblock_nowait+0x1/0x160
[   40.618876]  ? alternatives_enable_smp+0xe0/0xe0
[   40.619268]  ? 0xffffffffa02980cc
[   40.619586]  ? text_poke_bp_batch+0x5/0x5a0
[   40.619953]  ? scsi_internal_device_unblock_nowait+0x160/0x160
[   40.620439]  text_poke_queue+0xe7/0x170
[   40.620792]  ftrace_replace_code+0x1cc/0x2f0
[   40.621181]  ftrace_modify_all_code+0x1ac/0x270
[   40.621574]  arch_ftrace_update_code+0x9/0x10
[   40.621938]  ftrace_run_update_code+0x30/0xb0
[   40.622311]  ftrace_startup+0x257/0x430
[   40.622670]  register_ftrace_function+0x65/0x110
[   40.623066]  perf_ftrace_event_register+0x15f/0x250
[   40.623485]  perf_trace_event_init+0x18d/0x9e0
[   40.623872]  ? perf_trace_init+0xc3/0x250
[   40.624232]  perf_trace_init+0x189/0x250
[   40.624589]  perf_tp_event_init+0xa6/0x120
[   40.624951]  perf_try_init_event+0x13b/0x5a0
[   40.625320]  ? perf_event_alloc.part.0+0xef6/0x3980
[   40.625733]  perf_event_alloc.part.0+0xea3/0x3980
[   40.626120]  ? lock_release+0x205/0x850
[   40.626543]  __do_sys_perf_event_open+0x533/0x2ff0
[   40.626943]  ? lock_release+0x205/0x850
[   40.627291]  ? lock_downgrade+0x7d0/0x7d0
[   40.627659]  ? perf_event_set_output+0x4d0/0x4d0
[   40.628037]  ? lockdep_hardirqs_on+0x7e/0x100
[   40.628402]  ? ktime_get_coarse_real_ts64+0x177/0x1b0
[   40.628820]  ? trace_hardirqs_on+0x6a/0x190
[   40.629237]  ? lock_is_held_type+0x55/0x110
[   40.629639]  __x64_sys_perf_event_open+0xbe/0x140
[   40.630033]  ? syscall_enter_from_user_mode+0x4c/0x60
[   40.630458]  do_syscall_64+0x38/0x50
[   40.630769]  entry_SYSCALL_64_after_hwframe+0x44/0xae
[   40.631180] RIP: 0033:0x7f1cf966ae5d
[   40.631485] Code: ff c3 66 2e 0f 1f 84 00 00 00 00 00 90 f3 0f 1e fa 48 89 f8 48 89 f7 48 89 d6 48 89 ca 4d 89 c2 4d 89 c8 4c 8b 4c 24 08 0f 05 <48> 3d 01 f0 ff ff 73 01 c3 48 8b 0d 93 af 1b 00 f7 d8 64 89 01 48
[   40.632902] RSP: 002b:00007ffdc300dd38 EFLAGS: 00000246 ORIG_RAX: 000000000000012a
[   40.633510] RAX: ffffffffffffffda RBX: 0000000000000000 RCX: 00007f1cf966ae5d
[   40.634070] RDX: 0000000000000000 RSI: 0000000000000000 RDI: 0000000020000580
[   40.634629] RBP: 00007ffdc300df40 R08: 0000000000000000 R09: 0000000000000003
[   40.635187] R10: 00000000ffffffff R11: 0000000000000246 R12: 00007ffdc300e0d8
[   40.635747] R13: 000000000040672d R14: 0000000000408e08 R15: 00007f1cf9877000
[   40.636395] Sending NMI from CPU 0 to CPUs 1:
[   40.636898] NMI backtrace for cpu 1 skipped: idling at native_safe_halt+0xe/0x10
[   40.637752] Kernel panic - not syncing: softlockup: hung tasks
[   40.638218] CPU: 0 PID: 778 Comm: repro Tainted: G             L    5.12.0-rc3-97ba62b27867+ #1
[   40.638890] Hardware name: QEMU Standard PC (i440FX + PIIX, 1996), BIOS rel-1.16.0-0-gd239552ce722-prebuilt.qemu.org 04/01/2014
[   40.639763] Call Trace:
[   40.639975]  <IRQ>
[   40.640158]  dump_stack+0x116/0x176
[   40.640480]  panic+0x2d9/0x738
[   40.640755]  ? __warn_printk+0xf8/0xf8
[   40.641089]  ? printk_safe_flush+0xf4/0x140
[   40.641463]  ? watchdog_timer_fn.cold+0xfc/0x142
[   40.641848]  ? watchdog_timer_fn.cold+0xfc/0x142
[   40.642265]  watchdog_timer_fn.cold+0x10d/0x142
[   40.642639]  ? lockup_detector_update_enable+0xa0/0xa0
[   40.643074]  __hrtimer_run_queues+0x1ef/0xc00
[   40.643507]  ? hrtimer_sleeper_start_expires+0x90/0x90
[   40.643942]  ? __hrtimer_run_queues+0x5/0xc00
[   40.644344]  hrtimer_interrupt+0x314/0x9d0
[   40.644778]  __sysvec_apic_timer_interrupt+0x107/0x410
[   40.645214]  sysvec_apic_timer_interrupt+0x74/0x90
[   40.645612]  </IRQ>
[   40.645812]  asm_sysvec_apic_timer_interrupt+0x12/0x20
[   40.646231] RIP: 0010:__sanitizer_cov_trace_pc+0x60/0x70
[   40.646662] Code: 82 08 1d 00 00 83 f8 02 75 20 48 8b 8a 10 1d 00 00 8b 92 0c 1d 00 00 48 8b 01 48 83 c0 01 48 39 c2 76 07 48 89 34 c1 48 89 01 <5d> c3 66 66 2e 0f 1f 84 00 00 00 00 00 0f 1f 00 e8 3b db c5 ff 55
[   40.648083] RSP: 0018:ffff88801687f610 EFLAGS: 00000293
[   40.648515] RAX: 0000000000000000 RBX: 1ffff11002d0fec5 RCX: 0000000000000000
[   40.649075] RDX: ffff88800fea8000 RSI: ffffffff81560f1b RDI: ffff888008bdcef0
[   40.649637] RBP: ffff88801687f610 R08: 0000000000000001 R09: ffff888008a7aea3
[   40.650197] R10: ffffed100114f5d4 R11: 0000000000000001 R12: ffff888008bdcef0
[   40.650757] R13: ffff88801687f748 R14: ffffffff810c10e0 R15: dffffc0000000000
[   40.651322]  ? optimize_nops+0x2f0/0x2f0
[   40.651696]  ? ftrace_ops_test+0x17b/0x1e0
[   40.652068]  ftrace_ops_test+0x17b/0x1e0
[   40.652408]  ? ftrace_free_filter+0x200/0x200
[   40.652770]  ? ftrace_ops_test+0x137/0x1e0
[   40.653123]  ? ftrace_free_filter+0x200/0x200
[   40.653498]  ? ftrace_ops_list_func+0x290/0x3d0
[   40.653870]  ? _raw_spin_unlock+0x23/0x30
[   40.654212]  ? do_raw_spin_trylock+0x190/0x190
[   40.654610]  ? ftrace_call+0x5/0x44
[   40.654905]  ? lock_release+0x205/0x850
[   40.655254]  ? lock_downgrade+0x7d0/0x7d0
[   40.655635]  ftrace_ops_list_func+0x2e1/0x3d0
[   40.655995]  ? text_poke+0x5a/0x90
[   40.656288]  ? optimize_nops+0x2f0/0x2f0
[   40.656625]  ? dma_fence_array_enable_signaling+0x460/0x460
[   40.657092]  ftrace_call+0x5/0x44
[   40.657437]  ? dma_fence_array_enable_signaling+0x460/0x460
[   40.657892]  ? __text_poke+0x5/0x960
[   40.658198]  ? lock_is_held_type+0xe5/0x110
[   40.658562]  __text_poke+0x5/0x960
[   40.658856]  text_poke+0x5a/0x90
[   40.659136]  ? __text_poke+0x5/0x960
[   40.659437]  ? text_poke+0x5a/0x90
[   40.659742]  text_poke_bp_batch+0x3e2/0x5a0
[   40.660116]  ? scsi_internal_device_unblock_nowait+0x1/0x160
[   40.660581]  ? alternatives_enable_smp+0xe0/0xe0
[   40.660973]  ? 0xffffffffa02980cc
[   40.661295]  ? text_poke_bp_batch+0x5/0x5a0
[   40.661663]  ? scsi_internal_device_unblock_nowait+0x160/0x160
[   40.662149]  text_poke_queue+0xe7/0x170
[   40.662502]  ftrace_replace_code+0x1cc/0x2f0
[   40.662889]  ftrace_modify_all_code+0x1ac/0x270
[   40.663283]  arch_ftrace_update_code+0x9/0x10
[   40.663647]  ftrace_run_update_code+0x30/0xb0
[   40.664020]  ftrace_startup+0x257/0x430
[   40.664380]  register_ftrace_function+0x65/0x110
[   40.664776]  perf_ftrace_event_register+0x15f/0x250
[   40.665197]  perf_trace_event_init+0x18d/0x9e0
[   40.665585]  ? perf_trace_init+0xc3/0x250
[   40.665944]  perf_trace_init+0x189/0x250
[   40.666301]  perf_tp_event_init+0xa6/0x120
[   40.666656]  perf_try_init_event+0x13b/0x5a0
[   40.667024]  ? perf_event_alloc.part.0+0xef6/0x3980
[   40.667437]  perf_event_alloc.part.0+0xea3/0x3980
[   40.667824]  ? lock_release+0x205/0x850
[   40.668247]  __do_sys_perf_event_open+0x533/0x2ff0
[   40.668647]  ? lock_release+0x205/0x850
[   40.668995]  ? lock_downgrade+0x7d0/0x7d0
[   40.669365]  ? perf_event_set_output+0x4d0/0x4d0
[   40.669744]  ? lockdep_hardirqs_on+0x7e/0x100
[   40.670109]  ? ktime_get_coarse_real_ts64+0x177/0x1b0
[   40.670524]  ? trace_hardirqs_on+0x6a/0x190
[   40.670937]  ? lock_is_held_type+0x55/0x110
[   40.671340]  __x64_sys_perf_event_open+0xbe/0x140
[   40.671734]  ? syscall_enter_from_user_mode+0x4c/0x60
[   40.672159]  do_syscall_64+0x38/0x50
[   40.672473]  entry_SYSCALL_64_after_hwframe+0x44/0xae
[   40.672885] RIP: 0033:0x7f1cf966ae5d
[   40.673191] Code: ff c3 66 2e 0f 1f 84 00 00 00 00 00 90 f3 0f 1e fa 48 89 f8 48 89 f7 48 89 d6 48 89 ca 4d 89 c2 4d 89 c8 4c 8b 4c 24 08 0f 05 <48> 3d 01 f0 ff ff 73 01 c3 48 8b 0d 93 af 1b 00 f7 d8 64 89 01 48
[   40.674613] RSP: 002b:00007ffdc300dd38 EFLAGS: 00000246 ORIG_RAX: 000000000000012a
[   40.675219] RAX: ffffffffffffffda RBX: 0000000000000000 RCX: 00007f1cf966ae5d
[   40.675778] RDX: 0000000000000000 RSI: 0000000000000000 RDI: 0000000020000580
[   40.676339] RBP: 00007ffdc300df40 R08: 0000000000000000 R09: 0000000000000003
[   40.676898] R10: 00000000ffffffff R11: 0000000000000246 R12: 00007ffdc300e0d8
[   40.677461] R13: 000000000040672d R14: 0000000000408e08 R15: 00007f1cf9877000
[   40.678394] Kernel Offset: disabled
[   40.678739] ---[ end Kernel panic - not syncing: softlockup: hung tasks ]---
