|1128_081400|cmd=cd /root/internal-devel|
|1128_081400|git log 2cc14f52aeb78ce3f29677c2de1f06c0e91471ab check_result:commit 2cc14f52aeb78ce3f29677c2de1f06c0e91471ab|
|1128_081400|git log f40ddce88593482919761f74910f42f4b84c004b check_result:commit f40ddce88593482919761f74910f42f4b84c004b|
|1128_081400|cmd=git checkout -f 2cc14f52aeb78ce3f29677c2de1f06c0e91471ab|
|1128_081401|cmd=cd /root/internal-devel|
|1128_081401||/var/www/html/bzimage/bzImage_2cc14f52aeb78ce3f29677c2de1f06c0e91471ab| exist, no need make|
|1128_081401|/root/image/centos9_3.img -> /root/image/centos9_2.img|
|1128_081415|Run /var/www/html/bzimage/bzImage_2cc14f52aeb78ce3f29677c2de1f06c0e91471ab with image:/root/image/centos9_2.img in local port:10022, 1 time|
|1128_081430|It takes 15 seconds to find login:test login: |
|1128_081430|Boot 1 time: takes 15 seconds to boot up.|
|1128_081430|cmd=ssh -o ConnectTimeout=1 -o 'StrictHostKeyChecking no' -p 10022 localhost 'rm -rf file*'|
|1128_081431|cmd=scp -o 'StrictHostKeyChecking no' -P 10022 /root/bzimage_bisect/repro.sh root@localhost:/root/repro.sh|
|1128_081432|cmd=scp -o 'StrictHostKeyChecking no' -P 10022 /root/syzkaller/workdir/crashes/e8114cafb42ae706829a5a4a0720c7c81fcde438/repro.cprog root@localhost:/root/repro.c|
|1128_081434|ssh -o ConnectTimeout=1 -o 'StrictHostKeyChecking no' -p 10022 localhost 'chmod 755 /root/repro.sh'|
|1128_081434|ssh -o ConnectTimeout=1 -o 'StrictHostKeyChecking no' -p 10022 localhost '/root/repro.sh'|
|1128_083955|/var/www/html/bzimage/bzImage_2cc14f52aeb78ce3f29677c2de1f06c0e91471ab contained perf_tp_event_init:[ 1537.319583]  perf_tp_event_init+0xaf/0x130
[ 1537.332384]  perf_tp_event_init+0xaf/0x130
[ 1537.345236]  perf_tp_event_init+0xaf/0x130
[ 1537.358051]  perf_tp_event_init+0xaf/0x130, FAIL|
|1128_083955|Found time:1537 in /var/www/html/bzimage/1128_081400_perf_tp_event_init/2cc14f52aeb78ce3f29677c2de1f06c0e91471ab_dmesg.log|
|1128_083955|Logic: |<=25: +25|25-100 +180|>100 +1800| Set TIME:3337|
|1128_083955|-END- commit 2cc14f52aeb78ce3f29677c2de1f06c0e91471ab FAIL bad|
|1128_083955|issue_folder alreayd exist:/var/www/html//syzkaller/2023_11_28/e8114cafb42ae706829a5a4a0720c7c81fcde438|
|1128_083955|cmd=cp -rf /root/syzkaller/workdir/crashes/e8114cafb42ae706829a5a4a0720c7c81fcde438/repro.cprog /var/www/html//syzkaller/2023_11_28/e8114cafb42ae706829a5a4a0720c7c81fcde438/repro.c|
|1128_083955|gcc -pthread /var/www/html//syzkaller/2023_11_28/e8114cafb42ae706829a5a4a0720c7c81fcde438/repro.c -o /var/www/html//syzkaller/2023_11_28/e8114cafb42ae706829a5a4a0720c7c81fcde438/repro|
|1128_083955|cmd=cp -rf /root/syzkaller/workdir/crashes/e8114cafb42ae706829a5a4a0720c7c81fcde438/description /var/www/html//syzkaller/2023_11_28/e8114cafb42ae706829a5a4a0720c7c81fcde438|
|1128_083955|FAIL|cp /root/syzkaller/workdir/crashes/e8114cafb42ae706829a5a4a0720c7c81fcde438/machineInfo0 /var/www/html/bzimage/1128_081400_perf_tp_event_init/machineInfo0 failed!|
|1128_083955|FAIL|cp /root/syzkaller/workdir/crashes/e8114cafb42ae706829a5a4a0720c7c81fcde438/report0 /var/www/html/bzimage/1128_081400_perf_tp_event_init/report0 failed!|
|1128_083955|FAIL|cp /root/syzkaller/workdir/crashes/e8114cafb42ae706829a5a4a0720c7c81fcde438/log0 /var/www/html/bzimage/1128_081400_perf_tp_event_init/log0 failed!|
|1128_083957|wget https://raw.githubusercontent.com/xupengfe/kconfig_diff/main/config-5.18rc4i_kvm -O /var/www/html/bzimage/1128_081400_perf_tp_event_init/kconfig_origin:0|
|1128_083957|cmd=cd /root/internal-devel|
|1128_083957||/var/www/html/bzimage/bzImage_f40ddce88593482919761f74910f42f4b84c004b| exist, no need make|
|1128_083957|/root/image/centos9_3.img -> /root/image/centos9_2.img|
|1128_084016|Run /var/www/html/bzimage/bzImage_f40ddce88593482919761f74910f42f4b84c004b with image:/root/image/centos9_2.img in local port:10022, 1 time|
|1128_084028|It takes 12 seconds to find login:test login: |
|1128_084028|Boot 1 time: takes 12 seconds to boot up.|
|1128_084028|cmd=ssh -o ConnectTimeout=1 -o 'StrictHostKeyChecking no' -p 10022 localhost 'rm -rf file*'|
|1128_084029|cmd=scp -o 'StrictHostKeyChecking no' -P 10022 /root/bzimage_bisect/repro.sh root@localhost:/root/repro.sh|
|1128_084030|cmd=scp -o 'StrictHostKeyChecking no' -P 10022 /root/syzkaller/workdir/crashes/e8114cafb42ae706829a5a4a0720c7c81fcde438/repro.cprog root@localhost:/root/repro.c|
|1128_084032|ssh -o ConnectTimeout=1 -o 'StrictHostKeyChecking no' -p 10022 localhost 'chmod 755 /root/repro.sh'|
|1128_084032|ssh -o ConnectTimeout=1 -o 'StrictHostKeyChecking no' -p 10022 localhost '/root/repro.sh'|
|1128_093609|/var/www/html/bzimage/bzImage_f40ddce88593482919761f74910f42f4b84c004b didn't contain perf_tp_event_init: in dmesg, pass|
|1128_093609|Start commit f40ddce88593482919761f74910f42f4b84c004b PASS good|
|1128_093609|cmd=git checkout -f 2cc14f52aeb78ce3f29677c2de1f06c0e91471ab|
|1128_093609|cmd=git bisect start|
|1128_093609|cmd=git bisect bad 2cc14f52aeb78ce3f29677c2de1f06c0e91471ab|
|1128_093609|Bisect first start commit:f40ddce88593482919761f74910f42f4b84c004b|
|1128_093609|git bisect good f40ddce88593482919761f74910f42f4b84c004b|
|1128_093639||/var/www/html/bzimage/bzImage_b7d8912cfd1b72c970f727d7da1c8274d5b18803| exist, no need make|
|1128_093639|/root/image/centos9_3.img -> /root/image/centos9_2.img|
|1128_093654|Run /var/www/html/bzimage/bzImage_b7d8912cfd1b72c970f727d7da1c8274d5b18803 with image:/root/image/centos9_2.img in local port:10022, 1 time|
|1128_093707|It takes 13 seconds to find login:test login: |
|1128_093707|Boot 1 time: takes 13 seconds to boot up.|
|1128_093707|cmd=ssh -o ConnectTimeout=1 -o 'StrictHostKeyChecking no' -p 10022 localhost 'rm -rf file*'|
|1128_093708|cmd=scp -o 'StrictHostKeyChecking no' -P 10022 /root/bzimage_bisect/repro.sh root@localhost:/root/repro.sh|
|1128_093709|cmd=scp -o 'StrictHostKeyChecking no' -P 10022 /root/syzkaller/workdir/crashes/e8114cafb42ae706829a5a4a0720c7c81fcde438/repro.cprog root@localhost:/root/repro.c|
|1128_093711|ssh -o ConnectTimeout=1 -o 'StrictHostKeyChecking no' -p 10022 localhost 'chmod 755 /root/repro.sh'|
|1128_093711|ssh -o ConnectTimeout=1 -o 'StrictHostKeyChecking no' -p 10022 localhost '/root/repro.sh'|
|1128_103248|/var/www/html/bzimage/bzImage_b7d8912cfd1b72c970f727d7da1c8274d5b18803 contained perf_tp_event_init:[   44.664216]  perf_tp_event_init+0xaf/0x130
[   44.684786]  perf_tp_event_init+0xaf/0x130, FAIL|
|1128_103248|git bisect bad b7d8912cfd1b72c970f727d7da1c8274d5b18803|
|1128_103259|nohup /root/bzimage_bisect/make_bz.sh -k /root/internal-devel -m 7df621a3eea6761bc83e641aaca6963210c7290d -d /var/www/html/bzimage -o /tmp/kernel|
|1128_104939|/root/image/centos9_3.img -> /root/image/centos9_2.img|
|1128_105005|Run /var/www/html/bzimage/bzImage_7df621a3eea6761bc83e641aaca6963210c7290d with image:/root/image/centos9_2.img in local port:10022, 1 time|
|1128_105018|It takes 12 seconds to find login:test login: |
|1128_105018|Boot 1 time: takes 12 seconds to boot up.|
|1128_105018|cmd=ssh -o ConnectTimeout=1 -o 'StrictHostKeyChecking no' -p 10022 localhost 'rm -rf file*'|
|1128_105018|cmd=scp -o 'StrictHostKeyChecking no' -P 10022 /root/bzimage_bisect/repro.sh root@localhost:/root/repro.sh|
|1128_105019|cmd=scp -o 'StrictHostKeyChecking no' -P 10022 /root/syzkaller/workdir/crashes/e8114cafb42ae706829a5a4a0720c7c81fcde438/repro.cprog root@localhost:/root/repro.c|
|1128_105021|ssh -o ConnectTimeout=1 -o 'StrictHostKeyChecking no' -p 10022 localhost 'chmod 755 /root/repro.sh'|
|1128_105021|ssh -o ConnectTimeout=1 -o 'StrictHostKeyChecking no' -p 10022 localhost '/root/repro.sh'|
|1128_114558|/var/www/html/bzimage/bzImage_7df621a3eea6761bc83e641aaca6963210c7290d contained perf_tp_event_init:[   40.666399]  perf_tp_event_init+0xa6/0x120
[   40.702278]  perf_tp_event_init+0xa6/0x120, FAIL|
|1128_114558|git bisect bad 7df621a3eea6761bc83e641aaca6963210c7290d|
|1128_114604|nohup /root/bzimage_bisect/make_bz.sh -k /root/internal-devel -m 0d155170d6eebbd6c50e16bc928c31b3f5473025 -d /var/www/html/bzimage -o /tmp/kernel|
|1128_120113|/root/image/centos9_3.img -> /root/image/centos9_2.img|
|1128_120133|Run /var/www/html/bzimage/bzImage_0d155170d6eebbd6c50e16bc928c31b3f5473025 with image:/root/image/centos9_2.img in local port:10022, 1 time|
|1128_120145|It takes 12 seconds to find login:test login: |
|1128_120145|Boot 1 time: takes 12 seconds to boot up.|
|1128_120145|cmd=ssh -o ConnectTimeout=1 -o 'StrictHostKeyChecking no' -p 10022 localhost 'rm -rf file*'|
|1128_120146|cmd=scp -o 'StrictHostKeyChecking no' -P 10022 /root/bzimage_bisect/repro.sh root@localhost:/root/repro.sh|
|1128_120147|cmd=scp -o 'StrictHostKeyChecking no' -P 10022 /root/syzkaller/workdir/crashes/e8114cafb42ae706829a5a4a0720c7c81fcde438/repro.cprog root@localhost:/root/repro.c|
|1128_120148|ssh -o ConnectTimeout=1 -o 'StrictHostKeyChecking no' -p 10022 localhost 'chmod 755 /root/repro.sh'|
|1128_120149|ssh -o ConnectTimeout=1 -o 'StrictHostKeyChecking no' -p 10022 localhost '/root/repro.sh'|
|1128_125726|/var/www/html/bzimage/bzImage_0d155170d6eebbd6c50e16bc928c31b3f5473025 contained perf_tp_event_init:[   44.651913]  perf_tp_event_init+0xa6/0x120
[   44.691996]  perf_tp_event_init+0xa6/0x120, FAIL|
|1128_125726|git bisect bad 0d155170d6eebbd6c50e16bc928c31b3f5473025|
|1128_125730|nohup /root/bzimage_bisect/make_bz.sh -k /root/internal-devel -m 9fb434bcf825f112b3a0f2f9aa344b97b6b2bb99 -d /var/www/html/bzimage -o /tmp/kernel|
|1128_131334|/root/image/centos9_3.img -> /root/image/centos9_2.img|
|1128_131353|Run /var/www/html/bzimage/bzImage_9fb434bcf825f112b3a0f2f9aa344b97b6b2bb99 with image:/root/image/centos9_2.img in local port:10022, 1 time|
|1128_131405|It takes 12 seconds to find login:test login: |
|1128_131405|Boot 1 time: takes 12 seconds to boot up.|
|1128_131405|cmd=ssh -o ConnectTimeout=1 -o 'StrictHostKeyChecking no' -p 10022 localhost 'rm -rf file*'|
|1128_131405|cmd=scp -o 'StrictHostKeyChecking no' -P 10022 /root/bzimage_bisect/repro.sh root@localhost:/root/repro.sh|
|1128_131407|cmd=scp -o 'StrictHostKeyChecking no' -P 10022 /root/syzkaller/workdir/crashes/e8114cafb42ae706829a5a4a0720c7c81fcde438/repro.cprog root@localhost:/root/repro.c|
|1128_131408|ssh -o ConnectTimeout=1 -o 'StrictHostKeyChecking no' -p 10022 localhost 'chmod 755 /root/repro.sh'|
|1128_131408|ssh -o ConnectTimeout=1 -o 'StrictHostKeyChecking no' -p 10022 localhost '/root/repro.sh'|
|1128_140945|/var/www/html/bzimage/bzImage_9fb434bcf825f112b3a0f2f9aa344b97b6b2bb99 didn't contain perf_tp_event_init: in dmesg, pass|
|1128_140945|git bisect good 9fb434bcf825f112b3a0f2f9aa344b97b6b2bb99|
|1128_140948|nohup /root/bzimage_bisect/make_bz.sh -k /root/internal-devel -m be18cd1fcae2ed7db58d92d20733dfa8aa0a5173 -d /var/www/html/bzimage -o /tmp/kernel|
|1128_142619|/root/image/centos9_3.img -> /root/image/centos9_2.img|
|1128_142635|Run /var/www/html/bzimage/bzImage_be18cd1fcae2ed7db58d92d20733dfa8aa0a5173 with image:/root/image/centos9_2.img in local port:10022, 1 time|
|1128_142647|It takes 12 seconds to find login:test login: |
|1128_142647|Boot 1 time: takes 12 seconds to boot up.|
|1128_142647|cmd=ssh -o ConnectTimeout=1 -o 'StrictHostKeyChecking no' -p 10022 localhost 'rm -rf file*'|
|1128_142648|cmd=scp -o 'StrictHostKeyChecking no' -P 10022 /root/bzimage_bisect/repro.sh root@localhost:/root/repro.sh|
|1128_142649|cmd=scp -o 'StrictHostKeyChecking no' -P 10022 /root/syzkaller/workdir/crashes/e8114cafb42ae706829a5a4a0720c7c81fcde438/repro.cprog root@localhost:/root/repro.c|
|1128_142650|ssh -o ConnectTimeout=1 -o 'StrictHostKeyChecking no' -p 10022 localhost 'chmod 755 /root/repro.sh'|
|1128_142650|ssh -o ConnectTimeout=1 -o 'StrictHostKeyChecking no' -p 10022 localhost '/root/repro.sh'|
|1128_152228|/var/www/html/bzimage/bzImage_be18cd1fcae2ed7db58d92d20733dfa8aa0a5173 contained perf_tp_event_init:[   40.695037]  perf_tp_event_init+0xa6/0x120
[   40.729195]  perf_tp_event_init+0xa6/0x120, FAIL|
|1128_152228|git bisect bad be18cd1fcae2ed7db58d92d20733dfa8aa0a5173|
|1128_152229|nohup /root/bzimage_bisect/make_bz.sh -k /root/internal-devel -m 2f9ef0559efbee18a10a3ca26eefe57f69918693 -d /var/www/html/bzimage -o /tmp/kernel|
|1128_153841|/root/image/centos9_3.img -> /root/image/centos9_2.img|
|1128_153907|Run /var/www/html/bzimage/bzImage_2f9ef0559efbee18a10a3ca26eefe57f69918693 with image:/root/image/centos9_2.img in local port:10022, 1 time|
|1128_153919|It takes 12 seconds to find login:test login: |
|1128_153919|Boot 1 time: takes 12 seconds to boot up.|
|1128_153919|cmd=ssh -o ConnectTimeout=1 -o 'StrictHostKeyChecking no' -p 10022 localhost 'rm -rf file*'|
|1128_153919|cmd=scp -o 'StrictHostKeyChecking no' -P 10022 /root/bzimage_bisect/repro.sh root@localhost:/root/repro.sh|
|1128_153921|cmd=scp -o 'StrictHostKeyChecking no' -P 10022 /root/syzkaller/workdir/crashes/e8114cafb42ae706829a5a4a0720c7c81fcde438/repro.cprog root@localhost:/root/repro.c|
|1128_153922|ssh -o ConnectTimeout=1 -o 'StrictHostKeyChecking no' -p 10022 localhost 'chmod 755 /root/repro.sh'|
|1128_153922|ssh -o ConnectTimeout=1 -o 'StrictHostKeyChecking no' -p 10022 localhost '/root/repro.sh'|
|1128_163459|/var/www/html/bzimage/bzImage_2f9ef0559efbee18a10a3ca26eefe57f69918693 didn't contain perf_tp_event_init: in dmesg, pass|
|1128_163459|git bisect good 2f9ef0559efbee18a10a3ca26eefe57f69918693|
|1128_163501|nohup /root/bzimage_bisect/make_bz.sh -k /root/internal-devel -m 3aa139aa9fdc138a84243dc49dc18d9b40e1c6e4 -d /var/www/html/bzimage -o /tmp/kernel|
|1128_165103|/root/image/centos9_3.img -> /root/image/centos9_2.img|
|1128_165125|Run /var/www/html/bzimage/bzImage_3aa139aa9fdc138a84243dc49dc18d9b40e1c6e4 with image:/root/image/centos9_2.img in local port:10022, 1 time|
|1128_165137|It takes 12 seconds to find login:test login: |
|1128_165137|Boot 1 time: takes 12 seconds to boot up.|
|1128_165137|cmd=ssh -o ConnectTimeout=1 -o 'StrictHostKeyChecking no' -p 10022 localhost 'rm -rf file*'|
|1128_165138|cmd=scp -o 'StrictHostKeyChecking no' -P 10022 /root/bzimage_bisect/repro.sh root@localhost:/root/repro.sh|
|1128_165139|cmd=scp -o 'StrictHostKeyChecking no' -P 10022 /root/syzkaller/workdir/crashes/e8114cafb42ae706829a5a4a0720c7c81fcde438/repro.cprog root@localhost:/root/repro.c|
|1128_165140|ssh -o ConnectTimeout=1 -o 'StrictHostKeyChecking no' -p 10022 localhost 'chmod 755 /root/repro.sh'|
|1128_165141|ssh -o ConnectTimeout=1 -o 'StrictHostKeyChecking no' -p 10022 localhost '/root/repro.sh'|
|1128_174718|/var/www/html/bzimage/bzImage_3aa139aa9fdc138a84243dc49dc18d9b40e1c6e4 didn't contain perf_tp_event_init: in dmesg, pass|
|1128_174718|git bisect good 3aa139aa9fdc138a84243dc49dc18d9b40e1c6e4|
|1128_174720|nohup /root/bzimage_bisect/make_bz.sh -k /root/internal-devel -m 54718747a6e1037317a8b3610c3be40621b2b75e -d /var/www/html/bzimage -o /tmp/kernel|
|1128_180324|/root/image/centos9_3.img -> /root/image/centos9_2.img|
|1128_180350|Run /var/www/html/bzimage/bzImage_54718747a6e1037317a8b3610c3be40621b2b75e with image:/root/image/centos9_2.img in local port:10022, 1 time|
|1128_180402|It takes 12 seconds to find login:test login: |
|1128_180402|Boot 1 time: takes 12 seconds to boot up.|
|1128_180402|cmd=ssh -o ConnectTimeout=1 -o 'StrictHostKeyChecking no' -p 10022 localhost 'rm -rf file*'|
|1128_180402|cmd=scp -o 'StrictHostKeyChecking no' -P 10022 /root/bzimage_bisect/repro.sh root@localhost:/root/repro.sh|
|1128_180404|cmd=scp -o 'StrictHostKeyChecking no' -P 10022 /root/syzkaller/workdir/crashes/e8114cafb42ae706829a5a4a0720c7c81fcde438/repro.cprog root@localhost:/root/repro.c|
|1128_180405|ssh -o ConnectTimeout=1 -o 'StrictHostKeyChecking no' -p 10022 localhost 'chmod 755 /root/repro.sh'|
|1128_180405|ssh -o ConnectTimeout=1 -o 'StrictHostKeyChecking no' -p 10022 localhost '/root/repro.sh'|
|1128_185942|/var/www/html/bzimage/bzImage_54718747a6e1037317a8b3610c3be40621b2b75e didn't contain perf_tp_event_init: in dmesg, pass|
|1128_185942|git bisect good 54718747a6e1037317a8b3610c3be40621b2b75e|
|1128_185945|nohup /root/bzimage_bisect/make_bz.sh -k /root/internal-devel -m 6c0029211382011af508273c4fc98a732f841d95 -d /var/www/html/bzimage -o /tmp/kernel|
|1128_191532|/root/image/centos9_3.img -> /root/image/centos9_2.img|
|1128_191551|Run /var/www/html/bzimage/bzImage_6c0029211382011af508273c4fc98a732f841d95 with image:/root/image/centos9_2.img in local port:10022, 1 time|
|1128_191603|It takes 12 seconds to find login:test login: |
|1128_191603|Boot 1 time: takes 12 seconds to boot up.|
|1128_191603|cmd=ssh -o ConnectTimeout=1 -o 'StrictHostKeyChecking no' -p 10022 localhost 'rm -rf file*'|
|1128_191603|cmd=scp -o 'StrictHostKeyChecking no' -P 10022 /root/bzimage_bisect/repro.sh root@localhost:/root/repro.sh|
|1128_191605|cmd=scp -o 'StrictHostKeyChecking no' -P 10022 /root/syzkaller/workdir/crashes/e8114cafb42ae706829a5a4a0720c7c81fcde438/repro.cprog root@localhost:/root/repro.c|
|1128_191606|ssh -o ConnectTimeout=1 -o 'StrictHostKeyChecking no' -p 10022 localhost 'chmod 755 /root/repro.sh'|
|1128_191606|ssh -o ConnectTimeout=1 -o 'StrictHostKeyChecking no' -p 10022 localhost '/root/repro.sh'|
|1128_201143|/var/www/html/bzimage/bzImage_6c0029211382011af508273c4fc98a732f841d95 contained perf_tp_event_init:[   40.694188]  perf_tp_event_init+0xa6/0x120
[   40.733592]  perf_tp_event_init+0xa6/0x120, FAIL|
|1128_201143|git bisect bad 6c0029211382011af508273c4fc98a732f841d95|
|1128_201144|nohup /root/bzimage_bisect/make_bz.sh -k /root/internal-devel -m 68a32ba14177d4a21c4a9a941cf1d7aea86d436f -d /var/www/html/bzimage -o /tmp/kernel|
|1128_202757|/root/image/centos9_3.img -> /root/image/centos9_2.img|
|1128_202823|Run /var/www/html/bzimage/bzImage_68a32ba14177d4a21c4a9a941cf1d7aea86d436f with image:/root/image/centos9_2.img in local port:10022, 1 time|
|1128_202835|It takes 12 seconds to find login:test login: |
|1128_202835|Boot 1 time: takes 12 seconds to boot up.|
|1128_202835|cmd=ssh -o ConnectTimeout=1 -o 'StrictHostKeyChecking no' -p 10022 localhost 'rm -rf file*'|
|1128_202836|cmd=scp -o 'StrictHostKeyChecking no' -P 10022 /root/bzimage_bisect/repro.sh root@localhost:/root/repro.sh|
|1128_202837|cmd=scp -o 'StrictHostKeyChecking no' -P 10022 /root/syzkaller/workdir/crashes/e8114cafb42ae706829a5a4a0720c7c81fcde438/repro.cprog root@localhost:/root/repro.c|
|1128_202839|ssh -o ConnectTimeout=1 -o 'StrictHostKeyChecking no' -p 10022 localhost 'chmod 755 /root/repro.sh'|
|1128_202839|ssh -o ConnectTimeout=1 -o 'StrictHostKeyChecking no' -p 10022 localhost '/root/repro.sh'|
|1128_212416|/var/www/html/bzimage/bzImage_68a32ba14177d4a21c4a9a941cf1d7aea86d436f didn't contain perf_tp_event_init: in dmesg, pass|
|1128_212416|git bisect good 68a32ba14177d4a21c4a9a941cf1d7aea86d436f|
|1128_212417|nohup /root/bzimage_bisect/make_bz.sh -k /root/internal-devel -m 03b2cd72aad1103127282f39c614e4722e5d9e8f -d /var/www/html/bzimage -o /tmp/kernel|
|1128_214018|/root/image/centos9_3.img -> /root/image/centos9_2.img|
|1128_214042|Run /var/www/html/bzimage/bzImage_03b2cd72aad1103127282f39c614e4722e5d9e8f with image:/root/image/centos9_2.img in local port:10022, 1 time|
|1128_214053|It takes 11 seconds to find login:test login: |
|1128_214053|Boot 1 time: takes 11 seconds to boot up.|
|1128_214053|cmd=ssh -o ConnectTimeout=1 -o 'StrictHostKeyChecking no' -p 10022 localhost 'rm -rf file*'|
|1128_214054|cmd=scp -o 'StrictHostKeyChecking no' -P 10022 /root/bzimage_bisect/repro.sh root@localhost:/root/repro.sh|
|1128_214055|cmd=scp -o 'StrictHostKeyChecking no' -P 10022 /root/syzkaller/workdir/crashes/e8114cafb42ae706829a5a4a0720c7c81fcde438/repro.cprog root@localhost:/root/repro.c|
|1128_214056|ssh -o ConnectTimeout=1 -o 'StrictHostKeyChecking no' -p 10022 localhost 'chmod 755 /root/repro.sh'|
|1128_214056|ssh -o ConnectTimeout=1 -o 'StrictHostKeyChecking no' -p 10022 localhost '/root/repro.sh'|
|1128_223633|/var/www/html/bzimage/bzImage_03b2cd72aad1103127282f39c614e4722e5d9e8f didn't contain perf_tp_event_init: in dmesg, pass|
|1128_223633|git bisect good 03b2cd72aad1103127282f39c614e4722e5d9e8f|
|1128_223636|nohup /root/bzimage_bisect/make_bz.sh -k /root/internal-devel -m 2ea46c6fc9452ac100ad907b051d797225847e33 -d /var/www/html/bzimage -o /tmp/kernel|
|1128_225233|/root/image/centos9_3.img -> /root/image/centos9_2.img|
|1128_225256|Run /var/www/html/bzimage/bzImage_2ea46c6fc9452ac100ad907b051d797225847e33 with image:/root/image/centos9_2.img in local port:10022, 1 time|
|1128_225307|It takes 11 seconds to find login:test login: |
|1128_225307|Boot 1 time: takes 11 seconds to boot up.|
|1128_225307|cmd=ssh -o ConnectTimeout=1 -o 'StrictHostKeyChecking no' -p 10022 localhost 'rm -rf file*'|
|1128_225308|cmd=scp -o 'StrictHostKeyChecking no' -P 10022 /root/bzimage_bisect/repro.sh root@localhost:/root/repro.sh|
|1128_225309|cmd=scp -o 'StrictHostKeyChecking no' -P 10022 /root/syzkaller/workdir/crashes/e8114cafb42ae706829a5a4a0720c7c81fcde438/repro.cprog root@localhost:/root/repro.c|
|1128_225310|ssh -o ConnectTimeout=1 -o 'StrictHostKeyChecking no' -p 10022 localhost 'chmod 755 /root/repro.sh'|
|1128_225310|ssh -o ConnectTimeout=1 -o 'StrictHostKeyChecking no' -p 10022 localhost '/root/repro.sh'|
|1128_234847|/var/www/html/bzimage/bzImage_2ea46c6fc9452ac100ad907b051d797225847e33 didn't contain perf_tp_event_init: in dmesg, pass|
|1128_234847|git bisect good 2ea46c6fc9452ac100ad907b051d797225847e33|
|1128_234849|nohup /root/bzimage_bisect/make_bz.sh -k /root/internal-devel -m 19d3a81fd92dc9b73950564955164ecfd0dfbea1 -d /var/www/html/bzimage -o /tmp/kernel|
|1129_000455|/root/image/centos9_3.img -> /root/image/centos9_2.img|
|1129_000514|Run /var/www/html/bzimage/bzImage_19d3a81fd92dc9b73950564955164ecfd0dfbea1 with image:/root/image/centos9_2.img in local port:10022, 1 time|
|1129_000526|It takes 12 seconds to find login:test login: |
|1129_000526|Boot 1 time: takes 12 seconds to boot up.|
|1129_000526|cmd=ssh -o ConnectTimeout=1 -o 'StrictHostKeyChecking no' -p 10022 localhost 'rm -rf file*'|
|1129_000527|cmd=scp -o 'StrictHostKeyChecking no' -P 10022 /root/bzimage_bisect/repro.sh root@localhost:/root/repro.sh|
|1129_000528|cmd=scp -o 'StrictHostKeyChecking no' -P 10022 /root/syzkaller/workdir/crashes/e8114cafb42ae706829a5a4a0720c7c81fcde438/repro.cprog root@localhost:/root/repro.c|
|1129_000529|ssh -o ConnectTimeout=1 -o 'StrictHostKeyChecking no' -p 10022 localhost 'chmod 755 /root/repro.sh'|
|1129_000529|ssh -o ConnectTimeout=1 -o 'StrictHostKeyChecking no' -p 10022 localhost '/root/repro.sh'|
|1129_010106|/var/www/html/bzimage/bzImage_19d3a81fd92dc9b73950564955164ecfd0dfbea1 contained perf_tp_event_init:[   68.635189]  ? perf_tp_event_init+0x120/0x120
[   68.674058]  ? perf_tp_event_init+0x120/0x120, FAIL|
|1129_010106|git bisect bad 19d3a81fd92dc9b73950564955164ecfd0dfbea1|
|1129_010107|nohup /root/bzimage_bisect/make_bz.sh -k /root/internal-devel -m de5bc7b425d4c27ae5faa00ea7eb6b9780b9a355 -d /var/www/html/bzimage -o /tmp/kernel|
|1129_011710|/root/image/centos9_3.img -> /root/image/centos9_2.img|
|1129_011729|Run /var/www/html/bzimage/bzImage_de5bc7b425d4c27ae5faa00ea7eb6b9780b9a355 with image:/root/image/centos9_2.img in local port:10022, 1 time|
|1129_011741|It takes 12 seconds to find login:test login: |
|1129_011741|Boot 1 time: takes 12 seconds to boot up.|
|1129_011741|cmd=ssh -o ConnectTimeout=1 -o 'StrictHostKeyChecking no' -p 10022 localhost 'rm -rf file*'|
|1129_011742|cmd=scp -o 'StrictHostKeyChecking no' -P 10022 /root/bzimage_bisect/repro.sh root@localhost:/root/repro.sh|
|1129_011743|cmd=scp -o 'StrictHostKeyChecking no' -P 10022 /root/syzkaller/workdir/crashes/e8114cafb42ae706829a5a4a0720c7c81fcde438/repro.cprog root@localhost:/root/repro.c|
|1129_011744|ssh -o ConnectTimeout=1 -o 'StrictHostKeyChecking no' -p 10022 localhost 'chmod 755 /root/repro.sh'|
|1129_011744|ssh -o ConnectTimeout=1 -o 'StrictHostKeyChecking no' -p 10022 localhost '/root/repro.sh'|
|1129_021321|/var/www/html/bzimage/bzImage_de5bc7b425d4c27ae5faa00ea7eb6b9780b9a355 contained perf_tp_event_init:[   40.614965]  perf_tp_event_init+0xa6/0x120
[   40.651333]  perf_tp_event_init+0xa6/0x120, FAIL|
|1129_021321|git bisect bad de5bc7b425d4c27ae5faa00ea7eb6b9780b9a355|
|1129_021322|nohup /root/bzimage_bisect/make_bz.sh -k /root/internal-devel -m 874fc35cdd55e2d46161901de43ec58ca2efc5fe -d /var/www/html/bzimage -o /tmp/kernel|
|1129_022931|/root/image/centos9_3.img -> /root/image/centos9_2.img|
|1129_022950|Run /var/www/html/bzimage/bzImage_874fc35cdd55e2d46161901de43ec58ca2efc5fe with image:/root/image/centos9_2.img in local port:10022, 1 time|
|1129_023002|It takes 12 seconds to find login:test login: |
|1129_023002|Boot 1 time: takes 12 seconds to boot up.|
|1129_023002|cmd=ssh -o ConnectTimeout=1 -o 'StrictHostKeyChecking no' -p 10022 localhost 'rm -rf file*'|
|1129_023003|cmd=scp -o 'StrictHostKeyChecking no' -P 10022 /root/bzimage_bisect/repro.sh root@localhost:/root/repro.sh|
|1129_023004|cmd=scp -o 'StrictHostKeyChecking no' -P 10022 /root/syzkaller/workdir/crashes/e8114cafb42ae706829a5a4a0720c7c81fcde438/repro.cprog root@localhost:/root/repro.c|
|1129_023006|ssh -o ConnectTimeout=1 -o 'StrictHostKeyChecking no' -p 10022 localhost 'chmod 755 /root/repro.sh'|
|1129_023006|ssh -o ConnectTimeout=1 -o 'StrictHostKeyChecking no' -p 10022 localhost '/root/repro.sh'|
|1129_032543|/var/www/html/bzimage/bzImage_874fc35cdd55e2d46161901de43ec58ca2efc5fe didn't contain perf_tp_event_init: in dmesg, pass|
|1129_032543|git bisect good 874fc35cdd55e2d46161901de43ec58ca2efc5fe|
|1129_032544|nohup /root/bzimage_bisect/make_bz.sh -k /root/internal-devel -m 97ba62b278674293762c3d91f724f1bb922f04e0 -d /var/www/html/bzimage -o /tmp/kernel|
|1129_034135|/root/image/centos9_3.img -> /root/image/centos9_2.img|
|1129_034157|Run /var/www/html/bzimage/bzImage_97ba62b278674293762c3d91f724f1bb922f04e0 with image:/root/image/centos9_2.img in local port:10022, 1 time|
|1129_034209|It takes 12 seconds to find login:test login: |
|1129_034209|Boot 1 time: takes 12 seconds to boot up.|
|1129_034209|cmd=ssh -o ConnectTimeout=1 -o 'StrictHostKeyChecking no' -p 10022 localhost 'rm -rf file*'|
|1129_034210|cmd=scp -o 'StrictHostKeyChecking no' -P 10022 /root/bzimage_bisect/repro.sh root@localhost:/root/repro.sh|
|1129_034211|cmd=scp -o 'StrictHostKeyChecking no' -P 10022 /root/syzkaller/workdir/crashes/e8114cafb42ae706829a5a4a0720c7c81fcde438/repro.cprog root@localhost:/root/repro.c|
|1129_034212|ssh -o ConnectTimeout=1 -o 'StrictHostKeyChecking no' -p 10022 localhost 'chmod 755 /root/repro.sh'|
|1129_034213|ssh -o ConnectTimeout=1 -o 'StrictHostKeyChecking no' -p 10022 localhost '/root/repro.sh'|
|1129_043750|/var/www/html/bzimage/bzImage_97ba62b278674293762c3d91f724f1bb922f04e0 contained perf_tp_event_init:[   40.624589]  perf_tp_event_init+0xa6/0x120
[   40.666301]  perf_tp_event_init+0xa6/0x120, FAIL|
|1129_043750|git bisect bad 97ba62b278674293762c3d91f724f1bb922f04e0|
|1129_043750|nohup /root/bzimage_bisect/make_bz.sh -k /root/internal-devel -m 2b26f0aa004995f49f7b6f4100dd0e4c39a9ed5f -d /var/www/html/bzimage -o /tmp/kernel|
|1129_045424|/root/image/centos9_3.img -> /root/image/centos9_2.img|
|1129_045449|Run /var/www/html/bzimage/bzImage_2b26f0aa004995f49f7b6f4100dd0e4c39a9ed5f with image:/root/image/centos9_2.img in local port:10022, 1 time|
|1129_045502|It takes 12 seconds to find login:test login: |
|1129_045502|Boot 1 time: takes 12 seconds to boot up.|
|1129_045502|cmd=ssh -o ConnectTimeout=1 -o 'StrictHostKeyChecking no' -p 10022 localhost 'rm -rf file*'|
|1129_045502|cmd=scp -o 'StrictHostKeyChecking no' -P 10022 /root/bzimage_bisect/repro.sh root@localhost:/root/repro.sh|
|1129_045504|cmd=scp -o 'StrictHostKeyChecking no' -P 10022 /root/syzkaller/workdir/crashes/e8114cafb42ae706829a5a4a0720c7c81fcde438/repro.cprog root@localhost:/root/repro.c|
|1129_045505|ssh -o ConnectTimeout=1 -o 'StrictHostKeyChecking no' -p 10022 localhost 'chmod 755 /root/repro.sh'|
|1129_045505|ssh -o ConnectTimeout=1 -o 'StrictHostKeyChecking no' -p 10022 localhost '/root/repro.sh'|
|1129_055042|/var/www/html/bzimage/bzImage_2b26f0aa004995f49f7b6f4100dd0e4c39a9ed5f didn't contain perf_tp_event_init: in dmesg, pass|
|1129_055042|git bisect good 2b26f0aa004995f49f7b6f4100dd0e4c39a9ed5f|
|1129_055043|nohup /root/bzimage_bisect/make_bz.sh -k /root/internal-devel -m fb6cc127e0b6e629252cdd0f77d5a1f49db95b92 -d /var/www/html/bzimage -o /tmp/kernel|
|1129_060642|/root/image/centos9_3.img -> /root/image/centos9_2.img|
|1129_060703|Run /var/www/html/bzimage/bzImage_fb6cc127e0b6e629252cdd0f77d5a1f49db95b92 with image:/root/image/centos9_2.img in local port:10022, 1 time|
|1129_060714|It takes 11 seconds to find login:test login: |
|1129_060714|Boot 1 time: takes 11 seconds to boot up.|
|1129_060714|cmd=ssh -o ConnectTimeout=1 -o 'StrictHostKeyChecking no' -p 10022 localhost 'rm -rf file*'|
|1129_060715|cmd=scp -o 'StrictHostKeyChecking no' -P 10022 /root/bzimage_bisect/repro.sh root@localhost:/root/repro.sh|
|1129_060716|cmd=scp -o 'StrictHostKeyChecking no' -P 10022 /root/syzkaller/workdir/crashes/e8114cafb42ae706829a5a4a0720c7c81fcde438/repro.cprog root@localhost:/root/repro.c|
|1129_060717|ssh -o ConnectTimeout=1 -o 'StrictHostKeyChecking no' -p 10022 localhost 'chmod 755 /root/repro.sh'|
|1129_060718|ssh -o ConnectTimeout=1 -o 'StrictHostKeyChecking no' -p 10022 localhost '/root/repro.sh'|
|1129_070255|/var/www/html/bzimage/bzImage_fb6cc127e0b6e629252cdd0f77d5a1f49db95b92 didn't contain perf_tp_event_init: in dmesg, pass|
|1129_070255|git bisect good fb6cc127e0b6e629252cdd0f77d5a1f49db95b92|
|1129_070255|Bisect PASS: find bad commit: 97ba62b278674293762c3d91f724f1bb922f04e0 is the first bad commit
commit 97ba62b278674293762c3d91f724f1bb922f04e0
Author: Marco Elver <elver@google.com>
Date:   Thu Apr 8 12:36:01 2021 +0200

    perf: Add support for SIGTRAP on perf events
    
    Adds bit perf_event_attr::sigtrap, which can be set to cause events to
    send SIGTRAP (with si_code TRAP_PERF) to the task where the event
    occurred. The primary motivation is to support synchronous signals on
    perf events in the task where an event (such as breakpoints) triggered.
    
    To distinguish perf events based on the event type, the type is set in
    si_errno. For events that are associated with an address, si_addr is
    copied from perf_sample_data.
    
    The new field perf_event_attr::sig_data is copied to si_perf, which
    allows user space to disambiguate which event (of the same type)
    triggered the signal. For example, user space could encode the relevant
    information it cares about in sig_data.
    
    We note that the choice of an opaque u64 provides the simplest and most
    flexible option. Alternatives where a reference to some user space data
    is passed back suffer from the problem that modification of referenced
    data (be it the event fd, or the perf_event_attr) can race with the
    signal being delivered (of course, the same caveat applies if user space
    decides to store a pointer in sig_data, but the ABI explicitly avoids
    prescribing such a design).
    
    Suggested-by: Peter Zijlstra <peterz@infradead.org>
    Signed-off-by: Marco Elver <elver@google.com>
    Signed-off-by: Peter Zijlstra (Intel) <peterz@infradead.org>
    Acked-by: Dmitry Vyukov <dvyukov@google.com>
    Link: https://lore.kernel.org/lkml/YBv3rAT566k+6zjg@hirez.programming.kicks-ass.net/

 include/linux/perf_event.h      |  1 +
 include/uapi/linux/perf_event.h | 10 ++++++++-
 kernel/events/core.c            | 49 ++++++++++++++++++++++++++++++++++++++++-
 3 files changed, 58 insertions(+), 2 deletions(-)|
|1129_070255|cmd=git bisect log >> /var/www/html/bzimage/bi.log|
|1129_070255|cmd=git bisect log >> /var/www/html/bzimage/1128_081400_perf_tp_event_init/bisect.log|
git bisect start
# status: waiting for both good and bad commits
# bad: [2cc14f52aeb78ce3f29677c2de1f06c0e91471ab] Linux 6.7-rc3
git bisect bad 2cc14f52aeb78ce3f29677c2de1f06c0e91471ab
# status: waiting for good commit(s), bad commit known
# good: [f40ddce88593482919761f74910f42f4b84c004b] Linux 5.11
git bisect good f40ddce88593482919761f74910f42f4b84c004b
# bad: [b7d8912cfd1b72c970f727d7da1c8274d5b18803] Merge tag 'linux-can-next-for-5.20-20220731' of git://git.kernel.org/pub/scm/linux/kernel/git/mkl/linux-can-next Marc Kleine-Budde says:
git bisect bad b7d8912cfd1b72c970f727d7da1c8274d5b18803
# bad: [7df621a3eea6761bc83e641aaca6963210c7290d] Merge git://git.kernel.org/pub/scm/linux/kernel/git/netdev/net
git bisect bad 7df621a3eea6761bc83e641aaca6963210c7290d
# bad: [0d155170d6eebbd6c50e16bc928c31b3f5473025] Merge branch 'ipa-mem-1'
git bisect bad 0d155170d6eebbd6c50e16bc928c31b3f5473025
# good: [9fb434bcf825f112b3a0f2f9aa344b97b6b2bb99] Merge tag 'linux-can-next-for-5.13-20210413' of git://git.kernel.org/pub/scm/linux/kernel/git/mkl/linux-can-next
git bisect good 9fb434bcf825f112b3a0f2f9aa344b97b6b2bb99
# bad: [be18cd1fcae2ed7db58d92d20733dfa8aa0a5173] Merge tag 'mmc-v5.13' of git://git.kernel.org/pub/scm/linux/kernel/git/ulfh/mmc
git bisect bad be18cd1fcae2ed7db58d92d20733dfa8aa0a5173
# good: [2f9ef0559efbee18a10a3ca26eefe57f69918693] Merge tag 'docs-5.13' of git://git.lwn.net/linux
git bisect good 2f9ef0559efbee18a10a3ca26eefe57f69918693
# good: [3aa139aa9fdc138a84243dc49dc18d9b40e1c6e4] Merge tag 'media/v5.13-1' of git://git.kernel.org/pub/scm/linux/kernel/git/mchehab/linux-media
git bisect good 3aa139aa9fdc138a84243dc49dc18d9b40e1c6e4
# good: [54718747a6e1037317a8b3610c3be40621b2b75e] drm/amd/display: Fix UBSAN: shift-out-of-bounds warning
git bisect good 54718747a6e1037317a8b3610c3be40621b2b75e
# bad: [6c0029211382011af508273c4fc98a732f841d95] Merge tag 'for-5.13/block-2021-04-27' of git://git.kernel.dk/linux-block
git bisect bad 6c0029211382011af508273c4fc98a732f841d95
# good: [68a32ba14177d4a21c4a9a941cf1d7aea86d436f] Merge tag 'drm-next-2021-04-28' of git://anongit.freedesktop.org/drm/drm
git bisect good 68a32ba14177d4a21c4a9a941cf1d7aea86d436f
# good: [03b2cd72aad1103127282f39c614e4722e5d9e8f] Merge tag 'objtool-core-2021-04-28' of git://git.kernel.org/pub/scm/linux/kernel/git/tip/tip
git bisect good 03b2cd72aad1103127282f39c614e4722e5d9e8f
# good: [2ea46c6fc9452ac100ad907b051d797225847e33] cpumask/hotplug: Fix cpu_dying() state tracking
git bisect good 2ea46c6fc9452ac100ad907b051d797225847e33
# bad: [19d3a81fd92dc9b73950564955164ecfd0dfbea1] perf/x86/msr: Add Alder Lake CPU support
git bisect bad 19d3a81fd92dc9b73950564955164ecfd0dfbea1
# bad: [de5bc7b425d4c27ae5faa00ea7eb6b9780b9a355] x86/events/amd/iommu: Fix sysfs type mismatch
git bisect bad de5bc7b425d4c27ae5faa00ea7eb6b9780b9a355
# good: [874fc35cdd55e2d46161901de43ec58ca2efc5fe] perf intel-pt: Use aux_watermark
git bisect good 874fc35cdd55e2d46161901de43ec58ca2efc5fe
# bad: [97ba62b278674293762c3d91f724f1bb922f04e0] perf: Add support for SIGTRAP on perf events
git bisect bad 97ba62b278674293762c3d91f724f1bb922f04e0
# good: [2b26f0aa004995f49f7b6f4100dd0e4c39a9ed5f] perf: Support only inheriting events if cloned with CLONE_THREAD
git bisect good 2b26f0aa004995f49f7b6f4100dd0e4c39a9ed5f
# good: [fb6cc127e0b6e629252cdd0f77d5a1f49db95b92] signal: Introduce TRAP_PERF si_code and si_perf to siginfo
git bisect good fb6cc127e0b6e629252cdd0f77d5a1f49db95b92
# first bad commit: [97ba62b278674293762c3d91f724f1bb922f04e0] perf: Add support for SIGTRAP on perf events
|1129_070255|nohup /root/bzimage_bisect/make_bz.sh -k /root/internal-devel -m 2cc14f52aeb78ce3f29677c2de1f06c0e91471ab -b 97ba62b278674293762c3d91f724f1bb922f04e0 -d /var/www/html/bzimage -o /tmp/kernel -f /var/www/html/bzimage/bzImage_2cc14f52aeb78ce3f29677c2de1f06c0e91471ab_97ba62b278674293762c3d91f724f1bb922f04e0_revert|
|1129_070334|2nd base commit:f40ddce88593482919761f74910f42f4b84c004b!|
|1129_070334|FAIL|bzImage:/var/www/html/bzimage/bzImage_2cc14f52aeb78ce3f29677c2de1f06c0e91471ab_97ba62b278674293762c3d91f724f1bb922f04e0_revert does not exist:|
|1129_070334|2nd base commit:f40ddce88593482919761f74910f42f4b84c004b!|
|1129_070334|ISSUE:e8114cafb42ae706829a5a4a0720c7c81fcde438  EMAIL status after check:Email_not_sent|
