c[?7l[2J[0mSeaBIOS (version rel-1.16.3-0-ga6ed6b701f0a-prebuilt.qemu.org)


iPXE (http://ipxe.org) 00:03.0 CA00 PCI2.10 PnP PMM+7EFD0D60+7EF30D60 CA00
Press Ctrl-B to configure iPXE (PCI 00:03.0)...                                                                               


Booting from ROM..c[?7l[2J[    0.000000] Linux version 6.10.0-0c3836482481 (root@gnr-800442) (gcc (GCC) 11.4.1 20231218 (Red Hat 11.4.1-3), GNU ld version 2.35.2-48.el9) #1 SMP PREEMPT_DYNAMIC Tue Jul 16 13:49:54 CST 2024
[    0.000000] Command line: console=ttyS0 root=/dev/sda earlyprintk=serial net.ifnames=0 plymouth.enable=0
[    0.000000] KERNEL supported cpus:
[    0.000000]   Intel GenuineIntel
[    0.000000]   AMD AuthenticAMD
[    0.000000]   Hygon HygonGenuine
[    0.000000]   Centaur CentaurHauls
[    0.000000]   zhaoxin   Shanghai  
[    0.000000] x86/split lock detection: #DB: warning on user-space bus_locks
[    0.000000] BIOS-provided physical RAM map:
[    0.000000] BIOS-e820: [mem 0x0000000000000000-0x000000000009fbff] usable
[    0.000000] BIOS-e820: [mem 0x000000000009fc00-0x000000000009ffff] reserved
[    0.000000] BIOS-e820: [mem 0x00000000000f0000-0x00000000000fffff] reserved
[    0.000000] BIOS-e820: [mem 0x0000000000100000-0x000000007ffdffff] usable
[    0.000000] BIOS-e820: [mem 0x000000007ffe0000-0x000000007fffffff] reserved
[    0.000000] BIOS-e820: [mem 0x00000000feffc000-0x00000000feffffff] reserved
[    0.000000] BIOS-e820: [mem 0x00000000fffc0000-0x00000000ffffffff] reserved
[    0.000000] printk: legacy bootconsole [earlyser0] enabled
[    0.000000] NX (Execute Disable) protection: active
[    0.000000] APIC: Static calls initialized
[    0.000000] SMBIOS 3.0.0 present.
[    0.000000] DMI: QEMU Standard PC (i440FX + PIIX, 1996), BIOS rel-1.16.3-0-ga6ed6b701f0a-prebuilt.qemu.org 04/01/2014
[    0.000000] DMI: Memory slots populated: 1/1
[    0.000000] Hypervisor detected: KVM
[    0.000000] kvm-clock: Using msrs 4b564d01 and 4b564d00
[    0.000003] kvm-clock: using sched offset of 681759879 cycles
[    0.000506] clocksource: kvm-clock: mask: 0xffffffffffffffff max_cycles: 0x1cd42e4dffb, max_idle_ns: 881590591483 ns
[    0.002076] tsc: Detected 2500.000 MHz processor
[    0.011288] last_pfn = 0x7ffe0 max_arch_pfn = 0x10000000000
[    0.011807] MTRR map: 4 entries (3 fixed + 1 variable; max 19), built from 8 variable MTRRs
[    0.012600] x86/PAT: Configuration [0-7]: WB  WC  UC- UC  WB  WP  UC- WT  
[    0.018292] found SMP MP-table at [mem 0x000f5480-0x000f548f]
[    0.018867] Using GB pages for direct mapping
[    0.021560] ACPI: Early table checksum verification disabled
[    0.022075] ACPI: RSDP 0x00000000000F52A0 000014 (v00 BOCHS )
[    0.022633] ACPI: RSDT 0x000000007FFE1C9B 000034 (v01 BOCHS  BXPC     00000001 BXPC 00000001)
[    0.023429] ACPI: FACP 0x000000007FFE1B47 000074 (v01 BOCHS  BXPC     00000001 BXPC 00000001)
[    0.024183] ACPI: DSDT 0x000000007FFE0040 001B07 (v01 BOCHS  BXPC     00000001 BXPC 00000001)
[    0.024978] ACPI: FACS 0x000000007FFE0000 000040
[    0.025425] ACPI: APIC 0x000000007FFE1BBB 000080 (v03 BOCHS  BXPC     00000001 BXPC 00000001)
[    0.026234] ACPI: HPET 0x000000007FFE1C3B 000038 (v01 BOCHS  BXPC     00000001 BXPC 00000001)
[    0.027028] ACPI: WAET 0x000000007FFE1C73 000028 (v01 BOCHS  BXPC     00000001 BXPC 00000001)
[    0.027831] ACPI: Reserving FACP table memory at [mem 0x7ffe1b47-0x7ffe1bba]
[    0.028486] ACPI: Reserving DSDT table memory at [mem 0x7ffe0040-0x7ffe1b46]
[    0.029141] ACPI: Reserving FACS table memory at [mem 0x7ffe0000-0x7ffe003f]
[    0.029796] ACPI: Reserving APIC table memory at [mem 0x7ffe1bbb-0x7ffe1c3a]
[    0.030457] ACPI: Reserving HPET table memory at [mem 0x7ffe1c3b-0x7ffe1c72]
[    0.031113] ACPI: Reserving WAET table memory at [mem 0x7ffe1c73-0x7ffe1c9a]
[    0.032372] No NUMA configuration found
[    0.032729] Faking a node at [mem 0x0000000000000000-0x000000007ffdffff]
[    0.033392] NODE_DATA(0) allocated [mem 0x7ffb4e00-0x7ffdfdff]
[    0.036177] Zone ranges:
[    0.036431]   DMA      [mem 0x0000000000001000-0x0000000000ffffff]
[    0.037010]   DMA32    [mem 0x0000000001000000-0x000000007ffdffff]
[    0.037596]   Normal   empty
[    0.037875]   Device   empty
[    0.038156] Movable zone start for each node
[    0.038563] Early memory node ranges
[    0.038896]   node   0: [mem 0x0000000000001000-0x000000000009efff]
[    0.039465]   node   0: [mem 0x0000000000100000-0x000000007ffdffff]
[    0.040008] Initmem setup node 0 [mem 0x0000000000001000-0x000000007ffdffff]
[    0.040925] On node 0, zone DMA: 1 pages in unavailable ranges
[    0.041732] On node 0, zone DMA: 97 pages in unavailable ranges
[    0.072364] On node 0, zone DMA32: 32 pages in unavailable ranges
[    0.130346] kasan: KernelAddressSanitizer initialized
[    0.131118] ACPI: PM-Timer IO Port: 0x608
[    0.131535] ACPI: LAPIC_NMI (acpi_id[0xff] dfl dfl lint[0x1])
[    0.132144] IOAPIC[0]: apic_id 0, version 17, address 0xfec00000, GSI 0-23
[    0.132821] ACPI: INT_SRC_OVR (bus 0 bus_irq 0 global_irq 2 dfl dfl)
[    0.133427] ACPI: INT_SRC_OVR (bus 0 bus_irq 5 global_irq 5 high level)
[    0.134055] ACPI: INT_SRC_OVR (bus 0 bus_irq 9 global_irq 9 high level)
[    0.134687] ACPI: INT_SRC_OVR (bus 0 bus_irq 10 global_irq 10 high level)
[    0.135332] ACPI: INT_SRC_OVR (bus 0 bus_irq 11 global_irq 11 high level)
[    0.135989] ACPI: Using ACPI (MADT) for SMP configuration information
[    0.136596] ACPI: HPET id: 0x8086a201 base: 0xfed00000
[    0.137079] TSC deadline timer available
[    0.137485] CPU topo: Max. logical packages:   1
[    0.137919] CPU topo: Max. logical dies:       1
[    0.138353] CPU topo: Max. dies per package:   1
[    0.138788] CPU topo: Max. threads per core:   1
[    0.139224] CPU topo: Num. cores per package:     2
[    0.139678] CPU topo: Num. threads per package:   2
[    0.140135] CPU topo: Allowing 2 present CPUs plus 0 hotplug CPUs
[    0.140756] kvm-guest: APIC: eoi() replaced with kvm_guest_apic_eoi_write()
[    0.141436] kvm-guest: KVM setup pv remote TLB flush
[    0.141902] kvm-guest: setup PV sched yield
[    0.142340] PM: hibernation: Registered nosave memory: [mem 0x00000000-0x00000fff]
[    0.143044] PM: hibernation: Registered nosave memory: [mem 0x0009f000-0x0009ffff]
[    0.143749] PM: hibernation: Registered nosave memory: [mem 0x000a0000-0x000effff]
[    0.144453] PM: hibernation: Registered nosave memory: [mem 0x000f0000-0x000fffff]
[    0.145158] [mem 0x80000000-0xfeffbfff] available for PCI devices
[    0.145725] Booting paravirtualized kernel on KVM
[    0.146175] clocksource: refined-jiffies: mask: 0xffffffff max_cycles: 0xffffffff, max_idle_ns: 7645519600211568 ns
[    0.147157] setup_percpu: NR_CPUS:8192 nr_cpumask_bits:2 nr_cpu_ids:2 nr_node_ids:1
[    0.148379] percpu: Embedded 84 pages/cpu s307200 r8192 d28672 u1048576
[    0.149186] kvm-guest: PV spinlocks enabled
[    0.149590] PV qspinlock hash table entries: 256 (order: 0, 4096 bytes, linear)
[    0.150290] Kernel command line: net.ifnames=0 console=ttyS0 root=/dev/sda earlyprintk=serial net.ifnames=0 plymouth.enable=0
[    0.151652] random: crng init done
[    0.152378] Dentry cache hash table entries: 262144 (order: 9, 2097152 bytes, linear)
[    0.153506] Inode-cache hash table entries: 131072 (order: 8, 1048576 bytes, linear)
[    0.154500] Fallback order for Node 0: 0 
[    0.154513] Built 1 zonelists, mobility grouping on.  Total pages: 524158
[    0.155508] Policy zone: DMA32
[    0.155794] mem auto-init: stack:off, heap alloc:off, heap free:off
[    0.156386] stackdepot: allocating hash table via alloc_large_system_hash
[    0.157011] stackdepot hash table entries: 1048576 (order: 12, 16777216 bytes, linear)
[    0.226903] Memory: 1561748K/2096632K available (75776K kernel code, 14390K rwdata, 17080K rodata, 15256K init, 68368K bss, 534684K reserved, 0K cma-reserved)
[    0.230042] SLUB: HWalign=64, Order=0-3, MinObjects=0, CPUs=2, Nodes=1
[    0.230648] kmemleak: Kernel memory leak detector disabled
[    0.231362] ftrace: allocating 71623 entries in 280 pages
[    0.261446] ftrace: allocated 280 pages with 3 groups
[    0.266155] Dynamic Preempt: voluntary
[    0.267278] Running RCU self tests
[    0.267597] Running RCU synchronous self tests
[    0.268016] rcu: Preemptible hierarchical RCU implementation.
[    0.268544] rcu: 	RCU lockdep checking is enabled.
[    0.268977] rcu: 	RCU restricting CPUs from NR_CPUS=8192 to nr_cpu_ids=2.
[    0.269608] 	Trampoline variant of Tasks RCU enabled.
[    0.270067] 	Rude variant of Tasks RCU enabled.
[    0.270488] 	Tracing variant of Tasks RCU enabled.
[    0.270922] rcu: RCU calculated value of scheduler-enlistment delay is 25 jiffies.
[    0.271611] rcu: Adjusting geometry for rcu_fanout_leaf=16, nr_cpu_ids=2
[    0.272311] Running RCU synchronous self tests
[    0.272722] RCU Tasks: Setting shift to 1 and lim to 1 rcu_task_cb_adjust=1.
[    0.273373] RCU Tasks Rude: Setting shift to 1 and lim to 1 rcu_task_cb_adjust=1.
[    0.274057] RCU Tasks Trace: Setting shift to 1 and lim to 1 rcu_task_cb_adjust=1.
[    0.330263] NR_IRQS: 524544, nr_irqs: 440, preallocated irqs: 16
[    0.331630] rcu: srcu_init: Setting srcu_struct sizes based on contention.
[    0.340845] Console: colour VGA+ 80x25
[    0.341723] printk: legacy console [ttyS0] enabled
[    0.341723] printk: legacy console [ttyS0] enabled
[    0.342637] printk: legacy bootconsole [earlyser0] disabled
[    0.342637] printk: legacy bootconsole [earlyser0] disabled
[    0.343699] Lock dependency validator: Copyright (c) 2006 Red Hat, Inc., Ingo Molnar
[    0.344426] ... MAX_LOCKDEP_SUBCLASSES:  8
[    0.344815] ... MAX_LOCK_DEPTH:          48
[    0.345212] ... MAX_LOCKDEP_KEYS:        8192
[    0.345624] ... CLASSHASH_SIZE:          4096
[    0.346037] ... MAX_LOCKDEP_ENTRIES:     524288
[    0.346478] ... MAX_LOCKDEP_CHAINS:      524288
[    0.346906] ... CHAINHASH_SIZE:          262144
[    0.347345]  memory used by lock dependency info: 54145 kB
[    0.347859]  memory used for stack traces: 4224 kB
[    0.348319]  per task-struct memory footprint: 1920 bytes
[    0.348973] ACPI: Core revision 20240322
[    0.350069] clocksource: hpet: mask: 0xffffffff max_cycles: 0xffffffff, max_idle_ns: 19112604467 ns
[    0.351232] APIC: Switch to symmetric I/O mode setup
[    0.351897] x2apic enabled
[    0.352622] APIC: Switched APIC routing to: physical x2apic
[    0.353134] kvm-guest: APIC: send_IPI_mask() replaced with kvm_send_ipi_mask()
[    0.353775] kvm-guest: APIC: send_IPI_mask_allbutself() replaced with kvm_send_ipi_mask_allbutself()
[    0.354627] kvm-guest: setup PV IPIs
[    0.356420] ..TIMER: vector=0x30 apic1=0 pin1=2 apic2=-1 pin2=-1
[    0.357012] clocksource: tsc-early: mask: 0xffffffffffffffff max_cycles: 0x240939f1bb2, max_idle_ns: 440795263295 ns
[    0.358020] Calibrating delay loop (skipped) preset value.. 5000.00 BogoMIPS (lpj=10000000)
[    0.358955] x86/cpu: User Mode Instruction Prevention (UMIP) activated
[    0.362197] Last level iTLB entries: 4KB 0, 2MB 0, 4MB 0
[    0.362716] Last level dTLB entries: 4KB 0, 2MB 0, 4MB 0, 1GB 0
[    0.363301] Spectre V1 : Mitigation: usercopy/swapgs barriers and __user pointer sanitization
[    0.364121] Spectre V2 : WARNING: Unprivileged eBPF is enabled with eIBRS on, data leaks possible via Spectre v2 BHB attacks!
[    0.365154] Spectre V2 : Spectre BHI mitigation: SW BHB clearing on vm exit
[    0.366008] Spectre V2 : Spectre BHI mitigation: SW BHB clearing on syscall
[    0.366653] Spectre V2 : Mitigation: Enhanced / Automatic IBRS
[    0.367173] Spectre V2 : Spectre v2 / SpectreRSB mitigation: Filling RSB on context switch
[    0.367904] Spectre V2 : Spectre v2 / PBRSB-eIBRS: Retire a single CALL on VMEXIT
[    0.368570] Spectre V2 : mitigation: Enabling conditional Indirect Branch Prediction Barrier
[    0.369329] Speculative Store Bypass: Mitigation: Speculative Store Bypass disabled via prctl
[    0.370006] MMIO Stale Data: Unknown: No mitigations
[    0.370515] x86/fpu: Supporting XSAVE feature 0x001: 'x87 floating point registers'
[    0.371197] x86/fpu: Supporting XSAVE feature 0x002: 'SSE registers'
[    0.371774] x86/fpu: Supporting XSAVE feature 0x004: 'AVX registers'
[    0.372341] x86/fpu: Supporting XSAVE feature 0x020: 'AVX-512 opmask'
[    0.372920] x86/fpu: Supporting XSAVE feature 0x040: 'AVX-512 Hi256'
[    0.373485] x86/fpu: Supporting XSAVE feature 0x080: 'AVX-512 ZMM_Hi256'
[    0.374005] x86/fpu: Supporting XSAVE feature 0x200: 'Protection Keys User registers'
[    0.374710] x86/fpu: Supporting XSAVE feature 0x20000: 'AMX Tile config'
[    0.375312] x86/fpu: Supporting XSAVE feature 0x40000: 'AMX Tile data'
[    0.375909] x86/fpu: xstate_offset[2]:  576, xstate_sizes[2]:  256
[    0.376473] x86/fpu: xstate_offset[5]:  832, xstate_sizes[5]:   64
[    0.377030] x86/fpu: xstate_offset[6]:  896, xstate_sizes[6]:  512
[    0.378005] x86/fpu: xstate_offset[7]: 1408, xstate_sizes[7]: 1024
[    0.378560] x86/fpu: xstate_offset[9]: 2432, xstate_sizes[9]:    8
[    0.379125] x86/fpu: xstate_offset[17]: 2496, xstate_sizes[17]:   64
[    0.379691] x86/fpu: xstate_offset[18]: 2560, xstate_sizes[18]: 8192
[    0.380269] x86/fpu: Enabled xstate features 0x602e7, context size is 10752 bytes, using 'compacted' format.
[    0.539339] Freeing SMP alternatives memory: 56K
[    0.539764] pid_max: default: 32768 minimum: 301
[    0.540494] LSM: initializing lsm=capability,yama,ima,evm
[    0.541044] Yama: becoming mindful.
[    0.541815] Mount-cache hash table entries: 4096 (order: 3, 32768 bytes, linear)
[    0.542012] Mountpoint-cache hash table entries: 4096 (order: 3, 32768 bytes, linear)
[    0.545002] Running RCU synchronous self tests
[    0.545421] Running RCU synchronous self tests
[    0.546662] smpboot: CPU0: Intel GENUINE INTEL(R) XEON(R) (family: 0x6, model: 0xad, stepping: 0x0)
[    0.548617] Running RCU Tasks wait API self tests
[    0.650108] Running RCU Tasks Rude wait API self tests
[    0.650731] Running RCU Tasks Trace wait API self tests
[    0.651277] Performance Events: PEBS fmt0-, Sapphire Rapids events, full-width counters, Intel PMU driver.
[    0.652279] ... version:                2
[    0.652647] ... bit width:              48
[    0.653031] ... generic registers:      8
[    0.653402] ... value mask:             0000ffffffffffff
[    0.653892] ... max period:             00007fffffffffff
[    0.654009] ... fixed-purpose events:   3
[    0.654385] ... event mask:             00000007000000ff
[    0.655292] signal: max sigframe size: 11952
[    0.655904] rcu: Hierarchical SRCU implementation.
[    0.656351] rcu: 	Max phase no-delay instances is 1000.
[    0.658099] Callback from call_rcu_tasks_trace() invoked.
[    0.662313] smp: Bringing up secondary CPUs ...
[    0.663588] smpboot: x86: Booting SMP configuration:
[    0.664074] .... node  #0, CPUs:      #1
[    0.664437] smp: Brought up 1 node, 2 CPUs
[    0.666800] smpboot: Total of 2 processors activated (10000.00 BogoMIPS)
[    0.670501] devtmpfs: initialized
[    0.670931] x86/mm: Memory block size: 128MB
[    0.682863] Running RCU synchronous self tests
[    0.683349] Running RCU synchronous self tests
[    0.683822] clocksource: jiffies: mask: 0xffffffff max_cycles: 0xffffffff, max_idle_ns: 7645041785100000 ns
[    0.683822] futex hash table entries: 512 (order: 4, 65536 bytes, linear)
[    0.684312] pinctrl core: initialized pinctrl subsystem
[    0.686026] 
[    0.686052] *************************************************************
[    0.686636] **     NOTICE NOTICE NOTICE NOTICE NOTICE NOTICE NOTICE    **
[    0.690071] **                                                         **
[    0.690071] **  IOMMU DebugFS SUPPORT HAS BEEN ENABLED IN THIS KERNEL  **
[    0.690071] **                                                         **
[    0.690071] ** This means that this kernel is built to expose internal **
[    0.690071] ** IOMMU data structures, which may compromise security on **
[    0.690071] ** your system.                                            **
[    0.690619] **                                                         **
[    0.691237] ** If you see this message and you are not debugging the   **
[    0.691857] ** kernel, report this immediately to your vendor!         **
[    0.692469] **                                                         **
[    0.693091] **     NOTICE NOTICE NOTICE NOTICE NOTICE NOTICE NOTICE    **
[    0.693707] *************************************************************
[    0.694074] PM: RTC time: 00:01:44, date: 2024-07-28
[    0.697760] NET: Registered PF_NETLINK/PF_ROUTE protocol family
[    0.699986] DMA: preallocated 256 KiB GFP_KERNEL pool for atomic allocations
[    0.700669] DMA: preallocated 256 KiB GFP_KERNEL|GFP_DMA pool for atomic allocations
[    0.701401] DMA: preallocated 256 KiB GFP_KERNEL|GFP_DMA32 pool for atomic allocations
[    0.702152] audit: initializing netlink subsys (disabled)
[    0.706083] audit: type=2000 audit(1722124904.402:1): state=initialized audit_enabled=0 res=1
[    0.708287] thermal_sys: Registered thermal governor 'fair_share'
[    0.708297] thermal_sys: Registered thermal governor 'bang_bang'
[    0.708896] thermal_sys: Registered thermal governor 'step_wise'
[    0.710015] thermal_sys: Registered thermal governor 'user_space'
[    0.710661] cpuidle: using governor ladder
[    0.711036] cpuidle: using governor menu
[    0.711036] acpiphp: ACPI Hot Plug PCI Controller Driver version: 0.5
[    0.714936] PCI: Using configuration type 1 for base access
[    0.715791] kprobes: kprobe jump-optimization is enabled. All kprobes are optimized if possible.
[    0.836244] Callback from call_rcu_tasks_rude() invoked.
[    0.836914] HugeTLB: registered 1.00 GiB page size, pre-allocated 0 pages
[    0.836914] HugeTLB: 16380 KiB vmemmap can be freed for a 1.00 GiB page
[    0.838011] HugeTLB: registered 2.00 MiB page size, pre-allocated 0 pages
[    0.838624] HugeTLB: 28 KiB vmemmap can be freed for a 2.00 MiB page
[    0.840427] Demotion targets for Node 0: null
[    0.844725] ACPI: Added _OSI(Module Device)
[    0.845139] ACPI: Added _OSI(Processor Device)
[    0.845556] ACPI: Added _OSI(3.0 _SCP Extensions)
[    0.845998] ACPI: Added _OSI(Processor Aggregator Device)
[    0.881506] ACPI: 1 ACPI AML tables successfully acquired and loaded
[    0.887103] ACPI: _OSC evaluation for CPUs failed, trying _PDC
[    0.891779] ACPI: Interpreter enabled
[    0.892324] ACPI: PM: (supports S0 S3 S4 S5)
[    0.892728] ACPI: Using IOAPIC for interrupt routing
[    0.893290] PCI: Using host bridge windows from ACPI; if necessary, use "pci=nocrs" and report a bug
[    0.894007] PCI: Using E820 reservations for host bridge windows
[    0.896623] ACPI: Enabled 2 GPEs in block 00 to 0F
[    0.970162] ACPI: PCI Root Bridge [PCI0] (domain 0000 [bus 00-ff])
[    0.970787] acpi PNP0A03:00: _OSC: OS supports [ASPM ClockPM Segments MSI EDR HPX-Type3]
[    0.971526] acpi PNP0A03:00: _OSC: not requesting OS control; OS requires [ExtendedConfig ASPM ClockPM MSI]
[    0.972730] acpi PNP0A03:00: fail to add MMCONFIG information, can't access extended configuration space under this bridge
[    0.983199] acpiphp: Slot [3] registered
[    0.983824] acpiphp: Slot [4] registered
[    0.984453] acpiphp: Slot [5] registered
[    0.985076] acpiphp: Slot [6] registered
[    0.985717] acpiphp: Slot [7] registered
[    0.986271] acpiphp: Slot [8] registered
[    0.986894] acpiphp: Slot [9] registered
[    0.987516] acpiphp: Slot [10] registered
[    0.988153] acpiphp: Slot [11] registered
[    0.988785] acpiphp: Slot [12] registered
[    0.989421] acpiphp: Slot [13] registered
[    0.990056] acpiphp: Slot [14] registered
[    0.990706] acpiphp: Slot [15] registered
[    0.991343] acpiphp: Slot [16] registered
[    0.991981] acpiphp: Slot [17] registered
[    0.992615] acpiphp: Slot [18] registered
[    0.993249] acpiphp: Slot [19] registered
[    0.993887] acpiphp: Slot [20] registered
[    0.994268] acpiphp: Slot [21] registered
[    0.994879] acpiphp: Slot [22] registered
[    0.995468] acpiphp: Slot [23] registered
[    0.996059] acpiphp: Slot [24] registered
[    0.996642] acpiphp: Slot [25] registered
[    0.997235] acpiphp: Slot [26] registered
[    0.997885] acpiphp: Slot [27] registered
[    0.998253] acpiphp: Slot [28] registered
[    0.998833] acpiphp: Slot [29] registered
[    0.999412] acpiphp: Slot [30] registered
[    0.999998] acpiphp: Slot [31] registered
[    1.000464] PCI host bridge to bus 0000:00
[    1.000849] pci_bus 0000:00: root bus resource [io  0x0000-0x0cf7 window]
[    1.001473] pci_bus 0000:00: root bus resource [io  0x0d00-0xffff window]
[    1.002012] pci_bus 0000:00: root bus resource [mem 0x000a0000-0x000bffff window]
[    1.002634] pci_bus 0000:00: root bus resource [mem 0x80000000-0xfebfffff window]
[    1.003261] pci_bus 0000:00: root bus resource [mem 0x100000000-0x17fffffff window]
[    1.003960] pci_bus 0000:00: root bus resource [bus 00-ff]
[    1.004698] pci 0000:00:00.0: [8086:1237] type 00 class 0x060000 conventional PCI endpoint
[    1.007756] pci 0000:00:01.0: [8086:7000] type 00 class 0x060100 conventional PCI endpoint
[    1.010745] pci 0000:00:01.1: [8086:7010] type 00 class 0x010180 conventional PCI endpoint
[    1.013161] pci 0000:00:01.1: BAR 4 [io  0xc040-0xc04f]
[    1.014197] pci 0000:00:01.1: BAR 0 [io  0x01f0-0x01f7]: legacy IDE quirk
[    1.014823] pci 0000:00:01.1: BAR 1 [io  0x03f6]: legacy IDE quirk
[    1.015381] pci 0000:00:01.1: BAR 2 [io  0x0170-0x0177]: legacy IDE quirk
[    1.015998] pci 0000:00:01.1: BAR 3 [io  0x0376]: legacy IDE quirk
[    1.018523] pci 0000:00:01.3: [8086:7113] type 00 class 0x068000 conventional PCI endpoint
[    1.019671] pci 0000:00:01.3: quirk: [io  0x0600-0x063f] claimed by PIIX4 ACPI
[    1.020331] pci 0000:00:01.3: quirk: [io  0x0700-0x070f] claimed by PIIX4 SMB
[    1.022856] pci 0000:00:02.0: [1234:1111] type 00 class 0x030000 conventional PCI endpoint
[    1.024392] pci 0000:00:02.0: BAR 0 [mem 0xfd000000-0xfdffffff pref]
[    1.026014] pci 0000:00:02.0: BAR 2 [mem 0xfebf0000-0xfebf0fff]
[    1.029717] pci 0000:00:02.0: ROM [mem 0xfebe0000-0xfebeffff pref]
[    1.030144] pci 0000:00:02.0: Video device with shadowed ROM at [mem 0x000c0000-0x000dffff]
[    1.032788] pci 0000:00:03.0: [8086:100e] type 00 class 0x020000 conventional PCI endpoint
[    1.034009] pci 0000:00:03.0: BAR 0 [mem 0xfebc0000-0xfebdffff]
[    1.035069] pci 0000:00:03.0: BAR 1 [io  0xc000-0xc03f]
[    1.038010] pci 0000:00:03.0: ROM [mem 0xfeb80000-0xfebbffff pref]
[    1.084620] ACPI: PCI: Interrupt link LNKA configured for IRQ 10
[    1.087311] ACPI: PCI: Interrupt link LNKB configured for IRQ 10
[    1.089899] ACPI: PCI: Interrupt link LNKC configured for IRQ 11
[    1.092070] ACPI: PCI: Interrupt link LNKD configured for IRQ 11
[    1.093423] ACPI: PCI: Interrupt link LNKS configured for IRQ 9
[    1.100123] iommu: Default domain type: Translated
[    1.100596] iommu: DMA domain TLB invalidation policy: lazy mode
[    1.104162] SCSI subsystem initialized
[    1.105395] ACPI: bus type USB registered
[    1.105973] usbcore: registered new interface driver usbfs
[    1.106107] usbcore: registered new interface driver hub
[    1.106685] usbcore: registered new device driver usb
[    1.107465] pps_core: LinuxPPS API ver. 1 registered
[    1.107927] pps_core: Software ver. 5.3.6 - Copyright 2005-2007 Rodolfo Giometti <giometti@linux.it>
[    1.108786] PTP clock support registered
[    1.109571] EDAC MC: Ver: 3.0.0
[    1.113657] NetLabel: Initializing
[    1.113998] NetLabel:  domain hash size = 128
[    1.114405] NetLabel:  protocols = UNLABELED CIPSOv4 CALIPSO
[    1.115129] NetLabel:  unlabeled traffic allowed by default
[    1.116331] PCI: Using ACPI for IRQ routing
[    1.117124] pci 0000:00:02.0: vgaarb: setting as boot VGA device
[    1.117692] pci 0000:00:02.0: vgaarb: bridge control possible
[    1.118001] pci 0000:00:02.0: vgaarb: VGA device added: decodes=io+mem,owns=io+mem,locks=none
[    1.118011] vgaarb: loaded
[    1.118734] hpet0: at MMIO 0xfed00000, IRQs 2, 8, 0
[    1.119201] hpet0: 3 comparators, 64-bit 100.000000 MHz counter
[    1.140789] clocksource: Switched to clocksource kvm-clock
[    1.148025] VFS: Disk quotas dquot_6.6.0
[    1.148451] VFS: Dquot-cache hash table entries: 512 (order 0, 4096 bytes)
[    1.150961] pnp: PnP ACPI init
[    1.157870] pnp: PnP ACPI: found 6 devices
[    1.182197] clocksource: acpi_pm: mask: 0xffffff max_cycles: 0xffffff, max_idle_ns: 2085701024 ns
[    1.183615] NET: Registered PF_INET protocol family
[    1.184234] IP idents hash table entries: 32768 (order: 6, 262144 bytes, linear)
[    1.186540] tcp_listen_portaddr_hash hash table entries: 1024 (order: 4, 73728 bytes, linear)
[    1.187344] Table-perturb hash table entries: 65536 (order: 6, 262144 bytes, linear)
[    1.188124] TCP established hash table entries: 16384 (order: 5, 131072 bytes, linear)
[    1.189162] TCP bind hash table entries: 16384 (order: 9, 2359296 bytes, linear)
[    1.190984] TCP: Hash tables configured (established 16384 bind 16384)
[    1.191997] UDP hash table entries: 1024 (order: 5, 163840 bytes, linear)
[    1.192698] UDP-Lite hash table entries: 1024 (order: 5, 163840 bytes, linear)
[    1.193777] NET: Registered PF_UNIX/PF_LOCAL protocol family
[    1.198387] RPC: Registered named UNIX socket transport module.
[    1.198961] RPC: Registered udp transport module.
[    1.199414] RPC: Registered tcp transport module.
[    1.199852] RPC: Registered tcp-with-tls transport module.
[    1.200368] RPC: Registered tcp NFSv4.1 backchannel transport module.
[    1.200980] pci_bus 0000:00: resource 4 [io  0x0000-0x0cf7 window]
[    1.201565] pci_bus 0000:00: resource 5 [io  0x0d00-0xffff window]
[    1.202164] pci_bus 0000:00: resource 6 [mem 0x000a0000-0x000bffff window]
[    1.202807] pci_bus 0000:00: resource 7 [mem 0x80000000-0xfebfffff window]
[    1.203451] pci_bus 0000:00: resource 8 [mem 0x100000000-0x17fffffff window]
[    1.204724] pci 0000:00:01.0: PIIX3: Enabling Passive Release
[    1.205286] pci 0000:00:00.0: Limiting direct PCI/PCI transfers
[    1.205935] PCI: CLS 0 bytes, default 64
[    1.207066] ACPI: bus type thunderbolt registered
[    1.207859] clocksource: tsc: mask: 0xffffffffffffffff max_cycles: 0x240939f1bb2, max_idle_ns: 440795263295 ns
[    3.214526] Initialise system trusted keyrings
[    3.215107] Key type blacklist registered
[    3.216058] workingset: timestamp_bits=36 max_order=19 bucket_order=0
[    3.216749] zbud: loaded
[    3.219735] squashfs: version 4.0 (2009/01/31) Phillip Lougher
[    3.222831] NFS: Registering the id_resolver key type
[    3.223362] Key type id_resolver registered
[    3.223755] Key type id_legacy registered
[    3.224204] nfs4filelayout_init: NFSv4 File Layout Driver Registering...
[    3.224870] nfs4flexfilelayout_init: NFSv4 Flexfile Layout Driver Registering...
[    3.225892] fuse: init (API version 7.40)
[    3.226930] SGI XFS with ACLs, security attributes, realtime, quota, no debug enabled
[    3.229606] 9p: Installing v9fs 9p2000 file system support
[    3.244560] Key type asymmetric registered
[    3.244947] Asymmetric key parser 'x509' registered
[    3.245585] Block layer SCSI generic (bsg) driver version 0.4 loaded (major 243)
[    3.246798] io scheduler mq-deadline registered
[    3.247384] io scheduler bfq registered
[    3.249261] shpchp: Standard Hot Plug PCI Controller Driver version: 0.4
[    3.250994] IPMI message handler: version 39.2
[    3.251538] ipmi device interface
[    3.254716] input: Power Button as /devices/LNXSYSTM:00/LNXPWRBN:00/input/input0
[    3.256149] ACPI: button: Power Button [PWRF]
[    3.258989] ERST DBG: ERST support is disabled.
[    3.260851] Serial: 8250/16550 driver, 32 ports, IRQ sharing enabled
[    3.263416] 00:04: ttyS0 at I/O 0x3f8 (irq = 4, base_baud = 115200) is a 16550A
[    3.300703] Linux agpgart interface v0.103
[    3.302291] Callback from call_rcu_tasks() invoked.
[    3.303717] ACPI: bus type drm_connector registered
[    3.330771] brd: module loaded
[    3.349333] loop: module loaded
[    3.363889] scsi host0: ata_piix
[    3.366496] scsi host1: ata_piix
[    3.367499] ata1: PATA max MWDMA2 cmd 0x1f0 ctl 0x3f6 bmdma 0xc040 irq 14 lpm-pol 0
[    3.368153] ata2: PATA max MWDMA2 cmd 0x170 ctl 0x376 bmdma 0xc048 irq 15 lpm-pol 0
[    3.372275] tun: Universal TUN/TAP device driver, 1.6
[    3.373129] e100: Intel(R) PRO/100 Network Driver
[    3.373542] e100: Copyright(c) 1999-2006 Intel Corporation
[    3.374107] e1000: Intel(R) PRO/1000 Network Driver
[    3.374520] e1000: Copyright (c) 1999-2006 Intel Corporation.
[    3.526010] ata1: found unknown device (class 0)
[    3.526879] ata2: found unknown device (class 0)
[    3.528020] ata2.00: ATAPI: QEMU DVD-ROM, 2.5+, max UDMA/100
[    3.528754] ata1.00: ATA-7: QEMU HARDDISK, 2.5+, max UDMA/100
[    3.529275] ata1.00: 17196647 sectors, multi 16: LBA48 
[    3.531770] scsi 0:0:0:0: Direct-Access     ATA      QEMU HARDDISK    2.5+ PQ: 0 ANSI: 5
[    3.535561] sd 0:0:0:0: [sda] 17196647 512-byte logical blocks: (8.80 GB/8.20 GiB)
[    3.536344] sd 0:0:0:0: [sda] Write Protect is off
[    3.536875] sd 0:0:0:0: [sda] Write cache: enabled, read cache: enabled, doesn't support DPO or FUA
[    3.537816] sd 0:0:0:0: [sda] Preferred minimum I/O size 512 bytes
[    3.537957] sd 0:0:0:0: Attached scsi generic sg0 type 0
[    3.542495] scsi 1:0:0:0: CD-ROM            QEMU     QEMU DVD-ROM     2.5+ PQ: 0 ANSI: 5
[    3.548117] sd 0:0:0:0: [sda] Attached SCSI disk
[    3.567610] scsi 1:0:0:0: Attached scsi generic sg1 type 5
[    5.476782] ACPI: \_SB_.LNKC: Enabled at IRQ 11
[    5.810347] e1000 0000:00:03.0 eth0: (PCI:33MHz:32-bit) 52:54:00:12:34:56
[    5.810995] e1000 0000:00:03.0 eth0: Intel(R) PRO/1000 Network Connection
[    5.811766] e1000e: Intel(R) PRO/1000 Network Driver
[    5.812220] e1000e: Copyright(c) 1999 - 2015 Intel Corporation.
[    5.812828] igb: Intel(R) Gigabit Ethernet Network Driver
[    5.813289] igb: Copyright (c) 2007-2014 Intel Corporation.
[    5.814022] PPP generic driver version 2.4.2
[    5.816278] VFIO - User Level meta-driver version: 0.3
[    5.818236] usbcore: registered new interface driver uas
[    5.818791] usbcore: registered new interface driver usb-storage
[    5.819633] i8042: PNP: PS/2 Controller [PNP0303:KBD,PNP0f13:MOU] at 0x60,0x64 irq 1,12
[    5.821624] serio: i8042 KBD port at 0x60,0x64 irq 1
[    5.822205] serio: i8042 AUX port at 0x60,0x64 irq 12
[    5.824563] mousedev: PS/2 mouse device common for all mice
[    5.826843] rtc_cmos 00:05: RTC can wake from S4
[    5.827657] input: AT Translated Set 2 keyboard as /devices/platform/i8042/serio0/input/input1
[    5.830303] rtc_cmos 00:05: registered as rtc0
[    5.830833] rtc_cmos 00:05: setting system clock to 2024-07-28T00:01:49 UTC (1722124909)
[    5.830882] input: VirtualPS/2 VMware VMMouse as /devices/platform/i8042/serio1/input/input4
[    5.832786] rtc_cmos 00:05: alarms up to one day, y3k, 242 bytes nvram, hpet irqs
[    5.833659] i2c_dev: i2c /dev entries driver
[    5.834134] input: VirtualPS/2 VMware VMMouse as /devices/platform/i8042/serio1/input/input3
[    5.834232] device-mapper: core: CONFIG_IMA_DISABLE_HTABLE is disabled. Duplicate IMA measurements will not be recorded in the IMA log.
[    5.836080] device-mapper: uevent: version 1.0.3
[    5.837226] device-mapper: ioctl: 4.48.0-ioctl (2023-03-01) initialised: dm-devel@lists.linux.dev
[    5.838073] intel_pstate: CPU model not supported
[    5.838786] sdhci: Secure Digital Host Controller Interface driver
[    5.839356] sdhci: Copyright(c) Pierre Ossman
[    5.839922] sdhci-pltfm: SDHCI platform and OF driver helper
[    5.840689] ledtrig-cpu: registered to indicate activity on CPUs
[    5.842174] drop_monitor: Initializing network drop monitor service
[    5.843216] NET: Registered PF_INET6 protocol family
[    5.851987] Segment Routing with IPv6
[    5.852434] In-situ OAM (IOAM) with IPv6
[    5.852882] NET: Registered PF_PACKET protocol family
[    5.854199] 9pnet: Installing 9P2000 support
[    5.854756] Key type dns_resolver registered
[    5.857645] IPI shorthand broadcast: enabled
[    5.921232] sched_clock: Marking stable (5896004192, 21722021)->(5928743129, -11016916)
[    5.924499] Timer migration: 1 hierarchy levels; 8 children per group; 1 crossnode level
[    5.925891] registered taskstats version 1
[    5.927379] Loading compiled-in X.509 certificates
[    5.989261] Demotion targets for Node 0: null
[    5.991984] Key type .fscrypt registered
[    5.992374] Key type fscrypt-provisioning registered
[    6.003773] Key type encrypted registered
[    6.004232] ima: No TPM chip found, activating TPM-bypass!
[    6.004758] ima: Allocated hash algorithm: sha1
[    6.005270] ima: No architecture policies found
[    6.006003] evm: Initialising EVM extended attributes:
[    6.006473] evm: security.selinux
[    6.006782] evm: security.SMACK64
[    6.007094] evm: security.SMACK64EXEC
[    6.007434] evm: security.SMACK64TRANSMUTE
[    6.007808] evm: security.SMACK64MMAP
[    6.008160] evm: security.apparmor
[    6.008467] evm: security.ima
[    6.008737] evm: security.capability
[    6.009065] evm: HMAC attrs: 0x1
[    6.013705] PM:   Magic number: 0:70:2
[    6.015516] RAS: Correctable Errors collector initialized.
[    6.016329] clk: Disabling unused clocks
[    6.017146] PM: genpd: Disabling unused power domains
[    6.018785] md: Waiting for all devices to be available before autodetect
[    6.019243] md: If you don't use raid, use raid=noautodetect
[    6.019596] md: Autodetecting RAID arrays.
[    6.019869] md: autorun ...
[    6.020062] md: ... autorun DONE.
[    6.037965] EXT4-fs (sda): mounted filesystem 088740a9-c8b4-422c-999d-a804eb68a4da ro with ordered data mode. Quota mode: none.
[    6.038801] VFS: Mounted root (ext4 filesystem) readonly on device 8:0.
[    6.042512] devtmpfs: mounted
[    6.069061] Freeing unused decrypted memory: 2028K
[    6.074526] Freeing unused kernel image (initmem) memory: 15256K
[    6.075002] Write protecting the kernel read-only data: 94208k
[    6.077928] Freeing unused kernel image (rodata/data gap) memory: 1352K
[    7.275729] x86/mm: Checked W+X mappings: passed, no W+X pages found.
[    7.276291] Run /sbin/init as init process
[    7.535591] systemd[1]: systemd 252-15.el9 running in system mode (+PAM +AUDIT +SELINUX -APPARMOR +IMA +SMACK +SECCOMP +GCRYPT +GNUTLS +OPENSSL +ACL +BLKID +CURL +ELFUTILS -FIDO2 +IDN2 -IDN -IPTC +KMOD +LIBCRYPTSETUP +LIBFDISK +PCRE2 -PWQUALITY +P11KIT -QRENCODE +TPM2 +BZIP2 +LZ4 +XZ +ZLIB +ZSTD -BPF_FRAMEWORK +XKBCOMMON +UTMP +SYSVINIT default-hierarchy=unified)
[    7.537384] systemd[1]: Detected virtualization kvm.
[    7.537690] systemd[1]: Detected architecture x86-64.

Welcome to [0;31mCentOS Stream 9[0m!

[    7.547006] systemd[1]: Hostname set to <test>.
[    7.807039] systemd-rc-local-generator[125]: /etc/rc.d/rc.local is not marked executable, skipping.
[    8.369147] systemd[1]: Queued start job for default target Multi-User System.
[    8.405668] systemd[1]: Created slice Virtual Machine and Container Slice.
[[0;32m  OK  [0m] Created slice [0;1;39mVirtual Machine and Container Slice[0m.
[    8.411882] systemd[1]: Created slice Slice /system/getty.
[[0;32m  OK  [0m] Created slice [0;1;39mSlice /system/getty[0m.
[    8.415351] systemd[1]: Created slice Slice /system/modprobe.
[[0;32m  OK  [0m] Created slice [0;1;39mSlice /system/modprobe[0m.
[    8.418691] systemd[1]: Created slice Slice /system/serial-getty.
[[0;32m  OK  [0m] Created slice [0;1;39mSlice /system/serial-getty[0m.
[    8.422364] systemd[1]: Created slice Slice /system/sshd-keygen.
[[0;32m  OK  [0m] Created slice [0;1;39mSlice /system/sshd-keygen[0m.
[    8.425782] systemd[1]: Created slice User and Session Slice.
[[0;32m  OK  [0m] Created slice [0;1;39mUser and Session Slice[0m.
[    8.427317] systemd[1]: Started Forward Password Requests to Wall Directory Watch.
[[0;32m  OK  [0m] Started [0;1;39mForward Password R…uests to Wall Directory Watch[0m.
[    8.429976] systemd[1]: Set up automount Arbitrary Executable File Formats File System Automount Point.
[[0;32m  OK  [0m] Set up automount [0;1;39mArbitrary…s File System Automount Point[0m.
[    8.431477] systemd[1]: Reached target Local Integrity Protected Volumes.
[[0;32m  OK  [0m] Reached target [0;1;39mLocal Integrity Protected Volumes[0m.
[    8.432657] systemd[1]: Reached target Slice Units.
[[0;32m  OK  [0m] Reached target [0;1;39mSlice Units[0m.
[    8.433579] systemd[1]: Reached target Swaps.
[[0;32m  OK  [0m] Reached target [0;1;39mSwaps[0m.
[    8.434486] systemd[1]: Reached target Local Verity Protected Volumes.
[[0;32m  OK  [0m] Reached target [0;1;39mLocal Verity Protected Volumes[0m.
[    8.436080] systemd[1]: Listening on Device-mapper event daemon FIFOs.
[[0;32m  OK  [0m] Listening on [0;1;39mDevice-mapper event daemon FIFOs[0m.
[    8.438130] systemd[1]: Listening on LVM2 poll daemon socket.
[[0;32m  OK  [0m] Listening on [0;1;39mLVM2 poll daemon socket[0m.
[    8.439409] systemd[1]: multipathd control socket was skipped because of an unmet condition check (ConditionPathExists=/etc/multipath.conf).
[    8.499988] systemd[1]: Listening on RPCbind Server Activation Socket.
[[0;32m  OK  [0m] Listening on [0;1;39mRPCbind Server Activation Socket[0m.
[    8.501217] systemd[1]: Reached target RPC Port Mapper.
[[0;32m  OK  [0m] Reached target [0;1;39mRPC Port Mapper[0m.
[    8.505298] systemd[1]: Listening on Process Core Dump Socket.
[[0;32m  OK  [0m] Listening on [0;1;39mProcess Core Dump Socket[0m.
[    8.506805] systemd[1]: Listening on initctl Compatibility Named Pipe.
[[0;32m  OK  [0m] Listening on [0;1;39minitctl Compatibility Named Pipe[0m.
[    8.508676] systemd[1]: Listening on Journal Socket (/dev/log).
[[0;32m  OK  [0m] Listening on [0;1;39mJournal Socket (/dev/log)[0m.
[    8.510429] systemd[1]: Listening on Journal Socket.
[[0;32m  OK  [0m] Listening on [0;1;39mJournal Socket[0m.
[    8.512230] systemd[1]: Listening on udev Control Socket.
[[0;32m  OK  [0m] Listening on [0;1;39mudev Control Socket[0m.
[    8.513555] systemd[1]: Listening on udev Kernel Socket.
[[0;32m  OK  [0m] Listening on [0;1;39mudev Kernel Socket[0m.
[    8.522958] systemd[1]: Mounting Huge Pages File System...
         Mounting [0;1;39mHuge Pages File System[0m...
[    8.533261] systemd[1]: Mounting POSIX Message Queue File System...
         Mounting [0;1;39mPOSIX Message Queue File System[0m...
[    8.546993] systemd[1]: Mounting Kernel Debug File System...
         Mounting [0;1;39mKernel Debug File System[0m...
[    8.558837] systemd[1]: Mounting Kernel Trace File System...
         Mounting [0;1;39mKernel Trace File System[0m...
[    8.561926] systemd[1]: Kernel Module supporting RPCSEC_GSS was skipped because of an unmet condition check (ConditionPathExists=/etc/krb5.keytab).
[    8.562888] systemd[1]: Create List of Static Device Nodes was skipped because of an unmet condition check (ConditionFileNotEmpty=/lib/modules/6.10.0-0c3836482481/modules.devname).
[    8.572958] systemd[1]: Starting Monitoring of LVM2 mirrors, snapshots etc. using dmeventd or progress polling...
         Starting [0;1;39mMonitoring of LVM…meventd or progress polling[0m...
[    8.583577] systemd[1]: Starting Load Kernel Module configfs...
         Starting [0;1;39mLoad Kernel Module configfs[0m...
[    8.593938] systemd[1]: Starting Load Kernel Module drm...
         Starting [0;1;39mLoad Kernel Module drm[0m...
[    8.614169] systemd[1]: Starting Load Kernel Module fuse...
         Starting [0;1;39mLoad Kernel Module fuse[0m...
[    8.627959] systemd[1]: Starting Read and set NIS domainname from /etc/sysconfig/network...
         Starting [0;1;39mRead and set NIS …from /etc/sysconfig/network[0m...
[    8.662689] systemd[1]: Starting Journal Service...
         Starting [0;1;39mJournal Service[0m...
[    8.680244] systemd[1]: Starting Load Kernel Modules...
         Starting [0;1;39mLoad Kernel Modules[0m...
[    8.694247] systemd[1]: Starting Generate network units from Kernel command line...
         Starting [0;1;39mGenerate network …ts from Kernel command line[0m...
[    8.718267] systemd[1]: Starting Remount Root and Kernel File Systems...
         Starting [0;1;39mRemount Root and Kernel File Systems[0m...
[    8.727067] systemd[1]: Repartition Root Disk was skipped because no trigger condition checks were met.
[    8.763087] systemd[1]: Starting Coldplug All udev Devices...
         Starting [0;1;39mColdplug All udev Devices[0m...
[    8.786389] systemd[1]: Mounted Huge Pages File System.
[[0;32m  OK  [0m] Mounted [0;1;39mHuge Pages File System[0m.
[    8.788070] systemd[1]: Mounted POSIX Message Queue File System.
[[0;32m  OK  [0m] Mounted [0;1;39mPOSIX Message Queue File System[0m.
[    8.794482] systemd[1]: Mounted Kernel Debug File System.
[[0;32m  OK  [0m] Mounted [0;1;39mKernel Debug File System[0m.
[    8.796161] systemd[1]: Mounted Kernel Trace File System.
[[0;32m  OK  [0m] Mounted [0;1;39mKernel Trace File System[0m.
[    8.804302] systemd[1]: modprobe@configfs.service: Deactivated successfully.
[    8.806435] systemd[1]: Finished Load Kernel Module configfs.
[[0;32m  OK  [0m] Finished [0;1;39mLoad Kernel Module configfs[0m.
[    8.813197] systemd[1]: modprobe@drm.service: Deactivated successfully.
[    8.818181] systemd[1]: Finished Load Kernel Module drm.
[[0;32m  OK  [0m] Finished [0;1;39mLoad Kernel Module drm[0m.
[    8.821646] systemd[1]: Finished Monitoring of LVM2 mirrors, snapshots etc. using dmeventd or progress polling.
[[0;32m  OK  [0m] Finished [0;1;39mMonitoring of LVM… dmeventd or progress polling[0m.
[    8.831610] systemd[1]: modprobe@fuse.service: Deactivated successfully.
[    8.834945] systemd[1]: Finished Load Kernel Module fuse.
[[0;32m  OK  [0m] Finished [0;1;39mLoad Kernel Module fuse[0m.
[    8.839560] systemd[1]: Finished Read and set NIS domainname from /etc/sysconfig/network.
[[0;32m  OK  [0m] Finished [0;1;39mRead and set NIS …e from /etc/sysconfig/network[0m.
[    8.846625] systemd[1]: systemd-modules-load.service: Main process exited, code=exited, status=1/FAILURE
[    8.848117] systemd[1]: systemd-modules-load.service: Failed with result 'exit-code'.
[    8.854001] systemd[1]: Failed to start Load Kernel Modules.
[[0;1;31mFAILED[0m] Failed to start [0;1;39mLoad Kernel Modules[0m.
See 'systemctl status systemd-modules-load.service' for details.
[    8.860941] systemd[1]: Finished Generate network units from Kernel command line.
[[0;32m  OK  [0m] Finished [0;1;39mGenerate network units from Kernel command line[0m.
[    8.863760] systemd[1]: Reached target Preparation for Network.
[[0;32m  OK  [0m] Reached target [0;1;39mPreparation for Network[0m.
[    8.890275] EXT4-fs (sda): re-mounted 088740a9-c8b4-422c-999d-a804eb68a4da r/w. Quota mode: none.
[    8.893987] systemd[1]: Mounting FUSE Control File System...
         Mounting [0;1;39mFUSE Control File System[0m...
[    8.922022] systemd[1]: Mounting Kernel Configuration File System...
         Mounting [0;1;39mKernel Configuration File System[0m...
[    8.958608] systemd[1]: Starting Apply Kernel Variables...
         Starting [0;1;39mApply Kernel Variables[0m...
[    8.968688] systemd[1]: Started Journal Service.
[[0;32m  OK  [0m] Started [0;1;39mJournal Service[0m.
[[0;32m  OK  [0m] Finished [0;1;39mRemount Root and Kernel File Systems[0m.
[[0;32m  OK  [0m] Mounted [0;1;39mFUSE Control File System[0m.
[[0;32m  OK  [0m] Mounted [0;1;39mKernel Configuration File System[0m.
         Starting [0;1;39mFlush Journal to Persistent Storage[0m...
         Starting [0;1;39mLoad/Save Random Seed[0m...
         Starting [0;1;39mCreate Static Device Nodes in /dev[0m...
         Starting [0;1;39mSetup Virtual Console[0m...
[    9.106178] systemd-journald[147]: Received client request to flush runtime journal.
[[0;32m  OK  [0m] Finished [0;1;39mApply Kernel Variables[0m.
[[0;32m  OK  [0m] Finished [0;1;39mFlush Journal to Persistent Storage[0m.
[[0;32m  OK  [0m] Finished [0;1;39mLoad/Save Random Seed[0m.
[[0;32m  OK  [0m] Finished [0;1;39mCreate Static Device Nodes in /dev[0m.
         Starting [0;1;39mRule-based Manage…for Device Events and Files[0m...
[[0;32m  OK  [0m] Started [0;1;39mRule-based Manager for Device Events and Files[0m.
         Starting [0;1;39mAuto-connect to s…E devices found during boot[0m...
[[0;32m  OK  [0m] Finished [0;1;39mColdplug All udev Devices[0m.
[[0;32m  OK  [0m] Finished [0;1;39mAuto-connect to s…VME devices found during boot[0m.
[[0;32m  OK  [0m] Finished [0;1;39mSetup Virtual Console[0m.
[[0;32m  OK  [0m] Started [0;1;39mDispatch Password …ts to Console Directory Watch[0m.
[[0;32m  OK  [0m] Reached target [0;1;39mLocal Encrypted Volumes[0m.
[[0;32m  OK  [0m] Reached target [0;1;39mPath Units[0m.
         Starting [0;1;39mWait for udev To …plete Device Initialization[0m...
[[0;32m  OK  [0m] Found device [0;1;39m/dev/ttyS0[0m.
[[0;32m  OK  [0m] Listening on [0;1;39mLoad/Save RF …itch Status /dev/rfkill Watch[0m.
[[0;32m  OK  [0m] Finished [0;1;39mWait for udev To Complete Device Initialization[0m.
[[0;32m  OK  [0m] Reached target [0;1;39mPreparation for Local File Systems[0m.
[[0;32m  OK  [0m] Reached target [0;1;39mLocal File Systems[0m.
         Starting [0;1;39mTell Plymouth To Write Out Runtime Data[0m...
         Starting [0;1;39mAutomatic Boot Loader Update[0m...
         Starting [0;1;39mCreate Volatile Files and Directories[0m...
[[0;32m  OK  [0m] Finished [0;1;39mTell Plymouth To Write Out Runtime Data[0m.
[[0;32m  OK  [0m] Finished [0;1;39mAutomatic Boot Loader Update[0m.
[[0;32m  OK  [0m] Finished [0;1;39mCreate Volatile Files and Directories[0m.
         Mounting [0;1;39mRPC Pipe File System[0m...
         Starting [0;1;39mSecurity Auditing Service[0m...
         Starting [0;1;39mRPC Bind[0m...
[[0;32m  OK  [0m] Mounted [0;1;39mRPC Pipe File System[0m.
[[0;32m  OK  [0m] Reached target [0;1;39mrpc_pipefs.target[0m.
[[0;32m  OK  [0m] Started [0;1;39mRPC Bind[0m.
[[0;32m  OK  [0m] Started [0;1;39mSecurity Auditing Service[0m.
         Starting [0;1;39mRecord System Boot/Shutdown in UTMP[0m...
[[0;32m  OK  [0m] Finished [0;1;39mRecord System Boot/Shutdown in UTMP[0m.
[[0;32m  OK  [0m] Reached target [0;1;39mSystem Initialization[0m.
[[0;32m  OK  [0m] Started [0;1;39mDaily rotation of log files[0m.
[[0;32m  OK  [0m] Started [0;1;39mUpdates mlocate database every day[0m.
[[0;32m  OK  [0m] Started [0;1;39mDaily Cleanup of Temporary Directories[0m.
[[0;32m  OK  [0m] Started [0;1;39mdaily update of the root trust anchor for DNSSEC[0m.
[[0;32m  OK  [0m] Reached target [0;1;39mTimer Units[0m.
[[0;32m  OK  [0m] Listening on [0;1;39mD-Bus System Message Bus Socket[0m.
[[0;32m  OK  [0m] Listening on [0;1;39mOpen-iSCSI iscsid Socket[0m.
[[0;32m  OK  [0m] Listening on [0;1;39mOpen-iSCSI iscsiuio Socket[0m.
[[0;32m  OK  [0m] Listening on [0;1;39mSSSD Kerberos…ache Manager responder socket[0m.
[[0;32m  OK  [0m] Listening on [0;1;39mLibvirt interface local socket[0m.
[[0;32m  OK  [0m] Listening on [0;1;39mVirtual machine lock manager socket[0m.
[[0;32m  OK  [0m] Listening on [0;1;39mVirtual machine log manager socket[0m.
[[0;32m  OK  [0m] Listening on [0;1;39mLibvirt network local socket[0m.
[[0;32m  OK  [0m] Listening on [0;1;39mLibvirt nodedev local socket[0m.
[[0;32m  OK  [0m] Listening on [0;1;39mLibvirt nwfilter local socket[0m.
[[0;32m  OK  [0m] Listening on [0;1;39mLibvirt proxy local socket[0m.
[[0;32m  OK  [0m] Listening on [0;1;39mLibvirt qemu local socket[0m.
[[0;32m  OK  [0m] Listening on [0;1;39mLibvirt qemu admin socket[0m.
[[0;32m  OK  [0m] Listening on [0;1;39mLibvirt qemu local read-only socket[0m.
[[0;32m  OK  [0m] Listening on [0;1;39mLibvirt secret local socket[0m.
[[0;32m  OK  [0m] Listening on [0;1;39mLibvirt storage local socket[0m.
[[0;32m  OK  [0m] Reached target [0;1;39mSocket Units[0m.
         Starting [0;1;39mD-Bus System Message Bus[0m...
[[0;32m  OK  [0m] Started [0;1;39mD-Bus System Message Bus[0m.
[[0;32m  OK  [0m] Reached target [0;1;39mBasic System[0m.
         Starting [0;1;39mNetwork Manager[0m...
         Starting [0;1;39mNTP client/server[0m...
         Starting [0;1;39mRestore /run/initramfs on shutdown[0m...
[[0;32m  OK  [0m] Started [0;1;39mirqbalance daemon[0m.
[[0;32m  OK  [0m] Started [0;1;39mlibstoragemgmt plug-in server daemon[0m.
[[0;32m  OK  [0m] Started [0;1;39mMachine Check Exception Logging Daemon[0m.
[[0;32m  OK  [0m] Reached target [0;1;39msshd-keygen.target[0m.
[[0;32m  OK  [0m] Reached target [0;1;39mUser and Group Name Lookups[0m.
         Starting [0;1;39mUser Login Management[0m...
         Starting [0;1;39mVirtual Machine a…tainer Registration Service[0m...
         Starting [0;1;39mupdate of the roo…NSSEC validation in unbound[0m...
         Starting [0;1;39mRotate log files[0m...
[[0;32m  OK  [0m] Started [0;1;39mUpdate a database for mlocate[0m.
[[0;32m  OK  [0m] Finished [0;1;39mRestore /run/initramfs on shutdown[0m.
[[0;32m  OK  [0m] Started [0;1;39mVirtual Machine an…ontainer Registration Service[0m.
         Starting [0;1;39mHostname Service[0m...
[[0;32m  OK  [0m] Started [0;1;39mNTP client/server[0m.
[[0;32m  OK  [0m] Started [0;1;39mUser Login Management[0m.
[[0;32m  OK  [0m] Finished [0;1;39mupdate of the roo… DNSSEC validation in unbound[0m.
[[0;32m  OK  [0m] Started [0;1;39mHostname Service[0m.
         Starting [0;1;39mNetwork Manager Script Dispatcher Service[0m...
[[0;32m  OK  [0m] Finished [0;1;39mRotate log files[0m.
[[0;32m  OK  [0m] Started [0;1;39mNetwork Manager Script Dispatcher Service[0m.
[   13.398059] e1000: eth0 NIC Link is Up 1000 Mbps Full Duplex, Flow Control: RX
[[0;32m  OK  [0m] Started [0;1;39mNetwork Manager[0m.
[[0;32m  OK  [0m] Reached target [0;1;39mNetwork[0m.
[[0;32m  OK  [0m] Reached target [0;1;39mNetwork is Online[0m.
         Starting [0;1;39mGSSAPI Proxy Daemon[0m...
         Starting [0;1;39mNotify NFS peers of a restart[0m...
         Starting [0;1;39mSystem Logging Service[0m...
         Starting [0;1;39mOpenSSH server daemon[0m...
         Starting [0;1;39mDynamic System Tuning Daemon[0m...
[[0;32m  OK  [0m] Started [0;1;39mNotify NFS peers of a restart[0m.
[[0;32m  OK  [0m] Started [0;1;39mOpenSSH server daemon[0m.
[[0;32m  OK  [0m] Started [0;1;39mGSSAPI Proxy Daemon[0m.
[[0;32m  OK  [0m] Reached target [0;1;39mNFS client services[0m.
[[0;32m  OK  [0m] Reached target [0;1;39mPreparation for Remote File Systems[0m.
[[0;32m  OK  [0m] Reached target [0;1;39mRemote File Systems[0m.
         Starting [0;1;39mPermit User Sessions[0m...
         Starting [0;1;39mVirtualization qemu daemon[0m...
[[0;32m  OK  [0m] Started [0;1;39mSystem Logging Service[0m.
[[0;32m  OK  [0m] Finished [0;1;39mPermit User Sessions[0m.
[[0;32m  OK  [0m] Started [0;1;39mDeferred execution scheduler[0m.
[[0;32m  OK  [0m] Started [0;1;39mCommand Scheduler[0m.
         Starting [0;1;39mHold until boot process finishes up[0m...
         Starting [0;1;39mTerminate Plymouth Boot Screen[0m...
[[0;32m  OK  [0m] Started [0;1;39mVirtualization qemu daemon[0m.
[[0;32m  OK  [0m] Finished [0;1;39mHold until boot process finishes up[0m.
[[0;32m  OK  [0m] Finished [0;1;39mTerminate Plymouth Boot Screen[0m.
[[0;32m  OK  [0m] Started [0;1;39mGetty on tty1[0m.
[[0;32m  OK  [0m] Started [0;1;39mSerial Getty on ttyS0[0m.
[[0;32m  OK  [0m] Reached target [0;1;39mLogin Prompts[0m.
         Starting [0;1;39mAuthorization Manager[0m...
[[0;32m  OK  [0m] Started [0;1;39mAuthorization Manager[0m.
[[0;32m  OK  [0m] Started [0;1;39mDynamic System Tuning Daemon[0m.
[[0;32m  OK  [0m] Reached target [0;1;39mMulti-User System[0m.
         Starting [0;1;39mRecord Runlevel Change in UTMP[0m...
[[0;32m  OK  [0m] Finished [0;1;39mRecord Runlevel Change in UTMP[0m.

CentOS Stream 9
Kernel 6.10.0-0c3836482481 on an x86_64

Activate the web console with: systemctl enable --now cockpit.socket

test login: [   23.712362] Process accounting resumed
[   23.731003] Process accounting resumed
[  300.357928] INFO: task systemd-hostnam:283 blocked for more than 147 seconds.
[  300.358511]       Not tainted 6.10.0-0c3836482481 #1
[  300.358849] "echo 0 > /proc/sys/kernel/hung_task_timeout_secs" disables this message.
[  300.359357] task:systemd-hostnam state:D stack:0     pid:283   tgid:283   ppid:1      flags:0x00000002
[  300.359958] Call Trace:
[  300.360137]  <TASK>
[  300.360293]  __schedule+0xba3/0x3120
[  300.360589]  ? __pfx___schedule+0x10/0x10
[  300.360866]  ? lock_release+0x418/0x840
[  300.361124]  ? __pfx_lock_release+0x10/0x10
[  300.361401]  ? __pfx_lock_release+0x10/0x10
[  300.361668]  ? lock_is_held_type+0xef/0x150
[  300.361978]  schedule+0xf6/0x3f0
[  300.362201]  schedule_preempt_disabled+0x1c/0x30
[  300.362501]  __mutex_lock+0xc32/0x1660
[  300.362751]  ? acct_process+0x1ef/0x670
[  300.363011]  ? __pfx___mutex_lock+0x10/0x10
[  300.363278]  ? __this_cpu_preempt_check+0x21/0x30
[  300.363581]  ? lock_release+0x418/0x840
[  300.363849]  mutex_lock_nested+0x1f/0x30
[  300.364101]  ? mutex_lock_nested+0x1f/0x30
[  300.364368]  acct_process+0x1ef/0x670
[  300.364607]  ? acct_process+0xa1/0x670
[  300.364867]  do_exit+0x198d/0x29f0
[  300.365095]  ? lock_release+0x418/0x840
[  300.365351]  ? __pfx_do_exit+0x10/0x10
[  300.365599]  ? __this_cpu_preempt_check+0x21/0x30
[  300.365919]  ? _raw_spin_unlock_irq+0x2c/0x60
[  300.366205]  ? lockdep_hardirqs_on+0x89/0x110
[  300.366497]  do_group_exit+0xe4/0x2c0
[  300.366738]  __x64_sys_exit_group+0x4d/0x60
[  300.367006]  x64_sys_call+0x1a1f/0x20d0
[  300.367259]  do_syscall_64+0x6d/0x140
[  300.367505]  entry_SYSCALL_64_after_hwframe+0x76/0x7e
[  300.367827] RIP: 0033:0x7f8ee7118a4d
[  300.368059] RSP: 002b:00007fffeace3298 EFLAGS: 00000246 ORIG_RAX: 00000000000000e7
[  300.368523] RAX: ffffffffffffffda RBX: 00007f8ee71f69e0 RCX: 00007f8ee7118a4d
[  300.368955] RDX: 00000000000000e7 RSI: fffffffffffffe88 RDI: 0000000000000000
[  300.369386] RBP: 0000000000000000 R08: 0000000000000000 R09: 00007f8ee7201b20
[  300.369828] R10: 00007fffeace2fa0 R11: 0000000000000246 R12: 00007f8ee71f69e0
[  300.370265] R13: 00007f8ee71fbf00 R14: 0000000000000002 R15: 00007f8ee71fbee8
[  300.370721]  </TASK>
[  300.370867] INFO: task gmain:291 blocked for more than 147 seconds.
[  300.371257]       Not tainted 6.10.0-0c3836482481 #1
[  300.371566] "echo 0 > /proc/sys/kernel/hung_task_timeout_secs" disables this message.
[  300.372040] task:gmain           state:D stack:0     pid:291   tgid:290   ppid:1      flags:0x00004002
[  300.372617] Call Trace:
[  300.372778]  <TASK>
[  300.372922]  __schedule+0xba3/0x3120
[  300.373167]  ? __pfx___schedule+0x10/0x10
[  300.373420]  ? lock_release+0x418/0x840
[  300.373676]  ? __pfx_lock_release+0x10/0x10
[  300.373954]  ? __pfx_lock_release+0x10/0x10
[  300.374226]  ? lock_is_held_type+0xef/0x150
[  300.374499]  schedule+0xf6/0x3f0
[  300.374724]  schedule_preempt_disabled+0x1c/0x30
[  300.375022]  __mutex_lock+0xc32/0x1660
[  300.375271]  ? acct_process+0x1ef/0x670
[  300.375528]  ? __pfx___mutex_lock+0x10/0x10
[  300.375800]  ? __this_cpu_preempt_check+0x21/0x30
[  300.376105]  ? lock_release+0x418/0x840
[  300.376369]  mutex_lock_nested+0x1f/0x30
[  300.376627]  ? mutex_lock_nested+0x1f/0x30
[  300.376893]  acct_process+0x1ef/0x670
[  300.377131]  ? acct_process+0xa1/0x670
[  300.377380]  do_exit+0x198d/0x29f0
[  300.377607]  ? __this_cpu_preempt_check+0x21/0x30
[  300.377920]  ? lock_release+0x418/0x840
[  300.378168]  ? __pfx_do_exit+0x10/0x10
[  300.378414]  do_group_exit+0xe4/0x2c0
[  300.378654]  get_signal+0x2387/0x2460
[  300.378907]  ? __pfx_get_signal+0x10/0x10
[  300.379175]  arch_do_signal_or_restart+0x8e/0x7d0
[  300.379470]  ? seqcount_lockdep_reader_access.constprop.0+0xb4/0xd0
[  300.379874]  ? __pfx_arch_do_signal_or_restart+0x10/0x10
[  300.380207]  ? trace_hardirqs_on+0x51/0x60
[  300.380480]  ? __this_cpu_preempt_check+0x21/0x30
[  300.380780]  ? syscall_exit_to_user_mode+0x109/0x1f0
[  300.381098]  syscall_exit_to_user_mode+0x13e/0x1f0
[  300.381405]  do_syscall_64+0x79/0x140
[  300.381644]  entry_SYSCALL_64_after_hwframe+0x76/0x7e
[  300.381973] RIP: 0033:0x7fba2bf4296f
[  300.382210] RSP: 002b:00007fba2b5ff1c0 EFLAGS: 00000293 ORIG_RAX: 0000000000000007
[  300.382683] RAX: fffffffffffffdfc RBX: 00007fba2c2ce071 RCX: 00007fba2bf4296f
[  300.383128] RDX: 00000000ffffffff RSI: 0000000000000001 RDI: 000055c951da3b10
[  300.383577] RBP: 000055c951da3b10 R08: 0000000000000000 R09: 0000000000000000
[  300.384022] R10: 00007fba2c70b080 R11: 0000000000000293 R12: 0000000000000001
[  300.384462] R13: 0000000000000001 R14: 00007fba2b5ff230 R15: 000055c951dbd270
[  300.384918]  </TASK>
[  300.385071] INFO: task gmain:350 blocked for more than 147 seconds.
[  300.385460]       Not tainted 6.10.0-0c3836482481 #1
[  300.385780] "echo 0 > /proc/sys/kernel/hung_task_timeout_secs" disables this message.
[  300.386261] task:gmain           state:D stack:0     pid:350   tgid:324   ppid:1      flags:0x00004002
[  300.386834] Call Trace:
[  300.387001]  <TASK>
[  300.387148]  __schedule+0xba3/0x3120
[  300.387396]  ? __pfx___schedule+0x10/0x10
[  300.387657]  ? lock_release+0x418/0x840
[  300.387909]  ? __pfx_lock_release+0x10/0x10
[  300.388182]  ? __pfx_lock_release+0x10/0x10
[  300.388457]  ? lock_is_held_type+0xef/0x150
[  300.388740]  schedule+0xf6/0x3f0
[  300.388960]  schedule_preempt_disabled+0x1c/0x30
[  300.389260]  __mutex_lock+0xc32/0x1660
[  300.389513]  ? acct_process+0x1ef/0x670
[  300.389781]  ? __pfx___mutex_lock+0x10/0x10
[  300.390059]  ? __this_cpu_preempt_check+0x21/0x30
[  300.390363]  ? lock_release+0x418/0x840
[  300.390632]  mutex_lock_nested+0x1f/0x30
[  300.390891]  ? mutex_lock_nested+0x1f/0x30
[  300.391156]  acct_process+0x1ef/0x670
[  300.391400]  ? acct_process+0xa1/0x670
[  300.391654]  do_exit+0x198d/0x29f0
[  300.391883]  ? __this_cpu_preempt_check+0x21/0x30
[  300.392189]  ? lock_release+0x418/0x840
[  300.392441]  ? __pfx_do_exit+0x10/0x10
[  300.392699]  do_group_exit+0xe4/0x2c0
[  300.392942]  get_signal+0x2387/0x2460
[  300.393200]  ? __pfx_get_signal+0x10/0x10
[  300.393472]  arch_do_signal_or_restart+0x8e/0x7d0
[  300.393799]  ? seqcount_lockdep_reader_access.constprop.0+0xb4/0xd0
[  300.394202]  ? __pfx_arch_do_signal_or_restart+0x10/0x10
[  300.394543]  ? trace_hardirqs_on+0x51/0x60
[  300.394817]  ? __this_cpu_preempt_check+0x21/0x30
[  300.395125]  ? syscall_exit_to_user_mode+0x109/0x1f0
[  300.395452]  syscall_exit_to_user_mode+0x13e/0x1f0
[  300.395764]  do_syscall_64+0x79/0x140
[  300.396013]  entry_SYSCALL_64_after_hwframe+0x76/0x7e
[  300.396342] RIP: 0033:0x7f29de54296f
[  300.396576] RSP: 002b:00007f29c5fff9c0 EFLAGS: 00000293 ORIG_RAX: 0000000000000007
[  300.397051] RAX: fffffffffffffdfc RBX: 00007f29def4d071 RCX: 00007f29de54296f
[  300.397501] RDX: 00000000ffffffff RSI: 0000000000000001 RDI: 00005565cf1fad70
[  300.397958] RBP: 00005565cf1fad70 R08: 0000000000000000 R09: 0000000000000000
[  300.398402] R10: 00007f29deff1080 R11: 0000000000000293 R12: 0000000000000001
[  300.398839] R13: 0000000000000001 R14: 00007f29c5fffa30 R15: 00005565cf200ca0
[  300.399301]  </TASK>
[  300.399455] INFO: task repro:733 blocked for more than 147 seconds.
[  300.399841]       Not tainted 6.10.0-0c3836482481 #1
[  300.400164] "echo 0 > /proc/sys/kernel/hung_task_timeout_secs" disables this message.
[  300.400642] task:repro           state:D stack:0     pid:733   tgid:733   ppid:731    flags:0x00004006
[  300.401219] Call Trace:
[  300.401381]  <TASK>
[  300.401529]  __schedule+0xba3/0x3120
[  300.401789]  ? __pfx___schedule+0x10/0x10
[  300.402058]  ? lock_release+0x418/0x840
[  300.402312]  ? __pfx_lock_release+0x10/0x10
[  300.402585]  ? __pfx_lock_release+0x10/0x10
[  300.402859]  ? lock_is_held_type+0xef/0x150
[  300.403142]  schedule+0xf6/0x3f0
[  300.403362]  schedule_preempt_disabled+0x1c/0x30
[  300.403660]  __mutex_lock+0xc32/0x1660
[  300.403920]  ? acct_process+0x1ef/0x670
[  300.404180]  ? __pfx___mutex_lock+0x10/0x10
[  300.404452]  ? __this_cpu_preempt_check+0x21/0x30
[  300.404765]  ? lock_release+0x418/0x840
[  300.405043]  mutex_lock_nested+0x1f/0x30
[  300.405297]  ? mutex_lock_nested+0x1f/0x30
[  300.405567]  acct_process+0x1ef/0x670
[  300.405823]  ? acct_process+0xa1/0x670
[  300.406079]  do_exit+0x198d/0x29f0
[  300.406308]  ? __this_cpu_preempt_check+0x21/0x30
[  300.406617]  ? lock_release+0x418/0x840
[  300.406875]  ? __pfx_do_exit+0x10/0x10
[  300.407134]  do_group_exit+0xe4/0x2c0
[  300.407382]  get_signal+0x2387/0x2460
[  300.407628]  ? lock_release+0x418/0x840
[  300.407885]  ? __pfx_lock_release+0x10/0x10
[  300.408162]  ? __pfx_get_signal+0x10/0x10
[  300.408435]  arch_do_signal_or_restart+0x8e/0x7d0
[  300.408740]  ? trace_hardirqs_on+0x51/0x60
[  300.409011]  ? __pfx_arch_do_signal_or_restart+0x10/0x10
[  300.409354]  ? __kasan_slab_free+0x120/0x1a0
[  300.409643]  ? __this_cpu_preempt_check+0x21/0x30
[  300.409960]  ? syscall_exit_to_user_mode+0x109/0x1f0
[  300.410284]  syscall_exit_to_user_mode+0x13e/0x1f0
[  300.410599]  do_syscall_64+0x79/0x140
[  300.410844]  entry_SYSCALL_64_after_hwframe+0x76/0x7e
[  300.411164] RIP: 0033:0x7f736f03ee5d
[  300.411399] RSP: 002b:00007ffe59f23b88 EFLAGS: 00000246 ORIG_RAX: 00000000000000a3
[  300.411874] RAX: 0000000000000000 RBX: 0000000000000000 RCX: 00007f736f03ee5d
[  300.412322] RDX: 0000000000000000 RSI: 0000000000401974 RDI: 0000000020000140
[  300.412768] RBP: 00007ffe59f23ba0 R08: 00007ffe59f23ba0 R09: 00007ffe59f23ba0
[  300.413214] R10: 00007ffe59f23b90 R11: 0000000000000246 R12: 00007ffe59f23cf8
[  300.413660] R13: 00000000004019da R14: 0000000000403e08 R15: 00007f736f3f8000
[  300.414132]  </TASK>
[  300.414281] INFO: task modprobe:735 blocked for more than 147 seconds.
[  300.414686]       Not tainted 6.10.0-0c3836482481 #1
[  300.415003] "echo 0 > /proc/sys/kernel/hung_task_timeout_secs" disables this message.
[  300.415481] task:modprobe        state:D stack:0     pid:735   tgid:735   ppid:31     flags:0x00000002
[  300.416058] Call Trace:
[  300.416221]  <TASK>
[  300.416366]  __schedule+0xba3/0x3120
[  300.416610]  ? __pfx___schedule+0x10/0x10
[  300.416869]  ? lock_release+0x418/0x840
[  300.417129]  ? __pfx_lock_release+0x10/0x10
[  300.417398]  ? __pfx_lock_release+0x10/0x10
[  300.417675]  ? lock_is_held_type+0xef/0x150
[  300.417971]  schedule+0xf6/0x3f0
[  300.418193]  schedule_preempt_disabled+0x1c/0x30
[  300.418497]  __mutex_lock+0xc32/0x1660
[  300.418747]  ? acct_process+0x1ef/0x670
[  300.419008]  ? __pfx___mutex_lock+0x10/0x10
[  300.419282]  ? __this_cpu_preempt_check+0x21/0x30
[  300.419586]  ? lock_release+0x418/0x840
[  300.419856]  mutex_lock_nested+0x1f/0x30
[  300.420115]  ? mutex_lock_nested+0x1f/0x30
[  300.420380]  acct_process+0x1ef/0x670
[  300.420623]  ? acct_process+0xa1/0x670
[  300.420876]  do_exit+0x198d/0x29f0
[  300.421103]  ? lock_release+0x418/0x840
[  300.421361]  ? __pfx_do_exit+0x10/0x10
[  300.421605]  ? __this_cpu_preempt_check+0x21/0x30
[  300.421926]  ? _raw_spin_unlock_irq+0x2c/0x60
[  300.422213]  ? lockdep_hardirqs_on+0x89/0x110
[  300.422504]  do_group_exit+0xe4/0x2c0
[  300.422752]  __x64_sys_exit_group+0x4d/0x60
[  300.423029]  x64_sys_call+0x1a1f/0x20d0
[  300.423284]  do_syscall_64+0x6d/0x140
[  300.423533]  entry_SYSCALL_64_after_hwframe+0x76/0x7e
[  300.423853] RIP: 0033:0x7f4777f18a4d
[  300.424083] RSP: 002b:00007ffc1343f728 EFLAGS: 00000246 ORIG_RAX: 00000000000000e7
[  300.424559] RAX: ffffffffffffffda RBX: 00007f4777ff69e0 RCX: 00007f4777f18a4d
[  300.425011] RDX: 00000000000000e7 RSI: ffffffffffffff80 RDI: 0000000000000001
[  300.425450] RBP: 0000000000000001 R08: 0000000000000000 R09: 0000000000000048
[  300.425910] R10: 00007ffc1343f570 R11: 0000000000000246 R12: 00007f4777ff69e0
[  300.426350] R13: 00007f4777ffbf00 R14: 0000000000000001 R15: 00007f4777ffbee8
[  300.426807]  </TASK>
[  300.426956] 
[  300.426956] Showing all locks held in the system:
[  300.427343] 2 locks held by kworker/u8:0/11:
[  300.427624]  #0: ff1100000d080148 ((wq_completion)events_unbound){+.+.}-{0:0}, at: process_one_work+0x11e1/0x1af0
[  300.428277]  #1: ff1100000d8c7d78 ((work_completion)(&sub_info->work)){+.+.}-{0:0}, at: process_one_work+0x8a0/0x1af0
[  300.428949] 2 locks held by kworker/u8:1/31:
[  300.429223]  #0: ff1100000d080148 ((wq_completion)events_unbound){+.+.}-{0:0}, at: process_one_work+0x11e1/0x1af0
[  300.429875]  #1: ff1100000db6fd78 ((work_completion)(&sub_info->work)){+.+.}-{0:0}, at: process_one_work+0x8a0/0x1af0
[  300.430547] 1 lock held by khungtaskd/33:
[  300.430801]  #0: ffffffff86e58de0 (rcu_read_lock){....}-{1:2}, at: debug_show_all_locks+0x71/0x370
[  300.431392] 1 lock held by systemd-hostnam/283:
[  300.431685]  #0: ff1100000fb81500 (&acct->lock#2){+.+.}-{3:3}, at: acct_process+0x1ef/0x670
[  300.432227] 1 lock held by gmain/291:
[  300.432461]  #0: ff1100000fb81500 (&acct->lock#2){+.+.}-{3:3}, at: acct_process+0x1ef/0x670
[  300.433005] 1 lock held by gmain/350:
[  300.433242]  #0: ff1100000fb81500 (&acct->lock#2){+.+.}-{3:3}, at: acct_process+0x1ef/0x670
[  300.433791] 1 lock held by repro/733:
[  300.434033]  #0: ff1100000fb81500 (&acct->lock#2){+.+.}-{3:3}, at: acct_process+0x1ef/0x670
[  300.434573] 5 locks held by modprobe/734:
[  300.434832]  #0: ff1100000fb81500 (&acct->lock#2){+.+.}-{3:3}, at: acct_process+0x1ef/0x670
[  300.435376]  #1: ff1100001252a408 (sb_writers#5){.+.+}-{0:0}, at: acct_process+0x422/0x670
[  300.435913]  #2: ff11000010eb4488 (&of->mutex#2){+.+.}-{3:3}, at: kernfs_fop_write_iter+0x29a/0x640
[  300.436498]  #3: ff1100000da3ef08 (kn->active#89){.+.+}-{0:0}, at: kernfs_fop_write_iter+0x2be/0x640
[  300.437079]  #4: ffffffff86d34928 (system_transition_mutex){+.+.}-{3:3}, at: software_resume+0x6d/0x430
[  300.437623] 1 lock held by modprobe/735:
[  300.437867]  #0: ff1100000fb81500 (&acct->lock#2){+.+.}-{3:3}, at: acct_process+0x1ef/0x670
[  300.438360] 
[  300.438457] =============================================
[  300.438457] 
