c[?7l[2J[0mSeaBIOS (version rel-1.16.3-0-ga6ed6b701f0a-prebuilt.qemu.org)


iPXE (http://ipxe.org) 00:03.0 CA00 PCI2.10 PnP PMM+7EFD0D60+7EF30D60 CA00
Press Ctrl-B to configure iPXE (PCI 00:03.0)...                                                                               


Booting from ROM..c[?7l[2J[    0.000000] Linux version 6.5.0-53ea7f624fb9+ (root@gnr-800442) (gcc (GCC) 11.4.1 20231218 (Red Hat 11.4.1-3), GNU ld version 2.35.2-48.el9) #1 SMP PREEMPT_DYNAMIC Tue Jul 16 17:07:43 CST 2024
[    0.000000] Command line: console=ttyS0 root=/dev/sda earlyprintk=serial net.ifnames=0 plymouth.enable=0
[    0.000000] KERNEL supported cpus:
[    0.000000]   Intel GenuineIntel
[    0.000000]   AMD AuthenticAMD
[    0.000000]   Hygon HygonGenuine
[    0.000000]   Centaur CentaurHauls
[    0.000000]   zhaoxin   Shanghai  
[    0.000000] x86/split lock detection: #DB: warning on user-space bus_locks
[    0.000000] BIOS-provided physical RAM map:
[    0.000000] BIOS-e820: [mem 0x0000000000000000-0x000000000009fbff] usable
[    0.000000] BIOS-e820: [mem 0x000000000009fc00-0x000000000009ffff] reserved
[    0.000000] BIOS-e820: [mem 0x00000000000f0000-0x00000000000fffff] reserved
[    0.000000] BIOS-e820: [mem 0x0000000000100000-0x000000007ffdffff] usable
[    0.000000] BIOS-e820: [mem 0x000000007ffe0000-0x000000007fffffff] reserved
[    0.000000] BIOS-e820: [mem 0x00000000feffc000-0x00000000feffffff] reserved
[    0.000000] BIOS-e820: [mem 0x00000000fffc0000-0x00000000ffffffff] reserved
[    0.000000] printk: bootconsole [earlyser0] enabled
[    0.000000] NX (Execute Disable) protection: active
[    0.000000] APIC: Static calls initialized
[    0.000000] SMBIOS 3.0.0 present.
[    0.000000] DMI: QEMU Standard PC (i440FX + PIIX, 1996), BIOS rel-1.16.3-0-ga6ed6b701f0a-prebuilt.qemu.org 04/01/2014
[    0.000000] Hypervisor detected: KVM
[    0.000000] kvm-clock: Using msrs 4b564d01 and 4b564d00
[    0.000003] kvm-clock: using sched offset of 660484123 cycles
[    0.000509] clocksource: kvm-clock: mask: 0xffffffffffffffff max_cycles: 0x1cd42e4dffb, max_idle_ns: 881590591483 ns
[    0.002059] tsc: Detected 2500.000 MHz processor
[    0.009131] last_pfn = 0x7ffe0 max_arch_pfn = 0x10000000000
[    0.009707] MTRR map: 4 entries (3 fixed + 1 variable; max 19), built from 8 variable MTRRs
[    0.010509] x86/PAT: Configuration [0-7]: WB  WC  UC- UC  WB  WP  UC- WT  
[    0.015898] found SMP MP-table at [mem 0x000f5480-0x000f548f]
[    0.016488] Using GB pages for direct mapping
[    0.019274] ACPI: Early table checksum verification disabled
[    0.019805] ACPI: RSDP 0x00000000000F52A0 000014 (v00 BOCHS )
[    0.020366] ACPI: RSDT 0x000000007FFE1C9B 000034 (v01 BOCHS  BXPC     00000001 BXPC 00000001)
[    0.021193] ACPI: FACP 0x000000007FFE1B47 000074 (v01 BOCHS  BXPC     00000001 BXPC 00000001)
[    0.022020] ACPI: DSDT 0x000000007FFE0040 001B07 (v01 BOCHS  BXPC     00000001 BXPC 00000001)
[    0.022845] ACPI: FACS 0x000000007FFE0000 000040
[    0.023308] ACPI: APIC 0x000000007FFE1BBB 000080 (v03 BOCHS  BXPC     00000001 BXPC 00000001)
[    0.024122] ACPI: HPET 0x000000007FFE1C3B 000038 (v01 BOCHS  BXPC     00000001 BXPC 00000001)
[    0.024946] ACPI: WAET 0x000000007FFE1C73 000028 (v01 BOCHS  BXPC     00000001 BXPC 00000001)
[    0.025763] ACPI: Reserving FACP table memory at [mem 0x7ffe1b47-0x7ffe1bba]
[    0.026451] ACPI: Reserving DSDT table memory at [mem 0x7ffe0040-0x7ffe1b46]
[    0.027112] ACPI: Reserving FACS table memory at [mem 0x7ffe0000-0x7ffe003f]
[    0.027792] ACPI: Reserving APIC table memory at [mem 0x7ffe1bbb-0x7ffe1c3a]
[    0.028454] ACPI: Reserving HPET table memory at [mem 0x7ffe1c3b-0x7ffe1c72]
[    0.029125] ACPI: Reserving WAET table memory at [mem 0x7ffe1c73-0x7ffe1c9a]
[    0.030453] No NUMA configuration found
[    0.030819] Faking a node at [mem 0x0000000000000000-0x000000007ffdffff]
[    0.031490] NODE_DATA(0) allocated [mem 0x7ffb5000-0x7ffdffff]
[    0.034533] Zone ranges:
[    0.034828]   DMA      [mem 0x0000000000001000-0x0000000000ffffff]
[    0.035436]   DMA32    [mem 0x0000000001000000-0x000000007ffdffff]
[    0.036010]   Normal   empty
[    0.036297]   Device   empty
[    0.036573] Movable zone start for each node
[    0.036985] Early memory node ranges
[    0.037333]   node   0: [mem 0x0000000000001000-0x000000000009efff]
[    0.037919]   node   0: [mem 0x0000000000100000-0x000000007ffdffff]
[    0.038521] Initmem setup node 0 [mem 0x0000000000001000-0x000000007ffdffff]
[    0.039681] On node 0, zone DMA: 1 pages in unavailable ranges
[    0.039872] On node 0, zone DMA: 97 pages in unavailable ranges
[    0.071235] On node 0, zone DMA32: 32 pages in unavailable ranges
[    0.158002] kasan: KernelAddressSanitizer initialized
[    0.159385] ACPI: PM-Timer IO Port: 0x608
[    0.159801] ACPI: LAPIC_NMI (acpi_id[0xff] dfl dfl lint[0x1])
[    0.160459] IOAPIC[0]: apic_id 0, version 17, address 0xfec00000, GSI 0-23
[    0.161150] ACPI: INT_SRC_OVR (bus 0 bus_irq 0 global_irq 2 dfl dfl)
[    0.161774] ACPI: INT_SRC_OVR (bus 0 bus_irq 5 global_irq 5 high level)
[    0.162424] ACPI: INT_SRC_OVR (bus 0 bus_irq 9 global_irq 9 high level)
[    0.163048] ACPI: INT_SRC_OVR (bus 0 bus_irq 10 global_irq 10 high level)
[    0.163709] ACPI: INT_SRC_OVR (bus 0 bus_irq 11 global_irq 11 high level)
[    0.164391] ACPI: Using ACPI (MADT) for SMP configuration information
[    0.165008] ACPI: HPET id: 0x8086a201 base: 0xfed00000
[    0.165525] TSC deadline timer available
[    0.165896] smpboot: Allowing 2 CPUs, 0 hotplug CPUs
[    0.166444] kvm-guest: APIC: eoi() replaced with kvm_guest_apic_eoi_write()
[    0.167152] kvm-guest: KVM setup pv remote TLB flush
[    0.167639] kvm-guest: setup PV sched yield
[    0.168089] PM: hibernation: Registered nosave memory: [mem 0x00000000-0x00000fff]
[    0.168952] PM: hibernation: Registered nosave memory: [mem 0x0009f000-0x0009ffff]
[    0.169669] PM: hibernation: Registered nosave memory: [mem 0x000a0000-0x000effff]
[    0.170381] PM: hibernation: Registered nosave memory: [mem 0x000f0000-0x000fffff]
[    0.171098] [mem 0x80000000-0xfeffbfff] available for PCI devices
[    0.171679] Booting paravirtualized kernel on KVM
[    0.172152] clocksource: refined-jiffies: mask: 0xffffffff max_cycles: 0xffffffff, max_idle_ns: 7645519600211568 ns
[    0.173173] setup_percpu: NR_CPUS:8192 nr_cpumask_bits:2 nr_cpu_ids:2 nr_node_ids:1
[    0.174693] percpu: Embedded 82 pages/cpu s299008 r8192 d28672 u1048576
[    0.175562] kvm-guest: PV spinlocks enabled
[    0.175961] PV qspinlock hash table entries: 256 (order: 0, 4096 bytes, linear)
[    0.176682] Kernel command line: net.ifnames=0 console=ttyS0 root=/dev/sda earlyprintk=serial net.ifnames=0 plymouth.enable=0
[    0.178124] random: crng init done
[    0.179090] Dentry cache hash table entries: 262144 (order: 9, 2097152 bytes, linear)
[    0.180488] Inode-cache hash table entries: 131072 (order: 8, 1048576 bytes, linear)
[    0.181528] Fallback order for Node 0: 0 
[    0.181545] Built 1 zonelists, mobility grouping on.  Total pages: 515808
[    0.182571] Policy zone: DMA32
[    0.182860] mem auto-init: stack:off, heap alloc:off, heap free:off
[    0.183465] stackdepot: allocating hash table via alloc_large_system_hash
[    0.186706] stackdepot hash table entries: 1048576 (order: 11, 8388608 bytes, linear)
[    0.235505] Memory: 1572264K/2096632K available (73728K kernel code, 14072K rwdata, 16436K rodata, 14684K init, 69264K bss, 524168K reserved, 0K cma-reserved)
[    0.238516] SLUB: HWalign=64, Order=0-3, MinObjects=0, CPUs=2, Nodes=1
[    0.239114] kmemleak: Kernel memory leak detector disabled
[    0.239823] ftrace: allocating 69401 entries in 272 pages
[    0.271371] ftrace: allocated 272 pages with 2 groups
[    0.276309] Dynamic Preempt: voluntary
[    0.277207] Running RCU self tests
[    0.277534] Running RCU synchronous self tests
[    0.277962] rcu: Preemptible hierarchical RCU implementation.
[    0.278502] rcu: 	RCU lockdep checking is enabled.
[    0.278950] rcu: 	RCU restricting CPUs from NR_CPUS=8192 to nr_cpu_ids=2.
[    0.279586] 	Trampoline variant of Tasks RCU enabled.
[    0.280054] 	Rude variant of Tasks RCU enabled.
[    0.280478] 	Tracing variant of Tasks RCU enabled.
[    0.280921] rcu: RCU calculated value of scheduler-enlistment delay is 25 jiffies.
[    0.281602] rcu: Adjusting geometry for rcu_fanout_leaf=16, nr_cpu_ids=2
[    0.282240] Running RCU synchronous self tests
[    0.331409] NR_IRQS: 524544, nr_irqs: 440, preallocated irqs: 16
[    0.332776] rcu: srcu_init: Setting srcu_struct sizes based on contention.
[    0.341672] Console: colour VGA+ 80x25
[    0.342112] printk: console [ttyS0] enabled
[    0.342112] printk: console [ttyS0] enabled
[    0.342916] printk: bootconsole [earlyser0] disabled
[    0.342916] printk: bootconsole [earlyser0] disabled
[    0.343893] Lock dependency validator: Copyright (c) 2006 Red Hat, Inc., Ingo Molnar
[    0.344622] ... MAX_LOCKDEP_SUBCLASSES:  8
[    0.345018] ... MAX_LOCK_DEPTH:          48
[    0.345430] ... MAX_LOCKDEP_KEYS:        8192
[    0.345842] ... CLASSHASH_SIZE:          4096
[    0.346273] ... MAX_LOCKDEP_ENTRIES:     524288
[    0.346709] ... MAX_LOCKDEP_CHAINS:      524288
[    0.347142] ... CHAINHASH_SIZE:          262144
[    0.347597]  memory used by lock dependency info: 54209 kB
[    0.348112]  memory used for stack traces: 4224 kB
[    0.348576]  per task-struct memory footprint: 1920 bytes
[    0.349229] ACPI: Core revision 20230628
[    0.350275] clocksource: hpet: mask: 0xffffffff max_cycles: 0xffffffff, max_idle_ns: 19112604467 ns
[    0.351465] APIC: Switch to symmetric I/O mode setup
[    0.352125] x2apic enabled
[    0.352835] APIC: Switched APIC routing to: physical x2apic
[    0.353393] kvm-guest: APIC: send_IPI_mask() replaced with kvm_send_ipi_mask()
[    0.354099] kvm-guest: APIC: send_IPI_mask_allbutself() replaced with kvm_send_ipi_mask_allbutself()
[    0.354970] kvm-guest: setup PV IPIs
[    0.356654] ..TIMER: vector=0x30 apic1=0 pin1=2 apic2=-1 pin2=-1
[    0.357265] clocksource: tsc-early: mask: 0xffffffffffffffff max_cycles: 0x240939f1bb2, max_idle_ns: 440795263295 ns
[    0.358289] Calibrating delay loop (skipped) preset value.. 5000.00 BogoMIPS (lpj=10000000)
[    0.359245] x86/cpu: User Mode Instruction Prevention (UMIP) activated
[    0.362478] Last level iTLB entries: 4KB 0, 2MB 0, 4MB 0
[    0.363001] Last level dTLB entries: 4KB 0, 2MB 0, 4MB 0, 1GB 0
[    0.363592] Spectre V1 : Mitigation: usercopy/swapgs barriers and __user pointer sanitization
[    0.364392] Spectre V2 : WARNING: Unprivileged eBPF is enabled with eIBRS on, data leaks possible via Spectre v2 BHB attacks!
[    0.365484] Spectre V2 : Mitigation: Enhanced / Automatic IBRS
[    0.366279] Spectre V2 : Spectre v2 / SpectreRSB mitigation: Filling RSB on context switch
[    0.367059] Spectre V2 : Spectre v2 / PBRSB-eIBRS: Retire a single CALL on VMEXIT
[    0.367755] Spectre V2 : mitigation: Enabling conditional Indirect Branch Prediction Barrier
[    0.368519] Speculative Store Bypass: Mitigation: Speculative Store Bypass disabled via prctl
[    0.369297] MMIO Stale Data: Unknown: No mitigations
[    0.370379] x86/fpu: Supporting XSAVE feature 0x001: 'x87 floating point registers'
[    0.371119] x86/fpu: Supporting XSAVE feature 0x002: 'SSE registers'
[    0.372165] x86/fpu: Supporting XSAVE feature 0x004: 'AVX registers'
[    0.372766] x86/fpu: Supporting XSAVE feature 0x020: 'AVX-512 opmask'
[    0.373358] x86/fpu: Supporting XSAVE feature 0x040: 'AVX-512 Hi256'
[    0.374282] x86/fpu: Supporting XSAVE feature 0x080: 'AVX-512 ZMM_Hi256'
[    0.374916] x86/fpu: Supporting XSAVE feature 0x200: 'Protection Keys User registers'
[    0.375616] x86/fpu: Supporting XSAVE feature 0x20000: 'AMX Tile config'
[    0.376243] x86/fpu: Supporting XSAVE feature 0x40000: 'AMX Tile data'
[    0.376839] x86/fpu: xstate_offset[2]:  576, xstate_sizes[2]:  256
[    0.377410] x86/fpu: xstate_offset[5]:  832, xstate_sizes[5]:   64
[    0.378279] x86/fpu: xstate_offset[6]:  896, xstate_sizes[6]:  512
[    0.378870] x86/fpu: xstate_offset[7]: 1408, xstate_sizes[7]: 1024
[    0.379454] x86/fpu: xstate_offset[9]: 2432, xstate_sizes[9]:    8
[    0.380040] x86/fpu: xstate_offset[17]: 2496, xstate_sizes[17]:   64
[    0.380618] x86/fpu: xstate_offset[18]: 2560, xstate_sizes[18]: 8192
[    0.381204] x86/fpu: Enabled xstate features 0x602e7, context size is 10752 bytes, using 'compacted' format.
[    0.528007] Freeing SMP alternatives memory: 56K
[    0.528456] pid_max: default: 32768 minimum: 301
[    0.529200] LSM: initializing lsm=capability,yama,integrity
[    0.529731] Yama: becoming mindful.
[    0.530531] Mount-cache hash table entries: 4096 (order: 3, 32768 bytes, linear)
[    0.531226] Mountpoint-cache hash table entries: 4096 (order: 3, 32768 bytes, linear)
[    0.533979] Running RCU synchronous self tests
[    0.534285] Running RCU synchronous self tests
[    0.535246] smpboot: CPU0: Intel GENUINE INTEL(R) XEON(R) (family: 0x6, model: 0xad, stepping: 0x0)
[    0.536934] RCU Tasks: Setting shift to 1 and lim to 1 rcu_task_cb_adjust=1.
[    0.537667] RCU Tasks Rude: Setting shift to 1 and lim to 1 rcu_task_cb_adjust=1.
[    0.538267] RCU Tasks Trace: Setting shift to 1 and lim to 1 rcu_task_cb_adjust=1.
[    0.538368] Running RCU-tasks wait API self tests
[    0.642578] Performance Events: PEBS fmt0-, Sapphire Rapids events, full-width counters, Intel PMU driver.
[    0.643694] ... version:                2
[    0.644065] ... bit width:              48
[    0.644437] ... generic registers:      8
[    0.644820] ... value mask:             0000ffffffffffff
[    0.645302] ... max period:             00007fffffffffff
[    0.645794] ... fixed-purpose events:   3
[    0.646170] ... event mask:             00000007000000ff
[    0.646708] signal: max sigframe size: 11952
[    0.647329] rcu: Hierarchical SRCU implementation.
[    0.647771] rcu: 	Max phase no-delay instances is 1000.
[    0.650382] Callback from call_rcu_tasks_trace() invoked.
[    0.653378] smp: Bringing up secondary CPUs ...
[    0.654703] smpboot: x86: Booting SMP configuration:
[    0.655220] .... node  #0, CPUs:      #1
[    0.655604] smp: Brought up 1 node, 2 CPUs
[    0.655604] smpboot: Max logical packages: 1
[    0.655749] smpboot: Total of 2 processors activated (10000.00 BogoMIPS)
[    0.662323] devtmpfs: initialized
[    0.663529] x86/mm: Memory block size: 128MB
[    0.675068] Running RCU synchronous self tests
[    0.675542] Running RCU synchronous self tests
[    0.676038] clocksource: jiffies: mask: 0xffffffff max_cycles: 0xffffffff, max_idle_ns: 7645041785100000 ns
[    0.676947] futex hash table entries: 512 (order: 4, 65536 bytes, linear)
[    0.678863] pinctrl core: initialized pinctrl subsystem
[    0.680390] 
[    0.680553] *************************************************************
[    0.681177] **     NOTICE NOTICE NOTICE NOTICE NOTICE NOTICE NOTICE    **
[    0.681793] **                                                         **
[    0.682276] **  IOMMU DebugFS SUPPORT HAS BEEN ENABLED IN THIS KERNEL  **
[    0.682901] **                                                         **
[    0.683540] ** This means that this kernel is built to expose internal **
[    0.684168] ** IOMMU data structures, which may compromise security on **
[    0.684789] ** your system.                                            **
[    0.685425] **                                                         **
[    0.686056] ** If you see this message and you are not debugging the   **
[    0.686281] ** kernel, report this immediately to your vendor!         **
[    0.686912] **                                                         **
[    0.687534] **     NOTICE NOTICE NOTICE NOTICE NOTICE NOTICE NOTICE    **
[    0.688168] *************************************************************
[    0.688872] PM: RTC time: 01:21:14, date: 2024-07-28
[    0.692863] NET: Registered PF_NETLINK/PF_ROUTE protocol family
[    0.695100] DMA: preallocated 256 KiB GFP_KERNEL pool for atomic allocations
[    0.695790] DMA: preallocated 256 KiB GFP_KERNEL|GFP_DMA pool for atomic allocations
[    0.696521] DMA: preallocated 256 KiB GFP_KERNEL|GFP_DMA32 pool for atomic allocations
[    0.697402] audit: initializing netlink subsys (disabled)
[    0.698367] audit: type=2000 audit(1722129674.358:1): state=initialized audit_enabled=0 res=1
[    0.700635] thermal_sys: Registered thermal governor 'fair_share'
[    0.700646] thermal_sys: Registered thermal governor 'bang_bang'
[    0.701248] thermal_sys: Registered thermal governor 'step_wise'
[    0.701820] thermal_sys: Registered thermal governor 'user_space'
[    0.702401] cpuidle: using governor ladder
[    0.703380] cpuidle: using governor menu
[    0.704604] acpiphp: ACPI Hot Plug PCI Controller Driver version: 0.5
[    0.706149] PCI: Using configuration type 1 for base access
[    0.707499] kprobes: kprobe jump-optimization is enabled. All kprobes are optimized if possible.
[    0.819137] HugeTLB: registered 1.00 GiB page size, pre-allocated 0 pages
[    0.819780] HugeTLB: 16380 KiB vmemmap can be freed for a 1.00 GiB page
[    0.820395] HugeTLB: registered 2.00 MiB page size, pre-allocated 0 pages
[    0.821030] HugeTLB: 28 KiB vmemmap can be freed for a 2.00 MiB page
[    0.826749] ACPI: Added _OSI(Module Device)
[    0.827188] ACPI: Added _OSI(Processor Device)
[    0.827618] ACPI: Added _OSI(3.0 _SCP Extensions)
[    0.828050] ACPI: Added _OSI(Processor Aggregator Device)
[    0.861225] ACPI: 1 ACPI AML tables successfully acquired and loaded
[    2.753993] Callback from call_rcu_tasks_rude() invoked.
[    2.790897] ACPI: _OSC evaluation for CPUs failed, trying _PDC
[    2.794287] ACPI: Interpreter enabled
[    2.794287] ACPI: PM: (supports S0 S3 S4 S5)
[    2.794287] ACPI: Using IOAPIC for interrupt routing
[    2.794424] PCI: Using host bridge windows from ACPI; if necessary, use "pci=nocrs" and report a bug
[    2.795252] PCI: Using E820 reservations for host bridge windows
[    2.797912] ACPI: Enabled 2 GPEs in block 00 to 0F
[    2.858487] Callback from call_rcu_tasks() invoked.
[    2.863012] ACPI: PCI Root Bridge [PCI0] (domain 0000 [bus 00-ff])
[    2.863672] acpi PNP0A03:00: _OSC: OS supports [ASPM ClockPM Segments MSI EDR HPX-Type3]
[    2.864412] acpi PNP0A03:00: _OSC: not requesting OS control; OS requires [ExtendedConfig ASPM ClockPM MSI]
[    2.865618] acpi PNP0A03:00: fail to add MMCONFIG information, can't access extended configuration space under this bridge
[    2.875096] acpiphp: Slot [3] registered
[    2.875704] acpiphp: Slot [4] registered
[    2.876329] acpiphp: Slot [5] registered
[    2.876933] acpiphp: Slot [6] registered
[    2.877554] acpiphp: Slot [7] registered
[    2.878176] acpiphp: Slot [8] registered
[    2.878517] acpiphp: Slot [9] registered
[    2.879128] acpiphp: Slot [10] registered
[    2.879737] acpiphp: Slot [11] registered
[    2.880366] acpiphp: Slot [12] registered
[    2.880980] acpiphp: Slot [13] registered
[    2.881597] acpiphp: Slot [14] registered
[    2.882206] acpiphp: Slot [15] registered
[    2.882870] acpiphp: Slot [16] registered
[    2.883558] acpiphp: Slot [17] registered
[    2.884201] acpiphp: Slot [18] registered
[    2.884833] acpiphp: Slot [19] registered
[    2.885472] acpiphp: Slot [20] registered
[    2.886102] acpiphp: Slot [21] registered
[    2.886539] acpiphp: Slot [22] registered
[    2.887165] acpiphp: Slot [23] registered
[    2.887792] acpiphp: Slot [24] registered
[    2.888407] acpiphp: Slot [25] registered
[    2.889032] acpiphp: Slot [26] registered
[    2.889649] acpiphp: Slot [27] registered
[    2.890261] acpiphp: Slot [28] registered
[    2.890520] acpiphp: Slot [29] registered
[    2.891150] acpiphp: Slot [30] registered
[    2.891773] acpiphp: Slot [31] registered
[    2.892271] PCI host bridge to bus 0000:00
[    2.892659] pci_bus 0000:00: root bus resource [io  0x0000-0x0cf7 window]
[    2.893295] pci_bus 0000:00: root bus resource [io  0x0d00-0xffff window]
[    2.893917] pci_bus 0000:00: root bus resource [mem 0x000a0000-0x000bffff window]
[    2.894278] pci_bus 0000:00: root bus resource [mem 0x80000000-0xfebfffff window]
[    2.894952] pci_bus 0000:00: root bus resource [mem 0x100000000-0x17fffffff window]
[    2.895658] pci_bus 0000:00: root bus resource [bus 00-ff]
[    2.896474] pci 0000:00:00.0: [8086:1237] type 00 class 0x060000
[    2.899506] pci 0000:00:01.0: [8086:7000] type 00 class 0x060100
[    2.902117] pci 0000:00:01.1: [8086:7010] type 00 class 0x010180
[    2.904203] pci 0000:00:01.1: reg 0x20: [io  0xc040-0xc04f]
[    2.905481] pci 0000:00:01.1: legacy IDE quirk: reg 0x10: [io  0x01f0-0x01f7]
[    2.906128] pci 0000:00:01.1: legacy IDE quirk: reg 0x14: [io  0x03f6]
[    2.906279] pci 0000:00:01.1: legacy IDE quirk: reg 0x18: [io  0x0170-0x0177]
[    2.906917] pci 0000:00:01.1: legacy IDE quirk: reg 0x1c: [io  0x0376]
[    2.909434] pci 0000:00:01.3: [8086:7113] type 00 class 0x068000
[    2.910329] pci 0000:00:01.3: quirk: [io  0x0600-0x063f] claimed by PIIX4 ACPI
[    2.910994] pci 0000:00:01.3: quirk: [io  0x0700-0x070f] claimed by PIIX4 SMB
[    2.913362] pci 0000:00:02.0: [1234:1111] type 00 class 0x030000
[    2.914643] pci 0000:00:02.0: reg 0x10: [mem 0xfd000000-0xfdffffff pref]
[    2.916572] pci 0000:00:02.0: reg 0x18: [mem 0xfebf0000-0xfebf0fff]
[    2.920233] pci 0000:00:02.0: reg 0x30: [mem 0xfebe0000-0xfebeffff pref]
[    2.921007] pci 0000:00:02.0: Video device with shadowed ROM at [mem 0x000c0000-0x000dffff]
[    2.924155] pci 0000:00:03.0: [8086:100e] type 00 class 0x020000
[    2.925640] pci 0000:00:03.0: reg 0x10: [mem 0xfebc0000-0xfebdffff]
[    2.926561] pci 0000:00:03.0: reg 0x14: [io  0xc000-0xc03f]
[    2.930037] pci 0000:00:03.0: reg 0x30: [mem 0xfeb80000-0xfebbffff pref]
[    2.973333] ACPI: PCI: Interrupt link LNKA configured for IRQ 10
[    2.975929] ACPI: PCI: Interrupt link LNKB configured for IRQ 10
[    2.978424] ACPI: PCI: Interrupt link LNKC configured for IRQ 11
[    2.980878] ACPI: PCI: Interrupt link LNKD configured for IRQ 11
[    2.982174] ACPI: PCI: Interrupt link LNKS configured for IRQ 9
[    2.988224] iommu: Default domain type: Translated
[    2.990287] iommu: DMA domain TLB invalidation policy: lazy mode
[    2.993820] SCSI subsystem initialized
[    2.994839] ACPI: bus type USB registered
[    2.995379] usbcore: registered new interface driver usbfs
[    2.995962] usbcore: registered new interface driver hub
[    2.996537] usbcore: registered new device driver usb
[    2.997306] pps_core: LinuxPPS API ver. 1 registered
[    2.997761] pps_core: Software ver. 5.3.6 - Copyright 2005-2007 Rodolfo Giometti <giometti@linux.it>
[    2.998313] PTP clock support registered
[    2.998807] EDAC MC: Ver: 3.0.0
[    3.006411] NetLabel: Initializing
[    3.006784] NetLabel:  domain hash size = 128
[    3.007201] NetLabel:  protocols = UNLABELED CIPSOv4 CALIPSO
[    3.007925] NetLabel:  unlabeled traffic allowed by default
[    3.008760] PCI: Using ACPI for IRQ routing
[    3.010481] pci 0000:00:02.0: vgaarb: setting as boot VGA device
[    3.011051] pci 0000:00:02.0: vgaarb: bridge control possible
[    3.011607] pci 0000:00:02.0: vgaarb: VGA device added: decodes=io+mem,owns=io+mem,locks=none
[    3.012396] vgaarb: loaded
[    3.012691] hpet0: at MMIO 0xfed00000, IRQs 2, 8, 0
[    3.012691] hpet0: 3 comparators, 64-bit 100.000000 MHz counter
[    3.017007] clocksource: Switched to clocksource kvm-clock
[    3.286516] VFS: Disk quotas dquot_6.6.0
[    3.286992] VFS: Dquot-cache hash table entries: 512 (order 0, 4096 bytes)
[    3.288324] pnp: PnP ACPI init
[    3.295473] pnp: PnP ACPI: found 6 devices
[    3.358550] clocksource: acpi_pm: mask: 0xffffff max_cycles: 0xffffff, max_idle_ns: 2085701024 ns
[    3.360015] NET: Registered PF_INET protocol family
[    3.361068] IP idents hash table entries: 32768 (order: 6, 262144 bytes, linear)
[    3.363546] tcp_listen_portaddr_hash hash table entries: 1024 (order: 4, 73728 bytes, linear)
[    3.364401] Table-perturb hash table entries: 65536 (order: 6, 262144 bytes, linear)
[    3.365275] TCP established hash table entries: 16384 (order: 5, 131072 bytes, linear)
[    3.366399] TCP bind hash table entries: 16384 (order: 9, 2359296 bytes, linear)
[    3.368597] TCP: Hash tables configured (established 16384 bind 16384)
[    3.369413] UDP hash table entries: 1024 (order: 5, 163840 bytes, linear)
[    3.370145] UDP-Lite hash table entries: 1024 (order: 5, 163840 bytes, linear)
[    3.371233] NET: Registered PF_UNIX/PF_LOCAL protocol family
[    3.373650] RPC: Registered named UNIX socket transport module.
[    3.374274] RPC: Registered udp transport module.
[    3.374730] RPC: Registered tcp transport module.
[    3.375155] RPC: Registered tcp-with-tls transport module.
[    3.375668] RPC: Registered tcp NFSv4.1 backchannel transport module.
[    3.376274] pci_bus 0000:00: resource 4 [io  0x0000-0x0cf7 window]
[    3.376883] pci_bus 0000:00: resource 5 [io  0x0d00-0xffff window]
[    3.377451] pci_bus 0000:00: resource 6 [mem 0x000a0000-0x000bffff window]
[    3.378102] pci_bus 0000:00: resource 7 [mem 0x80000000-0xfebfffff window]
[    3.378743] pci_bus 0000:00: resource 8 [mem 0x100000000-0x17fffffff window]
[    3.379964] pci 0000:00:01.0: PIIX3: Enabling Passive Release
[    3.380506] pci 0000:00:00.0: Limiting direct PCI/PCI transfers
[    3.381157] PCI: CLS 0 bytes, default 64
[    3.381611] ACPI: bus type thunderbolt registered
[    3.382459] clocksource: tsc: mask: 0xffffffffffffffff max_cycles: 0x240939f1bb2, max_idle_ns: 440795263295 ns
[    3.393253] Initialise system trusted keyrings
[    3.393841] Key type blacklist registered
[    3.394822] workingset: timestamp_bits=36 max_order=19 bucket_order=0
[    3.395530] zbud: loaded
[    3.398605] squashfs: version 4.0 (2009/01/31) Phillip Lougher
[    3.401922] NFS: Registering the id_resolver key type
[    3.402481] Key type id_resolver registered
[    3.402896] Key type id_legacy registered
[    3.403316] nfs4filelayout_init: NFSv4 File Layout Driver Registering...
[    3.404019] nfs4flexfilelayout_init: NFSv4 Flexfile Layout Driver Registering...
[    3.405336] fuse: init (API version 7.38)
[    3.406931] SGI XFS with ACLs, security attributes, realtime, quota, no debug enabled
[    3.410384] 9p: Installing v9fs 9p2000 file system support
[    3.421187] Key type asymmetric registered
[    3.421581] Asymmetric key parser 'x509' registered
[    3.422180] Block layer SCSI generic (bsg) driver version 0.4 loaded (major 243)
[    3.423537] io scheduler mq-deadline registered
[    3.424181] io scheduler bfq registered
[    3.425651] shpchp: Standard Hot Plug PCI Controller Driver version: 0.4
[    3.427334] IPMI message handler: version 39.2
[    3.427869] ipmi device interface
[    3.431161] input: Power Button as /devices/LNXSYSTM:00/LNXPWRBN:00/input/input0
[    3.432649] ACPI: button: Power Button [PWRF]
[    3.436080] ERST DBG: ERST support is disabled.
[    3.438390] Serial: 8250/16550 driver, 32 ports, IRQ sharing enabled
[    3.441154] 00:04: ttyS0 at I/O 0x3f8 (irq = 4, base_baud = 115200) is a 16550A
[    3.496053] Linux agpgart interface v0.103
[    3.500215] ACPI: bus type drm_connector registered
[    3.537172] brd: module loaded
[    3.559032] loop: module loaded
[    3.576885] scsi host0: ata_piix
[    3.579461] scsi host1: ata_piix
[    3.580506] ata1: PATA max MWDMA2 cmd 0x1f0 ctl 0x3f6 bmdma 0xc040 irq 14
[    3.581136] ata2: PATA max MWDMA2 cmd 0x170 ctl 0x376 bmdma 0xc048 irq 15
[    3.584406] tun: Universal TUN/TAP device driver, 1.6
[    3.585758] e100: Intel(R) PRO/100 Network Driver
[    3.586251] e100: Copyright(c) 1999-2006 Intel Corporation
[    3.586872] e1000: Intel(R) PRO/1000 Network Driver
[    3.587320] e1000: Copyright (c) 1999-2006 Intel Corporation.
[    3.741193] ata1: found unknown device (class 0)
[    3.742087] ata2: found unknown device (class 0)
[    3.743112] ata1.00: ATA-7: QEMU HARDDISK, 2.5+, max UDMA/100
[    3.743647] ata1.00: 17196647 sectors, multi 16: LBA48 
[    3.744317] ata2.00: ATAPI: QEMU DVD-ROM, 2.5+, max UDMA/100
[    3.746372] scsi 0:0:0:0: Direct-Access     ATA      QEMU HARDDISK    2.5+ PQ: 0 ANSI: 5
[    3.749270] scsi 0:0:0:0: Attached scsi generic sg0 type 0
[    3.751595] sd 0:0:0:0: [sda] 17196647 512-byte logical blocks: (8.80 GB/8.20 GiB)
[    3.752367] scsi 1:0:0:0: CD-ROM            QEMU     QEMU DVD-ROM     2.5+ PQ: 0 ANSI: 5
[    3.753354] sd 0:0:0:0: [sda] Write Protect is off
[    3.754262] sd 0:0:0:0: [sda] Write cache: enabled, read cache: enabled, doesn't support DPO or FUA
[    3.755705] sd 0:0:0:0: [sda] Preferred minimum I/O size 512 bytes
[    3.766044] sd 0:0:0:0: [sda] Attached SCSI disk
[    3.838518] scsi 1:0:0:0: Attached scsi generic sg1 type 5
[    5.538889] ACPI: \_SB_.LNKC: Enabled at IRQ 11
[    5.865961] e1000 0000:00:03.0 eth0: (PCI:33MHz:32-bit) 52:54:00:12:34:56
[    5.866636] e1000 0000:00:03.0 eth0: Intel(R) PRO/1000 Network Connection
[    5.867455] e1000e: Intel(R) PRO/1000 Network Driver
[    5.867919] e1000e: Copyright(c) 1999 - 2015 Intel Corporation.
[    5.868579] igb: Intel(R) Gigabit Ethernet Network Driver
[    5.869102] igb: Copyright (c) 2007-2014 Intel Corporation.
[    5.869860] PPP generic driver version 2.4.2
[    5.872380] VFIO - User Level meta-driver version: 0.3
[    5.874621] usbcore: registered new interface driver uas
[    5.875254] usbcore: registered new interface driver usb-storage
[    5.876192] i8042: PNP: PS/2 Controller [PNP0303:KBD,PNP0f13:MOU] at 0x60,0x64 irq 1,12
[    5.878054] serio: i8042 KBD port at 0x60,0x64 irq 1
[    5.878595] serio: i8042 AUX port at 0x60,0x64 irq 12
[    5.881362] mousedev: PS/2 mouse device common for all mice
[    5.884080] rtc_cmos 00:05: RTC can wake from S4
[    5.887297] input: AT Translated Set 2 keyboard as /devices/platform/i8042/serio0/input/input1
[    5.889300] rtc_cmos 00:05: registered as rtc0
[    5.889845] rtc_cmos 00:05: setting system clock to 2024-07-28T01:21:19 UTC (1722129679)
[    5.891008] rtc_cmos 00:05: alarms up to one day, y3k, 242 bytes nvram, hpet irqs
[    5.891773] i2c_dev: i2c /dev entries driver
[    5.892312] device-mapper: core: CONFIG_IMA_DISABLE_HTABLE is disabled. Duplicate IMA measurements will not be recorded in the IMA log.
[    5.894977] input: VirtualPS/2 VMware VMMouse as /devices/platform/i8042/serio1/input/input4
[    5.896123] device-mapper: uevent: version 1.0.3
[    5.897526] device-mapper: ioctl: 4.48.0-ioctl (2023-03-01) initialised: dm-devel@redhat.com
[    5.897655] input: VirtualPS/2 VMware VMMouse as /devices/platform/i8042/serio1/input/input3
[    5.898385] intel_pstate: CPU model not supported
[    5.899924] sdhci: Secure Digital Host Controller Interface driver
[    5.900499] sdhci: Copyright(c) Pierre Ossman
[    5.901234] sdhci-pltfm: SDHCI platform and OF driver helper
[    5.902341] ledtrig-cpu: registered to indicate activity on CPUs
[    5.903422] drop_monitor: Initializing network drop monitor service
[    5.904537] NET: Registered PF_INET6 protocol family
[    5.916464] Segment Routing with IPv6
[    5.917047] In-situ OAM (IOAM) with IPv6
[    5.917480] NET: Registered PF_PACKET protocol family
[    5.918850] 9pnet: Installing 9P2000 support
[    5.919531] Key type dns_resolver registered
[    5.922607] IPI shorthand broadcast: enabled
[    5.974562] sched_clock: Marking stable (5952004439, 20808889)->(5989343517, -16530189)
[    5.976754] registered taskstats version 1
[    5.978003] Loading compiled-in X.509 certificates
[    6.032097] Key type .fscrypt registered
[    6.032463] Key type fscrypt-provisioning registered
[    6.036788] Key type encrypted registered
[    6.037345] ima: No TPM chip found, activating TPM-bypass!
[    6.037902] ima: Allocated hash algorithm: sha1
[    6.038427] ima: No architecture policies found
[    6.038982] evm: Initialising EVM extended attributes:
[    6.039457] evm: security.selinux
[    6.039784] evm: security.SMACK64
[    6.040099] evm: security.SMACK64EXEC
[    6.040441] evm: security.SMACK64TRANSMUTE
[    6.040834] evm: security.SMACK64MMAP
[    6.041181] evm: security.apparmor
[    6.041508] evm: security.ima
[    6.041786] evm: security.capability
[    6.042110] evm: HMAC attrs: 0x1
[    6.047150] PM:   Magic number: 0:38:358
[    6.049189] RAS: Correctable Errors collector initialized.
[    6.050051] clk: Disabling unused clocks
[    6.051529] md: Waiting for all devices to be available before autodetect
[    6.052025] md: If you don't use raid, use raid=noautodetect
[    6.052389] md: Autodetecting RAID arrays.
[    6.052705] md: autorun ...
[    6.052929] md: ... autorun DONE.
[    6.075982] EXT4-fs (sda): mounted filesystem 088740a9-c8b4-422c-999d-a804eb68a4da ro with ordered data mode. Quota mode: none.
[    6.076896] VFS: Mounted root (ext4 filesystem) readonly on device 8:0.
[    6.081812] devtmpfs: mounted
[    6.114019] Freeing unused decrypted memory: 2036K
[    6.119359] Freeing unused kernel image (initmem) memory: 14684K
[    6.119786] Write protecting the kernel read-only data: 92160k
[    6.122936] Freeing unused kernel image (rodata/data gap) memory: 1996K
[    7.197969] x86/mm: Checked W+X mappings: passed, no W+X pages found.
[    7.198651] Run /sbin/init as init process
[    7.527749] systemd[1]: systemd 252-15.el9 running in system mode (+PAM +AUDIT +SELINUX -APPARMOR +IMA +SMACK +SECCOMP +GCRYPT +GNUTLS +OPENSSL +ACL +BLKID +CURL +ELFUTILS -FIDO2 +IDN2 -IDN -IPTC +KMOD +LIBCRYPTSETUP +LIBFDISK +PCRE2 -PWQUALITY +P11KIT -QRENCODE +TPM2 +BZIP2 +LZ4 +XZ +ZLIB +ZSTD -BPF_FRAMEWORK +XKBCOMMON +UTMP +SYSVINIT default-hierarchy=unified)
[    7.529821] systemd[1]: Detected virtualization kvm.
[    7.530152] systemd[1]: Detected architecture x86-64.

Welcome to [0;31mCentOS Stream 9[0m!

[    7.540406] systemd[1]: Hostname set to <test>.
[    7.906802] systemd-rc-local-generator[114]: /etc/rc.d/rc.local is not marked executable, skipping.
[    8.468363] systemd[1]: Queued start job for default target Multi-User System.
[    8.488735] systemd[1]: Created slice Virtual Machine and Container Slice.
[[0;32m  OK  [0m] Created slice [0;1;39mVirtual Machine and Container Slice[0m.
[    8.495361] systemd[1]: Created slice Slice /system/getty.
[[0;32m  OK  [0m] Created slice [0;1;39mSlice /system/getty[0m.
[    8.498851] systemd[1]: Created slice Slice /system/modprobe.
[[0;32m  OK  [0m] Created slice [0;1;39mSlice /system/modprobe[0m.
[    8.502433] systemd[1]: Created slice Slice /system/serial-getty.
[[0;32m  OK  [0m] Created slice [0;1;39mSlice /system/serial-getty[0m.
[    8.506065] systemd[1]: Created slice Slice /system/sshd-keygen.
[[0;32m  OK  [0m] Created slice [0;1;39mSlice /system/sshd-keygen[0m.
[    8.509514] systemd[1]: Created slice User and Session Slice.
[[0;32m  OK  [0m] Created slice [0;1;39mUser and Session Slice[0m.
[    8.511067] systemd[1]: Started Forward Password Requests to Wall Directory Watch.
[[0;32m  OK  [0m] Started [0;1;39mForward Password R…uests to Wall Directory Watch[0m.
[    8.514264] systemd[1]: Set up automount Arbitrary Executable File Formats File System Automount Point.
[[0;32m  OK  [0m] Set up automount [0;1;39mArbitrary…s File System Automount Point[0m.
[    8.515897] systemd[1]: Reached target Local Integrity Protected Volumes.
[[0;32m  OK  [0m] Reached target [0;1;39mLocal Integrity Protected Volumes[0m.
[    8.517315] systemd[1]: Reached target Slice Units.
[[0;32m  OK  [0m] Reached target [0;1;39mSlice Units[0m.
[    8.518246] systemd[1]: Reached target Swaps.
[[0;32m  OK  [0m] Reached target [0;1;39mSwaps[0m.
[    8.519107] systemd[1]: Reached target Local Verity Protected Volumes.
[[0;32m  OK  [0m] Reached target [0;1;39mLocal Verity Protected Volumes[0m.
[    8.521129] systemd[1]: Listening on Device-mapper event daemon FIFOs.
[[0;32m  OK  [0m] Listening on [0;1;39mDevice-mapper event daemon FIFOs[0m.
[    8.523243] systemd[1]: Listening on LVM2 poll daemon socket.
[[0;32m  OK  [0m] Listening on [0;1;39mLVM2 poll daemon socket[0m.
[    8.524574] systemd[1]: multipathd control socket was skipped because of an unmet condition check (ConditionPathExists=/etc/multipath.conf).
[    8.589178] systemd[1]: Listening on RPCbind Server Activation Socket.
[[0;32m  OK  [0m] Listening on [0;1;39mRPCbind Server Activation Socket[0m.
[    8.590590] systemd[1]: Reached target RPC Port Mapper.
[[0;32m  OK  [0m] Reached target [0;1;39mRPC Port Mapper[0m.
[    8.595226] systemd[1]: Listening on Process Core Dump Socket.
[[0;32m  OK  [0m] Listening on [0;1;39mProcess Core Dump Socket[0m.
[    8.596942] systemd[1]: Listening on initctl Compatibility Named Pipe.
[[0;32m  OK  [0m] Listening on [0;1;39minitctl Compatibility Named Pipe[0m.
[    8.599217] systemd[1]: Listening on Journal Socket (/dev/log).
[[0;32m  OK  [0m] Listening on [0;1;39mJournal Socket (/dev/log)[0m.
[    8.601204] systemd[1]: Listening on Journal Socket.
[[0;32m  OK  [0m] Listening on [0;1;39mJournal Socket[0m.
[    8.603147] systemd[1]: Listening on udev Control Socket.
[[0;32m  OK  [0m] Listening on [0;1;39mudev Control Socket[0m.
[    8.604722] systemd[1]: Listening on udev Kernel Socket.
[[0;32m  OK  [0m] Listening on [0;1;39mudev Kernel Socket[0m.
[    8.629640] systemd[1]: Mounting Huge Pages File System...
         Mounting [0;1;39mHuge Pages File System[0m...
[    8.640459] systemd[1]: Mounting POSIX Message Queue File System...
         Mounting [0;1;39mPOSIX Message Queue File System[0m...
[    8.655351] systemd[1]: Mounting Kernel Debug File System...
         Mounting [0;1;39mKernel Debug File System[0m...
[    8.669107] systemd[1]: Mounting Kernel Trace File System...
         Mounting [0;1;39mKernel Trace File System[0m...
[    8.671171] systemd[1]: Kernel Module supporting RPCSEC_GSS was skipped because of an unmet condition check (ConditionPathExists=/etc/krb5.keytab).
[    8.672200] systemd[1]: Create List of Static Device Nodes was skipped because of an unmet condition check (ConditionFileNotEmpty=/lib/modules/6.5.0-53ea7f624fb9+/modules.devname).
[    8.682667] systemd[1]: Starting Monitoring of LVM2 mirrors, snapshots etc. using dmeventd or progress polling...
         Starting [0;1;39mMonitoring of LVM…meventd or progress polling[0m...
[    8.694240] systemd[1]: Starting Load Kernel Module configfs...
         Starting [0;1;39mLoad Kernel Module configfs[0m...
[    8.713613] systemd[1]: Starting Load Kernel Module drm...
         Starting [0;1;39mLoad Kernel Module drm[0m...
[    8.737752] systemd[1]: Starting Load Kernel Module fuse...
         Starting [0;1;39mLoad Kernel Module fuse[0m...
[    8.749955] systemd[1]: Starting Read and set NIS domainname from /etc/sysconfig/network...
         Starting [0;1;39mRead and set NIS …from /etc/sysconfig/network[0m...
[    8.781907] systemd[1]: Starting Journal Service...
         Starting [0;1;39mJournal Service[0m...
[    8.809330] systemd[1]: Starting Load Kernel Modules...
         Starting [0;1;39mLoad Kernel Modules[0m...
[    8.830045] systemd[1]: Starting Generate network units from Kernel command line...
         Starting [0;1;39mGenerate network …ts from Kernel command line[0m...
[    8.862063] systemd[1]: Starting Remount Root and Kernel File Systems...
         Starting [0;1;39mRemount Root and Kernel File Systems[0m...
[    8.864356] systemd[1]: Repartition Root Disk was skipped because no trigger condition checks were met.
[    8.908094] systemd[1]: Starting Coldplug All udev Devices...
         Starting [0;1;39mColdplug All udev Devices[0m...
[    8.935760] systemd[1]: Mounted Huge Pages File System.
[[0;32m  OK  [0m] Mounted [0;1;39mHuge Pages File System[0m.
[    8.937812] systemd[1]: Mounted POSIX Message Queue File System.
[[0;32m  OK  [0m] Mounted [0;1;39mPOSIX Message Queue File System[0m.
[    8.941600] systemd[1]: Mounted Kernel Debug File System.
[[0;32m  OK  [0m] Mounted [0;1;39mKernel Debug File System[0m.
[    8.945690] systemd[1]: Mounted Kernel Trace File System.
[[0;32m  OK  [0m] Mounted [0;1;39mKernel Trace File System[0m.
[    8.957099] systemd[1]: Finished Monitoring of LVM2 mirrors, snapshots etc. using dmeventd or progress polling.
[[0;32m  OK  [0m] Finished [0;1;39mMonitoring of LVM… dmeventd or progress polling[0m.
[    8.965332] systemd[1]: modprobe@configfs.service: Deactivated successfully.
[    8.967631] systemd[1]: Finished Load Kernel Module configfs.
[[0;32m  OK  [0m] Finished [0;1;39mLoad Kernel Module configfs[0m.
[    8.974891] systemd[1]: modprobe@drm.service: Deactivated successfully.
[    8.976722] systemd[1]: Finished Load Kernel Module drm.
[[0;32m  OK  [0m] Finished [0;1;39mLoad Kernel Module drm[0m.
[    8.980524] EXT4-fs (sda): re-mounted 088740a9-c8b4-422c-999d-a804eb68a4da r/w. Quota mode: none.
[    8.984119] systemd[1]: modprobe@fuse.service: Deactivated successfully.
[    8.991464] systemd[1]: Finished Load Kernel Module fuse.
[[0;32m  OK  [0m] Finished [0;1;39mLoad Kernel Module fuse[0m.
[    8.998087] systemd[1]: Finished Read and set NIS domainname from /etc/sysconfig/network.
[[0;32m  OK  [0m] Finished [0;1;39mRead and set NIS …e from /etc/sysconfig/network[0m.
[    9.000585] systemd[1]: systemd-modules-load.service: Main process exited, code=exited, status=1/FAILURE
[    9.002360] systemd[1]: systemd-modules-load.service: Failed with result 'exit-code'.
[    9.004289] systemd[1]: Failed to start Load Kernel Modules.
[[0;1;31mFAILED[0m] Failed to start [0;1;39mLoad Kernel Modules[0m.
See 'systemctl status systemd-modules-load.service' for details.
[    9.009429] systemd[1]: Finished Generate network units from Kernel command line.
[[0;32m  OK  [0m] Finished [0;1;39mGenerate network units from Kernel command line[0m.
[    9.012639] systemd[1]: Finished Remount Root and Kernel File Systems.
[[0;32m  OK  [0m] Finished [0;1;39mRemount Root and Kernel File Systems[0m.
[    9.015412] systemd[1]: Reached target Preparation for Network.
[[0;32m  OK  [0m] Reached target [0;1;39mPreparation for Network[0m.
[    9.041369] systemd[1]: Mounting FUSE Control File System...
         Mounting [0;1;39mFUSE Control File System[0m...
[    9.056637] systemd[1]: Mounting Kernel Configuration File System...
         Mounting [0;1;39mKernel Configuration File System[0m...
[    9.061322] systemd[1]: Special handling of early boot iSCSI sessions was skipped because of an unmet condition check (ConditionDirectoryNotEmpty=/sys/class/iscsi_session).
[    9.062491] systemd[1]: First Boot Wizard was skipped because of an unmet condition check (ConditionFirstBoot=yes).
[    9.069336] systemd[1]: Rebuild Hardware Database was skipped because of an unmet condition check (ConditionNeedsUpdate=/etc).
[    9.101893] systemd[1]: Starting Load/Save Random Seed...
         Starting [0;1;39mLoad/Save Random Seed[0m...
[    9.123342] systemd[1]: Starting Apply Kernel Variables...
         Starting [0;1;39mApply Kernel Variables[0m...
[    9.124686] systemd[1]: Create System Users was skipped because no trigger condition checks were met.
[    9.150220] systemd[1]: Starting Create Static Device Nodes in /dev...
         Starting [0;1;39mCreate Static Device Nodes in /dev[0m...
[    9.172387] systemd[1]: Starting Setup Virtual Console...
         Starting [0;1;39mSetup Virtual Console[0m...
[    9.181474] systemd[1]: Started Journal Service.
[[0;32m  OK  [0m] Started [0;1;39mJournal Service[0m.
[[0;32m  OK  [0m] Mounted [0;1;39mFUSE Control File System[0m.
[[0;32m  OK  [0m] Mounted [0;1;39mKernel Configuration File System[0m.
         Starting [0;1;39mFlush Journal to Persistent Storage[0m...
[[0;32m  OK  [0m] Finished [0;1;39mLoad/Save Random Seed[0m.
[[0;32m  OK  [0m] Finished [0;1;39mApply Kernel Variables[0m.
[    9.315661] systemd-journald[136]: Received client request to flush runtime journal.
[[0;32m  OK  [0m] Finished [0;1;39mFlush Journal to Persistent Storage[0m.
[[0;32m  OK  [0m] Finished [0;1;39mCreate Static Device Nodes in /dev[0m.
         Starting [0;1;39mRule-based Manage…for Device Events and Files[0m...
[[0;32m  OK  [0m] Started [0;1;39mRule-based Manager for Device Events and Files[0m.
         Starting [0;1;39mAuto-connect to s…E devices found during boot[0m...
[[0;32m  OK  [0m] Finished [0;1;39mAuto-connect to s…VME devices found during boot[0m.
[[0;32m  OK  [0m] Finished [0;1;39mSetup Virtual Console[0m.
[[0;32m  OK  [0m] Finished [0;1;39mColdplug All udev Devices[0m.
[[0;32m  OK  [0m] Started [0;1;39mDispatch Password …ts to Console Directory Watch[0m.
[[0;32m  OK  [0m] Reached target [0;1;39mLocal Encrypted Volumes[0m.
[[0;32m  OK  [0m] Reached target [0;1;39mPath Units[0m.
         Starting [0;1;39mWait for udev To …plete Device Initialization[0m...
[[0;32m  OK  [0m] Found device [0;1;39m/dev/ttyS0[0m.
[[0;32m  OK  [0m] Listening on [0;1;39mLoad/Save RF …itch Status /dev/rfkill Watch[0m.
[[0;32m  OK  [0m] Finished [0;1;39mWait for udev To Complete Device Initialization[0m.
[[0;32m  OK  [0m] Reached target [0;1;39mPreparation for Local File Systems[0m.
[[0;32m  OK  [0m] Reached target [0;1;39mLocal File Systems[0m.
         Starting [0;1;39mTell Plymouth To Write Out Runtime Data[0m...
         Starting [0;1;39mAutomatic Boot Loader Update[0m...
         Starting [0;1;39mCreate Volatile Files and Directories[0m...
[[0;32m  OK  [0m] Finished [0;1;39mTell Plymouth To Write Out Runtime Data[0m.
[[0;32m  OK  [0m] Finished [0;1;39mAutomatic Boot Loader Update[0m.
[[0;32m  OK  [0m] Finished [0;1;39mCreate Volatile Files and Directories[0m.
         Mounting [0;1;39mRPC Pipe File System[0m...
         Starting [0;1;39mSecurity Auditing Service[0m...
         Starting [0;1;39mRPC Bind[0m...
[[0;32m  OK  [0m] Mounted [0;1;39mRPC Pipe File System[0m.
[[0;32m  OK  [0m] Reached target [0;1;39mrpc_pipefs.target[0m.
[[0;32m  OK  [0m] Started [0;1;39mRPC Bind[0m.
[[0;32m  OK  [0m] Started [0;1;39mSecurity Auditing Service[0m.
         Starting [0;1;39mRecord System Boot/Shutdown in UTMP[0m...
[[0;32m  OK  [0m] Finished [0;1;39mRecord System Boot/Shutdown in UTMP[0m.
[[0;32m  OK  [0m] Reached target [0;1;39mSystem Initialization[0m.
[[0;32m  OK  [0m] Started [0;1;39mDaily rotation of log files[0m.
[[0;32m  OK  [0m] Started [0;1;39mUpdates mlocate database every day[0m.
[[0;32m  OK  [0m] Started [0;1;39mDaily Cleanup of Temporary Directories[0m.
[[0;32m  OK  [0m] Started [0;1;39mdaily update of the root trust anchor for DNSSEC[0m.
[[0;32m  OK  [0m] Reached target [0;1;39mTimer Units[0m.
[[0;32m  OK  [0m] Listening on [0;1;39mD-Bus System Message Bus Socket[0m.
[[0;32m  OK  [0m] Listening on [0;1;39mOpen-iSCSI iscsid Socket[0m.
[[0;32m  OK  [0m] Listening on [0;1;39mOpen-iSCSI iscsiuio Socket[0m.
[[0;32m  OK  [0m] Listening on [0;1;39mSSSD Kerberos…ache Manager responder socket[0m.
[[0;32m  OK  [0m] Listening on [0;1;39mLibvirt interface local socket[0m.
[[0;32m  OK  [0m] Listening on [0;1;39mVirtual machine lock manager socket[0m.
[[0;32m  OK  [0m] Listening on [0;1;39mVirtual machine log manager socket[0m.
[[0;32m  OK  [0m] Listening on [0;1;39mLibvirt network local socket[0m.
[[0;32m  OK  [0m] Listening on [0;1;39mLibvirt nodedev local socket[0m.
[[0;32m  OK  [0m] Listening on [0;1;39mLibvirt nwfilter local socket[0m.
[[0;32m  OK  [0m] Listening on [0;1;39mLibvirt proxy local socket[0m.
[[0;32m  OK  [0m] Listening on [0;1;39mLibvirt qemu local socket[0m.
[[0;32m  OK  [0m] Listening on [0;1;39mLibvirt qemu admin socket[0m.
[[0;32m  OK  [0m] Listening on [0;1;39mLibvirt qemu local read-only socket[0m.
[[0;32m  OK  [0m] Listening on [0;1;39mLibvirt secret local socket[0m.
[[0;32m  OK  [0m] Listening on [0;1;39mLibvirt storage local socket[0m.
[[0;32m  OK  [0m] Reached target [0;1;39mSocket Units[0m.
         Starting [0;1;39mD-Bus System Message Bus[0m...
[[0;32m  OK  [0m] Started [0;1;39mD-Bus System Message Bus[0m.
[[0;32m  OK  [0m] Reached target [0;1;39mBasic System[0m.
         Starting [0;1;39mNetwork Manager[0m...
[   12.901076] dbus-broker-lau[249]: memfd_create() called without MFD_EXEC or MFD_NOEXEC_SEAL set
         Starting [0;1;39mNTP client/server[0m...
         Starting [0;1;39mRestore /run/initramfs on shutdown[0m...
[[0;32m  OK  [0m] Started [0;1;39mirqbalance daemon[0m.
[[0;32m  OK  [0m] Started [0;1;39mlibstoragemgmt plug-in server daemon[0m.
[[0;32m  OK  [0m] Started [0;1;39mMachine Check Exception Logging Daemon[0m.
[[0;32m  OK  [0m] Reached target [0;1;39msshd-keygen.target[0m.
[[0;32m  OK  [0m] Reached target [0;1;39mUser and Group Name Lookups[0m.
         Starting [0;1;39mUser Login Management[0m...
         Starting [0;1;39mVirtual Machine a…tainer Registration Service[0m...
         Starting [0;1;39mupdate of the roo…NSSEC validation in unbound[0m...
         Starting [0;1;39mRotate log files[0m...
[[0;32m  OK  [0m] Started [0;1;39mUpdate a database for mlocate[0m.
[[0;32m  OK  [0m] Started [0;1;39mNTP client/server[0m.
[[0;32m  OK  [0m] Finished [0;1;39mRestore /run/initramfs on shutdown[0m.
[[0;32m  OK  [0m] Started [0;1;39mVirtual Machine an…ontainer Registration Service[0m.
         Starting [0;1;39mHostname Service[0m...
[[0;32m  OK  [0m] Finished [0;1;39mupdate of the roo… DNSSEC validation in unbound[0m.
[[0;32m  OK  [0m] Started [0;1;39mUser Login Management[0m.
[[0;32m  OK  [0m] Finished [0;1;39mRotate log files[0m.
[[0;32m  OK  [0m] Started [0;1;39mHostname Service[0m.
         Starting [0;1;39mNetwork Manager Script Dispatcher Service[0m...
[[0;32m  OK  [0m] Started [0;1;39mNetwork Manager Script Dispatcher Service[0m.
[   13.957335] e1000: eth0 NIC Link is Up 1000 Mbps Full Duplex, Flow Control: RX
[[0;32m  OK  [0m] Started [0;1;39mNetwork Manager[0m.
[[0;32m  OK  [0m] Reached target [0;1;39mNetwork[0m.
[[0;32m  OK  [0m] Reached target [0;1;39mNetwork is Online[0m.
         Starting [0;1;39mGSSAPI Proxy Daemon[0m...
         Starting [0;1;39mNotify NFS peers of a restart[0m...
         Starting [0;1;39mSystem Logging Service[0m...
         Starting [0;1;39mOpenSSH server daemon[0m...
         Starting [0;1;39mDynamic System Tuning Daemon[0m...
[[0;32m  OK  [0m] Started [0;1;39mNotify NFS peers of a restart[0m.
[[0;32m  OK  [0m] Started [0;1;39mGSSAPI Proxy Daemon[0m.
[[0;32m  OK  [0m] Reached target [0;1;39mNFS client services[0m.
[[0;32m  OK  [0m] Reached target [0;1;39mPreparation for Remote File Systems[0m.
[[0;32m  OK  [0m] Reached target [0;1;39mRemote File Systems[0m.
         Starting [0;1;39mPermit User Sessions[0m...
         Starting [0;1;39mVirtualization qemu daemon[0m...
[[0;32m  OK  [0m] Started [0;1;39mOpenSSH server daemon[0m.
[[0;32m  OK  [0m] Finished [0;1;39mPermit User Sessions[0m.
[[0;32m  OK  [0m] Started [0;1;39mDeferred execution scheduler[0m.
[[0;32m  OK  [0m] Started [0;1;39mCommand Scheduler[0m.
         Starting [0;1;39mHold until boot process finishes up[0m...
         Starting [0;1;39mTerminate Plymouth Boot Screen[0m...
[[0;32m  OK  [0m] Started [0;1;39mSystem Logging Service[0m.
[[0;32m  OK  [0m] Finished [0;1;39mHold until boot process finishes up[0m.
[[0;32m  OK  [0m] Finished [0;1;39mTerminate Plymouth Boot Screen[0m.
[[0;32m  OK  [0m] Started [0;1;39mGetty on tty1[0m.
[[0;32m  OK  [0m] Started [0;1;39mSerial Getty on ttyS0[0m.
[[0;32m  OK  [0m] Reached target [0;1;39mLogin Prompts[0m.
[[0;32m  OK  [0m] Started [0;1;39mVirtualization qemu daemon[0m.
         Starting [0;1;39mAuthorization Manager[0m...
[[0;32m  OK  [0m] Started [0;1;39mAuthorization Manager[0m.
[[0;32m  OK  [0m] Started [0;1;39mDynamic System Tuning Daemon[0m.
[[0;32m  OK  [0m] Reached target [0;1;39mMulti-User System[0m.
         Starting [0;1;39mRecord Runlevel Change in UTMP[0m...
[[0;32m  OK  [0m] Finished [0;1;39mRecord Runlevel Change in UTMP[0m.

CentOS Stream 9
Kernel 6.5.0-53ea7f624fb9+ on an x86_64

Activate the web console with: systemctl enable --now cockpit.socket

test login: [   19.928671] systemd[583]: memfd_create() called without MFD_EXEC or MFD_NOEXEC_SEAL set
[   19.937396] (sd-executor)[585]: memfd_create() called without MFD_EXEC or MFD_NOEXEC_SEAL set
[   19.977481] (sd-executor)[585]: memfd_create() called without MFD_EXEC or MFD_NOEXEC_SEAL set
[   25.115435] Process accounting resumed
[   25.134986] Process accounting resumed
[  300.353104] INFO: task systemd-hostnam:269 blocked for more than 147 seconds.
[  300.353760]       Not tainted 6.5.0-53ea7f624fb9+ #1
[  300.354073] "echo 0 > /proc/sys/kernel/hung_task_timeout_secs" disables this message.
[  300.354538] task:systemd-hostnam state:D stack:0     pid:269   ppid:1      flags:0x00000002
[  300.355060] Call Trace:
[  300.355221]  <TASK>
[  300.355365]  __schedule+0xb44/0x3010
[  300.355655]  ? __pfx___schedule+0x10/0x10
[  300.355909]  ? __this_cpu_preempt_check+0x21/0x30
[  300.356216]  ? lock_release+0x417/0x7e0
[  300.356468]  ? __pfx_lock_release+0x10/0x10
[  300.356738]  ? lock_is_held_type+0xf0/0x150
[  300.357060]  schedule+0x141/0x230
[  300.357283]  schedule_preempt_disabled+0x1c/0x30
[  300.357582]  __mutex_lock+0xbaf/0x1a30
[  300.357828]  ? acct_process+0x1f6/0x680
[  300.358083]  ? __pfx___mutex_lock+0x10/0x10
[  300.358344]  ? __this_cpu_preempt_check+0x21/0x30
[  300.358654]  ? lock_release+0x417/0x7e0
[  300.358896]  ? __pfx_lock_release+0x10/0x10
[  300.359162]  mutex_lock_nested+0x1f/0x30
[  300.359413]  ? mutex_lock_nested+0x1f/0x30
[  300.359682]  acct_process+0x1f6/0x680
[  300.359915]  do_exit+0x17db/0x2790
[  300.360131]  ? lock_release+0x417/0x7e0
[  300.360380]  ? __pfx_lock_release+0x10/0x10
[  300.360657]  ? __pfx_do_exit+0x10/0x10
[  300.360902]  ? __this_cpu_preempt_check+0x21/0x30
[  300.361205]  ? _raw_spin_unlock_irq+0x2c/0x60
[  300.361483]  ? lockdep_hardirqs_on+0x8a/0x110
[  300.361770]  ? _raw_spin_unlock_irq+0x2c/0x60
[  300.362045]  ? trace_hardirqs_on+0x26/0x120
[  300.362314]  do_group_exit+0xe5/0x2c0
[  300.362551]  __x64_sys_exit_group+0x4d/0x60
[  300.362830]  do_syscall_64+0x3c/0x90
[  300.363066]  entry_SYSCALL_64_after_hwframe+0x6e/0xd8
[  300.363377] RIP: 0033:0x7f90ea318a4d
[  300.363614] RSP: 002b:00007ffeae1648e8 EFLAGS: 00000246 ORIG_RAX: 00000000000000e7
[  300.364070] RAX: ffffffffffffffda RBX: 00007f90ea3f69e0 RCX: 00007f90ea318a4d
[  300.364497] RDX: 00000000000000e7 RSI: fffffffffffffe88 RDI: 0000000000000000
[  300.364947] RBP: 0000000000000000 R08: 0000000000000000 R09: 00007f90ea401b20
[  300.365377] R10: 00007ffeae1645f0 R11: 0000000000000246 R12: 00007f90ea3f69e0
[  300.365822] R13: 00007f90ea3fbf00 R14: 0000000000000002 R15: 00007f90ea3fbee8
[  300.366269]  </TASK>
[  300.366412] INFO: task pool-nm-dispatc:279 blocked for more than 147 seconds.
[  300.366852]       Not tainted 6.5.0-53ea7f624fb9+ #1
[  300.367156] "echo 0 > /proc/sys/kernel/hung_task_timeout_secs" disables this message.
[  300.367640] task:pool-nm-dispatc state:D stack:0     pid:279   ppid:1      flags:0x00004002
[  300.368155] Call Trace:
[  300.368311]  <TASK>
[  300.368456]  __schedule+0xb44/0x3010
[  300.368710]  ? __pfx___schedule+0x10/0x10
[  300.368978]  ? __this_cpu_preempt_check+0x21/0x30
[  300.369279]  ? lock_release+0x417/0x7e0
[  300.369521]  ? __pfx_lock_release+0x10/0x10
[  300.369793]  ? lock_is_held_type+0xf0/0x150
[  300.370065]  schedule+0x141/0x230
[  300.370286]  schedule_preempt_disabled+0x1c/0x30
[  300.370587]  __mutex_lock+0xbaf/0x1a30
[  300.370829]  ? __sanitizer_cov_trace_const_cmp8+0x1c/0x30
[  300.371174]  ? acct_process+0x1f6/0x680
[  300.371427]  ? __pfx___mutex_lock+0x10/0x10
[  300.371705]  ? __this_cpu_preempt_check+0x21/0x30
[  300.372001]  ? lock_release+0x417/0x7e0
[  300.372264]  mutex_lock_nested+0x1f/0x30
[  300.372515]  ? mutex_lock_nested+0x1f/0x30
[  300.372794]  acct_process+0x1f6/0x680
[  300.373047]  do_exit+0x17db/0x2790
[  300.373264]  ? __this_cpu_preempt_check+0x21/0x30
[  300.373573]  ? lock_release+0x417/0x7e0
[  300.373823]  ? __pfx_do_exit+0x10/0x10
[  300.374065]  ? get_signal+0xa6d/0x27f0
[  300.374326]  ? __this_cpu_preempt_check+0x21/0x30
[  300.374657]  do_group_exit+0xe5/0x2c0
[  300.374905]  get_signal+0x2741/0x27f0
[  300.375165]  ? __pfx_lock_release+0x10/0x10
[  300.375441]  ? __pfx_get_signal+0x10/0x10
[  300.375719]  ? do_futex+0x14b/0x3a0
[  300.375961]  arch_do_signal_or_restart+0x8e/0x7e0
[  300.376281]  ? __pfx_arch_do_signal_or_restart+0x10/0x10
[  300.376642]  ? __x64_sys_futex+0x1fe/0x4e0
[  300.376931]  ? syscall_exit_to_user_mode+0x1f/0x50
[  300.377252]  ? __this_cpu_preempt_check+0x21/0x30
[  300.377560]  ? exit_to_user_mode_prepare+0xea/0x1d0
[  300.377891]  ? lockdep_hardirqs_on+0x8a/0x110
[  300.378184]  exit_to_user_mode_prepare+0x11f/0x1d0
[  300.378504]  syscall_exit_to_user_mode+0x1f/0x50
[  300.378818]  do_syscall_64+0x4c/0x90
[  300.379061]  entry_SYSCALL_64_after_hwframe+0x6e/0xd8
[  300.379403] RIP: 0033:0x7f792323ee5d
[  300.379650] RSP: 002b:00007f79223441f8 EFLAGS: 00000246 ORIG_RAX: 00000000000000ca
[  300.380133] RAX: fffffffffffffdfc RBX: 0000000000000000 RCX: 00007f792323ee5d
[  300.380590] RDX: 0000000000000000 RSI: 0000000000000080 RDI: 00005594a0918f00
[  300.381055] RBP: 00005594a0918ef8 R08: 000000079467372c R09: 0000000000000019
[  300.381508] R10: 00007f7922344210 R11: 0000000000000246 R12: 00005594a0918ef0
[  300.381971] R13: 0000000000000001 R14: 00005594a0918ef8 R15: 0000000000000000
[  300.382427]  </TASK>
[  300.382581] INFO: task virtqemud:306 blocked for more than 147 seconds.
[  300.382991]       Not tainted 6.5.0-53ea7f624fb9+ #1
[  300.383312] "echo 0 > /proc/sys/kernel/hung_task_timeout_secs" disables this message.
[  300.383813] task:virtqemud       state:D stack:0     pid:306   ppid:1      flags:0x00004002
[  300.384340] Call Trace:
[  300.384510]  <TASK>
[  300.384665]  __schedule+0xb44/0x3010
[  300.384927]  ? __pfx___schedule+0x10/0x10
[  300.385186]  ? __this_cpu_preempt_check+0x21/0x30
[  300.385491]  ? lock_release+0x417/0x7e0
[  300.385761]  ? __pfx_lock_release+0x10/0x10
[  300.386038]  ? lock_is_held_type+0xf0/0x150
[  300.386323]  schedule+0x141/0x230
[  300.386547]  schedule_preempt_disabled+0x1c/0x30
[  300.386863]  __mutex_lock+0xbaf/0x1a30
[  300.387116]  ? acct_process+0x1f6/0x680
[  300.387376]  ? __pfx___mutex_lock+0x10/0x10
[  300.387657]  ? __this_cpu_preempt_check+0x21/0x30
[  300.387964]  ? lock_release+0x417/0x7e0
[  300.388222]  ? __pfx_lock_release+0x10/0x10
[  300.388508]  mutex_lock_nested+0x1f/0x30
[  300.388777]  ? mutex_lock_nested+0x1f/0x30
[  300.389060]  acct_process+0x1f6/0x680
[  300.389301]  do_exit+0x17db/0x2790
[  300.389527]  ? lock_release+0x417/0x7e0
[  300.389788]  ? __pfx_lock_release+0x10/0x10
[  300.390071]  ? __pfx_do_exit+0x10/0x10
[  300.390320]  ? __this_cpu_preempt_check+0x21/0x30
[  300.390629]  ? _raw_spin_unlock_irq+0x2c/0x60
[  300.390912]  ? lockdep_hardirqs_on+0x8a/0x110
[  300.391197]  ? _raw_spin_unlock_irq+0x2c/0x60
[  300.391490]  ? trace_hardirqs_on+0x26/0x120
[  300.391782]  do_group_exit+0xe5/0x2c0
[  300.392033]  __x64_sys_exit_group+0x4d/0x60
[  300.392312]  do_syscall_64+0x3c/0x90
[  300.392551]  entry_SYSCALL_64_after_hwframe+0x6e/0xd8
[  300.392902] RIP: 0033:0x7fe5dbd18a4d
[  300.393135] RSP: 002b:00007ffe5b2e6848 EFLAGS: 00000246 ORIG_RAX: 00000000000000e7
[  300.393630] RAX: ffffffffffffffda RBX: 00007fe5dbdf69e0 RCX: 00007fe5dbd18a4d
[  300.394085] RDX: 00000000000000e7 RSI: ffffffffffffff78 RDI: 0000000000000000
[  300.394535] RBP: 0000000000000000 R08: 0000000000000003 R09: 00007fe5dbe01b20
[  300.394994] R10: 00007ffe5b2e6390 R11: 0000000000000246 R12: 00007fe5dbdf69e0
[  300.395452] R13: 00007fe5dbdfbf00 R14: 0000000000000002 R15: 00007fe5dbdfbee8
[  300.395927]  </TASK>
[  300.396087] INFO: task repro:717 blocked for more than 147 seconds.
[  300.396485]       Not tainted 6.5.0-53ea7f624fb9+ #1
[  300.396821] "echo 0 > /proc/sys/kernel/hung_task_timeout_secs" disables this message.
[  300.397302] task:repro           state:D stack:0     pid:717   ppid:715    flags:0x00004006
[  300.397849] Call Trace:
[  300.398015]  <TASK>
[  300.398166]  __schedule+0xb44/0x3010
[  300.398411]  ? __pfx___schedule+0x10/0x10
[  300.398681]  ? __this_cpu_preempt_check+0x21/0x30
[  300.398996]  ? lock_release+0x417/0x7e0
[  300.399251]  ? __pfx_lock_release+0x10/0x10
[  300.399527]  ? lock_is_held_type+0xf0/0x150
[  300.399822]  schedule+0x141/0x230
[  300.400048]  schedule_preempt_disabled+0x1c/0x30
[  300.400355]  __mutex_lock+0xbaf/0x1a30
[  300.400613]  ? acct_process+0x1f6/0x680
[  300.400888]  ? __pfx___mutex_lock+0x10/0x10
[  300.401165]  ? __this_cpu_preempt_check+0x21/0x30
[  300.401477]  ? lock_release+0x417/0x7e0
[  300.401759]  mutex_lock_nested+0x1f/0x30
[  300.402022]  ? mutex_lock_nested+0x1f/0x30
[  300.402292]  acct_process+0x1f6/0x680
[  300.402549]  do_exit+0x17db/0x2790
[  300.402801]  ? __this_cpu_preempt_check+0x21/0x30
[  300.403110]  ? lock_release+0x417/0x7e0
[  300.403369]  ? __pfx_do_exit+0x10/0x10
[  300.403630]  ? get_signal+0xa6d/0x27f0
[  300.403886]  ? __this_cpu_preempt_check+0x21/0x30
[  300.404203]  do_group_exit+0xe5/0x2c0
[  300.404462]  get_signal+0x2741/0x27f0
[  300.404726]  ? __this_cpu_preempt_check+0x21/0x30
[  300.405055]  ? __pfx_get_signal+0x10/0x10
[  300.405331]  ? kasan_quarantine_put+0xa2/0x200
[  300.405634]  ? lockdep_hardirqs_on+0x8a/0x110
[  300.405924]  ? kasan_quarantine_put+0xa2/0x200
[  300.406226]  ? trace_hardirqs_on+0x26/0x120
[  300.406509]  arch_do_signal_or_restart+0x8e/0x7e0
[  300.406831]  ? __pfx_arch_do_signal_or_restart+0x10/0x10
[  300.407172]  ? slab_free_freelist_hook+0xc3/0x1a0
[  300.407485]  ? syscall_exit_to_user_mode+0x1f/0x50
[  300.407805]  ? __this_cpu_preempt_check+0x21/0x30
[  300.408114]  ? exit_to_user_mode_prepare+0xea/0x1d0
[  300.408449]  ? lockdep_hardirqs_on+0x8a/0x110
[  300.408743]  exit_to_user_mode_prepare+0x11f/0x1d0
[  300.409074]  syscall_exit_to_user_mode+0x1f/0x50
[  300.409381]  do_syscall_64+0x4c/0x90
[  300.409634]  entry_SYSCALL_64_after_hwframe+0x6e/0xd8
[  300.409968] RIP: 0033:0x7f7511e3ee5d
[  300.410208] RSP: 002b:00007ffff25df298 EFLAGS: 00000246 ORIG_RAX: 00000000000000a3
[  300.410694] RAX: 0000000000000000 RBX: 0000000000000000 RCX: 00007f7511e3ee5d
[  300.411141] RDX: 0000000000000000 RSI: 0000000000401974 RDI: 0000000020000140
[  300.411598] RBP: 00007ffff25df2b0 R08: 00007ffff25df2b0 R09: 00007ffff25df2b0
[  300.412048] R10: 00007ffff25df2a0 R11: 0000000000000246 R12: 00007ffff25df408
[  300.412502] R13: 00000000004019da R14: 0000000000403e08 R15: 00007f7512135000
[  300.412996]  </TASK>
[  300.413149] INFO: task modprobe:721 blocked for more than 147 seconds.
[  300.413560]       Not tainted 6.5.0-53ea7f624fb9+ #1
[  300.413885] "echo 0 > /proc/sys/kernel/hung_task_timeout_secs" disables this message.
[  300.414375] task:modprobe        state:D stack:0     pid:721   ppid:28     flags:0x00000002
[  300.414912] Call Trace:
[  300.415076]  <TASK>
[  300.415225]  __schedule+0xb44/0x3010
[  300.415474]  ? __pfx___schedule+0x10/0x10
[  300.415740]  ? __this_cpu_preempt_check+0x21/0x30
[  300.416053]  ? lock_release+0x417/0x7e0
[  300.416306]  ? __pfx_lock_release+0x10/0x10
[  300.416587]  ? lock_is_held_type+0xf0/0x150
[  300.416883]  schedule+0x141/0x230
[  300.417110]  schedule_preempt_disabled+0x1c/0x30
[  300.417414]  __mutex_lock+0xbaf/0x1a30
[  300.417679]  ? acct_process+0x1f6/0x680
[  300.417944]  ? __pfx___mutex_lock+0x10/0x10
[  300.418222]  ? __this_cpu_preempt_check+0x21/0x30
[  300.418533]  ? lock_release+0x417/0x7e0
[  300.418802]  ? __pfx_lock_release+0x10/0x10
[  300.419083]  mutex_lock_nested+0x1f/0x30
[  300.419349]  ? mutex_lock_nested+0x1f/0x30
[  300.419628]  acct_process+0x1f6/0x680
[  300.419886]  do_exit+0x17db/0x2790
[  300.420115]  ? lock_release+0x417/0x7e0
[  300.420369]  ? __pfx_lock_release+0x10/0x10
[  300.420656]  ? __pfx_do_exit+0x10/0x10
[  300.420919]  ? __this_cpu_preempt_check+0x21/0x30
[  300.421235]  ? _raw_spin_unlock_irq+0x2c/0x60
[  300.421521]  ? lockdep_hardirqs_on+0x8a/0x110
[  300.421819]  ? _raw_spin_unlock_irq+0x2c/0x60
[  300.422102]  ? trace_hardirqs_on+0x26/0x120
[  300.422372]  do_group_exit+0xe5/0x2c0
[  300.422634]  __x64_sys_exit_group+0x4d/0x60
[  300.422918]  do_syscall_64+0x3c/0x90
[  300.423158]  entry_SYSCALL_64_after_hwframe+0x6e/0xd8
[  300.423485] RIP: 0033:0x7efdde918a4d
[  300.423734] RSP: 002b:00007ffc42521cf8 EFLAGS: 00000246 ORIG_RAX: 00000000000000e7
[  300.424219] RAX: ffffffffffffffda RBX: 00007efdde9f69e0 RCX: 00007efdde918a4d
[  300.424678] RDX: 00000000000000e7 RSI: ffffffffffffff80 RDI: 0000000000000001
[  300.425149] RBP: 0000000000000001 R08: 0000000000000000 R09: 0000000000000048
[  300.425613] R10: 00007ffc42521b40 R11: 0000000000000246 R12: 00007efdde9f69e0
[  300.426067] R13: 00007efdde9fbf00 R14: 0000000000000001 R15: 00007efdde9fbee8
[  300.426545]  </TASK>
[  300.426706] 
[  300.426706] Showing all locks held in the system:
[  300.427102] 2 locks held by kworker/u4:1/28:
[  300.427384]  #0: ff1100000cc6e938 ((wq_completion)events_unbound){+.+.}-{0:0}, at: process_one_work+0x9cd/0x1840
[  300.428059]  #1: ff1100000d707d68 ((work_completion)(&sub_info->work)){+.+.}-{0:0}, at: process_one_work+0xa02/0x1840
[  300.428764] 1 lock held by khungtaskd/30:
[  300.429040]  #0: ffffffff86c59be0 (rcu_read_lock){....}-{1:2}, at: debug_show_all_locks+0x51/0x370
[  300.429637] 2 locks held by kworker/u4:3/73:
[  300.429917]  #0: ff1100000cc6e938 ((wq_completion)events_unbound){+.+.}-{0:0}, at: process_one_work+0x9cd/0x1840
[  300.430577]  #1: ff11000011a07d68 ((work_completion)(&sub_info->work)){+.+.}-{0:0}, at: process_one_work+0xa02/0x1840
[  300.431258] 1 lock held by systemd-hostnam/269:
[  300.431549]  #0: ff11000018c31100 (&acct->lock#2){+.+.}-{3:3}, at: acct_process+0x1f6/0x680
[  300.432115] 1 lock held by pool-nm-dispatc/279:
[  300.432404]  #0: ff11000018c31100 (&acct->lock#2){+.+.}-{3:3}, at: acct_process+0x1f6/0x680
[  300.432969] 1 lock held by virtqemud/306:
[  300.433231]  #0: ff11000018c31100 (&acct->lock#2){+.+.}-{3:3}, at: acct_process+0x1f6/0x680
[  300.433788] 1 lock held by repro/717:
[  300.434030]  #0: ff11000018c31100 (&acct->lock#2){+.+.}-{3:3}, at: acct_process+0x1f6/0x680
[  300.434590] 5 locks held by modprobe/718:
[  300.434853]  #0: ff11000018c31100 (&acct->lock#2){+.+.}-{3:3}, at: acct_process+0x1f6/0x680
[  300.435405]  #1: ff110000132743f8 (sb_writers#5){.+.+}-{0:0}, at: acct_process+0x436/0x680
[  300.435971]  #2: ff11000018c30c88 (&of->mutex){+.+.}-{3:3}, at: kernfs_fop_write_iter+0x29a/0x630
[  300.436557]  #3: ff1100000d5a3008 (kn->active#89){.+.+}-{0:0}, at: kernfs_fop_write_iter+0x2be/0x630
[  300.437172]  #4: ffffffff86b37648 (system_transition_mutex){+.+.}-{3:3}, at: software_resume+0x6d/0x320
[  300.437771] 1 lock held by modprobe/721:
[  300.438029]  #0: ff11000018c31100 (&acct->lock#2){+.+.}-{3:3}, at: acct_process+0x1f6/0x680
[  300.438579] 
[  300.438691] =============================================
[  300.438691] 
[  447.809095] INFO: task systemd-hostnam:269 blocked for more than 294 seconds.
[  447.809656]       Not tainted 6.5.0-53ea7f624fb9+ #1
[  447.809980] "echo 0 > /proc/sys/kernel/hung_task_timeout_secs" disables this message.
[  447.810439] task:systemd-hostnam state:D stack:0     pid:269   ppid:1      flags:0x00000002
[  447.810956] Call Trace:
[  447.811114]  <TASK>
[  447.811257]  __schedule+0xb44/0x3010
[  447.811510]  ? __pfx___schedule+0x10/0x10
[  447.811773]  ? __this_cpu_preempt_check+0x21/0x30
[  447.812063]  ? lock_release+0x417/0x7e0
[  447.812307]  ? __pfx_lock_release+0x10/0x10
[  447.812564]  ? lock_is_held_type+0xf0/0x150
[  447.812887]  schedule+0x141/0x230
[  447.813107]  schedule_preempt_disabled+0x1c/0x30
[  447.813399]  __mutex_lock+0xbaf/0x1a30
[  447.813659]  ? acct_process+0x1f6/0x680
[  447.813918]  ? __pfx___mutex_lock+0x10/0x10
[  447.814187]  ? __this_cpu_preempt_check+0x21/0x30
[  447.814481]  ? lock_release+0x417/0x7e0
[  447.814731]  ? __pfx_lock_release+0x10/0x10
[  447.814999]  mutex_lock_nested+0x1f/0x30
[  447.815243]  ? mutex_lock_nested+0x1f/0x30
[  447.815515]  acct_process+0x1f6/0x680
[  447.815780]  do_exit+0x17db/0x2790
[  447.816010]  ? lock_release+0x417/0x7e0
[  447.816262]  ? __pfx_lock_release+0x10/0x10
[  447.816535]  ? __pfx_do_exit+0x10/0x10
[  447.816788]  ? __this_cpu_preempt_check+0x21/0x30
[  447.817117]  ? _raw_spin_unlock_irq+0x2c/0x60
[  447.817403]  ? lockdep_hardirqs_on+0x8a/0x110
[  447.817709]  ? _raw_spin_unlock_irq+0x2c/0x60
[  447.818000]  ? trace_hardirqs_on+0x26/0x120
[  447.818292]  do_group_exit+0xe5/0x2c0
[  447.818540]  __x64_sys_exit_group+0x4d/0x60
[  447.818820]  do_syscall_64+0x3c/0x90
[  447.819063]  entry_SYSCALL_64_after_hwframe+0x6e/0xd8
[  447.819385] RIP: 0033:0x7f90ea318a4d
[  447.819634] RSP: 002b:00007ffeae1648e8 EFLAGS: 00000246 ORIG_RAX: 00000000000000e7
[  447.820124] RAX: ffffffffffffffda RBX: 00007f90ea3f69e0 RCX: 00007f90ea318a4d
[  447.820574] RDX: 00000000000000e7 RSI: fffffffffffffe88 RDI: 0000000000000000
[  447.821041] RBP: 0000000000000000 R08: 0000000000000000 R09: 00007f90ea401b20
[  447.821488] R10: 00007ffeae1645f0 R11: 0000000000000246 R12: 00007f90ea3f69e0
[  447.821944] R13: 00007f90ea3fbf00 R14: 0000000000000002 R15: 00007f90ea3fbee8
[  447.822404]  </TASK>
[  447.822555] INFO: task pool-nm-dispatc:279 blocked for more than 294 seconds.
[  447.823026]       Not tainted 6.5.0-53ea7f624fb9+ #1
[  447.823345] "echo 0 > /proc/sys/kernel/hung_task_timeout_secs" disables this message.
[  447.823843] task:pool-nm-dispatc state:D stack:0     pid:279   ppid:1      flags:0x00004002
[  447.824368] Call Trace:
[  447.824527]  <TASK>
[  447.824684]  __schedule+0xb44/0x3010
[  447.824948]  ? __pfx___schedule+0x10/0x10
[  447.825216]  ? __this_cpu_preempt_check+0x21/0x30
[  447.825523]  ? lock_release+0x417/0x7e0
[  447.825787]  ? __pfx_lock_release+0x10/0x10
[  447.826065]  ? lock_is_held_type+0xf0/0x150
[  447.826349]  schedule+0x141/0x230
[  447.826573]  schedule_preempt_disabled+0x1c/0x30
[  447.826874]  __mutex_lock+0xbaf/0x1a30
[  447.827124]  ? __sanitizer_cov_trace_const_cmp8+0x1c/0x30
[  447.827481]  ? acct_process+0x1f6/0x680
[  447.827746]  ? __pfx___mutex_lock+0x10/0x10
[  447.828025]  ? __this_cpu_preempt_check+0x21/0x30
[  447.828341]  ? lock_release+0x417/0x7e0
[  447.828618]  mutex_lock_nested+0x1f/0x30
[  447.828900]  ? mutex_lock_nested+0x1f/0x30
[  447.829172]  acct_process+0x1f6/0x680
[  447.829422]  do_exit+0x17db/0x2790
[  447.829657]  ? __this_cpu_preempt_check+0x21/0x30
[  447.829966]  ? lock_release+0x417/0x7e0
[  447.830218]  ? __pfx_do_exit+0x10/0x10
[  447.830466]  ? get_signal+0xa6d/0x27f0
[  447.830740]  ? __this_cpu_preempt_check+0x21/0x30
[  447.831048]  do_group_exit+0xe5/0x2c0
[  447.831298]  get_signal+0x2741/0x27f0
[  447.831552]  ? __pfx_lock_release+0x10/0x10
[  447.831844]  ? __pfx_get_signal+0x10/0x10
[  447.832114]  ? do_futex+0x14b/0x3a0
[  447.832361]  arch_do_signal_or_restart+0x8e/0x7e0
[  447.832696]  ? __pfx_arch_do_signal_or_restart+0x10/0x10
[  447.833058]  ? __x64_sys_futex+0x1fe/0x4e0
[  447.833340]  ? syscall_exit_to_user_mode+0x1f/0x50
[  447.833667]  ? __this_cpu_preempt_check+0x21/0x30
[  447.833985]  ? exit_to_user_mode_prepare+0xea/0x1d0
[  447.834301]  ? lockdep_hardirqs_on+0x8a/0x110
[  447.834596]  exit_to_user_mode_prepare+0x11f/0x1d0
[  447.834920]  syscall_exit_to_user_mode+0x1f/0x50
[  447.835226]  do_syscall_64+0x4c/0x90
[  447.835473]  entry_SYSCALL_64_after_hwframe+0x6e/0xd8
[  447.835807] RIP: 0033:0x7f792323ee5d
[  447.836040] RSP: 002b:00007f79223441f8 EFLAGS: 00000246 ORIG_RAX: 00000000000000ca
[  447.836511] RAX: fffffffffffffdfc RBX: 0000000000000000 RCX: 00007f792323ee5d
[  447.836999] RDX: 0000000000000000 RSI: 0000000000000080 RDI: 00005594a0918f00
[  447.837451] RBP: 00005594a0918ef8 R08: 000000079467372c R09: 0000000000000019
[  447.837906] R10: 00007f7922344210 R11: 0000000000000246 R12: 00005594a0918ef0
[  447.838369] R13: 0000000000000001 R14: 00005594a0918ef8 R15: 0000000000000000
[  447.838841]  </TASK>
[  447.838996] INFO: task virtqemud:306 blocked for more than 294 seconds.
[  447.839413]       Not tainted 6.5.0-53ea7f624fb9+ #1
[  447.839753] "echo 0 > /proc/sys/kernel/hung_task_timeout_secs" disables this message.
[  447.840243] task:virtqemud       state:D stack:0     pid:306   ppid:1      flags:0x00004002
[  447.840777] Call Trace:
[  447.840955]  <TASK>
[  447.841103]  __schedule+0xb44/0x3010
[  447.841352]  ? __pfx___schedule+0x10/0x10
[  447.841624]  ? __this_cpu_preempt_check+0x21/0x30
[  447.841936]  ? lock_release+0x417/0x7e0
[  447.842191]  ? __pfx_lock_release+0x10/0x10
[  447.842469]  ? lock_is_held_type+0xf0/0x150
[  447.842765]  schedule+0x141/0x230
[  447.842988]  schedule_preempt_disabled+0x1c/0x30
[  447.843293]  __mutex_lock+0xbaf/0x1a30
[  447.843546]  ? acct_process+0x1f6/0x680
[  447.843818]  ? __pfx___mutex_lock+0x10/0x10
[  447.844098]  ? __this_cpu_preempt_check+0x21/0x30
[  447.844412]  ? lock_release+0x417/0x7e0
[  447.844678]  ? __pfx_lock_release+0x10/0x10
[  447.844973]  mutex_lock_nested+0x1f/0x30
[  447.845242]  ? mutex_lock_nested+0x1f/0x30
[  447.845512]  acct_process+0x1f6/0x680
[  447.845779]  do_exit+0x17db/0x2790
[  447.846015]  ? lock_release+0x417/0x7e0
[  447.846275]  ? __pfx_lock_release+0x10/0x10
[  447.846553]  ? __pfx_do_exit+0x10/0x10
[  447.846811]  ? __this_cpu_preempt_check+0x21/0x30
[  447.847120]  ? _raw_spin_unlock_irq+0x2c/0x60
[  447.847404]  ? lockdep_hardirqs_on+0x8a/0x110
[  447.847703]  ? _raw_spin_unlock_irq+0x2c/0x60
[  447.847986]  ? trace_hardirqs_on+0x26/0x120
[  447.848265]  do_group_exit+0xe5/0x2c0
[  447.848512]  __x64_sys_exit_group+0x4d/0x60
[  447.848798]  do_syscall_64+0x3c/0x90
[  447.849059]  entry_SYSCALL_64_after_hwframe+0x6e/0xd8
[  447.849382] RIP: 0033:0x7fe5dbd18a4d
[  447.849624] RSP: 002b:00007ffe5b2e6848 EFLAGS: 00000246 ORIG_RAX: 00000000000000e7
[  447.850110] RAX: ffffffffffffffda RBX: 00007fe5dbdf69e0 RCX: 00007fe5dbd18a4d
[  447.850558] RDX: 00000000000000e7 RSI: ffffffffffffff78 RDI: 0000000000000000
[  447.851017] RBP: 0000000000000000 R08: 0000000000000003 R09: 00007fe5dbe01b20
[  447.851457] R10: 00007ffe5b2e6390 R11: 0000000000000246 R12: 00007fe5dbdf69e0
[  447.851925] R13: 00007fe5dbdfbf00 R14: 0000000000000002 R15: 00007fe5dbdfbee8
[  447.852393]  </TASK>
[  447.852550] INFO: task repro:717 blocked for more than 294 seconds.
[  447.852980]       Not tainted 6.5.0-53ea7f624fb9+ #1
[  447.853300] "echo 0 > /proc/sys/kernel/hung_task_timeout_secs" disables this message.
[  447.853806] task:repro           state:D stack:0     pid:717   ppid:715    flags:0x00004006
[  447.854334] Call Trace:
[  447.854493]  <TASK>
[  447.854651]  __schedule+0xb44/0x3010
[  447.854899]  ? __pfx___schedule+0x10/0x10
[  447.855169]  ? __this_cpu_preempt_check+0x21/0x30
[  447.855474]  ? lock_release+0x417/0x7e0
[  447.855731]  ? __pfx_lock_release+0x10/0x10
[  447.856006]  ? lock_is_held_type+0xf0/0x150
[  447.856295]  schedule+0x141/0x230
[  447.856523]  schedule_preempt_disabled+0x1c/0x30
[  447.856851]  __mutex_lock+0xbaf/0x1a30
[  447.857105]  ? acct_process+0x1f6/0x680
[  447.857367]  ? __pfx___mutex_lock+0x10/0x10
[  447.857653]  ? __this_cpu_preempt_check+0x21/0x30
[  447.857963]  ? lock_release+0x417/0x7e0
[  447.858229]  mutex_lock_nested+0x1f/0x30
[  447.858492]  ? mutex_lock_nested+0x1f/0x30
[  447.858774]  acct_process+0x1f6/0x680
[  447.859023]  do_exit+0x17db/0x2790
[  447.859255]  ? __this_cpu_preempt_check+0x21/0x30
[  447.859563]  ? lock_release+0x417/0x7e0
[  447.859833]  ? __pfx_do_exit+0x10/0x10
[  447.860083]  ? get_signal+0xa6d/0x27f0
[  447.860340]  ? __this_cpu_preempt_check+0x21/0x30
[  447.860651]  do_group_exit+0xe5/0x2c0
[  447.860909]  get_signal+0x2741/0x27f0
[  447.861164]  ? __this_cpu_preempt_check+0x21/0x30
[  447.861480]  ? __pfx_get_signal+0x10/0x10
[  447.861761]  ? kasan_quarantine_put+0xa2/0x200
[  447.862054]  ? lockdep_hardirqs_on+0x8a/0x110
[  447.862343]  ? kasan_quarantine_put+0xa2/0x200
[  447.862643]  ? trace_hardirqs_on+0x26/0x120
[  447.862928]  arch_do_signal_or_restart+0x8e/0x7e0
[  447.863245]  ? __pfx_arch_do_signal_or_restart+0x10/0x10
[  447.863586]  ? slab_free_freelist_hook+0xc3/0x1a0
[  447.863904]  ? syscall_exit_to_user_mode+0x1f/0x50
[  447.864224]  ? __this_cpu_preempt_check+0x21/0x30
[  447.864534]  ? exit_to_user_mode_prepare+0xea/0x1d0
[  447.864875]  ? lockdep_hardirqs_on+0x8a/0x110
[  447.865169]  exit_to_user_mode_prepare+0x11f/0x1d0
[  447.865490]  syscall_exit_to_user_mode+0x1f/0x50
[  447.865811]  do_syscall_64+0x4c/0x90
[  447.866058]  entry_SYSCALL_64_after_hwframe+0x6e/0xd8
[  447.866387] RIP: 0033:0x7f7511e3ee5d
[  447.866629] RSP: 002b:00007ffff25df298 EFLAGS: 00000246 ORIG_RAX: 00000000000000a3
[  447.867122] RAX: 0000000000000000 RBX: 0000000000000000 RCX: 00007f7511e3ee5d
[  447.867565] RDX: 0000000000000000 RSI: 0000000000401974 RDI: 0000000020000140
[  447.868020] RBP: 00007ffff25df2b0 R08: 00007ffff25df2b0 R09: 00007ffff25df2b0
[  447.868471] R10: 00007ffff25df2a0 R11: 0000000000000246 R12: 00007ffff25df408
[  447.868945] R13: 00000000004019da R14: 0000000000403e08 R15: 00007f7512135000
[  447.869421]  </TASK>
[  447.869578] INFO: task modprobe:721 blocked for more than 294 seconds.
[  447.869993]       Not tainted 6.5.0-53ea7f624fb9+ #1
[  447.870310] "echo 0 > /proc/sys/kernel/hung_task_timeout_secs" disables this message.
[  447.870804] task:modprobe        state:D stack:0     pid:721   ppid:28     flags:0x00000002
[  447.871328] Call Trace:
[  447.871490]  <TASK>
[  447.871643]  __schedule+0xb44/0x3010
[  447.871884]  ? __pfx___schedule+0x10/0x10
[  447.872153]  ? __this_cpu_preempt_check+0x21/0x30
[  447.872466]  ? lock_release+0x417/0x7e0
[  447.872742]  ? __pfx_lock_release+0x10/0x10
[  447.873026]  ? lock_is_held_type+0xf0/0x150
[  447.873311]  schedule+0x141/0x230
[  447.873540]  schedule_preempt_disabled+0x1c/0x30
[  447.873850]  __mutex_lock+0xbaf/0x1a30
[  447.874098]  ? acct_process+0x1f6/0x680
[  447.874364]  ? __pfx___mutex_lock+0x10/0x10
[  447.874648]  ? __this_cpu_preempt_check+0x21/0x30
[  447.874963]  ? lock_release+0x417/0x7e0
[  447.875217]  ? __pfx_lock_release+0x10/0x10
[  447.875491]  mutex_lock_nested+0x1f/0x30
[  447.875764]  ? mutex_lock_nested+0x1f/0x30
[  447.876028]  acct_process+0x1f6/0x680
[  447.876278]  do_exit+0x17db/0x2790
[  447.876508]  ? lock_release+0x417/0x7e0
[  447.876775]  ? __pfx_lock_release+0x10/0x10
[  447.877064]  ? __pfx_do_exit+0x10/0x10
[  447.877312]  ? __this_cpu_preempt_check+0x21/0x30
[  447.877628]  ? _raw_spin_unlock_irq+0x2c/0x60
[  447.877914]  ? lockdep_hardirqs_on+0x8a/0x110
[  447.878205]  ? _raw_spin_unlock_irq+0x2c/0x60
[  447.878489]  ? trace_hardirqs_on+0x26/0x120
[  447.878782]  do_group_exit+0xe5/0x2c0
[  447.879030]  __x64_sys_exit_group+0x4d/0x60
[  447.879304]  do_syscall_64+0x3c/0x90
[  447.879543]  entry_SYSCALL_64_after_hwframe+0x6e/0xd8
[  447.879877] RIP: 0033:0x7efdde918a4d
[  447.880110] RSP: 002b:00007ffc42521cf8 EFLAGS: 00000246 ORIG_RAX: 00000000000000e7
[  447.880584] RAX: ffffffffffffffda RBX: 00007efdde9f69e0 RCX: 00007efdde918a4d
[  447.881049] RDX: 00000000000000e7 RSI: ffffffffffffff80 RDI: 0000000000000001
[  447.881496] RBP: 0000000000000001 R08: 0000000000000000 R09: 0000000000000048
[  447.881960] R10: 00007ffc42521b40 R11: 0000000000000246 R12: 00007efdde9f69e0
[  447.882409] R13: 00007efdde9fbf00 R14: 0000000000000001 R15: 00007efdde9fbee8
[  447.882885]  </TASK>
[  447.883034] Future hung task reports are suppressed, see sysctl kernel.hung_task_warnings
[  447.883536] 
[  447.883536] Showing all locks held in the system:
[  447.883945] 1 lock held by kworker/dying/7:
[  447.884218]  #0: ff11000018c31100 (&acct->lock#2){+.+.}-{3:3}, at: acct_process+0x1f6/0x680
[  447.884793] 1 lock held by kworker/dying/8:
[  447.885078]  #0: ff11000018c31100 (&acct->lock#2){+.+.}-{3:3}, at: acct_process+0x1f6/0x680
[  447.885645] 1 lock held by kworker/dying/24:
[  447.885927]  #0: ff11000018c31100 (&acct->lock#2){+.+.}-{3:3}, at: acct_process+0x1f6/0x680
[  447.886468] 2 locks held by kworker/u4:1/28:
[  447.886761]  #0: ff1100000cc6e938 ((wq_completion)events_unbound){+.+.}-{0:0}, at: process_one_work+0x9cd/0x1840
[  447.887416]  #1: ff1100000d707d68 ((work_completion)(&sub_info->work)){+.+.}-{0:0}, at: process_one_work+0xa02/0x1840
[  447.888123] 1 lock held by khungtaskd/30:
[  447.888386]  #0: ffffffff86c59be0 (rcu_read_lock){....}-{1:2}, at: debug_show_all_locks+0x51/0x370
[  447.888990] 1 lock held by kworker/dying/32:
[  447.889263]  #0: ff11000018c31100 (&acct->lock#2){+.+.}-{3:3}, at: acct_process+0x1f6/0x680
[  447.889829] 2 locks held by kworker/u4:3/73:
[  447.890108]  #0: ff1100000cc6e938 ((wq_completion)events_unbound){+.+.}-{0:0}, at: process_one_work+0x9cd/0x1840
[  447.890767]  #1: ff11000011a07d68 ((work_completion)(&sub_info->work)){+.+.}-{0:0}, at: process_one_work+0xa02/0x1840
[  447.891439] 1 lock held by kworker/dying/92:
[  447.891726]  #0: ff11000018c31100 (&acct->lock#2){+.+.}-{3:3}, at: acct_process+0x1f6/0x680
[  447.892278] 1 lock held by systemd-hostnam/269:
[  447.892567]  #0: ff11000018c31100 (&acct->lock#2){+.+.}-{3:3}, at: acct_process+0x1f6/0x680
[  447.893139] 1 lock held by pool-nm-dispatc/279:
[  447.893562]  #0: ff11000018c31100 (&acct->lock#2){+.+.}-{3:3}, at: acct_process+0x1f6/0x680
[  447.894151] 1 lock held by virtqemud/306:
[  447.894414]  #0: ff11000018c31100 (&acct->lock#2){+.+.}-{3:3}, at: acct_process+0x1f6/0x680
[  447.894962] 1 lock held by repro/717:
[  447.895195]  #0: ff11000018c31100 (&acct->lock#2){+.+.}-{3:3}, at: acct_process+0x1f6/0x680
[  447.895743] 5 locks held by modprobe/718:
[  447.895998]  #0: ff11000018c31100 (&acct->lock#2){+.+.}-{3:3}, at: acct_process+0x1f6/0x680
[  447.896520]  #1: ff110000132743f8 (sb_writers#5){.+.+}-{0:0}, at: acct_process+0x436/0x680
[  447.897093]  #2: ff11000018c30c88 (&of->mutex){+.+.}-{3:3}, at: kernfs_fop_write_iter+0x29a/0x630
[  447.897680]  #3: ff1100000d5a3008 (kn->active#89){.+.+}-{0:0}, at: kernfs_fop_write_iter+0x2be/0x630
[  447.898283]  #4: ffffffff86b37648 (system_transition_mutex){+.+.}-{3:3}, at: software_resume+0x6d/0x320
[  447.898906] 1 lock held by modprobe/721:
[  447.899167]  #0: ff11000018c31100 (&acct->lock#2){+.+.}-{3:3}, at: acct_process+0x1f6/0x680
[  447.899733] 1 lock held by systemd-tmpfile/728:
[  447.900033]  #0: ff11000018c31100 (&acct->lock#2){+.+.}-{3:3}, at: acct_process+0x1f6/0x680
[  447.900578] 
[  447.900697] =============================================
[  447.900697] 
