c[?7l[2J[0mSeaBIOS (version rel-1.16.3-0-ga6ed6b701f0a-prebuilt.qemu.org)


iPXE (http://ipxe.org) 00:03.0 CA00 PCI2.10 PnP PMM+7EFD0D60+7EF30D60 CA00
Press Ctrl-B to configure iPXE (PCI 00:03.0)...                                                                               


Booting from ROM..c[?7l[2J[    0.000000] Linux version 6.5.0-rc1-bde7f150276b+ (root@gnr-800442) (gcc (GCC) 11.4.1 20231218 (Red Hat 11.4.1-3), GNU ld version 2.35.2-48.el9) #1 SMP PREEMPT_DYNAMIC Sun Jul 28 18:28:46 CST 2024
[    0.000000] Command line: console=ttyS0 root=/dev/sda earlyprintk=serial net.ifnames=0 plymouth.enable=0
[    0.000000] KERNEL supported cpus:
[    0.000000]   Intel GenuineIntel
[    0.000000]   AMD AuthenticAMD
[    0.000000]   Hygon HygonGenuine
[    0.000000]   Centaur CentaurHauls
[    0.000000]   zhaoxin   Shanghai  
[    0.000000] x86/split lock detection: #DB: warning on user-space bus_locks
[    0.000000] BIOS-provided physical RAM map:
[    0.000000] BIOS-e820: [mem 0x0000000000000000-0x000000000009fbff] usable
[    0.000000] BIOS-e820: [mem 0x000000000009fc00-0x000000000009ffff] reserved
[    0.000000] BIOS-e820: [mem 0x00000000000f0000-0x00000000000fffff] reserved
[    0.000000] BIOS-e820: [mem 0x0000000000100000-0x000000007ffdffff] usable
[    0.000000] BIOS-e820: [mem 0x000000007ffe0000-0x000000007fffffff] reserved
[    0.000000] BIOS-e820: [mem 0x00000000feffc000-0x00000000feffffff] reserved
[    0.000000] BIOS-e820: [mem 0x00000000fffc0000-0x00000000ffffffff] reserved
[    0.000000] printk: bootconsole [earlyser0] enabled
[    0.000000] NX (Execute Disable) protection: active
[    0.000000] SMBIOS 3.0.0 present.
[    0.000000] DMI: QEMU Standard PC (i440FX + PIIX, 1996), BIOS rel-1.16.3-0-ga6ed6b701f0a-prebuilt.qemu.org 04/01/2014
[    0.000000] Hypervisor detected: KVM
[    0.000000] kvm-clock: Using msrs 4b564d01 and 4b564d00
[    0.000003] kvm-clock: using sched offset of 667828527 cycles
[    0.000455] clocksource: kvm-clock: mask: 0xffffffffffffffff max_cycles: 0x1cd42e4dffb, max_idle_ns: 881590591483 ns
[    0.001870] tsc: Detected 2500.000 MHz processor
[    0.008141] last_pfn = 0x7ffe0 max_arch_pfn = 0x10000000000
[    0.008656] MTRR map: 4 entries (3 fixed + 1 variable; max 19), built from 8 variable MTRRs
[    0.009392] x86/PAT: Configuration [0-7]: WB  WC  UC- UC  WB  WP  UC- WT  
[    0.014345] found SMP MP-table at [mem 0x000f5480-0x000f548f]
[    0.014899] Using GB pages for direct mapping
[    0.016189] ACPI: Early table checksum verification disabled
[    0.016700] ACPI: RSDP 0x00000000000F52A0 000014 (v00 BOCHS )
[    0.017237] ACPI: RSDT 0x000000007FFE1C9B 000034 (v01 BOCHS  BXPC     00000001 BXPC 00000001)
[    0.018021] ACPI: FACP 0x000000007FFE1B47 000074 (v01 BOCHS  BXPC     00000001 BXPC 00000001)
[    0.018801] ACPI: DSDT 0x000000007FFE0040 001B07 (v01 BOCHS  BXPC     00000001 BXPC 00000001)
[    0.019577] ACPI: FACS 0x000000007FFE0000 000040
[    0.020013] ACPI: APIC 0x000000007FFE1BBB 000080 (v03 BOCHS  BXPC     00000001 BXPC 00000001)
[    0.020790] ACPI: HPET 0x000000007FFE1C3B 000038 (v01 BOCHS  BXPC     00000001 BXPC 00000001)
[    0.021587] ACPI: WAET 0x000000007FFE1C73 000028 (v01 BOCHS  BXPC     00000001 BXPC 00000001)
[    0.022364] ACPI: Reserving FACP table memory at [mem 0x7ffe1b47-0x7ffe1bba]
[    0.023019] ACPI: Reserving DSDT table memory at [mem 0x7ffe0040-0x7ffe1b46]
[    0.023665] ACPI: Reserving FACS table memory at [mem 0x7ffe0000-0x7ffe003f]
[    0.024332] ACPI: Reserving APIC table memory at [mem 0x7ffe1bbb-0x7ffe1c3a]
[    0.024983] ACPI: Reserving HPET table memory at [mem 0x7ffe1c3b-0x7ffe1c72]
[    0.025646] ACPI: Reserving WAET table memory at [mem 0x7ffe1c73-0x7ffe1c9a]
[    0.026861] No NUMA configuration found
[    0.027232] Faking a node at [mem 0x0000000000000000-0x000000007ffdffff]
[    0.027881] NODE_DATA(0) allocated [mem 0x7ffb5000-0x7ffdffff]
[    0.030955] Zone ranges:
[    0.031255]   DMA      [mem 0x0000000000001000-0x0000000000ffffff]
[    0.031837]   DMA32    [mem 0x0000000001000000-0x000000007ffdffff]
[    0.032427]   Normal   empty
[    0.032700]   Device   empty
[    0.032981] Movable zone start for each node
[    0.033391] Early memory node ranges
[    0.033718]   node   0: [mem 0x0000000000001000-0x000000000009efff]
[    0.034315]   node   0: [mem 0x0000000000100000-0x000000007ffdffff]
[    0.034907] Initmem setup node 0 [mem 0x0000000000001000-0x000000007ffdffff]
[    0.036017] On node 0, zone DMA: 1 pages in unavailable ranges
[    0.036223] On node 0, zone DMA: 97 pages in unavailable ranges
[    0.068792] On node 0, zone DMA32: 32 pages in unavailable ranges
[    0.153575] kasan: KernelAddressSanitizer initialized
[    0.154913] ACPI: PM-Timer IO Port: 0x608
[    0.155342] ACPI: LAPIC_NMI (acpi_id[0xff] dfl dfl lint[0x1])
[    0.155955] IOAPIC[0]: apic_id 0, version 17, address 0xfec00000, GSI 0-23
[    0.156623] ACPI: INT_SRC_OVR (bus 0 bus_irq 0 global_irq 2 dfl dfl)
[    0.157216] ACPI: INT_SRC_OVR (bus 0 bus_irq 5 global_irq 5 high level)
[    0.157831] ACPI: INT_SRC_OVR (bus 0 bus_irq 9 global_irq 9 high level)
[    0.158450] ACPI: INT_SRC_OVR (bus 0 bus_irq 10 global_irq 10 high level)
[    0.159098] ACPI: INT_SRC_OVR (bus 0 bus_irq 11 global_irq 11 high level)
[    0.159742] ACPI: Using ACPI (MADT) for SMP configuration information
[    0.160349] ACPI: HPET id: 0x8086a201 base: 0xfed00000
[    0.160841] TSC deadline timer available
[    0.161218] smpboot: Allowing 2 CPUs, 0 hotplug CPUs
[    0.161729] kvm-guest: KVM setup pv remote TLB flush
[    0.162202] kvm-guest: setup PV sched yield
[    0.162633] PM: hibernation: Registered nosave memory: [mem 0x00000000-0x00000fff]
[    0.163352] PM: hibernation: Registered nosave memory: [mem 0x0009f000-0x0009ffff]
[    0.164054] PM: hibernation: Registered nosave memory: [mem 0x000a0000-0x000effff]
[    0.164748] PM: hibernation: Registered nosave memory: [mem 0x000f0000-0x000fffff]
[    0.165463] [mem 0x80000000-0xfeffbfff] available for PCI devices
[    0.166030] Booting paravirtualized kernel on KVM
[    0.166475] clocksource: refined-jiffies: mask: 0xffffffff max_cycles: 0xffffffff, max_idle_ns: 7645519600211568 ns
[    0.167471] setup_percpu: NR_CPUS:8192 nr_cpumask_bits:2 nr_cpu_ids:2 nr_node_ids:1
[    0.168962] percpu: Embedded 82 pages/cpu s299008 r8192 d28672 u1048576
[    0.169800] kvm-guest: PV spinlocks enabled
[    0.170222] PV qspinlock hash table entries: 256 (order: 0, 4096 bytes, linear)
[    0.170920] Kernel command line: net.ifnames=0 console=ttyS0 root=/dev/sda earlyprintk=serial net.ifnames=0 plymouth.enable=0
[    0.172350] random: crng init done
[    0.173306] Dentry cache hash table entries: 262144 (order: 9, 2097152 bytes, linear)
[    0.174330] Inode-cache hash table entries: 131072 (order: 8, 1048576 bytes, linear)
[    0.175326] Fallback order for Node 0: 0 
[    0.175341] Built 1 zonelists, mobility grouping on.  Total pages: 515808
[    0.176340] Policy zone: DMA32
[    0.176625] mem auto-init: stack:off, heap alloc:off, heap free:off
[    0.177210] stackdepot: allocating hash table via alloc_large_system_hash
[    0.180219] stackdepot hash table entries: 1048576 (order: 11, 8388608 bytes, linear)
[    0.227844] Memory: 1560744K/2096632K available (73728K kernel code, 14015K rwdata, 16340K rodata, 14584K init, 81712K bss, 535688K reserved, 0K cma-reserved)
[    0.230393] SLUB: HWalign=64, Order=0-3, MinObjects=0, CPUs=2, Nodes=1
[    0.230987] kmemleak: Kernel memory leak detector disabled
[    0.231620] ftrace: allocating 69219 entries in 271 pages
[    0.259076] ftrace: allocated 271 pages with 5 groups
[    0.263102] Dynamic Preempt: voluntary
[    0.263773] Running RCU self tests
[    0.264091] Running RCU synchronous self tests
[    0.264502] rcu: Preemptible hierarchical RCU implementation.
[    0.265022] rcu: 	RCU lockdep checking is enabled.
[    0.265451] rcu: 	RCU restricting CPUs from NR_CPUS=8192 to nr_cpu_ids=2.
[    0.266060] 	Trampoline variant of Tasks RCU enabled.
[    0.266514] 	Rude variant of Tasks RCU enabled.
[    0.266922] 	Tracing variant of Tasks RCU enabled.
[    0.267361] rcu: RCU calculated value of scheduler-enlistment delay is 25 jiffies.
[    0.268049] rcu: Adjusting geometry for rcu_fanout_leaf=16, nr_cpu_ids=2
[    0.268669] Running RCU synchronous self tests
[    0.300502] NR_IRQS: 524544, nr_irqs: 440, preallocated irqs: 16
[    0.301523] rcu: srcu_init: Setting srcu_struct sizes based on contention.
[    0.309848] Console: colour VGA+ 80x25
[    0.310239] printk: console [ttyS0] enabled
[    0.310239] printk: console [ttyS0] enabled
[    0.311017] printk: bootconsole [earlyser0] disabled
[    0.311017] printk: bootconsole [earlyser0] disabled
[    0.311965] Lock dependency validator: Copyright (c) 2006 Red Hat, Inc., Ingo Molnar
[    0.312695] ... MAX_LOCKDEP_SUBCLASSES:  8
[    0.313093] ... MAX_LOCK_DEPTH:          48
[    0.313490] ... MAX_LOCKDEP_KEYS:        8192
[    0.313906] ... CLASSHASH_SIZE:          4096
[    0.314331] ... MAX_LOCKDEP_ENTRIES:     524288
[    0.314765] ... MAX_LOCKDEP_CHAINS:      524288
[    0.315211] ... CHAINHASH_SIZE:          262144
[    0.315646]  memory used by lock dependency info: 54209 kB
[    0.316172]  memory used for stack traces: 4224 kB
[    0.316627]  per task-struct memory footprint: 1920 bytes
[    0.317237] ACPI: Core revision 20230331
[    0.318082] clocksource: hpet: mask: 0xffffffff max_cycles: 0xffffffff, max_idle_ns: 19112604467 ns
[    0.319140] APIC: Switch to symmetric I/O mode setup
[    0.320027] x2apic enabled
[    0.320482] Switched APIC routing to physical x2apic.
[    0.320977] kvm-guest: setup PV IPIs
[    0.322473] ..TIMER: vector=0x30 apic1=0 pin1=2 apic2=-1 pin2=-1
[    0.323066] clocksource: tsc-early: mask: 0xffffffffffffffff max_cycles: 0x240939f1bb2, max_idle_ns: 440795263295 ns
[    0.324258] Calibrating delay loop (skipped) preset value.. 5000.00 BogoMIPS (lpj=10000000)
[    0.325236] x86/cpu: User Mode Instruction Prevention (UMIP) activated
[    0.325954] Last level iTLB entries: 4KB 0, 2MB 0, 4MB 0
[    0.326446] Last level dTLB entries: 4KB 0, 2MB 0, 4MB 0, 1GB 0
[    0.327029] Spectre V1 : Mitigation: usercopy/swapgs barriers and __user pointer sanitization
[    0.328247] Spectre V2 : WARNING: Unprivileged eBPF is enabled with eIBRS on, data leaks possible via Spectre v2 BHB attacks!
[    0.329324] Spectre V2 : Mitigation: Enhanced / Automatic IBRS
[    0.329859] Spectre V2 : Spectre v2 / SpectreRSB mitigation: Filling RSB on context switch
[    0.330610] Spectre V2 : Spectre v2 / PBRSB-eIBRS: Retire a single CALL on VMEXIT
[    0.331300] Spectre V2 : mitigation: Enabling conditional Indirect Branch Prediction Barrier
[    0.332245] Speculative Store Bypass: Mitigation: Speculative Store Bypass disabled via prctl
[    0.333036] MMIO Stale Data: Unknown: No mitigations
[    0.333561] x86/fpu: Supporting XSAVE feature 0x001: 'x87 floating point registers'
[    0.334233] x86/fpu: Supporting XSAVE feature 0x002: 'SSE registers'
[    0.334807] x86/fpu: Supporting XSAVE feature 0x004: 'AVX registers'
[    0.335383] x86/fpu: Supporting XSAVE feature 0x020: 'AVX-512 opmask'
[    0.336236] x86/fpu: Supporting XSAVE feature 0x040: 'AVX-512 Hi256'
[    0.336819] x86/fpu: Supporting XSAVE feature 0x080: 'AVX-512 ZMM_Hi256'
[    0.337405] x86/fpu: Supporting XSAVE feature 0x200: 'Protection Keys User registers'
[    0.338111] x86/fpu: Supporting XSAVE feature 0x20000: 'AMX Tile config'
[    0.338724] x86/fpu: Supporting XSAVE feature 0x40000: 'AMX Tile data'
[    0.339305] x86/fpu: xstate_offset[2]:  576, xstate_sizes[2]:  256
[    0.340236] x86/fpu: xstate_offset[5]:  832, xstate_sizes[5]:   64
[    0.340788] x86/fpu: xstate_offset[6]:  896, xstate_sizes[6]:  512
[    0.341381] x86/fpu: xstate_offset[7]: 1408, xstate_sizes[7]: 1024
[    0.341943] x86/fpu: xstate_offset[9]: 2432, xstate_sizes[9]:    8
[    0.342497] x86/fpu: xstate_offset[17]: 2496, xstate_sizes[17]:   64
[    0.343071] x86/fpu: xstate_offset[18]: 2560, xstate_sizes[18]: 8192
[    0.343649] x86/fpu: Enabled xstate features 0x602e7, context size is 10752 bytes, using 'compacted' format.
[    0.478054] Freeing SMP alternatives memory: 56K
[    0.478524] pid_max: default: 32768 minimum: 301
[    0.479191] LSM: initializing lsm=capability,yama,integrity
[    0.479707] Yama: becoming mindful.
[    0.480298] Mount-cache hash table entries: 4096 (order: 3, 32768 bytes, linear)
[    0.480970] Mountpoint-cache hash table entries: 4096 (order: 3, 32768 bytes, linear)
[    0.482980] Running RCU synchronous self tests
[    0.483400] Running RCU synchronous self tests
[    0.484561] smpboot: CPU0: Intel GENUINE INTEL(R) XEON(R) (family: 0x6, model: 0xad, stepping: 0x0)
[    0.486043] RCU Tasks: Setting shift to 1 and lim to 1 rcu_task_cb_adjust=1.
[    0.486750] RCU Tasks Rude: Setting shift to 1 and lim to 1 rcu_task_cb_adjust=1.
[    0.487493] RCU Tasks Trace: Setting shift to 1 and lim to 1 rcu_task_cb_adjust=1.
[    0.488232] Running RCU-tasks wait API self tests
[    0.592493] Performance Events: PEBS fmt0-, Sapphire Rapids events, full-width counters, Intel PMU driver.
[    0.593551] ... version:                2
[    0.593933] ... bit width:              48
[    0.594307] ... generic registers:      8
[    0.594678] ... value mask:             0000ffffffffffff
[    0.595152] ... max period:             00007fffffffffff
[    0.595630] ... fixed-purpose events:   3
[    0.596002] ... event mask:             00000007000000ff
[    0.596622] signal: max sigframe size: 11952
[    0.597187] rcu: Hierarchical SRCU implementation.
[    0.597637] rcu: 	Max phase no-delay instances is 1000.
[    0.600704] smp: Bringing up secondary CPUs ...
[    0.601749] smpboot: x86: Booting SMP configuration:
[    0.602227] .... node  #0, CPUs:      #1
[    0.602552] smp: Brought up 1 node, 2 CPUs
[    0.604653] smpboot: Max logical packages: 1
[    0.605054] smpboot: Total of 2 processors activated (10000.00 BogoMIPS)
[    0.608268] devtmpfs: initialized
[    0.609190] x86/mm: Memory block size: 128MB
[    0.612288] Callback from call_rcu_tasks_trace() invoked.
[    0.620771] Running RCU synchronous self tests
[    0.621236] Running RCU synchronous self tests
[    0.621710] clocksource: jiffies: mask: 0xffffffff max_cycles: 0xffffffff, max_idle_ns: 7645041785100000 ns
[    0.622614] futex hash table entries: 512 (order: 4, 65536 bytes, linear)
[    0.623661] pinctrl core: initialized pinctrl subsystem
[    0.624833] 
[    0.624991] *************************************************************
[    0.625632] **     NOTICE NOTICE NOTICE NOTICE NOTICE NOTICE NOTICE    **
[    0.626259] **                                                         **
[    0.626876] **  IOMMU DebugFS SUPPORT HAS BEEN ENABLED IN THIS KERNEL  **
[    0.627501] **                                                         **
[    0.628126] ** This means that this kernel is built to expose internal **
[    0.628245] ** IOMMU data structures, which may compromise security on **
[    0.628864] ** your system.                                            **
[    0.629473] **                                                         **
[    0.630086] ** If you see this message and you are not debugging the   **
[    0.630710] ** kernel, report this immediately to your vendor!         **
[    0.631309] **                                                         **
[    0.631933] **     NOTICE NOTICE NOTICE NOTICE NOTICE NOTICE NOTICE    **
[    0.632237] *************************************************************
[    0.632907] PM: RTC time: 10:30:14, date: 2024-07-28
[    0.636328] NET: Registered PF_NETLINK/PF_ROUTE protocol family
[    0.638090] DMA: preallocated 256 KiB GFP_KERNEL pool for atomic allocations
[    0.638779] DMA: preallocated 256 KiB GFP_KERNEL|GFP_DMA pool for atomic allocations
[    0.639507] DMA: preallocated 256 KiB GFP_KERNEL|GFP_DMA32 pool for atomic allocations
[    0.640358] audit: initializing netlink subsys (disabled)
[    0.640964] audit: type=2000 audit(1722162615.154:1): state=initialized audit_enabled=0 res=1
[    0.641928] thermal_sys: Registered thermal governor 'fair_share'
[    0.641938] thermal_sys: Registered thermal governor 'bang_bang'
[    0.642522] thermal_sys: Registered thermal governor 'step_wise'
[    0.643055] thermal_sys: Registered thermal governor 'user_space'
[    0.644320] cpuidle: using governor ladder
[    0.645246] cpuidle: using governor menu
[    0.646072] acpiphp: ACPI Hot Plug PCI Controller Driver version: 0.5
[    0.647275] PCI: Using configuration type 1 for base access
[    0.648760] kprobes: kprobe jump-optimization is enabled. All kprobes are optimized if possible.
[    0.775588] HugeTLB: registered 1.00 GiB page size, pre-allocated 0 pages
[    0.776243] HugeTLB: 16380 KiB vmemmap can be freed for a 1.00 GiB page
[    0.776851] HugeTLB: registered 2.00 MiB page size, pre-allocated 0 pages
[    0.777468] HugeTLB: 28 KiB vmemmap can be freed for a 2.00 MiB page
[    0.782288] ACPI: Added _OSI(Module Device)
[    0.782735] ACPI: Added _OSI(Processor Device)
[    0.783147] ACPI: Added _OSI(3.0 _SCP Extensions)
[    0.783587] ACPI: Added _OSI(Processor Aggregator Device)
[    0.796760] ACPI: 1 ACPI AML tables successfully acquired and loaded
[    0.803593] ACPI: Interpreter enabled
[    0.804119] ACPI: PM: (supports S0 S3 S4 S5)
[    0.804245] ACPI: Using IOAPIC for interrupt routing
[    0.804815] PCI: Using host bridge windows from ACPI; if necessary, use "pci=nocrs" and report a bug
[    0.805663] PCI: Using E820 reservations for host bridge windows
[    0.807353] ACPI: Enabled 2 GPEs in block 00 to 0F
[    0.839171] ACPI: PCI Root Bridge [PCI0] (domain 0000 [bus 00-ff])
[    0.839753] acpi PNP0A03:00: _OSC: OS supports [ASPM ClockPM Segments MSI EDR HPX-Type3]
[    0.840245] acpi PNP0A03:00: _OSC: not requesting OS control; OS requires [ExtendedConfig ASPM ClockPM MSI]
[    0.841275] acpi PNP0A03:00: fail to add MMCONFIG information, can't access extended configuration space under this bridge
[    0.846740] acpiphp: Slot [3] registered
[    0.847218] acpiphp: Slot [4] registered
[    0.847704] acpiphp: Slot [5] registered
[    0.848183] acpiphp: Slot [6] registered
[    0.848369] acpiphp: Slot [7] registered
[    0.848838] acpiphp: Slot [8] registered
[    0.849303] acpiphp: Slot [9] registered
[    0.849769] acpiphp: Slot [10] registered
[    0.850458] acpiphp: Slot [11] registered
[    0.850925] acpiphp: Slot [12] registered
[    0.851410] acpiphp: Slot [13] registered
[    0.851880] acpiphp: Slot [14] registered
[    0.852363] acpiphp: Slot [15] registered
[    0.852847] acpiphp: Slot [16] registered
[    0.853328] acpiphp: Slot [17] registered
[    0.853816] acpiphp: Slot [18] registered
[    0.854296] acpiphp: Slot [19] registered
[    0.854780] acpiphp: Slot [20] registered
[    0.855265] acpiphp: Slot [21] registered
[    0.855751] acpiphp: Slot [22] registered
[    0.856232] acpiphp: Slot [23] registered
[    0.856722] acpiphp: Slot [24] registered
[    0.857204] acpiphp: Slot [25] registered
[    0.857696] acpiphp: Slot [26] registered
[    0.858171] acpiphp: Slot [27] registered
[    0.858662] acpiphp: Slot [28] registered
[    0.859140] acpiphp: Slot [29] registered
[    0.859628] acpiphp: Slot [30] registered
[    0.860110] acpiphp: Slot [31] registered
[    0.860299] PCI host bridge to bus 0000:00
[    0.860682] pci_bus 0000:00: root bus resource [io  0x0000-0x0cf7 window]
[    0.861318] pci_bus 0000:00: root bus resource [io  0x0d00-0xffff window]
[    0.861928] pci_bus 0000:00: root bus resource [mem 0x000a0000-0x000bffff window]
[    0.862628] pci_bus 0000:00: root bus resource [mem 0x80000000-0xfebfffff window]
[    0.863315] pci_bus 0000:00: root bus resource [mem 0x100000000-0x17fffffff window]
[    0.864013] pci_bus 0000:00: root bus resource [bus 00-ff]
[    0.864424] pci 0000:00:00.0: [8086:1237] type 00 class 0x060000
[    0.866247] pci 0000:00:01.0: [8086:7000] type 00 class 0x060100
[    0.867898] pci 0000:00:01.1: [8086:7010] type 00 class 0x010180
[    0.869936] pci 0000:00:01.1: reg 0x20: [io  0xc040-0xc04f]
[    0.871111] pci 0000:00:01.1: legacy IDE quirk: reg 0x10: [io  0x01f0-0x01f7]
[    0.871777] pci 0000:00:01.1: legacy IDE quirk: reg 0x14: [io  0x03f6]
[    0.872245] pci 0000:00:01.1: legacy IDE quirk: reg 0x18: [io  0x0170-0x0177]
[    0.872895] pci 0000:00:01.1: legacy IDE quirk: reg 0x1c: [io  0x0376]
[    0.874437] pci 0000:00:01.3: [8086:7113] type 00 class 0x068000
[    0.875300] pci 0000:00:01.3: quirk: [io  0x0600-0x063f] claimed by PIIX4 ACPI
[    0.875961] pci 0000:00:01.3: quirk: [io  0x0700-0x070f] claimed by PIIX4 SMB
[    0.877102] pci 0000:00:02.0: [1234:1111] type 00 class 0x030000
[    0.878895] pci 0000:00:02.0: reg 0x10: [mem 0xfd000000-0xfdffffff pref]
[    0.881227] pci 0000:00:02.0: reg 0x18: [mem 0xfebf0000-0xfebf0fff]
[    0.884647] pci 0000:00:02.0: reg 0x30: [mem 0xfebe0000-0xfebeffff pref]
[    0.885364] pci 0000:00:02.0: Video device with shadowed ROM at [mem 0x000c0000-0x000dffff]
[    0.887022] pci 0000:00:03.0: [8086:100e] type 00 class 0x020000
[    0.888245] pci 0000:00:03.0: reg 0x10: [mem 0xfebc0000-0xfebdffff]
[    0.890244] pci 0000:00:03.0: reg 0x14: [io  0xc000-0xc03f]
[    0.893267] pci 0000:00:03.0: reg 0x30: [mem 0xfeb80000-0xfebbffff pref]
[    0.914351] ACPI: PCI: Interrupt link LNKA configured for IRQ 10
[    0.915734] ACPI: PCI: Interrupt link LNKB configured for IRQ 10
[    0.917011] ACPI: PCI: Interrupt link LNKC configured for IRQ 11
[    0.918342] ACPI: PCI: Interrupt link LNKD configured for IRQ 11
[    0.919238] ACPI: PCI: Interrupt link LNKS configured for IRQ 9
[    0.923144] iommu: Default domain type: Translated
[    0.923651] iommu: DMA domain TLB invalidation policy: lazy mode
[    0.925988] SCSI subsystem initialized
[    0.926774] ACPI: bus type USB registered
[    0.927269] usbcore: registered new interface driver usbfs
[    0.927854] usbcore: registered new interface driver hub
[    0.928299] usbcore: registered new device driver usb
[    0.928978] pps_core: LinuxPPS API ver. 1 registered
[    0.929450] pps_core: Software ver. 5.3.6 - Copyright 2005-2007 Rodolfo Giometti <giometti@linux.it>
[    0.930308] PTP clock support registered
[    0.930999] EDAC MC: Ver: 3.0.0
[    0.933698] NetLabel: Initializing
[    0.934041] NetLabel:  domain hash size = 128
[    0.934456] NetLabel:  protocols = UNLABELED CIPSOv4 CALIPSO
[    0.935075] NetLabel:  unlabeled traffic allowed by default
[    0.936043] PCI: Using ACPI for IRQ routing
[    0.936532] pci 0000:00:02.0: vgaarb: setting as boot VGA device
[    0.937094] pci 0000:00:02.0: vgaarb: bridge control possible
[    0.937635] pci 0000:00:02.0: vgaarb: VGA device added: decodes=io+mem,owns=io+mem,locks=none
[    0.938407] vgaarb: loaded
[    0.939263] hpet0: at MMIO 0xfed00000, IRQs 2, 8, 0
[    0.939735] hpet0: 3 comparators, 64-bit 100.000000 MHz counter
[    2.839984] clocksource: Switched to clocksource kvm-clock
[    2.850365] Callback from call_rcu_tasks_rude() invoked.
[    2.950504] Callback from call_rcu_tasks() invoked.
[    3.059149] VFS: Disk quotas dquot_6.6.0
[    3.059605] VFS: Dquot-cache hash table entries: 512 (order 0, 4096 bytes)
[    3.060754] pnp: PnP ACPI init
[    3.064801] pnp: PnP ACPI: found 6 devices
[    3.118555] clocksource: acpi_pm: mask: 0xffffff max_cycles: 0xffffff, max_idle_ns: 2085701024 ns
[    3.119862] NET: Registered PF_INET protocol family
[    3.120864] IP idents hash table entries: 32768 (order: 6, 262144 bytes, linear)
[    3.123055] tcp_listen_portaddr_hash hash table entries: 1024 (order: 4, 73728 bytes, linear)
[    3.123914] Table-perturb hash table entries: 65536 (order: 6, 262144 bytes, linear)
[    3.124758] TCP established hash table entries: 16384 (order: 5, 131072 bytes, linear)
[    3.125851] TCP bind hash table entries: 16384 (order: 9, 2359296 bytes, linear)
[    3.128144] TCP: Hash tables configured (established 16384 bind 16384)
[    3.128936] UDP hash table entries: 1024 (order: 5, 163840 bytes, linear)
[    3.129654] UDP-Lite hash table entries: 1024 (order: 5, 163840 bytes, linear)
[    3.130729] NET: Registered PF_UNIX/PF_LOCAL protocol family
[    3.133219] RPC: Registered named UNIX socket transport module.
[    3.133842] RPC: Registered udp transport module.
[    3.134324] RPC: Registered tcp transport module.
[    3.134772] RPC: Registered tcp-with-tls transport module.
[    3.135297] RPC: Registered tcp NFSv4.1 backchannel transport module.
[    3.135918] pci_bus 0000:00: resource 4 [io  0x0000-0x0cf7 window]
[    3.136513] pci_bus 0000:00: resource 5 [io  0x0d00-0xffff window]
[    3.137101] pci_bus 0000:00: resource 6 [mem 0x000a0000-0x000bffff window]
[    3.137726] pci_bus 0000:00: resource 7 [mem 0x80000000-0xfebfffff window]
[    3.138368] pci_bus 0000:00: resource 8 [mem 0x100000000-0x17fffffff window]
[    3.139372] pci 0000:00:01.0: PIIX3: Enabling Passive Release
[    3.139909] pci 0000:00:00.0: Limiting direct PCI/PCI transfers
[    3.140547] PCI: CLS 0 bytes, default 64
[    3.140970] ACPI: bus type thunderbolt registered
[    3.141770] clocksource: tsc: mask: 0xffffffffffffffff max_cycles: 0x240939f1bb2, max_idle_ns: 440795263295 ns
[    3.150794] Initialise system trusted keyrings
[    3.151334] Key type blacklist registered
[    3.152299] workingset: timestamp_bits=36 max_order=19 bucket_order=0
[    3.153104] zbud: loaded
[    3.155316] squashfs: version 4.0 (2009/01/31) Phillip Lougher
[    3.158054] NFS: Registering the id_resolver key type
[    3.158661] Key type id_resolver registered
[    3.159057] Key type id_legacy registered
[    3.159490] nfs4filelayout_init: NFSv4 File Layout Driver Registering...
[    3.160164] nfs4flexfilelayout_init: NFSv4 Flexfile Layout Driver Registering...
[    3.161470] fuse: init (API version 7.38)
[    3.162872] SGI XFS with ACLs, security attributes, realtime, quota, no debug enabled
[    3.165785] 9p: Installing v9fs 9p2000 file system support
[    3.176671] Key type asymmetric registered
[    3.177053] Asymmetric key parser 'x509' registered
[    3.177609] Block layer SCSI generic (bsg) driver version 0.4 loaded (major 243)
[    3.178870] io scheduler mq-deadline registered
[    3.179489] io scheduler bfq registered
[    3.181380] shpchp: Standard Hot Plug PCI Controller Driver version: 0.4
[    3.182796] IPMI message handler: version 39.2
[    3.183321] ipmi device interface
[    3.186337] input: Power Button as /devices/LNXSYSTM:00/LNXPWRBN:00/input/input0
[    3.187945] ACPI: button: Power Button [PWRF]
[    3.190178] ERST DBG: ERST support is disabled.
[    3.192381] Serial: 8250/16550 driver, 32 ports, IRQ sharing enabled
[    3.194449] 00:04: ttyS0 at I/O 0x3f8 (irq = 4, base_baud = 115200) is a 16550A
[    3.234491] Linux agpgart interface v0.103
[    3.237714] ACPI: bus type drm_connector registered
[    3.264132] brd: module loaded
[    3.280024] loop: module loaded
[    3.294184] scsi host0: ata_piix
[    3.296142] scsi host1: ata_piix
[    3.296824] ata1: PATA max MWDMA2 cmd 0x1f0 ctl 0x3f6 bmdma 0xc040 irq 14
[    3.297419] ata2: PATA max MWDMA2 cmd 0x170 ctl 0x376 bmdma 0xc048 irq 15
[    3.300501] tun: Universal TUN/TAP device driver, 1.6
[    3.301620] e100: Intel(R) PRO/100 Network Driver
[    3.302158] e100: Copyright(c) 1999-2006 Intel Corporation
[    3.302725] e1000: Intel(R) PRO/1000 Network Driver
[    3.303180] e1000: Copyright (c) 1999-2006 Intel Corporation.
[    3.458398] ata1: found unknown device (class 0)
[    3.459450] ata1.00: ATA-7: QEMU HARDDISK, 2.5+, max UDMA/100
[    3.460001] ata1.00: 17196647 sectors, multi 16: LBA48 
[    3.461442] scsi 0:0:0:0: Direct-Access     ATA      QEMU HARDDISK    2.5+ PQ: 0 ANSI: 5
[    3.463672] ata2: found unknown device (class 0)
[    3.465177] ata2.00: ATAPI: QEMU DVD-ROM, 2.5+, max UDMA/100
[    3.465938] sd 0:0:0:0: [sda] 17196647 512-byte logical blocks: (8.80 GB/8.20 GiB)
[    3.467486] sd 0:0:0:0: [sda] Write Protect is off
[    3.468055] scsi 1:0:0:0: CD-ROM            QEMU     QEMU DVD-ROM     2.5+ PQ: 0 ANSI: 5
[    3.469165] sd 0:0:0:0: [sda] Write cache: enabled, read cache: enabled, doesn't support DPO or FUA
[    3.470447] sd 0:0:0:0: [sda] Preferred minimum I/O size 512 bytes
[    3.478517] sd 0:0:0:0: [sda] Attached SCSI disk
[    3.940795] ACPI: \_SB_.LNKC: Enabled at IRQ 11
[    4.265982] e1000 0000:00:03.0 eth0: (PCI:33MHz:32-bit) 52:54:00:12:34:56
[    4.266665] e1000 0000:00:03.0 eth0: Intel(R) PRO/1000 Network Connection
[    4.267405] e1000e: Intel(R) PRO/1000 Network Driver
[    4.267855] e1000e: Copyright(c) 1999 - 2015 Intel Corporation.
[    4.268463] igb: Intel(R) Gigabit Ethernet Network Driver
[    4.268952] igb: Copyright (c) 2007-2014 Intel Corporation.
[    4.269619] PPP generic driver version 2.4.2
[    4.271727] VFIO - User Level meta-driver version: 0.3
[    4.274133] usbcore: registered new interface driver uas
[    4.274715] usbcore: registered new interface driver usb-storage
[    4.275515] i8042: PNP: PS/2 Controller [PNP0303:KBD,PNP0f13:MOU] at 0x60,0x64 irq 1,12
[    4.277677] serio: i8042 KBD port at 0x60,0x64 irq 1
[    4.278279] serio: i8042 AUX port at 0x60,0x64 irq 12
[    4.280702] mousedev: PS/2 mouse device common for all mice
[    4.283055] input: AT Translated Set 2 keyboard as /devices/platform/i8042/serio0/input/input1
[    4.285370] rtc_cmos 00:05: RTC can wake from S4
[    4.287524] input: VirtualPS/2 VMware VMMouse as /devices/platform/i8042/serio1/input/input4
[    4.290286] input: VirtualPS/2 VMware VMMouse as /devices/platform/i8042/serio1/input/input3
[    4.291393] rtc_cmos 00:05: registered as rtc0
[    4.291882] rtc_cmos 00:05: setting system clock to 2024-07-28T10:30:17 UTC (1722162617)
[    4.292858] rtc_cmos 00:05: alarms up to one day, y3k, 242 bytes nvram, hpet irqs
[    4.293611] i2c_dev: i2c /dev entries driver
[    4.294112] device-mapper: core: CONFIG_IMA_DISABLE_HTABLE is disabled. Duplicate IMA measurements will not be recorded in the IMA log.
[    4.295247] device-mapper: uevent: version 1.0.3
[    4.296289] device-mapper: ioctl: 4.48.0-ioctl (2023-03-01) initialised: dm-devel@redhat.com
[    4.297164] intel_pstate: CPU model not supported
[    4.297828] sdhci: Secure Digital Host Controller Interface driver
[    4.298452] sdhci: Copyright(c) Pierre Ossman
[    4.298967] sdhci-pltfm: SDHCI platform and OF driver helper
[    4.299911] ledtrig-cpu: registered to indicate activity on CPUs
[    4.300905] drop_monitor: Initializing network drop monitor service
[    4.301891] NET: Registered PF_INET6 protocol family
[    4.312402] Segment Routing with IPv6
[    4.312815] In-situ OAM (IOAM) with IPv6
[    4.313233] NET: Registered PF_PACKET protocol family
[    4.314573] 9pnet: Installing 9P2000 support
[    4.315162] Key type dns_resolver registered
[    4.317669] IPI shorthand broadcast: enabled
[    4.346914] sched_clock: Marking stable (4332007060, 14082268)->(4359850477, -13761149)
[    4.349365] registered taskstats version 1
[    4.350472] Loading compiled-in X.509 certificates
[    4.386393] Key type .fscrypt registered
[    4.386789] Key type fscrypt-provisioning registered
[    4.391480] Key type encrypted registered
[    4.391993] ima: No TPM chip found, activating TPM-bypass!
[    4.392556] ima: Allocated hash algorithm: sha1
[    4.393070] ima: No architecture policies found
[    4.393623] evm: Initialising EVM extended attributes:
[    4.394151] evm: security.selinux
[    4.394462] evm: security.SMACK64
[    4.394777] evm: security.SMACK64EXEC
[    4.395126] evm: security.SMACK64TRANSMUTE
[    4.395496] evm: security.SMACK64MMAP
[    4.395835] evm: security.apparmor
[    4.396161] evm: security.ima
[    4.396426] evm: security.capability
[    4.396751] evm: HMAC attrs: 0x1
[    4.399701] PM:   Magic number: 0:648:528
[    4.401594] RAS: Correctable Errors collector initialized.
[    4.404446] clk: Disabling unused clocks
[    4.405507] md: Waiting for all devices to be available before autodetect
[    4.406052] md: If you don't use raid, use raid=noautodetect
[    4.406448] md: Autodetecting RAID arrays.
[    4.406713] md: autorun ...
[    4.406895] md: ... autorun DONE.
[    4.424708] EXT4-fs (sda): mounted filesystem 088740a9-c8b4-422c-999d-a804eb68a4da ro with ordered data mode. Quota mode: none.
[    4.425548] VFS: Mounted root (ext4 filesystem) readonly on device 8:0.
[    4.430190] devtmpfs: mounted
[    4.444677] Freeing unused decrypted memory: 2036K
[    4.450253] Freeing unused kernel image (initmem) memory: 14584K
[    4.454348] Write protecting the kernel read-only data: 90112k
[    4.456219] Freeing unused kernel image (rodata/data gap) memory: 44K
[    5.617541] x86/mm: Checked W+X mappings: passed, no W+X pages found.
[    5.618236] Run /sbin/init as init process
[    5.937971] systemd[1]: systemd 252-15.el9 running in system mode (+PAM +AUDIT +SELINUX -APPARMOR +IMA +SMACK +SECCOMP +GCRYPT +GNUTLS +OPENSSL +ACL +BLKID +CURL +ELFUTILS -FIDO2 +IDN2 -IDN -IPTC +KMOD +LIBCRYPTSETUP +LIBFDISK +PCRE2 -PWQUALITY +P11KIT -QRENCODE +TPM2 +BZIP2 +LZ4 +XZ +ZLIB +ZSTD -BPF_FRAMEWORK +XKBCOMMON +UTMP +SYSVINIT default-hierarchy=unified)
[    5.940156] systemd[1]: Detected virtualization kvm.
[    5.940486] systemd[1]: Detected architecture x86-64.

Welcome to [0;31mCentOS Stream 9[0m!

[    5.951041] systemd[1]: Hostname set to <test>.
[    6.292851] systemd-rc-local-generator[118]: /etc/rc.d/rc.local is not marked executable, skipping.
[    6.756699] systemd[1]: Queued start job for default target Multi-User System.
[    6.777669] systemd[1]: Created slice Virtual Machine and Container Slice.
[[0;32m  OK  [0m] Created slice [0;1;39mVirtual Machine and Container Slice[0m.
[    6.783477] systemd[1]: Created slice Slice /system/getty.
[[0;32m  OK  [0m] Created slice [0;1;39mSlice /system/getty[0m.
[    6.786860] systemd[1]: Created slice Slice /system/modprobe.
[[0;32m  OK  [0m] Created slice [0;1;39mSlice /system/modprobe[0m.
[    6.790330] systemd[1]: Created slice Slice /system/serial-getty.
[[0;32m  OK  [0m] Created slice [0;1;39mSlice /system/serial-getty[0m.
[    6.793892] systemd[1]: Created slice Slice /system/sshd-keygen.
[[0;32m  OK  [0m] Created slice [0;1;39mSlice /system/sshd-keygen[0m.
[    6.797050] systemd[1]: Created slice User and Session Slice.
[[0;32m  OK  [0m] Created slice [0;1;39mUser and Session Slice[0m.
[    6.798932] systemd[1]: Started Forward Password Requests to Wall Directory Watch.
[[0;32m  OK  [0m] Started [0;1;39mForward Password R…uests to Wall Directory Watch[0m.
[    6.802230] systemd[1]: Set up automount Arbitrary Executable File Formats File System Automount Point.
[[0;32m  OK  [0m] Set up automount [0;1;39mArbitrary…s File System Automount Point[0m.
[    6.804153] systemd[1]: Reached target Local Integrity Protected Volumes.
[[0;32m  OK  [0m] Reached target [0;1;39mLocal Integrity Protected Volumes[0m.
[    6.805757] systemd[1]: Reached target Slice Units.
[[0;32m  OK  [0m] Reached target [0;1;39mSlice Units[0m.
[    6.807265] systemd[1]: Reached target Swaps.
[[0;32m  OK  [0m] Reached target [0;1;39mSwaps[0m.
[    6.808588] systemd[1]: Reached target Local Verity Protected Volumes.
[[0;32m  OK  [0m] Reached target [0;1;39mLocal Verity Protected Volumes[0m.
[    6.810715] systemd[1]: Listening on Device-mapper event daemon FIFOs.
[[0;32m  OK  [0m] Listening on [0;1;39mDevice-mapper event daemon FIFOs[0m.
[    6.813145] systemd[1]: Listening on LVM2 poll daemon socket.
[[0;32m  OK  [0m] Listening on [0;1;39mLVM2 poll daemon socket[0m.
[    6.814668] systemd[1]: multipathd control socket was skipped because of an unmet condition check (ConditionPathExists=/etc/multipath.conf).
[    6.865712] systemd[1]: Listening on RPCbind Server Activation Socket.
[[0;32m  OK  [0m] Listening on [0;1;39mRPCbind Server Activation Socket[0m.
[    6.867280] systemd[1]: Reached target RPC Port Mapper.
[[0;32m  OK  [0m] Reached target [0;1;39mRPC Port Mapper[0m.
[    6.871784] systemd[1]: Listening on Process Core Dump Socket.
[[0;32m  OK  [0m] Listening on [0;1;39mProcess Core Dump Socket[0m.
[    6.873688] systemd[1]: Listening on initctl Compatibility Named Pipe.
[[0;32m  OK  [0m] Listening on [0;1;39minitctl Compatibility Named Pipe[0m.
[    6.876212] systemd[1]: Listening on Journal Socket (/dev/log).
[[0;32m  OK  [0m] Listening on [0;1;39mJournal Socket (/dev/log)[0m.
[    6.878549] systemd[1]: Listening on Journal Socket.
[[0;32m  OK  [0m] Listening on [0;1;39mJournal Socket[0m.
[    6.880765] systemd[1]: Listening on udev Control Socket.
[[0;32m  OK  [0m] Listening on [0;1;39mudev Control Socket[0m.
[    6.882743] systemd[1]: Listening on udev Kernel Socket.
[[0;32m  OK  [0m] Listening on [0;1;39mudev Kernel Socket[0m.
[    6.914713] systemd[1]: Mounting Huge Pages File System...
         Mounting [0;1;39mHuge Pages File System[0m...
[    6.923244] systemd[1]: Mounting POSIX Message Queue File System...
         Mounting [0;1;39mPOSIX Message Queue File System[0m...
[    6.931133] systemd[1]: Mounting Kernel Debug File System...
         Mounting [0;1;39mKernel Debug File System[0m...
[    6.944858] systemd[1]: Mounting Kernel Trace File System...
         Mounting [0;1;39mKernel Trace File System[0m...
[    6.946666] systemd[1]: Kernel Module supporting RPCSEC_GSS was skipped because of an unmet condition check (ConditionPathExists=/etc/krb5.keytab).
[    6.947670] systemd[1]: Create List of Static Device Nodes was skipped because of an unmet condition check (ConditionFileNotEmpty=/lib/modules/6.5.0-rc1-bde7f150276b+/modules.devname).
[    6.955100] systemd[1]: Starting Monitoring of LVM2 mirrors, snapshots etc. using dmeventd or progress polling...
         Starting [0;1;39mMonitoring of LVM…meventd or progress polling[0m...
[    6.966317] systemd[1]: Starting Load Kernel Module configfs...
         Starting [0;1;39mLoad Kernel Module configfs[0m...
[    6.974689] systemd[1]: Starting Load Kernel Module drm...
         Starting [0;1;39mLoad Kernel Module drm[0m...
[    6.991143] systemd[1]: Starting Load Kernel Module fuse...
         Starting [0;1;39mLoad Kernel Module fuse[0m...
[    7.006980] systemd[1]: Starting Read and set NIS domainname from /etc/sysconfig/network...
         Starting [0;1;39mRead and set NIS …from /etc/sysconfig/network[0m...
[    7.030576] systemd[1]: Starting Journal Service...
         Starting [0;1;39mJournal Service[0m...
[    7.052895] systemd[1]: Starting Load Kernel Modules...
         Starting [0;1;39mLoad Kernel Modules[0m...
[    7.074302] systemd[1]: Starting Generate network units from Kernel command line...
         Starting [0;1;39mGenerate network …ts from Kernel command line[0m...
[    7.106561] systemd[1]: Starting Remount Root and Kernel File Systems...
         Starting [0;1;39mRemount Root and Kernel File Systems[0m...
[    7.114506] systemd[1]: Repartition Root Disk was skipped because no trigger condition checks were met.
[    7.147012] systemd[1]: Starting Coldplug All udev Devices...
         Starting [0;1;39mColdplug All udev Devices[0m...
[    7.161600] systemd[1]: Mounted Huge Pages File System.
[[0;32m  OK  [0m] Mounted [0;1;39mHuge Pages File System[0m.
[    7.176088] systemd[1]: Mounted POSIX Message Queue File System.
[[0;32m  OK  [0m] Mounted [0;1;39mPOSIX Message Queue File System[0m.
[    7.182921] systemd[1]: Mounted Kernel Debug File System.
[[0;32m  OK  [0m] Mounted [0;1;39mKernel Debug File System[0m.
[    7.184755] systemd[1]: Mounted Kernel Trace File System.
[[0;32m  OK  [0m] Mounted [0;1;39mKernel Trace File System[0m.
[    7.191863] systemd[1]: Finished Monitoring of LVM2 mirrors, snapshots etc. using dmeventd or progress polling.
[[0;32m  OK  [0m] Finished [0;1;39mMonitoring of LVM… dmeventd or progress polling[0m.
[    7.195897] EXT4-fs (sda): re-mounted 088740a9-c8b4-422c-999d-a804eb68a4da r/w. Quota mode: none.
[    7.196162] systemd[1]: modprobe@configfs.service: Deactivated successfully.
[    7.202747] systemd[1]: Finished Load Kernel Module configfs.
[[0;32m  OK  [0m] Finished [0;1;39mLoad Kernel Module configfs[0m.
[    7.209179] systemd[1]: modprobe@drm.service: Deactivated successfully.
[    7.210762] systemd[1]: Finished Load Kernel Module drm.
[[0;32m  OK  [0m] Finished [0;1;39mLoad Kernel Module drm[0m.
[    7.213451] systemd[1]: modprobe@fuse.service: Deactivated successfully.
[    7.215634] systemd[1]: Finished Load Kernel Module fuse.
[[0;32m  OK  [0m] Finished [0;1;39mLoad Kernel Module fuse[0m.
[    7.218158] systemd[1]: Finished Read and set NIS domainname from /etc/sysconfig/network.
[[0;32m  OK  [0m] Finished [0;1;39mRead and set NIS …e from /etc/sysconfig/network[0m.
[    7.220194] systemd[1]: systemd-modules-load.service: Main process exited, code=exited, status=1/FAILURE
[    7.221612] systemd[1]: systemd-modules-load.service: Failed with result 'exit-code'.
[    7.223535] systemd[1]: Failed to start Load Kernel Modules.
[[0;1;31mFAILED[0m] Failed to start [0;1;39mLoad Kernel Modules[0m.
See 'systemctl status systemd-modules-load.service' for details.
[    7.227486] systemd[1]: Finished Generate network units from Kernel command line.
[[0;32m  OK  [0m] Finished [0;1;39mGenerate network units from Kernel command line[0m.
[    7.230368] systemd[1]: Finished Remount Root and Kernel File Systems.
[[0;32m  OK  [0m] Finished [0;1;39mRemount Root and Kernel File Systems[0m.
[    7.232692] systemd[1]: Reached target Preparation for Network.
[[0;32m  OK  [0m] Reached target [0;1;39mPreparation for Network[0m.
[    7.254663] systemd[1]: Mounting FUSE Control File System...
         Mounting [0;1;39mFUSE Control File System[0m...
[    7.272271] systemd[1]: Mounting Kernel Configuration File System...
         Mounting [0;1;39mKernel Configuration File System[0m...
[    7.274699] systemd[1]: Special handling of early boot iSCSI sessions was skipped because of an unmet condition check (ConditionDirectoryNotEmpty=/sys/class/iscsi_session).
[    7.275769] systemd[1]: First Boot Wizard was skipped because of an unmet condition check (ConditionFirstBoot=yes).
[    7.291276] systemd[1]: Rebuild Hardware Database was skipped because of an unmet condition check (ConditionNeedsUpdate=/etc).
[    7.329039] systemd[1]: Starting Load/Save Random Seed...
         Starting [0;1;39mLoad/Save Random Seed[0m...
[    7.344747] systemd[1]: Starting Apply Kernel Variables...
         Starting [0;1;39mApply Kernel Variables[0m...
[    7.346001] systemd[1]: Create System Users was skipped because no trigger condition checks were met.
[    7.378655] systemd[1]: Starting Create Static Device Nodes in /dev...
         Starting [0;1;39mCreate Static Device Nodes in /dev[0m...
[    7.394601] systemd[1]: Starting Setup Virtual Console...
         Starting [0;1;39mSetup Virtual Console[0m...
[    7.412622] systemd[1]: Started Journal Service.
[[0;32m  OK  [0m] Started [0;1;39mJournal Service[0m.
[[0;32m  OK  [0m] Mounted [0;1;39mFUSE Control File System[0m.
[[0;32m  OK  [0m] Mounted [0;1;39mKernel Configuration File System[0m.
         Starting [0;1;39mFlush Journal to Persistent Storage[0m...
[[0;32m  OK  [0m] Finished [0;1;39mLoad/Save Random Seed[0m.
[[0;32m  OK  [0m] Finished [0;1;39mApply Kernel Variables[0m.
[    7.531193] systemd-journald[138]: Received client request to flush runtime journal.
[[0;32m  OK  [0m] Finished [0;1;39mCreate Static Device Nodes in /dev[0m.
         Starting [0;1;39mRule-based Manage…for Device Events and Files[0m...
[[0;32m  OK  [0m] Finished [0;1;39mFlush Journal to Persistent Storage[0m.
[[0;32m  OK  [0m] Started [0;1;39mRule-based Manager for Device Events and Files[0m.
         Starting [0;1;39mAuto-connect to s…E devices found during boot[0m...
[[0;32m  OK  [0m] Finished [0;1;39mAuto-connect to s…VME devices found during boot[0m.
[[0;32m  OK  [0m] Finished [0;1;39mSetup Virtual Console[0m.
[[0;32m  OK  [0m] Finished [0;1;39mColdplug All udev Devices[0m.
[[0;32m  OK  [0m] Started [0;1;39mDispatch Password …ts to Console Directory Watch[0m.
[[0;32m  OK  [0m] Reached target [0;1;39mLocal Encrypted Volumes[0m.
[[0;32m  OK  [0m] Reached target [0;1;39mPath Units[0m.
         Starting [0;1;39mWait for udev To …plete Device Initialization[0m...
[[0;32m  OK  [0m] Found device [0;1;39m/dev/ttyS0[0m.
[[0;32m  OK  [0m] Listening on [0;1;39mLoad/Save RF …itch Status /dev/rfkill Watch[0m.
[[0;32m  OK  [0m] Finished [0;1;39mWait for udev To Complete Device Initialization[0m.
[[0;32m  OK  [0m] Reached target [0;1;39mPreparation for Local File Systems[0m.
[[0;32m  OK  [0m] Reached target [0;1;39mLocal File Systems[0m.
         Starting [0;1;39mTell Plymouth To Write Out Runtime Data[0m...
         Starting [0;1;39mAutomatic Boot Loader Update[0m...
         Starting [0;1;39mCreate Volatile Files and Directories[0m...
[[0;32m  OK  [0m] Finished [0;1;39mTell Plymouth To Write Out Runtime Data[0m.
[[0;32m  OK  [0m] Finished [0;1;39mAutomatic Boot Loader Update[0m.
[[0;32m  OK  [0m] Finished [0;1;39mCreate Volatile Files and Directories[0m.
         Mounting [0;1;39mRPC Pipe File System[0m...
         Starting [0;1;39mSecurity Auditing Service[0m...
         Starting [0;1;39mRPC Bind[0m...
[[0;32m  OK  [0m] Mounted [0;1;39mRPC Pipe File System[0m.
[[0;32m  OK  [0m] Reached target [0;1;39mrpc_pipefs.target[0m.
[[0;32m  OK  [0m] Started [0;1;39mRPC Bind[0m.
[[0;32m  OK  [0m] Started [0;1;39mSecurity Auditing Service[0m.
         Starting [0;1;39mRecord System Boot/Shutdown in UTMP[0m...
[[0;32m  OK  [0m] Finished [0;1;39mRecord System Boot/Shutdown in UTMP[0m.
[[0;32m  OK  [0m] Reached target [0;1;39mSystem Initialization[0m.
[[0;32m  OK  [0m] Started [0;1;39mDaily rotation of log files[0m.
[[0;32m  OK  [0m] Started [0;1;39mUpdates mlocate database every day[0m.
[[0;32m  OK  [0m] Started [0;1;39mDaily Cleanup of Temporary Directories[0m.
[[0;32m  OK  [0m] Started [0;1;39mdaily update of the root trust anchor for DNSSEC[0m.
[[0;32m  OK  [0m] Reached target [0;1;39mTimer Units[0m.
[[0;32m  OK  [0m] Listening on [0;1;39mD-Bus System Message Bus Socket[0m.
[[0;32m  OK  [0m] Listening on [0;1;39mOpen-iSCSI iscsid Socket[0m.
[[0;32m  OK  [0m] Listening on [0;1;39mOpen-iSCSI iscsiuio Socket[0m.
[[0;32m  OK  [0m] Listening on [0;1;39mSSSD Kerberos…ache Manager responder socket[0m.
[[0;32m  OK  [0m] Listening on [0;1;39mLibvirt interface local socket[0m.
[[0;32m  OK  [0m] Listening on [0;1;39mVirtual machine lock manager socket[0m.
[[0;32m  OK  [0m] Listening on [0;1;39mVirtual machine log manager socket[0m.
[[0;32m  OK  [0m] Listening on [0;1;39mLibvirt network local socket[0m.
[[0;32m  OK  [0m] Listening on [0;1;39mLibvirt nodedev local socket[0m.
[[0;32m  OK  [0m] Listening on [0;1;39mLibvirt nwfilter local socket[0m.
[[0;32m  OK  [0m] Listening on [0;1;39mLibvirt proxy local socket[0m.
[[0;32m  OK  [0m] Listening on [0;1;39mLibvirt qemu local socket[0m.
[[0;32m  OK  [0m] Listening on [0;1;39mLibvirt qemu admin socket[0m.
[[0;32m  OK  [0m] Listening on [0;1;39mLibvirt qemu local read-only socket[0m.
[[0;32m  OK  [0m] Listening on [0;1;39mLibvirt secret local socket[0m.
[[0;32m  OK  [0m] Listening on [0;1;39mLibvirt storage local socket[0m.
[[0;32m  OK  [0m] Reached target [0;1;39mSocket Units[0m.
         Starting [0;1;39mD-Bus System Message Bus[0m...
[[0;32m  OK  [0m] Started [0;1;39mD-Bus System Message Bus[0m.
[[0;32m  OK  [0m] Reached target [0;1;39mBasic System[0m.
[   10.542019] memfd_create() without MFD_EXEC nor MFD_NOEXEC_SEAL, pid=253 'dbus-broker-lau'
         Starting [0;1;39mNetwork Manager[0m...
         Starting [0;1;39mNTP client/server[0m...
         Starting [0;1;39mRestore /run/initramfs on shutdown[0m...
[[0;32m  OK  [0m] Started [0;1;39mirqbalance daemon[0m.
[[0;32m  OK  [0m] Started [0;1;39mlibstoragemgmt plug-in server daemon[0m.
[[0;32m  OK  [0m] Started [0;1;39mMachine Check Exception Logging Daemon[0m.
[[0;32m  OK  [0m] Reached target [0;1;39msshd-keygen.target[0m.
[[0;32m  OK  [0m] Reached target [0;1;39mUser and Group Name Lookups[0m.
         Starting [0;1;39mUser Login Management[0m...
         Starting [0;1;39mVirtual Machine a…tainer Registration Service[0m...
         Starting [0;1;39mupdate of the roo…NSSEC validation in unbound[0m...
         Starting [0;1;39mRotate log files[0m...
[[0;32m  OK  [0m] Started [0;1;39mUpdate a database for mlocate[0m.
[[0;32m  OK  [0m] Finished [0;1;39mRestore /run/initramfs on shutdown[0m.
[[0;32m  OK  [0m] Started [0;1;39mVirtual Machine an…ontainer Registration Service[0m.
[[0;32m  OK  [0m] Started [0;1;39mNTP client/server[0m.
         Starting [0;1;39mHostname Service[0m...
[[0;32m  OK  [0m] Finished [0;1;39mupdate of the roo… DNSSEC validation in unbound[0m.
[[0;32m  OK  [0m] Started [0;1;39mUser Login Management[0m.
[[0;32m  OK  [0m] Started [0;1;39mHostname Service[0m.
[[0;32m  OK  [0m] Finished [0;1;39mRotate log files[0m.
         Starting [0;1;39mNetwork Manager Script Dispatcher Service[0m...
[[0;32m  OK  [0m] Started [0;1;39mNetwork Manager Script Dispatcher Service[0m.
[   11.502383] e1000: eth0 NIC Link is Up 1000 Mbps Full Duplex, Flow Control: RX
[[0;32m  OK  [0m] Started [0;1;39mNetwork Manager[0m.
[[0;32m  OK  [0m] Reached target [0;1;39mNetwork[0m.
[[0;32m  OK  [0m] Reached target [0;1;39mNetwork is Online[0m.
         Starting [0;1;39mGSSAPI Proxy Daemon[0m...
         Starting [0;1;39mNotify NFS peers of a restart[0m...
         Starting [0;1;39mSystem Logging Service[0m...
         Starting [0;1;39mOpenSSH server daemon[0m...
         Starting [0;1;39mDynamic System Tuning Daemon[0m...
[[0;32m  OK  [0m] Started [0;1;39mNotify NFS peers of a restart[0m.
[[0;32m  OK  [0m] Started [0;1;39mGSSAPI Proxy Daemon[0m.
[[0;32m  OK  [0m] Reached target [0;1;39mNFS client services[0m.
[[0;32m  OK  [0m] Reached target [0;1;39mPreparation for Remote File Systems[0m.
[[0;32m  OK  [0m] Reached target [0;1;39mRemote File Systems[0m.
         Starting [0;1;39mPermit User Sessions[0m...
         Starting [0;1;39mVirtualization qemu daemon[0m...
[[0;32m  OK  [0m] Started [0;1;39mOpenSSH server daemon[0m.
[[0;32m  OK  [0m] Finished [0;1;39mPermit User Sessions[0m.
[[0;32m  OK  [0m] Started [0;1;39mDeferred execution scheduler[0m.
[[0;32m  OK  [0m] Started [0;1;39mCommand Scheduler[0m.
         Starting [0;1;39mHold until boot process finishes up[0m...
         Starting [0;1;39mTerminate Plymouth Boot Screen[0m...
[[0;32m  OK  [0m] Started [0;1;39mSystem Logging Service[0m.
[[0;32m  OK  [0m] Finished [0;1;39mHold until boot process finishes up[0m.
[[0;32m  OK  [0m] Finished [0;1;39mTerminate Plymouth Boot Screen[0m.
[[0;32m  OK  [0m] Started [0;1;39mGetty on tty1[0m.
[[0;32m  OK  [0m] Started [0;1;39mSerial Getty on ttyS0[0m.
[[0;32m  OK  [0m] Reached target [0;1;39mLogin Prompts[0m.
[[0;32m  OK  [0m] Started [0;1;39mVirtualization qemu daemon[0m.
         Starting [0;1;39mAuthorization Manager[0m...
[[0;32m  OK  [0m] Started [0;1;39mAuthorization Manager[0m.
[[0;32m  OK  [0m] Started [0;1;39mDynamic System Tuning Daemon[0m.
[[0;32m  OK  [0m] Reached target [0;1;39mMulti-User System[0m.
         Starting [0;1;39mRecord Runlevel Change in UTMP[0m...
[[0;32m  OK  [0m] Finished [0;1;39mRecord Runlevel Change in UTMP[0m.

CentOS Stream 9
Kernel 6.5.0-rc1-bde7f150276b+ on an x86_64

Activate the web console with: systemctl enable --now cockpit.socket

test login: [   21.962620] Process accounting resumed
[   21.981361] Process accounting resumed
[  300.314238] INFO: task systemd-hostnam:275 blocked for more than 147 seconds.
[  300.314753]       Not tainted 6.5.0-rc1-bde7f150276b+ #1
[  300.315113] "echo 0 > /proc/sys/kernel/hung_task_timeout_secs" disables this message.
[  300.315557] task:systemd-hostnam state:D stack:0     pid:275   ppid:1      flags:0x00000002
[  300.316048] Call Trace:
[  300.316200]  <TASK>
[  300.316335]  __schedule+0xb44/0x3010
[  300.316591]  ? __pfx___schedule+0x10/0x10
[  300.316837]  ? __this_cpu_preempt_check+0x21/0x30
[  300.317141]  ? lock_release+0x417/0x7e0
[  300.317385]  ? __pfx_lock_release+0x10/0x10
[  300.317639]  ? lock_is_held_type+0xf0/0x150
[  300.317907]  schedule+0x141/0x230
[  300.318490]  schedule_preempt_disabled+0x1c/0x30
[  300.318789]  __mutex_lock+0xbaf/0x1a30
[  300.319041]  ? acct_process+0x1f6/0x680
[  300.319300]  ? __pfx___mutex_lock+0x10/0x10
[  300.319571]  ? __this_cpu_preempt_check+0x21/0x30
[  300.319870]  ? lock_release+0x417/0x7e0
[  300.320124]  ? __pfx_lock_release+0x10/0x10
[  300.320393]  mutex_lock_nested+0x1f/0x30
[  300.320631]  ? mutex_lock_nested+0x1f/0x30
[  300.320886]  acct_process+0x1f6/0x680
[  300.321129]  do_exit+0x17db/0x2790
[  300.321350]  ? lock_release+0x417/0x7e0
[  300.321584]  ? __pfx_lock_release+0x10/0x10
[  300.321845]  ? __pfx_do_exit+0x10/0x10
[  300.322078]  ? __this_cpu_preempt_check+0x21/0x30
[  300.322389]  ? _raw_spin_unlock_irq+0x2c/0x60
[  300.322671]  ? lockdep_hardirqs_on+0x8a/0x110
[  300.322948]  ? _raw_spin_unlock_irq+0x2c/0x60
[  300.323236]  ? trace_hardirqs_on+0x26/0x120
[  300.323508]  do_group_exit+0xe5/0x2c0
[  300.323746]  __x64_sys_exit_group+0x4d/0x60
[  300.324009]  do_syscall_64+0x3c/0x90
[  300.324243]  entry_SYSCALL_64_after_hwframe+0x6e/0xd8
[  300.324564] RIP: 0033:0x7f3b67518a4d
[  300.324794] RSP: 002b:00007ffe2dad91e8 EFLAGS: 00000246 ORIG_RAX: 00000000000000e7
[  300.325271] RAX: ffffffffffffffda RBX: 00007f3b675f69e0 RCX: 00007f3b67518a4d
[  300.325712] RDX: 00000000000000e7 RSI: fffffffffffffe88 RDI: 0000000000000000
[  300.326169] RBP: 0000000000000000 R08: 0000000000000000 R09: 00007f3b67601b20
[  300.326613] R10: 00007ffe2dad8ef0 R11: 0000000000000246 R12: 00007f3b675f69e0
[  300.327049] R13: 00007f3b675fbf00 R14: 0000000000000002 R15: 00007f3b675fbee8
[  300.327502]  </TASK>
[  300.327653] INFO: task pool-nm-dispatc:283 blocked for more than 147 seconds.
[  300.328097]       Not tainted 6.5.0-rc1-bde7f150276b+ #1
[  300.328423] "echo 0 > /proc/sys/kernel/hung_task_timeout_secs" disables this message.
[  300.328889] task:pool-nm-dispatc state:D stack:0     pid:283   ppid:1      flags:0x00004002
[  300.329414] Call Trace:
[  300.329575]  <TASK>
[  300.329722]  __schedule+0xb44/0x3010
[  300.329968]  ? __pfx___schedule+0x10/0x10
[  300.330248]  ? __this_cpu_preempt_check+0x21/0x30
[  300.330546]  ? lock_release+0x417/0x7e0
[  300.330786]  ? __pfx_lock_release+0x10/0x10
[  300.331048]  ? lock_is_held_type+0xf0/0x150
[  300.331325]  schedule+0x141/0x230
[  300.331540]  schedule_preempt_disabled+0x1c/0x30
[  300.331826]  __mutex_lock+0xbaf/0x1a30
[  300.332068]  ? __sanitizer_cov_trace_const_cmp8+0x1c/0x30
[  300.332412]  ? acct_process+0x1f6/0x680
[  300.332668]  ? __pfx___mutex_lock+0x10/0x10
[  300.332925]  ? __this_cpu_preempt_check+0x21/0x30
[  300.333216]  ? lock_release+0x417/0x7e0
[  300.333482]  mutex_lock_nested+0x1f/0x30
[  300.333732]  ? mutex_lock_nested+0x1f/0x30
[  300.333991]  acct_process+0x1f6/0x680
[  300.334249]  do_exit+0x17db/0x2790
[  300.334471]  ? __this_cpu_preempt_check+0x21/0x30
[  300.334763]  ? lock_release+0x417/0x7e0
[  300.335015]  ? __pfx_do_exit+0x10/0x10
[  300.335256]  ? get_signal+0xa6d/0x27a0
[  300.335492]  ? __this_cpu_preempt_check+0x21/0x30
[  300.335797]  do_group_exit+0xe5/0x2c0
[  300.336043]  get_signal+0x2768/0x27a0
[  300.336282]  ? __pfx_lock_release+0x10/0x10
[  300.336551]  ? __pfx_get_signal+0x10/0x10
[  300.336813]  ? do_futex+0x14b/0x3a0
[  300.337060]  arch_do_signal_or_restart+0x89/0x600
[  300.337371]  ? __pfx_arch_do_signal_or_restart+0x10/0x10
[  300.337714]  ? __x64_sys_futex+0x1fe/0x4e0
[  300.337986]  ? syscall_exit_to_user_mode+0x1f/0x50
[  300.338317]  ? __this_cpu_preempt_check+0x21/0x30
[  300.338616]  ? exit_to_user_mode_prepare+0xea/0x1d0
[  300.338928]  ? lockdep_hardirqs_on+0x8a/0x110
[  300.339224]  exit_to_user_mode_prepare+0x11f/0x1d0
[  300.339535]  syscall_exit_to_user_mode+0x1f/0x50
[  300.339835]  do_syscall_64+0x4c/0x90
[  300.340073]  entry_SYSCALL_64_after_hwframe+0x6e/0xd8
[  300.340395] RIP: 0033:0x7fab8ec3ee5d
[  300.340633] RSP: 002b:00007fab8dc951f8 EFLAGS: 00000246 ORIG_RAX: 00000000000000ca
[  300.341103] RAX: fffffffffffffdfc RBX: 0000000000000000 RCX: 00007fab8ec3ee5d
[  300.341540] RDX: 0000000000000000 RSI: 0000000000000080 RDI: 0000560429b2df00
[  300.341981] RBP: 0000560429b2def8 R08: 00000006debf541d R09: 0000000000000016
[  300.342450] R10: 00007fab8dc95210 R11: 0000000000000246 R12: 0000560429b2def0
[  300.342897] R13: 0000000000000001 R14: 0000560429b2def8 R15: 0000000000000000
[  300.343357]  </TASK>
[  300.343506] INFO: task gdbus:343 blocked for more than 147 seconds.
[  300.343884]       Not tainted 6.5.0-rc1-bde7f150276b+ #1
[  300.344215] "echo 0 > /proc/sys/kernel/hung_task_timeout_secs" disables this message.
[  300.344692] task:gdbus           state:D stack:0     pid:343   ppid:1      flags:0x00004002
[  300.345192] Call Trace:
[  300.345349]  <TASK>
[  300.345488]  __schedule+0xb44/0x3010
[  300.345731]  ? __pfx___schedule+0x10/0x10
[  300.345984]  ? __this_cpu_preempt_check+0x21/0x30
[  300.346313]  ? lock_release+0x417/0x7e0
[  300.346559]  ? __pfx_lock_release+0x10/0x10
[  300.346822]  ? lock_is_held_type+0xf0/0x150
[  300.347100]  schedule+0x141/0x230
[  300.347315]  schedule_preempt_disabled+0x1c/0x30
[  300.347612]  __mutex_lock+0xbaf/0x1a30
[  300.347859]  ? __sanitizer_cov_trace_const_cmp8+0x1c/0x30
[  300.348211]  ? acct_process+0x1f6/0x680
[  300.348470]  ? __pfx___mutex_lock+0x10/0x10
[  300.348741]  ? __this_cpu_preempt_check+0x21/0x30
[  300.349063]  ? lock_release+0x417/0x7e0
[  300.349335]  mutex_lock_nested+0x1f/0x30
[  300.349599]  ? mutex_lock_nested+0x1f/0x30
[  300.349875]  acct_process+0x1f6/0x680
[  300.350135]  do_exit+0x17db/0x2790
[  300.350361]  ? __this_cpu_preempt_check+0x21/0x30
[  300.350669]  ? lock_release+0x417/0x7e0
[  300.350914]  ? __pfx_do_exit+0x10/0x10
[  300.351168]  ? get_signal+0xa6d/0x27a0
[  300.351407]  ? __this_cpu_preempt_check+0x21/0x30
[  300.351707]  do_group_exit+0xe5/0x2c0
[  300.351947]  get_signal+0x2768/0x27a0
[  300.352189]  ? __this_cpu_preempt_check+0x21/0x30
[  300.352486]  ? __pfx_get_signal+0x10/0x10
[  300.352733]  ? __pfx_lock_release+0x10/0x10
[  300.352995]  ? ktime_get_coarse_real_ts64+0x4d/0xf0
[  300.353305]  arch_do_signal_or_restart+0x89/0x600
[  300.353599]  ? trace_hardirqs_on+0x26/0x120
[  300.353863]  ? __pfx_arch_do_signal_or_restart+0x10/0x10
[  300.354211]  ? seqcount_lockdep_reader_access.constprop.0+0xc0/0xd0
[  300.354601]  ? __sanitizer_cov_trace_cmp4+0x1a/0x20
[  300.354909]  ? syscall_exit_to_user_mode+0x1f/0x50
[  300.355222]  ? __this_cpu_preempt_check+0x21/0x30
[  300.355522]  ? exit_to_user_mode_prepare+0xea/0x1d0
[  300.355826]  ? lockdep_hardirqs_on+0x8a/0x110
[  300.356113]  exit_to_user_mode_prepare+0x11f/0x1d0
[  300.356423]  syscall_exit_to_user_mode+0x1f/0x50
[  300.356715]  do_syscall_64+0x4c/0x90
[  300.356948]  entry_SYSCALL_64_after_hwframe+0x6e/0xd8
[  300.357273] RIP: 0033:0x7f0fb4b4296f
[  300.357503] RSP: 002b:00007f0f7e7fb9c0 EFLAGS: 00000293 ORIG_RAX: 0000000000000007
[  300.357985] RAX: fffffffffffffdfc RBX: 00007f0fb556f071 RCX: 00007f0fb4b4296f
[  300.358439] RDX: 00000000ffffffff RSI: 0000000000000002 RDI: 00005616f8aafe00
[  300.358882] RBP: 00005616f8aafe00 R08: 0000000000000000 R09: 00007f0f7e7fb850
[  300.359346] R10: 00007fff161f5080 R11: 0000000000000293 R12: 0000000000000002
[  300.359790] R13: 0000000000000002 R14: 00007f0f7e7fba30 R15: 00005616f8aacbe0
[  300.360254]  </TASK>
[  300.360409] INFO: task repro:722 blocked for more than 147 seconds.
[  300.360812]       Not tainted 6.5.0-rc1-bde7f150276b+ #1
[  300.361156] "echo 0 > /proc/sys/kernel/hung_task_timeout_secs" disables this message.
[  300.361649] task:repro           state:D stack:0     pid:722   ppid:720    flags:0x00004006
[  300.362194] Call Trace:
[  300.362357]  <TASK>
[  300.362504]  __schedule+0xb44/0x3010
[  300.362752]  ? __pfx___schedule+0x10/0x10
[  300.363020]  ? __this_cpu_preempt_check+0x21/0x30
[  300.363327]  ? lock_release+0x417/0x7e0
[  300.363588]  ? __pfx_lock_release+0x10/0x10
[  300.363861]  ? lock_is_held_type+0xf0/0x150
[  300.364149]  schedule+0x141/0x230
[  300.364381]  schedule_preempt_disabled+0x1c/0x30
[  300.364686]  __mutex_lock+0xbaf/0x1a30
[  300.364932]  ? trace_hardirqs_on+0x26/0x120
[  300.365213]  ? acct_process+0x1f6/0x680
[  300.365476]  ? __pfx___mutex_lock+0x10/0x10
[  300.365755]  ? __this_cpu_preempt_check+0x21/0x30
[  300.366068]  ? lock_release+0x417/0x7e0
[  300.366353]  mutex_lock_nested+0x1f/0x30
[  300.366606]  ? mutex_lock_nested+0x1f/0x30
[  300.366882]  acct_process+0x1f6/0x680
[  300.367135]  do_exit+0x17db/0x2790
[  300.367367]  ? __this_cpu_preempt_check+0x21/0x30
[  300.367680]  ? lock_release+0x417/0x7e0
[  300.367935]  ? __pfx_do_exit+0x10/0x10
[  300.368193]  ? get_signal+0xa6d/0x27a0
[  300.368439]  ? __this_cpu_preempt_check+0x21/0x30
[  300.368758]  do_group_exit+0xe5/0x2c0
[  300.368998]  get_signal+0x2768/0x27a0
[  300.369249]  ? __this_cpu_preempt_check+0x21/0x30
[  300.369570]  ? __kasan_slab_free+0x11d/0x1b0
[  300.369852]  ? __pfx_get_signal+0x10/0x10
[  300.370129]  ? __this_cpu_preempt_check+0x21/0x30
[  300.370437]  ? kasan_quarantine_put+0xa2/0x200
[  300.370729]  ? lockdep_hardirqs_on+0x8a/0x110
[  300.371033]  ? kasan_quarantine_put+0xa2/0x200
[  300.371328]  ? trace_hardirqs_on+0x26/0x120
[  300.371608]  arch_do_signal_or_restart+0x89/0x600
[  300.371922]  ? __pfx_arch_do_signal_or_restart+0x10/0x10
[  300.372275]  ? slab_free_freelist_hook+0xbd/0x1a0
[  300.372597]  ? syscall_exit_to_user_mode+0x1f/0x50
[  300.372906]  ? __this_cpu_preempt_check+0x21/0x30
[  300.373221]  ? exit_to_user_mode_prepare+0xea/0x1d0
[  300.373537]  ? lockdep_hardirqs_on+0x8a/0x110
[  300.373828]  exit_to_user_mode_prepare+0x11f/0x1d0
[  300.374167]  syscall_exit_to_user_mode+0x1f/0x50
[  300.374476]  do_syscall_64+0x4c/0x90
[  300.374712]  entry_SYSCALL_64_after_hwframe+0x6e/0xd8
[  300.375038] RIP: 0033:0x7f2ad643ee5d
[  300.375268] RSP: 002b:00007ffe0e6ace78 EFLAGS: 00000246 ORIG_RAX: 00000000000000a3
[  300.375740] RAX: 0000000000000000 RBX: 0000000000000000 RCX: 00007f2ad643ee5d
[  300.376212] RDX: 0000000000000000 RSI: 0000000000401974 RDI: 0000000020000140
[  300.376661] RBP: 00007ffe0e6ace90 R08: 00007ffe0e6ace90 R09: 00007ffe0e6ace90
[  300.377112] R10: 00007ffe0e6ace80 R11: 0000000000000246 R12: 00007ffe0e6acfe8
[  300.377558] R13: 00000000004019da R14: 0000000000403e08 R15: 00007f2ad6804000
[  300.378024]  </TASK>
[  300.378177] INFO: task modprobe:724 blocked for more than 147 seconds.
[  300.378578]       Not tainted 6.5.0-rc1-bde7f150276b+ #1
[  300.378906] "echo 0 > /proc/sys/kernel/hung_task_timeout_secs" disables this message.
[  300.379378] task:modprobe        state:D stack:0     pid:724   ppid:582    flags:0x00000002
[  300.379882] Call Trace:
[  300.380048]  <TASK>
[  300.380194]  __schedule+0xb44/0x3010
[  300.380425]  ? __pfx___schedule+0x10/0x10
[  300.380676]  ? __this_cpu_preempt_check+0x21/0x30
[  300.380970]  ? lock_release+0x417/0x7e0
[  300.381220]  ? __pfx_lock_release+0x10/0x10
[  300.381486]  ? lock_is_held_type+0xf0/0x150
[  300.381748]  schedule+0x141/0x230
[  300.381962]  schedule_preempt_disabled+0x1c/0x30
[  300.382261]  __mutex_lock+0xbaf/0x1a30
[  300.382511]  ? acct_process+0x1f6/0x680
[  300.382765]  ? __pfx___mutex_lock+0x10/0x10
[  300.383033]  ? __this_cpu_preempt_check+0x21/0x30
[  300.383328]  ? lock_release+0x417/0x7e0
[  300.383578]  ? __pfx_lock_release+0x10/0x10
[  300.383857]  mutex_lock_nested+0x1f/0x30
[  300.384128]  ? mutex_lock_nested+0x1f/0x30
[  300.384390]  acct_process+0x1f6/0x680
[  300.384640]  do_exit+0x17db/0x2790
[  300.384867]  ? lock_release+0x417/0x7e0
[  300.385123]  ? __pfx_lock_release+0x10/0x10
[  300.385405]  ? __pfx_do_exit+0x10/0x10
[  300.385651]  ? __this_cpu_preempt_check+0x21/0x30
[  300.385954]  ? _raw_spin_unlock_irq+0x2c/0x60
[  300.386254]  ? lockdep_hardirqs_on+0x8a/0x110
[  300.386530]  ? _raw_spin_unlock_irq+0x2c/0x60
[  300.386817]  ? trace_hardirqs_on+0x26/0x120
[  300.387095]  do_group_exit+0xe5/0x2c0
[  300.387345]  __x64_sys_exit_group+0x4d/0x60
[  300.387621]  do_syscall_64+0x3c/0x90
[  300.387860]  entry_SYSCALL_64_after_hwframe+0x6e/0xd8
[  300.388191] RIP: 0033:0x7f6332118a4d
[  300.388421] RSP: 002b:00007ffc7cec4bd8 EFLAGS: 00000246 ORIG_RAX: 00000000000000e7
[  300.388892] RAX: ffffffffffffffda RBX: 00007f63321f69e0 RCX: 00007f6332118a4d
[  300.389349] RDX: 00000000000000e7 RSI: ffffffffffffff80 RDI: 0000000000000001
[  300.389795] RBP: 0000000000000001 R08: 0000000000000000 R09: 0000000000000048
[  300.390257] R10: 00007ffc7cec4a20 R11: 0000000000000246 R12: 00007f63321f69e0
[  300.390696] R13: 00007f63321fbf00 R14: 0000000000000001 R15: 00007f63321fbee8
[  300.391153]  </TASK>
[  300.391304] 
[  300.391304] Showing all locks held in the system:
[  300.391698] 2 locks held by kworker/u4:0/10:
[  300.391979]  #0: ff1100000d87a138 ((wq_completion)events_unbound){+.+.}-{0:0}, at: process_one_work+0x9cd/0x1840
[  300.392632]  #1: ff1100000e05fd98 ((work_completion)(&sub_info->work)){+.+.}-{0:0}, at: process_one_work+0xa02/0x1840
[  300.393304] 1 lock held by rcu_tasks_kthre/12:
[  300.393580]  #0: ffffffff86a55970 (rcu_tasks.tasks_gp_mutex){+.+.}-{3:3}, at: rcu_tasks_one_gp+0x37/0xda0
[  300.394225] 1 lock held by rcu_tasks_rude_/13:
[  300.394517]  #0: ffffffff86a556d0 (rcu_tasks_rude.tasks_gp_mutex){+.+.}-{3:3}, at: rcu_tasks_one_gp+0x37/0xda0
[  300.395169] 1 lock held by rcu_tasks_trace/14:
[  300.395452]  #0: ffffffff86a553d0 (rcu_tasks_trace.tasks_gp_mutex){+.+.}-{3:3}, at: rcu_tasks_one_gp+0x37/0xda0
[  300.396113] 1 lock held by khungtaskd/30:
[  300.396373]  #0: ffffffff86a56540 (rcu_read_lock){....}-{1:2}, at: debug_show_all_locks+0x51/0x370
[  300.396959] 1 lock held by systemd-hostnam/275:
[  300.397252]  #0: ff11000015004900 (&acct->lock#2){+.+.}-{3:3}, at: acct_process+0x1f6/0x680
[  300.397799] 1 lock held by pool-nm-dispatc/283:
[  300.398113]  #0: ff11000015004900 (&acct->lock#2){+.+.}-{3:3}, at: acct_process+0x1f6/0x680
[  300.398654] 1 lock held by gdbus/343:
[  300.398893]  #0: ff11000015004900 (&acct->lock#2){+.+.}-{3:3}, at: acct_process+0x1f6/0x680
[  300.399447] 2 locks held by kworker/u4:4/582:
[  300.399725]  #0: ff1100000d87a138 ((wq_completion)events_unbound){+.+.}-{0:0}, at: process_one_work+0x9cd/0x1840
[  300.400382]  #1: ff11000015e47d98 ((work_completion)(&sub_info->work)){+.+.}-{0:0}, at: process_one_work+0xa02/0x1840
[  300.401070] 1 lock held by repro/722:
[  300.401303]  #0: ff11000015004900 (&acct->lock#2){+.+.}-{3:3}, at: acct_process+0x1f6/0x680
[  300.401847] 5 locks held by modprobe/723:
[  300.402129]  #0: ff11000015004900 (&acct->lock#2){+.+.}-{3:3}, at: acct_process+0x1f6/0x680
[  300.402669]  #1: ff110000142023f8 (sb_writers#4){.+.+}-{0:0}, at: acct_process+0x436/0x680
[  300.403198]  #2: ff110000170b1088 (&of->mutex){+.+.}-{3:3}, at: kernfs_fop_write_iter+0x29a/0x630
[  300.403776]  #3: ff1100000e1a1a00 (kn->active#88){.+.+}-{0:0}, at: kernfs_fop_write_iter+0x2be/0x630
[  300.404363]  #4: ffffffff86934448 (system_transition_mutex){+.+.}-{3:3}, at: software_resume+0x6d/0x320
[  300.404966] 1 lock held by modprobe/724:
[  300.405227]  #0: ff11000015004900 (&acct->lock#2){+.+.}-{3:3}, at: acct_process+0x1f6/0x680
[  300.405764] 
[  300.405867] =============================================
[  300.405867] 
[  447.770326] INFO: task systemd-hostnam:275 blocked for more than 294 seconds.
[  447.770806]       Not tainted 6.5.0-rc1-bde7f150276b+ #1
[  447.771183] "echo 0 > /proc/sys/kernel/hung_task_timeout_secs" disables this message.
[  447.771646] task:systemd-hostnam state:D stack:0     pid:275   ppid:1      flags:0x00000002
[  447.772157] Call Trace:
[  447.772313]  <TASK>
[  447.772456]  __schedule+0xb44/0x3010
[  447.772715]  ? __pfx___schedule+0x10/0x10
[  447.772972]  ? __this_cpu_preempt_check+0x21/0x30
[  447.773280]  ? lock_release+0x417/0x7e0
[  447.773536]  ? __pfx_lock_release+0x10/0x10
[  447.773810]  ? lock_is_held_type+0xf0/0x150
[  447.774140]  schedule+0x141/0x230
[  447.774374]  schedule_preempt_disabled+0x1c/0x30
[  447.774670]  __mutex_lock+0xbaf/0x1a30
[  447.774925]  ? acct_process+0x1f6/0x680
[  447.775192]  ? __pfx___mutex_lock+0x10/0x10
[  447.775461]  ? __this_cpu_preempt_check+0x21/0x30
[  447.775776]  ? lock_release+0x417/0x7e0
[  447.776032]  ? __pfx_lock_release+0x10/0x10
[  447.776321]  mutex_lock_nested+0x1f/0x30
[  447.776576]  ? mutex_lock_nested+0x1f/0x30
[  447.776847]  acct_process+0x1f6/0x680
[  447.777109]  do_exit+0x17db/0x2790
[  447.777343]  ? lock_release+0x417/0x7e0
[  447.777604]  ? __pfx_lock_release+0x10/0x10
[  447.777880]  ? __pfx_do_exit+0x10/0x10
[  447.778139]  ? __this_cpu_preempt_check+0x21/0x30
[  447.778454]  ? _raw_spin_unlock_irq+0x2c/0x60
[  447.778743]  ? lockdep_hardirqs_on+0x8a/0x110
[  447.779031]  ? _raw_spin_unlock_irq+0x2c/0x60
[  447.779312]  ? trace_hardirqs_on+0x26/0x120
[  447.779596]  do_group_exit+0xe5/0x2c0
[  447.779847]  __x64_sys_exit_group+0x4d/0x60
[  447.780118]  do_syscall_64+0x3c/0x90
[  447.780358]  entry_SYSCALL_64_after_hwframe+0x6e/0xd8
[  447.780678] RIP: 0033:0x7f3b67518a4d
[  447.780925] RSP: 002b:00007ffe2dad91e8 EFLAGS: 00000246 ORIG_RAX: 00000000000000e7
[  447.781406] RAX: ffffffffffffffda RBX: 00007f3b675f69e0 RCX: 00007f3b67518a4d
[  447.781852] RDX: 00000000000000e7 RSI: fffffffffffffe88 RDI: 0000000000000000
[  447.782318] RBP: 0000000000000000 R08: 0000000000000000 R09: 00007f3b67601b20
[  447.782759] R10: 00007ffe2dad8ef0 R11: 0000000000000246 R12: 00007f3b675f69e0
[  447.783202] R13: 00007f3b675fbf00 R14: 0000000000000002 R15: 00007f3b675fbee8
[  447.783668]  </TASK>
[  447.783820] INFO: task pool-nm-dispatc:283 blocked for more than 294 seconds.
[  447.784278]       Not tainted 6.5.0-rc1-bde7f150276b+ #1
[  447.784615] "echo 0 > /proc/sys/kernel/hung_task_timeout_secs" disables this message.
[  447.785104] task:pool-nm-dispatc state:D stack:0     pid:283   ppid:1      flags:0x00004002
[  447.785628] Call Trace:
[  447.785795]  <TASK>
[  447.785940]  __schedule+0xb44/0x3010
[  447.786205]  ? __pfx___schedule+0x10/0x10
[  447.786467]  ? __this_cpu_preempt_check+0x21/0x30
[  447.786774]  ? lock_release+0x417/0x7e0
[  447.787032]  ? __pfx_lock_release+0x10/0x10
[  447.787304]  ? lock_is_held_type+0xf0/0x150
[  447.787596]  schedule+0x141/0x230
[  447.787827]  schedule_preempt_disabled+0x1c/0x30
[  447.788139]  __mutex_lock+0xbaf/0x1a30
[  447.788393]  ? __sanitizer_cov_trace_const_cmp8+0x1c/0x30
[  447.788744]  ? acct_process+0x1f6/0x680
[  447.789015]  ? __pfx___mutex_lock+0x10/0x10
[  447.789290]  ? __this_cpu_preempt_check+0x21/0x30
[  447.789596]  ? lock_release+0x417/0x7e0
[  447.789862]  mutex_lock_nested+0x1f/0x30
[  447.790137]  ? mutex_lock_nested+0x1f/0x30
[  447.790401]  acct_process+0x1f6/0x680
[  447.790651]  do_exit+0x17db/0x2790
[  447.790880]  ? __this_cpu_preempt_check+0x21/0x30
[  447.791204]  ? lock_release+0x417/0x7e0
[  447.791459]  ? __pfx_do_exit+0x10/0x10
[  447.791711]  ? get_signal+0xa6d/0x27a0
[  447.791960]  ? __this_cpu_preempt_check+0x21/0x30
[  447.792277]  do_group_exit+0xe5/0x2c0
[  447.792518]  get_signal+0x2768/0x27a0
[  447.792771]  ? __pfx_lock_release+0x10/0x10
[  447.793053]  ? __pfx_get_signal+0x10/0x10
[  447.793314]  ? do_futex+0x14b/0x3a0
[  447.793550]  arch_do_signal_or_restart+0x89/0x600
[  447.793862]  ? __pfx_arch_do_signal_or_restart+0x10/0x10
[  447.794225]  ? __x64_sys_futex+0x1fe/0x4e0
[  447.794494]  ? syscall_exit_to_user_mode+0x1f/0x50
[  447.794810]  ? __this_cpu_preempt_check+0x21/0x30
[  447.795122]  ? exit_to_user_mode_prepare+0xea/0x1d0
[  447.795439]  ? lockdep_hardirqs_on+0x8a/0x110
[  447.795728]  exit_to_user_mode_prepare+0x11f/0x1d0
[  447.796042]  syscall_exit_to_user_mode+0x1f/0x50
[  447.796348]  do_syscall_64+0x4c/0x90
[  447.796588]  entry_SYSCALL_64_after_hwframe+0x6e/0xd8
[  447.796913] RIP: 0033:0x7fab8ec3ee5d
[  447.797151] RSP: 002b:00007fab8dc951f8 EFLAGS: 00000246 ORIG_RAX: 00000000000000ca
[  447.797625] RAX: fffffffffffffdfc RBX: 0000000000000000 RCX: 00007fab8ec3ee5d
[  447.798099] RDX: 0000000000000000 RSI: 0000000000000080 RDI: 0000560429b2df00
[  447.798525] RBP: 0000560429b2def8 R08: 00000006debf541d R09: 0000000000000016
[  447.798967] R10: 00007fab8dc95210 R11: 0000000000000246 R12: 0000560429b2def0
[  447.799420] R13: 0000000000000001 R14: 0000560429b2def8 R15: 0000000000000000
[  447.799881]  </TASK>
[  447.800040] INFO: task gdbus:343 blocked for more than 294 seconds.
[  447.800434]       Not tainted 6.5.0-rc1-bde7f150276b+ #1
[  447.800772] "echo 0 > /proc/sys/kernel/hung_task_timeout_secs" disables this message.
[  447.801249] task:gdbus           state:D stack:0     pid:343   ppid:1      flags:0x00004002
[  447.801763] Call Trace:
[  447.801921]  <TASK>
[  447.802073]  __schedule+0xb44/0x3010
[  447.802335]  ? __pfx___schedule+0x10/0x10
[  447.802596]  ? __this_cpu_preempt_check+0x21/0x30
[  447.802904]  ? lock_release+0x417/0x7e0
[  447.803166]  ? __pfx_lock_release+0x10/0x10
[  447.803444]  ? lock_is_held_type+0xf0/0x150
[  447.803723]  schedule+0x141/0x230
[  447.803943]  schedule_preempt_disabled+0x1c/0x30
[  447.804243]  __mutex_lock+0xbaf/0x1a30
[  447.804494]  ? __sanitizer_cov_trace_const_cmp8+0x1c/0x30
[  447.804846]  ? acct_process+0x1f6/0x680
[  447.805116]  ? __pfx___mutex_lock+0x10/0x10
[  447.805388]  ? __this_cpu_preempt_check+0x21/0x30
[  447.805693]  ? lock_release+0x417/0x7e0
[  447.805962]  mutex_lock_nested+0x1f/0x30
[  447.806239]  ? mutex_lock_nested+0x1f/0x30
[  447.806500]  acct_process+0x1f6/0x680
[  447.806747]  do_exit+0x17db/0x2790
[  447.806974]  ? __this_cpu_preempt_check+0x21/0x30
[  447.807287]  ? lock_release+0x417/0x7e0
[  447.807543]  ? __pfx_do_exit+0x10/0x10
[  447.807796]  ? get_signal+0xa6d/0x27a0
[  447.808059]  ? __this_cpu_preempt_check+0x21/0x30
[  447.808377]  do_group_exit+0xe5/0x2c0
[  447.808617]  get_signal+0x2768/0x27a0
[  447.808866]  ? __this_cpu_preempt_check+0x21/0x30
[  447.809175]  ? __pfx_get_signal+0x10/0x10
[  447.809441]  ? __pfx_lock_release+0x10/0x10
[  447.809722]  ? ktime_get_coarse_real_ts64+0x4d/0xf0
[  447.810049]  arch_do_signal_or_restart+0x89/0x600
[  447.810364]  ? trace_hardirqs_on+0x26/0x120
[  447.810638]  ? __pfx_arch_do_signal_or_restart+0x10/0x10
[  447.810979]  ? seqcount_lockdep_reader_access.constprop.0+0xc0/0xd0
[  447.811387]  ? __sanitizer_cov_trace_cmp4+0x1a/0x20
[  447.811706]  ? syscall_exit_to_user_mode+0x1f/0x50
[  447.812030]  ? __this_cpu_preempt_check+0x21/0x30
[  447.812333]  ? exit_to_user_mode_prepare+0xea/0x1d0
[  447.812654]  ? lockdep_hardirqs_on+0x8a/0x110
[  447.812934]  exit_to_user_mode_prepare+0x11f/0x1d0
[  447.813243]  syscall_exit_to_user_mode+0x1f/0x50
[  447.813542]  do_syscall_64+0x4c/0x90
[  447.813787]  entry_SYSCALL_64_after_hwframe+0x6e/0xd8
[  447.814129] RIP: 0033:0x7f0fb4b4296f
[  447.814361] RSP: 002b:00007f0f7e7fb9c0 EFLAGS: 00000293 ORIG_RAX: 0000000000000007
[  447.814840] RAX: fffffffffffffdfc RBX: 00007f0fb556f071 RCX: 00007f0fb4b4296f
[  447.815296] RDX: 00000000ffffffff RSI: 0000000000000002 RDI: 00005616f8aafe00
[  447.815735] RBP: 00005616f8aafe00 R08: 0000000000000000 R09: 00007f0f7e7fb850
[  447.816181] R10: 00007fff161f5080 R11: 0000000000000293 R12: 0000000000000002
[  447.816623] R13: 0000000000000002 R14: 00007f0f7e7fba30 R15: 00005616f8aacbe0
[  447.817081]  </TASK>
[  447.817233] INFO: task repro:722 blocked for more than 294 seconds.
[  447.817642]       Not tainted 6.5.0-rc1-bde7f150276b+ #1
[  447.817996] "echo 0 > /proc/sys/kernel/hung_task_timeout_secs" disables this message.
[  447.818499] task:repro           state:D stack:0     pid:722   ppid:720    flags:0x00004006
[  447.819027] Call Trace:
[  447.819191]  <TASK>
[  447.819339]  __schedule+0xb44/0x3010
[  447.819590]  ? __pfx___schedule+0x10/0x10
[  447.819856]  ? __this_cpu_preempt_check+0x21/0x30
[  447.820173]  ? lock_release+0x417/0x7e0
[  447.820429]  ? __pfx_lock_release+0x10/0x10
[  447.820702]  ? lock_is_held_type+0xf0/0x150
[  447.820973]  schedule+0x141/0x230
[  447.821206]  schedule_preempt_disabled+0x1c/0x30
[  447.821507]  __mutex_lock+0xbaf/0x1a30
[  447.821762]  ? trace_hardirqs_on+0x26/0x120
[  447.822047]  ? acct_process+0x1f6/0x680
[  447.822322]  ? __pfx___mutex_lock+0x10/0x10
[  447.822595]  ? __this_cpu_preempt_check+0x21/0x30
[  447.822911]  ? lock_release+0x417/0x7e0
[  447.823185]  mutex_lock_nested+0x1f/0x30
[  447.823443]  ? mutex_lock_nested+0x1f/0x30
[  447.823714]  acct_process+0x1f6/0x680
[  447.823963]  do_exit+0x17db/0x2790
[  447.824201]  ? __this_cpu_preempt_check+0x21/0x30
[  447.824508]  ? lock_release+0x417/0x7e0
[  447.824758]  ? __pfx_do_exit+0x10/0x10
[  447.825010]  ? get_signal+0xa6d/0x27a0
[  447.825261]  ? __this_cpu_preempt_check+0x21/0x30
[  447.825570]  do_group_exit+0xe5/0x2c0
[  447.825811]  get_signal+0x2768/0x27a0
[  447.826062]  ? __this_cpu_preempt_check+0x21/0x30
[  447.826392]  ? __kasan_slab_free+0x11d/0x1b0
[  447.826677]  ? __pfx_get_signal+0x10/0x10
[  447.826936]  ? __this_cpu_preempt_check+0x21/0x30
[  447.827247]  ? kasan_quarantine_put+0xa2/0x200
[  447.827535]  ? lockdep_hardirqs_on+0x8a/0x110
[  447.827829]  ? kasan_quarantine_put+0xa2/0x200
[  447.828126]  ? trace_hardirqs_on+0x26/0x120
[  447.828403]  arch_do_signal_or_restart+0x89/0x600
[  447.828708]  ? __pfx_arch_do_signal_or_restart+0x10/0x10
[  447.829055]  ? slab_free_freelist_hook+0xbd/0x1a0
[  447.829372]  ? syscall_exit_to_user_mode+0x1f/0x50
[  447.829692]  ? __this_cpu_preempt_check+0x21/0x30
[  447.829990]  ? exit_to_user_mode_prepare+0xea/0x1d0
[  447.830324]  ? lockdep_hardirqs_on+0x8a/0x110
[  447.830621]  exit_to_user_mode_prepare+0x11f/0x1d0
[  447.830933]  syscall_exit_to_user_mode+0x1f/0x50
[  447.831244]  do_syscall_64+0x4c/0x90
[  447.831486]  entry_SYSCALL_64_after_hwframe+0x6e/0xd8
[  447.831812] RIP: 0033:0x7f2ad643ee5d
[  447.832059] RSP: 002b:00007ffe0e6ace78 EFLAGS: 00000246 ORIG_RAX: 00000000000000a3
[  447.832545] RAX: 0000000000000000 RBX: 0000000000000000 RCX: 00007f2ad643ee5d
[  447.832981] RDX: 0000000000000000 RSI: 0000000000401974 RDI: 0000000020000140
[  447.833445] RBP: 00007ffe0e6ace90 R08: 00007ffe0e6ace90 R09: 00007ffe0e6ace90
[  447.833897] R10: 00007ffe0e6ace80 R11: 0000000000000246 R12: 00007ffe0e6acfe8
[  447.834371] R13: 00000000004019da R14: 0000000000403e08 R15: 00007f2ad6804000
[  447.834829]  </TASK>
[  447.834981] INFO: task modprobe:724 blocked for more than 294 seconds.
[  447.835399]       Not tainted 6.5.0-rc1-bde7f150276b+ #1
[  447.835732] "echo 0 > /proc/sys/kernel/hung_task_timeout_secs" disables this message.
[  447.836221] task:modprobe        state:D stack:0     pid:724   ppid:582    flags:0x00000002
[  447.836742] Call Trace:
[  447.836906]  <TASK>
[  447.837063]  __schedule+0xb44/0x3010
[  447.837309]  ? __pfx___schedule+0x10/0x10
[  447.837574]  ? __this_cpu_preempt_check+0x21/0x30
[  447.837885]  ? lock_release+0x417/0x7e0
[  447.838160]  ? __pfx_lock_release+0x10/0x10
[  447.838434]  ? lock_is_held_type+0xf0/0x150
[  447.838723]  schedule+0x141/0x230
[  447.838948]  schedule_preempt_disabled+0x1c/0x30
[  447.839255]  __mutex_lock+0xbaf/0x1a30
[  447.839500]  ? acct_process+0x1f6/0x680
[  447.839761]  ? __pfx___mutex_lock+0x10/0x10
[  447.840049]  ? __this_cpu_preempt_check+0x21/0x30
[  447.840355]  ? lock_release+0x417/0x7e0
[  447.840609]  ? __pfx_lock_release+0x10/0x10
[  447.840891]  mutex_lock_nested+0x1f/0x30
[  447.841166]  ? mutex_lock_nested+0x1f/0x30
[  447.841436]  acct_process+0x1f6/0x680
[  447.841684]  do_exit+0x17db/0x2790
[  447.841907]  ? lock_release+0x417/0x7e0
[  447.842173]  ? __pfx_lock_release+0x10/0x10
[  447.842452]  ? __pfx_do_exit+0x10/0x10
[  447.842707]  ? __this_cpu_preempt_check+0x21/0x30
[  447.843025]  ? _raw_spin_unlock_irq+0x2c/0x60
[  447.843313]  ? lockdep_hardirqs_on+0x8a/0x110
[  447.843603]  ? _raw_spin_unlock_irq+0x2c/0x60
[  447.843888]  ? trace_hardirqs_on+0x26/0x120
[  447.844176]  do_group_exit+0xe5/0x2c0
[  447.844414]  __x64_sys_exit_group+0x4d/0x60
[  447.844686]  do_syscall_64+0x3c/0x90
[  447.844920]  entry_SYSCALL_64_after_hwframe+0x6e/0xd8
[  447.845267] RIP: 0033:0x7f6332118a4d
[  447.845502] RSP: 002b:00007ffc7cec4bd8 EFLAGS: 00000246 ORIG_RAX: 00000000000000e7
[  447.845973] RAX: ffffffffffffffda RBX: 00007f63321f69e0 RCX: 00007f6332118a4d
[  447.846442] RDX: 00000000000000e7 RSI: ffffffffffffff80 RDI: 0000000000000001
[  447.846891] RBP: 0000000000000001 R08: 0000000000000000 R09: 0000000000000048
[  447.847338] R10: 00007ffc7cec4a20 R11: 0000000000000246 R12: 00007f63321f69e0
[  447.847789] R13: 00007f63321fbf00 R14: 0000000000000001 R15: 00007f63321fbee8
[  447.848253]  </TASK>
[  447.848403] Future hung task reports are suppressed, see sysctl kernel.hung_task_warnings
[  447.848909] 
[  447.848909] Showing all locks held in the system:
[  447.849311] 1 lock held by kworker/dying/7:
[  447.849574]  #0: ff11000015004900 (&acct->lock#2){+.+.}-{3:3}, at: acct_process+0x1f6/0x680
[  447.850140] 1 lock held by kworker/dying/9:
[  447.850411]  #0: ff11000015004900 (&acct->lock#2){+.+.}-{3:3}, at: acct_process+0x1f6/0x680
[  447.850953] 2 locks held by kworker/u4:0/10:
[  447.851236]  #0: ff1100000d87a138 ((wq_completion)events_unbound){+.+.}-{0:0}, at: process_one_work+0x9cd/0x1840
[  447.851896]  #1: ff1100000e05fd98 ((work_completion)(&sub_info->work)){+.+.}-{0:0}, at: process_one_work+0xa02/0x1840
[  447.852565] 1 lock held by rcu_tasks_kthre/12:
[  447.852851]  #0: ffffffff86a55970 (rcu_tasks.tasks_gp_mutex){+.+.}-{3:3}, at: rcu_tasks_one_gp+0x37/0xda0
[  447.853474] 1 lock held by rcu_tasks_rude_/13:
[  447.853756]  #0: ffffffff86a556d0 (rcu_tasks_rude.tasks_gp_mutex){+.+.}-{3:3}, at: rcu_tasks_one_gp+0x37/0xda0
[  447.854404] 1 lock held by rcu_tasks_trace/14:
[  447.854688]  #0: ffffffff86a553d0 (rcu_tasks_trace.tasks_gp_mutex){+.+.}-{3:3}, at: rcu_tasks_one_gp+0x37/0xda0
[  447.855339] 1 lock held by khungtaskd/30:
[  447.855608]  #0: ffffffff86a56540 (rcu_read_lock){....}-{1:2}, at: debug_show_all_locks+0x51/0x370
[  447.856195] 1 lock held by kworker/dying/47:
[  447.856474]  #0: ff11000015004900 (&acct->lock#2){+.+.}-{3:3}, at: acct_process+0x1f6/0x680
[  447.857026] 1 lock held by kworker/dying/49:
[  447.857305]  #0: ff11000015004900 (&acct->lock#2){+.+.}-{3:3}, at: acct_process+0x1f6/0x680
[  447.857866] 1 lock held by systemd-hostnam/275:
[  447.858170]  #0: ff11000015004900 (&acct->lock#2){+.+.}-{3:3}, at: acct_process+0x1f6/0x680
[  447.858716] 1 lock held by pool-nm-dispatc/283:
[  447.859017]  #0: ff11000015004900 (&acct->lock#2){+.+.}-{3:3}, at: acct_process+0x1f6/0x680
[  447.859558] 1 lock held by gdbus/343:
[  447.859796]  #0: ff11000015004900 (&acct->lock#2){+.+.}-{3:3}, at: acct_process+0x1f6/0x680
[  447.860363] 2 locks held by kworker/u4:4/582:
[  447.860645]  #0: ff1100000d87a138 ((wq_completion)events_unbound){+.+.}-{0:0}, at: process_one_work+0x9cd/0x1840
[  447.861299]  #1: ff11000015e47d98 ((work_completion)(&sub_info->work)){+.+.}-{0:0}, at: process_one_work+0xa02/0x1840
[  447.861968] 1 lock held by repro/722:
[  447.862220]  #0: ff11000015004900 (&acct->lock#2){+.+.}-{3:3}, at: acct_process+0x1f6/0x680
[  447.862759] 5 locks held by modprobe/723:
[  447.863020]  #0: ff11000015004900 (&acct->lock#2){+.+.}-{3:3}, at: acct_process+0x1f6/0x680
[  447.863566]  #1: ff110000142023f8 (sb_writers#4){.+.+}-{0:0}, at: acct_process+0x436/0x680
[  447.864105]  #2: ff110000170b1088 (&of->mutex){+.+.}-{3:3}, at: kernfs_fop_write_iter+0x29a/0x630
[  447.864681]  #3: ff1100000e1a1a00 (kn->active#88){.+.+}-{0:0}, at: kernfs_fop_write_iter+0x2be/0x630
[  447.865270]  #4: ffffffff86934448 (system_transition_mutex){+.+.}-{3:3}, at: software_resume+0x6d/0x320
[  447.865883] 1 lock held by modprobe/724:
[  447.866159]  #0: ff11000015004900 (&acct->lock#2){+.+.}-{3:3}, at: acct_process+0x1f6/0x680
[  447.866695] 1 lock held by systemd-tmpfile/731:
[  447.866987]  #0: ff11000015004900 (&acct->lock#2){+.+.}-{3:3}, at: acct_process+0x1f6/0x680
[  447.867533] 
[  447.867641] =============================================
[  447.867641] 
