
CentOS Stream 8
Kernel 6.3.0-rc2-intel-next-38f821ff82e9+ on an x86_64

Warning: Permanently added '[localhost]:32134' (ECDSA) to the list of known hosts.
executing program
executing program
executing program
executing program
executing program
executing program
executing program
executing program
test login: [  526.944330] hrtimer: interrupt took 17579908 ns
[  559.316086] rcu_tasks_wait_gp: rcu_tasks grace period number 9 (since boot) is 2867 jiffies old.
[  589.844098] rcu_tasks_wait_gp: rcu_tasks grace period number 9 (since boot) is 10499 jiffies old.
[  680.596081] rcu_tasks_wait_gp: rcu_tasks grace period number 9 (since boot) is 33187 jiffies old.
[  742.484098] INFO: task syz-executor291:548 blocked for more than 147 seconds.
[  742.484664]       Not tainted 6.3.0-rc2-intel-next-38f821ff82e9+ #1
[  742.485118] "echo 0 > /proc/sys/kernel/hung_task_timeout_secs" disables this message.
[  742.485646] task:syz-executor291 state:D stack:0     pid:548   ppid:539    flags:0x00004006
[  742.486297] Call Trace:
[  742.486572]  <TASK>
[  742.486994]  __schedule+0x40a/0xc90
[  742.487670]  ? wait_for_completion+0x7b/0x180
[  742.488401]  schedule+0x5b/0xe0
[  742.488782]  schedule_timeout+0x50b/0x670
[  742.489447]  ? schedule_timeout+0x9/0x670
[  742.490025]  ? wait_for_completion+0x7b/0x180
[  742.490438]  wait_for_completion+0xa6/0x180
[  742.491089]  __wait_rcu_gp+0x136/0x160
[  742.491530]  ? __pfx_arch_ftrace_ops_list_func+0x10/0x10
[  742.492252]  synchronize_rcu_tasks_generic.part.24+0x3b/0x60
[  742.492706]  ? __pfx_call_rcu_tasks+0x10/0x10
[  742.493267]  ? __pfx_wakeme_after_rcu+0x10/0x10
[  742.494038]  ? verify_cpu+0x10/0x100
[  742.494505]  synchronize_rcu_tasks_generic+0x24/0x70
[  742.494961]  synchronize_rcu_tasks+0x19/0x20
[  742.495389]  ftrace_shutdown+0x1cc/0x410
[  742.496159]  unregister_ftrace_function+0x35/0x230
[  742.496652]  ? __sanitizer_cov_trace_switch+0x57/0xa0
[  742.497232]  perf_ftrace_event_register+0x95/0xf0
[  742.497658]  ? __pfx_tp_perf_event_destroy+0x10/0x10
[  742.498094]  perf_trace_destroy+0x3a/0xa0
[  742.498483]  ? __pfx_tp_perf_event_destroy+0x10/0x10
[  742.498921]  tp_perf_event_destroy+0x1e/0x30
[  742.499380]  _free_event+0x101/0x810
[  742.500093]  put_event+0x3c/0x50
[  742.500501]  perf_event_release_kernel+0x2de/0x360
[  742.500902]  ? perf_event_release_kernel+0x9/0x360
[  742.501469]  ? __pfx_perf_release+0x10/0x10
[  742.501923]  perf_release+0x22/0x30
[  742.502320]  __fput+0x11f/0x450
[  742.502929]  ____fput+0x1e/0x30
[  742.503325]  task_work_run+0xb6/0x120
[  742.504076]  do_exit+0x547/0x1360
[  742.504550]  ? write_comp_data+0x2f/0x90
[  742.505127]  do_group_exit+0x5e/0xf0
[  742.505637]  get_signal+0x15d1/0x1600
[  742.506483]  arch_do_signal_or_restart+0x33/0x280
[  742.507355]  exit_to_user_mode_prepare+0x13b/0x210
[  742.508053]  syscall_exit_to_user_mode+0x2d/0x60
[  742.508508]  do_syscall_64+0x4a/0x90
[  742.508918]  entry_SYSCALL_64_after_hwframe+0x72/0xdc
[  742.509345] RIP: 0033:0x4544fd
[  742.509687] RSP: 002b:00007ffc7a8f4478 EFLAGS: 00000246 ORIG_RAX: 000000000000012a
[  742.510295] RAX: 0000000000000003 RBX: 0000000000000000 RCX: 00000000004544fd
[  742.510801] RDX: 0000000000000000 RSI: 00000000ffffffff RDI: 00000000200004c0
[  742.511308] RBP: 0000000000411af0 R08: 0000000000000000 R09: 0000000000411af0
[  742.512033] R10: 00000000ffffffff R11: 0000000000000246 R12: 00000000ffffffff
[  742.512542] R13: 0000000000000000 R14: 00000000004004e8 R15: 0000000000000000
[  742.513637]  </TASK>
[  742.513907] 
[  742.513907] Showing all locks held in the system:
[  742.514368] 1 lock held by rcu_tasks_kthre/11:
[  742.514745]  #0: ffffffff83f656d0 (rcu_tasks.tasks_gp_mutex){+.+.}-{3:3}, at: rcu_tasks_one_gp+0x31/0x420
[  742.516019] 1 lock held by rcu_tasks_rude_/12:
[  742.516395]  #0: ffffffff83f65450 (rcu_tasks_rude.tasks_gp_mutex){+.+.}-{3:3}, at: rcu_tasks_one_gp+0x31/0x420
[  742.517477] 1 lock held by rcu_tasks_trace/13:
[  742.517853]  #0: ffffffff83f65190 (rcu_tasks_trace.tasks_gp_mutex){+.+.}-{3:3}, at: rcu_tasks_one_gp+0x31/0x420
[  742.518938] 1 lock held by khungtaskd/30:
[  742.519290]  #0: ffffffff83f660e0 (rcu_read_lock){....}-{1:2}, at: debug_show_all_locks+0x1b/0x1e0
[  742.520535] 2 locks held by syz-executor291/548:
[  742.520919]  #0: ffffffff840228e8 (event_mutex){+.+.}-{3:3}, at: perf_trace_destroy+0x21/0xa0
[  742.521919]  #1: ffffffff8401efa8 (ftrace_lock){+.+.}-{3:3}, at: unregister_ftrace_function+0x2b/0x230
[  742.522971] 
[  742.523203] =============================================
[  742.523203] 

VM DIAGNOSIS:
01:51:13  Registers:
info registers vcpu 0
RAX=0000000000000000 RBX=0000000000010000 RCX=ffffffff8131e640 RDX=0000000000010000
RSI=0000000000000000 RDI=0000000000000003 RBP=ffffc90000003630 RSP=ffffc90000003618
R8 =ffffc900000039b0 R9 =ffffc900000039a8 R10=ffffc90000003980 R11=0000000000000001
R12=ffffc900000036a0 R13=0000000000010000 R14=0000000000000005 R15=0000000000010000
RIP=ffffffff812e41d5 RFL=00000046 [---Z-P-] CPL=0 II=0 A20=1 SMM=0 HLT=0
ES =0000 0000000000000000 ffffffff 00c00000
CS =0010 0000000000000000 ffffffff 00a09b00 DPL=0 CS64 [-RA]
SS =0018 0000000000000000 ffffffff 00c09300 DPL=0 DS   [-WA]
DS =0000 0000000000000000 ffffffff 00c00000
FS =0000 0000000000bc13c0 ffffffff 00c00000
GS =0000 ffff88807dc00000 ffffffff 00c00000
LDT=0000 0000000000000000 ffffffff 00c00000
TR =0040 fffffe2756a65000 00004087 00008b00 DPL=0 TSS64-busy
GDT=     fffffe2756a63000 0000007f
IDT=     fffffe0000000000 00000fff
CR0=80050033 CR2=0000000020101000 CR3=000000000e8e0005 CR4=00770ef0
DR0=0000000000000000 DR1=0000000000000000 DR2=0000000000000000 DR3=0000000000000000 
DR6=00000000ffff0ff0 DR7=0000000000000400
EFER=0000000000000d01
FCW=037f FSW=0000 [ST=0] FTW=00 MXCSR=00001f80
FPR0=0000000000000000 0000 FPR1=0000000000000000 0000
FPR2=0000000000000000 0000 FPR3=0000000000000000 0000
FPR4=0000000000000000 0000 FPR5=0000000000000000 0000
FPR6=0000000000000000 0000 FPR7=0000000000000000 0000
YMM00=0000000000000000 0000000000000000 0000000000000000 0000000000000000
YMM01=0000000000000000 0000000000000000 ffffffffffffffff ffffff0000000000
YMM02=0000000000000000 0000000000000000 746f6e2f646d6574 7379732f6e75722f
YMM03=0000000000000000 0000000000000000 00796669746f6e2f 646d65747379732f
YMM04=0000000000000000 0000000000000000 000000cc6410b130 0002001000000588
YMM05=0000000000000000 0000000000000000 302e34303a30303a 3030303000380011
YMM06=0000000000000000 0000000000000000 0000000000000000 0007001400000000
YMM07=0000000000000000 0000000000000000 0000000000000000 0000000000000000
YMM08=0000000000000000 0000000000000000 000000070006003c 0000000000000000
YMM09=0000000000000000 0000000000000000 0000000000000000 0000000000000000
YMM10=0000000000000000 0000000000000000 0000000000000000 0000000000000000
YMM11=0000000000000000 0000000000000000 0000000000000000 0000000000000000
YMM12=0000000000000000 0000000000000000 0000000000000000 0000000000000000
YMM13=0000000000000000 0000000000000000 0000000000000000 0000000000000000
YMM14=0000000000000000 0000000000000000 0000000000000000 0000000000000000
YMM15=0000000000000000 0000000000000000 0000000000000000 0000000000000000
info registers vcpu 1
RAX=0000000000000000 RBX=ffff888015032908 RCX=ffffffff813138c6 RDX=0000000000000000
RSI=ffff88800796a340 RDI=0000000000000002 RBP=ffffc90000107b60 RSP=ffffc90000107aa0
R8 =0000000000000019 R9 =0000000000000001 R10=ffff88800796b0d8 R11=0000000000000000
R12=0000000000000000 R13=ffffffff812147d0 R14=0000000000000000 R15=0000000000000000
RIP=ffffffff8131385d RFL=00000246 [---Z-P-] CPL=0 II=0 A20=1 SMM=0 HLT=0
ES =0000 0000000000000000 ffffffff 00c00100
CS =0010 0000000000000000 ffffffff 00a09b00 DPL=0 CS64 [-RA]
SS =0018 0000000000000000 ffffffff 00c09300 DPL=0 DS   [-WA]
DS =0000 0000000000000000 ffffffff 00c00100
FS =0000 0000000000000000 ffffffff 00c00100
GS =0000 ffff88807dd00000 ffffffff 00c00100
LDT=0000 0000000000000000 ffffffff 00c00000
TR =0040 fffffe544af67000 00004087 00008b00 DPL=0 TSS64-busy
GDT=     fffffe544af65000 0000007f
IDT=     fffffe0000000000 00000fff
CR0=80050033 CR2=000000002012a000 CR3=000000000b312003 CR4=00770ee0
DR0=0000000000000000 DR1=0000000000000000 DR2=0000000000000000 DR3=0000000000000000 
DR6=00000000ffff0ff0 DR7=0000000000000400
EFER=0000000000000d01
FCW=037f FSW=0000 [ST=0] FTW=00 MXCSR=00001f80
FPR0=0000000000000000 0000 FPR1=0000000000000000 0000
FPR2=0000000000000000 0000 FPR3=0000000000000000 0000
FPR4=0000000000000000 0000 FPR5=0000000000000000 0000
FPR6=0000000000000000 0000 FPR7=0000000000000000 0000
YMM00=0000000000000000 0000000000000000 0000000035a4e900 0000000000000000
YMM01=0000000000000000 0000000000000000 0000000000000000 000000ff00ff0000
YMM02=0000000000000000 0000000000000000 0000000000000000 000000ff00000000
YMM03=0000000000000000 0000000000000000 6570206563617267 20736b7361745f75
YMM04=0000000000000000 0000000000000000 4040404040404040 4040404040404040
YMM05=0000000000000000 0000000000000000 5a5a5a5a5a5a5a5a 5a5a5a5a5a5a5a5a
YMM06=0000000000000000 0000000000000000 2020202020202020 2020202020202020
YMM07=0000000000000000 0000000000000000 0000000000000000 00ffffffffffffff
YMM08=0000000000000000 0000000000000000 6574616570657220 67736d0073253a73
YMM09=0000000000000000 0000000000000000 0000000000000000 0000000000000000
YMM10=0000000000000000 0000000000000000 2020202020202020 0020202020202000
YMM11=0000000000000000 0000000000000000 0000000000000000 0000000000000000
YMM12=0000000000000000 0000000000000000 0000000000000000 0000000000000000
YMM13=0000000000000000 0000000000000000 0000000000000000 0000000000000000
YMM14=0000000000000000 0000000000000000 0000000000000000 0000000000000000
YMM15=0000000000000000 0000000000000000 0000000000000000 0000000000000000
