[    0.000000] Linux version 6.1.0-rc8-kvm-ext4+ (root@xpf.sh.intel.com) (gcc (GCC) 8.5.0 20210514 (Red Hat 8.5.0-10), GNU ld version 2.36.1-2.el8) #15 SMP PREEM2
[    0.000000] Command line: console=ttyS0 root=/dev/sda earlyprintk=serial net.ifnames=0 thunderbolt.dyndbg
[    0.000000] KERNEL supported cpus:
[    0.000000]   Intel GenuineIntel
[    0.000000]   AMD AuthenticAMD
[    0.000000]   Hygon HygonGenuine
[    0.000000]   Centaur CentaurHauls
[    0.000000]   zhaoxin   Shanghai  
[    0.000000] x86/fpu: Supporting XSAVE feature 0x001: 'x87 floating point registers'
[    0.000000] x86/fpu: Supporting XSAVE feature 0x002: 'SSE registers'
[    0.000000] x86/fpu: Supporting XSAVE feature 0x004: 'AVX registers'
[    0.000000] x86/fpu: Supporting XSAVE feature 0x200: 'Protection Keys User registers'
[    0.000000] x86/fpu: xstate_offset[2]:  576, xstate_sizes[2]:  256
[    0.000000] x86/fpu: xstate_offset[9]:  832, xstate_sizes[9]:    8
[    0.000000] x86/fpu: Enabled xstate features 0x207, context size is 840 bytes, using 'compacted' format.
[    0.000000] signal: max sigframe size: 3632
[    0.000000] BIOS-provided physical RAM map:
[    0.000000] BIOS-e820: [mem 0x0000000000000000-0x000000000009fbff] usable
[    0.000000] BIOS-e820: [mem 0x000000000009fc00-0x000000000009ffff] reserved
[    0.000000] BIOS-e820: [mem 0x00000000000f0000-0x00000000000fffff] reserved
[    0.000000] BIOS-e820: [mem 0x0000000000100000-0x000000007ffdffff] usable
[    0.000000] BIOS-e820: [mem 0x000000007ffe0000-0x000000007fffffff] reserved
[    0.000000] BIOS-e820: [mem 0x00000000feffc000-0x00000000feffffff] reserved
[    0.000000] BIOS-e820: [mem 0x00000000fffc0000-0x00000000ffffffff] reserved
[    0.000000] printk: bootconsole [earlyser0] enabled
[    0.000000] NX (Execute Disable) protection: active
[    0.000000] SMBIOS 2.8 present.
[    0.000000] DMI: QEMU Standard PC (i440FX + PIIX, 1996), BIOS rel-1.16.0-0-gd239552ce722-prebuilt.qemu.org 04/01/2014
[    0.000000] Hypervisor detected: KVM
[    0.000000] kvm-clock: Using msrs 4b564d01 and 4b564d00
[    0.000002] kvm-clock: using sched offset of 288889439 cycles
[    0.000306] clocksource: kvm-clock: mask: 0xffffffffffffffff max_cycles: 0x1cd42e4dffb, max_idle_ns: 881590591483 ns
[    0.001243] tsc: Detected 2918.400 MHz processor
[    0.007811] e820: update [mem 0x00000000-0x00000fff] usable ==> reserved
[    0.007825] e820: remove [mem 0x000a0000-0x000fffff] usable
[    0.007841] last_pfn = 0x7ffe0 max_arch_pfn = 0x400000000
[    0.008199] x86/PAT: Configuration [0-7]: WB  WC  UC- UC  WB  WP  UC- WT  
[    0.015225] found SMP MP-table at [mem 0x000f5ba0-0x000f5baf]
[    0.016264] Using GB pages for direct mapping
[    0.017488] ACPI: Early table checksum verification disabled
[    0.017843] ACPI: RSDP 0x00000000000F59C0 000014 (v00 BOCHS )
[    0.018199] ACPI: RSDT 0x000000007FFE1951 000034 (v01 BOCHS  BXPC     00000001 BXPC 00000001)
[    0.018712] ACPI: FACP 0x000000007FFE17FD 000074 (v01 BOCHS  BXPC     00000001 BXPC 00000001)
[    0.019226] ACPI: DSDT 0x000000007FFE0040 0017BD (v01 BOCHS  BXPC     00000001 BXPC 00000001)
[    0.019737] ACPI: FACS 0x000000007FFE0000 000040
[    0.020013] ACPI: APIC 0x000000007FFE1871 000080 (v01 BOCHS  BXPC     00000001 BXPC 00000001)
[    0.020529] ACPI: HPET 0x000000007FFE18F1 000038 (v01 BOCHS  BXPC     00000001 BXPC 00000001)
[    0.021030] ACPI: WAET 0x000000007FFE1929 000028 (v01 BOCHS  BXPC     00000001 BXPC 00000001)
[    0.021533] ACPI: Reserving FACP table memory at [mem 0x7ffe17fd-0x7ffe1870]
[    0.021944] ACPI: Reserving DSDT table memory at [mem 0x7ffe0040-0x7ffe17fc]
[    0.022348] ACPI: Reserving FACS table memory at [mem 0x7ffe0000-0x7ffe003f]
[    0.022758] ACPI: Reserving APIC table memory at [mem 0x7ffe1871-0x7ffe18f0]
[    0.023162] ACPI: Reserving HPET table memory at [mem 0x7ffe18f1-0x7ffe1928]
[    0.023579] ACPI: Reserving WAET table memory at [mem 0x7ffe1929-0x7ffe1950]
[    0.024515] No NUMA configuration found
[    0.024740] Faking a node at [mem 0x0000000000000000-0x000000007ffdffff]
[    0.025182] NODE_DATA(0) allocated [mem 0x7ffb5000-0x7ffdffff]
[    0.028251] Zone ranges:
[    0.028400]   DMA      [mem 0x0000000000001000-0x0000000000ffffff]
[    0.028758]   DMA32    [mem 0x0000000001000000-0x000000007ffdffff]
[    0.029122]   Normal   empty
[    0.029290]   Device   empty
[    0.029463] Movable zone start for each node
[    0.029708] Early memory node ranges
[    0.029912]   node   0: [mem 0x0000000000001000-0x000000000009efff]
[    0.030280]   node   0: [mem 0x0000000000100000-0x000000007ffdffff]
[    0.030643] Initmem setup node 0 [mem 0x0000000000001000-0x000000007ffdffff]
[    0.031429] On node 0, zone DMA: 1 pages in unavailable ranges
[    0.031539] On node 0, zone DMA: 97 pages in unavailable ranges
[    0.086441] On node 0, zone DMA32: 32 pages in unavailable ranges
[    0.087009] ACPI: PM-Timer IO Port: 0x608
[    0.087628] ACPI: LAPIC_NMI (acpi_id[0xff] dfl dfl lint[0x1])
[    0.087994] IOAPIC[0]: apic_id 0, version 17, address 0xfec00000, GSI 0-23
[    0.088402] ACPI: INT_SRC_OVR (bus 0 bus_irq 0 global_irq 2 dfl dfl)
[    0.088777] ACPI: INT_SRC_OVR (bus 0 bus_irq 5 global_irq 5 high level)
[    0.089167] ACPI: INT_SRC_OVR (bus 0 bus_irq 9 global_irq 9 high level)
[    0.089549] ACPI: INT_SRC_OVR (bus 0 bus_irq 10 global_irq 10 high level)
[    0.089948] ACPI: INT_SRC_OVR (bus 0 bus_irq 11 global_irq 11 high level)
[    0.090355] ACPI: Using ACPI (MADT) for SMP configuration information
[    0.090725] ACPI: HPET id: 0x8086a201 base: 0xfed00000
[    0.091046] TSC deadline timer available
[    0.091282] smpboot: Allowing 2 CPUs, 0 hotplug CPUs
[    0.091616] kvm-guest: KVM setup pv remote TLB flush
[    0.091906] kvm-guest: setup PV sched yield
[    0.092196] PM: hibernation: Registered nosave memory: [mem 0x00000000-0x00000fff]
[    0.092636] PM: hibernation: Registered nosave memory: [mem 0x0009f000-0x0009ffff]
[    0.093071] PM: hibernation: Registered nosave memory: [mem 0x000a0000-0x000effff]
[    0.093508] PM: hibernation: Registered nosave memory: [mem 0x000f0000-0x000fffff]
[    0.093942] [mem 0x80000000-0xfeffbfff] available for PCI devices
[    0.094299] Booting paravirtualized kernel on KVM
[    0.094584] clocksource: refined-jiffies: mask: 0xffffffff max_cycles: 0xffffffff, max_idle_ns: 7645519600211568 ns
[    0.095196] setup_percpu: NR_CPUS:8192 nr_cpumask_bits:2 nr_cpu_ids:2 nr_node_ids:1
[    0.096840] percpu: Embedded 62 pages/cpu s217088 r8192 d28672 u1048576
[    0.097257] pcpu-alloc: s217088 r8192 d28672 u1048576 alloc=1*2097152
[    0.097274] pcpu-alloc: [0] 0 1 
[    0.097408] kvm-guest: PV spinlocks enabled
[    0.097665] PV qspinlock hash table entries: 256 (order: 0, 4096 bytes, linear)
[    0.098110] Fallback order for Node 0: 0 
[    0.098355] Built 1 zonelists, mobility grouping on.  Total pages: 515808
[    0.098758] Policy zone: DMA32
[    0.098940] Kernel command line: net.ifnames=0 console=ttyS0 root=/dev/sda earlyprintk=serial net.ifnames=0 thunderbolt.dyndbg
[    0.101194] Dentry cache hash table entries: 262144 (order: 9, 2097152 bytes, linear)
[    0.101740] Inode-cache hash table entries: 131072 (order: 8, 1048576 bytes, linear)
[    0.102286] mem auto-init: stack:off, heap alloc:off, heap free:off
[    0.105375] Memory: 1999736K/2096632K available (30736K kernel code, 4097K rwdata, 7580K rodata, 3636K init, 10496K bss, 96640K reserved, 0K cma-reserved)
[    0.106975] SLUB: HWalign=64, Order=0-3, MinObjects=0, CPUs=2, Nodes=1
[    0.107355] kmemleak: Kernel memory leak detector disabled
[    0.107695] ftrace: allocating 67023 entries in 262 pages
[    0.127553] ftrace: allocated 262 pages with 3 groups
[    0.128956] Dynamic Preempt: voluntary
[    0.129238] rcu: Preemptible hierarchical RCU implementation.
[    0.129564] rcu:     RCU restricting CPUs from NR_CPUS=8192 to nr_cpu_ids=2.
[    0.129947]  Trampoline variant of Tasks RCU enabled.
[    0.130232]  Rude variant of Tasks RCU enabled.
[    0.130486]  Tracing variant of Tasks RCU enabled.
[    0.130755] rcu: RCU calculated value of scheduler-enlistment delay is 25 jiffies.
[    0.131178] rcu: Adjusting geometry for rcu_fanout_leaf=16, nr_cpu_ids=2
[    0.152524] NR_IRQS: 524544, nr_irqs: 440, preallocated irqs: 16
[    0.153120] rcu: srcu_init: Setting srcu_struct sizes based on contention.
[    0.158650] Console: colour VGA+ 80x25
[    0.158902] printk: console [ttyS0] enabled
[    0.159388] printk: bootconsole [earlyser0] disabled
[    0.159986] ACPI: Core revision 20220331
[    0.160364] clocksource: hpet: mask: 0xffffffff max_cycles: 0xffffffff, max_idle_ns: 19112604467 ns
[    0.160959] APIC: Switch to symmetric I/O mode setup
[    0.161371] x2apic enabled
[    0.161657] Switched APIC routing to physical x2apic.
[    0.161950] kvm-guest: setup PV IPIs
[    0.162781] ..TIMER: vector=0x30 apic1=0 pin1=2 apic2=-1 pin2=-1
[    0.163170] clocksource: tsc-early: mask: 0xffffffffffffffff max_cycles: 0x2a11290c0c8, max_idle_ns: 440795344938 ns
[    0.163805] Calibrating delay loop (skipped) preset value.. 5836.80 BogoMIPS (lpj=11673600)
[    0.164302] pid_max: default: 32768 minimum: 301
[    0.164695] LSM: Security Framework initializing
[    0.164970] Yama: becoming mindful.
[    0.167960] Mount-cache hash table entries: 4096 (order: 3, 32768 bytes, linear)
[    0.168392] Mountpoint-cache hash table entries: 4096 (order: 3, 32768 bytes, linear)
[    0.171814] x86/cpu: User Mode Instruction Prevention (UMIP) activated
[    0.172381] Last level iTLB entries: 4KB 0, 2MB 0, 4MB 0
[    0.172750] Last level dTLB entries: 4KB 0, 2MB 0, 4MB 0, 1GB 0
[    0.173117] Spectre V1 : Mitigation: usercopy/swapgs barriers and __user pointer sanitization
[    0.173613] Spectre V2 : WARNING: Unprivileged eBPF is enabled with eIBRS on, data leaks possible via Spectre v2 BHB attacks!
[    0.174253] Spectre V2 : Mitigation: Enhanced IBRS
[    0.174515] Spectre V2 : Spectre v2 / SpectreRSB mitigation: Filling RSB on context switch
[    0.174953] Spectre V2 : Spectre v2 / PBRSB-eIBRS: Retire a single CALL on VMEXIT
[    0.175348] Spectre V2 : mitigation: Enabling conditional Indirect Branch Prediction Barrier
[    0.175803] Speculative Store Bypass: Mitigation: Speculative Store Bypass disabled via prctl
[    0.176258] MMIO Stale Data: Unknown: No mitigations
[    0.256789] Freeing SMP alternatives memory: 56K
[    0.257244] smpboot: CPU0: 13th Gen Intel(R) CoreT i7-13800H (family: 0x6, model: 0xba, stepping: 0x2)
[    0.257896] cblist_init_generic: Setting adjustable number of callback queues.
[    0.258291] cblist_init_generic: Setting shift to 1 and lim to 1.
[    0.258640] cblist_init_generic: Setting shift to 1 and lim to 1.
[    0.258983] cblist_init_generic: Setting shift to 1 and lim to 1.
[    0.259333] Performance Events: Alderlake Hybrid events, full-width counters, Intel PMU driver.
[    0.259797] core: cpu_core PMU driver: 
[    0.259797] ... version:                2
[    0.259797] ... bit width:              48
[    0.259797] ... generic registers:      6
[    0.259797] ... value mask:             0000ffffffffffff
[    0.259800] ... max period:             00007fffffffffff
[    0.260087] ... fixed-purpose events:   3
[    0.260301] ... event mask:             0001000f0000003f
[    0.260662] rcu: Hierarchical SRCU implementation.
[    0.260923] rcu:     Max phase no-delay instances is 1000.
[    0.263663] unchecked MSR access error: WRMSR to 0x38f (tried to write 0x0001000f0000003f) at rIP: 0xffffffff810c30bc (native_write_msr+0xc/0x30)
[    0.263797] Call Trace:
[    0.263797]  <TASK>
[    0.263797]  __intel_pmu_enable_all.constprop.46+0xb5/0x140
[    0.263797]  intel_pmu_enable_all+0x1e/0x30
[    0.263797]  x86_pmu_enable+0x46a/0x5a0
[    0.263797]  ? write_comp_data+0x2f/0x90
[    0.263797]  perf_pmu_enable+0x53/0x70
[    0.263797]  ctx_resched+0xab/0xf0
[    0.263797]  __perf_install_in_context+0x210/0x390
[    0.263797]  ? __sanitizer_cov_trace_pc+0x25/0x60
[    0.263797]  ? perf_duration_warn+0x50/0x50
[    0.263797]  remote_function+0x80/0xa0
[    0.263797]  ? perf_duration_warn+0x50/0x50
[    0.263797]  generic_exec_single+0xea/0x150
[    0.263797]  ? perf_duration_warn+0x50/0x50
[    0.263797]  smp_call_function_single+0x11c/0x240
[    0.263797]  ? perf_duration_warn+0x50/0x50
[    0.263797]  ? __sanitizer_cov_trace_pc+0x25/0x60
[    0.263797]  ? write_comp_data+0x2f/0x90
[    0.263797]  perf_install_in_context+0x292/0x2c0
[    0.263797]  ? ctx_resched+0xf0/0xf0
[    0.263797]  perf_event_create_kernel_counter+0x168/0x200
[    0.263797]  ? find_next_bit+0x30/0x30
[    0.263797]  hardlockup_detector_event_create+0x46/0xd0
[    0.263797]  hardlockup_detector_perf_init+0x18/0x66
[    0.263797]  watchdog_nmi_probe+0x17/0x1d
[    0.263797]  lockup_detector_init+0x40/0xad
[    0.263797]  kernel_init_freeable+0x1b0/0x37a
[    0.263797]  ? rest_init+0xe0/0xe0
[    0.263797]  kernel_init+0x24/0x1e0
[    0.263797]  ? rest_init+0xe0/0xe0
[    0.263797]  ret_from_fork+0x1f/0x30
[    0.263797]  </TASK>
[    0.263884] smp: Bringing up secondary CPUs ...
[    0.264253] x86: Booting SMP configuration:
[    0.264483] .... node  #0, CPUs:      #1
[    0.264717] smp: Brought up 1 node, 2 CPUs
[    0.264717] smpboot: Max logical packages: 1
[    0.264717] smpboot: Total of 2 processors activated (11673.60 BogoMIPS)
[    0.267899] devtmpfs: initialized
[    0.268113] x86/mm: Memory block size: 128MB
[    0.269300] clocksource: jiffies: mask: 0xffffffff max_cycles: 0xffffffff, max_idle_ns: 7645041785100000 ns
[    0.269300] futex hash table entries: 512 (order: 3, 32768 bytes, linear)
[    0.269300] pinctrl core: initialized pinctrl subsystem

[    0.269591] *************************************************************
[    0.269954] **     NOTICE NOTICE NOTICE NOTICE NOTICE NOTICE NOTICE    **
[    0.271801] **                                                         **
[    0.272173] **  IOMMU DebugFS SUPPORT HAS BEEN ENABLED IN THIS KERNEL  **
[    0.272534] **                                                         **
[    0.272898] ** This means that this kernel is built to expose internal **
[    0.273265] ** IOMMU data structures, which may compromise security on **
[    0.273622] ** your system.                                            **
[    0.273981] **                                                         **
[    0.274347] ** If you see this message and you are not debugging the   **
[    0.274704] ** kernel, report this immediately to your vendor!         **
[    0.275064] **                                                         **
[    0.275430] **     NOTICE NOTICE NOTICE NOTICE NOTICE NOTICE NOTICE    **
[    0.275787] *************************************************************
[    0.275831] PM: RTC time: 04:51:19, date: 2022-12-07
[    0.278323] NET: Registered PF_NETLINK/PF_ROUTE protocol family
[    0.278989] DMA: preallocated 256 KiB GFP_KERNEL pool for atomic allocations
[    0.279381] DMA: preallocated 256 KiB GFP_KERNEL|GFP_DMA pool for atomic allocations
[    0.279804] DMA: preallocated 256 KiB GFP_KERNEL|GFP_DMA32 pool for atomic allocations
[    0.280255] audit: initializing netlink subsys (disabled)
[    0.280584] audit: type=2000 audit(1670388680.093:1): state=initialized audit_enabled=0 res=1
[    0.280584] thermal_sys: Registered thermal governor 'fair_share'
[    0.280584] thermal_sys: Registered thermal governor 'bang_bang'
[    0.280636] thermal_sys: Registered thermal governor 'step_wise'
[    0.280956] thermal_sys: Registered thermal governor 'user_space'
[    0.281287] cpuidle: using governor ladder
[    0.281841] cpuidle: using governor menu
[    0.282248] acpiphp: ACPI Hot Plug PCI Controller Driver version: 0.5
[    0.282763] PCI: Using configuration type 1 for base access
[    0.290426] kprobes: kprobe jump-optimization is enabled. All kprobes are optimized if possible.
[    0.481356] HugeTLB: registered 1.00 GiB page size, pre-allocated 0 pages
[    0.481754] HugeTLB: 16380 KiB vmemmap can be freed for a 1.00 GiB page
[    0.482115] HugeTLB: registered 2.00 MiB page size, pre-allocated 0 pages
[    0.482482] HugeTLB: 28 KiB vmemmap can be freed for a 2.00 MiB page
[    0.483576] ACPI: Added _OSI(Module Device)
[    0.483814] ACPI: Added _OSI(Processor Device)
[    0.484058] ACPI: Added _OSI(3.0 _SCP Extensions)
[    0.484321] ACPI: Added _OSI(Processor Aggregator Device)
[    0.488568] ACPI: 1 ACPI AML tables successfully acquired and loaded
[    0.490826] ACPI: Interpreter enabled
[    0.491090] ACPI: PM: (supports S0 S3 S4 S5)
[    0.491329] ACPI: Using IOAPIC for interrupt routing
[    0.491630] PCI: Using host bridge windows from ACPI; if necessary, use "pci=nocrs" and report a bug
[    0.491799] PCI: Using E820 reservations for host bridge windows
[    0.492554] ACPI: Enabled 2 GPEs in block 00 to 0F
[    0.502075] ACPI: PCI Root Bridge [PCI0] (domain 0000 [bus 00-ff])
[    0.502440] acpi PNP0A03:00: _OSC: OS supports [ASPM ClockPM Segments MSI EDR HPX-Type3]
[    0.502891] acpi PNP0A03:00: _OSC: not requesting OS control; OS requires [ExtendedConfig ASPM ClockPM MSI]
[    0.503454] acpi PNP0A03:00: fail to add MMCONFIG information, can't access extended PCI configuration space under this bridge.
[    0.504967] acpiphp: Slot [3] registered
[    0.505223] acpiphp: Slot [4] registered
[    0.505478] acpiphp: Slot [5] registered
[    0.505731] acpiphp: Slot [6] registered
[    0.505990] acpiphp: Slot [7] registered
[    0.506248] acpiphp: Slot [8] registered
[    0.506502] acpiphp: Slot [9] registered
[    0.506756] acpiphp: Slot [10] registered
[    0.507017] acpiphp: Slot [11] registered
[    0.507275] acpiphp: Slot [12] registered
[    0.507534] acpiphp: Slot [13] registered
[    0.507799] acpiphp: Slot [14] registered
[    0.508059] acpiphp: Slot [15] registered
[    0.508318] acpiphp: Slot [16] registered
[    0.508578] acpiphp: Slot [17] registered
[    0.508837] acpiphp: Slot [18] registered
[    0.509096] acpiphp: Slot [19] registered
[    0.509356] acpiphp: Slot [20] registered
[    0.509619] acpiphp: Slot [21] registered
[    0.509877] acpiphp: Slot [22] registered
[    0.510135] acpiphp: Slot [23] registered
[    0.510399] acpiphp: Slot [24] registered
[    0.510657] acpiphp: Slot [25] registered
[    0.510917] acpiphp: Slot [26] registered
[    0.511181] acpiphp: Slot [27] registered
[    0.511440] acpiphp: Slot [28] registered
[    0.511698] acpiphp: Slot [29] registered
[    0.511837] acpiphp: Slot [30] registered
[    0.512100] acpiphp: Slot [31] registered
[    0.512334] PCI host bridge to bus 0000:00
[    0.512565] pci_bus 0000:00: root bus resource [io  0x0000-0x0cf7 window]
[    0.512942] pci_bus 0000:00: root bus resource [io  0x0d00-0xffff window]
[    0.513319] pci_bus 0000:00: root bus resource [mem 0x000a0000-0x000bffff window]
[    0.513733] pci_bus 0000:00: root bus resource [mem 0x80000000-0xfebfffff window]
[    0.514146] pci_bus 0000:00: root bus resource [mem 0x100000000-0x17fffffff window]
[    0.514570] pci_bus 0000:00: root bus resource [bus 00-ff]
[    0.514933] pci 0000:00:00.0: [8086:1237] type 00 class 0x060000
[    0.517056] pci 0000:00:01.0: [8086:7000] type 00 class 0x060100
[    0.517820] pci 0000:00:01.1: [8086:7010] type 00 class 0x010180
[    0.519183] pci 0000:00:01.1: reg 0x20: [io  0xc040-0xc04f]
[    0.519891] pci 0000:00:01.1: legacy IDE quirk: reg 0x10: [io  0x01f0-0x01f7]
[    0.520287] pci 0000:00:01.1: legacy IDE quirk: reg 0x14: [io  0x03f6]
[    0.520647] pci 0000:00:01.1: legacy IDE quirk: reg 0x18: [io  0x0170-0x0177]
[    0.521040] pci 0000:00:01.1: legacy IDE quirk: reg 0x1c: [io  0x0376]
[    0.521565] pci 0000:00:01.3: [8086:7113] type 00 class 0x068000
[    0.522117] pci 0000:00:01.3: quirk: [io  0x0600-0x063f] claimed by PIIX4 ACPI
[    0.522521] pci 0000:00:01.3: quirk: [io  0x0700-0x070f] claimed by PIIX4 SMB
[    0.523080] pci 0000:00:02.0: [1234:1111] type 00 class 0x030000
[    0.524022] pci 0000:00:02.0: reg 0x10: [mem 0xfd000000-0xfdffffff pref]
[    0.525654] pci 0000:00:02.0: reg 0x18: [mem 0xfebf0000-0xfebf0fff]
[    0.528264] pci 0000:00:02.0: reg 0x30: [mem 0xfebe0000-0xfebeffff pref]
[    0.528769] pci 0000:00:02.0: Video device with shadowed ROM at [mem 0x000c0000-0x000dffff]
[    0.531034] pci 0000:00:03.0: [8086:100e] type 00 class 0x020000
[    0.531694] pci 0000:00:03.0: reg 0x10: [mem 0xfebc0000-0xfebdffff]
[    0.532029] pci 0000:00:03.0: reg 0x14: [io  0xc000-0xc03f]
[    0.533992] pci 0000:00:03.0: reg 0x30: [mem 0xfeb80000-0xfebbffff pref]
[    0.541620] ACPI: PCI: Interrupt link LNKA configured for IRQ 10
[    0.542181] ACPI: PCI: Interrupt link LNKB configured for IRQ 10
[    0.542730] ACPI: PCI: Interrupt link LNKC configured for IRQ 11
[    0.543292] ACPI: PCI: Interrupt link LNKD configured for IRQ 11
[    0.543726] ACPI: PCI: Interrupt link LNKS configured for IRQ 9
[    0.545193] iommu: Default domain type: Translated 
[    0.545466] iommu: DMA domain TLB invalidation policy: lazy mode 
[    0.546275] SCSI subsystem initialized
[    0.546546] libata version 3.00 loaded.
[    0.546619] ACPI: bus type USB registered
[    0.546876] usbcore: registered new interface driver usbfs
[    0.547191] usbcore: registered new interface driver hub
[    0.547558] usbcore: registered new device driver usb
[    0.547878] pps_core: LinuxPPS API ver. 1 registered
[    0.548164] pps_core: Software ver. 5.3.6 - Copyright 2005-2007 Rodolfo Giometti <giometti@linux.it>
[    0.548666] PTP clock support registered
[    0.548996] EDAC MC: Ver: 3.0.0
[    0.549272] EDAC DEBUG: edac_mc_sysfs_init: device mc created
[    0.549854] NetLabel: Initializing
[    0.550050] NetLabel:  domain hash size = 128
[    0.550295] NetLabel:  protocols = UNLABELED CIPSOv4 CALIPSO
[    0.550636] NetLabel:  unlabeled traffic allowed by default
[    0.551065] PCI: Using ACPI for IRQ routing
[    0.551302] PCI: pci_cache_line_size set to 64 bytes
[    0.551360] e820: reserve RAM buffer [mem 0x0009fc00-0x0009ffff]
[    0.551368] e820: reserve RAM buffer [mem 0x7ffe0000-0x7fffffff]
[    0.551426] pci 0000:00:02.0: vgaarb: setting as boot VGA device
[    0.551762] pci 0000:00:02.0: vgaarb: bridge control possible
[    0.551797] pci 0000:00:02.0: vgaarb: VGA device added: decodes=io+mem,owns=io+mem,locks=none
[    0.551800] vgaarb: loaded
[    0.552293] hpet0: at MMIO 0xfed00000, IRQs 2, 8, 0
[    0.552581] hpet0: 3 comparators, 64-bit 100.000000 MHz counter
[    2.701232] clocksource: Switched to clocksource kvm-clock
[    2.784114] VFS: Disk quotas dquot_6.6.0
[    2.784397] VFS: Dquot-cache hash table entries: 512 (order 0, 4096 bytes)
[    2.784895] pnp: PnP ACPI init
[    2.785302] pnp 00:02: [dma 2]
[    2.786135] pnp: PnP ACPI: found 6 devices
[    2.793599] clocksource: acpi_pm: mask: 0xffffff max_cycles: 0xffffff, max_idle_ns: 2085701024 ns
[    2.794319] NET: Registered PF_INET protocol family
[    2.794741] IP idents hash table entries: 32768 (order: 6, 262144 bytes, linear)
[    2.797315] tcp_listen_portaddr_hash hash table entries: 1024 (order: 2, 16384 bytes, linear)
[    2.797808] Table-perturb hash table entries: 65536 (order: 6, 262144 bytes, linear)
[    2.798236] TCP established hash table entries: 16384 (order: 5, 131072 bytes, linear)
[    2.799010] TCP bind hash table entries: 16384 (order: 7, 524288 bytes, linear)
[    2.799642] TCP: Hash tables configured (established 16384 bind 16384)
[    2.800076] UDP hash table entries: 1024 (order: 3, 32768 bytes, linear)
[    2.800486] UDP-Lite hash table entries: 1024 (order: 3, 32768 bytes, linear)
[    2.800956] NET: Registered PF_UNIX/PF_LOCAL protocol family
[    2.801736] RPC: Registered named UNIX socket transport module.
[    2.802069] RPC: Registered udp transport module.
[    2.802327] RPC: Registered tcp transport module.
[    2.802582] RPC: Registered tcp NFSv4.1 backchannel transport module.
[    2.802946] pci_bus 0000:00: resource 4 [io  0x0000-0x0cf7 window]
[    2.803287] pci_bus 0000:00: resource 5 [io  0x0d00-0xffff window]
[    2.803629] pci_bus 0000:00: resource 6 [mem 0x000a0000-0x000bffff window]
[    2.804009] pci_bus 0000:00: resource 7 [mem 0x80000000-0xfebfffff window]
[    2.804393] pci_bus 0000:00: resource 8 [mem 0x100000000-0x17fffffff window]
[    2.804919] pci 0000:00:01.0: PIIX3: Enabling Passive Release
[    2.805243] pci 0000:00:00.0: Limiting direct PCI/PCI transfers
[    2.805639] PCI: CLS 0 bytes, default 64
[    2.805876] ACPI: bus type thunderbolt registered
[    2.806381] clocksource: tsc: mask: 0xffffffffffffffff max_cycles: 0x2a11290c0c8, max_idle_ns: 440795344938 ns
[    3.079682] Initialise system trusted keyrings
[    3.080018] Key type blacklist registered
[    3.080445] workingset: timestamp_bits=36 max_order=19 bucket_order=0
[    3.085135] zbud: loaded
[    3.086040] squashfs: version 4.0 (2009/01/31) Phillip Lougher
[    3.087045] NFS: Registering the id_resolver key type
[    3.087332] Key type id_resolver registered
[    3.087558] Key type id_legacy registered
[    3.087831] nfs4filelayout_init: NFSv4 File Layout Driver Registering...
[    3.088198] nfs4flexfilelayout_init: NFSv4 Flexfile Layout Driver Registering...
[    3.088718] fuse: init (API version 7.37)
[    3.089132] SGI XFS with ACLs, security attributes, realtime, quota, no debug enabled
[    3.090427] 9p: Installing v9fs 9p2000 file system support
[    3.096165] Key type asymmetric registered
[    3.096397] Asymmetric key parser 'x509' registered
[    3.097372] alg: self-tests for CTR-KDF (hmac(sha256)) passed
[    3.098037] Block layer SCSI generic (bsg) driver version 0.4 loaded (major 243)
[    3.098945] io scheduler mq-deadline registered
[    3.099249] io scheduler bfq registered
[    3.099986] shpchp: Standard Hot Plug PCI Controller Driver version: 0.4
[    3.100915] IPMI message handler: version 39.2
[    3.101423] ipmi device interface
[    3.102806] input: Power Button as /devices/LNXSYSTM:00/LNXPWRBN:00/input/input0
[    3.103336] ACPI: button: Power Button [PWRF]
[    3.104210] ERST DBG: ERST support is disabled.
[    3.104934] Serial: 8250/16550 driver, 32 ports, IRQ sharing enabled
[    3.105377] serial 00:04: GPIO lookup for consumer rs485-term
[    3.105385] serial 00:04: using ACPI for GPIO lookup
[    3.105394] acpi PNP0501:00: GPIO: looking up rs485-term-gpios
[    3.105403] acpi PNP0501:00: GPIO: looking up rs485-term-gpio
[    3.105410] serial 00:04: using lookup tables for GPIO lookup
[    3.105418] serial 00:04: No GPIO consumer rs485-term found
[    3.105649] 00:04: ttyS0 at I/O 0x3f8 (irq = 4, base_baud = 115200) is a 16550A
[    3.109700] Linux agpgart interface v0.103
[    3.110226] ACPI: bus type drm_connector registered
[    3.117131] brd: module loaded
[    3.121654] loop: module loaded
[    3.122889] ata_piix 0000:00:01.1: version 2.13
[    3.123729] scsi host0: ata_piix
[    3.124149] scsi host1: ata_piix
[    3.124406] ata1: PATA max MWDMA2 cmd 0x1f0 ctl 0x3f6 bmdma 0xc040 irq 14
[    3.124777] ata2: PATA max MWDMA2 cmd 0x170 ctl 0x376 bmdma 0xc048 irq 15
[    3.125599] mdio_bus fixed-0: GPIO lookup for consumer reset
[    3.125607] mdio_bus fixed-0: using lookup tables for GPIO lookup
[    3.125613] mdio_bus fixed-0: No GPIO consumer reset found
[    3.125785] tun: Universal TUN/TAP device driver, 1.6
[    3.126138] e100: Intel(R) PRO/100 Network Driver
[    3.126396] e100: Copyright(c) 1999-2006 Intel Corporation
[    3.126718] e1000: Intel(R) PRO/1000 Network Driver
[    3.126979] e1000: Copyright (c) 1999-2006 Intel Corporation.
[    3.203410] ACPI: \_SB_.LNKC: Enabled at IRQ 11
[    3.283896] ata1: found unknown device (class 0)
[    3.284500] ata1.00: ATA-7: QEMU HARDDISK, 2.5+, max UDMA/100
[    3.284821] ata1.00: 16777216 sectors, multi 16: LBA48 
[    3.285557] scsi 0:0:0:0: Direct-Access     ATA      QEMU HARDDISK    2.5+ PQ: 0 ANSI: 5
[    3.286288] scsi 0:0:0:0: Attached scsi generic sg0 type 0
[    3.286779] sd 0:0:0:0: [sda] 16777216 512-byte logical blocks: (8.59 GB/8.00 GiB)
[    3.287208] sd 0:0:0:0: [sda] Write Protect is off
[    3.287473] sd 0:0:0:0: [sda] Mode Sense: 00 3a 00 00
[    3.287495] sd 0:0:0:0: [sda] Write cache: enabled, read cache: enabled, doesn't support DPO or FUA
[    3.288008] sd 0:0:0:0: [sda] Preferred minimum I/O size 512 bytes
[    3.288753] ata2: found unknown device (class 0)
[    3.289318] ata2.00: ATAPI: QEMU DVD-ROM, 2.5+, max UDMA/100
[    3.290240] scsi 1:0:0:0: CD-ROM            QEMU     QEMU DVD-ROM     2.5+ PQ: 0 ANSI: 5
[    3.312978] sd 0:0:0:0: [sda] Attached SCSI disk
[    3.320272] scsi 1:0:0:0: Attached scsi generic sg1 type 5
[    3.521928] e1000 0000:00:03.0 eth0: (PCI:33MHz:32-bit) 52:54:00:12:34:56
[    3.522308] e1000 0000:00:03.0 eth0: Intel(R) PRO/1000 Network Connection
[    3.522719] e1000e: Intel(R) PRO/1000 Network Driver
[    3.522988] e1000e: Copyright(c) 1999 - 2015 Intel Corporation.
[    3.523357] igb: Intel(R) Gigabit Ethernet Network Driver
[    3.523645] igb: Copyright (c) 2007-2014 Intel Corporation.
[    3.524004] PPP generic driver version 2.4.2
[    3.524525] VFIO - User Level meta-driver version: 0.3
[    3.525038] usbcore: registered new interface driver uas
[    3.525371] usbcore: registered new interface driver usb-storage
[    3.525782] i8042: PNP: PS/2 Controller [PNP0303:KBD,PNP0f13:MOU] at 0x60,0x64 irq 1,12
[    3.526649] serio: i8042 KBD port at 0x60,0x64 irq 1
[    3.526924] serio: i8042 AUX port at 0x60,0x64 irq 12
[    3.527524] mousedev: PS/2 mouse device common for all mice
[    3.528184] input: AT Translated Set 2 keyboard as /devices/platform/i8042/serio0/input/input1
[    3.529069] input: VirtualPS/2 VMware VMMouse as /devices/platform/i8042/serio1/input/input4
[    3.529585] rtc_cmos 00:05: RTC can wake from S4
[    3.530024] input: VirtualPS/2 VMware VMMouse as /devices/platform/i8042/serio1/input/input3
[    3.530913] rtc_cmos 00:05: registered as rtc0
[    3.531189] rtc_cmos 00:05: setting system clock to 2022-12-07T04:51:22 UTC (1670388682)
[    3.531632] rtc_cmos 00:05: GPIO lookup for consumer wp
[    3.531639] rtc_cmos 00:05: using ACPI for GPIO lookup
[    3.531647] acpi PNP0B00:00: GPIO: looking up wp-gpios
[    3.531654] acpi PNP0B00:00: GPIO: looking up wp-gpio
[    3.531661] rtc_cmos 00:05: using lookup tables for GPIO lookup
[    3.531667] rtc_cmos 00:05: No GPIO consumer wp found
[    3.531697] rtc_cmos 00:05: alarms up to one day, y3k, 242 bytes nvram, hpet irqs
[    3.532162] i2c_dev: i2c /dev entries driver
[    3.532423] device-mapper: core: CONFIG_IMA_DISABLE_HTABLE is disabled. Duplicate IMA measurements will not be recorded in the IMA log.
[    3.533118] device-mapper: uevent: version 1.0.3
[    3.533462] device-mapper: ioctl: 4.47.0-ioctl (2022-07-28) initialised: dm-devel@redhat.com
[    3.533919] intel_pstate: CPU model not supported
[    3.534220] sdhci: Secure Digital Host Controller Interface driver
[    3.534561] sdhci: Copyright(c) Pierre Ossman
[    3.534830] sdhci-pltfm: SDHCI platform and OF driver helper
[    3.535197] ledtrig-cpu: registered to indicate activity on CPUs
[    3.535659] drop_monitor: Initializing network drop monitor service
[    3.536336] NET: Registered PF_INET6 protocol family
[    3.537458] Segment Routing with IPv6
[    3.537691] In-situ OAM (IOAM) with IPv6
[    3.537934] NET: Registered PF_PACKET protocol family
[    3.538320] 9pnet: Installing 9P2000 support
[    3.538626] Key type dns_resolver registered
[    3.539354] IPI shorthand broadcast: enabled
[    3.539665] sched_clock: Marking stable (3532892313, 6281008)->(3554036211, -14862890)
[    3.540547] registered taskstats version 1
[    3.540983] Loading compiled-in X.509 certificates
[    3.542048] zswap: loaded using pool lzo/zbud
[    3.542542] Key type .fscrypt registered
[    3.542762] Key type fscrypt-provisioning registered
[    3.543439] Key type encrypted registered
[    3.543680] ima: No TPM chip found, activating TPM-bypass!
[    3.544030] ima: Allocated hash algorithm: sha1
[    3.544298] ima: No architecture policies found
[    3.544571] evm: Initialising EVM extended attributes:
[    3.544848] evm: security.selinux
[    3.545041] evm: security.SMACK64
[    3.545260] evm: security.SMACK64EXEC
[    3.545494] evm: security.SMACK64TRANSMUTE
[    3.545755] evm: security.SMACK64MMAP
[    3.545991] evm: security.apparmor
[    3.546215] evm: security.ima
[    3.546423] evm: security.capability
[    3.546665] evm: HMAC attrs: 0x1
[    3.549370] PM:   Magic number: 2:324:868
[    3.549910] RAS: Correctable Errors collector initialized.
[    3.550402] md: Waiting for all devices to be available before autodetect
[    3.550657] md: If you don't use raid, use raid=noautodetect
[    3.550865] md: Autodetecting RAID arrays.
[    3.551012] md: autorun ...
[    3.551116] md: ... autorun DONE.
[    3.553582] EXT4-fs (sda): INFO: recovery required on readonly filesystem
[    3.553836] EXT4-fs (sda): write access will be enabled during recovery
[    3.563021] EXT4-fs (sda): recovery complete
[    3.564301] EXT4-fs (sda): mounted filesystem with ordered data mode. Quota mode: none.
[    3.564614] VFS: Mounted root (ext4 filesystem) readonly on device 8:0.
[    3.565164] devtmpfs: mounted
[    3.569593] Freeing unused decrypted memory: 2036K
[    3.571557] Freeing unused kernel image (initmem) memory: 3636K
[    3.579939] Write protecting the kernel read-only data: 40960k
[    3.582205] Freeing unused kernel image (text/rodata gap) memory: 2028K
[    3.582784] Freeing unused kernel image (rodata/data gap) memory: 612K
[    3.661150] x86/mm: Checked W+X mappings: passed, no W+X pages found.
[    3.661403] Run /sbin/init as init process
[    3.661554]   with arguments:
[    3.661558]     /sbin/init
[    3.661563]   with environment:
[    3.661566]     HOME=/
[    3.661570]     TERM=linux
[    3.754870] systemd[1]: RTC configured in localtime, applying delta of 0 minutes to system time.
[    3.772175] systemd[1]: systemd 239 (239-49.el8) running in system mode. (+PAM +AUDIT +SELINUX +IMA -APPARMOR +SMACK +SYSVINIT +UTMP +LIBCRYPTSETUP +GCRYPT +G)
[    3.773017] systemd[1]: Detected virtualization kvm.
[    3.773206] systemd[1]: Detected architecture x86-64.
[    3.836574] systemd[1]: Set hostname to <test>.
[    4.847809] random: crng init done
[    4.925076] systemd[1]: Listening on RPCbind Server Activation Socket.
[    4.928448] systemd[1]: Listening on Process Core Dump Socket.
[    4.929016] systemd[1]: Listening on multipathd control socket.
[    4.930182] systemd[1]: Created slice User and Session Slice.
[    4.930677] systemd[1]: Reached target Swap.
[    4.931695] systemd[1]: Created slice system-serial\x2dgetty.slice.
[    5.119594] EXT4-fs (sda): re-mounted. Quota mode: none.
[    6.215826] e1000: eth0 NIC Link is Up 1000 Mbps Full Duplex, Flow Control: RX
[    6.216359] IPv6: ADDRCONF(NETDEV_CHANGE): eth0: link becomes ready
[    6.403256] Spectre V2 : WARNING: Unprivileged eBPF is enabled with eIBRS on, data leaks possible via Spectre v2 BHB attacks!
[    6.403745] Spectre V2 : WARNING: Unprivileged eBPF is enabled with eIBRS on, data leaks possible via Spectre v2 BHB attacks!
[   94.194649] loop0: detected capacity change from 0 to 1024
[   94.194971] =======================================================
               WARNING: The mand mount option has been deprecated and
                        and is ignored by this kernel. Remove the mand
                        option from the mount to silence this warning.
               =======================================================
[   94.196162] EXT4-fs: Ignoring removed bh option
[   94.196329] EXT4-fs: Ignoring removed i_version option
[   94.196595] EXT4-fs: Journaled quota options ignored when QUOTA feature is enabled
[   94.197298] EXT4-fs (loop0): mounted filesystem without journal. Quota mode: writeback.
[   94.200136] ------------[ cut here ]------------
[   94.200312] WARNING: CPU: 0 PID: 443 at fs/ext4/xattr.c:2069 ext4_xattr_block_set+0x1710/0x1770
[   94.200645] Modules linked in:
[   94.200759] CPU: 0 PID: 443 Comm: repro_ext4 Not tainted 6.1.0-rc8-kvm-ext4+ #15
[   94.201024] Hardware name: QEMU Standard PC (i440FX + PIIX, 1996), BIOS rel-1.16.0-0-gd239552ce722-prebuilt.qemu.org 04/01/2014
[   94.201427] RIP: 0010:ext4_xattr_block_set+0x1710/0x1770
[   94.201625] Code: e8 b5 18 ff ff 48 8b 7d a0 e8 7c ec e5 ff e9 80 fe ff ff e8 52 40 b5 ff 4c 89 ff e8 fa c3 e9 ff e9 b6 f5 ff ff e8 40 40 b5 ff <0f> 0b e9 21 1
[   94.202270] RSP: 0018:ffffc90000e83a10 EFLAGS: 00010246
[   94.202461] RAX: 0000000000000000 RBX: 0000000000000001 RCX: ffffffff816f9b60
[   94.202716] RDX: 0000000000000000 RSI: ffff88800a404c80 RDI: 0000000000000002
[   94.202966] RBP: ffffc90000e83ae8 R08: ffff88800ad74424 R09: ffff88800ad747fe
[   94.203218] R10: ffffc90000e83e28 R11: 000000000000003d R12: 0000000000000000
[   94.203474] R13: ffff88800a442800 R14: 0000000000000000 R15: 0000000000000000
[   94.203725] FS:  00007f6b8eec8740(0000) GS:ffff88807dc00000(0000) knlGS:0000000000000000
[   94.204139] CS:  0010 DS: 0000 ES: 0000 CR0: 0000000080050033
[   94.204354] CR2: 0000558c1bff06f8 CR3: 000000000b246002 CR4: 0000000000770ef0
[   94.204621] PKRU: 55555554
[   94.204727] Call Trace:
[   94.204825]  <TASK>
[   94.204913]  ? __sanitizer_cov_trace_pc+0x25/0x60
[   94.205098]  ext4_expand_extra_isize_ea+0x5e9/0xcd0
[   94.205287]  __ext4_expand_extra_isize+0x188/0x1f0
[   94.205473]  __ext4_mark_inode_dirty+0x246/0x370
[   94.205662]  ? ext4_setattr+0x1380/0x1380
[   94.205814]  ext4_dirty_inode+0x7a/0xa0
[   94.205960]  __mark_inode_dirty+0xa3/0x650
[   94.206116]  ? setattr_copy+0x11e/0x320
[   94.206264]  ext4_setattr+0xb26/0x1380
[   94.206408]  ? __sanitizer_cov_trace_pc+0x25/0x60
[   94.206588]  ? ext4_journalled_write_end+0x900/0x900
[   94.206782]  notify_change+0x3f8/0xb50
[   94.206927]  chmod_common+0xef/0x200
[   94.207066]  ? chmod_common+0xef/0x200
[   94.207212]  ? __sanitizer_cov_trace_pc+0x25/0x60
[   94.207388]  do_fchmodat+0x76/0xf0
[   94.207519]  __x64_sys_chmod+0x28/0x40
[   94.207660]  do_syscall_64+0x3b/0x90
[   94.207810]  entry_SYSCALL_64_after_hwframe+0x63/0xcd
[   94.208003] RIP: 0033:0x7f6b8efed59d
[   94.208139] Code: 00 c3 66 2e 0f 1f 84 00 00 00 00 00 90 f3 0f 1e fa 48 89 f8 48 89 f7 48 89 d6 48 89 ca 4d 89 c2 4d 89 c8 4c 8b 4c 24 08 0f 05 <48> 3d 01 f0 8
[   94.208879] RSP: 002b:00007ffd4a7d67c8 EFLAGS: 00000246 ORIG_RAX: 000000000000005a
[   94.209158] RAX: ffffffffffffffda RBX: 0000000000000000 RCX: 00007f6b8efed59d
[   94.209419] RDX: 0031656c69662f2e RSI: 0000000000000140 RDI: 0000000020000100
[   94.209686] RBP: 00007ffd4a7d67d0 R08: 00007ffd4a7d6630 R09: 00000000004028d0
[   94.209964] R10: 00007ffd4a7d6630 R11: 0000000000000246 R12: 00000000004011a0
[   94.210226] R13: 00007ffd4a7d68b0 R14: 0000000000000000 R15: 0000000000000000
[   94.210490]  </TASK>
[   94.210580] ---[ end trace 0000000000000000 ]---
