c[?7l[2J[0mSeaBIOS (version rel-1.16.0-0-gd239552ce722-prebuilt.qemu.org)


iPXE (http://ipxe.org) 00:03.0 CA00 PCI2.10 PnP PMM+7FF91000+7FEF1000 CA00
Press Ctrl-B to configure iPXE (PCI 00:03.0)...                                                                               


Booting from ROM...
c[?7l[2J[    0.000000] Linux version 6.10.0-408323581b72+ (root@p-mtlsx) (gcc (GCC) 11.4.1 20231218 (Red Hat 11.4.1-3), GNU ld version 2.35.2-48.el9) #1 SMP PREEMPT_DYNAMIC Wed Jul 31 20:37:20 CST 2024
[    0.000000] Command line: console=ttyS0 root=/dev/sda earlyprintk=serial net.ifnames=0 plymouth.enable=0
[    0.000000] KERNEL supported cpus:
[    0.000000]   Intel GenuineIntel
[    0.000000]   AMD AuthenticAMD
[    0.000000]   Hygon HygonGenuine
[    0.000000]   Centaur CentaurHauls
[    0.000000]   zhaoxin   Shanghai  
[    0.000000] x86/split lock detection: #DB: warning on user-space bus_locks
[    0.000000] BIOS-provided physical RAM map:
[    0.000000] BIOS-e820: [mem 0x0000000000000000-0x000000000009fbff] usable
[    0.000000] BIOS-e820: [mem 0x000000000009fc00-0x000000000009ffff] reserved
[    0.000000] BIOS-e820: [mem 0x00000000000f0000-0x00000000000fffff] reserved
[    0.000000] BIOS-e820: [mem 0x0000000000100000-0x000000007ffdffff] usable
[    0.000000] BIOS-e820: [mem 0x000000007ffe0000-0x000000007fffffff] reserved
[    0.000000] BIOS-e820: [mem 0x00000000feffc000-0x00000000feffffff] reserved
[    0.000000] BIOS-e820: [mem 0x00000000fffc0000-0x00000000ffffffff] reserved
[    0.000000] printk: legacy bootconsole [earlyser0] enabled
[    0.000000] NX (Execute Disable) protection: active
[    0.000000] APIC: Static calls initialized
[    0.000000] SMBIOS 2.8 present.
[    0.000000] DMI: QEMU Standard PC (i440FX + PIIX, 1996), BIOS rel-1.16.0-0-gd239552ce722-prebuilt.qemu.org 04/01/2014
[    0.000000] DMI: Memory slots populated: 1/1
[    0.000000] Hypervisor detected: KVM
[    0.000000] kvm-clock: Using msrs 4b564d01 and 4b564d00
[    0.000003] kvm-clock: using sched offset of 872804664 cycles
[    0.000337] clocksource: kvm-clock: mask: 0xffffffffffffffff max_cycles: 0x1cd42e4dffb, max_idle_ns: 881590591483 ns
[    0.001366] tsc: Detected 2380.800 MHz processor
[    0.008173] last_pfn = 0x7ffe0 max_arch_pfn = 0x400000000
[    0.008546] MTRR map: 4 entries (3 fixed + 1 variable; max 19), built from 8 variable MTRRs
[    0.009068] x86/PAT: Configuration [0-7]: WB  WC  UC- UC  WB  WP  UC- WT  
[    0.018564] found SMP MP-table at [mem 0x000f5ba0-0x000f5baf]
[    0.018995] Using GB pages for direct mapping
[    0.021692] ACPI: Early table checksum verification disabled
[    0.022066] ACPI: RSDP 0x00000000000F59C0 000014 (v00 BOCHS )
[    0.022445] ACPI: RSDT 0x000000007FFE1951 000034 (v01 BOCHS  BXPC     00000001 BXPC 00000001)
[    0.023157] ACPI: FACP 0x000000007FFE17FD 000074 (v01 BOCHS  BXPC     00000001 BXPC 00000001)
[    0.023767] ACPI: DSDT 0x000000007FFE0040 0017BD (v01 BOCHS  BXPC     00000001 BXPC 00000001)
[    0.024314] ACPI: FACS 0x000000007FFE0000 000040
[    0.024616] ACPI: APIC 0x000000007FFE1871 000080 (v01 BOCHS  BXPC     00000001 BXPC 00000001)
[    0.025158] ACPI: HPET 0x000000007FFE18F1 000038 (v01 BOCHS  BXPC     00000001 BXPC 00000001)
[    0.026133] ACPI: WAET 0x000000007FFE1929 000028 (v01 BOCHS  BXPC     00000001 BXPC 00000001)
[    0.027153] ACPI: Reserving FACP table memory at [mem 0x7ffe17fd-0x7ffe1870]
[    0.027979] ACPI: Reserving DSDT table memory at [mem 0x7ffe0040-0x7ffe17fc]
[    0.028772] ACPI: Reserving FACS table memory at [mem 0x7ffe0000-0x7ffe003f]
[    0.029339] ACPI: Reserving APIC table memory at [mem 0x7ffe1871-0x7ffe18f0]
[    0.029836] ACPI: Reserving HPET table memory at [mem 0x7ffe18f1-0x7ffe1928]
[    0.030274] ACPI: Reserving WAET table memory at [mem 0x7ffe1929-0x7ffe1950]
[    0.031264] No NUMA configuration found
[    0.031509] Faking a node at [mem 0x0000000000000000-0x000000007ffdffff]
[    0.031953] NODE_DATA(0) allocated [mem 0x7ffb4e00-0x7ffdfdff]
[    0.033918] Zone ranges:
[    0.034085]   DMA      [mem 0x0000000000001000-0x0000000000ffffff]
[    0.034473]   DMA32    [mem 0x0000000001000000-0x000000007ffdffff]
[    0.034858]   Normal   empty
[    0.035097]   Device   empty
[    0.035350] Movable zone start for each node
[    0.035700] Early memory node ranges
[    0.035968]   node   0: [mem 0x0000000000001000-0x000000000009efff]
[    0.036372]   node   0: [mem 0x0000000000100000-0x000000007ffdffff]
[    0.036765] Initmem setup node 0 [mem 0x0000000000001000-0x000000007ffdffff]
[    0.037673] On node 0, zone DMA: 1 pages in unavailable ranges
[    0.038355] On node 0, zone DMA: 97 pages in unavailable ranges
[    0.123351] On node 0, zone DMA32: 32 pages in unavailable ranges
[    0.424197] kasan: KernelAddressSanitizer initialized
[    0.424733] ACPI: PM-Timer IO Port: 0x608
[    0.425002] ACPI: LAPIC_NMI (acpi_id[0xff] dfl dfl lint[0x1])
[    0.425441] IOAPIC[0]: apic_id 0, version 17, address 0xfec00000, GSI 0-23
[    0.425892] ACPI: INT_SRC_OVR (bus 0 bus_irq 0 global_irq 2 dfl dfl)
[    0.426295] ACPI: INT_SRC_OVR (bus 0 bus_irq 5 global_irq 5 high level)
[    0.426707] ACPI: INT_SRC_OVR (bus 0 bus_irq 9 global_irq 9 high level)
[    0.427120] ACPI: INT_SRC_OVR (bus 0 bus_irq 10 global_irq 10 high level)
[    0.427542] ACPI: INT_SRC_OVR (bus 0 bus_irq 11 global_irq 11 high level)
[    0.427974] ACPI: Using ACPI (MADT) for SMP configuration information
[    0.428377] ACPI: HPET id: 0x8086a201 base: 0xfed00000
[    0.428708] TSC deadline timer available
[    0.429027] CPU topo: Max. logical packages:   1
[    0.429394] CPU topo: Max. logical dies:       1
[    0.429765] CPU topo: Max. dies per package:   1
[    0.430053] CPU topo: Max. threads per core:   1
[    0.430343] CPU topo: Num. cores per package:     2
[    0.430643] CPU topo: Num. threads per package:   2
[    0.430945] CPU topo: Allowing 2 present CPUs plus 0 hotplug CPUs
[    0.431377] kvm-guest: APIC: eoi() replaced with kvm_guest_apic_eoi_write()
[    0.431861] kvm-guest: KVM setup pv remote TLB flush
[    0.432174] kvm-guest: setup PV sched yield
[    0.432495] PM: hibernation: Registered nosave memory: [mem 0x00000000-0x00000fff]
[    0.432967] PM: hibernation: Registered nosave memory: [mem 0x0009f000-0x0009ffff]
[    0.433434] PM: hibernation: Registered nosave memory: [mem 0x000a0000-0x000effff]
[    0.433894] PM: hibernation: Registered nosave memory: [mem 0x000f0000-0x000fffff]
[    0.434369] [mem 0x80000000-0xfeffbfff] available for PCI devices
[    0.434747] Booting paravirtualized kernel on KVM
[    0.435054] clocksource: refined-jiffies: mask: 0xffffffff max_cycles: 0xffffffff, max_idle_ns: 7645519600211568 ns
[    0.435881] setup_percpu: NR_CPUS:8192 nr_cpumask_bits:2 nr_cpu_ids:2 nr_node_ids:1
[    0.437744] percpu: Embedded 84 pages/cpu s307200 r8192 d28672 u1048576
[    0.438328] kvm-guest: PV spinlocks enabled
[    0.438605] PV qspinlock hash table entries: 256 (order: 0, 4096 bytes, linear)
[    0.439073] Kernel command line: net.ifnames=0 console=ttyS0 root=/dev/sda earlyprintk=serial net.ifnames=0 plymouth.enable=0
[    0.440251] random: crng init done
[    0.441642] Dentry cache hash table entries: 262144 (order: 9, 2097152 bytes, linear)
[    0.442904] Inode-cache hash table entries: 131072 (order: 8, 1048576 bytes, linear)
[    0.443675] Fallback order for Node 0: 0 
[    0.443691] Built 1 zonelists, mobility grouping on.  Total pages: 524158
[    0.444355] Policy zone: DMA32
[    0.444599] mem auto-init: stack:off, heap alloc:off, heap free:off
[    0.445048] stackdepot: allocating hash table via alloc_large_system_hash
[    0.445518] stackdepot hash table entries: 1048576 (order: 12, 16777216 bytes, linear)
[    0.508987] Memory: 1563724K/2096632K available (75776K kernel code, 14397K rwdata, 17088K rodata, 15272K init, 68344K bss, 532652K reserved, 0K cma-reserved)
[    0.511439] SLUB: HWalign=64, Order=0-3, MinObjects=0, CPUs=2, Nodes=1
[    0.511836] kmemleak: Kernel memory leak detector disabled
[    0.512415] ftrace: allocating 71670 entries in 280 pages
[    0.547875] ftrace: allocated 280 pages with 3 groups
[    0.551807] Dynamic Preempt: voluntary
[    0.552687] Running RCU self tests
[    0.552877] Running RCU synchronous self tests
[    0.553155] rcu: Preemptible hierarchical RCU implementation.
[    0.553502] rcu: 	RCU lockdep checking is enabled.
[    0.553826] rcu: 	RCU restricting CPUs from NR_CPUS=8192 to nr_cpu_ids=2.
[    0.554367] 	Trampoline variant of Tasks RCU enabled.
[    0.554714] 	Rude variant of Tasks RCU enabled.
[    0.554984] 	Tracing variant of Tasks RCU enabled.
[    0.555272] rcu: RCU calculated value of scheduler-enlistment delay is 25 jiffies.
[    0.555717] rcu: Adjusting geometry for rcu_fanout_leaf=16, nr_cpu_ids=2
[    0.556196] Running RCU synchronous self tests
[    0.556467] RCU Tasks: Setting shift to 1 and lim to 1 rcu_task_cb_adjust=1.
[    0.556885] RCU Tasks Rude: Setting shift to 1 and lim to 1 rcu_task_cb_adjust=1.
[    0.557331] RCU Tasks Trace: Setting shift to 1 and lim to 1 rcu_task_cb_adjust=1.
[    0.600947] NR_IRQS: 524544, nr_irqs: 440, preallocated irqs: 16
[    0.602045] rcu: srcu_init: Setting srcu_struct sizes based on contention.
[    0.608346] Console: colour VGA+ 80x25
[    0.608645] printk: legacy console [ttyS0] enabled
[    0.608645] printk: legacy console [ttyS0] enabled
[    0.609271] printk: legacy bootconsole [earlyser0] disabled
[    0.609271] printk: legacy bootconsole [earlyser0] disabled
[    0.609961] Lock dependency validator: Copyright (c) 2006 Red Hat, Inc., Ingo Molnar
[    0.610440] ... MAX_LOCKDEP_SUBCLASSES:  8
[    0.610694] ... MAX_LOCK_DEPTH:          48
[    0.610950] ... MAX_LOCKDEP_KEYS:        8192
[    0.611219] ... CLASSHASH_SIZE:          4096
[    0.611491] ... MAX_LOCKDEP_ENTRIES:     524288
[    0.611769] ... MAX_LOCKDEP_CHAINS:      524288
[    0.612049] ... CHAINHASH_SIZE:          262144
[    0.612334]  memory used by lock dependency info: 54145 kB
[    0.612738]  memory used for stack traces: 4224 kB
[    0.613099]  per task-struct memory footprint: 1920 bytes
[    0.613624] ACPI: Core revision 20240322
[    0.614503] clocksource: hpet: mask: 0xffffffff max_cycles: 0xffffffff, max_idle_ns: 19112604467 ns
[    0.615293] APIC: Switch to symmetric I/O mode setup
[    0.615857] x2apic enabled
[    0.616409] APIC: Switched APIC routing to: physical x2apic
[    0.616758] kvm-guest: APIC: send_IPI_mask() replaced with kvm_send_ipi_mask()
[    0.617206] kvm-guest: APIC: send_IPI_mask_allbutself() replaced with kvm_send_ipi_mask_allbutself()
[    0.617761] kvm-guest: setup PV IPIs
[    0.619129] ..TIMER: vector=0x30 apic1=0 pin1=2 apic2=-1 pin2=-1
[    0.619559] clocksource: tsc-early: mask: 0xffffffffffffffff max_cycles: 0x22515dbcb04, max_idle_ns: 440795204659 ns
[    0.620215] Calibrating delay loop (skipped) preset value.. 4761.60 BogoMIPS (lpj=9523200)
[    0.624456] x86/cpu: User Mode Instruction Prevention (UMIP) activated
[    0.628525] Last level iTLB entries: 4KB 0, 2MB 0, 4MB 0
[    0.628908] Last level dTLB entries: 4KB 0, 2MB 0, 4MB 0, 1GB 0
[    0.629365] Spectre V1 : Mitigation: usercopy/swapgs barriers and __user pointer sanitization
[    0.629893] Spectre V2 : WARNING: Unprivileged eBPF is enabled with eIBRS on, data leaks possible via Spectre v2 BHB attacks!
[    0.630578] Spectre V2 : Spectre BHI mitigation: SW BHB clearing on syscall and VM exit
[    0.631051] Spectre V2 : Mitigation: Enhanced / Automatic IBRS
[    0.631397] Spectre V2 : Spectre v2 / SpectreRSB mitigation: Filling RSB on context switch
[    0.631881] Spectre V2 : Spectre v2 / PBRSB-eIBRS: Retire a single CALL on VMEXIT
[    0.632215] Spectre V2 : mitigation: Enabling conditional Indirect Branch Prediction Barrier
[    0.632705] Speculative Store Bypass: Mitigation: Speculative Store Bypass disabled via prctl
[    0.633198] MMIO Stale Data: Unknown: No mitigations
[    0.633546] x86/fpu: Supporting XSAVE feature 0x001: 'x87 floating point registers'
[    0.634008] x86/fpu: Supporting XSAVE feature 0x002: 'SSE registers'
[    0.634392] x86/fpu: Supporting XSAVE feature 0x004: 'AVX registers'
[    0.634777] x86/fpu: Supporting XSAVE feature 0x200: 'Protection Keys User registers'
[    0.635253] x86/fpu: xstate_offset[2]:  576, xstate_sizes[2]:  256
[    0.635625] x86/fpu: xstate_offset[9]:  832, xstate_sizes[9]:    8
[    0.636200] x86/fpu: Enabled xstate features 0x207, context size is 840 bytes, using 'compacted' format.
[    0.786032] Freeing SMP alternatives memory: 56K
[    0.786360] pid_max: default: 32768 minimum: 301
[    0.787104] LSM: initializing lsm=capability,yama,ima,evm
[    0.787492] Yama: becoming mindful.
[    0.788332] Mount-cache hash table entries: 4096 (order: 3, 32768 bytes, linear)
[    0.788802] Mountpoint-cache hash table entries: 4096 (order: 3, 32768 bytes, linear)
[    0.792131] Running RCU synchronous self tests
[    0.792208] Running RCU synchronous self tests
[    0.793601] smpboot: CPU0: Genuine Intel(R) 0000 @ (family: 0x6, model: 0xac, stepping: 0x0)
[    0.795670] Running RCU Tasks wait API self tests
[    0.896354] Running RCU Tasks Rude wait API self tests
[    0.897184] Running RCU Tasks Trace wait API self tests
[    0.897936] Performance Events: Meteorlake Hybrid events, full-width counters, Intel PMU driver.
[    0.900764] ------------[ cut here ]------------
[    0.901339] WARNING: CPU: 0 PID: 1 at arch/x86/events/intel/core.c:4795 intel_pmu_cpu_starting+0x1530/0x1c90
[    0.902494] Modules linked in:
[    0.902869] CPU: 0 PID: 1 Comm: swapper/0 Not tainted 6.10.0-408323581b72+ #1
[    0.903677] Hardware name: QEMU Standard PC (i440FX + PIIX, 1996), BIOS rel-1.16.0-0-gd239552ce722-prebuilt.qemu.org 04/01/2014
[    0.904221] RIP: 0010:intel_pmu_cpu_starting+0x1530/0x1c90
[    0.904866] Code: 03 80 3c 11 00 0f 85 22 06 00 00 48 8b 85 28 ff ff ff 48 89 98 38 14 00 00 4c 89 b8 e8 13 00 00 e9 d1 fc ff ff e8 a0 54 61 00 <0f> 0b 48 8b 85 08 ff ff ff 48 8d b8 48 14 00 00 48 b8 00 00 00 00
[    0.906927] RSP: 0000:ffff88800d84fa50 EFLAGS: 00010293
[    0.907534] RAX: 0000000000000000 RBX: 0000000000000000 RCX: ffffffff8103d8e1
[    0.908206] RDX: ffff88800d840000 RSI: ffffffff8103e990 RDI: 0000000000000001
[    0.909006] RBP: ffff88800d84fb80 R08: 0000000000000000 R09: fffffbfff0f40474
[    0.909811] R10: 0000000000000000 R11: 0000000000000001 R12: 0000000000000000
[    0.910637] R13: 0000000000000069 R14: ffffffff810125a0 R15: 0000000000000000
[    0.911452] FS:  0000000000000000(0000) GS:ffff88806c600000(0000) knlGS:0000000000000000
[    0.912207] CS:  0010 DS: 0000 ES: 0000 CR0: 0000000080050033
[    0.912853] CR2: ffff88800cc01000 CR3: 0000000006c80001 CR4: 0000000000770ef0
[    0.913656] DR0: 0000000000000000 DR1: 0000000000000000 DR2: 0000000000000000
[    0.914423] DR3: 0000000000000000 DR6: 00000000ffff07f0 DR7: 0000000000000400
[    0.915193] PKRU: 55555554
[    0.915494] Call Trace:
[    0.915766]  <TASK>
[    0.916007]  ? show_regs+0xa8/0xc0
[    0.916211]  ? __warn+0xee/0x380
[    0.916585]  ? report_bug+0x25e/0x4b0
[    0.917022]  ? intel_pmu_cpu_starting+0x1530/0x1c90
[    0.917559]  ? report_bug+0x2cb/0x4b0
[    0.917975]  ? intel_pmu_cpu_starting+0x1530/0x1c90
[    0.918516]  ? handle_bug+0xa2/0x130
[    0.918932]  ? exc_invalid_op+0x3c/0x80
[    0.919367]  ? asm_exc_invalid_op+0x1f/0x30
[    0.919843]  ? __pfx_x86_pmu_starting_cpu+0x10/0x10
[    0.920215]  ? intel_pmu_cpu_starting+0x481/0x1c90
[    0.920747]  ? intel_pmu_cpu_starting+0x1530/0x1c90
[    0.921288]  ? intel_pmu_cpu_starting+0x1530/0x1c90
[    0.921833]  ? __pfx___lock_acquire+0x10/0x10
[    0.922327]  ? __pfx___lock_acquire+0x10/0x10
[    0.922819]  ? __pfx_intel_pmu_cpu_starting+0x10/0x10
[    0.923357]  ? debug_smp_processor_id+0x20/0x30
[    0.923842]  ? rcu_is_watching+0x19/0xc0
[    0.924206]  ? __pfx_intel_pmu_cpu_starting+0x10/0x10
[    0.924741]  ? __pfx_x86_pmu_starting_cpu+0x10/0x10
[    0.925254]  x86_pmu_starting_cpu+0x2e/0x50
[    0.925707]  cpuhp_invoke_callback+0x3cf/0x9d0
[    0.926190]  cpuhp_issue_call+0x1a8/0x8b0
[    0.926629]  ? __pfx_lock_acquire+0x10/0x10
[    0.927072]  ? __sanitizer_cov_trace_const_cmp8+0x1c/0x30
[    0.927655]  ? cpuhp_issue_call+0x1fa/0x8b0
[    0.928108]  __cpuhp_setup_state_cpuslocked+0x3ac/0x800
[    0.928206]  ? __pfx_x86_pmu_dying_cpu+0x10/0x10
[    0.928717]  ? x86_pmu_prepare_cpu+0xc3/0xf0
[    0.929170]  ? __pfx_x86_pmu_dying_cpu+0x10/0x10
[    0.929657]  ? __pfx_x86_pmu_starting_cpu+0x10/0x10
[    0.930172]  __cpuhp_setup_state+0x105/0x310
[    0.930615]  init_hw_perf_events+0x64a/0xaa0
[    0.931071]  ? __pfx_init_hw_perf_events+0x10/0x10
[    0.931563]  do_one_initcall+0x114/0x5d0
[    0.931968]  ? __this_cpu_preempt_check+0x21/0x30
[    0.932208]  ? __pfx_do_one_initcall+0x10/0x10
[    0.932670]  ? debug_smp_processor_id+0x20/0x30
[    0.933134]  ? rcu_is_watching+0x19/0xc0
[    0.933544]  kernel_init_freeable+0x8e4/0xeb0
[    0.934006]  ? __pfx_kernel_init+0x10/0x10
[    0.934429]  kernel_init+0x28/0x2f0
[    0.934786]  ? __pfx_kernel_init+0x10/0x10
[    0.935209]  ret_from_fork+0x56/0x90
[    0.935583]  ? __pfx_kernel_init+0x10/0x10
[    0.936014]  ret_from_fork_asm+0x1a/0x30
[    0.936223]  </TASK>
[    0.936456] irq event stamp: 2291
[    0.936798] hardirqs last  enabled at (2299): [<ffffffff8144ef64>] console_unlock+0x224/0x240
[    0.937644] hardirqs last disabled at (2306): [<ffffffff8144ef49>] console_unlock+0x209/0x240
[    0.938467] softirqs last  enabled at (2280): [<ffffffff8127ef59>] __irq_exit_rcu+0xa9/0x120
[    0.939279] softirqs last disabled at (2273): [<ffffffff8127ef59>] __irq_exit_rcu+0xa9/0x120
[    0.940074] ---[ end trace 0000000000000000 ]---
[    0.940233] Callback from call_rcu_tasks_trace() invoked.
[    0.940960] signal: max sigframe size: 3632
[    0.941759] rcu: Hierarchical SRCU implementation.
[    0.942226] rcu: 	Max phase no-delay instances is 1000.
[    0.949480] NMI watchdog: Perf NMI watchdog permanently disabled
[    0.950477] smp: Bringing up secondary CPUs ...
[    0.952341] smpboot: x86: Booting SMP configuration:
[    0.952840] .... node  #0, CPUs:      #1
[    0.953535] smp: Brought up 1 node, 2 CPUs
[    0.953535] smpboot: Total of 2 processors activated (9523.20 BogoMIPS)
[    0.961264] devtmpfs: initialized
[    0.961385] x86/mm: Memory block size: 128MB
[    0.982951] Running RCU synchronous self tests
[    0.984242] Running RCU synchronous self tests
[    0.985140] clocksource: jiffies: mask: 0xffffffff max_cycles: 0xffffffff, max_idle_ns: 7645041785100000 ns
[    0.985579] futex hash table entries: 512 (order: 4, 65536 bytes, linear)
[    0.989195] pinctrl core: initialized pinctrl subsystem
[    0.992400] 
[    0.992692] *************************************************************
[    0.993700] **     NOTICE NOTICE NOTICE NOTICE NOTICE NOTICE NOTICE    **
[    0.994597] **                                                         **
[    0.995496] **  IOMMU DebugFS SUPPORT HAS BEEN ENABLED IN THIS KERNEL  **
[    0.996210] **                                                         **
[    0.997108] ** This means that this kernel is built to expose internal **
[    0.998008] ** IOMMU data structures, which may compromise security on **
[    1.000403] ** your system.                                            **
[    1.000403] **                                                         **
[    1.000403] ** If you see this message and you are not debugging the   **
[    1.001112] ** kernel, report this immediately to your vendor!         **
[    1.002002] **                                                         **
[    1.004210] **     NOTICE NOTICE NOTICE NOTICE NOTICE NOTICE NOTICE    **
[    1.004210] *************************************************************
[    1.004663] PM: RTC time: 12:41:36, date: 2024-07-31
[    1.005462] Callback from call_rcu_tasks_rude() invoked.
[    1.061628] NET: Registered PF_NETLINK/PF_ROUTE protocol family
[    1.065914] DMA: preallocated 256 KiB GFP_KERNEL pool for atomic allocations
[    1.066967] DMA: preallocated 256 KiB GFP_KERNEL|GFP_DMA pool for atomic allocations
[    1.068083] DMA: preallocated 256 KiB GFP_KERNEL|GFP_DMA32 pool for atomic allocations
[    1.068532] audit: initializing netlink subsys (disabled)
[    1.069411] audit: type=2000 audit(1722429697.223:1): state=initialized audit_enabled=0 res=1
[    1.076675] thermal_sys: Registered thermal governor 'fair_share'
[    1.076690] thermal_sys: Registered thermal governor 'bang_bang'
[    1.077505] thermal_sys: Registered thermal governor 'step_wise'
[    1.078383] thermal_sys: Registered thermal governor 'user_space'
[    1.079489] cpuidle: using governor ladder
[    1.080850] cpuidle: using governor menu
[    1.081639] acpiphp: ACPI Hot Plug PCI Controller Driver version: 0.5
[    1.085553] PCI: Using configuration type 1 for base access
[    1.086952] kprobes: kprobe jump-optimization is enabled. All kprobes are optimized if possible.
[    1.264961] Callback from call_rcu_tasks() invoked.
[    1.265519] HugeTLB: registered 1.00 GiB page size, pre-allocated 0 pages
[    1.265950] HugeTLB: 16380 KiB vmemmap can be freed for a 1.00 GiB page
[    1.266364] HugeTLB: registered 2.00 MiB page size, pre-allocated 0 pages
[    1.266790] HugeTLB: 28 KiB vmemmap can be freed for a 2.00 MiB page
[    1.268820] Demotion targets for Node 0: null
[    1.273196] ACPI: Added _OSI(Module Device)
[    1.273485] ACPI: Added _OSI(Processor Device)
[    1.273756] ACPI: Added _OSI(3.0 _SCP Extensions)
[    1.274042] ACPI: Added _OSI(Processor Aggregator Device)
[    1.304056] ACPI: 1 ACPI AML tables successfully acquired and loaded
[    1.309344] ACPI: _OSC evaluation for CPUs failed, trying _PDC
[    1.313140] ACPI: Interpreter enabled
[    1.313574] ACPI: PM: (supports S0 S3 S4 S5)
[    1.313844] ACPI: Using IOAPIC for interrupt routing
[    1.314312] PCI: Using host bridge windows from ACPI; if necessary, use "pci=nocrs" and report a bug
[    1.315021] PCI: Using E820 reservations for host bridge windows
[    1.317445] ACPI: Enabled 2 GPEs in block 00 to 0F
[    1.380009] ACPI: PCI Root Bridge [PCI0] (domain 0000 [bus 00-ff])
[    1.380242] acpi PNP0A03:00: _OSC: OS supports [ASPM ClockPM Segments MSI EDR HPX-Type3]
[    1.380734] acpi PNP0A03:00: _OSC: not requesting OS control; OS requires [ExtendedConfig ASPM ClockPM MSI]
[    1.381603] acpi PNP0A03:00: fail to add MMCONFIG information, can't access extended configuration space under this bridge
[    1.389929] acpiphp: Slot [3] registered
[    1.390405] acpiphp: Slot [4] registered
[    1.390872] acpiphp: Slot [5] registered
[    1.391348] acpiphp: Slot [6] registered
[    1.392247] acpiphp: Slot [7] registered
[    1.392753] acpiphp: Slot [8] registered
[    1.393228] acpiphp: Slot [9] registered
[    1.393699] acpiphp: Slot [10] registered
[    1.394187] acpiphp: Slot [11] registered
[    1.394660] acpiphp: Slot [12] registered
[    1.395127] acpiphp: Slot [13] registered
[    1.395601] acpiphp: Slot [14] registered
[    1.396089] acpiphp: Slot [15] registered
[    1.396422] acpiphp: Slot [16] registered
[    1.396887] acpiphp: Slot [17] registered
[    1.397362] acpiphp: Slot [18] registered
[    1.397860] acpiphp: Slot [19] registered
[    1.398337] acpiphp: Slot [20] registered
[    1.398802] acpiphp: Slot [21] registered
[    1.399283] acpiphp: Slot [22] registered
[    1.399775] acpiphp: Slot [23] registered
[    1.400254] acpiphp: Slot [24] registered
[    1.400731] acpiphp: Slot [25] registered
[    1.401205] acpiphp: Slot [26] registered
[    1.401693] acpiphp: Slot [27] registered
[    1.402161] acpiphp: Slot [28] registered
[    1.402632] acpiphp: Slot [29] registered
[    1.403097] acpiphp: Slot [30] registered
[    1.403590] acpiphp: Slot [31] registered
[    1.403968] PCI host bridge to bus 0000:00
[    1.404211] pci_bus 0000:00: root bus resource [io  0x0000-0x0cf7 window]
[    1.404630] pci_bus 0000:00: root bus resource [io  0x0d00-0xffff window]
[    1.405045] pci_bus 0000:00: root bus resource [mem 0x000a0000-0x000bffff window]
[    1.405504] pci_bus 0000:00: root bus resource [mem 0x80000000-0xfebfffff window]
[    1.405965] pci_bus 0000:00: root bus resource [mem 0x100000000-0x17fffffff window]
[    1.406442] pci_bus 0000:00: root bus resource [bus 00-ff]
[    1.407030] pci 0000:00:00.0: [8086:1237] type 00 class 0x060000 conventional PCI endpoint
[    1.426438] pci 0000:00:01.0: [8086:7000] type 00 class 0x060100 conventional PCI endpoint
[    1.428806] pci 0000:00:01.1: [8086:7010] type 00 class 0x010180 conventional PCI endpoint
[    1.430431] pci 0000:00:01.1: BAR 4 [io  0xc040-0xc04f]
[    1.431217] pci 0000:00:01.1: BAR 0 [io  0x01f0-0x01f7]: legacy IDE quirk
[    1.431631] pci 0000:00:01.1: BAR 1 [io  0x03f6]: legacy IDE quirk
[    1.432010] pci 0000:00:01.1: BAR 2 [io  0x0170-0x0177]: legacy IDE quirk
[    1.432205] pci 0000:00:01.1: BAR 3 [io  0x0376]: legacy IDE quirk
[    1.433188] pci 0000:00:01.3: [8086:7113] type 00 class 0x068000 conventional PCI endpoint
[    1.433976] pci 0000:00:01.3: quirk: [io  0x0600-0x063f] claimed by PIIX4 ACPI
[    1.434416] pci 0000:00:01.3: quirk: [io  0x0700-0x070f] claimed by PIIX4 SMB
[    1.435388] pci 0000:00:02.0: [1234:1111] type 00 class 0x030000 conventional PCI endpoint
[    1.436611] pci 0000:00:02.0: BAR 0 [mem 0xfd000000-0xfdffffff pref]
[    1.439168] pci 0000:00:02.0: BAR 2 [mem 0xfebf0000-0xfebf0fff]
[    1.443703] pci 0000:00:02.0: ROM [mem 0xfebe0000-0xfebeffff pref]
[    1.444429] pci 0000:00:02.0: Video device with shadowed ROM at [mem 0x000c0000-0x000dffff]
[    1.464401] pci 0000:00:03.0: [8086:100e] type 00 class 0x020000 conventional PCI endpoint
[    1.465433] pci 0000:00:03.0: BAR 0 [mem 0xfebc0000-0xfebdffff]
[    1.466220] pci 0000:00:03.0: BAR 1 [io  0xc000-0xc03f]
[    1.468632] pci 0000:00:03.0: ROM [mem 0xfeb80000-0xfebbffff pref]
[    1.500167] ACPI: PCI: Interrupt link LNKA configured for IRQ 10
[    1.502011] ACPI: PCI: Interrupt link LNKB configured for IRQ 10
[    1.504128] ACPI: PCI: Interrupt link LNKC configured for IRQ 11
[    1.505925] ACPI: PCI: Interrupt link LNKD configured for IRQ 11
[    1.507008] ACPI: PCI: Interrupt link LNKS configured for IRQ 9
[    1.512098] iommu: Default domain type: Translated
[    1.512205] iommu: DMA domain TLB invalidation policy: lazy mode
[    1.516188] SCSI subsystem initialized
[    1.516975] ACPI: bus type USB registered
[    1.517472] usbcore: registered new interface driver usbfs
[    1.517929] usbcore: registered new interface driver hub
[    1.518331] usbcore: registered new device driver usb
[    1.519564] pps_core: LinuxPPS API ver. 1 registered
[    1.519881] pps_core: Software ver. 5.3.6 - Copyright 2005-2007 Rodolfo Giometti <giometti@linux.it>
[    1.520277] PTP clock support registered
[    1.521071] EDAC MC: Ver: 3.0.0
[    1.525864] NetLabel: Initializing
[    1.526101] NetLabel:  domain hash size = 128
[    1.526384] NetLabel:  protocols = UNLABELED CIPSOv4 CALIPSO
[    1.526967] NetLabel:  unlabeled traffic allowed by default
[    1.528163] PCI: Using ACPI for IRQ routing
[    1.528669] pci 0000:00:02.0: vgaarb: setting as boot VGA device
[    1.529062] pci 0000:00:02.0: vgaarb: bridge control possible
[    1.529417] pci 0000:00:02.0: vgaarb: VGA device added: decodes=io+mem,owns=io+mem,locks=none
[    1.529933] vgaarb: loaded
[    1.530952] hpet0: at MMIO 0xfed00000, IRQs 2, 8, 0
[    1.531642] hpet0: 3 comparators, 64-bit 100.000000 MHz counter
[    1.536012] clocksource: Switched to clocksource kvm-clock
[    1.536625] VFS: Disk quotas dquot_6.6.0
[    1.536625] VFS: Dquot-cache hash table entries: 512 (order 0, 4096 bytes)
[    1.543871] pnp: PnP ACPI init
[    1.550108] pnp: PnP ACPI: found 6 devices
[    1.573898] clocksource: acpi_pm: mask: 0xffffff max_cycles: 0xffffff, max_idle_ns: 2085701024 ns
[    1.575073] NET: Registered PF_INET protocol family
[    1.575671] IP idents hash table entries: 32768 (order: 6, 262144 bytes, linear)
[    1.578028] tcp_listen_portaddr_hash hash table entries: 1024 (order: 4, 73728 bytes, linear)
[    1.578628] Table-perturb hash table entries: 65536 (order: 6, 262144 bytes, linear)
[    1.579169] TCP established hash table entries: 16384 (order: 5, 131072 bytes, linear)
[    1.580079] TCP bind hash table entries: 16384 (order: 9, 2359296 bytes, linear)
[    1.582677] TCP: Hash tables configured (established 16384 bind 16384)
[    1.583313] UDP hash table entries: 1024 (order: 5, 163840 bytes, linear)
[    1.583863] UDP-Lite hash table entries: 1024 (order: 5, 163840 bytes, linear)
[    1.584812] NET: Registered PF_UNIX/PF_LOCAL protocol family
[    1.586603] RPC: Registered named UNIX socket transport module.
[    1.586991] RPC: Registered udp transport module.
[    1.587279] RPC: Registered tcp transport module.
[    1.587571] RPC: Registered tcp-with-tls transport module.
[    1.587904] RPC: Registered tcp NFSv4.1 backchannel transport module.
[    1.588336] pci_bus 0000:00: resource 4 [io  0x0000-0x0cf7 window]
[    1.588819] pci_bus 0000:00: resource 5 [io  0x0d00-0xffff window]
[    1.589247] pci_bus 0000:00: resource 6 [mem 0x000a0000-0x000bffff window]
[    1.589665] pci_bus 0000:00: resource 7 [mem 0x80000000-0xfebfffff window]
[    1.590100] pci_bus 0000:00: resource 8 [mem 0x100000000-0x17fffffff window]
[    1.591113] pci 0000:00:01.0: PIIX3: Enabling Passive Release
[    1.591482] pci 0000:00:00.0: Limiting direct PCI/PCI transfers
[    1.591921] PCI: CLS 0 bytes, default 64
[    1.593032] ACPI: bus type thunderbolt registered
[    1.593741] clocksource: tsc: mask: 0xffffffffffffffff max_cycles: 0x22515dbcb04, max_idle_ns: 440795204659 ns
[    3.247626] Initialise system trusted keyrings
[    3.248105] Key type blacklist registered
[    3.249055] workingset: timestamp_bits=36 max_order=19 bucket_order=0
[    3.249561] zbud: loaded
[    3.252235] squashfs: version 4.0 (2009/01/31) Phillip Lougher
[    3.254796] NFS: Registering the id_resolver key type
[    3.255160] Key type id_resolver registered
[    3.255434] Key type id_legacy registered
[    3.255754] nfs4filelayout_init: NFSv4 File Layout Driver Registering...
[    3.256222] nfs4flexfilelayout_init: NFSv4 Flexfile Layout Driver Registering...
[    3.256977] fuse: init (API version 7.40)
[    3.258028] SGI XFS with ACLs, security attributes, realtime, quota, no debug enabled
[    3.261555] 9p: Installing v9fs 9p2000 file system support
[    3.273690] Key type asymmetric registered
[    3.274010] Asymmetric key parser 'x509' registered
[    3.274533] Block layer SCSI generic (bsg) driver version 0.4 loaded (major 243)
[    3.275655] io scheduler mq-deadline registered
[    3.276151] io scheduler bfq registered
[    3.277851] shpchp: Standard Hot Plug PCI Controller Driver version: 0.4
[    3.279383] IPMI message handler: version 39.2
[    3.279778] ipmi device interface
[    3.282723] input: Power Button as /devices/LNXSYSTM:00/LNXPWRBN:00/input/input0
[    3.284331] ACPI: button: Power Button [PWRF]
[    3.287222] ERST DBG: ERST support is disabled.
[    3.288957] Serial: 8250/16550 driver, 32 ports, IRQ sharing enabled
[    3.291048] 00:04: ttyS0 at I/O 0x3f8 (irq = 4, base_baud = 115200) is a 16550A
[    3.325101] Linux agpgart interface v0.103
[    3.328401] ACPI: bus type drm_connector registered
[    3.358455] brd: module loaded
[    3.378359] loop: module loaded
[    3.399278] scsi host0: ata_piix
[    3.402667] scsi host1: ata_piix
[    3.404425] ata1: PATA max MWDMA2 cmd 0x1f0 ctl 0x3f6 bmdma 0xc040 irq 14 lpm-pol 0
[    3.405436] ata2: PATA max MWDMA2 cmd 0x170 ctl 0x376 bmdma 0xc048 irq 15 lpm-pol 0
[    3.412597] tun: Universal TUN/TAP device driver, 1.6
[    3.414089] e100: Intel(R) PRO/100 Network Driver
[    3.414727] e100: Copyright(c) 1999-2006 Intel Corporation
[    3.415620] e1000: Intel(R) PRO/1000 Network Driver
[    3.416272] e1000: Copyright (c) 1999-2006 Intel Corporation.
[    3.566110] ata2: found unknown device (class 0)
[    3.567462] ata1: found unknown device (class 0)
[    3.568750] ata1.00: ATA-7: QEMU HARDDISK, 2.5+, max UDMA/100
[    3.569558] ata1.00: 17196647 sectors, multi 16: LBA48 
[    3.570912] ata2.00: ATAPI: QEMU DVD-ROM, 2.5+, max UDMA/100
[    3.574844] scsi 0:0:0:0: Direct-Access     ATA      QEMU HARDDISK    2.5+ PQ: 0 ANSI: 5
[    3.580451] scsi 0:0:0:0: Attached scsi generic sg0 type 0
[    3.583314] scsi 1:0:0:0: CD-ROM            QEMU     QEMU DVD-ROM     2.5+ PQ: 0 ANSI: 5
[    3.584194] sd 0:0:0:0: [sda] 17196647 512-byte logical blocks: (8.80 GB/8.20 GiB)
[    3.586903] sd 0:0:0:0: [sda] Write Protect is off
[    3.587787] sd 0:0:0:0: [sda] Write cache: enabled, read cache: enabled, doesn't support DPO or FUA
[    3.589240] sd 0:0:0:0: [sda] Preferred minimum I/O size 512 bytes
[    3.614596] scsi 1:0:0:0: Attached scsi generic sg1 type 5
[    3.619334] sd 0:0:0:0: [sda] Attached SCSI disk
[    5.286075] ACPI: \_SB_.LNKC: Enabled at IRQ 11
[    5.605249] e1000 0000:00:03.0 eth0: (PCI:33MHz:32-bit) 52:54:00:12:34:56
[    5.605741] e1000 0000:00:03.0 eth0: Intel(R) PRO/1000 Network Connection
[    5.606357] e1000e: Intel(R) PRO/1000 Network Driver
[    5.606673] e1000e: Copyright(c) 1999 - 2015 Intel Corporation.
[    5.607134] igb: Intel(R) Gigabit Ethernet Network Driver
[    5.607471] igb: Copyright (c) 2007-2014 Intel Corporation.
[    5.608058] PPP generic driver version 2.4.2
[    5.610794] VFIO - User Level meta-driver version: 0.3
[    5.613620] usbcore: registered new interface driver uas
[    5.614048] usbcore: registered new interface driver usb-storage
[    5.614791] i8042: PNP: PS/2 Controller [PNP0303:KBD,PNP0f13:MOU] at 0x60,0x64 irq 1,12
[    5.616236] serio: i8042 KBD port at 0x60,0x64 irq 1
[    5.616634] serio: i8042 AUX port at 0x60,0x64 irq 12
[    5.619372] mousedev: PS/2 mouse device common for all mice
[    5.622450] rtc_cmos 00:05: RTC can wake from S4
[    5.624222] input: AT Translated Set 2 keyboard as /devices/platform/i8042/serio0/input/input1
[    5.624951] rtc_cmos 00:05: registered as rtc0
[    5.625803] rtc_cmos 00:05: setting system clock to 2024-07-31T12:41:41 UTC (1722429701)
[    5.627758] rtc_cmos 00:05: alarms up to one day, y3k, 242 bytes nvram, hpet irqs
[    5.628483] i2c_dev: i2c /dev entries driver
[    5.629060] device-mapper: core: CONFIG_IMA_DISABLE_HTABLE is disabled. Duplicate IMA measurements will not be recorded in the IMA log.
[    5.629875] device-mapper: uevent: version 1.0.3
[    5.629943] input: VirtualPS/2 VMware VMMouse as /devices/platform/i8042/serio1/input/input4
[    5.630677] device-mapper: ioctl: 4.48.0-ioctl (2023-03-01) initialised: dm-devel@lists.linux.dev
[    5.632037] intel_pstate: CPU model not supported
[    5.633410] sdhci: Secure Digital Host Controller Interface driver
[    5.633869] sdhci: Copyright(c) Pierre Ossman
[    5.634029] input: VirtualPS/2 VMware VMMouse as /devices/platform/i8042/serio1/input/input3
[    5.634382] sdhci-pltfm: SDHCI platform and OF driver helper
[    5.635944] ledtrig-cpu: registered to indicate activity on CPUs
[    5.637388] drop_monitor: Initializing network drop monitor service
[    5.638524] NET: Registered PF_INET6 protocol family
[    5.646711] Segment Routing with IPv6
[    5.647450] In-situ OAM (IOAM) with IPv6
[    5.648188] NET: Registered PF_PACKET protocol family
[    5.649380] 9pnet: Installing 9P2000 support
[    5.649828] Key type dns_resolver registered
[    5.652789] IPI shorthand broadcast: enabled
[    5.709546] sched_clock: Marking stable (5692007705, 13752436)->(5737678175, -31918034)
[    5.711663] Timer migration: 1 hierarchy levels; 8 children per group; 1 crossnode level
[    5.712695] registered taskstats version 1
[    5.713798] Loading compiled-in X.509 certificates
[    5.770309] Demotion targets for Node 0: null
[    5.773272] Key type .fscrypt registered
[    5.773886] Key type fscrypt-provisioning registered
[    5.779558] Key type encrypted registered
[    5.780319] ima: No TPM chip found, activating TPM-bypass!
[    5.781157] ima: Allocated hash algorithm: sha1
[    5.782025] ima: No architecture policies found
[    5.783140] evm: Initialising EVM extended attributes:
[    5.783876] evm: security.selinux
[    5.784337] evm: security.SMACK64
[    5.784789] evm: security.SMACK64EXEC
[    5.785281] evm: security.SMACK64TRANSMUTE
[    5.785877] evm: security.SMACK64MMAP
[    5.786385] evm: security.apparmor
[    5.786846] evm: security.ima
[    5.787252] evm: security.capability
[    5.787760] evm: HMAC attrs: 0x1
[    5.795875] PM:   Magic number: 0:741:684
[    5.796565] mem full: hash matches
[    5.798301] RAS: Correctable Errors collector initialized.
[    5.798923] clk: Disabling unused clocks
[    5.799202] PM: genpd: Disabling unused power domains
[    5.801986] md: Waiting for all devices to be available before autodetect
[    5.802271] md: If you don't use raid, use raid=noautodetect
[    5.802517] md: Autodetecting RAID arrays.
[    5.802696] md: autorun ...
[    5.802815] md: ... autorun DONE.
[    5.823719] EXT4-fs (sda): mounted filesystem 088740a9-c8b4-422c-999d-a804eb68a4da ro with ordered data mode. Quota mode: none.
[    5.824346] VFS: Mounted root (ext4 filesystem) readonly on device 8:0.
[    5.827631] devtmpfs: mounted
[    5.849942] Freeing unused decrypted memory: 2028K
[    5.857818] Freeing unused kernel image (initmem) memory: 15272K
[    5.858201] Write protecting the kernel read-only data: 94208k
[    5.860949] Freeing unused kernel image (rodata/data gap) memory: 1344K
[    5.921957] x86/mm: Checked W+X mappings: passed, no W+X pages found.
[    5.922286] Run /sbin/init as init process
[    6.165210] systemd[1]: systemd 252-15.el9 running in system mode (+PAM +AUDIT +SELINUX -APPARMOR +IMA +SMACK +SECCOMP +GCRYPT +GNUTLS +OPENSSL +ACL +BLKID +CURL +ELFUTILS -FIDO2 +IDN2 -IDN -IPTC +KMOD +LIBCRYPTSETUP +LIBFDISK +PCRE2 -PWQUALITY +P11KIT -QRENCODE +TPM2 +BZIP2 +LZ4 +XZ +ZLIB +ZSTD -BPF_FRAMEWORK +XKBCOMMON +UTMP +SYSVINIT default-hierarchy=unified)
[    6.168138] systemd[1]: Detected virtualization kvm.
[    6.168638] systemd[1]: Detected architecture x86-64.

Welcome to [0;31mCentOS Stream 9[0m!

[    6.178987] systemd[1]: Hostname set to <test>.
[    6.663481] systemd-rc-local-generator[129]: /etc/rc.d/rc.local is not marked executable, skipping.
[    6.999901] systemd[1]: Queued start job for default target Multi-User System.
[    7.045433] systemd[1]: Created slice Virtual Machine and Container Slice.
[[0;32m  OK  [0m] Created slice [0;1;39mVirtual Machine and Container Slice[0m.
[    7.057237] systemd[1]: Created slice Slice /system/getty.
[[0;32m  OK  [0m] Created slice [0;1;39mSlice /system/getty[0m.
[    7.063699] systemd[1]: Created slice Slice /system/modprobe.
[[0;32m  OK  [0m] Created slice [0;1;39mSlice /system/modprobe[0m.
[    7.070259] systemd[1]: Created slice Slice /system/serial-getty.
[[0;32m  OK  [0m] Created slice [0;1;39mSlice /system/serial-getty[0m.
[    7.076620] systemd[1]: Created slice Slice /system/sshd-keygen.
[[0;32m  OK  [0m] Created slice [0;1;39mSlice /system/sshd-keygen[0m.
[    7.082932] systemd[1]: Created slice User and Session Slice.
[[0;32m  OK  [0m] Created slice [0;1;39mUser and Session Slice[0m.
[    7.085437] systemd[1]: Started Forward Password Requests to Wall Directory Watch.
[[0;32m  OK  [0m] Started [0;1;39mForward Password R…uests to Wall Directory Watch[0m.
[    7.090212] systemd[1]: Set up automount Arbitrary Executable File Formats File System Automount Point.
[[0;32m  OK  [0m] Set up automount [0;1;39mArbitrary…s File System Automount Point[0m.
[    7.092577] systemd[1]: Reached target Local Integrity Protected Volumes.
[[0;32m  OK  [0m] Reached target [0;1;39mLocal Integrity Protected Volumes[0m.
[    7.094598] systemd[1]: Reached target Slice Units.
[[0;32m  OK  [0m] Reached target [0;1;39mSlice Units[0m.
[    7.096102] systemd[1]: Reached target Swaps.
[[0;32m  OK  [0m] Reached target [0;1;39mSwaps[0m.
[    7.097561] systemd[1]: Reached target Local Verity Protected Volumes.
[[0;32m  OK  [0m] Reached target [0;1;39mLocal Verity Protected Volumes[0m.
[    7.100351] systemd[1]: Listening on Device-mapper event daemon FIFOs.
[[0;32m  OK  [0m] Listening on [0;1;39mDevice-mapper event daemon FIFOs[0m.
[    7.103876] systemd[1]: Listening on LVM2 poll daemon socket.
[[0;32m  OK  [0m] Listening on [0;1;39mLVM2 poll daemon socket[0m.
[    7.106018] systemd[1]: multipathd control socket was skipped because of an unmet condition check (ConditionPathExists=/etc/multipath.conf).
[    7.228419] systemd[1]: Listening on RPCbind Server Activation Socket.
[[0;32m  OK  [0m] Listening on [0;1;39mRPCbind Server Activation Socket[0m.
[    7.230670] systemd[1]: Reached target RPC Port Mapper.
[[0;32m  OK  [0m] Reached target [0;1;39mRPC Port Mapper[0m.
[    7.237218] systemd[1]: Listening on Process Core Dump Socket.
[[0;32m  OK  [0m] Listening on [0;1;39mProcess Core Dump Socket[0m.
[    7.239900] systemd[1]: Listening on initctl Compatibility Named Pipe.
[[0;32m  OK  [0m] Listening on [0;1;39minitctl Compatibility Named Pipe[0m.
[    7.243201] systemd[1]: Listening on Journal Socket (/dev/log).
[[0;32m  OK  [0m] Listening on [0;1;39mJournal Socket (/dev/log)[0m.
[    7.246441] systemd[1]: Listening on Journal Socket.
[[0;32m  OK  [0m] Listening on [0;1;39mJournal Socket[0m.
[    7.249601] systemd[1]: Listening on udev Control Socket.
[[0;32m  OK  [0m] Listening on [0;1;39mudev Control Socket[0m.
[    7.252094] systemd[1]: Listening on udev Kernel Socket.
[[0;32m  OK  [0m] Listening on [0;1;39mudev Kernel Socket[0m.
[    7.282477] systemd[1]: Mounting Huge Pages File System...
         Mounting [0;1;39mHuge Pages File System[0m...
[    7.301218] systemd[1]: Mounting POSIX Message Queue File System...
         Mounting [0;1;39mPOSIX Message Queue File System[0m...
[    7.320144] systemd[1]: Mounting Kernel Debug File System...
         Mounting [0;1;39mKernel Debug File System[0m...
[    7.347992] systemd[1]: Mounting Kernel Trace File System...
         Mounting [0;1;39mKernel Trace File System[0m...
[    7.349970] systemd[1]: Kernel Module supporting RPCSEC_GSS was skipped because of an unmet condition check (ConditionPathExists=/etc/krb5.keytab).
[    7.351180] systemd[1]: Create List of Static Device Nodes was skipped because of an unmet condition check (ConditionFileNotEmpty=/lib/modules/6.10.0-408323581b72+/modules.devname).
[    7.369057] systemd[1]: Starting Monitoring of LVM2 mirrors, snapshots etc. using dmeventd or progress polling...
         Starting [0;1;39mMonitoring of LVM…meventd or progress polling[0m...
[    7.385719] systemd[1]: Starting Load Kernel Module configfs...
         Starting [0;1;39mLoad Kernel Module configfs[0m...
[    7.407440] systemd[1]: Starting Load Kernel Module drm...
         Starting [0;1;39mLoad Kernel Module drm[0m...
[    7.422140] systemd[1]: Starting Load Kernel Module fuse...
         Starting [0;1;39mLoad Kernel Module fuse[0m...
[    7.441692] systemd[1]: Starting Read and set NIS domainname from /etc/sysconfig/network...
         Starting [0;1;39mRead and set NIS …from /etc/sysconfig/network[0m...
[    7.491061] systemd[1]: Starting Journal Service...
         Starting [0;1;39mJournal Service[0m...
[    7.516287] systemd[1]: Starting Load Kernel Modules...
         Starting [0;1;39mLoad Kernel Modules[0m...
[    7.575033] systemd[1]: Starting Generate network units from Kernel command line...
         Starting [0;1;39mGenerate network …ts from Kernel command line[0m...
[    7.602253] systemd[1]: Starting Remount Root and Kernel File Systems...
         Starting [0;1;39mRemount Root and Kernel File Systems[0m...
[    7.606713] systemd[1]: Repartition Root Disk was skipped because no trigger condition checks were met.
[    7.663352] systemd[1]: Starting Coldplug All udev Devices...
         Starting [0;1;39mColdplug All udev Devices[0m...
[    7.703417] systemd[1]: Started Journal Service.
[[0;32m  OK  [0m] Started [0;1;39mJournal Service[0m.
[[0;32m  OK  [0m] Mounted [0;1;39mHuge Pages File System[0m.
[[0;32m  OK  [0m] Mounted [0;1;39mPOSIX Message Queue File System[0m.
[[0;32m  OK  [0m] Mounted [0;1;39mKernel Debug File System[0m.
[[0;32m  OK  [0m] Mounted [0;1;39mKernel Trace File System[0m.
[[0;32m  OK  [0m] Finished [0;1;39mMonitoring of LVM… dmeventd or progress polling[0m.
[[0;32m  OK  [[    7.724295] EXT4-fs (sda): re-mounted 088740a9-c8b4-422c-999d-a804eb68a4da r/w. Quota mode: none.
0m] Finished [0;1;39mLoad Kernel Module configfs[0m.
[[0;32m  OK  [0m] Finished [0;1;39mLoad Kernel Module drm[0m.
[[0;32m  OK  [0m] Finished [0;1;39mLoad Kernel Module fuse[0m.
[[0;32m  OK  [0m] Finished [0;1;39mRead and set NIS …e from /etc/sysconfig/network[0m.
[[0;1;31mFAILED[0m] Failed to start [0;1;39mLoad Kernel Modules[0m.
See 'systemctl status systemd-modules-load.service' for details.
[[0;32m  OK  [0m] Finished [0;1;39mGenerate network units from Kernel command line[0m.
[[0;32m  OK  [0m] Finished [0;1;39mRemount Root and Kernel File Systems[0m.
[[0;32m  OK  [0m] Reached target [0;1;39mPreparation for Network[0m.
         Mounting [0;1;39mFUSE Control File System[0m...
         Mounting [0;1;39mKernel Configuration File System[0m...
         Starting [0;1;39mFlush Journal to Persistent Storage[0m...
[    7.853468] systemd-journald[147]: Received client request to flush runtime journal.
         Starting [0;1;39mLoad/Save Random Seed[0m...
         Starting [0;1;39mApply Kernel Variables[0m...
         Starting [0;1;39mCreate Static Device Nodes in /dev[0m...
         Starting [0;1;39mSetup Virtual Console[0m...
[[0;32m  OK  [0m] Mounted [0;1;39mFUSE Control File System[0m.
[[0;32m  OK  [0m] Mounted [0;1;39mKernel Configuration File System[0m.
[[0;32m  OK  [0m] Finished [0;1;39mFlush Journal to Persistent Storage[0m.
[[0;32m  OK  [0m] Finished [0;1;39mLoad/Save Random Seed[0m.
[[0;32m  OK  [0m] Finished [0;1;39mApply Kernel Variables[0m.
[[0;32m  OK  [0m] Finished [0;1;39mCreate Static Device Nodes in /dev[0m.
         Starting [0;1;39mRule-based Manage…for Device Events and Files[0m...
[[0;32m  OK  [0m] Started [0;1;39mRule-based Manager for Device Events and Files[0m.
         Starting [0;1;39mAuto-connect to s…E devices found during boot[0m...
[[0;32m  OK  [0m] Finished [0;1;39mAuto-connect to s…VME devices found during boot[0m.
[[0;32m  OK  [0m] Finished [0;1;39mSetup Virtual Console[0m.
[[0;32m  OK  [0m] Finished [0;1;39mColdplug All udev Devices[0m.
[[0;32m  OK  [0m] Started [0;1;39mDispatch Password …ts to Console Directory Watch[0m.
[[0;32m  OK  [0m] Reached target [0;1;39mLocal Encrypted Volumes[0m.
[[0;32m  OK  [0m] Reached target [0;1;39mPath Units[0m.
         Starting [0;1;39mWait for udev To …plete Device Initialization[0m...
[[0;32m  OK  [0m] Found device [0;1;39m/dev/ttyS0[0m.
[[0;32m  OK  [0m] Listening on [0;1;39mLoad/Save RF …itch Status /dev/rfkill Watch[0m.
[[0;32m  OK  [0m] Finished [0;1;39mWait for udev To Complete Device Initialization[0m.
[[0;32m  OK  [0m] Reached target [0;1;39mPreparation for Local File Systems[0m.
[[0;32m  OK  [0m] Reached target [0;1;39mLocal File Systems[0m.
         Starting [0;1;39mTell Plymouth To Write Out Runtime Data[0m...
         Starting [0;1;39mAutomatic Boot Loader Update[0m...
         Starting [0;1;39mCreate Volatile Files and Directories[0m...
[[0;32m  OK  [0m] Finished [0;1;39mTell Plymouth To Write Out Runtime Data[0m.
[[0;32m  OK  [0m] Finished [0;1;39mAutomatic Boot Loader Update[0m.
[[0;32m  OK  [0m] Finished [0;1;39mCreate Volatile Files and Directories[0m.
         Mounting [0;1;39mRPC Pipe File System[0m...
         Starting [0;1;39mSecurity Auditing Service[0m...
         Starting [0;1;39mRPC Bind[0m...
[[0;32m  OK  [0m] Mounted [0;1;39mRPC Pipe File System[0m.
[[0;32m  OK  [0m] Reached target [0;1;39mrpc_pipefs.target[0m.
[[0;32m  OK  [0m] Started [0;1;39mRPC Bind[0m.
[[0;32m  OK  [0m] Started [0;1;39mSecurity Auditing Service[0m.
         Starting [0;1;39mRecord System Boot/Shutdown in UTMP[0m...
[[0;32m  OK  [0m] Finished [0;1;39mRecord System Boot/Shutdown in UTMP[0m.
[[0;32m  OK  [0m] Reached target [0;1;39mSystem Initialization[0m.
[[0;32m  OK  [0m] Started [0;1;39mDaily rotation of log files[0m.
[[0;32m  OK  [0m] Started [0;1;39mUpdates mlocate database every day[0m.
[[0;32m  OK  [0m] Started [0;1;39mDaily Cleanup of Temporary Directories[0m.
[[0;32m  OK  [0m] Started [0;1;39mdaily update of the root trust anchor for DNSSEC[0m.
[[0;32m  OK  [0m] Reached target [0;1;39mTimer Units[0m.
[[0;32m  OK  [0m] Listening on [0;1;39mD-Bus System Message Bus Socket[0m.
[[0;32m  OK  [0m] Listening on [0;1;39mOpen-iSCSI iscsid Socket[0m.
[[0;32m  OK  [0m] Listening on [0;1;39mOpen-iSCSI iscsiuio Socket[0m.
[[0;32m  OK  [0m] Listening on [0;1;39mSSSD Kerberos…ache Manager responder socket[0m.
[[0;32m  OK  [0m] Listening on [0;1;39mLibvirt interface local socket[0m.
[[0;32m  OK  [0m] Listening on [0;1;39mVirtual machine lock manager socket[0m.
[[0;32m  OK  [0m] Listening on [0;1;39mVirtual machine log manager socket[0m.
[[0;32m  OK  [0m] Listening on [0;1;39mLibvirt network local socket[0m.
[[0;32m  OK  [0m] Listening on [0;1;39mLibvirt nodedev local socket[0m.
[[0;32m  OK  [0m] Listening on [0;1;39mLibvirt nwfilter local socket[0m.
[[0;32m  OK  [0m] Listening on [0;1;39mLibvirt proxy local socket[0m.
[[0;32m  OK  [0m] Listening on [0;1;39mLibvirt qemu local socket[0m.
[[0;32m  OK  [0m] Listening on [0;1;39mLibvirt qemu admin socket[0m.
[[0;32m  OK  [0m] Listening on [0;1;39mLibvirt qemu local read-only socket[0m.
[[0;32m  OK  [0m] Listening on [0;1;39mLibvirt secret local socket[0m.
[[0;32m  OK  [0m] Listening on [0;1;39mLibvirt storage local socket[0m.
[[0;32m  OK  [0m] Reached target [0;1;39mSocket Units[0m.
         Starting [0;1;39mD-Bus System Message Bus[0m...
[[0;32m  OK  [0m] Started [0;1;39mD-Bus System Message Bus[0m.
[[0;32m  OK  [0m] Reached target [0;1;39mBasic System[0m.
         Starting [0;1;39mNetwork Manager[0m...
         Starting [0;1;39mNTP client/server[0m...
         Starting [0;1;39mRestore /run/initramfs on shutdown[0m...
[[0;32m  OK  [0m] Started [0;1;39mirqbalance daemon[0m.
[[0;32m  OK  [0m] Started [0;1;39mlibstoragemgmt plug-in server daemon[0m.
[[0;32m  OK  [0m] Started [0;1;39mMachine Check Exception Logging Daemon[0m.
[[0;32m  OK  [0m] Reached target [0;1;39msshd-keygen.target[0m.
[[0;32m  OK  [0m] Reached target [0;1;39mUser and Group Name Lookups[0m.
         Starting [0;1;39mUser Login Management[0m...
         Starting [0;1;39mVirtual Machine a…tainer Registration Service[0m...
         Starting [0;1;39mupdate of the roo…NSSEC validation in unbound[0m...
         Starting [0;1;39mRotate log files[0m...
[[0;32m  OK  [0m] Started [0;1;39mUpdate a database for mlocate[0m.
[[0;32m  OK  [0m] Started [0;1;39mNTP client/server[0m.
[[0;32m  OK  [0m] Finished [0;1;39mRestore /run/initramfs on shutdown[0m.
[[0;32m  OK  [0m] Started [0;1;39mVirtual Machine an…ontainer Registration Service[0m.
         Starting [0;1;39mHostname Service[0m...
[[0;32m  OK  [0m] Started [0;1;39mUser Login Management[0m.
[[0;32m  OK  [0m] Finished [0;1;39mupdate of the roo… DNSSEC validation in unbound[0m.
[[0;32m  OK  [0m] Started [0;1;39mHostname Service[0m.
[[0;32m  OK  [0m] Finished [0;1;39mRotate log files[0m.
         Starting [0;1;39mNetwork Manager Script Dispatcher Service[0m...
[[0;32m  OK  [0m] Started [0;1;39mNetwork Manager Script Dispatcher Service[0m.
[   12.402384] e1000: eth0 NIC Link is Up 1000 Mbps Full Duplex, Flow Control: RX
[[0;32m  OK  [0m] Started [0;1;39mNetwork Manager[0m.
[[0;32m  OK  [0m] Reached target [0;1;39mNetwork[0m.
[[0;32m  OK  [0m] Reached target [0;1;39mNetwork is Online[0m.
         Starting [0;1;39mGSSAPI Proxy Daemon[0m...
         Starting [0;1;39mNotify NFS peers of a restart[0m...
         Starting [0;1;39mSystem Logging Service[0m...
         Starting [0;1;39mOpenSSH server daemon[0m...
         Starting [0;1;39mDynamic System Tuning Daemon[0m...
[[0;32m  OK  [0m] Started [0;1;39mNotify NFS peers of a restart[0m.
[[0;32m  OK  [0m] Started [0;1;39mGSSAPI Proxy Daemon[0m.
[[0;32m  OK  [0m] Reached target [0;1;39mNFS client services[0m.
[[0;32m  OK  [0m] Reached target [0;1;39mPreparation for Remote File Systems[0m.
[[0;32m  OK  [0m] Reached target [0;1;39mRemote File Systems[0m.
         Starting [0;1;39mPermit User Sessions[0m...
         Starting [0;1;39mVirtualization qemu daemon[0m...
[[0;32m  OK  [0m] Started [0;1;39mSystem Logging Service[0m.
[[0;32m  OK  [0m] Started [0;1;39mOpenSSH server daemon[0m.
[[0;32m  OK  [0m] Finished [0;1;39mPermit User Sessions[0m.
[[0;32m  OK  [0m] Started [0;1;39mDeferred execution scheduler[0m.
[[0;32m  OK  [0m] Started [0;1;39mCommand Scheduler[0m.
         Starting [0;1;39mHold until boot process finishes up[0m...
         Starting [0;1;39mTerminate Plymouth Boot Screen[0m...
[[0;32m  OK  [0m] Finished [0;1;39mHold until boot process finishes up[0m.
[[0;32m  OK  [0m] Started [0;1;39mGetty on tty1[0m.
[[0;32m  OK  [0m] Started [0;1;39mSerial Getty on ttyS0[0m.
[[0;32m  OK  [0m] Reached target [0;1;39mLogin Prompts[0m.
[[0;32m  OK  [0m] Started [0;1;39mVirtualization qemu daemon[0m.
[[0;32m  OK  [0m] Finished [0;1;39mTerminate Plymouth Boot Screen[0m.
         Starting [0;1;39mAuthorization Manager[0m...
[[0;32m  OK  [0m] Started [0;1;39mAuthorization Manager[0m.
[[0;32m  OK  [0m] Started [0;1;39mDynamic System Tuning Daemon[0m.
[[0;32m  OK  [0m] Reached target [0;1;39mMulti-User System[0m.
         Starting [0;1;39mRecord Runlevel Change in UTMP[0m...
[[0;32m  OK  [0m] Finished [0;1;39mRecord Runlevel Change in UTMP[0m.

CentOS Stream 9
Kernel 6.10.0-408323581b72+ on an x86_64

Activate the web console with: systemctl enable --now cockpit.socket

test login: [   25.910711] UDPLite6: UDP-Lite is deprecated and scheduled to be removed in 2025, please contact the netdev mailing list
