c[?7l[2J[0mSeaBIOS (version rel-1.16.0-0-gd239552ce722-prebuilt.qemu.org)


iPXE (http://ipxe.org) 00:03.0 CA00 PCI2.10 PnP PMM+7FF91000+7FEF1000 CA00
Press Ctrl-B to configure iPXE (PCI 00:03.0)...                                                                               


Booting from ROM...
c[?7l[2J[    0.000000] Linux version 6.3.0-1c15ca4e4efa+ (root@p-rpls01) (gcc (GCC) 8.5.0 20210514 (Red Hat 8.5.0-19), GNU ld version 2.36.1-2.el8) #1 SMP PREEMPT_DYNAMIC Wed May 31 16:51:39 CST 2023
[    0.000000] Command line: console=ttyS0 root=/dev/sda earlyprintk=serial net.ifnames=0 thunderbolt.dyndbg
[    0.000000] KERNEL supported cpus:
[    0.000000]   Intel GenuineIntel
[    0.000000]   AMD AuthenticAMD
[    0.000000]   Hygon HygonGenuine
[    0.000000]   Centaur CentaurHauls
[    0.000000]   zhaoxin   Shanghai  
[    0.000000] x86/fpu: Supporting XSAVE feature 0x001: 'x87 floating point registers'
[    0.000000] x86/fpu: Supporting XSAVE feature 0x002: 'SSE registers'
[    0.000000] x86/fpu: Supporting XSAVE feature 0x004: 'AVX registers'
[    0.000000] x86/fpu: Supporting XSAVE feature 0x200: 'Protection Keys User registers'
[    0.000000] x86/fpu: xstate_offset[2]:  576, xstate_sizes[2]:  256
[    0.000000] x86/fpu: xstate_offset[9]:  832, xstate_sizes[9]:    8
[    0.000000] x86/fpu: Enabled xstate features 0x207, context size is 840 bytes, using 'compacted' format.
[    0.000000] signal: max sigframe size: 3632
[    0.000000] BIOS-provided physical RAM map:
[    0.000000] BIOS-e820: [mem 0x0000000000000000-0x000000000009fbff] usable
[    0.000000] BIOS-e820: [mem 0x000000000009fc00-0x000000000009ffff] reserved
[    0.000000] BIOS-e820: [mem 0x00000000000f0000-0x00000000000fffff] reserved
[    0.000000] BIOS-e820: [mem 0x0000000000100000-0x000000007ffdffff] usable
[    0.000000] BIOS-e820: [mem 0x000000007ffe0000-0x000000007fffffff] reserved
[    0.000000] BIOS-e820: [mem 0x00000000feffc000-0x00000000feffffff] reserved
[    0.000000] BIOS-e820: [mem 0x00000000fffc0000-0x00000000ffffffff] reserved
[    0.000000] printk: bootconsole [earlyser0] enabled
[    0.000000] NX (Execute Disable) protection: active
[    0.000000] SMBIOS 2.8 present.
[    0.000000] DMI: QEMU Standard PC (i440FX + PIIX, 1996), BIOS rel-1.16.0-0-gd239552ce722-prebuilt.qemu.org 04/01/2014
[    0.000000] Hypervisor detected: KVM
[    0.000000] kvm-clock: Using msrs 4b564d01 and 4b564d00
[    0.000004] kvm-clock: using sched offset of 453179856 cycles
[    0.001128] clocksource: kvm-clock: mask: 0xffffffffffffffff max_cycles: 0x1cd42e4dffb, max_idle_ns: 881590591483 ns
[    0.004000] tsc: Detected 806.400 MHz processor
[    0.004000] last_pfn = 0x7ffe0 max_arch_pfn = 0x400000000
[    0.004000] x86/PAT: Configuration [0-7]: WB  WC  UC- UC  WB  WP  UC- WT  
[    0.004000] found SMP MP-table at [mem 0x000f5ba0-0x000f5baf]
[    0.004000] Using GB pages for direct mapping
[    0.004000] ACPI: Early table checksum verification disabled
[    0.004000] ACPI: RSDP 0x00000000000F59C0 000014 (v00 BOCHS )
[    0.004000] ACPI: RSDT 0x000000007FFE1951 000034 (v01 BOCHS  BXPC     00000001 BXPC 00000001)
[    0.004000] ACPI: FACP 0x000000007FFE17FD 000074 (v01 BOCHS  BXPC     00000001 BXPC 00000001)
[    0.004000] ACPI: DSDT 0x000000007FFE0040 0017BD (v01 BOCHS  BXPC     00000001 BXPC 00000001)
[    0.004000] ACPI: FACS 0x000000007FFE0000 000040
[    0.004000] ACPI: APIC 0x000000007FFE1871 000080 (v01 BOCHS  BXPC     00000001 BXPC 00000001)
[    0.004000] ACPI: HPET 0x000000007FFE18F1 000038 (v01 BOCHS  BXPC     00000001 BXPC 00000001)
[    0.004000] ACPI: WAET 0x000000007FFE1929 000028 (v01 BOCHS  BXPC     00000001 BXPC 00000001)
[    0.004000] ACPI: Reserving FACP table memory at [mem 0x7ffe17fd-0x7ffe1870]
[    0.004000] ACPI: Reserving DSDT table memory at [mem 0x7ffe0040-0x7ffe17fc]
[    0.004000] ACPI: Reserving FACS table memory at [mem 0x7ffe0000-0x7ffe003f]
[    0.004000] ACPI: Reserving APIC table memory at [mem 0x7ffe1871-0x7ffe18f0]
[    0.004000] ACPI: Reserving HPET table memory at [mem 0x7ffe18f1-0x7ffe1928]
[    0.004000] ACPI: Reserving WAET table memory at [mem 0x7ffe1929-0x7ffe1950]
[    0.004000] No NUMA configuration found
[    0.004000] Faking a node at [mem 0x0000000000000000-0x000000007ffdffff]
[    0.004000] NODE_DATA(0) allocated [mem 0x7ffb5000-0x7ffdffff]
[    0.004000] Zone ranges:
[    0.004000]   DMA      [mem 0x0000000000001000-0x0000000000ffffff]
[    0.004000]   DMA32    [mem 0x0000000001000000-0x000000007ffdffff]
[    0.004000]   Normal   empty
[    0.004000]   Device   empty
[    0.004000] Movable zone start for each node
[    0.004000] Early memory node ranges
[    0.004000]   node   0: [mem 0x0000000000001000-0x000000000009efff]
[    0.004000]   node   0: [mem 0x0000000000100000-0x000000007ffdffff]
[    0.004000] Initmem setup node 0 [mem 0x0000000000001000-0x000000007ffdffff]
[    0.004000] On node 0, zone DMA: 1 pages in unavailable ranges
[    0.004000] On node 0, zone DMA: 97 pages in unavailable ranges
[    0.004000] On node 0, zone DMA32: 32 pages in unavailable ranges
[    0.004000] ACPI: PM-Timer IO Port: 0x608
[    0.004000] ACPI: LAPIC_NMI (acpi_id[0xff] dfl dfl lint[0x1])
[    0.004000] IOAPIC[0]: apic_id 0, version 17, address 0xfec00000, GSI 0-23
[    0.004000] ACPI: INT_SRC_OVR (bus 0 bus_irq 0 global_irq 2 dfl dfl)
[    0.004000] ACPI: INT_SRC_OVR (bus 0 bus_irq 5 global_irq 5 high level)
[    0.004000] ACPI: INT_SRC_OVR (bus 0 bus_irq 9 global_irq 9 high level)
[    0.004000] ACPI: INT_SRC_OVR (bus 0 bus_irq 10 global_irq 10 high level)
[    0.004000] ACPI: INT_SRC_OVR (bus 0 bus_irq 11 global_irq 11 high level)
[    0.004000] ACPI: Using ACPI (MADT) for SMP configuration information
[    0.004000] ACPI: HPET id: 0x8086a201 base: 0xfed00000
[    0.004000] TSC deadline timer available
[    0.004000] smpboot: Allowing 2 CPUs, 0 hotplug CPUs
[    0.004000] kvm-guest: KVM setup pv remote TLB flush
[    0.004000] kvm-guest: setup PV sched yield
[    0.004000] PM: hibernation: Registered nosave memory: [mem 0x00000000-0x00000fff]
[    0.004000] PM: hibernation: Registered nosave memory: [mem 0x0009f000-0x0009ffff]
[    0.004000] PM: hibernation: Registered nosave memory: [mem 0x000a0000-0x000effff]
[    0.004000] PM: hibernation: Registered nosave memory: [mem 0x000f0000-0x000fffff]
[    0.004000] [mem 0x80000000-0xfeffbfff] available for PCI devices
[    0.004000] Booting paravirtualized kernel on KVM
[    0.004000] clocksource: refined-jiffies: mask: 0xffffffff max_cycles: 0xffffffff, max_idle_ns: 7645519600211568 ns
[    0.004000] setup_percpu: NR_CPUS:8192 nr_cpumask_bits:2 nr_cpu_ids:2 nr_node_ids:1
[    0.004000] percpu: Embedded 65 pages/cpu s229376 r8192 d28672 u1048576
[    0.004000] kvm-guest: PV spinlocks enabled
[    0.004000] PV qspinlock hash table entries: 256 (order: 0, 4096 bytes, linear)
[    0.004000] Fallback order for Node 0: 0 
[    0.004000] Built 1 zonelists, mobility grouping on.  Total pages: 515808
[    0.004000] Policy zone: DMA32
[    0.004000] Kernel command line: net.ifnames=0 console=ttyS0 root=/dev/sda earlyprintk=serial net.ifnames=0 thunderbolt.dyndbg
[    0.004000] random: crng init done
[    0.004000] Dentry cache hash table entries: 262144 (order: 9, 2097152 bytes, linear)
[    0.004000] Inode-cache hash table entries: 131072 (order: 8, 1048576 bytes, linear)
[    0.004000] mem auto-init: stack:off, heap alloc:off, heap free:off
[    0.004000] Memory: 1966944K/2096632K available (34816K kernel code, 4560K rwdata, 9812K rodata, 10396K init, 31876K bss, 129432K reserved, 0K cma-reserved)
[    0.004000] SLUB: HWalign=64, Order=0-3, MinObjects=0, CPUs=2, Nodes=1
[    0.004000] kmemleak: Kernel memory leak detector disabled
[    0.004000] ftrace: allocating 68873 entries in 270 pages
[    0.004000] ftrace: allocated 270 pages with 4 groups
[    0.004000] Dynamic Preempt: voluntary
[    0.004000] Running RCU self tests
[    0.004000] Running RCU synchronous self tests
[    0.004000] rcu: Preemptible hierarchical RCU implementation.
[    0.004000] rcu: 	RCU lockdep checking is enabled.
[    0.004000] rcu: 	RCU restricting CPUs from NR_CPUS=8192 to nr_cpu_ids=2.
[    0.004000] 	Trampoline variant of Tasks RCU enabled.
[    0.004000] 	Rude variant of Tasks RCU enabled.
[    0.004000] 	Tracing variant of Tasks RCU enabled.
[    0.004000] rcu: RCU calculated value of scheduler-enlistment delay is 25 jiffies.
[    0.004000] rcu: Adjusting geometry for rcu_fanout_leaf=16, nr_cpu_ids=2
[    0.004000] Running RCU synchronous self tests
[    0.004000] NR_IRQS: 524544, nr_irqs: 440, preallocated irqs: 16
[    0.004000] rcu: srcu_init: Setting srcu_struct sizes based on contention.
[    0.004000] Console: colour VGA+ 80x25
[    0.004000] printk: console [ttyS0] enabled
[    0.004000] printk: console [ttyS0] enabled
[    0.004000] printk: bootconsole [earlyser0] disabled
[    0.004000] printk: bootconsole [earlyser0] disabled
[    0.004000] Lock dependency validator: Copyright (c) 2006 Red Hat, Inc., Ingo Molnar
[    0.004000] ... MAX_LOCKDEP_SUBCLASSES:  8
[    0.004000] ... MAX_LOCK_DEPTH:          48
[    0.004000] ... MAX_LOCKDEP_KEYS:        8192
[    0.004000] ... CLASSHASH_SIZE:          4096
[    0.004000] ... MAX_LOCKDEP_ENTRIES:     32768
[    0.004000] ... MAX_LOCKDEP_CHAINS:      65536
[    0.004000] ... CHAINHASH_SIZE:          32768
[    0.004000]  memory used by lock dependency info: 6365 kB
[    0.004000]  memory used for stack traces: 4224 kB
[    0.004000]  per task-struct memory footprint: 1920 bytes
[    0.004000] ACPI: Core revision 20230331
[    0.004000] clocksource: hpet: mask: 0xffffffff max_cycles: 0xffffffff, max_idle_ns: 19112604467 ns
[    0.004000] APIC: Switch to symmetric I/O mode setup
[    0.004000] x2apic enabled
[    0.004000] Switched APIC routing to physical x2apic.
[    0.004000] kvm-guest: setup PV IPIs
[    0.004000] ..TIMER: vector=0x30 apic1=0 pin1=2 apic2=-1 pin2=-1
[    0.004000] clocksource: tsc-early: mask: 0xffffffffffffffff max_cycles: 0xb9fb05486c, max_idle_ns: 440795231721 ns
[    0.274343] Calibrating delay loop (skipped) preset value.. 1612.80 BogoMIPS (lpj=3225600)
[    0.276590] pid_max: default: 32768 minimum: 301
[    0.278401] LSM: initializing lsm=capability,yama,integrity
[    0.279930] Yama: becoming mindful.
[    0.281052] Mount-cache hash table entries: 4096 (order: 3, 32768 bytes, linear)
[    0.282322] Mountpoint-cache hash table entries: 4096 (order: 3, 32768 bytes, linear)
[    0.287305] CPU0: Thermal monitoring enabled (TM1)
[    0.288837] x86/cpu: User Mode Instruction Prevention (UMIP) activated
[    0.290861] Last level iTLB entries: 4KB 0, 2MB 0, 4MB 0
[    0.292306] Last level dTLB entries: 4KB 0, 2MB 0, 4MB 0, 1GB 0
[    0.294350] Spectre V1 : Mitigation: usercopy/swapgs barriers and __user pointer sanitization
[    0.296705] Spectre V2 : WARNING: Unprivileged eBPF is enabled with eIBRS on, data leaks possible via Spectre v2 BHB attacks!
[    0.298324] Spectre V2 : Mitigation: Enhanced / Automatic IBRS
[    0.299874] Spectre V2 : Spectre v2 / SpectreRSB mitigation: Filling RSB on context switch
[    0.302317] Spectre V2 : Spectre v2 / PBRSB-eIBRS: Retire a single CALL on VMEXIT
[    0.304316] Spectre V2 : mitigation: Enabling conditional Indirect Branch Prediction Barrier
[    0.306317] Speculative Store Bypass: Mitigation: Speculative Store Bypass disabled via prctl
[    0.310364] MMIO Stale Data: Unknown: No mitigations
[    0.421902] Freeing SMP alternatives memory: 56K
[    0.422365] Running RCU synchronous self tests
[    0.423549] Running RCU synchronous self tests
[    0.425156] smpboot: CPU0: Genuine Intel(R) 0000 (family: 0x6, model: 0xb7, stepping: 0x0)
[    0.426313] cblist_init_generic: Setting adjustable number of callback queues.
[    0.426325] cblist_init_generic: Setting shift to 1 and lim to 1.
[    0.428024] cblist_init_generic: Setting shift to 1 and lim to 1.
[    0.429709] cblist_init_generic: Setting shift to 1 and lim to 1.
[    0.430377] Running RCU-tasks wait API self tests
[    0.534500] Performance Events: Alderlake Hybrid events, full-width counters, Intel PMU driver.
[    0.536912] core: cpu_core PMU driver: 
[    0.537850] ... version:                2
[    0.538324] ... bit width:              48
[    0.539330] ... generic registers:      6
[    0.540273] ... value mask:             0000ffffffffffff
[    0.541596] ... max period:             00007fffffffffff
[    0.542331] ... fixed-purpose events:   3
[    0.543289] ... event mask:             0001000f0000003f
[    0.544829] rcu: Hierarchical SRCU implementation.
[    0.545958] rcu: 	Max phase no-delay instances is 1000.
[    0.548588] unchecked MSR access error: WRMSR to 0x38f (tried to write 0x0001000f0000003f) at rIP: 0xffffffff810dcc2c (native_write_msr+0xc/0x30)
[    0.550313] Call Trace:
[    0.550313]  <TASK>
[    0.550313]  __intel_pmu_enable_all.constprop.49+0xb5/0x140
[    0.550313]  intel_pmu_enable_all+0x1e/0x30
[    0.550313]  x86_pmu_enable+0x46d/0x5a0
[    0.550313]  ? write_comp_data+0x2f/0x90
[    0.550313]  perf_pmu_enable+0x53/0x70
[    0.550313]  ctx_resched+0x14d/0x1e0
[    0.550313]  __perf_install_in_context+0x2f7/0x470
[    0.550313]  ? __pfx_remote_function+0x10/0x10
[    0.550313]  ? __pfx_remote_function+0x10/0x10
[    0.550313]  remote_function+0x80/0xa0
[    0.550313]  ? __pfx_remote_function+0x10/0x10
[    0.550313]  generic_exec_single+0x124/0x190
[    0.550313]  smp_call_function_single+0x11c/0x240
[    0.550313]  ? __pfx_remote_function+0x10/0x10
[    0.550313]  ? __sanitizer_cov_trace_pc+0x25/0x60
[    0.550313]  ? write_comp_data+0x2f/0x90
[    0.550313]  perf_install_in_context+0x2d8/0x300
[    0.550313]  ? __pfx___perf_install_in_context+0x10/0x10
[    0.550313]  perf_event_create_kernel_counter+0x284/0x2b0
[    0.550313]  ? __pfx_watchdog_overflow_callback+0x10/0x10
[    0.550313]  hardlockup_detector_event_create+0x46/0xd0
[    0.550313]  hardlockup_detector_perf_init+0x18/0x80
[    0.550313]  watchdog_nmi_probe+0x17/0x20
[    0.550313]  lockup_detector_init+0x40/0xb0
[    0.550313]  kernel_init_freeable+0x37e/0x760
[    0.550313]  ? __pfx_kernel_init+0x10/0x10
[    0.550313]  kernel_init+0x24/0x1e0
[    0.550313]  ? __pfx_kernel_init+0x10/0x10
[    0.550313]  ret_from_fork+0x29/0x50
[    0.550313]  </TASK>
[    0.550379] Callback from call_rcu_tasks_trace() invoked.
[    0.551969] smp: Bringing up secondary CPUs ...
[    0.553553] x86: Booting SMP configuration:
[    0.554328] .... node  #0, CPUs:      #1
[    0.555423] smp: Brought up 1 node, 2 CPUs
[    0.556438] smpboot: Max logical packages: 1
[    0.558346] smpboot: Total of 2 processors activated (3225.60 BogoMIPS)
[    0.560949] devtmpfs: initialized
[    0.562429] x86/mm: Memory block size: 128MB
[    0.565145] Running RCU synchronous self tests
[    0.566365] Running RCU synchronous self tests
[    0.567542] clocksource: jiffies: mask: 0xffffffff max_cycles: 0xffffffff, max_idle_ns: 7645041785100000 ns
[    0.569971] futex hash table entries: 512 (order: 4, 65536 bytes, linear)
[    0.570586] pinctrl core: initialized pinctrl subsystem
[    0.572298] 
[    0.572696] *************************************************************
[    0.574324] **     NOTICE NOTICE NOTICE NOTICE NOTICE NOTICE NOTICE    **
[    0.576106] **                                                         **
[    0.577898] **  IOMMU DebugFS SUPPORT HAS BEEN ENABLED IN THIS KERNEL  **
[    0.578322] **                                                         **
[    0.580113] ** This means that this kernel is built to expose internal **
[    0.581916] ** IOMMU data structures, which may compromise security on **
[    0.582325] ** your system.                                            **
[    0.584093] **                                                         **
[    0.585911] ** If you see this message and you are not debugging the   **
[    0.586340] ** kernel, report this immediately to your vendor!         **
[    0.588150] **                                                         **
[    0.589963] **     NOTICE NOTICE NOTICE NOTICE NOTICE NOTICE NOTICE    **
[    0.590364] *************************************************************
[    0.592335] PM: RTC time: 12:43:54, date: 2024-01-20
[    0.595832] NET: Registered PF_NETLINK/PF_ROUTE protocol family
[    0.598069] DMA: preallocated 256 KiB GFP_KERNEL pool for atomic allocations
[    0.598346] DMA: preallocated 256 KiB GFP_KERNEL|GFP_DMA pool for atomic allocations
[    0.600436] DMA: preallocated 256 KiB GFP_KERNEL|GFP_DMA32 pool for atomic allocations
[    0.602377] audit: initializing netlink subsys (disabled)
[    0.603914] audit: type=2000 audit(1705754634.149:1): state=initialized audit_enabled=0 res=1
[    0.603914] thermal_sys: Registered thermal governor 'fair_share'
[    0.604122] thermal_sys: Registered thermal governor 'bang_bang'
[    0.606342] thermal_sys: Registered thermal governor 'step_wise'
[    0.608029] thermal_sys: Registered thermal governor 'user_space'
[    0.609884] cpuidle: using governor ladder
[    0.611504] cpuidle: using governor menu
[    0.613048] acpiphp: ACPI Hot Plug PCI Controller Driver version: 0.5
[    0.614657] PCI: Using configuration type 1 for base access
[    0.617239] kprobes: kprobe jump-optimization is enabled. All kprobes are optimized if possible.
[    0.862314] HugeTLB: registered 1.00 GiB page size, pre-allocated 0 pages
[    0.862338] HugeTLB: 16380 KiB vmemmap can be freed for a 1.00 GiB page
[    0.864066] HugeTLB: registered 2.00 MiB page size, pre-allocated 0 pages
[    0.865825] HugeTLB: 28 KiB vmemmap can be freed for a 2.00 MiB page
[    0.872994] ACPI: Added _OSI(Module Device)
[    0.874158] ACPI: Added _OSI(Processor Device)
[    0.874334] ACPI: Added _OSI(3.0 _SCP Extensions)
[    0.875551] ACPI: Added _OSI(Processor Aggregator Device)
[    0.882617] ACPI: 1 ACPI AML tables successfully acquired and loaded
[    3.495916] Callback from call_rcu_tasks_rude() invoked.
[    3.496014] ACPI: Interpreter enabled
[    3.496579] ACPI: PM: (supports S0 S3 S4 S5)
[    3.497578] ACPI: Using IOAPIC for interrupt routing
[    3.498419] PCI: Using host bridge windows from ACPI; if necessary, use "pci=nocrs" and report a bug
[    3.500470] PCI: Using E820 reservations for host bridge windows
[    3.502601] ACPI: Enabled 2 GPEs in block 00 to 0F
[    3.519696] ACPI: PCI Root Bridge [PCI0] (domain 0000 [bus 00-ff])
[    3.521228] acpi PNP0A03:00: _OSC: OS supports [ASPM ClockPM Segments MSI EDR HPX-Type3]
[    3.522331] acpi PNP0A03:00: _OSC: not requesting OS control; OS requires [ExtendedConfig ASPM ClockPM MSI]
[    3.524721] acpi PNP0A03:00: fail to add MMCONFIG information, can't access extended configuration space under this bridge
[    3.532669] acpiphp: Slot [3] registered
[    3.533702] acpiphp: Slot [4] registered
[    3.534400] acpiphp: Slot [5] registered
[    3.535438] acpiphp: Slot [6] registered
[    3.536470] acpiphp: Slot [7] registered
[    3.537509] acpiphp: Slot [8] registered
[    3.538401] acpiphp: Slot [9] registered
[    3.539442] acpiphp: Slot [10] registered
[    3.540496] acpiphp: Slot [11] registered
[    3.541543] acpiphp: Slot [12] registered
[    3.542403] acpiphp: Slot [13] registered
[    3.543460] acpiphp: Slot [14] registered
[    3.544505] acpiphp: Slot [15] registered
[    3.545550] acpiphp: Slot [16] registered
[    3.546400] acpiphp: Slot [17] registered
[    3.547447] acpiphp: Slot [18] registered
[    3.548490] acpiphp: Slot [19] registered
[    3.549543] acpiphp: Slot [20] registered
[    3.550401] acpiphp: Slot [21] registered
[    3.551451] acpiphp: Slot [22] registered
[    3.552497] acpiphp: Slot [23] registered
[    3.553542] acpiphp: Slot [24] registered
[    3.554397] acpiphp: Slot [25] registered
[    3.555442] acpiphp: Slot [26] registered
[    3.556491] acpiphp: Slot [27] registered
[    3.557539] acpiphp: Slot [28] registered
[    3.558398] acpiphp: Slot [29] registered
[    3.559429] acpiphp: Slot [30] registered
[    3.560451] acpiphp: Slot [31] registered
[    3.561527] PCI host bridge to bus 0000:00
[    3.562329] pci_bus 0000:00: root bus resource [io  0x0000-0x0cf7 window]
[    3.564134] pci_bus 0000:00: root bus resource [io  0x0d00-0xffff window]
[    3.565959] pci_bus 0000:00: root bus resource [mem 0x000a0000-0x000bffff window]
[    3.570331] pci_bus 0000:00: root bus resource [mem 0x80000000-0xfebfffff window]
[    3.572341] pci_bus 0000:00: root bus resource [mem 0x100000000-0x17fffffff window]
[    3.574330] pci_bus 0000:00: root bus resource [bus 00-ff]
[    3.575989] pci 0000:00:00.0: [8086:1237] type 00 class 0x060000
[    3.581269] pci 0000:00:01.0: [8086:7000] type 00 class 0x060100
[    3.583818] pci 0000:00:01.1: [8086:7010] type 00 class 0x010180
[    3.587723] pci 0000:00:01.1: reg 0x20: [io  0xc040-0xc04f]
[    3.590019] pci 0000:00:01.1: legacy IDE quirk: reg 0x10: [io  0x01f0-0x01f7]
[    3.590330] pci 0000:00:01.1: legacy IDE quirk: reg 0x14: [io  0x03f6]
[    3.591849] pci 0000:00:01.1: legacy IDE quirk: reg 0x18: [io  0x0170-0x0177]
[    3.593525] pci 0000:00:01.1: legacy IDE quirk: reg 0x1c: [io  0x0376]
[    3.594791] pci 0000:00:01.3: [8086:7113] type 00 class 0x068000
[    3.597114] pci 0000:00:01.3: quirk: [io  0x0600-0x063f] claimed by PIIX4 ACPI
[    3.598359] pci 0000:00:01.3: quirk: [io  0x0700-0x070f] claimed by PIIX4 SMB
[    3.602509] Callback from call_rcu_tasks() invoked.
[    3.602509] pci 0000:00:02.0: [1234:1111] type 00 class 0x030000
[    3.607663] pci 0000:00:02.0: reg 0x10: [mem 0xfd000000-0xfdffffff pref]
[    3.610784] pci 0000:00:02.0: reg 0x18: [mem 0xfebf0000-0xfebf0fff]
[    3.617212] pci 0000:00:02.0: reg 0x30: [mem 0xfebe0000-0xfebeffff pref]
[    3.618457] pci 0000:00:02.0: Video device with shadowed ROM at [mem 0x000c0000-0x000dffff]
[    3.623270] pci 0000:00:03.0: [8086:100e] type 00 class 0x020000
[    3.625521] pci 0000:00:03.0: reg 0x10: [mem 0xfebc0000-0xfebdffff]
[    3.627084] pci 0000:00:03.0: reg 0x14: [io  0xc000-0xc03f]
[    3.632077] pci 0000:00:03.0: reg 0x30: [mem 0xfeb80000-0xfebbffff pref]
[    3.673077] ACPI: PCI: Interrupt link LNKA configured for IRQ 10
[    3.674714] ACPI: PCI: Interrupt link LNKB configured for IRQ 10
[    3.676290] ACPI: PCI: Interrupt link LNKC configured for IRQ 11
[    3.677866] ACPI: PCI: Interrupt link LNKD configured for IRQ 11
[    3.678510] ACPI: PCI: Interrupt link LNKS configured for IRQ 9
[    3.682467] iommu: Default domain type: Translated 
[    3.683311] iommu: DMA domain TLB invalidation policy: lazy mode 
[    3.686571] SCSI subsystem initialized
[    3.687376] ACPI: bus type USB registered
[    3.687376] usbcore: registered new interface driver usbfs
[    3.687376] usbcore: registered new interface driver hub
[    3.687449] usbcore: registered new device driver usb
[    3.688546] pps_core: LinuxPPS API ver. 1 registered
[    3.689539] pps_core: Software ver. 5.3.6 - Copyright 2005-2007 Rodolfo Giometti <giometti@linux.it>
[    3.694332] PTP clock support registered
[    3.695182] EDAC MC: Ver: 3.0.0
[    3.695353] NetLabel: Initializing
[    3.698326] NetLabel:  domain hash size = 128
[    3.699193] NetLabel:  protocols = UNLABELED CIPSOv4 CALIPSO
[    3.700370] NetLabel:  unlabeled traffic allowed by default
[    3.701599] PCI: Using ACPI for IRQ routing
[    3.702589] pci 0000:00:02.0: vgaarb: setting as boot VGA device
[    3.703558] pci 0000:00:02.0: vgaarb: bridge control possible
[    3.704696] pci 0000:00:02.0: vgaarb: VGA device added: decodes=io+mem,owns=io+mem,locks=none
[    3.706344] vgaarb: loaded
[    3.706915] hpet0: at MMIO 0xfed00000, IRQs 2, 8, 0
[    3.707738] hpet0: 3 comparators, 64-bit 100.000000 MHz counter
[    3.710555] clocksource: Switched to clocksource kvm-clock
[    3.712531] VFS: Disk quotas dquot_6.6.0
[    3.713370] VFS: Dquot-cache hash table entries: 512 (order 0, 4096 bytes)
[    3.714812] pnp: PnP ACPI init
[    3.717613] pnp: PnP ACPI: found 6 devices
[    3.728302] clocksource: acpi_pm: mask: 0xffffff max_cycles: 0xffffff, max_idle_ns: 2085701024 ns
[    3.730553] NET: Registered PF_INET protocol family
[    3.731735] IP idents hash table entries: 32768 (order: 6, 262144 bytes, linear)
[    3.734340] tcp_listen_portaddr_hash hash table entries: 1024 (order: 4, 73728 bytes, linear)
[    3.736187] Table-perturb hash table entries: 65536 (order: 6, 262144 bytes, linear)
[    3.737848] TCP established hash table entries: 16384 (order: 5, 131072 bytes, linear)
[    3.739793] TCP bind hash table entries: 16384 (order: 9, 2359296 bytes, linear)
[    3.742446] TCP: Hash tables configured (established 16384 bind 16384)
[    3.743970] UDP hash table entries: 1024 (order: 5, 163840 bytes, linear)
[    3.745473] UDP-Lite hash table entries: 1024 (order: 5, 163840 bytes, linear)
[    3.747155] NET: Registered PF_UNIX/PF_LOCAL protocol family
[    3.748751] RPC: Registered named UNIX socket transport module.
[    3.750163] RPC: Registered udp transport module.
[    3.751275] RPC: Registered tcp transport module.
[    3.752362] RPC: Registered tcp NFSv4.1 backchannel transport module.
[    3.753870] pci_bus 0000:00: resource 4 [io  0x0000-0x0cf7 window]
[    3.755312] pci_bus 0000:00: resource 5 [io  0x0d00-0xffff window]
[    3.756738] pci_bus 0000:00: resource 6 [mem 0x000a0000-0x000bffff window]
[    3.758333] pci_bus 0000:00: resource 7 [mem 0x80000000-0xfebfffff window]
[    3.759923] pci_bus 0000:00: resource 8 [mem 0x100000000-0x17fffffff window]
[    3.761883] pci 0000:00:01.0: PIIX3: Enabling Passive Release
[    3.763274] pci 0000:00:00.0: Limiting direct PCI/PCI transfers
[    3.764819] PCI: CLS 0 bytes, default 64
[    3.766117] ACPI: bus type thunderbolt registered
[    3.767624] clocksource: tsc: mask: 0xffffffffffffffff max_cycles: 0xb9fb05486c, max_idle_ns: 440795231721 ns
[    3.807490] Initialise system trusted keyrings
[    3.808655] Key type blacklist registered
[    3.810016] workingset: timestamp_bits=36 max_order=19 bucket_order=0
[    3.811642] zbud: loaded
[    3.812953] squashfs: version 4.0 (2009/01/31) Phillip Lougher
[    3.815449] NFS: Registering the id_resolver key type
[    3.816695] Key type id_resolver registered
[    3.817708] Key type id_legacy registered
[    3.818736] nfs4filelayout_init: NFSv4 File Layout Driver Registering...
[    3.820332] nfs4flexfilelayout_init: NFSv4 Flexfile Layout Driver Registering...
[    3.822210] fuse: init (API version 7.38)
[    3.823355] SGI XFS with ACLs, security attributes, realtime, quota, no debug enabled
[    3.825995] 9p: Installing v9fs 9p2000 file system support
[    3.834530] Key type asymmetric registered
[    3.835535] Asymmetric key parser 'x509' registered
[    3.836755] Block layer SCSI generic (bsg) driver version 0.4 loaded (major 243)
[    3.838996] io scheduler mq-deadline registered
[    3.840165] io scheduler bfq registered
[    3.841938] shpchp: Standard Hot Plug PCI Controller Driver version: 0.4
[    3.843986] IPMI message handler: version 39.2
[    3.845067] ipmi device interface
[    3.847936] input: Power Button as /devices/LNXSYSTM:00/LNXPWRBN:00/input/input0
[    3.850287] ACPI: button: Power Button [PWRF]
[    3.852713] ERST DBG: ERST support is disabled.
[    3.854738] Serial: 8250/16550 driver, 32 ports, IRQ sharing enabled
[    3.857172] 00:04: ttyS0 at I/O 0x3f8 (irq = 4, base_baud = 115200) is a 16550A
[    3.866588] Linux agpgart interface v0.103
[    3.868555] ACPI: bus type drm_connector registered
[    3.881201] brd: module loaded
[    3.887955] loop: module loaded
[    3.893505] scsi host0: ata_piix
[    3.894851] scsi host1: ata_piix
[    3.895720] ata1: PATA max MWDMA2 cmd 0x1f0 ctl 0x3f6 bmdma 0xc040 irq 14
[    3.897179] ata2: PATA max MWDMA2 cmd 0x170 ctl 0x376 bmdma 0xc048 irq 15
[    3.900490] tun: Universal TUN/TAP device driver, 1.6
[    3.901991] e100: Intel(R) PRO/100 Network Driver
[    3.903042] e100: Copyright(c) 1999-2006 Intel Corporation
[    3.904259] e1000: Intel(R) PRO/1000 Network Driver
[    3.905326] e1000: Copyright (c) 1999-2006 Intel Corporation.
[    4.058790] ata1: found unknown device (class 0)
[    4.060752] ata1.00: ATA-7: QEMU HARDDISK, 2.5+, max UDMA/100
[    4.062017] ata1.00: 17196647 sectors, multi 16: LBA48 
[    4.063738] ata2: found unknown device (class 0)
[    4.065818] ata2.00: ATAPI: QEMU DVD-ROM, 2.5+, max UDMA/100
[    4.067986] scsi 0:0:0:0: Direct-Access     ATA      QEMU HARDDISK    2.5+ PQ: 0 ANSI: 5
[    4.069742] ACPI: \_SB_.LNKC: Enabled at IRQ 11
[    4.070810] scsi 0:0:0:0: Attached scsi generic sg0 type 0
[    4.072666] sd 0:0:0:0: [sda] 17196647 512-byte logical blocks: (8.80 GB/8.20 GiB)
[    4.074601] sd 0:0:0:0: [sda] Write Protect is off
[    4.074698] scsi 1:0:0:0: CD-ROM            QEMU     QEMU DVD-ROM     2.5+ PQ: 0 ANSI: 5
[    4.077408] sd 0:0:0:0: [sda] Write cache: enabled, read cache: enabled, doesn't support DPO or FUA
[    4.079558] sd 0:0:0:0: [sda] Preferred minimum I/O size 512 bytes
[    4.099513] scsi 1:0:0:0: Attached scsi generic sg1 type 5
[    4.104186] sd 0:0:0:0: [sda] Attached SCSI disk
[    4.436678] e1000 0000:00:03.0 eth0: (PCI:33MHz:32-bit) 52:54:00:12:34:56
[    4.437886] e1000 0000:00:03.0 eth0: Intel(R) PRO/1000 Network Connection
[    4.439127] e1000e: Intel(R) PRO/1000 Network Driver
[    4.439970] e1000e: Copyright(c) 1999 - 2015 Intel Corporation.
[    4.441023] igb: Intel(R) Gigabit Ethernet Network Driver
[    4.441940] igb: Copyright (c) 2007-2014 Intel Corporation.
[    4.442967] PPP generic driver version 2.4.2
[    4.444412] VFIO - User Level meta-driver version: 0.3
[    4.445926] usbcore: registered new interface driver uas
[    4.446905] usbcore: registered new interface driver usb-storage
[    4.448035] i8042: PNP: PS/2 Controller [PNP0303:KBD,PNP0f13:MOU] at 0x60,0x64 irq 1,12
[    4.450718] serio: i8042 KBD port at 0x60,0x64 irq 1
[    4.451628] serio: i8042 AUX port at 0x60,0x64 irq 12
[    4.453199] mousedev: PS/2 mouse device common for all mice
[    4.455003] input: AT Translated Set 2 keyboard as /devices/platform/i8042/serio0/input/input1
[    4.457294] rtc_cmos 00:05: RTC can wake from S4
[    4.458663] input: VirtualPS/2 VMware VMMouse as /devices/platform/i8042/serio1/input/input4
[    4.461391] rtc_cmos 00:05: registered as rtc0
[    4.462344] rtc_cmos 00:05: setting system clock to 2024-01-20T12:43:57 UTC (1705754637)
[    4.463970] rtc_cmos 00:05: alarms up to one day, y3k, 242 bytes nvram, hpet irqs
[    4.465308] i2c_dev: i2c /dev entries driver
[    4.466339] device-mapper: core: CONFIG_IMA_DISABLE_HTABLE is disabled. Duplicate IMA measurements will not be recorded in the IMA log.
[    4.468500] device-mapper: uevent: version 1.0.3
[    4.469542] input: VirtualPS/2 VMware VMMouse as /devices/platform/i8042/serio1/input/input3
[    4.471327] device-mapper: ioctl: 4.48.0-ioctl (2023-03-01) initialised: dm-devel@redhat.com
[    4.472890] intel_pstate: CPU model not supported
[    4.473852] sdhci: Secure Digital Host Controller Interface driver
[    4.474966] sdhci: Copyright(c) Pierre Ossman
[    4.475803] sdhci-pltfm: SDHCI platform and OF driver helper
[    4.477063] ledtrig-cpu: registered to indicate activity on CPUs
[    4.478479] drop_monitor: Initializing network drop monitor service
[    4.479772] NET: Registered PF_INET6 protocol family
[    4.483005] Segment Routing with IPv6
[    4.483730] In-situ OAM (IOAM) with IPv6
[    4.484489] NET: Registered PF_PACKET protocol family
[    4.485540] 9pnet: Installing 9P2000 support
[    4.486386] Key type dns_resolver registered
[    4.488036] IPI shorthand broadcast: enabled
[    4.501920] sched_clock: Marking stable (4240003906, 258313920)->(4567234082, -68916256)
[    4.504085] registered taskstats version 1
[    4.505114] Loading compiled-in X.509 certificates
[    4.506570] zswap: loaded using pool lzo/zbud
[    4.519949] Key type .fscrypt registered
[    4.520711] Key type fscrypt-provisioning registered
[    4.522666] Key type encrypted registered
[    4.523460] ima: No TPM chip found, activating TPM-bypass!
[    4.524498] ima: Allocated hash algorithm: sha1
[    4.525392] ima: No architecture policies found
[    4.526337] evm: Initialising EVM extended attributes:
[    4.527298] evm: security.selinux
[    4.527930] evm: security.SMACK64
[    4.528564] evm: security.SMACK64EXEC
[    4.529266] evm: security.SMACK64TRANSMUTE
[    4.530039] evm: security.SMACK64MMAP
[    4.530749] evm: security.apparmor
[    4.531396] evm: security.ima
[    4.531962] evm: security.capability
[    4.532642] evm: HMAC attrs: 0x1
[    4.534397] PM:   Magic number: 8:428:734
[    4.535591] RAS: Correctable Errors collector initialized.
[    4.537478] md: Waiting for all devices to be available before autodetect
[    4.538359] md: If you don't use raid, use raid=noautodetect
[    4.539071] md: Autodetecting RAID arrays.
[    4.539589] md: autorun ...
[    4.539946] md: ... autorun DONE.
[    4.545630] EXT4-fs (sda): INFO: recovery required on readonly filesystem
[    4.546577] EXT4-fs (sda): write access will be enabled during recovery
[    4.604098] EXT4-fs (sda): recovery complete
[    4.606647] EXT4-fs (sda): mounted filesystem 088740a9-c8b4-422c-999d-a804eb68a4da with ordered data mode. Quota mode: none.
[    4.608109] VFS: Mounted root (ext4 filesystem) readonly on device 8:0.
[    4.610882] devtmpfs: mounted
[    4.618701] Freeing unused decrypted memory: 2036K
[    4.621938] Freeing unused kernel image (initmem) memory: 10396K
[    4.622782] Write protecting the kernel read-only data: 45056k
[    4.624711] Freeing unused kernel image (rodata/data gap) memory: 428K
[    4.717509] x86/mm: Checked W+X mappings: passed, no W+X pages found.
[    4.718403] Run /sbin/init as init process
[    4.851586] systemd[1]: systemd 252-15.el9 running in system mode (+PAM +AUDIT +SELINUX -APPARMOR +IMA +SMACK +SECCOMP +GCRYPT +GNUTLS +OPENSSL +ACL +BLKID +CURL +ELFUTILS -FIDO2 +IDN2 -IDN -IPTC +KMOD +LIBCRYPTSETUP +LIBFDISK +PCRE2 -PWQUALITY +P11KIT -QRENCODE +TPM2 +BZIP2 +LZ4 +XZ +ZLIB +ZSTD -BPF_FRAMEWORK +XKBCOMMON +UTMP +SYSVINIT default-hierarchy=unified)
[    4.855497] systemd[1]: Detected virtualization kvm.
[    4.856103] systemd[1]: Detected architecture x86-64.

Welcome to [0;31mCentOS Stream 9[0m!

[    4.861195] systemd[1]: Hostname set to <test>.
[    4.995039] systemd-rc-local-generator[115]: /etc/rc.d/rc.local is not marked executable, skipping.
[    5.260520] systemd[1]: Queued start job for default target Multi-User System.
[    5.300091] systemd[1]: Created slice Virtual Machine and Container Slice.
[[0;32m  OK  [0m] Created slice [0;1;39mVirtual Machine and Container Slice[0m.
[    5.304109] systemd[1]: Created slice Slice /system/getty.
[[0;32m  OK  [0m] Created slice [0;1;39mSlice /system/getty[0m.
[    5.306648] systemd[1]: Created slice Slice /system/modprobe.
[[0;32m  OK  [0m] Created slice [0;1;39mSlice /system/modprobe[0m.
[    5.309123] systemd[1]: Created slice Slice /system/serial-getty.
[[0;32m  OK  [0m] Created slice [0;1;39mSlice /system/serial-getty[0m.
[    5.311781] systemd[1]: Created slice Slice /system/sshd-keygen.
[[0;32m  OK  [0m] Created slice [0;1;39mSlice /system/sshd-keygen[0m.
[    5.314264] systemd[1]: Created slice User and Session Slice.
[[0;32m  OK  [0m] Created slice [0;1;39mUser and Session Slice[0m.
[    5.316100] systemd[1]: Started Forward Password Requests to Wall Directory Watch.
[[0;32m  OK  [0m] Started [0;1;39mForward Password R…uests to Wall Directory Watch[0m.
[    5.318726] systemd[1]: Set up automount Arbitrary Executable File Formats File System Automount Point.
[[0;32m  OK  [0m] Set up automount [0;1;39mArbitrary…s File System Automount Point[0m.
[    5.321144] systemd[1]: Reached target Local Integrity Protected Volumes.
[[0;32m  OK  [0m] Reached target [0;1;39mLocal Integrity Protected Volumes[0m.
[    5.323432] systemd[1]: Reached target Slice Units.
[[0;32m  OK  [0m] Reached target [0;1;39mSlice Units[0m.
[    5.324863] systemd[1]: Reached target Swaps.
[[0;32m  OK  [0m] Reached target [0;1;39mSwaps[0m.
[    5.326186] systemd[1]: Reached target Local Verity Protected Volumes.
[[0;32m  OK  [0m] Reached target [0;1;39mLocal Verity Protected Volumes[0m.
[    5.328217] systemd[1]: Listening on Device-mapper event daemon FIFOs.
[[0;32m  OK  [0m] Listening on [0;1;39mDevice-mapper event daemon FIFOs[0m.
[    5.330658] systemd[1]: Listening on LVM2 poll daemon socket.
[[0;32m  OK  [0m] Listening on [0;1;39mLVM2 poll daemon socket[0m.
[    5.332385] systemd[1]: multipathd control socket was skipped because of an unmet condition check (ConditionPathExists=/etc/multipath.conf).
[    5.371815] systemd[1]: Listening on RPCbind Server Activation Socket.
[[0;32m  OK  [0m] Listening on [0;1;39mRPCbind Server Activation Socket[0m.
[    5.373914] systemd[1]: Reached target RPC Port Mapper.
[[0;32m  OK  [0m] Reached target [0;1;39mRPC Port Mapper[0m.
[    5.377649] systemd[1]: Listening on Process Core Dump Socket.
[[0;32m  OK  [0m] Listening on [0;1;39mProcess Core Dump Socket[0m.
[    5.379626] systemd[1]: Listening on initctl Compatibility Named Pipe.
[[0;32m  OK  [0m] Listening on [0;1;39minitctl Compatibility Named Pipe[0m.
[    5.381850] systemd[1]: Listening on Journal Socket (/dev/log).
[[0;32m  OK  [0m] Listening on [0;1;39mJournal Socket (/dev/log)[0m.
[    5.384095] systemd[1]: Listening on Journal Socket.
[[0;32m  OK  [0m] Listening on [0;1;39mJournal Socket[0m.
[    5.385960] systemd[1]: Listening on udev Control Socket.
[[0;32m  OK  [0m] Listening on [0;1;39mudev Control Socket[0m.
[    5.387950] systemd[1]: Listening on udev Kernel Socket.
[[0;32m  OK  [0m] Listening on [0;1;39mudev Kernel Socket[0m.
[    5.410881] systemd[1]: Mounting Huge Pages File System...
         Mounting [0;1;39mHuge Pages File System[0m...
[    5.416048] systemd[1]: Mounting POSIX Message Queue File System...
         Mounting [0;1;39mPOSIX Message Queue File System[0m...
[    5.420975] systemd[1]: Mounting Kernel Debug File System...
         Mounting [0;1;39mKernel Debug File System[0m...
[    5.425556] systemd[1]: Mounting Kernel Trace File System...
         Mounting [0;1;39mKernel Trace File System[0m...
[    5.428227] systemd[1]: Kernel Module supporting RPCSEC_GSS was skipped because of an unmet condition check (ConditionPathExists=/etc/krb5.keytab).
[    5.429909] systemd[1]: Create List of Static Device Nodes was skipped because of an unmet condition check (ConditionFileNotEmpty=/lib/modules/6.3.0-1c15ca4e4efa+/modules.devname).
[    5.435038] systemd[1]: Starting Monitoring of LVM2 mirrors, snapshots etc. using dmeventd or progress polling...
         Starting [0;1;39mMonitoring of LVM…meventd or progress polling[0m...
[    5.441121] systemd[1]: Starting Load Kernel Module configfs...
         Starting [0;1;39mLoad Kernel Module configfs[0m...
[    5.446749] systemd[1]: Starting Load Kernel Module drm...
         Starting [0;1;39mLoad Kernel Module drm[0m...
[    5.452008] systemd[1]: Starting Load Kernel Module fuse...
         Starting [0;1;39mLoad Kernel Module fuse[0m...
[    5.465247] systemd[1]: Starting Read and set NIS domainname from /etc/sysconfig/network...
         Starting [0;1;39mRead and set NIS …from /etc/sysconfig/network[0m...
[    5.473614] systemd[1]: Starting Journal Service...
         Starting [0;1;39mJournal Service[0m...
[    5.488336] systemd[1]: Starting Load Kernel Modules...
         Starting [0;1;39mLoad Kernel Modules[0m...
[    5.497150] systemd[1]: Starting Generate network units from Kernel command line...
         Starting [0;1;39mGenerate network …ts from Kernel command line[0m...
[    5.509385] systemd[1]: Starting Remount Root and Kernel File Systems...
         Starting [0;1;39mRemount Root and Kernel File Systems[0m...
[    5.511943] systemd[1]: Repartition Root Disk was skipped because no trigger condition checks were met.
[    5.525595] systemd[1]: Starting Coldplug All udev Devices...
         Starting [0;1;39mColdplug All udev Devices[0m...
[    5.533320] systemd[1]: Mounted Huge Pages File System.
[[0;32m  OK  [0m] Mounted [0;1;39mHuge Pages File System[0m.
[    5.542915] systemd[1]: Mounted POSIX Message Queue File System.
[[0;32m  OK  [0m] Mounted [0;1;39mPOSIX Message Queue File System[0m.
[    5.550969] systemd[1]: Mounted Kernel Debug File System.
[[0;32m  OK  [0m] Mounted [0;1;39mKernel Debug File System[0m.
[    5.553907] systemd[1]: Mounted Kernel Trace File System.
[[0;32m  OK  [0m] Mounted [0;1;39mKernel Trace File System[0m.
[    5.560099] systemd[1]: modprobe@configfs.service: Deactivated successfully.
[    5.563372] systemd[1]: Finished Load Kernel Module configfs.
[[0;32m  OK  [0m] Finished [0;1;39mLoad Kernel Module configfs[0m.
[    5.571705] systemd[1]: modprobe@drm.service: Deactivated successfully.
[    5.583278] systemd[1]: Finished Load Kernel Module drm.
[[0;32m  OK  [0m] Finished [0;1;39mLoad Kernel Module drm[0m.
[    5.588328] systemd[1]: modprobe@fuse.service: Deactivated successfully.
[    5.598478] systemd[1]: Finished Load Kernel Module fuse.
[[0;32m  OK  [0m] Finished [0;1;39mLoad Kernel Module fuse[0m.
[    5.603340] systemd[1]: Finished Read and set NIS domainname from /etc/sysconfig/network.
[[0;32m  OK  [0m] Finished [0;1;39mRead and set NIS …e from /etc/sysconfig/network[0m.
[    5.607759] systemd[1]: systemd-modules-load.service: Main process exited, code=exited, status=1/FAILURE
[    5.609822] systemd[1]: systemd-modules-load.service: Failed with result 'exit-code'.
[    5.617849] systemd[1]: Failed to start Load Kernel Modules.
[[0;1;31mFAILED[0m] Failed to start [0;1;39mLoad Kernel Modules[0m.
See 'systemctl status systemd-modules-load.service' for details.
[    5.626059] systemd[1]: Finished Monitoring of LVM2 mirrors, snapshots etc. using dmeventd or progress polling.
[    5.627887] EXT4-fs (sda): re-mounted 088740a9-c8b4-422c-999d-a804eb68a4da. Quota mode: none.
[[0;32m  OK  [0m] Finished [0;1;39mMonitoring of LVM… dmeventd or progress polling[0m.
[    5.637198] systemd[1]: Finished Generate network units from Kernel command line.
[[0;32m  OK  [0m] Finished [0;1;39mGenerate network units from Kernel command line[0m.
[    5.645304] systemd[1]: Finished Remount Root and Kernel File Systems.
[[0;32m  OK  [0m] Finished [0;1;39mRemount Root and Kernel File Systems[0m.
[    5.651273] systemd[1]: Reached target Preparation for Network.
[[0;32m  OK  [0m] Reached target [0;1;39mPreparation for Network[0m.
[    5.678960] systemd[1]: Mounting FUSE Control File System...
         Mounting [0;1;39mFUSE Control File System[0m...
[    5.687335] systemd[1]: Mounting Kernel Configuration File System...
         Mounting [0;1;39mKernel Configuration File System[0m...
[    5.690010] systemd[1]: Special handling of early boot iSCSI sessions was skipped because of an unmet condition check (ConditionDirectoryNotEmpty=/sys/class/iscsi_session).
[    5.692889] systemd[1]: First Boot Wizard was skipped because of an unmet condition check (ConditionFirstBoot=yes).
[    5.699468] systemd[1]: Rebuild Hardware Database was skipped because of an unmet condition check (ConditionNeedsUpdate=/etc).
[    5.711332] systemd[1]: Starting Load/Save Random Seed...
         Starting [0;1;39mLoad/Save Random Seed[0m...
[    5.730580] systemd[1]: Starting Apply Kernel Variables...
         Starting [0;1;39mApply Kernel Variables[0m...
[    5.733039] systemd[1]: Create System Users was skipped because no trigger condition checks were met.
[    5.761152] systemd[1]: Starting Create Static Device Nodes in /dev...
         Starting [0;1;39mCreate Static Device Nodes in /dev[0m...
[    5.775869] systemd[1]: Starting Setup Virtual Console...
         Starting [0;1;39mSetup Virtual Console[0m...
[    5.781542] systemd[1]: Started Journal Service.
[[0;32m  OK  [0m] Started [0;1;39mJournal Service[0m.
[[0;32m  OK  [0m] Mounted [0;1;39mFUSE Control File System[0m.
[[0;32m  OK  [0m] Mounted [0;1;39mKernel Configuration File System[0m.
[[0;32m  OK  [0m] Finished [0;1;39mLoad/Save Random Seed[0m.
         Starting [0;1;39mFlush Journal to Persistent Storage[0m...
[[0;32m  OK  [0m] Finished [0;1;39mApply Kernel Variables[0m.
[    5.879771] systemd-journald[139]: Received client request to flush runtime journal.
[[0;32m  OK  [0m] Finished [0;1;39mCreate Static Device Nodes in /dev[0m.
[[0;32m  OK  [0m] Finished [0;1;39mFlush Journal to Persistent Storage[0m.
         Starting [0;1;39mRule-based Manage…for Device Events and Files[0m...
[[0;32m  OK  [0m] Finished [0;1;39mColdplug All udev Devices[0m.
         Starting [0;1;39mWait for udev To …plete Device Initialization[0m...
[[0;32m  OK  [0m] Started [0;1;39mRule-based Manager for Device Events and Files[0m.
         Starting [0;1;39mAuto-connect to s…E devices found during boot[0m...
[[0;32m  OK  [0m] Finished [0;1;39mAuto-connect to s…VME devices found during boot[0m.
[[0;32m  OK  [0m] Found device [0;1;39m/dev/ttyS0[0m.
[[0;32m  OK  [0m] Finished [0;1;39mSetup Virtual Console[0m.
         Starting [0;1;39mShow Plymouth Boot Screen[0m...
[2J[3J[-1;-1f[[0;32m  OK  [0m] Started [0;1;39mShow Plymouth Boot Screen[0m.
[[0;32m  OK  [0m] Started [0;1;39mForward Password R…s to Plymouth Directory Watch[0m.
[[0;32m  OK  [0m] Reached target [0;1;39mLocal Encrypted Volumes[0m.
[[0;32m  OK  [0m] Reached target [0;1;39mPath Units[0m.
[[0;32m  OK  [0m] Listening on [0;1;39mLoad/Save RF …itch Status /dev/rfkill Watch[0m.
[[0;32m  OK  [0m] Finished [0;1;39mWait for udev To Complete Device Initialization[0m.
[[0;32m  OK  [0m] Reached target [0;1;39mPreparation for Local File Systems[0m.
[[0;32m  OK  [0m] Reached target [0;1;39mLocal File Systems[0m.
         Starting [0;1;39mTell Plymouth To Write Out Runtime Data[0m...
         Starting [0;1;39mAutomatic Boot Loader Update[0m...
         Starting [0;1;39mCreate Volatile Files and Directories[0m...
[[0;32m  OK  [0m] Finished [0;1;39mTell Plymouth To Write Out Runtime Data[0m.
[[0;32m  OK  [0m] Finished [0;1;39mAutomatic Boot Loader Update[0m.
[[0;32m  OK  [0m] Finished [0;1;39mCreate Volatile Files and Directories[0m.
         Mounting [0;1;39mRPC Pipe File System[0m...
         Starting [0;1;39mSecurity Auditing Service[0m...
         Starting [0;1;39mRPC Bind[0m...
[[0;32m  OK  [0m] Mounted [0;1;39mRPC Pipe File System[0m.
[[0;32m  OK  [0m] Reached target [0;1;39mrpc_pipefs.target[0m.
[[0;32m  OK  [0m] Started [0;1;39mRPC Bind[0m.
[[0;32m  OK  [0m] Started [0;1;39mSecurity Auditing Service[0m.
         Starting [0;1;39mRecord System Boot/Shutdown in UTMP[0m...
[[0;32m  OK  [0m] Finished [0;1;39mRecord System Boot/Shutdown in UTMP[0m.
[[0;32m  OK  [0m] Reached target [0;1;39mSystem Initialization[0m.
[[0;32m  OK  [0m] Started [0;1;39mDaily rotation of log files[0m.
[[0;32m  OK  [0m] Started [0;1;39mUpdates mlocate database every day[0m.
[[0;32m  OK  [0m] Started [0;1;39mDaily Cleanup of Temporary Directories[0m.
[[0;32m  OK  [0m] Started [0;1;39mdaily update of the root trust anchor for DNSSEC[0m.
[[0;32m  OK  [0m] Reached target [0;1;39mTimer Units[0m.
[[0;32m  OK  [0m] Listening on [0;1;39mD-Bus System Message Bus Socket[0m.
[[0;32m  OK  [0m] Listening on [0;1;39mOpen-iSCSI iscsid Socket[0m.
[[0;32m  OK  [0m] Listening on [0;1;39mOpen-iSCSI iscsiuio Socket[0m.
[[0;32m  OK  [0m] Listening on [0;1;39mSSSD Kerberos…ache Manager responder socket[0m.
[[0;32m  OK  [0m] Listening on [0;1;39mLibvirt interface local socket[0m.
[[0;32m  OK  [0m] Listening on [0;1;39mVirtual machine lock manager socket[0m.
[[0;32m  OK  [0m] Listening on [0;1;39mVirtual machine log manager socket[0m.
[[0;32m  OK  [0m] Listening on [0;1;39mLibvirt network local socket[0m.
[[0;32m  OK  [0m] Listening on [0;1;39mLibvirt nodedev local socket[0m.
[[0;32m  OK  [0m] Listening on [0;1;39mLibvirt nwfilter local socket[0m.
[[0;32m  OK  [0m] Listening on [0;1;39mLibvirt proxy local socket[0m.
[[0;32m  OK  [0m] Listening on [0;1;39mLibvirt qemu local socket[0m.
[[0;32m  OK  [0m] Listening on [0;1;39mLibvirt qemu admin socket[0m.
[[0;32m  OK  [0m] Listening on [0;1;39mLibvirt qemu local read-only socket[0m.
[[0;32m  OK  [0m] Listening on [0;1;39mLibvirt secret local socket[0m.
[[0;32m  OK  [0m] Listening on [0;1;39mLibvirt storage local socket[0m.
[[0;32m  OK  [0m] Reached target [0;1;39mSocket Units[0m.
         Starting [0;1;39mD-Bus System Message Bus[0m...
[[0;32m  OK  [0m] Started [0;1;39mD-Bus System Message Bus[0m.
[[0;32m  OK  [0m] Reached target [0;1;39mBasic System[0m.
[    8.224483] memfd_create() without MFD_EXEC nor MFD_NOEXEC_SEAL, pid=258 'dbus-broker-lau'
         Starting [0;1;39mNetwork Manager[0m...
         Starting [0;1;39mNTP client/server[0m...
         Starting [0;1;39mRestore /run/initramfs on shutdown[0m...
[[0;32m  OK  [0m] Started [0;1;39mirqbalance daemon[0m.
[[0;32m  OK  [0m] Started [0;1;39mlibstoragemgmt plug-in server daemon[0m.
[[0;32m  OK  [0m] Started [0;1;39mMachine Check Exception Logging Daemon[0m.
[[0;32m  OK  [0m] Reached target [0;1;39msshd-keygen.target[0m.
[[0;32m  OK  [0m] Reached target [0;1;39mUser and Group Name Lookups[0m.
         Starting [0;1;39mUser Login Management[0m...
         Starting [0;1;39mVirtual Machine a…tainer Registration Service[0m...
[[0;32m  OK  [0m] Finished [0;1;39mRestore /run/initramfs on shutdown[0m.
[[0;32m  OK  [0m] Started [0;1;39mVirtual Machine an…ontainer Registration Service[0m.
[[0;32m  OK  [0m] Started [0;1;39mNTP client/server[0m.
[[0;32m  OK  [0m] Started [0;1;39mUser Login Management[0m.
         Starting [0;1;39mHostname Service[0m...
[[0;32m  OK  [0m] Started [0;1;39mHostname Service[0m.
         Starting [0;1;39mNetwork Manager Script Dispatcher Service[0m...
[[0;32m  OK  [0m] Started [0;1;39mNetwork Manager Script Dispatcher Service[0m.
[    8.842697] e1000: eth0 NIC Link is Up 1000 Mbps Full Duplex, Flow Control: RX
[    8.845098] IPv6: ADDRCONF(NETDEV_CHANGE): eth0: link becomes ready
[[0;32m  OK  [0m] Started [0;1;39mNetwork Manager[0m.
[[0;32m  OK  [0m] Reached target [0;1;39mNetwork[0m.
[[0;32m  OK  [0m] Reached target [0;1;39mNetwork is Online[0m.
         Starting [0;1;39mGSSAPI Proxy Daemon[0m...
         Starting [0;1;39mNotify NFS peers of a restart[0m...
         Starting [0;1;39mSystem Logging Service[0m...
         Starting [0;1;39mOpenSSH server daemon[0m...
         Starting [0;1;39mDynamic System Tuning Daemon[0m...
[[0;32m  OK  [0m] Started [0;1;39mNotify NFS peers of a restart[0m.
[[0;32m  OK  [0m] Started [0;1;39mGSSAPI Proxy Daemon[0m.
[[0;32m  OK  [0m] Reached target [0;1;39mNFS client services[0m.
[[0;32m  OK  [0m] Reached target [0;1;39mPreparation for Remote File Systems[0m.
[[0;32m  OK  [0m] Reached target [0;1;39mRemote File Systems[0m.
         Starting [0;1;39mPermit User Sessions[0m...
         Starting [0;1;39mVirtualization qemu daemon[0m...
[[0;32m  OK  [0m] Started [0;1;39mOpenSSH server daemon[0m.
[[0;32m  OK  [0m] Finished [0;1;39mPermit User Sessions[0m.
[[0;32m  OK  [0m] Started [0;1;39mDeferred execution scheduler[0m.
[[0;32m  OK  [0m] Started [0;1;39mCommand Scheduler[0m.
         Starting [0;1;39mHold until boot process finishes up[0m...
         Starting [0;1;39mTerminate Plymouth Boot Screen[0m...
[[0;32m  OK  [0m] Started [0;1;39mSystem Logging Service[0m.
[[0;32m  OK  [0m] Started [0;1;39mVirtualization qemu daemon[0m.

CentOS Stream 9
Kernel 6.3.0-1c15ca4e4efa+ on an x86_64

Activate the web console with: systemctl enable --now cockpit.socket

test login: [   15.224774] hrtimer: interrupt took 7159 ns
