c[?7l[2J[0mSeaBIOS (version rel-1.16.0-0-gd239552ce722-prebuilt.qemu.org)


iPXE (http://ipxe.org) 00:03.0 CA00 PCI2.10 PnP PMM+7FF91000+7FEF1000 CA00
Press Ctrl-B to configure iPXE (PCI 00:03.0)...                                                                               


Booting from ROM...
c[?7l[2J[    0.000000] Linux version 6.3.0-3af49062b011+ (root@p-rpls01) (gcc (GCC) 8.5.0 20210514 (Red Hat 8.5.0-19), GNU ld version 2.36.1-2.el8) #1 SMP PREEMPT_DYNAMIC Sun May 21 07:23:03 CST 2023
[    0.000000] Command line: console=ttyS0 root=/dev/sda earlyprintk=serial net.ifnames=0 thunderbolt.dyndbg
[    0.000000] KERNEL supported cpus:
[    0.000000]   Intel GenuineIntel
[    0.000000]   AMD AuthenticAMD
[    0.000000]   Hygon HygonGenuine
[    0.000000]   Centaur CentaurHauls
[    0.000000]   zhaoxin   Shanghai  
[    0.000000] x86/fpu: Supporting XSAVE feature 0x001: 'x87 floating point registers'
[    0.000000] x86/fpu: Supporting XSAVE feature 0x002: 'SSE registers'
[    0.000000] x86/fpu: Supporting XSAVE feature 0x004: 'AVX registers'
[    0.000000] x86/fpu: Supporting XSAVE feature 0x200: 'Protection Keys User registers'
[    0.000000] x86/fpu: xstate_offset[2]:  576, xstate_sizes[2]:  256
[    0.000000] x86/fpu: xstate_offset[9]:  832, xstate_sizes[9]:    8
[    0.000000] x86/fpu: Enabled xstate features 0x207, context size is 840 bytes, using 'compacted' format.
[    0.000000] signal: max sigframe size: 3632
[    0.000000] BIOS-provided physical RAM map:
[    0.000000] BIOS-e820: [mem 0x0000000000000000-0x000000000009fbff] usable
[    0.000000] BIOS-e820: [mem 0x000000000009fc00-0x000000000009ffff] reserved
[    0.000000] BIOS-e820: [mem 0x00000000000f0000-0x00000000000fffff] reserved
[    0.000000] BIOS-e820: [mem 0x0000000000100000-0x000000007ffdffff] usable
[    0.000000] BIOS-e820: [mem 0x000000007ffe0000-0x000000007fffffff] reserved
[    0.000000] BIOS-e820: [mem 0x00000000feffc000-0x00000000feffffff] reserved
[    0.000000] BIOS-e820: [mem 0x00000000fffc0000-0x00000000ffffffff] reserved
[    0.000000] printk: bootconsole [earlyser0] enabled
[    0.000000] NX (Execute Disable) protection: active
[    0.000000] SMBIOS 2.8 present.
[    0.000000] DMI: QEMU Standard PC (i440FX + PIIX, 1996), BIOS rel-1.16.0-0-gd239552ce722-prebuilt.qemu.org 04/01/2014
[    0.000000] Hypervisor detected: KVM
[    0.000000] kvm-clock: Using msrs 4b564d01 and 4b564d00
[    0.000005] kvm-clock: using sched offset of 507336864 cycles
[    0.001371] clocksource: kvm-clock: mask: 0xffffffffffffffff max_cycles: 0x1cd42e4dffb, max_idle_ns: 881590591483 ns
[    0.005551] tsc: Detected 806.400 MHz processor
[    0.015877] last_pfn = 0x7ffe0 max_arch_pfn = 0x400000000
[    0.017493] x86/PAT: Configuration [0-7]: WB  WC  UC- UC  WB  WP  UC- WT  
[    0.026352] found SMP MP-table at [mem 0x000f5ba0-0x000f5baf]
[    0.027989] Using GB pages for direct mapping
[    0.030479] ACPI: Early table checksum verification disabled
[    0.031943] ACPI: RSDP 0x00000000000F59C0 000014 (v00 BOCHS )
[    0.033490] ACPI: RSDT 0x000000007FFE1951 000034 (v01 BOCHS  BXPC     00000001 BXPC 00000001)
[    0.035731] ACPI: FACP 0x000000007FFE17FD 000074 (v01 BOCHS  BXPC     00000001 BXPC 00000001)
[    0.037949] ACPI: DSDT 0x000000007FFE0040 0017BD (v01 BOCHS  BXPC     00000001 BXPC 00000001)
[    0.040125] ACPI: FACS 0x000000007FFE0000 000040
[    0.041319] ACPI: APIC 0x000000007FFE1871 000080 (v01 BOCHS  BXPC     00000001 BXPC 00000001)
[    0.043521] ACPI: HPET 0x000000007FFE18F1 000038 (v01 BOCHS  BXPC     00000001 BXPC 00000001)
[    0.045737] ACPI: WAET 0x000000007FFE1929 000028 (v01 BOCHS  BXPC     00000001 BXPC 00000001)
[    0.047951] ACPI: Reserving FACP table memory at [mem 0x7ffe17fd-0x7ffe1870]
[    0.049786] ACPI: Reserving DSDT table memory at [mem 0x7ffe0040-0x7ffe17fc]
[    0.051616] ACPI: Reserving FACS table memory at [mem 0x7ffe0000-0x7ffe003f]
[    0.053441] ACPI: Reserving APIC table memory at [mem 0x7ffe1871-0x7ffe18f0]
[    0.055231] ACPI: Reserving HPET table memory at [mem 0x7ffe18f1-0x7ffe1928]
[    0.057052] ACPI: Reserving WAET table memory at [mem 0x7ffe1929-0x7ffe1950]
[    0.060197] No NUMA configuration found
[    0.061210] Faking a node at [mem 0x0000000000000000-0x000000007ffdffff]
[    0.063046] NODE_DATA(0) allocated [mem 0x7ffb5000-0x7ffdffff]
[    0.068166] Zone ranges:
[    0.068823]   DMA      [mem 0x0000000000001000-0x0000000000ffffff]
[    0.070395]   DMA32    [mem 0x0000000001000000-0x000000007ffdffff]
[    0.072025]   Normal   empty
[    0.072785]   Device   empty
[    0.073547] Movable zone start for each node
[    0.074675] Early memory node ranges
[    0.075592]   node   0: [mem 0x0000000000001000-0x000000000009efff]
[    0.077216]   node   0: [mem 0x0000000000100000-0x000000007ffdffff]
[    0.078840] Initmem setup node 0 [mem 0x0000000000001000-0x000000007ffdffff]
[    0.081159] On node 0, zone DMA: 1 pages in unavailable ranges
[    0.081401] On node 0, zone DMA: 97 pages in unavailable ranges
[    0.118263] On node 0, zone DMA32: 32 pages in unavailable ranges
[    0.120681] ACPI: PM-Timer IO Port: 0x608
[    0.123305] ACPI: LAPIC_NMI (acpi_id[0xff] dfl dfl lint[0x1])
[    0.124916] IOAPIC[0]: apic_id 0, version 17, address 0xfec00000, GSI 0-23
[    0.126702] ACPI: INT_SRC_OVR (bus 0 bus_irq 0 global_irq 2 dfl dfl)
[    0.128341] ACPI: INT_SRC_OVR (bus 0 bus_irq 5 global_irq 5 high level)
[    0.130063] ACPI: INT_SRC_OVR (bus 0 bus_irq 9 global_irq 9 high level)
[    0.131809] ACPI: INT_SRC_OVR (bus 0 bus_irq 10 global_irq 10 high level)
[    0.133562] ACPI: INT_SRC_OVR (bus 0 bus_irq 11 global_irq 11 high level)
[    0.135323] ACPI: Using ACPI (MADT) for SMP configuration information
[    0.136980] ACPI: HPET id: 0x8086a201 base: 0xfed00000
[    0.138296] TSC deadline timer available
[    0.139291] smpboot: Allowing 2 CPUs, 0 hotplug CPUs
[    0.140663] kvm-guest: KVM setup pv remote TLB flush
[    0.141951] kvm-guest: setup PV sched yield
[    0.143079] PM: hibernation: Registered nosave memory: [mem 0x00000000-0x00000fff]
[    0.145021] PM: hibernation: Registered nosave memory: [mem 0x0009f000-0x0009ffff]
[    0.146941] PM: hibernation: Registered nosave memory: [mem 0x000a0000-0x000effff]
[    0.148902] PM: hibernation: Registered nosave memory: [mem 0x000f0000-0x000fffff]
[    0.150827] [mem 0x80000000-0xfeffbfff] available for PCI devices
[    0.152369] Booting paravirtualized kernel on KVM
[    0.153583] clocksource: refined-jiffies: mask: 0xffffffff max_cycles: 0xffffffff, max_idle_ns: 7645519600211568 ns
[    0.156250] setup_percpu: NR_CPUS:8192 nr_cpumask_bits:2 nr_cpu_ids:2 nr_node_ids:1
[    0.158899] percpu: Embedded 66 pages/cpu s233472 r8192 d28672 u1048576
[    0.160885] kvm-guest: PV spinlocks enabled
[    0.161968] PV qspinlock hash table entries: 256 (order: 0, 4096 bytes, linear)
[    0.163838] Kernel command line: net.ifnames=0 console=ttyS0 root=/dev/sda earlyprintk=serial net.ifnames=0 thunderbolt.dyndbg
[    0.167244] random: crng init done
[    0.168757] Dentry cache hash table entries: 262144 (order: 9, 2097152 bytes, linear)
[    0.170998] Inode-cache hash table entries: 131072 (order: 8, 1048576 bytes, linear)
[    0.173188] Fallback order for Node 0: 0 
[    0.173203] Built 1 zonelists, mobility grouping on.  Total pages: 515808
[    0.175993] Policy zone: DMA32
[    0.176804] mem auto-init: stack:off, heap alloc:off, heap free:off
[    0.187078] Memory: 1966936K/2096632K available (34816K kernel code, 4573K rwdata, 9844K rodata, 10448K init, 31808K bss, 129440K reserved, 0K cma-reserved)
[    0.191143] SLUB: HWalign=64, Order=0-3, MinObjects=0, CPUs=2, Nodes=1
[    0.192876] kmemleak: Kernel memory leak detector disabled
[    0.194362] ftrace: allocating 69032 entries in 270 pages
[    0.226587] ftrace: allocated 270 pages with 4 groups
[    0.230490] Dynamic Preempt: voluntary
[    0.231503] Running RCU self tests
[    0.232303] Running RCU synchronous self tests
[    0.233324] rcu: Preemptible hierarchical RCU implementation.
[    0.234620] rcu: 	RCU lockdep checking is enabled.
[    0.235697] rcu: 	RCU restricting CPUs from NR_CPUS=8192 to nr_cpu_ids=2.
[    0.237248] 	Trampoline variant of Tasks RCU enabled.
[    0.238395] 	Rude variant of Tasks RCU enabled.
[    0.239425] 	Tracing variant of Tasks RCU enabled.
[    0.240512] rcu: RCU calculated value of scheduler-enlistment delay is 25 jiffies.
[    0.242210] rcu: Adjusting geometry for rcu_fanout_leaf=16, nr_cpu_ids=2
[    0.243751] Running RCU synchronous self tests
[    0.274386] NR_IRQS: 524544, nr_irqs: 440, preallocated irqs: 16
[    0.276173] rcu: srcu_init: Setting srcu_struct sizes based on contention.
[    0.297318] Console: colour VGA+ 80x25
[    0.298191] printk: console [ttyS0] enabled
[    0.298191] printk: console [ttyS0] enabled
[    0.300002] printk: bootconsole [earlyser0] disabled
[    0.300002] printk: bootconsole [earlyser0] disabled
[    0.302169] Lock dependency validator: Copyright (c) 2006 Red Hat, Inc., Ingo Molnar
[    0.303840] ... MAX_LOCKDEP_SUBCLASSES:  8
[    0.304739] ... MAX_LOCK_DEPTH:          48
[    0.305639] ... MAX_LOCKDEP_KEYS:        8192
[    0.306582] ... CLASSHASH_SIZE:          4096
[    0.307516] ... MAX_LOCKDEP_ENTRIES:     32768
[    0.308473] ... MAX_LOCKDEP_CHAINS:      65536
[    0.309426] ... CHAINHASH_SIZE:          32768
[    0.310403]  memory used by lock dependency info: 6365 kB
[    0.311586]  memory used for stack traces: 4224 kB
[    0.312662]  per task-struct memory footprint: 1920 bytes
[    0.313905] ACPI: Core revision 20230331
[    0.315044] clocksource: hpet: mask: 0xffffffff max_cycles: 0xffffffff, max_idle_ns: 19112604467 ns
[    0.317263] APIC: Switch to symmetric I/O mode setup
[    0.318908] x2apic enabled
[    0.320079] Switched APIC routing to physical x2apic.
[    0.321275] kvm-guest: setup PV IPIs
[    0.324628] ..TIMER: vector=0x30 apic1=0 pin1=2 apic2=-1 pin2=-1
[    0.326006] clocksource: tsc-early: mask: 0xffffffffffffffff max_cycles: 0xb9fb05486c, max_idle_ns: 440795231721 ns
[    0.328289] Calibrating delay loop (skipped) preset value.. 1612.80 BogoMIPS (lpj=3225600)
[    0.332273] pid_max: default: 32768 minimum: 301
[    0.333396] LSM: initializing lsm=capability,yama,integrity
[    0.334619] Yama: becoming mindful.
[    0.336423] Mount-cache hash table entries: 4096 (order: 3, 32768 bytes, linear)
[    0.338014] Mountpoint-cache hash table entries: 4096 (order: 3, 32768 bytes, linear)
[    0.341236] CPU0: Thermal monitoring enabled (TM1)
[    0.342443] x86/cpu: User Mode Instruction Prevention (UMIP) activated
[    0.344415] Last level iTLB entries: 4KB 0, 2MB 0, 4MB 0
[    0.345608] Last level dTLB entries: 4KB 0, 2MB 0, 4MB 0, 1GB 0
[    0.346991] Spectre V1 : Mitigation: usercopy/swapgs barriers and __user pointer sanitization
[    0.348273] Spectre V2 : WARNING: Unprivileged eBPF is enabled with eIBRS on, data leaks possible via Spectre v2 BHB attacks!
[    0.350894] Spectre V2 : Mitigation: Enhanced / Automatic IBRS
[    0.352272] Spectre V2 : Spectre v2 / SpectreRSB mitigation: Filling RSB on context switch
[    0.354170] Spectre V2 : Spectre v2 / PBRSB-eIBRS: Retire a single CALL on VMEXIT
[    0.356274] Spectre V2 : mitigation: Enabling conditional Indirect Branch Prediction Barrier
[    0.358206] Speculative Store Bypass: Mitigation: Speculative Store Bypass disabled via prctl
[    0.360272] MMIO Stale Data: Unknown: No mitigations
[    0.479159] Freeing SMP alternatives memory: 56K
[    0.480295] Running RCU synchronous self tests
[    0.481318] Running RCU synchronous self tests
[    0.482670] smpboot: CPU0: Genuine Intel(R) 0000 (family: 0x6, model: 0xb7, stepping: 0x0)
[    0.484423] cblist_init_generic: Setting adjustable number of callback queues.
[    0.486080] cblist_init_generic: Setting shift to 1 and lim to 1.
[    0.488324] cblist_init_generic: Setting shift to 1 and lim to 1.
[    0.489786] cblist_init_generic: Setting shift to 1 and lim to 1.
[    0.492321] Running RCU-tasks wait API self tests
[    0.596449] Performance Events: Alderlake Hybrid events, full-width counters, Intel PMU driver.
[    0.600532] core: cpu_core PMU driver: 
[    0.601302] ... version:                2
[    0.602139] ... bit width:              48
[    0.604282] ... generic registers:      6
[    0.605070] ... value mask:             0000ffffffffffff
[    0.606179] ... max period:             00007fffffffffff
[    0.608277] ... fixed-purpose events:   3
[    0.609071] ... event mask:             0001000f0000003f
[    0.610147] Callback from call_rcu_tasks_trace() invoked.
[    0.612493] rcu: Hierarchical SRCU implementation.
[    0.613453] rcu: 	Max phase no-delay instances is 1000.
[    0.620509] unchecked MSR access error: WRMSR to 0x38f (tried to write 0x0001000f0000003f) at rIP: 0xffffffff810dcc2c (native_write_msr+0xc/0x30)
[    0.623207] Call Trace:
[    0.623722]  <TASK>
[    0.624179]  __intel_pmu_enable_all.constprop.51+0xb5/0x140
[    0.624268]  intel_pmu_enable_all+0x1e/0x30
[    0.624268]  x86_pmu_enable+0x46d/0x5a0
[    0.624268]  ? write_comp_data+0x2f/0x90
[    0.624268]  perf_pmu_enable+0x53/0x70
[    0.624268]  ctx_resched+0x14d/0x1e0
[    0.624268]  __perf_install_in_context+0x2f7/0x470
[    0.624268]  ? __pfx_remote_function+0x10/0x10
[    0.624268]  ? __pfx_remote_function+0x10/0x10
[    0.624268]  remote_function+0x80/0xa0
[    0.624268]  ? __pfx_remote_function+0x10/0x10
[    0.624268]  generic_exec_single+0x124/0x190
[    0.624268]  smp_call_function_single+0x11c/0x240
[    0.624268]  ? __pfx_remote_function+0x10/0x10
[    0.624268]  ? __sanitizer_cov_trace_pc+0x25/0x60
[    0.624268]  ? write_comp_data+0x2f/0x90
[    0.624268]  perf_install_in_context+0x2d8/0x300
[    0.624268]  ? __pfx___perf_install_in_context+0x10/0x10
[    0.624268]  perf_event_create_kernel_counter+0x284/0x2b0
[    0.624268]  ? __pfx_watchdog_overflow_callback+0x10/0x10
[    0.624268]  hardlockup_detector_event_create+0x46/0xd0
[    0.624268]  hardlockup_detector_perf_init+0x18/0x80
[    0.624268]  watchdog_nmi_probe+0x17/0x20
[    0.624268]  lockup_detector_init+0x40/0xb0
[    0.624268]  kernel_init_freeable+0x37e/0x730
[    0.624268]  ? __pfx_kernel_init+0x10/0x10
[    0.624268]  kernel_init+0x24/0x1e0
[    0.624268]  ? __pfx_kernel_init+0x10/0x10
[    0.624268]  ret_from_fork+0x29/0x50
[    0.624268]  </TASK>
[    0.624468] smp: Bringing up secondary CPUs ...
[    0.625958] x86: Booting SMP configuration:
[    0.628284] .... node  #0, CPUs:      #1
[    0.629047] smp: Brought up 1 node, 2 CPUs
[    0.632283] smpboot: Max logical packages: 1
[    0.633259] smpboot: Total of 2 processors activated (3225.60 BogoMIPS)
[    0.637484] devtmpfs: initialized
[    0.640604] x86/mm: Memory block size: 128MB
[    0.645328] Running RCU synchronous self tests
[    0.648295] Running RCU synchronous self tests
[    0.649359] clocksource: jiffies: mask: 0xffffffff max_cycles: 0xffffffff, max_idle_ns: 7645041785100000 ns
[    0.652286] futex hash table entries: 512 (order: 4, 65536 bytes, linear)
[    0.654114] pinctrl core: initialized pinctrl subsystem
[    0.656674] 
[    0.657050] *************************************************************
[    0.660280] **     NOTICE NOTICE NOTICE NOTICE NOTICE NOTICE NOTICE    **
[    0.661828] **                                                         **
[    0.664286] **  IOMMU DebugFS SUPPORT HAS BEEN ENABLED IN THIS KERNEL  **
[    0.665990] **                                                         **
[    0.668285] ** This means that this kernel is built to expose internal **
[    0.669976] ** IOMMU data structures, which may compromise security on **
[    0.672283] ** your system.                                            **
[    0.673992] **                                                         **
[    0.676282] ** If you see this message and you are not debugging the   **
[    0.677975] ** kernel, report this immediately to your vendor!         **
[    0.680283] **                                                         **
[    0.681995] **     NOTICE NOTICE NOTICE NOTICE NOTICE NOTICE NOTICE    **
[    0.684280] *************************************************************
[    0.686171] PM: RTC time: 13:20:12, date: 2024-01-20
[    0.692868] NET: Registered PF_NETLINK/PF_ROUTE protocol family
[    0.696904] DMA: preallocated 256 KiB GFP_KERNEL pool for atomic allocations
[    0.700460] DMA: preallocated 256 KiB GFP_KERNEL|GFP_DMA pool for atomic allocations
[    0.702493] Callback from call_rcu_tasks_rude() invoked.
[    0.704310] DMA: preallocated 256 KiB GFP_KERNEL|GFP_DMA32 pool for atomic allocations
[    0.706380] audit: initializing netlink subsys (disabled)
[    0.708365] audit: type=2000 audit(1705756812.155:1): state=initialized audit_enabled=0 res=1
[    0.709147] thermal_sys: Registered thermal governor 'fair_share'
[    0.710216] thermal_sys: Registered thermal governor 'bang_bang'
[    0.712293] thermal_sys: Registered thermal governor 'step_wise'
[    0.713880] thermal_sys: Registered thermal governor 'user_space'
[    0.716358] cpuidle: using governor ladder
[    0.720291] cpuidle: using governor menu
[    0.721773] acpiphp: ACPI Hot Plug PCI Controller Driver version: 0.5
[    0.724691] PCI: Using configuration type 1 for base access
[    0.729006] kprobes: kprobe jump-optimization is enabled. All kprobes are optimized if possible.
[    1.258044] Callback from call_rcu_tasks() invoked.
[    1.272652] HugeTLB: registered 1.00 GiB page size, pre-allocated 0 pages
[    1.276301] HugeTLB: 16380 KiB vmemmap can be freed for a 1.00 GiB page
[    1.278093] HugeTLB: registered 2.00 MiB page size, pre-allocated 0 pages
[    1.284279] HugeTLB: 28 KiB vmemmap can be freed for a 2.00 MiB page
[    1.293013] ACPI: Added _OSI(Module Device)
[    1.294234] ACPI: Added _OSI(Processor Device)
[    1.296285] ACPI: Added _OSI(3.0 _SCP Extensions)
[    1.297599] ACPI: Added _OSI(Processor Aggregator Device)
[    1.313634] ACPI: 1 ACPI AML tables successfully acquired and loaded
[    6.653193] ACPI: Interpreter enabled
[    6.653935] ACPI: PM: (supports S0 S3 S4 S5)
[    6.656278] ACPI: Using IOAPIC for interrupt routing
[    6.657164] PCI: Using host bridge windows from ACPI; if necessary, use "pci=nocrs" and report a bug
[    6.660275] PCI: Using E820 reservations for host bridge windows
[    6.661853] ACPI: Enabled 2 GPEs in block 00 to 0F
[    6.688627] ACPI: PCI Root Bridge [PCI0] (domain 0000 [bus 00-ff])
[    6.689678] acpi PNP0A03:00: _OSC: OS supports [ASPM ClockPM Segments MSI EDR HPX-Type3]
[    6.692280] acpi PNP0A03:00: _OSC: not requesting OS control; OS requires [ExtendedConfig ASPM ClockPM MSI]
[    6.693922] acpi PNP0A03:00: fail to add MMCONFIG information, can't access extended configuration space under this bridge
[    6.698255] acpiphp: Slot [3] registered
[    6.700337] acpiphp: Slot [4] registered
[    6.701045] acpiphp: Slot [5] registered
[    6.701751] acpiphp: Slot [6] registered
[    6.702461] acpiphp: Slot [7] registered
[    6.708341] acpiphp: Slot [8] registered
[    6.709048] acpiphp: Slot [9] registered
[    6.709756] acpiphp: Slot [10] registered
[    6.710476] acpiphp: Slot [11] registered
[    6.712338] acpiphp: Slot [12] registered
[    6.713060] acpiphp: Slot [13] registered
[    6.713781] acpiphp: Slot [14] registered
[    6.714498] acpiphp: Slot [15] registered
[    6.716336] acpiphp: Slot [16] registered
[    6.717056] acpiphp: Slot [17] registered
[    6.717778] acpiphp: Slot [18] registered
[    6.718504] acpiphp: Slot [19] registered
[    6.724337] acpiphp: Slot [20] registered
[    6.725056] acpiphp: Slot [21] registered
[    6.725773] acpiphp: Slot [22] registered
[    6.726490] acpiphp: Slot [23] registered
[    6.728336] acpiphp: Slot [24] registered
[    6.729052] acpiphp: Slot [25] registered
[    6.729770] acpiphp: Slot [26] registered
[    6.730489] acpiphp: Slot [27] registered
[    6.732335] acpiphp: Slot [28] registered
[    6.733058] acpiphp: Slot [29] registered
[    6.733784] acpiphp: Slot [30] registered
[    6.734501] acpiphp: Slot [31] registered
[    6.736297] PCI host bridge to bus 0000:00
[    6.736973] pci_bus 0000:00: root bus resource [io  0x0000-0x0cf7 window]
[    6.738077] pci_bus 0000:00: root bus resource [io  0x0d00-0xffff window]
[    6.744277] pci_bus 0000:00: root bus resource [mem 0x000a0000-0x000bffff window]
[    6.745495] pci_bus 0000:00: root bus resource [mem 0x80000000-0xfebfffff window]
[    6.748277] pci_bus 0000:00: root bus resource [mem 0x100000000-0x17fffffff window]
[    6.749528] pci_bus 0000:00: root bus resource [bus 00-ff]
[    6.752302] pci 0000:00:00.0: [8086:1237] type 00 class 0x060000
[    6.757944] pci 0000:00:01.0: [8086:7000] type 00 class 0x060100
[    6.761355] pci 0000:00:01.1: [8086:7010] type 00 class 0x010180
[    6.765848] pci 0000:00:01.1: reg 0x20: [io  0xc040-0xc04f]
[    6.769005] pci 0000:00:01.1: legacy IDE quirk: reg 0x10: [io  0x01f0-0x01f7]
[    6.770218] pci 0000:00:01.1: legacy IDE quirk: reg 0x14: [io  0x03f6]
[    6.776278] pci 0000:00:01.1: legacy IDE quirk: reg 0x18: [io  0x0170-0x0177]
[    6.777492] pci 0000:00:01.1: legacy IDE quirk: reg 0x1c: [io  0x0376]
[    6.780631] pci 0000:00:01.3: [8086:7113] type 00 class 0x068000
[    6.782331] pci 0000:00:01.3: quirk: [io  0x0600-0x063f] claimed by PIIX4 ACPI
[    6.784300] pci 0000:00:01.3: quirk: [io  0x0700-0x070f] claimed by PIIX4 SMB
[    6.785942] pci 0000:00:02.0: [1234:1111] type 00 class 0x030000
[    6.789151] pci 0000:00:02.0: reg 0x10: [mem 0xfd000000-0xfdffffff pref]
[    6.793324] pci 0000:00:02.0: reg 0x18: [mem 0xfebf0000-0xfebf0fff]
[    6.804288] pci 0000:00:02.0: reg 0x30: [mem 0xfebe0000-0xfebeffff pref]
[    6.805532] pci 0000:00:02.0: Video device with shadowed ROM at [mem 0x000c0000-0x000dffff]
[    6.812471] pci 0000:00:03.0: [8086:100e] type 00 class 0x020000
[    6.814053] pci 0000:00:03.0: reg 0x10: [mem 0xfebc0000-0xfebdffff]
[    6.816700] pci 0000:00:03.0: reg 0x14: [io  0xc000-0xc03f]
[    6.821668] pci 0000:00:03.0: reg 0x30: [mem 0xfeb80000-0xfebbffff pref]
[    6.877901] ACPI: PCI: Interrupt link LNKA configured for IRQ 10
[    6.880615] ACPI: PCI: Interrupt link LNKB configured for IRQ 10
[    6.881937] ACPI: PCI: Interrupt link LNKC configured for IRQ 11
[    6.888607] ACPI: PCI: Interrupt link LNKD configured for IRQ 11
[    6.889756] ACPI: PCI: Interrupt link LNKS configured for IRQ 9
[    6.893131] iommu: Default domain type: Translated 
[    6.893131] iommu: DMA domain TLB invalidation policy: lazy mode 
[    6.897072] SCSI subsystem initialized
[    6.897723] ACPI: bus type USB registered
[    6.897723] usbcore: registered new interface driver usbfs
[    6.898123] usbcore: registered new interface driver hub
[    6.899027] usbcore: registered new device driver usb
[    6.899961] pps_core: LinuxPPS API ver. 1 registered
[    6.904280] pps_core: Software ver. 5.3.6 - Copyright 2005-2007 Rodolfo Giometti <giometti@linux.it>
[    6.905780] PTP clock support registered
[    6.908331] EDAC MC: Ver: 3.0.0
[    6.913186] NetLabel: Initializing
[    6.913750] NetLabel:  domain hash size = 128
[    6.916278] NetLabel:  protocols = UNLABELED CIPSOv4 CALIPSO
[    6.917244] NetLabel:  unlabeled traffic allowed by default
[    6.918275] PCI: Using ACPI for IRQ routing
[    6.920497] pci 0000:00:02.0: vgaarb: setting as boot VGA device
[    6.921358] pci 0000:00:02.0: vgaarb: bridge control possible
[    6.922370] pci 0000:00:02.0: vgaarb: VGA device added: decodes=io+mem,owns=io+mem,locks=none
[    6.924279] vgaarb: loaded
[    6.924783] hpet0: at MMIO 0xfed00000, IRQs 2, 8, 0
[    6.925420] hpet0: 3 comparators, 64-bit 100.000000 MHz counter
[    6.932449] clocksource: Switched to clocksource kvm-clock
[    6.934025] VFS: Disk quotas dquot_6.6.0
[    6.934588] VFS: Dquot-cache hash table entries: 512 (order 0, 4096 bytes)
[    6.936773] pnp: PnP ACPI init
[    6.939448] pnp: PnP ACPI: found 6 devices
[    6.949922] clocksource: acpi_pm: mask: 0xffffff max_cycles: 0xffffff, max_idle_ns: 2085701024 ns
[    6.952630] NET: Registered PF_INET protocol family
[    6.954064] IP idents hash table entries: 32768 (order: 6, 262144 bytes, linear)
[    6.956882] tcp_listen_portaddr_hash hash table entries: 1024 (order: 4, 73728 bytes, linear)
[    6.959179] Table-perturb hash table entries: 65536 (order: 6, 262144 bytes, linear)
[    6.961268] TCP established hash table entries: 16384 (order: 5, 131072 bytes, linear)
[    6.963658] TCP bind hash table entries: 16384 (order: 9, 2359296 bytes, linear)
[    6.966570] TCP: Hash tables configured (established 16384 bind 16384)
[    6.968416] UDP hash table entries: 1024 (order: 5, 163840 bytes, linear)
[    6.970317] UDP-Lite hash table entries: 1024 (order: 5, 163840 bytes, linear)
[    6.972497] NET: Registered PF_UNIX/PF_LOCAL protocol family
[    6.974431] RPC: Registered named UNIX socket transport module.
[    6.976081] RPC: Registered udp transport module.
[    6.977456] RPC: Registered tcp transport module.
[    6.978764] RPC: Registered tcp NFSv4.1 backchannel transport module.
[    6.980744] pci_bus 0000:00: resource 4 [io  0x0000-0x0cf7 window]
[    6.981642] pci_bus 0000:00: resource 5 [io  0x0d00-0xffff window]
[    6.982577] pci_bus 0000:00: resource 6 [mem 0x000a0000-0x000bffff window]
[    6.983603] pci_bus 0000:00: resource 7 [mem 0x80000000-0xfebfffff window]
[    6.984631] pci_bus 0000:00: resource 8 [mem 0x100000000-0x17fffffff window]
[    6.986008] pci 0000:00:01.0: PIIX3: Enabling Passive Release
[    6.987012] pci 0000:00:00.0: Limiting direct PCI/PCI transfers
[    6.988141] PCI: CLS 0 bytes, default 64
[    6.989121] ACPI: bus type thunderbolt registered
[    6.990262] clocksource: tsc: mask: 0xffffffffffffffff max_cycles: 0xb9fb05486c, max_idle_ns: 440795231721 ns
[    7.020185] Initialise system trusted keyrings
[    7.021141] Key type blacklist registered
[    7.022202] workingset: timestamp_bits=36 max_order=19 bucket_order=0
[    7.023497] zbud: loaded
[    7.024649] squashfs: version 4.0 (2009/01/31) Phillip Lougher
[    7.026618] NFS: Registering the id_resolver key type
[    7.027590] Key type id_resolver registered
[    7.028388] Key type id_legacy registered
[    7.029179] nfs4filelayout_init: NFSv4 File Layout Driver Registering...
[    7.030445] nfs4flexfilelayout_init: NFSv4 Flexfile Layout Driver Registering...
[    7.031947] fuse: init (API version 7.38)
[    7.033187] SGI XFS with ACLs, security attributes, realtime, quota, no debug enabled
[    7.035241] 9p: Installing v9fs 9p2000 file system support
[    7.043645] Key type asymmetric registered
[    7.044477] Asymmetric key parser 'x509' registered
[    7.045472] Block layer SCSI generic (bsg) driver version 0.4 loaded (major 243)
[    7.047205] io scheduler mq-deadline registered
[    7.048132] io scheduler bfq registered
[    7.049579] shpchp: Standard Hot Plug PCI Controller Driver version: 0.4
[    7.051254] IPMI message handler: version 39.2
[    7.052189] ipmi device interface
[    7.054593] input: Power Button as /devices/LNXSYSTM:00/LNXPWRBN:00/input/input0
[    7.056342] ACPI: button: Power Button [PWRF]
[    7.058197] ERST DBG: ERST support is disabled.
[    7.059742] Serial: 8250/16550 driver, 32 ports, IRQ sharing enabled
[    7.062371] 00:04: ttyS0 at I/O 0x3f8 (irq = 4, base_baud = 115200) is a 16550A
[    7.071635] Linux agpgart interface v0.103
[    7.073270] ACPI: bus type drm_connector registered
[    7.085637] brd: module loaded
[    7.092489] loop: module loaded
[    7.097296] scsi host0: ata_piix
[    7.098478] scsi host1: ata_piix
[    7.099314] ata1: PATA max MWDMA2 cmd 0x1f0 ctl 0x3f6 bmdma 0xc040 irq 14
[    7.100692] ata2: PATA max MWDMA2 cmd 0x170 ctl 0x376 bmdma 0xc048 irq 15
[    7.103547] tun: Universal TUN/TAP device driver, 1.6
[    7.104857] e100: Intel(R) PRO/100 Network Driver
[    7.105747] e100: Copyright(c) 1999-2006 Intel Corporation
[    7.106829] e1000: Intel(R) PRO/1000 Network Driver
[    7.107743] e1000: Copyright (c) 1999-2006 Intel Corporation.
[    7.254373] ACPI: \_SB_.LNKC: Enabled at IRQ 11
[    7.262978] ata1: found unknown device (class 0)
[    7.264570] ata2: found unknown device (class 0)
[    7.266810] ata1.00: ATA-7: QEMU HARDDISK, 2.5+, max UDMA/100
[    7.268027] ata1.00: 17196647 sectors, multi 16: LBA48 
[    7.269382] ata2.00: ATAPI: QEMU DVD-ROM, 2.5+, max UDMA/100
[    7.272222] scsi 0:0:0:0: Direct-Access     ATA      QEMU HARDDISK    2.5+ PQ: 0 ANSI: 5
[    7.274872] sd 0:0:0:0: Attached scsi generic sg0 type 0
[    7.275723] sd 0:0:0:0: [sda] 17196647 512-byte logical blocks: (8.80 GB/8.20 GiB)
[    7.277933] sd 0:0:0:0: [sda] Write Protect is off
[    7.278086] scsi 1:0:0:0: CD-ROM            QEMU     QEMU DVD-ROM     2.5+ PQ: 0 ANSI: 5
[    7.279023] sd 0:0:0:0: [sda] Write cache: enabled, read cache: enabled, doesn't support DPO or FUA
[    7.282823] sd 0:0:0:0: [sda] Preferred minimum I/O size 512 bytes
[    7.303649] scsi 1:0:0:0: Attached scsi generic sg1 type 5
[    7.317650] sd 0:0:0:0: [sda] Attached SCSI disk
[    7.624721] e1000 0000:00:03.0 eth0: (PCI:33MHz:32-bit) 52:54:00:12:34:56
[    7.625940] e1000 0000:00:03.0 eth0: Intel(R) PRO/1000 Network Connection
[    7.627196] e1000e: Intel(R) PRO/1000 Network Driver
[    7.628044] e1000e: Copyright(c) 1999 - 2015 Intel Corporation.
[    7.629102] igb: Intel(R) Gigabit Ethernet Network Driver
[    7.630020] igb: Copyright (c) 2007-2014 Intel Corporation.
[    7.631063] PPP generic driver version 2.4.2
[    7.632425] VFIO - User Level meta-driver version: 0.3
[    7.633828] usbcore: registered new interface driver uas
[    7.634790] usbcore: registered new interface driver usb-storage
[    7.635934] i8042: PNP: PS/2 Controller [PNP0303:KBD,PNP0f13:MOU] at 0x60,0x64 irq 1,12
[    7.638316] serio: i8042 KBD port at 0x60,0x64 irq 1
[    7.639220] serio: i8042 AUX port at 0x60,0x64 irq 12
[    7.640869] mousedev: PS/2 mouse device common for all mice
[    7.642680] rtc_cmos 00:05: RTC can wake from S4
[    7.644737] input: AT Translated Set 2 keyboard as /devices/platform/i8042/serio0/input/input1
[    7.646736] rtc_cmos 00:05: registered as rtc0
[    7.647664] rtc_cmos 00:05: setting system clock to 2024-01-20T13:20:16 UTC (1705756816)
[    7.649307] rtc_cmos 00:05: alarms up to one day, y3k, 242 bytes nvram, hpet irqs
[    7.650673] i2c_dev: i2c /dev entries driver
[    7.652387] input: VirtualPS/2 VMware VMMouse as /devices/platform/i8042/serio1/input/input4
[    7.654184] device-mapper: core: CONFIG_IMA_DISABLE_HTABLE is disabled. Duplicate IMA measurements will not be recorded in the IMA log.
[    7.656822] input: VirtualPS/2 VMware VMMouse as /devices/platform/i8042/serio1/input/input3
[    7.658384] device-mapper: uevent: version 1.0.3
[    7.659698] device-mapper: ioctl: 4.48.0-ioctl (2023-03-01) initialised: dm-devel@redhat.com
[    7.661166] intel_pstate: CPU model not supported
[    7.662081] sdhci: Secure Digital Host Controller Interface driver
[    7.663175] sdhci: Copyright(c) Pierre Ossman
[    7.664004] sdhci-pltfm: SDHCI platform and OF driver helper
[    7.665173] ledtrig-cpu: registered to indicate activity on CPUs
[    7.666556] drop_monitor: Initializing network drop monitor service
[    7.667799] NET: Registered PF_INET6 protocol family
[    7.672187] Segment Routing with IPv6
[    7.672918] In-situ OAM (IOAM) with IPv6
[    7.673654] NET: Registered PF_PACKET protocol family
[    7.674733] 9pnet: Installing 9P2000 support
[    7.675618] Key type dns_resolver registered
[    7.677375] IPI shorthand broadcast: enabled
[    7.692418] sched_clock: Marking stable (7648004369, 42511358)->(4934532996, 2755982731)
[    7.694447] registered taskstats version 1
[    7.695619] Loading compiled-in X.509 certificates
[    7.710621] Key type .fscrypt registered
[    7.711433] Key type fscrypt-provisioning registered
[    7.713903] Key type encrypted registered
[    7.714802] ima: No TPM chip found, activating TPM-bypass!
[    7.715882] ima: Allocated hash algorithm: sha1
[    7.716823] ima: No architecture policies found
[    7.717772] evm: Initialising EVM extended attributes:
[    7.718797] evm: security.selinux
[    7.719453] evm: security.SMACK64
[    7.720112] evm: security.SMACK64EXEC
[    7.720843] evm: security.SMACK64TRANSMUTE
[    7.721637] evm: security.SMACK64MMAP
[    7.722350] evm: security.apparmor
[    7.723026] evm: security.ima
[    7.723608] evm: security.capability
[    7.724301] evm: HMAC attrs: 0x1
[    7.726258] PM:   Magic number: 8:122:332
[    7.727117] tty tty53: hash matches
[    7.728251] RAS: Correctable Errors collector initialized.
[    7.729797] clk: Disabling unused clocks
[    7.731769] md: Waiting for all devices to be available before autodetect
[    7.732678] md: If you don't use raid, use raid=noautodetect
[    7.733425] md: Autodetecting RAID arrays.
[    7.733977] md: autorun ...
[    7.734369] md: ... autorun DONE.
[    7.740731] EXT4-fs (sda): INFO: recovery required on readonly filesystem
[    7.741641] EXT4-fs (sda): write access will be enabled during recovery
[    7.813412] EXT4-fs (sda): recovery complete
[    7.816284] EXT4-fs (sda): mounted filesystem 088740a9-c8b4-422c-999d-a804eb68a4da with ordered data mode. Quota mode: none.
[    7.817686] VFS: Mounted root (ext4 filesystem) readonly on device 8:0.
[    7.820464] devtmpfs: mounted
[    7.827667] Freeing unused decrypted memory: 2036K
[    7.830837] Freeing unused kernel image (initmem) memory: 10448K
[    7.831617] Write protecting the kernel read-only data: 45056k
[    7.833543] Freeing unused kernel image (rodata/data gap) memory: 396K
[    7.928830] x86/mm: Checked W+X mappings: passed, no W+X pages found.
[    7.929482] Run /sbin/init as init process
[    8.045612] systemd[1]: systemd 252-15.el9 running in system mode (+PAM +AUDIT +SELINUX -APPARMOR +IMA +SMACK +SECCOMP +GCRYPT +GNUTLS +OPENSSL +ACL +BLKID +CURL +ELFUTILS -FIDO2 +IDN2 -IDN -IPTC +KMOD +LIBCRYPTSETUP +LIBFDISK +PCRE2 -PWQUALITY +P11KIT -QRENCODE +TPM2 +BZIP2 +LZ4 +XZ +ZLIB +ZSTD -BPF_FRAMEWORK +XKBCOMMON +UTMP +SYSVINIT default-hierarchy=unified)
[    8.049152] systemd[1]: Detected virtualization kvm.
[    8.049714] systemd[1]: Detected architecture x86-64.

Welcome to [0;31mCentOS Stream 9[0m!

[    8.054421] systemd[1]: Hostname set to <test>.
[    8.194679] systemd-rc-local-generator[110]: /etc/rc.d/rc.local is not marked executable, skipping.
[    8.499735] systemd[1]: Queued start job for default target Multi-User System.
[    8.524765] systemd[1]: Created slice Virtual Machine and Container Slice.
[[0;32m  OK  [0m] Created slice [0;1;39mVirtual Machine and Container Slice[0m.
[    8.529882] systemd[1]: Created slice Slice /system/getty.
[[0;32m  OK  [0m] Created slice [0;1;39mSlice /system/getty[0m.
[    8.533197] systemd[1]: Created slice Slice /system/modprobe.
[[0;32m  OK  [0m] Created slice [0;1;39mSlice /system/modprobe[0m.
[    8.536515] systemd[1]: Created slice Slice /system/serial-getty.
[[0;32m  OK  [0m] Created slice [0;1;39mSlice /system/serial-getty[0m.
[    8.539914] systemd[1]: Created slice Slice /system/sshd-keygen.
[[0;32m  OK  [0m] Created slice [0;1;39mSlice /system/sshd-keygen[0m.
[    8.543138] systemd[1]: Created slice User and Session Slice.
[[0;32m  OK  [0m] Created slice [0;1;39mUser and Session Slice[0m.
[    8.545877] systemd[1]: Started Forward Password Requests to Wall Directory Watch.
[[0;32m  OK  [0m] Started [0;1;39mForward Password R…uests to Wall Directory Watch[0m.
[    8.549843] systemd[1]: Set up automount Arbitrary Executable File Formats File System Automount Point.
[[0;32m  OK  [0m] Set up automount [0;1;39mArbitrary…s File System Automount Point[0m.
[    8.553408] systemd[1]: Reached target Local Integrity Protected Volumes.
[[0;32m  OK  [0m] Reached target [0;1;39mLocal Integrity Protected Volumes[0m.
[    8.556275] systemd[1]: Reached target Slice Units.
[[0;32m  OK  [0m] Reached target [0;1;39mSlice Units[0m.
[    8.558382] systemd[1]: Reached target Swaps.
[[0;32m  OK  [0m] Reached target [0;1;39mSwaps[0m.
[    8.560328] systemd[1]: Reached target Local Verity Protected Volumes.
[[0;32m  OK  [0m] Reached target [0;1;39mLocal Verity Protected Volumes[0m.
[    8.563315] systemd[1]: Listening on Device-mapper event daemon FIFOs.
[[0;32m  OK  [0m] Listening on [0;1;39mDevice-mapper event daemon FIFOs[0m.
[    8.566469] systemd[1]: Listening on LVM2 poll daemon socket.
[[0;32m  OK  [0m] Listening on [0;1;39mLVM2 poll daemon socket[0m.
[    8.569092] systemd[1]: multipathd control socket was skipped because of an unmet condition check (ConditionPathExists=/etc/multipath.conf).
[    8.613918] systemd[1]: Listening on RPCbind Server Activation Socket.
[[0;32m  OK  [0m] Listening on [0;1;39mRPCbind Server Activation Socket[0m.
[    8.617032] systemd[1]: Reached target RPC Port Mapper.
[[0;32m  OK  [0m] Reached target [0;1;39mRPC Port Mapper[0m.
[    8.621836] systemd[1]: Listening on Process Core Dump Socket.
[[0;32m  OK  [0m] Listening on [0;1;39mProcess Core Dump Socket[0m.
[    8.624713] systemd[1]: Listening on initctl Compatibility Named Pipe.
[[0;32m  OK  [0m] Listening on [0;1;39minitctl Compatibility Named Pipe[0m.
[    8.627862] systemd[1]: Listening on Journal Socket (/dev/log).
[[0;32m  OK  [0m] Listening on [0;1;39mJournal Socket (/dev/log)[0m.
[    8.630888] systemd[1]: Listening on Journal Socket.
[[0;32m  OK  [0m] Listening on [0;1;39mJournal Socket[0m.
[    8.633600] systemd[1]: Listening on udev Control Socket.
[[0;32m  OK  [0m] Listening on [0;1;39mudev Control Socket[0m.
[    8.636272] systemd[1]: Listening on udev Kernel Socket.
[[0;32m  OK  [0m] Listening on [0;1;39mudev Kernel Socket[0m.
[    8.663184] systemd[1]: Mounting Huge Pages File System...
         Mounting [0;1;39mHuge Pages File System[0m...
[    8.670428] systemd[1]: Mounting POSIX Message Queue File System...
         Mounting [0;1;39mPOSIX Message Queue File System[0m...
[    8.677344] systemd[1]: Mounting Kernel Debug File System...
         Mounting [0;1;39mKernel Debug File System[0m...
[    8.683877] systemd[1]: Mounting Kernel Trace File System...
         Mounting [0;1;39mKernel Trace File System[0m...
[    8.686502] systemd[1]: Kernel Module supporting RPCSEC_GSS was skipped because of an unmet condition check (ConditionPathExists=/etc/krb5.keytab).
[    8.689609] systemd[1]: Create List of Static Device Nodes was skipped because of an unmet condition check (ConditionFileNotEmpty=/lib/modules/6.3.0-3af49062b011+/modules.devname).
[    8.697216] systemd[1]: Starting Monitoring of LVM2 mirrors, snapshots etc. using dmeventd or progress polling...
         Starting [0;1;39mMonitoring of LVM…meventd or progress polling[0m...
[    8.705211] systemd[1]: Starting Load Kernel Module configfs...
         Starting [0;1;39mLoad Kernel Module configfs[0m...
[    8.712391] systemd[1]: Starting Load Kernel Module drm...
         Starting [0;1;39mLoad Kernel Module drm[0m...
[    8.719157] systemd[1]: Starting Load Kernel Module fuse...
         Starting [0;1;39mLoad Kernel Module fuse[0m...
[    8.728132] systemd[1]: Starting Read and set NIS domainname from /etc/sysconfig/network...
         Starting [0;1;39mRead and set NIS …from /etc/sysconfig/network[0m...
[    8.738804] systemd[1]: Starting Journal Service...
         Starting [0;1;39mJournal Service[0m...
[    8.767674] systemd[1]: Starting Load Kernel Modules...
         Starting [0;1;39mLoad Kernel Modules[0m...
[    8.775890] systemd[1]: Starting Generate network units from Kernel command line...
         Starting [0;1;39mGenerate network …ts from Kernel command line[0m...
[    8.800956] systemd[1]: Starting Remount Root and Kernel File Systems...
         Starting [0;1;39mRemount Root and Kernel File Systems[0m...
[    8.814941] systemd[1]: Repartition Root Disk was skipped because no trigger condition checks were met.
[    8.838668] systemd[1]: Starting Coldplug All udev Devices...
         Starting [0;1;39mColdplug All udev Devices[0m...
[    8.853412] systemd[1]: Mounted Huge Pages File System.
[[0;32m  OK  [0m] Mounted [0;1;39mHuge Pages File System[0m.
[    8.860333] systemd[1]: Mounted POSIX Message Queue File System.
[[0;32m  OK  [0m] Mounted [0;1;39mPOSIX Message Queue File System[0m.
[    8.871346] systemd[1]: Mounted Kernel Debug File System.
[[0;32m  OK  [0m] Mounted [0;1;39mKernel Debug File System[0m.
[    8.874149] systemd[1]: Mounted Kernel Trace File System.
[[0;32m  OK  [0m] Mounted [0;1;39mKernel Trace File System[0m.
[    8.877850] systemd[1]: modprobe@configfs.service: Deactivated successfully.
[    8.880489] systemd[1]: Finished Load Kernel Module configfs.
[    8.882171] EXT4-fs (sda): re-mounted 088740a9-c8b4-422c-999d-a804eb68a4da. Quota mode: none.
[[0;32m  OK  [0m] Finished [0;1;39mLoad Kernel Module configfs[0m.
[    8.888809] systemd[1]: modprobe@drm.service: Deactivated successfully.
[    8.891041] systemd[1]: Finished Load Kernel Module drm.
[[0;32m  OK  [0m] Finished [0;1;39mLoad Kernel Module drm[0m.
[    8.896097] systemd[1]: modprobe@fuse.service: Deactivated successfully.
[    8.898074] systemd[1]: Finished Load Kernel Module fuse.
[[0;32m  OK  [0m] Finished [0;1;39mLoad Kernel Module fuse[0m.
[    8.901518] systemd[1]: Finished Read and set NIS domainname from /etc/sysconfig/network.
[[0;32m  OK  [0m] Finished [0;1;39mRead and set NIS …e from /etc/sysconfig/network[0m.
[    8.906065] systemd[1]: systemd-modules-load.service: Main process exited, code=exited, status=1/FAILURE
[    8.908263] systemd[1]: systemd-modules-load.service: Failed with result 'exit-code'.
[    8.910303] systemd[1]: Failed to start Load Kernel Modules.
[[0;1;31mFAILED[0m] Failed to start [0;1;39mLoad Kernel Modules[0m.
See 'systemctl status systemd-modules-load.service' for details.
[    8.916425] systemd[1]: Finished Monitoring of LVM2 mirrors, snapshots etc. using dmeventd or progress polling.
[[0;32m  OK  [0m] Finished [0;1;39mMonitoring of LVM… dmeventd or progress polling[0m.
[    8.921651] systemd[1]: Finished Generate network units from Kernel command line.
[[0;32m  OK  [0m] Finished [0;1;39mGenerate network units from Kernel command line[0m.
[    8.925869] systemd[1]: Finished Remount Root and Kernel File Systems.
[[0;32m  OK  [0m] Finished [0;1;39mRemount Root and Kernel File Systems[0m.
[    8.929863] systemd[1]: Reached target Preparation for Network.
[[0;32m  OK  [0m] Reached target [0;1;39mPreparation for Network[0m.
[    8.950803] systemd[1]: Mounting FUSE Control File System...
         Mounting [0;1;39mFUSE Control File System[0m...
[    8.962895] systemd[1]: Mounting Kernel Configuration File System...
         Mounting [0;1;39mKernel Configuration File System[0m...
[    8.986779] systemd[1]: Special handling of early boot iSCSI sessions was skipped because of an unmet condition check (ConditionDirectoryNotEmpty=/sys/class/iscsi_session).
[    8.989617] systemd[1]: First Boot Wizard was skipped because of an unmet condition check (ConditionFirstBoot=yes).
[    9.001363] systemd[1]: Rebuild Hardware Database was skipped because of an unmet condition check (ConditionNeedsUpdate=/etc).
[    9.027717] systemd[1]: Starting Load/Save Random Seed...
         Starting [0;1;39mLoad/Save Random Seed[0m...
[    9.042954] systemd[1]: Starting Apply Kernel Variables...
         Starting [0;1;39mApply Kernel Variables[0m...
[    9.045529] systemd[1]: Create System Users was skipped because no trigger condition checks were met.
[    9.078331] systemd[1]: Starting Create Static Device Nodes in /dev...
         Starting [0;1;39mCreate Static Device Nodes in /dev[0m...
[    9.092224] systemd[1]: Starting Setup Virtual Console...
         Starting [0;1;39mSetup Virtual Console[0m...
[    9.121790] systemd[1]: Started Journal Service.
[[0;32m  OK  [0m] Started [0;1;39mJournal Service[0m.
[[0;32m  OK  [0m] Mounted [0;1;39mFUSE Control File System[0m.
[[0;32m  OK  [0m] Mounted [0;1;39mKernel Configuration File System[0m.
[[0;32m  OK  [0m] Finished [0;1;39mLoad/Save Random Seed[0m.
[[0;32m  OK  [0m] Finished [0;1;39mApply Kernel Variables[0m.
         Starting [0;1;39mFlush Journal to Persistent Storage[0m...
[[0;32m  OK  [0m] Finished [0;1;39mCreate Static Device Nodes in /dev[0m.
[    9.259007] systemd-journald[137]: Received client request to flush runtime journal.
         Starting [0;1;39mRule-based Manage…for Device Events and Files[0m...
[[0;32m  OK  [0m] Started [0;1;39mRule-based Manager for Device Events and Files[0m.
[[0;32m  OK  [0m] Finished [0;1;39mColdplug All udev Devices[0m.
[[0;32m  OK  [0m] Finished [0;1;39mFlush Journal to Persistent Storage[0m.
         Starting [0;1;39mAuto-connect to s…E devices found during boot[0m...
         Starting [0;1;39mWait for udev To …plete Device Initialization[0m...
[[0;32m  OK  [0m] Finished [0;1;39mAuto-connect to s…VME devices found during boot[0m.
[[0;32m  OK  [0m] Found device [0;1;39m/dev/ttyS0[0m.
[[0;32m  OK  [0m] Finished [0;1;39mSetup Virtual Console[0m.
         Starting [0;1;39mShow Plymouth Boot Screen[0m...
[2J[3J[-1;-1f[[0;32m  OK  [0m] Started [0;1;39mShow Plymouth Boot Screen[0m.
[[0;32m  OK  [0m] Started [0;1;39mForward Password R…s to Plymouth Directory Watch[0m.
[[0;32m  OK  [0m] Reached target [0;1;39mLocal Encrypted Volumes[0m.
[[0;32m  OK  [0m] Reached target [0;1;39mPath Units[0m.
[[0;32m  OK  [0m] Listening on [0;1;39mLoad/Save RF …itch Status /dev/rfkill Watch[0m.
[[0;32m  OK  [0m] Finished [0;1;39mWait for udev To Complete Device Initialization[0m.
[[0;32m  OK  [0m] Reached target [0;1;39mPreparation for Local File Systems[0m.
[[0;32m  OK  [0m] Reached target [0;1;39mLocal File Systems[0m.
         Starting [0;1;39mTell Plymouth To Write Out Runtime Data[0m...
         Starting [0;1;39mAutomatic Boot Loader Update[0m...
         Starting [0;1;39mCreate Volatile Files and Directories[0m...
[[0;32m  OK  [0m] Finished [0;1;39mTell Plymouth To Write Out Runtime Data[0m.
[[0;32m  OK  [0m] Finished [0;1;39mAutomatic Boot Loader Update[0m.
[[0;32m  OK  [0m] Finished [0;1;39mCreate Volatile Files and Directories[0m.
         Mounting [0;1;39mRPC Pipe File System[0m...
         Starting [0;1;39mSecurity Auditing Service[0m...
         Starting [0;1;39mRPC Bind[0m...
[[0;32m  OK  [0m] Mounted [0;1;39mRPC Pipe File System[0m.
[[0;32m  OK  [0m] Reached target [0;1;39mrpc_pipefs.target[0m.
[[0;32m  OK  [0m] Started [0;1;39mRPC Bind[0m.
[[0;32m  OK  [0m] Started [0;1;39mSecurity Auditing Service[0m.
         Starting [0;1;39mRecord System Boot/Shutdown in UTMP[0m...
[[0;32m  OK  [0m] Finished [0;1;39mRecord System Boot/Shutdown in UTMP[0m.
[[0;32m  OK  [0m] Reached target [0;1;39mSystem Initialization[0m.
[[0;32m  OK  [0m] Started [0;1;39mDaily rotation of log files[0m.
[[0;32m  OK  [0m] Started [0;1;39mUpdates mlocate database every day[0m.
[[0;32m  OK  [0m] Started [0;1;39mDaily Cleanup of Temporary Directories[0m.
[[0;32m  OK  [0m] Started [0;1;39mdaily update of the root trust anchor for DNSSEC[0m.
[[0;32m  OK  [0m] Reached target [0;1;39mTimer Units[0m.
[[0;32m  OK  [0m] Listening on [0;1;39mD-Bus System Message Bus Socket[0m.
[[0;32m  OK  [0m] Listening on [0;1;39mOpen-iSCSI iscsid Socket[0m.
[[0;32m  OK  [0m] Listening on [0;1;39mOpen-iSCSI iscsiuio Socket[0m.
[[0;32m  OK  [0m] Listening on [0;1;39mSSSD Kerberos…ache Manager responder socket[0m.
[[0;32m  OK  [0m] Listening on [0;1;39mLibvirt interface local socket[0m.
[[0;32m  OK  [0m] Listening on [0;1;39mVirtual machine lock manager socket[0m.
[[0;32m  OK  [0m] Listening on [0;1;39mVirtual machine log manager socket[0m.
[[0;32m  OK  [0m] Listening on [0;1;39mLibvirt network local socket[0m.
[[0;32m  OK  [0m] Listening on [0;1;39mLibvirt nodedev local socket[0m.
[[0;32m  OK  [0m] Listening on [0;1;39mLibvirt nwfilter local socket[0m.
[[0;32m  OK  [0m] Listening on [0;1;39mLibvirt proxy local socket[0m.
[[0;32m  OK  [0m] Listening on [0;1;39mLibvirt qemu local socket[0m.
[[0;32m  OK  [0m] Listening on [0;1;39mLibvirt qemu admin socket[0m.
[[0;32m  OK  [0m] Listening on [0;1;39mLibvirt qemu local read-only socket[0m.
[[0;32m  OK  [0m] Listening on [0;1;39mLibvirt secret local socket[0m.
[[0;32m  OK  [0m] Listening on [0;1;39mLibvirt storage local socket[0m.
[[0;32m  OK  [0m] Reached target [0;1;39mSocket Units[0m.
         Starting [0;1;39mD-Bus System Message Bus[0m...
[[0;32m  OK  [0m] Started [0;1;39mD-Bus System Message Bus[0m.
[[0;32m  OK  [0m] Reached target [0;1;39mBasic System[0m.
[   11.441113] memfd_create() without MFD_EXEC nor MFD_NOEXEC_SEAL, pid=257 'dbus-broker-lau'
         Starting [0;1;39mNetwork Manager[0m...
         Starting [0;1;39mNTP client/server[0m...
         Starting [0;1;39mRestore /run/initramfs on shutdown[0m...
[[0;32m  OK  [0m] Started [0;1;39mirqbalance daemon[0m.
[[0;32m  OK  [0m] Started [0;1;39mlibstoragemgmt plug-in server daemon[0m.
[[0;32m  OK  [0m] Started [0;1;39mMachine Check Exception Logging Daemon[0m.
[[0;32m  OK  [0m] Reached target [0;1;39msshd-keygen.target[0m.
[[0;32m  OK  [0m] Reached target [0;1;39mUser and Group Name Lookups[0m.
         Starting [0;1;39mUser Login Management[0m...
         Starting [0;1;39mVirtual Machine a…tainer Registration Service[0m...
[[0;32m  OK  [0m] Finished [0;1;39mRestore /run/initramfs on shutdown[0m.
[[0;32m  OK  [0m] Started [0;1;39mVirtual Machine an…ontainer Registration Service[0m.
[[0;32m  OK  [0m] Started [0;1;39mNTP client/server[0m.
         Starting [0;1;39mHostname Service[0m...
[[0;32m  OK  [0m] Started [0;1;39mUser Login Management[0m.
[[0;32m  OK  [0m] Started [0;1;39mHostname Service[0m.
         Starting [0;1;39mNetwork Manager Script Dispatcher Service[0m...
[[0;32m  OK  [0m] Started [0;1;39mNetwork Manager Script Dispatcher Service[0m.
[   12.134974] e1000: eth0 NIC Link is Up 1000 Mbps Full Duplex, Flow Control: RX
[   12.136928] IPv6: ADDRCONF(NETDEV_CHANGE): eth0: link becomes ready
[[0;32m  OK  [0m] Started [0;1;39mNetwork Manager[0m.
[[0;32m  OK  [0m] Reached target [0;1;39mNetwork[0m.
[[0;32m  OK  [0m] Reached target [0;1;39mNetwork is Online[0m.
         Starting [0;1;39mGSSAPI Proxy Daemon[0m...
         Starting [0;1;39mNotify NFS peers of a restart[0m...
         Starting [0;1;39mSystem Logging Service[0m...
         Starting [0;1;39mOpenSSH server daemon[0m...
         Starting [0;1;39mDynamic System Tuning Daemon[0m...
[[0;32m  OK  [0m] Started [0;1;39mNotify NFS peers of a restart[0m.
[[0;32m  OK  [0m] Started [0;1;39mGSSAPI Proxy Daemon[0m.
[[0;32m  OK  [0m] Reached target [0;1;39mNFS client services[0m.
[[0;32m  OK  [0m] Reached target [0;1;39mPreparation for Remote File Systems[0m.
[[0;32m  OK  [0m] Reached target [0;1;39mRemote File Systems[0m.
         Starting [0;1;39mPermit User Sessions[0m...
         Starting [0;1;39mVirtualization qemu daemon[0m...
[[0;32m  OK  [0m] Finished [0;1;39mPermit User Sessions[0m.
[[0;32m  OK  [0m] Started [0;1;39mDeferred execution scheduler[0m.
[[0;32m  OK  [0m] Started [0;1;39mCommand Scheduler[0m.
         Starting [0;1;39mHold until boot process finishes up[0m...
         Starting [0;1;39mTerminate Plymouth Boot Screen[0m...
[[0;32m  OK  [0m] Started [0;1;39mOpenSSH server daemon[0m.

CentOS Stream 9
Kernel 6.3.0-3af49062b011+ on an x86_64

Activate the web console with: systemctl enable --now cockpit.socket

test login: [   18.056463] hrtimer: interrupt took 15729 ns
[  148.624272] watchdog: BUG: soft lockup - CPU#0 stuck for 22s! [repro:69382]
[  148.624873] Modules linked in:
[  148.625133] irq event stamp: 8107725
[  148.625428] hardirqs last  enabled at (8107724): [<ffffffff82faf69e>] irqentry_exit+0x3e/0xa0
[  148.626112] hardirqs last disabled at (8107725): [<ffffffff82fad7b3>] sysvec_apic_timer_interrupt+0x13/0xe0
[  148.626892] softirqs last  enabled at (3680): [<ffffffff82fd1909>] __do_softirq+0x2d9/0x3c3
[  148.627554] softirqs last disabled at (4113): [<ffffffff81127824>] irq_exit_rcu+0xc4/0x100
[  148.628211] CPU: 0 PID: 69382 Comm: repro Not tainted 6.3.0-3af49062b011+ #1
[  148.628784] Hardware name: QEMU Standard PC (i440FX + PIIX, 1996), BIOS rel-1.16.0-0-gd239552ce722-prebuilt.qemu.org 04/01/2014
[  148.629683] RIP: 0010:_raw_spin_unlock_irqrestore+0x44/0x70
[  148.630141] Code: 48 83 c7 18 e8 dd d4 1f fe 48 89 df e8 25 04 20 fe 41 f7 c4 00 02 00 00 74 0b e8 a7 02 37 fe fb 0f 1f 44 00 00 bf 01 00 00 00 <e8> 47 2a 1b fe 65 8b 05 38 4e 06 7d 85 c0 74 09 5b 41 5c 5d c3 cc
[  148.631596] RSP: 0018:ffffc90000003e68 EFLAGS: 00000212
[  148.632020] RAX: 0000000000009010 RBX: ffffffff83e07798 RCX: 0000000000000002
[  148.632596] RDX: 0000000000000000 RSI: 0000000000000102 RDI: 0000000000000001
[  148.633169] RBP: ffffc90000003e78 R08: 0000000000000001 R09: 0000000000000001
[  148.633738] R10: 0000000000000001 R11: ffffffff83d64580 R12: 0000000000000202
[  148.634309] R13: 0000000000006691 R14: 0000000000006691 R15: 0000000000000246
[  148.634881] FS:  00007fb6f4084740(0000) GS:ffff88807dc00000(0000) knlGS:0000000000000000
[  148.635521] CS:  0010 DS: 0000 ES: 0000 CR0: 0000000080050033
[  148.635985] CR2: 0000000020000080 CR3: 0000000019618001 CR4: 0000000000770ef0
[  148.636562] PKRU: 55555554
[  148.636793] Call Trace:
[  148.637002]  <IRQ>
[  148.637182]  swake_up_one+0x3b/0x50
[  148.637480]  rcu_gp_kthread_wake+0x57/0x80
[  148.637820]  rcu_report_qs_rsp+0x4c/0xc0
[  148.638147]  rcu_report_qs_rnp+0x1e8/0x200
[  148.638491]  rcu_core+0x933/0x950
[  148.638785]  rcu_core_si+0x12/0x20
[  148.639077]  __do_softirq+0xc3/0x3c3
[  148.639381]  irq_exit_rcu+0xc4/0x100
[  148.639682]  sysvec_apic_timer_interrupt+0xb0/0xe0
[  148.640083]  </IRQ>
[  148.640266]  <TASK>
[  148.640459]  asm_sysvec_apic_timer_interrupt+0x1f/0x30
[  148.640883] RIP: 0010:generic_exec_single+0x132/0x190
[  148.641299] Code: 41 5c 41 5d 41 5e 5d c3 cc cc cc cc e8 37 0a 06 00 e8 22 41 0c 00 4c 89 f7 41 ff d4 0f 1f 00 e8 44 40 0c 00 fb 0f 1f 44 00 00 <e8> 19 0a 06 00 31 db 89 d8 5b 41 5c 41 5d 41 5e 5d c3 cc cc cc cc
[  148.642759] RSP: 0018:ffffc90000a33d10 EFLAGS: 00000202
[  148.643187] RAX: 0000000000000e85 RBX: 0000000000000200 RCX: 0000000000000006
[  148.643762] RDX: 0000000000000000 RSI: 0000000000000001 RDI: 0000000000000000
[  148.644338] RBP: ffffc90000a33d30 R08: 0000000000000001 R09: 0000000000000001
[  148.644919] R10: 0000000000000001 R11: ffffffff83d64580 R12: ffffffff81459c00
[  148.645494] R13: ffffc90000a33d40 R14: ffffc90000a33db8 R15: ffffffff81459c00
[  148.646080]  ? __pfx_remote_function+0x10/0x10
[  148.646460]  ? __pfx_remote_function+0x10/0x10
[  148.646850]  smp_call_function_single+0x11c/0x240
[  148.647250]  ? __pfx_remote_function+0x10/0x10
[  148.647628]  ? write_comp_data+0x2f/0x90
[  148.647968]  perf_install_in_context+0x2d8/0x300
[  148.648362]  ? __pfx___perf_install_in_context+0x10/0x10
[  148.648815]  __do_sys_perf_event_open+0x122e/0x1910
[  148.649245]  __x64_sys_perf_event_open+0x2f/0x40
[  148.649645]  do_syscall_64+0x3b/0x90
[  148.649963]  entry_SYSCALL_64_after_hwframe+0x72/0xdc
[  148.650396] RIP: 0033:0x7fb6f3e3ee5d
[  148.650706] Code: ff c3 66 2e 0f 1f 84 00 00 00 00 00 90 f3 0f 1e fa 48 89 f8 48 89 f7 48 89 d6 48 89 ca 4d 89 c2 4d 89 c8 4c 8b 4c 24 08 0f 05 <48> 3d 01 f0 ff ff 73 01 c3 48 8b 0d 93 af 1b 00 f7 d8 64 89 01 48
[  148.652200] RSP: 002b:00007ffe545cace8 EFLAGS: 00000246 ORIG_RAX: 000000000000012a
[  148.652825] RAX: ffffffffffffffda RBX: 0000000000000000 RCX: 00007fb6f3e3ee5d
[  148.653413] RDX: 0000000000000000 RSI: 00000000ffffffff RDI: 0000000020000080
[  148.654001] RBP: 00007ffe545cacf0 R08: 0000000000000000 R09: 00007ffe545cad20
[  148.654589] R10: 00000000ffffffff R11: 0000000000000246 R12: 00007ffe545cae48
[  148.655177] R13: 0000000000401b5d R14: 0000000000000000 R15: 00007fb6f40ce000
[  148.655774]  </TASK>
[  148.655970] Kernel panic - not syncing: softlockup: hung tasks
[  148.656461] CPU: 0 PID: 69382 Comm: repro Tainted: G             L     6.3.0-3af49062b011+ #1
[  148.657164] Hardware name: QEMU Standard PC (i440FX + PIIX, 1996), BIOS rel-1.16.0-0-gd239552ce722-prebuilt.qemu.org 04/01/2014
[  148.658094] Call Trace:
[  148.658310]  <IRQ>
[  148.658493]  dump_stack_lvl+0xa9/0x110
[  148.658826]  dump_stack+0x19/0x20
[  148.659125]  panic+0x4e8/0x520
[  148.659404]  ? watchdog_timer_fn+0x31e/0x390
[  148.659777]  watchdog_timer_fn+0x337/0x390
[  148.660131]  ? __pfx_watchdog_timer_fn+0x10/0x10
[  148.660530]  __hrtimer_run_queues+0x2ed/0x5d0
[  148.660912]  hrtimer_interrupt+0x134/0x2d0
[  148.661270]  __sysvec_apic_timer_interrupt+0x9c/0x1d0
[  148.661702]  sysvec_apic_timer_interrupt+0x57/0xe0
[  148.662118]  asm_sysvec_apic_timer_interrupt+0x1f/0x30
[  148.662554] RIP: 0010:_raw_spin_unlock_irqrestore+0x44/0x70
[  148.663027] Code: 48 83 c7 18 e8 dd d4 1f fe 48 89 df e8 25 04 20 fe 41 f7 c4 00 02 00 00 74 0b e8 a7 02 37 fe fb 0f 1f 44 00 00 bf 01 00 00 00 <e8> 47 2a 1b fe 65 8b 05 38 4e 06 7d 85 c0 74 09 5b 41 5c 5d c3 cc
[  148.664545] RSP: 0018:ffffc90000003e68 EFLAGS: 00000212
[  148.664985] RAX: 0000000000009010 RBX: ffffffff83e07798 RCX: 0000000000000002
[  148.665581] RDX: 0000000000000000 RSI: 0000000000000102 RDI: 0000000000000001
[  148.666175] RBP: ffffc90000003e78 R08: 0000000000000001 R09: 0000000000000001
[  148.666770] R10: 0000000000000001 R11: ffffffff83d64580 R12: 0000000000000202
[  148.667365] R13: 0000000000006691 R14: 0000000000006691 R15: 0000000000000246
[  148.667962]  ? _raw_spin_unlock_irqrestore+0x39/0x70
[  148.668393]  swake_up_one+0x3b/0x50
[  148.668703]  rcu_gp_kthread_wake+0x57/0x80
[  148.669051]  rcu_report_qs_rsp+0x4c/0xc0
[  148.669387]  rcu_report_qs_rnp+0x1e8/0x200
[  148.669738]  rcu_core+0x933/0x950
[  148.670036]  rcu_core_si+0x12/0x20
[  148.670335]  __do_softirq+0xc3/0x3c3
[  148.670654]  irq_exit_rcu+0xc4/0x100
[  148.670968]  sysvec_apic_timer_interrupt+0xb0/0xe0
[  148.671382]  </IRQ>
[  148.671571]  <TASK>
[  148.671762]  asm_sysvec_apic_timer_interrupt+0x1f/0x30
[  148.672198] RIP: 0010:generic_exec_single+0x132/0x190
[  148.672632] Code: 41 5c 41 5d 41 5e 5d c3 cc cc cc cc e8 37 0a 06 00 e8 22 41 0c 00 4c 89 f7 41 ff d4 0f 1f 00 e8 44 40 0c 00 fb 0f 1f 44 00 00 <e8> 19 0a 06 00 31 db 89 d8 5b 41 5c 41 5d 41 5e 5d c3 cc cc cc cc
[  148.674135] RSP: 0018:ffffc90000a33d10 EFLAGS: 00000202
[  148.674573] RAX: 0000000000000e85 RBX: 0000000000000200 RCX: 0000000000000006
[  148.675166] RDX: 0000000000000000 RSI: 0000000000000001 RDI: 0000000000000000
[  148.675753] RBP: ffffc90000a33d30 R08: 0000000000000001 R09: 0000000000000001
[  148.676341] R10: 0000000000000001 R11: ffffffff83d64580 R12: ffffffff81459c00
[  148.676939] R13: ffffc90000a33d40 R14: ffffc90000a33db8 R15: ffffffff81459c00
[  148.677529]  ? __pfx_remote_function+0x10/0x10
[  148.677920]  ? __pfx_remote_function+0x10/0x10
[  148.678318]  smp_call_function_single+0x11c/0x240
[  148.678729]  ? __pfx_remote_function+0x10/0x10
[  148.679116]  ? write_comp_data+0x2f/0x90
[  148.679464]  perf_install_in_context+0x2d8/0x300
[  148.679866]  ? __pfx___perf_install_in_context+0x10/0x10
[  148.680323]  __do_sys_perf_event_open+0x122e/0x1910
[  148.680767]  __x64_sys_perf_event_open+0x2f/0x40
[  148.681170]  do_syscall_64+0x3b/0x90
[  148.681491]  entry_SYSCALL_64_after_hwframe+0x72/0xdc
[  148.681931] RIP: 0033:0x7fb6f3e3ee5d
[  148.682244] Code: ff c3 66 2e 0f 1f 84 00 00 00 00 00 90 f3 0f 1e fa 48 89 f8 48 89 f7 48 89 d6 48 89 ca 4d 89 c2 4d 89 c8 4c 8b 4c 24 08 0f 05 <48> 3d 01 f0 ff ff 73 01 c3 48 8b 0d 93 af 1b 00 f7 d8 64 89 01 48
[  148.683767] RSP: 002b:00007ffe545cace8 EFLAGS: 00000246 ORIG_RAX: 000000000000012a
[  148.684406] RAX: ffffffffffffffda RBX: 0000000000000000 RCX: 00007fb6f3e3ee5d
[  148.685012] RDX: 0000000000000000 RSI: 00000000ffffffff RDI: 0000000020000080
[  148.685612] RBP: 00007ffe545cacf0 R08: 0000000000000000 R09: 00007ffe545cad20
[  148.686213] R10: 00000000ffffffff R11: 0000000000000246 R12: 00007ffe545cae48
[  148.686816] R13: 0000000000401b5d R14: 0000000000000000 R15: 00007fb6f40ce000
[  148.687426]  </TASK>
[  148.688055] Kernel Offset: disabled
[  148.688395] ---[ end Kernel panic - not syncing: softlockup: hung tasks ]---
