c[?7l[2J[0mSeaBIOS (version rel-1.16.0-0-gd239552ce722-prebuilt.qemu.org)


iPXE (http://ipxe.org) 00:03.0 CA00 PCI2.10 PnP PMM+7FF91000+7FEF1000 CA00
Press Ctrl-B to configure iPXE (PCI 00:03.0)...                                                                               


Booting from ROM...
c[?7l[2J[    0.000000] Linux version 5.15.0-rc3-e21d585cb3db+ (root@p-mtlsx) (gcc (GCC) 11.4.1 20231218 (Red Hat 11.4.1-3), GNU ld version 2.35.2-42.el9) #1 SMP Thu Feb 1 20:36:24 CST 2024
[    0.000000] Command line: console=ttyS0 root=/dev/sda earlyprintk=serial net.ifnames=0 thunderbolt.dyndbg
[    0.000000] KERNEL supported cpus:
[    0.000000]   Intel GenuineIntel
[    0.000000]   AMD AuthenticAMD
[    0.000000]   Hygon HygonGenuine
[    0.000000]   Centaur CentaurHauls
[    0.000000]   zhaoxin   Shanghai  
[    0.000000] x86/split lock detection: #DB: warning on user-space bus_locks
[    0.000000] x86/fpu: Supporting XSAVE feature 0x001: 'x87 floating point registers'
[    0.000000] x86/fpu: Supporting XSAVE feature 0x002: 'SSE registers'
[    0.000000] x86/fpu: Supporting XSAVE feature 0x004: 'AVX registers'
[    0.000000] x86/fpu: Supporting XSAVE feature 0x200: 'Protection Keys User registers'
[    0.000000] x86/fpu: xstate_offset[2]:  576, xstate_sizes[2]:  256
[    0.000000] x86/fpu: xstate_offset[9]:  832, xstate_sizes[9]:    8
[    0.000000] x86/fpu: Enabled xstate features 0x207, context size is 840 bytes, using 'compacted' format.
[    0.000000] signal: max sigframe size: 3632
[    0.000000] BIOS-provided physical RAM map:
[    0.000000] BIOS-e820: [mem 0x0000000000000000-0x000000000009fbff] usable
[    0.000000] BIOS-e820: [mem 0x000000000009fc00-0x000000000009ffff] reserved
[    0.000000] BIOS-e820: [mem 0x00000000000f0000-0x00000000000fffff] reserved
[    0.000000] BIOS-e820: [mem 0x0000000000100000-0x000000007ffdffff] usable
[    0.000000] BIOS-e820: [mem 0x000000007ffe0000-0x000000007fffffff] reserved
[    0.000000] BIOS-e820: [mem 0x00000000feffc000-0x00000000feffffff] reserved
[    0.000000] BIOS-e820: [mem 0x00000000fffc0000-0x00000000ffffffff] reserved
[    0.000000] printk: bootconsole [earlyser0] enabled
[    0.000000] NX (Execute Disable) protection: active
[    0.000000] SMBIOS 2.8 present.
[    0.000000] DMI: QEMU Standard PC (i440FX + PIIX, 1996), BIOS rel-1.16.0-0-gd239552ce722-prebuilt.qemu.org 04/01/2014
[    0.000000] Hypervisor detected: KVM
[    0.000000] kvm-clock: Using msrs 4b564d01 and 4b564d00
[    0.000000] kvm-clock: cpu 0, msr 8601001, primary cpu clock
[    0.000009] kvm-clock: using sched offset of 782642871 cycles
[    0.001027] clocksource: kvm-clock: mask: 0xffffffffffffffff max_cycles: 0x1cd42e4dffb, max_idle_ns: 881590591483 ns
[    0.003897] tsc: Detected 2380.800 MHz processor
[    0.017351] last_pfn = 0x7ffe0 max_arch_pfn = 0x400000000
[    0.018903] x86/PAT: Configuration [0-7]: WB  WC  UC- UC  WB  WP  UC- WT  
[    0.039034] found SMP MP-table at [mem 0x000f5ba0-0x000f5baf]
[    0.039553] Using GB pages for direct mapping
[    0.040710] ACPI: Early table checksum verification disabled
[    0.041162] ACPI: RSDP 0x00000000000F59C0 000014 (v00 BOCHS )
[    0.041618] ACPI: RSDT 0x000000007FFE1951 000034 (v01 BOCHS  BXPC     00000001 BXPC 00000001)
[    0.042284] ACPI: FACP 0x000000007FFE17FD 000074 (v01 BOCHS  BXPC     00000001 BXPC 00000001)
[    0.043466] ACPI: DSDT 0x000000007FFE0040 0017BD (v01 BOCHS  BXPC     00000001 BXPC 00000001)
[    0.044982] ACPI: FACS 0x000000007FFE0000 000040
[    0.045787] ACPI: APIC 0x000000007FFE1871 000080 (v01 BOCHS  BXPC     00000001 BXPC 00000001)
[    0.047226] ACPI: HPET 0x000000007FFE18F1 000038 (v01 BOCHS  BXPC     00000001 BXPC 00000001)
[    0.048668] ACPI: WAET 0x000000007FFE1929 000028 (v01 BOCHS  BXPC     00000001 BXPC 00000001)
[    0.050095] ACPI: Reserving FACP table memory at [mem 0x7ffe17fd-0x7ffe1870]
[    0.051398] ACPI: Reserving DSDT table memory at [mem 0x7ffe0040-0x7ffe17fc]
[    0.052736] ACPI: Reserving FACS table memory at [mem 0x7ffe0000-0x7ffe003f]
[    0.054062] ACPI: Reserving APIC table memory at [mem 0x7ffe1871-0x7ffe18f0]
[    0.055339] ACPI: Reserving HPET table memory at [mem 0x7ffe18f1-0x7ffe1928]
[    0.056579] ACPI: Reserving WAET table memory at [mem 0x7ffe1929-0x7ffe1950]
[    0.058831] No NUMA configuration found
[    0.059473] Faking a node at [mem 0x0000000000000000-0x000000007ffdffff]
[    0.060649] NODE_DATA(0) allocated [mem 0x7ffb5000-0x7ffdffff]
[    0.065568] Zone ranges:
[    0.066000]   DMA      [mem 0x0000000000001000-0x0000000000ffffff]
[    0.067023]   DMA32    [mem 0x0000000001000000-0x000000007ffdffff]
[    0.068240]   Normal   empty
[    0.069024]   Device   empty
[    0.069807] Movable zone start for each node
[    0.070955] Early memory node ranges
[    0.071774]   node   0: [mem 0x0000000000001000-0x000000000009efff]
[    0.073223]   node   0: [mem 0x0000000000100000-0x000000007ffdffff]
[    0.074671] Initmem setup node 0 [mem 0x0000000000001000-0x000000007ffdffff]
[    0.076932] On node 0, zone DMA: 1 pages in unavailable ranges
[    0.077418] On node 0, zone DMA: 97 pages in unavailable ranges
[    0.264470] On node 0, zone DMA32: 32 pages in unavailable ranges
[    1.163540] kasan: KernelAddressSanitizer initialized
[    1.165023] ACPI: PM-Timer IO Port: 0x608
[    1.165455] ACPI: LAPIC_NMI (acpi_id[0xff] dfl dfl lint[0x1])
[    1.166109] IOAPIC[0]: apic_id 0, version 17, address 0xfec00000, GSI 0-23
[    1.166745] ACPI: INT_SRC_OVR (bus 0 bus_irq 0 global_irq 2 dfl dfl)
[    1.167689] ACPI: INT_SRC_OVR (bus 0 bus_irq 5 global_irq 5 high level)
[    1.168772] ACPI: INT_SRC_OVR (bus 0 bus_irq 9 global_irq 9 high level)
[    1.169856] ACPI: INT_SRC_OVR (bus 0 bus_irq 10 global_irq 10 high level)
[    1.170979] ACPI: INT_SRC_OVR (bus 0 bus_irq 11 global_irq 11 high level)
[    1.172147] ACPI: Using ACPI (MADT) for SMP configuration information
[    1.173208] ACPI: HPET id: 0x8086a201 base: 0xfed00000
[    1.174101] TSC deadline timer available
[    1.174752] smpboot: Allowing 2 CPUs, 0 hotplug CPUs
[    1.175706] kvm-guest: KVM setup pv remote TLB flush
[    1.176553] kvm-guest: setup PV sched yield
[    1.177357] PM: hibernation: Registered nosave memory: [mem 0x00000000-0x00000fff]
[    1.178622] PM: hibernation: Registered nosave memory: [mem 0x0009f000-0x0009ffff]
[    1.179866] PM: hibernation: Registered nosave memory: [mem 0x000a0000-0x000effff]
[    1.181126] PM: hibernation: Registered nosave memory: [mem 0x000f0000-0x000fffff]
[    1.182378] [mem 0x80000000-0xfeffbfff] available for PCI devices
[    1.183382] Booting paravirtualized kernel on KVM
[    1.184204] clocksource: refined-jiffies: mask: 0xffffffff max_cycles: 0xffffffff, max_idle_ns: 7645519600211568 ns
[    1.185948] setup_percpu: NR_CPUS:8192 nr_cpumask_bits:2 nr_cpu_ids:2 nr_node_ids:1
[    1.190069] percpu: Embedded 63 pages/cpu s221184 r8192 d28672 u1048576
[    1.191521] kvm-guest: setup async PF for cpu 0
[    1.192294] kvm-guest: stealtime: cpu 0, msr 5e235080
[    1.193148] kvm-guest: PV spinlocks enabled
[    1.193870] PV qspinlock hash table entries: 256 (order: 0, 4096 bytes, linear)
[    1.195320] Built 1 zonelists, mobility grouping on.  Total pages: 515808
[    1.197118] Policy zone: DMA32
[    1.198198] Kernel command line: net.ifnames=0 console=ttyS0 root=/dev/sda earlyprintk=serial net.ifnames=0 thunderbolt.dyndbg
[    1.205328] Dentry cache hash table entries: 262144 (order: 9, 2097152 bytes, linear)
[    1.208532] Inode-cache hash table entries: 131072 (order: 8, 1048576 bytes, linear)
[    1.210922] mem auto-init: stack:off, heap alloc:off, heap free:off
[    1.393954] Memory: 1408824K/2096632K available (65554K kernel code, 14070K rwdata, 13472K rodata, 3952K init, 22712K bss, 687552K reserved, 0K cma-reserved)
[    1.396571] random: get_random_u64 called from __kmem_cache_create+0x2a/0x5e0 with crng_init=0
[    1.398090] SLUB: HWalign=64, Order=0-3, MinObjects=0, CPUs=2, Nodes=1
[    1.400446] kmemleak: Kernel memory leak detector disabled
[    1.401391] ftrace: allocating 62805 entries in 246 pages
[    1.545378] ftrace: allocated 246 pages with 6 groups
[    1.547404] Running RCU self tests
[    1.548048] rcu: Hierarchical RCU implementation.
[    1.548882] rcu: 	RCU lockdep checking is enabled.
[    1.549712] rcu: 	RCU restricting CPUs from NR_CPUS=8192 to nr_cpu_ids=2.
[    1.550826] 	Trampoline variant of Tasks RCU enabled.
[    1.551655] 	Rude variant of Tasks RCU enabled.
[    1.552407] 	Tracing variant of Tasks RCU enabled.
[    1.553153] rcu: RCU calculated value of scheduler-enlistment delay is 25 jiffies.
[    1.554323] rcu: Adjusting geometry for rcu_fanout_leaf=16, nr_cpu_ids=2
[    1.596134] NR_IRQS: 524544, nr_irqs: 440, preallocated irqs: 16
[    1.611488] Console: colour VGA+ 80x25
[    1.612177] printk: console [ttyS0] enabled
[    1.612177] printk: console [ttyS0] enabled
[    1.613487] printk: bootconsole [earlyser0] disabled
[    1.613487] printk: bootconsole [earlyser0] disabled
[    1.615066] Lock dependency validator: Copyright (c) 2006 Red Hat, Inc., Ingo Molnar
[    1.616322] ... MAX_LOCKDEP_SUBCLASSES:  8
[    1.616995] ... MAX_LOCK_DEPTH:          48
[    1.617674] ... MAX_LOCKDEP_KEYS:        8192
[    1.618384] ... CLASSHASH_SIZE:          4096
[    1.619093] ... MAX_LOCKDEP_ENTRIES:     32768
[    1.619813] ... MAX_LOCKDEP_CHAINS:      65536
[    1.620544] ... CHAINHASH_SIZE:          32768
[    1.621269]  memory used by lock dependency info: 6365 kB
[    1.622142]  memory used for stack traces: 4224 kB
[    1.622920]  per task-struct memory footprint: 1920 bytes
[    1.623904] ACPI: Core revision 20210730
[    1.625151] clocksource: hpet: mask: 0xffffffff max_cycles: 0xffffffff, max_idle_ns: 19112604467 ns
[    1.626907] APIC: Switch to symmetric I/O mode setup
[    1.628604] x2apic enabled
[    1.629481] Switched APIC routing to physical x2apic.
[    1.630367] kvm-guest: setup PV IPIs
[    1.633233] ..TIMER: vector=0x30 apic1=0 pin1=2 apic2=-1 pin2=-1
[    1.634042] clocksource: tsc-early: mask: 0xffffffffffffffff max_cycles: 0x22515dbcb04, max_idle_ns: 440795204659 ns
[    1.635879] Calibrating delay loop (skipped) preset value.. 4761.60 BogoMIPS (lpj=9523200)
[    1.637239] pid_max: default: 32768 minimum: 301
[    1.638399] LSM: Security Framework initializing
[    1.639902] Yama: becoming mindful.
[    1.640906] Mount-cache hash table entries: 4096 (order: 3, 32768 bytes, linear)
[    1.642180] Mountpoint-cache hash table entries: 4096 (order: 3, 32768 bytes, linear)
[    1.646111] CPU0: Thermal monitoring enabled (TM1)
[    1.646721] x86/cpu: User Mode Instruction Prevention (UMIP) activated
[    1.648043] Last level iTLB entries: 4KB 0, 2MB 0, 4MB 0
[    1.648912] Last level dTLB entries: 4KB 0, 2MB 0, 4MB 0, 1GB 0
[    1.649904] Spectre V1 : Mitigation: usercopy/swapgs barriers and __user pointer sanitization
[    1.651291] Spectre V2 : Mitigation: Enhanced IBRS
[    1.651857] Spectre V2 : Spectre v2 / SpectreRSB mitigation: Filling RSB on context switch
[    1.653252] Spectre V2 : mitigation: Enabling conditional Indirect Branch Prediction Barrier
[    1.654669] Speculative Store Bypass: Mitigation: Speculative Store Bypass disabled via prctl and seccomp
[    1.689480] Freeing SMP alternatives memory: 52K
[    1.690421] smpboot: CPU0: Genuine Intel(R) 0000 @ (family: 0x6, model: 0xac, stepping: 0x0)
[    1.691850] Running RCU-tasks wait API self tests
[    1.792210] Performance Events: unsupported p6 CPU model 172 no PMU driver, software events only.
[    1.796344] rcu: Hierarchical SRCU implementation.
[    1.801787] Callback from call_rcu_tasks_trace() invoked.
[    1.807130] NMI watchdog: Perf NMI watchdog permanently disabled
[    1.808368] smp: Bringing up secondary CPUs ...
[    1.810647] x86: Booting SMP configuration:
[    1.811336] .... node  #0, CPUs:      #1
[    0.030226] kvm-clock: cpu 1, msr 8601041, secondary cpu clock
[    1.812515] kvm-guest: setup async PF for cpu 1
[    1.814509] kvm-guest: stealtime: cpu 1, msr 5e335080
[    1.815993] smp: Brought up 1 node, 2 CPUs
[    1.816766] smpboot: Max logical packages: 1
[    1.817582] smpboot: Total of 2 processors activated (9523.20 BogoMIPS)
[    1.821637] devtmpfs: initialized
[    1.821637] x86/mm: Memory block size: 128MB
[    1.832018] clocksource: jiffies: mask: 0xffffffff max_cycles: 0xffffffff, max_idle_ns: 7645041785100000 ns
[    1.833555] futex hash table entries: 512 (order: 4, 65536 bytes, linear)
[    1.836476] pinctrl core: initialized pinctrl subsystem
[    1.839923] 
[    1.840329] *************************************************************
[    1.841978] **     NOTICE NOTICE NOTICE NOTICE NOTICE NOTICE NOTICE    **
[    1.843603] **                                                         **
[    1.843865] **  IOMMU DebugFS SUPPORT HAS BEEN ENABLED IN THIS KERNEL  **
[    1.845628] **                                                         **
[    1.847373] ** This means that this kernel is built to expose internal **
[    1.847864] ** IOMMU data structures, which may compromise security on **
[    1.849186] ** your system.                                            **
[    1.850588] **                                                         **
[    1.851861] ** If you see this message and you are not debugging the   **
[    1.853382] ** kernel, report this immediately to your vendor!         **
[    1.854744] **                                                         **
[    1.855859] **     NOTICE NOTICE NOTICE NOTICE NOTICE NOTICE NOTICE    **
[    1.857218] *************************************************************
[    1.859010] PM: RTC time: 13:03:40, date: 2024-02-01
[    1.862227] NET: Registered PF_NETLINK/PF_ROUTE protocol family
[    1.865244] DMA: preallocated 256 KiB GFP_KERNEL pool for atomic allocations
[    1.866444] DMA: preallocated 256 KiB GFP_KERNEL|GFP_DMA pool for atomic allocations
[    1.867715] DMA: preallocated 256 KiB GFP_KERNEL|GFP_DMA32 pool for atomic allocations
[    1.868113] audit: initializing netlink subsys (disabled)
[    1.870016] audit: type=2000 audit(1706792620.820:1): state=initialized audit_enabled=0 res=1
[    1.871850] thermal_sys: Registered thermal governor 'fair_share'
[    1.871850] thermal_sys: Registered thermal governor 'bang_bang'
[    1.875894] thermal_sys: Registered thermal governor 'step_wise'
[    1.878595] thermal_sys: Registered thermal governor 'user_space'
[    1.880093] cpuidle: using governor ladder
[    1.883920] cpuidle: using governor menu
[    1.886141] ACPI: bus type PCI registered
[    1.887569] acpiphp: ACPI Hot Plug PCI Controller Driver version: 0.5
[    1.893217] PCI: Using configuration type 1 for base access
[    1.896059] Callback from call_rcu_tasks_rude() invoked.
[    1.939760] Kprobes globally optimized
[    1.944184] HugeTLB registered 1.00 GiB page size, pre-allocated 0 pages
[    1.944662] HugeTLB registered 2.00 MiB page size, pre-allocated 0 pages
[    1.957827] ACPI: Added _OSI(Module Device)
[    1.957827] ACPI: Added _OSI(Processor Device)
[    1.957976] ACPI: Added _OSI(3.0 _SCP Extensions)
[    1.958436] ACPI: Added _OSI(Processor Aggregator Device)
[    1.959004] ACPI: Added _OSI(Linux-Dell-Video)
[    1.959483] ACPI: Added _OSI(Linux-Lenovo-NV-HDMI-Audio)
[    1.959850] ACPI: Added _OSI(Linux-HPI-Hybrid-Graphics)
[    1.983013] ACPI: 1 ACPI AML tables successfully acquired and loaded
[    2.000233] Callback from call_rcu_tasks() invoked.
[    2.000225] ACPI: Interpreter enabled
[    2.001730] ACPI: PM: (supports S0 S3 S4 S5)
[    2.002435] ACPI: Using IOAPIC for interrupt routing
[    2.003413] PCI: Using host bridge windows from ACPI; if necessary, use "pci=nocrs" and report a bug
[    2.005997] ACPI: Enabled 2 GPEs in block 00 to 0F
[    2.066855] ACPI: PCI Root Bridge [PCI0] (domain 0000 [bus 00-ff])
[    2.067905] acpi PNP0A03:00: _OSC: OS supports [ASPM ClockPM Segments MSI EDR HPX-Type3]
[    2.069443] acpi PNP0A03:00: fail to add MMCONFIG information, can't access extended PCI configuration space under this bridge.
[    2.077756] acpiphp: Slot [3] registered
[    2.078656] acpiphp: Slot [4] registered
[    2.079535] acpiphp: Slot [5] registered
[    2.080125] acpiphp: Slot [6] registered
[    2.081006] acpiphp: Slot [7] registered
[    2.081877] acpiphp: Slot [8] registered
[    2.082751] acpiphp: Slot [9] registered
[    2.083669] acpiphp: Slot [10] registered
[    2.084097] acpiphp: Slot [11] registered
[    2.085119] acpiphp: Slot [12] registered
[    2.085993] acpiphp: Slot [13] registered
[    2.086940] acpiphp: Slot [14] registered
[    2.087824] acpiphp: Slot [15] registered
[    2.088086] acpiphp: Slot [16] registered
[    2.088972] acpiphp: Slot [17] registered
[    2.089904] acpiphp: Slot [18] registered
[    2.090812] acpiphp: Slot [19] registered
[    2.091741] acpiphp: Slot [20] registered
[    2.092109] acpiphp: Slot [21] registered
[    2.093113] acpiphp: Slot [22] registered
[    2.094069] acpiphp: Slot [23] registered
[    2.094962] acpiphp: Slot [24] registered
[    2.095835] acpiphp: Slot [25] registered
[    2.096122] acpiphp: Slot [26] registered
[    2.097025] acpiphp: Slot [27] registered
[    2.097918] acpiphp: Slot [28] registered
[    2.098795] acpiphp: Slot [29] registered
[    2.099701] acpiphp: Slot [30] registered
[    2.100102] acpiphp: Slot [31] registered
[    2.100876] PCI host bridge to bus 0000:00
[    2.101556] pci_bus 0000:00: root bus resource [io  0x0000-0x0cf7 window]
[    2.102655] pci_bus 0000:00: root bus resource [io  0x0d00-0xffff window]
[    2.103762] pci_bus 0000:00: root bus resource [mem 0x000a0000-0x000bffff window]
[    2.107903] pci_bus 0000:00: root bus resource [mem 0x80000000-0xfebfffff window]
[    2.109104] pci_bus 0000:00: root bus resource [mem 0x100000000-0x17fffffff window]
[    2.110340] pci_bus 0000:00: root bus resource [bus 00-ff]
[    2.113991] pci 0000:00:00.0: [8086:1237] type 00 class 0x060000
[    2.128509] pci 0000:00:01.0: [8086:7000] type 00 class 0x060100
[    2.132895] pci 0000:00:01.1: [8086:7010] type 00 class 0x010180
[    2.136649] pci 0000:00:01.1: reg 0x20: [io  0xc040-0xc04f]
[    2.138649] pci 0000:00:01.1: legacy IDE quirk: reg 0x10: [io  0x01f0-0x01f7]
[    2.139810] pci 0000:00:01.1: legacy IDE quirk: reg 0x14: [io  0x03f6]
[    2.143865] pci 0000:00:01.1: legacy IDE quirk: reg 0x18: [io  0x0170-0x0177]
[    2.145016] pci 0000:00:01.1: legacy IDE quirk: reg 0x1c: [io  0x0376]
[    2.149519] pci 0000:00:01.3: [8086:7113] type 00 class 0x068000
[    2.151177] pci 0000:00:01.3: quirk: [io  0x0600-0x063f] claimed by PIIX4 ACPI
[    2.151877] pci 0000:00:01.3: quirk: [io  0x0700-0x070f] claimed by PIIX4 SMB
[    2.157995] pci 0000:00:02.0: [1234:1111] type 00 class 0x030000
[    2.165514] pci 0000:00:02.0: reg 0x10: [mem 0xfd000000-0xfdffffff pref]
[    2.179034] pci 0000:00:02.0: reg 0x18: [mem 0xfebf0000-0xfebf0fff]
[    2.188019] pci 0000:00:02.0: reg 0x30: [mem 0xfebe0000-0xfebeffff pref]
[    2.207270] pci 0000:00:03.0: [8086:100e] type 00 class 0x020000
[    2.213537] pci 0000:00:03.0: reg 0x10: [mem 0xfebc0000-0xfebdffff]
[    2.217613] pci 0000:00:03.0: reg 0x14: [io  0xc000-0xc03f]
[    2.224301] pci 0000:00:03.0: reg 0x30: [mem 0xfeb80000-0xfebbffff pref]
[    2.261306] ACPI: PCI: Interrupt link LNKA configured for IRQ 10
[    2.264067] ACPI: PCI: Interrupt link LNKB configured for IRQ 10
[    2.266675] ACPI: PCI: Interrupt link LNKC configured for IRQ 11
[    2.269430] ACPI: PCI: Interrupt link LNKD configured for IRQ 11
[    2.271178] ACPI: PCI: Interrupt link LNKS configured for IRQ 9
[    2.280620] iommu: Default domain type: Translated 
[    2.281274] iommu: DMA domain TLB invalidation policy: lazy mode 
[    2.284588] pci 0000:00:02.0: vgaarb: setting as boot VGA device
[    2.285217] pci 0000:00:02.0: vgaarb: VGA device added: decodes=io+mem,owns=io+mem,locks=none
[    2.287891] pci 0000:00:02.0: vgaarb: bridge control possible
[    2.289643] vgaarb: loaded
[    2.296079] SCSI subsystem initialized
[    2.298142] ACPI: bus type USB registered
[    2.300628] usbcore: registered new interface driver usbfs
[    2.303118] usbcore: registered new interface driver hub
[    2.304083] usbcore: registered new device driver usb
[    2.307494] pps_core: LinuxPPS API ver. 1 registered
[    2.311872] pps_core: Software ver. 5.3.6 - Copyright 2005-2007 Rodolfo Giometti <giometti@linux.it>
[    2.315551] PTP clock support registered
[    2.316295] EDAC MC: Ver: 3.0.0
[    2.327138] NetLabel: Initializing
[    2.327870] NetLabel:  domain hash size = 128
[    2.328852] NetLabel:  protocols = UNLABELED CIPSOv4 CALIPSO
[    2.330088] NetLabel:  unlabeled traffic allowed by default
[    2.331245] PCI: Using ACPI for IRQ routing
[    2.334214] hpet0: at MMIO 0xfed00000, IRQs 2, 8, 0
[    2.335872] hpet0: 3 comparators, 64-bit 100.000000 MHz counter
[    2.343875] clocksource: Switched to clocksource kvm-clock
[    2.664258] VFS: Disk quotas dquot_6.6.0
[    2.664815] VFS: Dquot-cache hash table entries: 512 (order 0, 4096 bytes)
[    2.666531] pnp: PnP ACPI init
[    2.766016] pnp: PnP ACPI: found 6 devices
[    2.784159] clocksource: acpi_pm: mask: 0xffffff max_cycles: 0xffffff, max_idle_ns: 2085701024 ns
[    2.785553] NET: Registered PF_INET protocol family
[    2.786850] IP idents hash table entries: 32768 (order: 6, 262144 bytes, linear)
[    2.789112] tcp_listen_portaddr_hash hash table entries: 1024 (order: 4, 81920 bytes, linear)
[    2.790013] TCP established hash table entries: 16384 (order: 5, 131072 bytes, linear)
[    2.791261] TCP bind hash table entries: 16384 (order: 8, 1179648 bytes, linear)
[    2.794549] TCP: Hash tables configured (established 16384 bind 16384)
[    2.795479] UDP hash table entries: 1024 (order: 5, 163840 bytes, linear)
[    2.796600] UDP-Lite hash table entries: 1024 (order: 5, 163840 bytes, linear)
[    2.799009] NET: Registered PF_UNIX/PF_LOCAL protocol family
[    2.802429] RPC: Registered named UNIX socket transport module.
[    2.803473] RPC: Registered udp transport module.
[    2.804265] RPC: Registered tcp transport module.
[    2.805052] RPC: Registered tcp NFSv4.1 backchannel transport module.
[    2.806744] pci_bus 0000:00: resource 4 [io  0x0000-0x0cf7 window]
[    2.808376] pci_bus 0000:00: resource 5 [io  0x0d00-0xffff window]
[    2.809624] pci_bus 0000:00: resource 6 [mem 0x000a0000-0x000bffff window]
[    2.811009] pci_bus 0000:00: resource 7 [mem 0x80000000-0xfebfffff window]
[    2.812462] pci_bus 0000:00: resource 8 [mem 0x100000000-0x17fffffff window]
[    2.814742] pci 0000:00:01.0: PIIX3: Enabling Passive Release
[    2.815903] pci 0000:00:00.0: Limiting direct PCI/PCI transfers
[    2.817054] pci 0000:00:01.0: Activating ISA DMA hang workarounds
[    2.818335] pci 0000:00:02.0: Video device with shadowed ROM at [mem 0x000c0000-0x000dffff]
[    2.819965] PCI: CLS 0 bytes, default 64
[    2.821855] ACPI: bus type thunderbolt registered
[    2.823617] clocksource: tsc: mask: 0xffffffffffffffff max_cycles: 0x22515dbcb04, max_idle_ns: 440795204659 ns
[    4.518104] Initialise system trusted keyrings
[    4.518622] Key type blacklist registered
[    4.519528] workingset: timestamp_bits=36 max_order=19 bucket_order=0
[    4.553961] zbud: loaded
[    4.563191] squashfs: version 4.0 (2009/01/31) Phillip Lougher
[    4.572969] NFS: Registering the id_resolver key type
[    4.574766] Key type id_resolver registered
[    4.576238] Key type id_legacy registered
[    4.578074] nfs4filelayout_init: NFSv4 File Layout Driver Registering...
[    4.579534] nfs4flexfilelayout_init: NFSv4 Flexfile Layout Driver Registering...
[    4.581387] fuse: init (API version 7.34)
[    4.583133] SGI XFS with ACLs, security attributes, realtime, quota, no debug enabled
[    4.591439] 9p: Installing v9fs 9p2000 file system support
[    4.606508] Key type asymmetric registered
[    4.607299] Asymmetric key parser 'x509' registered
[    4.608656] Block layer SCSI generic (bsg) driver version 0.4 loaded (major 244)
[    4.610595] io scheduler mq-deadline registered
[    4.611984] io scheduler bfq registered
[    4.615434] shpchp: Standard Hot Plug PCI Controller Driver version: 0.4
[    4.618043] IPMI message handler: version 39.2
[    4.619008] ipmi device interface
[    4.623241] input: Power Button as /devices/LNXSYSTM:00/LNXPWRBN:00/input/input0
[    4.625424] ACPI: button: Power Button [PWRF]
[    4.629230] ERST DBG: ERST support is disabled.
[    4.632040] Serial: 8250/16550 driver, 32 ports, IRQ sharing enabled
[    4.634328] 00:04: ttyS0 at I/O 0x3f8 (irq = 4, base_baud = 115200) is a 16550A
[    4.668228] Linux agpgart interface v0.103
[    4.713371] brd: module loaded
[    4.739002] loop: module loaded
[    4.758014] scsi host0: ata_piix
[    4.761214] scsi host1: ata_piix
[    4.762408] ata1: PATA max MWDMA2 cmd 0x1f0 ctl 0x3f6 bmdma 0xc040 irq 14
[    4.763536] ata2: PATA max MWDMA2 cmd 0x170 ctl 0x376 bmdma 0xc048 irq 15
[    4.767844] libphy: Fixed MDIO Bus: probed
[    4.769647] tun: Universal TUN/TAP device driver, 1.6
[    4.771536] e100: Intel(R) PRO/100 Network Driver
[    4.772464] e100: Copyright(c) 1999-2006 Intel Corporation
[    4.773601] e1000: Intel(R) PRO/1000 Network Driver
[    4.774508] e1000: Copyright (c) 1999-2006 Intel Corporation.
[    4.925260] ata2.00: ATAPI: QEMU DVD-ROM, 2.5+, max UDMA/100
[    4.927495] ata1.00: ATA-7: QEMU HARDDISK, 2.5+, max UDMA/100
[    4.928544] ata1.00: 17196647 sectors, multi 16: LBA48 
[    4.932469] scsi 0:0:0:0: Direct-Access     ATA      QEMU HARDDISK    2.5+ PQ: 0 ANSI: 5
[    4.937156] scsi 0:0:0:0: Attached scsi generic sg0 type 0
[    4.940571] scsi 1:0:0:0: CD-ROM            QEMU     QEMU DVD-ROM     2.5+ PQ: 0 ANSI: 5
[    4.945913] scsi 1:0:0:0: Attached scsi generic sg1 type 5
[    4.949590] sd 0:0:0:0: [sda] 17196647 512-byte logical blocks: (8.80 GB/8.20 GiB)
[    4.951904] sd 0:0:0:0: [sda] Write Protect is off
[    4.953309] sd 0:0:0:0: [sda] Write cache: enabled, read cache: enabled, doesn't support DPO or FUA
[    5.304548] sd 0:0:0:0: [sda] Attached SCSI disk
[    5.450523] ACPI: \_SB_.LNKC: Enabled at IRQ 11
[    5.775459] e1000 0000:00:03.0 eth0: (PCI:33MHz:32-bit) 52:54:00:12:34:56
[    5.776040] e1000 0000:00:03.0 eth0: Intel(R) PRO/1000 Network Connection
[    5.776702] e1000e: Intel(R) PRO/1000 Network Driver
[    5.777058] e1000e: Copyright(c) 1999 - 2015 Intel Corporation.
[    5.777576] igb: Intel(R) Gigabit Ethernet Network Driver
[    5.777956] igb: Copyright (c) 2007-2014 Intel Corporation.
[    5.778540] PPP generic driver version 2.4.2
[    5.780749] VFIO - User Level meta-driver version: 0.3
[    5.781904] ehci_hcd: USB 2.0 'Enhanced' Host Controller (EHCI) Driver
[    5.783388] ehci-pci: EHCI PCI platform driver
[    5.784393] ehci-platform: EHCI generic platform driver
[    5.785442] ohci_hcd: USB 1.1 'Open' Host Controller (OHCI) Driver
[    5.786588] ohci-pci: OHCI PCI platform driver
[    5.787449] ohci-platform: OHCI generic platform driver
[    5.788493] uhci_hcd: USB Universal Host Controller Interface driver
[    5.791161] usbcore: registered new interface driver uas
[    5.792739] usbcore: registered new interface driver usb-storage
[    5.794828] i8042: PNP: PS/2 Controller [PNP0303:KBD,PNP0f13:MOU] at 0x60,0x64 irq 1,12
[    5.798718] serio: i8042 KBD port at 0x60,0x64 irq 1
[    5.800614] serio: i8042 AUX port at 0x60,0x64 irq 12
[    5.806205] mousedev: PS/2 mouse device common for all mice
[    5.812624] input: AT Translated Set 2 keyboard as /devices/platform/i8042/serio0/input/input1
[    5.814785] rtc_cmos 00:05: RTC can wake from S4
[    5.823224] input: VirtualPS/2 VMware VMMouse as /devices/platform/i8042/serio1/input/input4
[    5.827676] rtc_cmos 00:05: registered as rtc0
[    5.831076] rtc_cmos 00:05: setting system clock to 2024-02-01T13:03:44 UTC (1706792624)
[    5.835134] rtc_cmos 00:05: alarms up to one day, y3k, 242 bytes nvram, hpet irqs
[    5.835440] input: VirtualPS/2 VMware VMMouse as /devices/platform/i8042/serio1/input/input3
[    5.837310] i2c_dev: i2c /dev entries driver
[    5.840563] device-mapper: core: CONFIG_IMA_DISABLE_HTABLE is disabled. Duplicate IMA measurements will not be recorded in the IMA log.
[    5.843578] device-mapper: uevent: version 1.0.3
[    5.846083] device-mapper: ioctl: 4.45.0-ioctl (2021-03-22) initialised: dm-devel@redhat.com
[    5.847643] intel_pstate: CPU model not supported
[    5.848811] sdhci: Secure Digital Host Controller Interface driver
[    5.849808] sdhci: Copyright(c) Pierre Ossman
[    5.851272] sdhci-pltfm: SDHCI platform and OF driver helper
[    5.853068] ledtrig-cpu: registered to indicate activity on CPUs
[    5.855141] drop_monitor: Initializing network drop monitor service
[    5.858643] NET: Registered PF_INET6 protocol family
[    5.876854] Segment Routing with IPv6
[    5.877816] In-situ OAM (IOAM) with IPv6
[    5.878798] NET: Registered PF_PACKET protocol family
[    5.881162] 9pnet: Installing 9P2000 support
[    5.882358] Key type dns_resolver registered
[    5.885925] IPI shorthand broadcast: enabled
[    5.887388] sched_clock: Marking stable (5859222450, 26226092)->(6023082038, -137633496)
[    5.892938] registered taskstats version 1
[    5.894459] Loading compiled-in X.509 certificates
[    5.897146] zswap: loaded using pool lzo/zbud
[    5.902632] Key type ._fscrypt registered
[    5.903313] Key type .fscrypt registered
[    5.903984] Key type fscrypt-provisioning registered
[    5.910358] Key type encrypted registered
[    5.911233] ima: No TPM chip found, activating TPM-bypass!
[    5.912350] ima: Allocated hash algorithm: sha1
[    5.913319] ima: No architecture policies found
[    5.914404] evm: Initialising EVM extended attributes:
[    5.915282] evm: security.selinux
[    5.915881] evm: security.SMACK64
[    5.916498] evm: security.SMACK64EXEC
[    5.917403] evm: security.SMACK64TRANSMUTE
[    5.918416] evm: security.SMACK64MMAP
[    5.919309] evm: security.apparmor
[    5.920165] evm: security.ima
[    5.920899] evm: security.capability
[    5.921686] evm: HMAC attrs: 0x1
[    5.926277] PM:   Magic number: 12:938:77
[    5.928610] RAS: Correctable Errors collector initialized.
[    5.932862] md: Waiting for all devices to be available before autodetect
[    5.934296] md: If you don't use raid, use raid=noautodetect
[    5.935689] md: Autodetecting RAID arrays.
[    5.936762] md: autorun ...
[    5.937456] md: ... autorun DONE.
[    5.951296] EXT4-fs (sda): INFO: recovery required on readonly filesystem
[    5.952527] EXT4-fs (sda): write access will be enabled during recovery
[    6.053883] EXT4-fs (sda): recovery complete
[    6.062304] EXT4-fs (sda): mounted filesystem with ordered data mode. Opts: (null). Quota mode: none.
[    6.064034] VFS: Mounted root (ext4 filesystem) readonly on device 8:0.
[    6.070012] devtmpfs: mounted
[    6.106275] Freeing unused decrypted memory: 2036K
[    6.112503] Freeing unused kernel image (initmem) memory: 3952K
[    6.113572] Write protecting the kernel read-only data: 81920k
[    6.125328] Freeing unused kernel image (text/rodata gap) memory: 2028K
[    6.130382] Freeing unused kernel image (rodata/data gap) memory: 864K
[    6.282525] x86/mm: Checked W+X mappings: passed, no W+X pages found.
[    6.283645] Run /sbin/init as init process
[    6.419560] random: fast init done
[    6.641765] systemd[1]: systemd 252-15.el9 running in system mode (+PAM +AUDIT +SELINUX -APPARMOR +IMA +SMACK +SECCOMP +GCRYPT +GNUTLS +OPENSSL +ACL +BLKID +CURL +ELFUTILS -FIDO2 +IDN2 -IDN -IPTC +KMOD +LIBCRYPTSETUP +LIBFDISK +PCRE2 -PWQUALITY +P11KIT -QRENCODE +TPM2 +BZIP2 +LZ4 +XZ +ZLIB +ZSTD -BPF_FRAMEWORK +XKBCOMMON +UTMP +SYSVINIT default-hierarchy=unified)
[    6.646986] systemd[1]: Detected virtualization kvm.
[    6.648035] systemd[1]: Detected architecture x86-64.

Welcome to [0;31mCentOS Stream 9[0m!

[    6.662803] systemd[1]: Hostname set to <test>.
[    7.004584] systemd-rc-local-generator[161]: /etc/rc.d/rc.local is not marked executable, skipping.
[    7.488740] systemd[1]: Queued start job for default target Multi-User System.
[    7.507628] systemd[1]: Created slice Virtual Machine and Container Slice.
[[0;32m  OK  [0m] Created slice [0;1;39mVirtual Machine and Container Slice[0m.
[    7.520826] systemd[1]: Created slice Slice /system/getty.
[[0;32m  OK  [0m] Created slice [0;1;39mSlice /system/getty[0m.
[    7.532196] systemd[1]: Created slice Slice /system/modprobe.
[[0;32m  OK  [0m] Created slice [0;1;39mSlice /system/modprobe[0m.
[    7.538109] systemd[1]: Created slice Slice /system/serial-getty.
[[0;32m  OK  [0m] Created slice [0;1;39mSlice /system/serial-getty[0m.
[    7.544613] systemd[1]: Created slice Slice /system/sshd-keygen.
[[0;32m  OK  [0m] Created slice [0;1;39mSlice /system/sshd-keygen[0m.
[    7.553031] systemd[1]: Created slice User and Session Slice.
[[0;32m  OK  [0m] Created slice [0;1;39mUser and Session Slice[0m.
[    7.558715] systemd[1]: Started Forward Password Requests to Wall Directory Watch.
[[0;32m  OK  [0m] Started [0;1;39mForward Password R…uests to Wall Directory Watch[0m.
[    7.565577] systemd[1]: Set up automount Arbitrary Executable File Formats File System Automount Point.
[[0;32m  OK  [0m] Set up automount [0;1;39mArbitrary…s File System Automount Point[0m.
[    7.571350] systemd[1]: Reached target Local Integrity Protected Volumes.
[[0;32m  OK  [0m] Reached target [0;1;39mLocal Integrity Protected Volumes[0m.
[    7.574835] systemd[1]: Reached target Slice Units.
[[0;32m  OK  [0m] Reached target [0;1;39mSlice Units[0m.
[    7.578094] systemd[1]: Reached target Swaps.
[[0;32m  OK  [0m] Reached target [0;1;39mSwaps[0m.
[    7.581168] systemd[1]: Reached target Local Verity Protected Volumes.
[[0;32m  OK  [0m] Reached target [0;1;39mLocal Verity Protected Volumes[0m.
[    7.586425] systemd[1]: Listening on Device-mapper event daemon FIFOs.
[[0;32m  OK  [0m] Listening on [0;1;39mDevice-mapper event daemon FIFOs[0m.
[    7.593620] systemd[1]: Listening on LVM2 poll daemon socket.
[[0;32m  OK  [0m] Listening on [0;1;39mLVM2 poll daemon socket[0m.
[    7.599275] systemd[1]: multipathd control socket was skipped because of an unmet condition check (ConditionPathExists=/etc/multipath.conf).
[    7.688963] systemd[1]: Listening on RPCbind Server Activation Socket.
[[0;32m  OK  [0m] Listening on [0;1;39mRPCbind Server Activation Socket[0m.
[    7.691646] systemd[1]: Reached target RPC Port Mapper.
[[0;32m  OK  [0m] Reached target [0;1;39mRPC Port Mapper[0m.
[    7.699698] systemd[1]: Listening on Process Core Dump Socket.
[[0;32m  OK  [0m] Listening on [0;1;39mProcess Core Dump Socket[0m.
[    7.704358] systemd[1]: Listening on initctl Compatibility Named Pipe.
[[0;32m  OK  [0m] Listening on [0;1;39minitctl Compatibility Named Pipe[0m.
[    7.709298] systemd[1]: Listening on Journal Socket (/dev/log).
[[0;32m  OK  [0m] Listening on [0;1;39mJournal Socket (/dev/log)[0m.
[    7.714710] systemd[1]: Listening on Journal Socket.
[[0;32m  OK  [0m] Listening on [0;1;39mJournal Socket[0m.
[    7.720589] systemd[1]: Listening on udev Control Socket.
[[0;32m  OK  [0m] Listening on [0;1;39mudev Control Socket[0m.
[    7.724886] systemd[1]: Listening on udev Kernel Socket.
[[0;32m  OK  [0m] Listening on [0;1;39mudev Kernel Socket[0m.
[    7.749373] systemd[1]: Mounting Huge Pages File System...
         Mounting [0;1;39mHuge Pages File System[0m...
[    7.774637] systemd[1]: Mounting POSIX Message Queue File System...
         Mounting [0;1;39mPOSIX Message Queue File System[0m...
[    7.793893] systemd[1]: Mounting Kernel Debug File System...
         Mounting [0;1;39mKernel Debug File System[0m...
[    7.824428] systemd[1]: Mounting Kernel Trace File System...
         Mounting [0;1;39mKernel Trace File System[0m...
[    7.828703] systemd[1]: Kernel Module supporting RPCSEC_GSS was skipped because of an unmet condition check (ConditionPathExists=/etc/krb5.keytab).
[    7.831553] systemd[1]: Create List of Static Device Nodes was skipped because of an unmet condition check (ConditionFileNotEmpty=/lib/modules/5.15.0-rc3-e21d585cb3db+/modules.devname).
[    7.848195] systemd[1]: Starting Monitoring of LVM2 mirrors, snapshots etc. using dmeventd or progress polling...
         Starting [0;1;39mMonitoring of LVM…meventd or progress polling[0m...
[    7.866642] systemd[1]: Starting Load Kernel Module configfs...
         Starting [0;1;39mLoad Kernel Module configfs[0m...
[    7.887762] systemd[1]: Starting Load Kernel Module drm...
         Starting [0;1;39mLoad Kernel Module drm[0m...
[    7.926499] systemd[1]: Starting Load Kernel Module fuse...
         Starting [0;1;39mLoad Kernel Module fuse[0m...
[    7.963403] systemd[1]: Starting Read and set NIS domainname from /etc/sysconfig/network...
         Starting [0;1;39mRead and set NIS …from /etc/sysconfig/network[0m...
[    7.992687] systemd[1]: Starting Journal Service...
         Starting [0;1;39mJournal Service[0m...
[    8.025858] systemd[1]: Starting Load Kernel Modules...
         Starting [0;1;39mLoad Kernel Modules[[    8.028054] random: lvm: uninitialized urandom read (4 bytes read)
0m...
[    8.065706] systemd[1]: Starting Generate network units from Kernel command line...
         Starting [0;1;39mGenerate network …ts from Kernel command line[0m...
[    8.128510] systemd[1]: Starting Remount Root and Kernel File Systems...
         Starting [0;1;39mRemount Root and Kernel File Systems[0m...
[    8.136984] systemd[1]: Repartition Root Disk was skipped because no trigger condition checks were met.
[    8.212407] systemd[1]: Starting Coldplug All udev Devices...
         Starting [0;1;39mColdplug All udev Devices[0m...
[    8.260086] systemd[1]: Mounted Huge Pages File System.
[[0;32m  OK  [0m] Mounted [0;1;39mHuge Pages [    8.261252] EXT4-fs (sda): re-mounted. Opts: (null). Quota mode: none.
File System[0m.
[    8.270379] systemd[1]: Mounted POSIX Message Queue File System.
[[0;32m  OK  [0m] Mounted [0;1;39mPOSIX Message Queue File System[0m.
[    8.284928] systemd[1]: Mounted Kernel Debug File System.
[[0;32m  OK  [0m] Mounted [0;1;39mKernel Debug File System[0m.
[    8.290257] systemd[1]: Mounted Kernel Trace File System.
[[0;32m  OK  [0m] Mounted [0;1;39mKernel Trace File System[0m.
[    8.312574] systemd[1]: Finished Monitoring of LVM2 mirrors, snapshots etc. using dmeventd or progress polling.
[[0;32m  OK  [0m] Finished [0;1;39mMonitoring of LVM… dmeventd or progress polling[0m.
[    8.323552] systemd[1]: modprobe@configfs.service: Deactivated successfully.
[    8.329857] systemd[1]: Finished Load Kernel Module configfs.
[[0;32m  OK  [0m] Finished [0;1;39mLoad Kernel Module configfs[0m.
[    8.339837] systemd[1]: modprobe@drm.service: Deactivated successfully.
[    8.353717] systemd[1]: Finished Load Kernel Module drm.
[[0;32m  OK  [0m] Finished [0;1;39mLoad Kernel Module drm[0m.
[    8.370293] systemd[1]: modprobe@fuse.service: Deactivated successfully.
[    8.381347] systemd[1]: Finished Load Kernel Module fuse.
[[0;32m  OK  [0m] Finished [0;1;39mLoad Kernel Module fuse[0m.
[    8.389504] systemd[1]: Finished Read and set NIS domainname from /etc/sysconfig/network.
[[0;32m  OK  [0m] Finished [0;1;39mRead and set NIS …e from /etc/sysconfig/network[0m.
[    8.395696] systemd[1]: systemd-modules-load.service: Main process exited, code=exited, status=1/FAILURE
[    8.399984] systemd[1]: systemd-modules-load.service: Failed with result 'exit-code'.
[    8.411656] systemd[1]: Failed to start Load Kernel Modules.
[[0;1;31mFAILED[0m] Failed to start [0;1;39mLoad Kernel Modules[0m.
See 'systemctl status systemd-modules-load.service' for details.
[    8.419797] systemd[1]: Finished Generate network units from Kernel command line.
[[0;32m  OK  [0m] Finished [0;1;39mGenerate network units from Kernel command line[0m.
[    8.434464] systemd[1]: Finished Remount Root and Kernel File Systems.
[[0;32m  OK  [0m] Finished [0;1;39mRemount Root and Kernel File Systems[0m.
[    8.441638] systemd[1]: Reached target Preparation for Network.
[[0;32m  OK  [0m] Reached target [0;1;39mPreparation for Network[0m.
[    8.458366] systemd[1]: Mounting FUSE Control File System...
         Mounting [0;1;39mFUSE Control File System[0m...
[    8.504507] systemd[1]: Mounting Kernel Configuration File System...
         Mounting [0;1;39mKernel Configuration File System[0m...
[    8.524795] systemd[1]: Special handling of early boot iSCSI sessions was skipped because of an unmet condition check (ConditionDirectoryNotEmpty=/sys/class/iscsi_session).
[    8.544309] systemd[1]: First Boot Wizard was skipped because of an unmet condition check (ConditionFirstBoot=yes).
[    8.580617] systemd[1]: Rebuild Hardware Database was skipped because of an unmet condition check (ConditionNeedsUpdate=/etc).
[    8.641302] systemd[1]: Starting Load/Save Random Seed...
         Starting [0;1;39mLoad/Save Random Seed[0m...
[    8.663161] systemd[1]: Starting Apply Kernel Variables...
         Starting [0;1;39mApply Kernel Variables[0m...
[    8.680911] systemd[1]: Create System Users was skipped because no trigger condition checks were met.
[    8.699028] systemd[1]: Starting Create Static Device Nodes in /dev...
         Starting [0;1;39mCreate Static Device Nodes in /dev[0m...
[    8.737369] systemd[1]: Starting Setup Virtual Console...
         Starting [0;1;39mSetup Virtual Console[0m...
[    8.786703] systemd[1]: Started Journal Service.
[[0;32m  OK  [0m] Started [0;1;39mJournal Service[0m.
[[0;32m  OK  [0m] Mounted [0;1;39mFUSE Control File System[0m.
[[0;32m  OK  [0m] Mounted [0;1;39mKernel Configuration File System[0m.
         Starting [0;1;39mFlush Journal to Persistent Storage[0m...
[[0;32m  OK  [0m] Finished [0;1;39mApply Kernel Variables[0m.
[    8.963169] systemd-journald[183]: Received client request to flush runtime journal.
[[0;32m  OK  [0m] Finished [0;1;39mFlush Journal to Persistent Storage[0m.
[[0;32m  OK  [0m] Finished [0;1;39mCreate Static Device Nodes in /dev[0m.
         Starting [0;1;39mRule-based Manage…for Device Events and Files[0m...
[[0;32m  OK  [0m] Started [0;1;39mRule-based Manager for Device Events and Files[0m.
         Starting [0;1;39mAuto-connect to s…E devices found during boot[0m...
[[0;32m  OK  [0m] Finished [0;1;39mAuto-connect to s…VME devices found during boot[0m.
[[0;32m  OK  [0m] Finished [0;1;39mSetup Virtual Console[0m.
[[0;32m  OK  [0m] Finished [0;1;39mColdplug All udev Devices[0m.
         Starting [0;1;39mShow Plymouth Boot Screen[0m...
         Starting [0;1;39mWait for udev To …plete Device Initialization[0m...
[2J[3J[-1;-1f[[0;32m  OK  [0m] Started [0;1;39mShow Plymouth Boot Screen[0m.
[[0;32m  OK  [0m] Started [0;1;39mForward Password R…s to Plymouth Directory Watch[0m.
[[0;32m  OK  [0m] Reached target [0;1;39mLocal Encrypted Volumes[0m.
[[0;32m  OK  [0m] Reached target [0;1;39mPath Units[0m.
[[0;32m  OK  [0m] Found device [0;1;39m/dev/ttyS0[0m.
[   10.000127] random: crng init done
[[0;32m  OK  [0m] Finished [0;1;39mLoad/Save Random Seed[0m.
[[0;32m  OK  [0m] Listening on [0;1;39mLoad/Save RF …itch Status /dev/rfkill Watch[0m.
[[0;32m  OK  [0m] Finished [0;1;39mWait for udev To Complete Device Initialization[0m.
[[0;32m  OK  [0m] Reached target [0;1;39mPreparation for Local File Systems[0m.
[[0;32m  OK  [0m] Reached target [0;1;39mLocal File Systems[0m.
         Starting [0;1;39mTell Plymouth To Write Out Runtime Data[0m...
         Starting [0;1;39mAutomatic Boot Loader Update[0m...
         Starting [0;1;39mCreate Volatile Files and Directories[0m...
[[0;32m  OK  [0m] Finished [0;1;39mTell Plymouth To Write Out Runtime Data[0m.
[[0;32m  OK  [0m] Finished [0;1;39mAutomatic Boot Loader Update[0m.
[[0;32m  OK  [0m] Finished [0;1;39mCreate Volatile Files and Directories[0m.
         Mounting [0;1;39mRPC Pipe File System[0m...
         Starting [0;1;39mSecurity Auditing Service[0m...
         Starting [0;1;39mRPC Bind[0m...
[[0;32m  OK  [0m] Mounted [0;1;39mRPC Pipe File System[0m.
[[0;32m  OK  [0m] Reached target [0;1;39mrpc_pipefs.target[0m.
[[0;32m  OK  [0m] Started [0;1;39mRPC Bind[0m.
[[0;32m  OK  [0m] Started [0;1;39mSecurity Auditing Service[0m.
         Starting [0;1;39mRecord System Boot/Shutdown in UTMP[0m...
[[0;32m  OK  [0m] Finished [0;1;39mRecord System Boot/Shutdown in UTMP[0m.
[[0;32m  OK  [0m] Reached target [0;1;39mSystem Initialization[0m.
[[0;32m  OK  [0m] Started [0;1;39mDaily rotation of log files[0m.
[[0;32m  OK  [0m] Started [0;1;39mUpdates mlocate database every day[0m.
[[0;32m  OK  [0m] Started [0;1;39mDaily Cleanup of Temporary Directories[0m.
[[0;32m  OK  [0m] Started [0;1;39mdaily update of the root trust anchor for DNSSEC[0m.
[[0;32m  OK  [0m] Reached target [0;1;39mTimer Units[0m.
[[0;32m  OK  [0m] Listening on [0;1;39mD-Bus System Message Bus Socket[0m.
[[0;32m  OK  [0m] Listening on [0;1;39mOpen-iSCSI iscsid Socket[0m.
[[0;32m  OK  [0m] Listening on [0;1;39mOpen-iSCSI iscsiuio Socket[0m.
[[0;32m  OK  [0m] Listening on [0;1;39mSSSD Kerberos…ache Manager responder socket[0m.
[[0;32m  OK  [0m] Listening on [0;1;39mLibvirt interface local socket[0m.
[[0;32m  OK  [0m] Listening on [0;1;39mVirtual machine lock manager socket[0m.
[[0;32m  OK  [0m] Listening on [0;1;39mVirtual machine log manager socket[0m.
[[0;32m  OK  [0m] Listening on [0;1;39mLibvirt network local socket[0m.
[[0;32m  OK  [0m] Listening on [0;1;39mLibvirt nodedev local socket[0m.
[[0;32m  OK  [0m] Listening on [0;1;39mLibvirt nwfilter local socket[0m.
[[0;32m  OK  [0m] Listening on [0;1;39mLibvirt proxy local socket[0m.
[[0;32m  OK  [0m] Listening on [0;1;39mLibvirt qemu local socket[0m.
[[0;32m  OK  [0m] Listening on [0;1;39mLibvirt qemu admin socket[0m.
[[0;32m  OK  [0m] Listening on [0;1;39mLibvirt qemu local read-only socket[0m.
[[0;32m  OK  [0m] Listening on [0;1;39mLibvirt secret local socket[0m.
[[0;32m  OK  [0m] Listening on [0;1;39mLibvirt storage local socket[0m.
[[0;32m  OK  [0m] Reached target [0;1;39mSocket Units[0m.
         Starting [0;1;39mD-Bus System Message Bus[0m...
[[0;32m  OK  [0m] Started [0;1;39mD-Bus System Message Bus[0m.
[[0;32m  OK  [0m] Reached target [0;1;39mBasic System[0m.
         Starting [0;1;39mNetwork Manager[0m...
         Starting [0;1;39mNTP client/server[0m...
         Starting [0;1;39mRestore /run/initramfs on shutdown[0m...
[[0;32m  OK  [0m] Started [0;1;39mirqbalance daemon[0m.
[[0;32m  OK  [0m] Started [0;1;39mlibstoragemgmt plug-in server daemon[0m.
[[0;32m  OK  [0m] Started [0;1;39mMachine Check Exception Logging Daemon[0m.
[[0;32m  OK  [0m] Reached target [0;1;39msshd-keygen.target[0m.
[[0;32m  OK  [0m] Reached target [0;1;39mUser and Group Name Lookups[0m.
         Starting [0;1;39mUser Login Management[0m...
         Starting [0;1;39mVirtual Machine a…tainer Registration Service[0m...
[[0;32m  OK  [0m] Finished [0;1;39mRestore /run/initramfs on shutdown[0m.
[[0;32m  OK  [0m] Started [0;1;39mVirtual Machine an…ontainer Registration Service[0m.
         Starting [0;1;39mHostname Service[0m...
[[0;32m  OK  [0m] Started [0;1;39mUser Login Management[0m.
[[0;32m  OK  [0m] Started [0;1;39mNTP client/server[0m.
[[0;32m  OK  [0m] Started [0;1;39mHostname Service[0m.
         Starting [0;1;39mNetwork Manager Script Dispatcher Service[0m...
[[0;32m  OK  [0m] Started [0;1;39mNetwork Manager Script Dispatcher Service[0m.
[   12.896301] e1000: eth0 NIC Link is Up 1000 Mbps Full Duplex, Flow Control: RX
[   12.898153] IPv6: ADDRCONF(NETDEV_CHANGE): eth0: link becomes ready
[[0;32m  OK  [0m] Started [0;1;39mNetwork Manager[0m.
[[0;32m  OK  [0m] Reached target [0;1;39mNetwork[0m.
[[0;32m  OK  [0m] Reached target [0;1;39mNetwork is Online[0m.
         Starting [0;1;39mGSSAPI Proxy Daemon[0m...
         Starting [0;1;39mNotify NFS peers of a restart[0m...
         Starting [0;1;39mSystem Logging Service[0m...
         Starting [0;1;39mOpenSSH server daemon[0m...
         Starting [0;1;39mDynamic System Tuning Daemon[0m...
[[0;32m  OK  [0m] Started [0;1;39mNotify NFS peers of a restart[0m.
[[0;32m  OK  [0m] Started [0;1;39mGSSAPI Proxy Daemon[0m.
[[0;32m  OK  [0m] Reached target [0;1;39mNFS client services[0m.
[[0;32m  OK  [0m] Reached target [0;1;39mPreparation for Remote File Systems[0m.
[[0;32m  OK  [0m] Reached target [0;1;39mRemote File Systems[0m.
         Starting [0;1;39mPermit User Sessions[0m...
         Starting [0;1;39mVirtualization qemu daemon[0m...
[[0;32m  OK  [0m] Started [0;1;39mOpenSSH server daemon[0m.
[[0;32m  OK  [0m] Finished [0;1;39mPermit User Sessions[0m.
[[0;32m  OK  [0m] Started [0;1;39mDeferred execution scheduler[0m.
[[0;32m  OK  [0m] Started [0;1;39mCommand Scheduler[0m.
         Starting [0;1;39mHold until boot process finishes up[0m...
         Starting [0;1;39mTerminate Plymouth Boot Screen[0m...
[[0;32m  OK  [0m] Started [0;1;39mSystem Logging Service[0m.

CentOS Stream 9
Kernel 5.15.0-rc3-e21d585cb3db+ on an x86_64

Activate the web console with: systemctl enable --now cockpit.socket

test login: 