[    0.000000] Linux version 6.1.0-830b3c68c1fb (root@p-mtlp02) (gcc (GCC) 8.5.0 20210514 (Red Hat 8.5.0-17), GNU ld version 2.36.1-2.el8) #1 SMP PREEMPT_DYNAMIC2
[    0.000000] Command line: console=ttyS0 root=/dev/sda earlyprintk=serial net.ifnames=0 thunderbolt.dyndbg
[    0.000000] KERNEL supported cpus:
[    0.000000]   Intel GenuineIntel
[    0.000000]   AMD AuthenticAMD
[    0.000000]   Hygon HygonGenuine
[    0.000000]   Centaur CentaurHauls
[    0.000000]   zhaoxin   Shanghai  
[    0.000000] x86/split lock detection: #DB: warning on user-space bus_locks
[    0.000000] x86/fpu: Supporting XSAVE feature 0x001: 'x87 floating point registers'
[    0.000000] x86/fpu: Supporting XSAVE feature 0x002: 'SSE registers'
[    0.000000] x86/fpu: Supporting XSAVE feature 0x004: 'AVX registers'
[    0.000000] x86/fpu: Supporting XSAVE feature 0x200: 'Protection Keys User registers'
[    0.000000] x86/fpu: xstate_offset[2]:  576, xstate_sizes[2]:  256
[    0.000000] x86/fpu: xstate_offset[9]:  832, xstate_sizes[9]:    8
[    0.000000] x86/fpu: Enabled xstate features 0x207, context size is 840 bytes, using 'compacted' format.
[    0.000000] signal: max sigframe size: 3632
[    0.000000] BIOS-provided physical RAM map:
[    0.000000] BIOS-e820: [mem 0x0000000000000000-0x000000000009fbff] usable
[    0.000000] BIOS-e820: [mem 0x000000000009fc00-0x000000000009ffff] reserved
[    0.000000] BIOS-e820: [mem 0x00000000000f0000-0x00000000000fffff] reserved
[    0.000000] BIOS-e820: [mem 0x0000000000100000-0x000000007ffdffff] usable
[    0.000000] BIOS-e820: [mem 0x000000007ffe0000-0x000000007fffffff] reserved
[    0.000000] BIOS-e820: [mem 0x00000000feffc000-0x00000000feffffff] reserved
[    0.000000] BIOS-e820: [mem 0x00000000fffc0000-0x00000000ffffffff] reserved
[    0.000000] printk: bootconsole [earlyser0] enabled
[    0.000000] NX (Execute Disable) protection: active
[    0.000000] SMBIOS 2.8 present.
[    0.000000] DMI: QEMU Standard PC (i440FX + PIIX, 1996), BIOS rel-1.14.0-0-g155821a1990b-prebuilt.qemu.org 04/01/2014
[    0.000000] Hypervisor detected: KVM
[    0.000000] kvm-clock: Using msrs 4b564d01 and 4b564d00
[    0.000005] kvm-clock: using sched offset of 424239558 cycles
[    0.000996] clocksource: kvm-clock: mask: 0xffffffffffffffff max_cycles: 0x1cd42e4dffb, max_idle_ns: 881590591483 ns
[    0.004042] tsc: Detected 1190.400 MHz processor
[    0.012247] e820: update [mem 0x00000000-0x00000fff] usable ==> reserved
[    0.012268] e820: remove [mem 0x000a0000-0x000fffff] usable
[    0.012290] last_pfn = 0x7ffe0 max_arch_pfn = 0x400000000
[    0.013192] x86/PAT: Configuration [0-7]: WB  WC  UC- UC  WB  WP  UC- WT  
[    0.021821] found SMP MP-table at [mem 0x000f5a90-0x000f5a9f]
[    0.022860] Using GB pages for direct mapping
[    0.025150] ACPI: Early table checksum verification disabled
[    0.026006] ACPI: RSDP 0x00000000000F5870 000014 (v00 BOCHS )
[    0.026922] ACPI: RSDT 0x000000007FFE1959 000034 (v01 BOCHS  BXPC     00000001 BXPC 00000001)
[    0.028954] ACPI: FACP 0x000000007FFE1805 000074 (v01 BOCHS  BXPC     00000001 BXPC 00000001)
[    0.030599] ACPI: DSDT 0x000000007FFE0040 0017C5 (v01 BOCHS  BXPC     00000001 BXPC 00000001)
[    0.032722] ACPI: FACS 0x000000007FFE0000 000040
[    0.033939] ACPI: APIC 0x000000007FFE1879 000080 (v01 BOCHS  BXPC     00000001 BXPC 00000001)
[    0.035835] ACPI: HPET 0x000000007FFE18F9 000038 (v01 BOCHS  BXPC     00000001 BXPC 00000001)
[    0.037731] ACPI: WAET 0x000000007FFE1931 000028 (v01 BOCHS  BXPC     00000001 BXPC 00000001)
[    0.039641] ACPI: Reserving FACP table memory at [mem 0x7ffe1805-0x7ffe1878]
[    0.041325] ACPI: Reserving DSDT table memory at [mem 0x7ffe0040-0x7ffe1804]
[    0.043074] ACPI: Reserving FACS table memory at [mem 0x7ffe0000-0x7ffe003f]
[    0.044660] ACPI: Reserving APIC table memory at [mem 0x7ffe1879-0x7ffe18f8]
[    0.046113] ACPI: Reserving HPET table memory at [mem 0x7ffe18f9-0x7ffe1930]
[    0.047308] ACPI: Reserving WAET table memory at [mem 0x7ffe1931-0x7ffe1958]
[    0.049481] No NUMA configuration found
[    0.050169] Faking a node at [mem 0x0000000000000000-0x000000007ffdffff]
[    0.051681] NODE_DATA(0) allocated [mem 0x7ffb5000-0x7ffdffff]
[    0.056789] Zone ranges:
[    0.057342]   DMA      [mem 0x0000000000001000-0x0000000000ffffff]
[    0.058740]   DMA32    [mem 0x0000000001000000-0x000000007ffdffff]
[    0.060152]   Normal   empty
[    0.060843]   Device   empty
[    0.061671] Movable zone start for each node
[    0.062698] Early memory node ranges
[    0.063565]   node   0: [mem 0x0000000000001000-0x000000000009efff]
[    0.064792]   node   0: [mem 0x0000000000100000-0x000000007ffdffff]
[    0.066060] Initmem setup node 0 [mem 0x0000000000001000-0x000000007ffdffff]
[    0.067674] On node 0, zone DMA: 1 pages in unavailable ranges
[    0.067695] On node 0, zone DMA: 97 pages in unavailable ranges
[    0.074623] On node 0, zone DMA32: 32 pages in unavailable ranges
[    0.075769] ACPI: PM-Timer IO Port: 0x608
[    0.077632] ACPI: LAPIC_NMI (acpi_id[0xff] dfl dfl lint[0x1])
[    0.078890] IOAPIC[0]: apic_id 0, version 17, address 0xfec00000, GSI 0-23
[    0.080162] ACPI: INT_SRC_OVR (bus 0 bus_irq 0 global_irq 2 dfl dfl)
[    0.081379] ACPI: INT_SRC_OVR (bus 0 bus_irq 5 global_irq 5 high level)
[    0.082437] ACPI: INT_SRC_OVR (bus 0 bus_irq 9 global_irq 9 high level)
[    0.083754] ACPI: INT_SRC_OVR (bus 0 bus_irq 10 global_irq 10 high level)
[    0.085109] ACPI: INT_SRC_OVR (bus 0 bus_irq 11 global_irq 11 high level)
[    0.086138] ACPI: Using ACPI (MADT) for SMP configuration information
[    0.087315] ACPI: HPET id: 0x8086a201 base: 0xfed00000
[    0.088273] TSC deadline timer available
[    0.088998] smpboot: Allowing 2 CPUs, 0 hotplug CPUs
[    0.089886] kvm-guest: KVM setup pv remote TLB flush
[    0.090820] kvm-guest: setup PV sched yield
[    0.091702] PM: hibernation: Registered nosave memory: [mem 0x00000000-0x00000fff]
[    0.093165] PM: hibernation: Registered nosave memory: [mem 0x0009f000-0x0009ffff]
[    0.094599] PM: hibernation: Registered nosave memory: [mem 0x000a0000-0x000effff]
[    0.095856] PM: hibernation: Registered nosave memory: [mem 0x000f0000-0x000fffff]
[    0.097302] [mem 0x80000000-0xfeffbfff] available for PCI devices
[    0.098297] Booting paravirtualized kernel on KVM
[    0.099188] clocksource: refined-jiffies: mask: 0xffffffff max_cycles: 0xffffffff, max_idle_ns: 7645519600211568 ns
[    0.101397] setup_percpu: NR_CPUS:8192 nr_cpumask_bits:2 nr_cpu_ids:2 nr_node_ids:1
[    0.103415] percpu: Embedded 64 pages/cpu s225280 r8192 d28672 u1048576
[    0.104872] pcpu-alloc: s225280 r8192 d28672 u1048576 alloc=1*2097152
[    0.104892] pcpu-alloc: [0] 0 1 
[    0.105079] kvm-guest: PV spinlocks enabled
[    0.106055] PV qspinlock hash table entries: 256 (order: 0, 4096 bytes, linear)
[    0.107437] Fallback order for Node 0: 0 
[    0.108197] Built 1 zonelists, mobility grouping on.  Total pages: 515808
[    0.109549] Policy zone: DMA32
[    0.110107] Kernel command line: net.ifnames=0 console=ttyS0 root=/dev/sda earlyprintk=serial net.ifnames=0 thunderbolt.dyndbg
[    0.112594] Dentry cache hash table entries: 262144 (order: 9, 2097152 bytes, linear)
[    0.114434] Inode-cache hash table entries: 131072 (order: 8, 1048576 bytes, linear)
[    0.115709] mem auto-init: stack:off, heap alloc:off, heap free:off
[    0.120901] Memory: 1985384K/2096632K available (32784K kernel code, 4693K rwdata, 7820K rodata, 3672K init, 22124K bss, 110992K reserved, 0K cma-reserved)
[    0.123791] SLUB: HWalign=64, Order=0-3, MinObjects=0, CPUs=2, Nodes=1
[    0.124761] kmemleak: Kernel memory leak detector disabled
[    0.125989] ftrace: allocating 67277 entries in 263 pages
[    0.152695] ftrace: allocated 263 pages with 4 groups
[    0.157218] Dynamic Preempt: voluntary
[    0.158023] Running RCU self tests
[    0.158505] rcu: Preemptible hierarchical RCU implementation.
[    0.159416] rcu:     RCU lockdep checking is enabled.
[    0.160187] rcu:     RCU restricting CPUs from NR_CPUS=8192 to nr_cpu_ids=2.
[    0.161303]  Trampoline variant of Tasks RCU enabled.
[    0.162207]  Rude variant of Tasks RCU enabled.
[    0.163069]  Tracing variant of Tasks RCU enabled.
[    0.164014] rcu: RCU calculated value of scheduler-enlistment delay is 25 jiffies.
[    0.165485] rcu: Adjusting geometry for rcu_fanout_leaf=16, nr_cpu_ids=2
[    0.197060] NR_IRQS: 524544, nr_irqs: 440, preallocated irqs: 16
[    0.198115] rcu: srcu_init: Setting srcu_struct sizes based on contention.
[    0.208424] Console: colour VGA+ 80x25
[    0.208964] printk: console [ttyS0] enabled
[    0.210290] printk: bootconsole [earlyser0] disabled
[    0.211897] Lock dependency validator: Copyright (c) 2006 Red Hat, Inc., Ingo Molnar
[    0.213825] ... MAX_LOCKDEP_SUBCLASSES:  8
[    0.214597] ... MAX_LOCK_DEPTH:          48
[    0.215442] ... MAX_LOCKDEP_KEYS:        8192
[    0.216104] ... CLASSHASH_SIZE:          4096
[    0.217070] ... MAX_LOCKDEP_ENTRIES:     32768
[    0.217922] ... MAX_LOCKDEP_CHAINS:      65536
[    0.218735] ... CHAINHASH_SIZE:          32768
[    0.219437]  memory used by lock dependency info: 6365 kB
[    0.220501]  memory used for stack traces: 4224 kB
[    0.221739]  per task-struct memory footprint: 1920 bytes
[    0.223358] ACPI: Core revision 20220331
[    0.224498] clocksource: hpet: mask: 0xffffffff max_cycles: 0xffffffff, max_idle_ns: 19112604467 ns
[    0.226554] APIC: Switch to symmetric I/O mode setup
[    0.227690] x2apic enabled
[    0.228384] Switched APIC routing to physical x2apic.
[    0.229480] kvm-guest: setup PV IPIs
[    0.231339] ..TIMER: vector=0x30 apic1=0 pin1=2 apic2=-1 pin2=-1
[    0.232641] clocksource: tsc-early: mask: 0xffffffffffffffff max_cycles: 0x1128af0325d, max_idle_ns: 440795261011 ns
[    0.234952] Calibrating delay loop (skipped) preset value.. 2380.80 BogoMIPS (lpj=4761600)
[    0.236660] pid_max: default: 32768 minimum: 301
[    0.237877] LSM: Security Framework initializing
[    0.238945] Yama: becoming mindful.
[    0.239951] Mount-cache hash table entries: 4096 (order: 3, 32768 bytes, linear)
[    0.241615] Mountpoint-cache hash table entries: 4096 (order: 3, 32768 bytes, linear)
[    0.244317] CPU0: Thermal monitoring enabled (TM1)
[    0.245644] x86/cpu: User Mode Instruction Prevention (UMIP) activated
[    0.247160] Last level iTLB entries: 4KB 0, 2MB 0, 4MB 0
[    0.248751] Last level dTLB entries: 4KB 0, 2MB 0, 4MB 0, 1GB 0
[    0.250165] Spectre V1 : Mitigation: usercopy/swapgs barriers and __user pointer sanitization
[    0.250939] Spectre V2 : WARNING: Unprivileged eBPF is enabled with eIBRS on, data leaks possible via Spectre v2 BHB attacks!
[    0.254939] Spectre V2 : Mitigation: Enhanced IBRS
[    0.255948] Spectre V2 : Spectre v2 / SpectreRSB mitigation: Filling RSB on context switch
[    0.257667] Spectre V2 : Spectre v2 / PBRSB-eIBRS: Retire a single CALL on VMEXIT
[    0.258939] Spectre V2 : mitigation: Enabling conditional Indirect Branch Prediction Barrier
[    0.260744] Speculative Store Bypass: Mitigation: Speculative Store Bypass disabled via prctl
[    0.262935] MMIO Stale Data: Unknown: No mitigations
[    0.386217] Freeing SMP alternatives memory: 56K
[    0.387409] smpboot: CPU0: Genuine Intel(R) 0000 (family: 0x6, model: 0xaa, stepping: 0x1)
[    0.389955] cblist_init_generic: Setting adjustable number of callback queues.
[    0.390939] cblist_init_generic: Setting shift to 1 and lim to 1.
[    0.392297] cblist_init_generic: Setting shift to 1 and lim to 1.
[    0.393635] cblist_init_generic: Setting shift to 1 and lim to 1.
[    0.394939] Running RCU-tasks wait API self tests
[    0.499085] Performance Events: generic architected perfmon, full-width counters, Intel PMU driver.
[    0.500764] ... version:                2
[    0.501883] ... bit width:              48
[    0.502618] ... generic registers:      8
[    0.502942] ... value mask:             0000ffffffffffff
[    0.503807] ... max period:             00007fffffffffff
[    0.504965] ... fixed-purpose events:   3
[    0.505811] ... event mask:             00000007000000ff
[    0.507172] rcu: Hierarchical SRCU implementation.
[    0.508025] rcu:     Max phase no-delay instances is 1000.
[    0.511341] Callback from call_rcu_tasks_trace() invoked.
[    0.514128] smp: Bringing up secondary CPUs ...
[    0.515559] x86: Booting SMP configuration:
[    0.516227] .... node  #0, CPUs:      #1
[    0.031605] smpboot: CPU 1 Converting physical 0 to logical die 1
[    0.523125] smp: Brought up 1 node, 2 CPUs
[    0.524009] smpboot: Max logical packages: 2
[    0.524645] smpboot: Total of 2 processors activated (4761.60 BogoMIPS)
[    0.527330] devtmpfs: initialized
[    0.527980] x86/mm: Memory block size: 128MB
[    0.532018] clocksource: jiffies: mask: 0xffffffff max_cycles: 0xffffffff, max_idle_ns: 7645041785100000 ns
[    0.533530] futex hash table entries: 512 (order: 4, 65536 bytes, linear)
[    0.535204] pinctrl core: initialized pinctrl subsystem

[    0.537061] *************************************************************
[    0.538244] **     NOTICE NOTICE NOTICE NOTICE NOTICE NOTICE NOTICE    **
[    0.538939] **                                                         **
[    0.540382] **  IOMMU DebugFS SUPPORT HAS BEEN ENABLED IN THIS KERNEL  **
[    0.541783] **                                                         **
[    0.542938] ** This means that this kernel is built to expose internal **
[    0.544333] ** IOMMU data structures, which may compromise security on **
[    0.545798] ** your system.                                            **
[    0.546938] **                                                         **
[    0.548434] ** If you see this message and you are not debugging the   **
[    0.549858] ** kernel, report this immediately to your vendor!         **
[    0.550943] **                                                         **
[    0.552106] **     NOTICE NOTICE NOTICE NOTICE NOTICE NOTICE NOTICE    **
[    0.553358] *************************************************************
[    0.554916] PM: RTC time: 07:08:37, date: 2022-12-14
[    0.559586] NET: Registered PF_NETLINK/PF_ROUTE protocol family
[    0.561500] DMA: preallocated 256 KiB GFP_KERNEL pool for atomic allocations
[    0.562508] DMA: preallocated 256 KiB GFP_KERNEL|GFP_DMA pool for atomic allocations
[    0.562951] DMA: preallocated 256 KiB GFP_KERNEL|GFP_DMA32 pool for atomic allocations
[    0.564012] audit: initializing netlink subsys (disabled)
[    0.564819] audit: type=2000 audit(1671001718.151:1): state=initialized audit_enabled=0 res=1
[    0.564819] thermal_sys: Registered thermal governor 'fair_share'
[    0.566943] thermal_sys: Registered thermal governor 'bang_bang'
[    0.568263] thermal_sys: Registered thermal governor 'step_wise'
[    0.569555] thermal_sys: Registered thermal governor 'user_space'
[    0.571046] cpuidle: using governor ladder
[    0.573628] cpuidle: using governor menu
[    0.575192] acpiphp: ACPI Hot Plug PCI Controller Driver version: 0.5
[    0.576876] PCI: Using configuration type 1 for base access
[    0.594362] kprobes: kprobe jump-optimization is enabled. All kprobes are optimized if possible.
[    0.845579] HugeTLB: registered 1.00 GiB page size, pre-allocated 0 pages
[    0.846598] HugeTLB: 16380 KiB vmemmap can be freed for a 1.00 GiB page
[    0.846944] HugeTLB: registered 2.00 MiB page size, pre-allocated 0 pages
[    0.848217] HugeTLB: 28 KiB vmemmap can be freed for a 2.00 MiB page
[    0.851257] ACPI: Added _OSI(Module Device)
[    0.852006] ACPI: Added _OSI(Processor Device)
[    0.852852] ACPI: Added _OSI(3.0 _SCP Extensions)
[    0.853734] ACPI: Added _OSI(Processor Aggregator Device)
[    0.862828] ACPI: 1 ACPI AML tables successfully acquired and loaded
[    0.866528] ACPI: Interpreter enabled
[    0.867044] ACPI: PM: (supports S0 S3 S4 S5)
[    0.867772] ACPI: Using IOAPIC for interrupt routing
[    0.868731] PCI: Using host bridge windows from ACPI; if necessary, use "pci=nocrs" and report a bug
[    0.870391] PCI: Using E820 reservations for host bridge windows
[    0.871697] ACPI: Enabled 2 GPEs in block 00 to 0F
[    0.890423] ACPI: PCI Root Bridge [PCI0] (domain 0000 [bus 00-ff])
[    0.890954] acpi PNP0A03:00: _OSC: OS supports [ASPM ClockPM Segments MSI EDR HPX-Type3]
[    0.892105] acpi PNP0A03:00: _OSC: not requesting OS control; OS requires [ExtendedConfig ASPM ClockPM MSI]
[    0.893819] acpi PNP0A03:00: fail to add MMCONFIG information, can't access extended PCI configuration space under this bridge.
[    0.897665] acpiphp: Slot [3] registered
[    0.898311] acpiphp: Slot [4] registered
[    0.899049] acpiphp: Slot [5] registered
[    0.899857] acpiphp: Slot [6] registered
[    0.900686] acpiphp: Slot [7] registered
[    0.901549] acpiphp: Slot [8] registered
[    0.902384] acpiphp: Slot [9] registered
[    0.903014] acpiphp: Slot [10] registered
[    0.904004] acpiphp: Slot [11] registered
[    0.904823] acpiphp: Slot [12] registered
[    0.905664] acpiphp: Slot [13] registered
[    0.906487] acpiphp: Slot [14] registered
[    0.907011] acpiphp: Slot [15] registered
[    0.907862] acpiphp: Slot [16] registered
[    0.908570] acpiphp: Slot [17] registered
[    0.909191] acpiphp: Slot [18] registered
[    0.909943] acpiphp: Slot [19] registered
[    0.910727] acpiphp: Slot [20] registered
[    0.911027] acpiphp: Slot [21] registered
[    0.911753] acpiphp: Slot [22] registered
[    0.912837] acpiphp: Slot [23] registered
[    0.913672] acpiphp: Slot [24] registered
[    0.914585] acpiphp: Slot [25] registered
[    0.915042] acpiphp: Slot [26] registered
[    0.915799] acpiphp: Slot [27] registered
[    0.916475] acpiphp: Slot [28] registered
[    0.917292] acpiphp: Slot [29] registered
[    0.918129] acpiphp: Slot [30] registered
[    0.918993] acpiphp: Slot [31] registered
[    0.919724] PCI host bridge to bus 0000:00
[    0.920563] pci_bus 0000:00: root bus resource [io  0x0000-0x0cf7 window]
[    0.922012] pci_bus 0000:00: root bus resource [io  0x0d00-0xffff window]
[    0.922939] pci_bus 0000:00: root bus resource [mem 0x000a0000-0x000bffff window]
[    0.924467] pci_bus 0000:00: root bus resource [mem 0x80000000-0xfebfffff window]
[    0.926004] pci_bus 0000:00: root bus resource [mem 0x100000000-0x17fffffff window]
[    0.926940] pci_bus 0000:00: root bus resource [bus 00-ff]
[    0.928178] pci 0000:00:00.0: [8086:1237] type 00 class 0x060000
[    0.932776] pci 0000:00:01.0: [8086:7000] type 00 class 0x060100
[    0.934811] pci 0000:00:01.1: [8086:7010] type 00 class 0x010180
[    0.936580] pci 0000:00:01.1: reg 0x20: [io  0xc040-0xc04f]
[    0.938423] pci 0000:00:01.1: legacy IDE quirk: reg 0x10: [io  0x01f0-0x01f7]
[    0.938942] pci 0000:00:01.1: legacy IDE quirk: reg 0x14: [io  0x03f6]
[    0.939932] pci 0000:00:01.1: legacy IDE quirk: reg 0x18: [io  0x0170-0x0177]
[    0.941051] pci 0000:00:01.1: legacy IDE quirk: reg 0x1c: [io  0x0376]
[    0.942713] pci 0000:00:01.3: [8086:7113] type 00 class 0x068000
[    0.943353] pci 0000:00:01.3: quirk: [io  0x0600-0x063f] claimed by PIIX4 ACPI
[    0.944965] pci 0000:00:01.3: quirk: [io  0x0700-0x070f] claimed by PIIX4 SMB
[    0.946789] pci 0000:00:02.0: [1234:1111] type 00 class 0x030000
[    0.949765] pci 0000:00:02.0: reg 0x10: [mem 0xfd000000-0xfdffffff pref]
[    0.953060] pci 0000:00:02.0: reg 0x18: [mem 0xfebf0000-0xfebf0fff]
[    0.960095] pci 0000:00:02.0: reg 0x30: [mem 0xfebe0000-0xfebeffff pref]
[    0.961438] pci 0000:00:02.0: Video device with shadowed ROM at [mem 0x000c0000-0x000dffff]
[    0.966205] pci 0000:00:03.0: [8086:100e] type 00 class 0x020000
[    0.967603] pci 0000:00:03.0: reg 0x10: [mem 0xfebc0000-0xfebdffff]
[    0.969371] pci 0000:00:03.0: reg 0x14: [io  0xc000-0xc03f]
[    0.973087] pci 0000:00:03.0: reg 0x30: [mem 0xfeb80000-0xfebbffff pref]
[    0.988501] ACPI: PCI: Interrupt link LNKA configured for IRQ 10
[    0.989763] ACPI: PCI: Interrupt link LNKB configured for IRQ 10
[    0.991205] ACPI: PCI: Interrupt link LNKC configured for IRQ 11
[    0.992667] ACPI: PCI: Interrupt link LNKD configured for IRQ 11
[    0.993977] ACPI: PCI: Interrupt link LNKS configured for IRQ 9
[    0.996287] iommu: Default domain type: Translated 
[    0.997234] iommu: DMA domain TLB invalidation policy: lazy mode 
[    0.999516] SCSI subsystem initialized
[    1.000293] libata version 3.00 loaded.
[    1.000434] ACPI: bus type USB registered
[    1.001119] usbcore: registered new interface driver usbfs
[    1.001895] usbcore: registered new interface driver hub
[    1.002884] usbcore: registered new device driver usb
[    1.003082] pps_core: LinuxPPS API ver. 1 registered
[    1.003902] pps_core: Software ver. 5.3.6 - Copyright 2005-2007 Rodolfo Giometti <giometti@linux.it>
[    1.005695] PTP clock support registered
[    1.006684] EDAC MC: Ver: 3.0.0
[    1.007225] EDAC DEBUG: edac_mc_sysfs_init: device mc created
[    1.009693] NetLabel: Initializing
[    1.010199] NetLabel:  domain hash size = 128
[    1.010849] NetLabel:  protocols = UNLABELED CIPSOv4 CALIPSO
[    1.011011] NetLabel:  unlabeled traffic allowed by default
[    1.043299] PCI: Using ACPI for IRQ routing
[    1.043823] PCI: pci_cache_line_size set to 64 bytes
[    1.043945] e820: reserve RAM buffer [mem 0x0009fc00-0x0009ffff]
[    1.043954] e820: reserve RAM buffer [mem 0x7ffe0000-0x7fffffff]
[    1.044129] pci 0000:00:02.0: vgaarb: setting as boot VGA device
[    1.044943] pci 0000:00:02.0: vgaarb: bridge control possible
[    1.045776] pci 0000:00:02.0: vgaarb: VGA device added: decodes=io+mem,owns=io+mem,locks=none
[    1.046941] vgaarb: loaded
[    1.047941] hpet0: at MMIO 0xfed00000, IRQs 2, 8, 0
[    1.048844] hpet0: 3 comparators, 64-bit 100.000000 MHz counter
[    3.735688] clocksource: Switched to clocksource kvm-clock
[    3.737345] VFS: Disk quotas dquot_6.6.0
[    3.737932] VFS: Dquot-cache hash table entries: 512 (order 0, 4096 bytes)
[    3.738811] pnp: PnP ACPI init
[    3.739885] pnp 00:02: [dma 2]
[    3.741599] pnp: PnP ACPI: found 6 devices
[    3.754081] clocksource: acpi_pm: mask: 0xffffff max_cycles: 0xffffff, max_idle_ns: 2085701024 ns
[    3.755695] NET: Registered PF_INET protocol family
[    3.756934] IP idents hash table entries: 32768 (order: 6, 262144 bytes, linear)
[    3.759409] tcp_listen_portaddr_hash hash table entries: 1024 (order: 4, 73728 bytes, linear)
[    3.761021] Table-perturb hash table entries: 65536 (order: 6, 262144 bytes, linear)
[    3.762507] TCP established hash table entries: 16384 (order: 5, 131072 bytes, linear)
[    3.764235] TCP bind hash table entries: 16384 (order: 9, 2359296 bytes, linear)
[    3.769531] TCP: Hash tables configured (established 16384 bind 16384)
[    3.770858] UDP hash table entries: 1024 (order: 5, 163840 bytes, linear)
[    3.772513] UDP-Lite hash table entries: 1024 (order: 5, 163840 bytes, linear)
[    3.774390] NET: Registered PF_UNIX/PF_LOCAL protocol family
[    3.775841] RPC: Registered named UNIX socket transport module.
[    3.777156] RPC: Registered udp transport module.
[    3.777980] RPC: Registered tcp transport module.
[    3.778918] RPC: Registered tcp NFSv4.1 backchannel transport module.
[    3.780004] pci_bus 0000:00: resource 4 [io  0x0000-0x0cf7 window]
[    3.781013] pci_bus 0000:00: resource 5 [io  0x0d00-0xffff window]
[    3.782042] pci_bus 0000:00: resource 6 [mem 0x000a0000-0x000bffff window]
[    3.783236] pci_bus 0000:00: resource 7 [mem 0x80000000-0xfebfffff window]
[    3.784578] pci_bus 0000:00: resource 8 [mem 0x100000000-0x17fffffff window]
[    3.785807] pci 0000:00:01.0: PIIX3: Enabling Passive Release
[    3.787040] pci 0000:00:00.0: Limiting direct PCI/PCI transfers
[    3.788454] PCI: CLS 0 bytes, default 64
[    3.789840] ACPI: bus type thunderbolt registered
[    3.791226] Callback from call_rcu_tasks_rude() invoked.
[    3.791548] clocksource: tsc: mask: 0xffffffffffffffff max_cycles: 0x1128af0325d, max_idle_ns: 440795261011 ns
[    3.947608] Initialise system trusted keyrings
[    3.948768] Key type blacklist registered
[    3.950153] workingset: timestamp_bits=36 max_order=19 bucket_order=0
[    3.959092] Callback from call_rcu_tasks() invoked.
[    3.964712] zbud: loaded
[    3.967668] squashfs: version 4.0 (2009/01/31) Phillip Lougher
[    3.970721] NFS: Registering the id_resolver key type
[    3.971458] Key type id_resolver registered
[    3.972060] Key type id_legacy registered
[    3.972937] nfs4filelayout_init: NFSv4 File Layout Driver Registering...
[    3.974285] nfs4flexfilelayout_init: NFSv4 Flexfile Layout Driver Registering...
[    3.975875] fuse: init (API version 7.37)
[    3.977090] SGI XFS with ACLs, security attributes, realtime, quota, no debug enabled
[    3.981301] 9p: Installing v9fs 9p2000 file system support
[    3.990251] Key type asymmetric registered
[    3.990789] Asymmetric key parser 'x509' registered
[    3.995819] alg: self-tests for CTR-KDF (hmac(sha256)) passed
[    3.997147] Block layer SCSI generic (bsg) driver version 0.4 loaded (major 243)
[    3.999007] io scheduler mq-deadline registered
[    4.000136] io scheduler bfq registered
[    4.002477] shpchp: Standard Hot Plug PCI Controller Driver version: 0.4
[    4.004182] IPMI message handler: version 39.2
[    4.005000] ipmi device interface
[    4.007385] input: Power Button as /devices/LNXSYSTM:00/LNXPWRBN:00/input/input0
[    4.008806] ACPI: button: Power Button [PWRF]
[    4.010523] ERST DBG: ERST support is disabled.
[    4.012009] Serial: 8250/16550 driver, 32 ports, IRQ sharing enabled
[    4.013383] serial 00:04: GPIO lookup for consumer rs485-term
[    4.013399] serial 00:04: using ACPI for GPIO lookup
[    4.013409] acpi PNP0501:00: GPIO: looking up rs485-term-gpios
[    4.013421] acpi PNP0501:00: GPIO: looking up rs485-term-gpio
[    4.013431] serial 00:04: using lookup tables for GPIO lookup
[    4.013448] serial 00:04: No GPIO consumer rs485-term found
[    4.014015] 00:04: ttyS0 at I/O 0x3f8 (irq = 4, base_baud = 115200) is a 16550A
[    4.025286] Linux agpgart interface v0.103
[    4.026705] ACPI: bus type drm_connector registered
[    4.041441] brd: module loaded
[    4.050796] loop: module loaded
[    4.055893] ata_piix 0000:00:01.1: version 2.13
[    4.058601] scsi host0: ata_piix
[    4.060563] scsi host1: ata_piix
[    4.061196] ata1: PATA max MWDMA2 cmd 0x1f0 ctl 0x3f6 bmdma 0xc040 irq 14
[    4.062156] ata2: PATA max MWDMA2 cmd 0x170 ctl 0x376 bmdma 0xc048 irq 15
[    4.064394] mdio_bus fixed-0: GPIO lookup for consumer reset
[    4.064405] mdio_bus fixed-0: using lookup tables for GPIO lookup
[    4.064416] mdio_bus fixed-0: No GPIO consumer reset found
[    4.064834] tun: Universal TUN/TAP device driver, 1.6
[    4.065760] e100: Intel(R) PRO/100 Network Driver
[    4.066462] e100: Copyright(c) 1999-2006 Intel Corporation
[    4.067385] e1000: Intel(R) PRO/1000 Network Driver
[    4.068225] e1000: Copyright (c) 1999-2006 Intel Corporation.
[    4.223113] ata1: found unknown device (class 0)
[    4.224508] ata2: found unknown device (class 0)
[    4.225940] ata1.00: ATA-7: QEMU HARDDISK, 2.5+, max UDMA/100
[    4.227196] ata1.00: 16777216 sectors, multi 16: LBA48 
[    4.228431] ata2.00: ATAPI: QEMU DVD-ROM, 2.5+, max UDMA/100
[    4.230775] scsi 0:0:0:0: Direct-Access     ATA      QEMU HARDDISK    2.5+ PQ: 0 ANSI: 5
[    4.233464] sd 0:0:0:0: Attached scsi generic sg0 type 0
[    4.233752] sd 0:0:0:0: [sda] 16777216 512-byte logical blocks: (8.59 GB/8.00 GiB)
[    4.235810] scsi 1:0:0:0: CD-ROM            QEMU     QEMU DVD-ROM     2.5+ PQ: 0 ANSI: 5
[    4.236181] sd 0:0:0:0: [sda] Write Protect is off
[    4.238463] sd 0:0:0:0: [sda] Mode Sense: 00 3a 00 00
[    4.238527] sd 0:0:0:0: [sda] Write cache: enabled, read cache: enabled, doesn't support DPO or FUA
[    4.243074] sd 0:0:0:0: [sda] Preferred minimum I/O size 512 bytes
[    4.258679] sd 0:0:0:0: [sda] Attached SCSI disk
[    4.263969] scsi 1:0:0:0: Attached scsi generic sg1 type 5
[    4.269946] ACPI: \_SB_.LNKC: Enabled at IRQ 11
[    4.607183] e1000 0000:00:03.0 eth0: (PCI:33MHz:32-bit) 52:54:00:12:34:56
[    4.608111] e1000 0000:00:03.0 eth0: Intel(R) PRO/1000 Network Connection
[    4.609539] e1000e: Intel(R) PRO/1000 Network Driver
[    4.610306] e1000e: Copyright(c) 1999 - 2015 Intel Corporation.
[    4.611406] igb: Intel(R) Gigabit Ethernet Network Driver
[    4.612445] igb: Copyright (c) 2007-2014 Intel Corporation.
[    4.613641] PPP generic driver version 2.4.2
[    4.615774] VFIO - User Level meta-driver version: 0.3
[    4.617767] usbcore: registered new interface driver uas
[    4.618704] usbcore: registered new interface driver usb-storage
[    4.619994] i8042: PNP: PS/2 Controller [PNP0303:KBD,PNP0f13:MOU] at 0x60,0x64 irq 1,12
[    4.622253] serio: i8042 KBD port at 0x60,0x64 irq 1
[    4.623498] serio: i8042 AUX port at 0x60,0x64 irq 12
[    4.625640] mousedev: PS/2 mouse device common for all mice
[    4.628077] input: AT Translated Set 2 keyboard as /devices/platform/i8042/serio0/input/input1
[    4.630628] input: VirtualPS/2 VMware VMMouse as /devices/platform/i8042/serio1/input/input4
[    4.631128] rtc_cmos 00:05: RTC can wake from S4
[    4.633995] input: VirtualPS/2 VMware VMMouse as /devices/platform/i8042/serio1/input/input3
[    4.634432] rtc_cmos 00:05: registered as rtc0
[    4.636392] rtc_cmos 00:05: setting system clock to 2022-12-14T07:08:42 UTC (1671001722)
[    4.637778] rtc_cmos 00:05: GPIO lookup for consumer wp
[    4.637789] rtc_cmos 00:05: using ACPI for GPIO lookup
[    4.637800] acpi PNP0B00:00: GPIO: looking up wp-gpios
[    4.637812] acpi PNP0B00:00: GPIO: looking up wp-gpio
[    4.637822] rtc_cmos 00:05: using lookup tables for GPIO lookup
[    4.637833] rtc_cmos 00:05: No GPIO consumer wp found
[    4.637938] rtc_cmos 00:05: alarms up to one day, y3k, 242 bytes nvram, hpet irqs
[    4.639069] i2c_dev: i2c /dev entries driver
[    4.640441] device-mapper: core: CONFIG_IMA_DISABLE_HTABLE is disabled. Duplicate IMA measurements will not be recorded in the IMA log.
[    4.642711] device-mapper: uevent: version 1.0.3
[    4.643992] device-mapper: ioctl: 4.47.0-ioctl (2022-07-28) initialised: dm-devel@redhat.com
[    4.645727] intel_pstate: CPU model not supported
[    4.646516] sdhci: Secure Digital Host Controller Interface driver
[    4.647812] sdhci: Copyright(c) Pierre Ossman
[    4.648837] sdhci-pltfm: SDHCI platform and OF driver helper
[    4.649867] ledtrig-cpu: registered to indicate activity on CPUs
[    4.651414] drop_monitor: Initializing network drop monitor service
[    4.653096] NET: Registered PF_INET6 protocol family
[    4.656635] Segment Routing with IPv6
[    4.657086] In-situ OAM (IOAM) with IPv6
[    4.657763] NET: Registered PF_PACKET protocol family
[    4.658919] 9pnet: Installing 9P2000 support
[    4.659842] Key type dns_resolver registered
[    4.661829] IPI shorthand broadcast: enabled
[    4.662691] sched_clock: Marking stable (4633587769, 27605361)->(4709764360, -48571230)
[    4.664865] registered taskstats version 1
[    4.665797] Loading compiled-in X.509 certificates
[    4.667261] zswap: loaded using pool lzo/zbud
[    4.668757] Key type .fscrypt registered
[    4.669507] Key type fscrypt-provisioning registered
[    4.671713] Key type encrypted registered
[    4.672511] ima: No TPM chip found, activating TPM-bypass!
[    4.673348] ima: Allocated hash algorithm: sha1
[    4.674305] ima: No architecture policies found
[    4.675119] evm: Initialising EVM extended attributes:
[    4.676031] evm: security.selinux
[    4.676671] evm: security.SMACK64
[    4.677282] evm: security.SMACK64EXEC
[    4.677963] evm: security.SMACK64TRANSMUTE
[    4.678604] evm: security.SMACK64MMAP
[    4.679342] evm: security.apparmor
[    4.680061] evm: security.ima
[    4.680693] evm: security.capability
[    4.681249] evm: HMAC attrs: 0x1
[    4.690267] PM:   Magic number: 2:893:116
[    4.691622] RAS: Correctable Errors collector initialized.
[    4.693982] md: Waiting for all devices to be available before autodetect
[    4.694924] md: If you don't use raid, use raid=noautodetect
[    4.695843] md: Autodetecting RAID arrays.
[    4.696298] md: autorun ...
[    4.696786] md: ... autorun DONE.
[    4.712238] EXT4-fs (sda): INFO: recovery required on readonly filesystem
[    4.712941] EXT4-fs (sda): write access will be enabled during recovery
[    4.820011] EXT4-fs (sda): recovery complete
[    4.825709] EXT4-fs (sda): mounted filesystem with ordered data mode. Quota mode: none.
[    4.826509] VFS: Mounted root (ext4 filesystem) readonly on device 8:0.
[    4.828233] devtmpfs: mounted
[    4.836323] Freeing unused decrypted memory: 2036K
[    4.839597] Freeing unused kernel image (initmem) memory: 3672K
[    4.840550] Write protecting the kernel read-only data: 43008k
[    4.844712] Freeing unused kernel image (text/rodata gap) memory: 2028K
[    4.845946] Freeing unused kernel image (rodata/data gap) memory: 372K
[    4.955533] x86/mm: Checked W+X mappings: passed, no W+X pages found.
[    4.956062] Run /sbin/init as init process
[    4.956327]   with arguments:
[    4.956334]     /sbin/init
[    4.956340]   with environment:
[    4.956346]     HOME=/
[    4.956352]     TERM=linux
[    5.091426] systemd[1]: RTC configured in localtime, applying delta of 0 minutes to system time.
[    5.127687] systemd[1]: systemd 239 (239-49.el8) running in system mode. (+PAM +AUDIT +SELINUX +IMA -APPARMOR +SMACK +SYSVINIT +UTMP +LIBCRYPTSETUP +GCRYPT +G)
[    5.130668] systemd[1]: Detected virtualization kvm.
[    5.131441] systemd[1]: Detected architecture x86-64.
[    5.194594] systemd[1]: Set hostname to <test>.
[    6.242992] random: crng init done
[    6.383363] systemd[1]: Started Forward Password Requests to Wall Directory Watch.
[    6.388448] systemd[1]: Created slice system-getty.slice.
[    6.390411] systemd[1]: Listening on Journal Socket.
[    6.423370] systemd[1]: Mounting POSIX Message Queue File System...
[    6.428959] systemd[1]: Mounting Huge Pages File System...
[    6.431045] systemd[1]: Listening on udev Control Socket.
[    6.892619] EXT4-fs (sda): re-mounted. Quota mode: none.
[    9.455698] e1000: eth0 NIC Link is Up 1000 Mbps Full Duplex, Flow Control: RX
[    9.457524] IPv6: ADDRCONF(NETDEV_CHANGE): eth0: link becomes ready
[    9.857360] Spectre V2 : WARNING: Unprivileged eBPF is enabled with eIBRS on, data leaks possible via Spectre v2 BHB attacks!
[    9.858994] Spectre V2 : WARNING: Unprivileged eBPF is enabled with eIBRS on, data leaks possible via Spectre v2 BHB attacks!
[   36.347269] ------------[ cut here ]------------
[   36.347822] WARNING: CPU: 0 PID: 435 at mm/memory.c:882 copy_page_range+0x1601/0x1d40
[   36.348736] Modules linked in:
[   36.349104] CPU: 0 PID: 435 Comm: repro Not tainted 6.1.0-830b3c68c1fb #1
[   36.349805] Hardware name: QEMU Standard PC (i440FX + PIIX, 1996), BIOS rel-1.14.0-0-g155821a1990b-prebuilt.qemu.org 04/01/2014
[   36.351061] RIP: 0010:copy_page_range+0x1601/0x1d40
[   36.351696] Code: 75 e9 de ff 83 fb 1e 0f 85 dd fe ff ff e8 f7 e7 de ff 31 ff 4c 89 e6 e8 7d e9 de ff 4d 85 e4 0f 85 e3 fe ff ff e8 df e7 de ff <0f> 0b e9 d7 3
[   36.355366] RSP: 0018:ffffc90000e47a28 EFLAGS: 00010246
[   36.356577] RAX: 0000000000000000 RBX: 000000000000001e RCX: ffffffff814aab23
[   36.358225] RDX: 0000000000000000 RSI: ffff88800e7b2380 RDI: 0000000000000002
[   36.360010] RBP: ffffc90000e47bc8 R08: 0000000000000001 R09: 0000000000000001
[   36.361616] R10: 0000000000000000 R11: 0000000000000001 R12: 0000000000000000
[   36.363251] R13: 0000000000000004 R14: 0000000020ffa000 R15: ffff88800db13d10
[   36.364843] FS:  00007f8bb34d4740(0000) GS:ffff88807dc00000(0000) knlGS:0000000000000000
[   36.366664] CS:  0010 DS: 0000 ES: 0000 CR0: 0000000080050033
[   36.367967] CR2: 00000000200000c0 CR3: 000000000e6a6003 CR4: 0000000000770ef0
[   36.369528] DR0: 0000000000000000 DR1: 0000000000000000 DR2: 0000000000000000
[   36.371193] DR3: 0000000000000000 DR6: 00000000ffff07f0 DR7: 0000000000000400
[   36.372952] PKRU: 55555554
[   36.373307] Call Trace:
[   36.373760]  <TASK>
[   36.374175]  ? write_comp_data+0x2f/0x90
[   36.374917]  dup_mmap+0x74e/0x900
[   36.375541]  dup_mm+0x7d/0x150
[   36.376081]  copy_process+0x206d/0x2a70
[   36.376846]  kernel_clone+0x90/0xb00
[   36.377328]  ? ktime_get_coarse_real_ts64+0x12f/0x140
[   36.378194]  ? __this_cpu_preempt_check+0x20/0x30
[   36.379077]  ? write_comp_data+0x2f/0x90
[   36.379826]  __do_sys_clone+0xa2/0xd0
[   36.380512]  __x64_sys_clone+0x2f/0x40
[   36.381225]  do_syscall_64+0x3b/0x90
[   36.381890]  entry_SYSCALL_64_after_hwframe+0x63/0xcd
[   36.382780] RIP: 0033:0x7f8bb35f959d
[   36.383472] Code: 00 c3 66 2e 0f 1f 84 00 00 00 00 00 90 f3 0f 1e fa 48 89 f8 48 89 f7 48 89 d6 48 89 ca 4d 89 c2 4d 89 c8 4c 8b 4c 24 08 0f 05 <48> 3d 01 f0 8
[   36.386190] RSP: 002b:00007ffdff1e81e8 EFLAGS: 00000202 ORIG_RAX: 0000000000000038
[   36.387302] RAX: ffffffffffffffda RBX: 0000000000000000 RCX: 00007f8bb35f959d
[   36.388686] RDX: 0000000000000000 RSI: 0000000000000000 RDI: 0000000000001000
[   36.389837] RBP: 00007ffdff1e8230 R08: 0000000000000000 R09: 0000000000000000
[   36.390782] R10: 0000000000000000 R11: 0000000000000202 R12: 0000000000401060
[   36.392052] R13: 00007ffdff1e8330 R14: 0000000000000000 R15: 0000000000000000
[   36.393348]  </TASK>
[   36.393748] irq event stamp: 5443
[   36.394365] hardirqs last  enabled at (5451): [<ffffffff811b8dd1>] __up_console_sem+0x91/0xb0
[   36.395946] hardirqs last disabled at (5460): [<ffffffff811b8db6>] __up_console_sem+0x76/0xb0
[   36.397339] softirqs last  enabled at (5424): [<ffffffff83000329>] __do_softirq+0x329/0x490
[   36.398381] softirqs last disabled at (5415): [<ffffffff811123b2>] irq_exit_rcu+0xd2/0x100
[   36.399521] ---[ end trace 0000000000000000 ]---
