c[?7l[2J[0mSeaBIOS (version rel-1.16.0-0-gd239552ce722-prebuilt.qemu.org)


iPXE (http://ipxe.org) 00:03.0 CA00 PCI2.10 PnP PMM+7FF91000+7FEF1000 CA00
Press Ctrl-B to configure iPXE (PCI 00:03.0)...                                                                               


Booting from ROM..c[?7l[2J[    0.000000] Linux version 6.0.0-0e470763d84d+ (root@p-mtlsx) (gcc (GCC) 11.4.1 20231218 (Red Hat 11.4.1-3), GNU ld version 2.35.2-48.el9) #1 SMP PREEMPT_DYNAMIC Tue Jul 16 10:32:58 CST 2024
[    0.000000] Command line: console=ttyS0 root=/dev/sda earlyprintk=serial net.ifnames=0 plymouth.enable=0
[    0.000000] KERNEL supported cpus:
[    0.000000]   Intel GenuineIntel
[    0.000000]   AMD AuthenticAMD
[    0.000000]   Hygon HygonGenuine
[    0.000000]   Centaur CentaurHauls
[    0.000000]   zhaoxin   Shanghai  
[    0.000000] x86/split lock detection: #DB: warning on user-space bus_locks
[    0.000000] x86/fpu: Supporting XSAVE feature 0x001: 'x87 floating point registers'
[    0.000000] x86/fpu: Supporting XSAVE feature 0x002: 'SSE registers'
[    0.000000] x86/fpu: Supporting XSAVE feature 0x004: 'AVX registers'
[    0.000000] x86/fpu: Supporting XSAVE feature 0x200: 'Protection Keys User registers'
[    0.000000] x86/fpu: xstate_offset[2]:  576, xstate_sizes[2]:  256
[    0.000000] x86/fpu: xstate_offset[9]:  832, xstate_sizes[9]:    8
[    0.000000] x86/fpu: Enabled xstate features 0x207, context size is 840 bytes, using 'compacted' format.
[    0.000000] signal: max sigframe size: 3632
[    0.000000] BIOS-provided physical RAM map:
[    0.000000] BIOS-e820: [mem 0x0000000000000000-0x000000000009fbff] usable
[    0.000000] BIOS-e820: [mem 0x000000000009fc00-0x000000000009ffff] reserved
[    0.000000] BIOS-e820: [mem 0x00000000000f0000-0x00000000000fffff] reserved
[    0.000000] BIOS-e820: [mem 0x0000000000100000-0x000000007ffdffff] usable
[    0.000000] BIOS-e820: [mem 0x000000007ffe0000-0x000000007fffffff] reserved
[    0.000000] BIOS-e820: [mem 0x00000000feffc000-0x00000000feffffff] reserved
[    0.000000] BIOS-e820: [mem 0x00000000fffc0000-0x00000000ffffffff] reserved
[    0.000000] printk: bootconsole [earlyser0] enabled
[    0.000000] NX (Execute Disable) protection: active
[    0.000000] SMBIOS 2.8 present.
[    0.000000] DMI: QEMU Standard PC (i440FX + PIIX, 1996), BIOS rel-1.16.0-0-gd239552ce722-prebuilt.qemu.org 04/01/2014
[    0.000000] Hypervisor detected: KVM
[    0.000000] kvm-clock: Using msrs 4b564d01 and 4b564d00
[    0.000004] kvm-clock: using sched offset of 619525350 cycles
[    0.000369] clocksource: kvm-clock: mask: 0xffffffffffffffff max_cycles: 0x1cd42e4dffb, max_idle_ns: 881590591483 ns
[    0.001494] tsc: Detected 2380.800 MHz processor
[    0.006424] last_pfn = 0x7ffe0 max_arch_pfn = 0x400000000
[    0.006832] x86/PAT: Configuration [0-7]: WB  WC  UC- UC  WB  WP  UC- WT  
[    0.012086] found SMP MP-table at [mem 0x000f5ba0-0x000f5baf]
[    0.012536] Using GB pages for direct mapping
[    0.013678] ACPI: Early table checksum verification disabled
[    0.014077] ACPI: RSDP 0x00000000000F59C0 000014 (v00 BOCHS )
[    0.014481] ACPI: RSDT 0x000000007FFE1951 000034 (v01 BOCHS  BXPC     00000001 BXPC 00000001)
[    0.015070] ACPI: FACP 0x000000007FFE17FD 000074 (v01 BOCHS  BXPC     00000001 BXPC 00000001)
[    0.015688] ACPI: DSDT 0x000000007FFE0040 0017BD (v01 BOCHS  BXPC     00000001 BXPC 00000001)
[    0.016300] ACPI: FACS 0x000000007FFE0000 000040
[    0.016625] ACPI: APIC 0x000000007FFE1871 000080 (v01 BOCHS  BXPC     00000001 BXPC 00000001)
[    0.017211] ACPI: HPET 0x000000007FFE18F1 000038 (v01 BOCHS  BXPC     00000001 BXPC 00000001)
[    0.017802] ACPI: WAET 0x000000007FFE1929 000028 (v01 BOCHS  BXPC     00000001 BXPC 00000001)
[    0.018403] ACPI: Reserving FACP table memory at [mem 0x7ffe17fd-0x7ffe1870]
[    0.018881] ACPI: Reserving DSDT table memory at [mem 0x7ffe0040-0x7ffe17fc]
[    0.019357] ACPI: Reserving FACS table memory at [mem 0x7ffe0000-0x7ffe003f]
[    0.019846] ACPI: Reserving APIC table memory at [mem 0x7ffe1871-0x7ffe18f0]
[    0.020317] ACPI: Reserving HPET table memory at [mem 0x7ffe18f1-0x7ffe1928]
[    0.020793] ACPI: Reserving WAET table memory at [mem 0x7ffe1929-0x7ffe1950]
[    0.021715] No NUMA configuration found
[    0.021982] Faking a node at [mem 0x0000000000000000-0x000000007ffdffff]
[    0.022469] NODE_DATA(0) allocated [mem 0x7ffb5000-0x7ffdffff]
[    0.024735] Zone ranges:
[    0.024910]   DMA      [mem 0x0000000000001000-0x0000000000ffffff]
[    0.025331]   DMA32    [mem 0x0000000001000000-0x000000007ffdffff]
[    0.025758]   Normal   empty
[    0.025954]   Device   empty
[    0.026152] Movable zone start for each node
[    0.026442] Early memory node ranges
[    0.026688]   node   0: [mem 0x0000000000001000-0x000000000009efff]
[    0.027113]   node   0: [mem 0x0000000000100000-0x000000007ffdffff]
[    0.027548] Initmem setup node 0 [mem 0x0000000000001000-0x000000007ffdffff]
[    0.028260] On node 0, zone DMA: 1 pages in unavailable ranges
[    0.028350] On node 0, zone DMA: 97 pages in unavailable ranges
[    0.042802] On node 0, zone DMA32: 32 pages in unavailable ranges
[    0.121300] kasan: KernelAddressSanitizer initialized
[    0.122295] ACPI: PM-Timer IO Port: 0x608
[    0.122590] ACPI: LAPIC_NMI (acpi_id[0xff] dfl dfl lint[0x1])
[    0.123023] IOAPIC[0]: apic_id 0, version 17, address 0xfec00000, GSI 0-23
[    0.123501] ACPI: INT_SRC_OVR (bus 0 bus_irq 0 global_irq 2 dfl dfl)
[    0.123944] ACPI: INT_SRC_OVR (bus 0 bus_irq 5 global_irq 5 high level)
[    0.124392] ACPI: INT_SRC_OVR (bus 0 bus_irq 9 global_irq 9 high level)
[    0.124843] ACPI: INT_SRC_OVR (bus 0 bus_irq 10 global_irq 10 high level)
[    0.125302] ACPI: INT_SRC_OVR (bus 0 bus_irq 11 global_irq 11 high level)
[    0.125763] ACPI: Using ACPI (MADT) for SMP configuration information
[    0.126192] ACPI: HPET id: 0x8086a201 base: 0xfed00000
[    0.126552] TSC deadline timer available
[    0.126818] smpboot: Allowing 2 CPUs, 0 hotplug CPUs
[    0.127200] kvm-guest: KVM setup pv remote TLB flush
[    0.127535] kvm-guest: setup PV sched yield
[    0.127889] PM: hibernation: Registered nosave memory: [mem 0x00000000-0x00000fff]
[    0.128404] PM: hibernation: Registered nosave memory: [mem 0x0009f000-0x0009ffff]
[    0.128915] PM: hibernation: Registered nosave memory: [mem 0x000a0000-0x000effff]
[    0.129424] PM: hibernation: Registered nosave memory: [mem 0x000f0000-0x000fffff]
[    0.129937] [mem 0x80000000-0xfeffbfff] available for PCI devices
[    0.130353] Booting paravirtualized kernel on KVM
[    0.130676] clocksource: refined-jiffies: mask: 0xffffffff max_cycles: 0xffffffff, max_idle_ns: 7645519600211568 ns
[    0.131399] setup_percpu: NR_CPUS:8192 nr_cpumask_bits:2 nr_cpu_ids:2 nr_node_ids:1
[    0.132320] percpu: Embedded 80 pages/cpu s290816 r8192 d28672 u1048576
[    0.132952] kvm-guest: PV spinlocks enabled
[    0.133251] PV qspinlock hash table entries: 256 (order: 0, 4096 bytes, linear)
[    0.133773] Fallback order for Node 0: 0 
[    0.134067] Built 1 zonelists, mobility grouping on.  Total pages: 515808
[    0.134529] Policy zone: DMA32
[    0.134740] Kernel command line: net.ifnames=0 console=ttyS0 root=/dev/sda earlyprintk=serial net.ifnames=0 plymouth.enable=0
[    0.136074] Dentry cache hash table entries: 262144 (order: 9, 2097152 bytes, linear)
[    0.136895] Inode-cache hash table entries: 131072 (order: 8, 1048576 bytes, linear)
[    0.137527] mem auto-init: stack:off, heap alloc:off, heap free:off
[    0.139151] stackdepot hash table entries: 1048576 (order: 11, 8388608 bytes, linear)
[    0.165299] Memory: 1299632K/2096632K available (67601K kernel code, 13881K rwdata, 14396K rodata, 4524K init, 71472K bss, 796744K reserved, 0K cma-reserved)
[    0.167470] SLUB: HWalign=64, Order=0-3, MinObjects=0, CPUs=2, Nodes=1
[    0.167911] kmemleak: Kernel memory leak detector disabled
[    0.168327] ftrace: allocating 65107 entries in 255 pages
[    0.190665] ftrace: allocated 255 pages with 8 groups
[    0.194750] Dynamic Preempt: voluntary
[    0.195250] Running RCU self tests
[    0.195494] rcu: Preemptible hierarchical RCU implementation.
[    0.195877] rcu: 	RCU lockdep checking is enabled.
[    0.196185] rcu: 	RCU restricting CPUs from NR_CPUS=8192 to nr_cpu_ids=2.
[    0.196620] 	Trampoline variant of Tasks RCU enabled.
[    0.196942] 	Rude variant of Tasks RCU enabled.
[    0.197235] 	Tracing variant of Tasks RCU enabled.
[    0.197546] rcu: RCU calculated value of scheduler-enlistment delay is 25 jiffies.
[    0.198029] rcu: Adjusting geometry for rcu_fanout_leaf=16, nr_cpu_ids=2
[    0.224652] NR_IRQS: 524544, nr_irqs: 440, preallocated irqs: 16
[    0.225407] rcu: srcu_init: Setting srcu_struct sizes based on contention.
[    0.231832] Console: colour VGA+ 80x25
[    0.232119] printk: console [ttyS0] enabled
[    0.232119] printk: console [ttyS0] enabled
[    0.232679] printk: bootconsole [earlyser0] disabled
[    0.232679] printk: bootconsole [earlyser0] disabled
[    0.233341] Lock dependency validator: Copyright (c) 2006 Red Hat, Inc., Ingo Molnar
[    0.233863] ... MAX_LOCKDEP_SUBCLASSES:  8
[    0.234146] ... MAX_LOCK_DEPTH:          48
[    0.234431] ... MAX_LOCKDEP_KEYS:        8192
[    0.234734] ... CLASSHASH_SIZE:          4096
[    0.235036] ... MAX_LOCKDEP_ENTRIES:     524288
[    0.235346] ... MAX_LOCKDEP_CHAINS:      524288
[    0.235666] ... CHAINHASH_SIZE:          262144
[    0.235973]  memory used by lock dependency info: 54081 kB
[    0.236342]  memory used for stack traces: 4224 kB
[    0.236666]  per task-struct memory footprint: 1920 bytes
[    0.237112] ACPI: Core revision 20220331
[    0.237730] clocksource: hpet: mask: 0xffffffff max_cycles: 0xffffffff, max_idle_ns: 19112604467 ns
[    0.238484] APIC: Switch to symmetric I/O mode setup
[    0.238973] x2apic enabled
[    0.239315] Switched APIC routing to physical x2apic.
[    0.239675] kvm-guest: setup PV IPIs
[    0.240794] ..TIMER: vector=0x30 apic1=0 pin1=2 apic2=-1 pin2=-1
[    0.241226] clocksource: tsc-early: mask: 0xffffffffffffffff max_cycles: 0x22515dbcb04, max_idle_ns: 440795204659 ns
[    0.241948] Calibrating delay loop (skipped) preset value.. 4761.60 BogoMIPS (lpj=9523200)
[    0.245937] pid_max: default: 32768 minimum: 301
[    0.246490] LSM: Security Framework initializing
[    0.246821] Yama: becoming mindful.
[    0.247362] Mount-cache hash table entries: 4096 (order: 3, 32768 bytes, linear)
[    0.247860] Mountpoint-cache hash table entries: 4096 (order: 3, 32768 bytes, linear)
[    0.250316] x86/cpu: User Mode Instruction Prevention (UMIP) activated
[    0.250946] Last level iTLB entries: 4KB 0, 2MB 0, 4MB 0
[    0.251330] Last level dTLB entries: 4KB 0, 2MB 0, 4MB 0, 1GB 0
[    0.251747] Spectre V1 : Mitigation: usercopy/swapgs barriers and __user pointer sanitization
[    0.252323] Spectre V2 : WARNING: Unprivileged eBPF is enabled with eIBRS on, data leaks possible via Spectre v2 BHB attacks!
[    0.253077] Spectre V2 : Mitigation: Enhanced IBRS
[    0.253382] Spectre V2 : Spectre v2 / SpectreRSB mitigation: Filling RSB on context switch
[    0.253905] Spectre V2 : Spectre v2 / PBRSB-eIBRS: Retire a single CALL on VMEXIT
[    0.253939] Spectre V2 : mitigation: Enabling conditional Indirect Branch Prediction Barrier
[    0.254476] Speculative Store Bypass: Mitigation: Speculative Store Bypass disabled via prctl
[    0.255022] MMIO Stale Data: Unknown: No mitigations
[    0.336767] Freeing SMP alternatives memory: 52K
[    0.337421] smpboot: CPU0: Genuine Intel(R) 0000 @ (family: 0x6, model: 0xac, stepping: 0x0)
[    0.337931] cblist_init_generic: Setting adjustable number of callback queues.
[    0.337931] cblist_init_generic: Setting shift to 1 and lim to 1.
[    0.337931] cblist_init_generic: Setting shift to 1 and lim to 1.
[    0.337931] cblist_init_generic: Setting shift to 1 and lim to 1.
[    0.337931] Running RCU-tasks wait API self tests
[    0.438117] Performance Events: generic architected perfmon, full-width counters, Intel PMU driver.
[    0.439129] ... version:                2
[    0.439564] ... bit width:              48
[    0.439998] ... generic registers:      8
[    0.440628] ... value mask:             0000ffffffffffff
[    0.441299] ... max period:             00007fffffffffff
[    0.441861] ... fixed-purpose events:   3
[    0.441942] ... event mask:             00000007000000ff
[    0.443120] rcu: Hierarchical SRCU implementation.
[    0.443625] rcu: 	Max phase no-delay instances is 1000.
[    0.448687] smp: Bringing up secondary CPUs ...
[    0.450002] x86: Booting SMP configuration:
[    0.450457] .... node  #0, CPUs:      #1
[    0.450830] smp: Brought up 1 node, 2 CPUs
[    0.450836] smpboot: Max logical packages: 1
[    0.451269] smpboot: Total of 2 processors activated (9523.20 BogoMIPS)
[    0.454648] devtmpfs: initialized
[    0.454912] x86/mm: Memory block size: 128MB
[    0.457978] Callback from call_rcu_tasks_trace() invoked.
[    0.464584] clocksource: jiffies: mask: 0xffffffff max_cycles: 0xffffffff, max_idle_ns: 7645041785100000 ns
[    0.465970] futex hash table entries: 512 (order: 4, 65536 bytes, linear)
[    0.467114] pinctrl core: initialized pinctrl subsystem
[    0.468894] 
[    0.469052] *************************************************************
[    0.469681] **     NOTICE NOTICE NOTICE NOTICE NOTICE NOTICE NOTICE    **
[    0.469938] **                                                         **
[    0.470545] **  IOMMU DebugFS SUPPORT HAS BEEN ENABLED IN THIS KERNEL  **
[    0.471176] **                                                         **
[    0.471774] ** This means that this kernel is built to expose internal **
[    0.472364] ** IOMMU data structures, which may compromise security on **
[    0.472970] ** your system.                                            **
[    0.473566] **                                                         **
[    0.473936] ** If you see this message and you are not debugging the   **
[    0.474533] ** kernel, report this immediately to your vendor!         **
[    0.475108] **                                                         **
[    0.475685] **     NOTICE NOTICE NOTICE NOTICE NOTICE NOTICE NOTICE    **
[    0.476261] *************************************************************
[    0.476937] PM: RTC time: 09:09:28, date: 2024-07-17
[    0.480627] NET: Registered PF_NETLINK/PF_ROUTE protocol family
[    0.482372] DMA: preallocated 256 KiB GFP_KERNEL pool for atomic allocations
[    0.483132] DMA: preallocated 256 KiB GFP_KERNEL|GFP_DMA pool for atomic allocations
[    0.483955] DMA: preallocated 256 KiB GFP_KERNEL|GFP_DMA32 pool for atomic allocations
[    0.484864] audit: initializing netlink subsys (disabled)
[    0.485539] audit: type=2000 audit(1721207368.419:1): state=initialized audit_enabled=0 res=1
[    0.487116] thermal_sys: Registered thermal governor 'fair_share'
[    0.487125] thermal_sys: Registered thermal governor 'bang_bang'
[    0.487773] thermal_sys: Registered thermal governor 'step_wise'
[    0.488399] thermal_sys: Registered thermal governor 'user_space'
[    0.489004] cpuidle: using governor ladder
[    0.489878] cpuidle: using governor menu
[    0.490175] acpiphp: ACPI Hot Plug PCI Controller Driver version: 0.5
[    0.491297] PCI: Using configuration type 1 for base access
[    0.526656] kprobes: kprobe jump-optimization is enabled. All kprobes are optimized if possible.
[    0.628086] HugeTLB: registered 1.00 GiB page size, pre-allocated 0 pages
[    0.628536] HugeTLB: 16380 KiB vmemmap can be freed for a 1.00 GiB page
[    0.629069] HugeTLB: registered 2.00 MiB page size, pre-allocated 0 pages
[    0.629565] HugeTLB: 28 KiB vmemmap can be freed for a 2.00 MiB page
[    0.632793] ACPI: Added _OSI(Module Device)
[    0.633078] ACPI: Added _OSI(Processor Device)
[    0.633361] ACPI: Added _OSI(3.0 _SCP Extensions)
[    0.633661] ACPI: Added _OSI(Processor Aggregator Device)
[    0.646561] ACPI: 1 ACPI AML tables successfully acquired and loaded
[    0.652508] ACPI: Interpreter enabled
[    0.652879] ACPI: PM: (supports S0 S3 S4 S5)
[    0.653157] ACPI: Using IOAPIC for interrupt routing
[    0.653556] PCI: Using host bridge windows from ACPI; if necessary, use "pci=nocrs" and report a bug
[    0.653941] PCI: Using E820 reservations for host bridge windows
[    0.655397] ACPI: Enabled 2 GPEs in block 00 to 0F
[    0.687881] ACPI: PCI Root Bridge [PCI0] (domain 0000 [bus 00-ff])
[    0.688346] acpi PNP0A03:00: _OSC: OS supports [ASPM ClockPM Segments MSI EDR HPX-Type3]
[    0.688951] acpi PNP0A03:00: _OSC: not requesting OS control; OS requires [ExtendedConfig ASPM ClockPM MSI]
[    0.689803] acpi PNP0A03:00: fail to add MMCONFIG information, can't access extended PCI configuration space under this bridge.
[    0.694964] acpiphp: Slot [3] registered
[    0.695460] acpiphp: Slot [4] registered
[    0.695859] acpiphp: Slot [5] registered
[    0.696287] acpiphp: Slot [6] registered
[    0.696730] acpiphp: Slot [7] registered
[    0.697195] acpiphp: Slot [8] registered
[    0.697571] acpiphp: Slot [9] registered
[    0.697940] acpiphp: Slot [10] registered
[    0.698317] acpiphp: Slot [11] registered
[    0.698828] acpiphp: Slot [12] registered
[    0.699221] acpiphp: Slot [13] registered
[    0.699593] acpiphp: Slot [14] registered
[    0.699976] acpiphp: Slot [15] registered
[    0.700345] acpiphp: Slot [16] registered
[    0.700716] acpiphp: Slot [17] registered
[    0.701101] acpiphp: Slot [18] registered
[    0.701486] acpiphp: Slot [19] registered
[    0.701859] acpiphp: Slot [20] registered
[    0.702049] acpiphp: Slot [21] registered
[    0.702427] acpiphp: Slot [22] registered
[    0.702823] acpiphp: Slot [23] registered
[    0.703199] acpiphp: Slot [24] registered
[    0.703578] acpiphp: Slot [25] registered
[    0.703957] acpiphp: Slot [26] registered
[    0.704338] acpiphp: Slot [27] registered
[    0.704727] acpiphp: Slot [28] registered
[    0.705110] acpiphp: Slot [29] registered
[    0.705489] acpiphp: Slot [30] registered
[    0.705865] acpiphp: Slot [31] registered
[    0.705985] PCI host bridge to bus 0000:00
[    0.706256] pci_bus 0000:00: root bus resource [io  0x0000-0x0cf7 window]
[    0.706701] pci_bus 0000:00: root bus resource [io  0x0d00-0xffff window]
[    0.707135] pci_bus 0000:00: root bus resource [mem 0x000a0000-0x000bffff window]
[    0.707609] pci_bus 0000:00: root bus resource [mem 0x80000000-0xfebfffff window]
[    0.708084] pci_bus 0000:00: root bus resource [mem 0x100000000-0x17fffffff window]
[    0.708604] pci_bus 0000:00: root bus resource [bus 00-ff]
[    0.709096] pci 0000:00:00.0: [8086:1237] type 00 class 0x060000
[    0.717015] pci 0000:00:01.0: [8086:7000] type 00 class 0x060100
[    0.718417] pci 0000:00:01.1: [8086:7010] type 00 class 0x010180
[    0.719934] pci 0000:00:01.1: reg 0x20: [io  0xc040-0xc04f]
[    0.720800] pci 0000:00:01.1: legacy IDE quirk: reg 0x10: [io  0x01f0-0x01f7]
[    0.721258] pci 0000:00:01.1: legacy IDE quirk: reg 0x14: [io  0x03f6]
[    0.721668] pci 0000:00:01.1: legacy IDE quirk: reg 0x18: [io  0x0170-0x0177]
[    0.721937] pci 0000:00:01.1: legacy IDE quirk: reg 0x1c: [io  0x0376]
[    0.722730] pci 0000:00:01.3: [8086:7113] type 00 class 0x068000
[    0.723389] pci 0000:00:01.3: quirk: [io  0x0600-0x063f] claimed by PIIX4 ACPI
[    0.723849] pci 0000:00:01.3: quirk: [io  0x0700-0x070f] claimed by PIIX4 SMB
[    0.724657] pci 0000:00:02.0: [1234:1111] type 00 class 0x030000
[    0.725829] pci 0000:00:02.0: reg 0x10: [mem 0xfd000000-0xfdffffff pref]
[    0.727139] pci 0000:00:02.0: reg 0x18: [mem 0xfebf0000-0xfebf0fff]
[    0.730410] pci 0000:00:02.0: reg 0x30: [mem 0xfebe0000-0xfebeffff pref]
[    0.730951] pci 0000:00:02.0: Video device with shadowed ROM at [mem 0x000c0000-0x000dffff]
[    0.738640] pci 0000:00:03.0: [8086:100e] type 00 class 0x020000
[    0.739848] pci 0000:00:03.0: reg 0x10: [mem 0xfebc0000-0xfebdffff]
[    0.740703] pci 0000:00:03.0: reg 0x14: [io  0xc000-0xc03f]
[    0.743525] pci 0000:00:03.0: reg 0x30: [mem 0xfeb80000-0xfebbffff pref]
[    0.762599] ACPI: PCI: Interrupt link LNKA configured for IRQ 10
[    0.764374] ACPI: PCI: Interrupt link LNKB configured for IRQ 10
[    0.765697] ACPI: PCI: Interrupt link LNKC configured for IRQ 11
[    0.766925] ACPI: PCI: Interrupt link LNKD configured for IRQ 11
[    0.767942] ACPI: PCI: Interrupt link LNKS configured for IRQ 9
[    0.770833] iommu: Default domain type: Translated 
[    0.771183] iommu: DMA domain TLB invalidation policy: lazy mode 
[    0.773414] SCSI subsystem initialized
[    0.774213] ACPI: bus type USB registered
[    0.774728] usbcore: registered new interface driver usbfs
[    0.775220] usbcore: registered new interface driver hub
[    0.775599] usbcore: registered new device driver usb
[    0.776095] pps_core: LinuxPPS API ver. 1 registered
[    0.776435] pps_core: Software ver. 5.3.6 - Copyright 2005-2007 Rodolfo Giometti <giometti@linux.it>
[    0.777210] PTP clock support registered
[    0.777717] EDAC MC: Ver: 3.0.0
[    0.780427] NetLabel: Initializing
[    0.780722] NetLabel:  domain hash size = 128
[    0.781078] NetLabel:  protocols = UNLABELED CIPSOv4 CALIPSO
[    0.781564] NetLabel:  unlabeled traffic allowed by default
[    0.782322] PCI: Using ACPI for IRQ routing
[    0.783173] pci 0000:00:02.0: vgaarb: setting as boot VGA device
[    0.783691] pci 0000:00:02.0: vgaarb: bridge control possible
[    0.784164] pci 0000:00:02.0: vgaarb: VGA device added: decodes=io+mem,owns=io+mem,locks=none
[    0.784856] vgaarb: loaded
[    0.785394] hpet0: at MMIO 0xfed00000, IRQs 2, 8, 0
[    0.785724] hpet0: 3 comparators, 64-bit 100.000000 MHz counter
[    2.327508] clocksource: Switched to clocksource kvm-clock
[    2.328766] VFS: Disk quotas dquot_6.6.0
[    2.329083] VFS: Dquot-cache hash table entries: 512 (order 0, 4096 bytes)
[    2.329904] pnp: PnP ACPI init
[    2.331955] pnp: PnP ACPI: found 6 devices
[    2.347124] clocksource: acpi_pm: mask: 0xffffff max_cycles: 0xffffff, max_idle_ns: 2085701024 ns
[    2.348101] NET: Registered PF_INET protocol family
[    2.348536] IP idents hash table entries: 32768 (order: 6, 262144 bytes, linear)
[    2.350271] tcp_listen_portaddr_hash hash table entries: 1024 (order: 4, 73728 bytes, linear)
[    2.350897] Table-perturb hash table entries: 65536 (order: 6, 262144 bytes, linear)
[    2.351434] TCP established hash table entries: 16384 (order: 5, 131072 bytes, linear)
[    2.352174] TCP bind hash table entries: 16384 (order: 9, 2359296 bytes, linear)
[    2.353539] TCP: Hash tables configured (established 16384 bind 16384)
[    2.354105] UDP hash table entries: 1024 (order: 5, 163840 bytes, linear)
[    2.354799] UDP-Lite hash table entries: 1024 (order: 5, 163840 bytes, linear)
[    2.355584] NET: Registered PF_UNIX/PF_LOCAL protocol family
[    2.356539] RPC: Registered named UNIX socket transport module.
[    2.356939] RPC: Registered udp transport module.
[    2.357241] RPC: Registered tcp transport module.
[    2.357540] RPC: Registered tcp NFSv4.1 backchannel transport module.
[    2.357977] pci_bus 0000:00: resource 4 [io  0x0000-0x0cf7 window]
[    2.358374] pci_bus 0000:00: resource 5 [io  0x0d00-0xffff window]
[    2.358775] pci_bus 0000:00: resource 6 [mem 0x000a0000-0x000bffff window]
[    2.359217] pci_bus 0000:00: resource 7 [mem 0x80000000-0xfebfffff window]
[    2.359656] pci_bus 0000:00: resource 8 [mem 0x100000000-0x17fffffff window]
[    2.360496] pci 0000:00:01.0: PIIX3: Enabling Passive Release
[    2.360531] Callback from call_rcu_tasks_rude() invoked.
[    2.360967] pci 0000:00:00.0: Limiting direct PCI/PCI transfers
[    2.361845] PCI: CLS 0 bytes, default 64
[    2.362166] ACPI: bus type thunderbolt registered
[    2.362754] clocksource: tsc: mask: 0xffffffffffffffff max_cycles: 0x22515dbcb04, max_idle_ns: 440795204659 ns
[    2.438146] Callback from call_rcu_tasks() invoked.
[    2.528062] Initialise system trusted keyrings
[    2.528903] Key type blacklist registered
[    2.529919] workingset: timestamp_bits=36 max_order=19 bucket_order=0
[    2.547098] zbud: loaded
[    2.551573] squashfs: version 4.0 (2009/01/31) Phillip Lougher
[    2.555628] NFS: Registering the id_resolver key type
[    2.556058] Key type id_resolver registered
[    2.556388] Key type id_legacy registered
[    2.556863] nfs4filelayout_init: NFSv4 File Layout Driver Registering...
[    2.557408] nfs4flexfilelayout_init: NFSv4 Flexfile Layout Driver Registering...
[    2.558386] fuse: init (API version 7.36)
[    2.559524] SGI XFS with ACLs, security attributes, realtime, quota, no debug enabled
[    2.565109] 9p: Installing v9fs 9p2000 file system support
[    2.571970] Key type asymmetric registered
[    2.572317] Asymmetric key parser 'x509' registered
[    2.576385] alg: self-tests for CTR-KDF (hmac(sha256)) passed
[    2.576985] Block layer SCSI generic (bsg) driver version 0.4 loaded (major 243)
[    2.578044] io scheduler mq-deadline registered
[    2.578714] io scheduler bfq registered
[    2.581406] shpchp: Standard Hot Plug PCI Controller Driver version: 0.4
[    2.582565] IPMI message handler: version 39.2
[    2.582992] ipmi device interface
[    2.585080] input: Power Button as /devices/LNXSYSTM:00/LNXPWRBN:00/input/input0
[    2.586091] ACPI: button: Power Button [PWRF]
[    2.587744] ERST DBG: ERST support is disabled.
[    2.589237] Serial: 8250/16550 driver, 32 ports, IRQ sharing enabled
[    2.590227] 00:04: ttyS0 at I/O 0x3f8 (irq = 4, base_baud = 115200) is a 16550A
[    2.607504] Linux agpgart interface v0.103
[    2.608790] ACPI: bus type drm_connector registered
[    2.628348] brd: module loaded
[    2.639431] loop: module loaded
[    2.646184] scsi host0: ata_piix
[    2.647394] scsi host1: ata_piix
[    2.647938] ata1: PATA max MWDMA2 cmd 0x1f0 ctl 0x3f6 bmdma 0xc040 irq 14
[    2.648471] ata2: PATA max MWDMA2 cmd 0x170 ctl 0x376 bmdma 0xc048 irq 15
[    2.651049] tun: Universal TUN/TAP device driver, 1.6
[    2.651915] e100: Intel(R) PRO/100 Network Driver
[    2.652287] e100: Copyright(c) 1999-2006 Intel Corporation
[    2.652774] e1000: Intel(R) PRO/1000 Network Driver
[    2.653160] e1000: Copyright (c) 1999-2006 Intel Corporation.
[    2.806257] ata1: found unknown device (class 0)
[    2.807709] ata1.00: ATA-7: QEMU HARDDISK, 2.5+, max UDMA/100
[    2.808508] ata1.00: 17196647 sectors, multi 16: LBA48 
[    2.809705] ata2: found unknown device (class 0)
[    2.811330] ata2.00: ATAPI: QEMU DVD-ROM, 2.5+, max UDMA/100
[    2.811465] scsi 0:0:0:0: Direct-Access     ATA      QEMU HARDDISK    2.5+ PQ: 0 ANSI: 5
[    2.814489] sd 0:0:0:0: [sda] 17196647 512-byte logical blocks: (8.80 GB/8.20 GiB)
[    2.815144] sd 0:0:0:0: [sda] Write Protect is off
[    2.815595] sd 0:0:0:0: [sda] Write cache: enabled, read cache: enabled, doesn't support DPO or FUA
[    2.816367] sd 0:0:0:0: [sda] Preferred minimum I/O size 512 bytes
[    2.817620] sd 0:0:0:0: Attached scsi generic sg0 type 0
[    2.820153] scsi 1:0:0:0: CD-ROM            QEMU     QEMU DVD-ROM     2.5+ PQ: 0 ANSI: 5
[    2.835808] sd 0:0:0:0: [sda] Attached SCSI disk
[    2.846833] scsi 1:0:0:0: Attached scsi generic sg1 type 5
[    3.401585] ACPI: \_SB_.LNKC: Enabled at IRQ 11
[    3.725190] e1000 0000:00:03.0 eth0: (PCI:33MHz:32-bit) 52:54:00:12:34:56
[    3.725684] e1000 0000:00:03.0 eth0: Intel(R) PRO/1000 Network Connection
[    3.726283] e1000e: Intel(R) PRO/1000 Network Driver
[    3.726605] e1000e: Copyright(c) 1999 - 2015 Intel Corporation.
[    3.727068] igb: Intel(R) Gigabit Ethernet Network Driver
[    3.727411] igb: Copyright (c) 2007-2014 Intel Corporation.
[    3.727926] PPP generic driver version 2.4.2
[    3.729408] VFIO - User Level meta-driver version: 0.3
[    3.731004] usbcore: registered new interface driver uas
[    3.731944] usbcore: registered new interface driver usb-storage
[    3.733126] i8042: PNP: PS/2 Controller [PNP0303:KBD,PNP0f13:MOU] at 0x60,0x64 irq 1,12
[    3.735615] serio: i8042 KBD port at 0x60,0x64 irq 1
[    3.736369] serio: i8042 AUX port at 0x60,0x64 irq 12
[    3.738941] mousedev: PS/2 mouse device common for all mice
[    3.741893] input: AT Translated Set 2 keyboard as /devices/platform/i8042/serio0/input/input1
[    3.742478] rtc_cmos 00:05: RTC can wake from S4
[    3.744979] rtc_cmos 00:05: registered as rtc0
[    3.745346] rtc_cmos 00:05: setting system clock to 2024-07-17T09:09:31 UTC (1721207371)
[    3.745446] input: VirtualPS/2 VMware VMMouse as /devices/platform/i8042/serio1/input/input4
[    3.747214] rtc_cmos 00:05: alarms up to one day, y3k, 242 bytes nvram, hpet irqs
[    3.747761] i2c_dev: i2c /dev entries driver
[    3.748180] device-mapper: core: CONFIG_IMA_DISABLE_HTABLE is disabled. Duplicate IMA measurements will not be recorded in the IMA log.
[    3.749115] device-mapper: uevent: version 1.0.3
[    3.749507] input: VirtualPS/2 VMware VMMouse as /devices/platform/i8042/serio1/input/input3
[    3.749961] device-mapper: ioctl: 4.47.0-ioctl (2022-07-28) initialised: dm-devel@redhat.com
[    3.751168] intel_pstate: CPU model not supported
[    3.751645] sdhci: Secure Digital Host Controller Interface driver
[    3.752032] sdhci: Copyright(c) Pierre Ossman
[    3.752429] sdhci-pltfm: SDHCI platform and OF driver helper
[    3.753066] ledtrig-cpu: registered to indicate activity on CPUs
[    3.753991] drop_monitor: Initializing network drop monitor service
[    3.755433] NET: Registered PF_INET6 protocol family
[    3.760149] Segment Routing with IPv6
[    3.760439] In-situ OAM (IOAM) with IPv6
[    3.760751] NET: Registered PF_PACKET protocol family
[    3.761787] 9pnet: Installing 9P2000 support
[    3.762537] Key type dns_resolver registered
[    3.764908] IPI shorthand broadcast: enabled
[    3.765653] sched_clock: Marking stable (3752457048, 12078246)->(3774218435, -9683141)
[    3.768299] registered taskstats version 1
[    3.769280] Loading compiled-in X.509 certificates
[    3.770748] zswap: loaded using pool lzo/zbud
[    3.774324] Key type .fscrypt registered
[    3.774585] Key type fscrypt-provisioning registered
[    3.776588] Key type encrypted registered
[    3.776891] ima: No TPM chip found, activating TPM-bypass!
[    3.777259] ima: Allocated hash algorithm: sha1
[    3.777594] ima: No architecture policies found
[    3.778035] evm: Initialising EVM extended attributes:
[    3.778369] evm: security.selinux
[    3.778586] evm: security.SMACK64
[    3.778808] evm: security.SMACK64EXEC
[    3.779043] evm: security.SMACK64TRANSMUTE
[    3.779310] evm: security.SMACK64MMAP
[    3.779544] evm: security.apparmor
[    3.779770] evm: security.ima
[    3.779969] evm: security.capability
[    3.780201] evm: HMAC attrs: 0x1
[    3.786451] PM:   Magic number: 0:852:171
[    3.787323] RAS: Correctable Errors collector initialized.
[    3.789588] md: Waiting for all devices to be available before autodetect
[    3.789884] md: If you don't use raid, use raid=noautodetect
[    3.790179] md: Autodetecting RAID arrays.
[    3.790366] md: autorun ...
[    3.790493] md: ... autorun DONE.
[    3.805324] EXT4-fs (sda): mounted filesystem with ordered data mode. Quota mode: none.
[    3.805735] VFS: Mounted root (ext4 filesystem) readonly on device 8:0.
[    3.808268] devtmpfs: mounted
[    3.821326] Freeing unused decrypted memory: 2036K
[    3.822594] Freeing unused kernel image (initmem) memory: 4524K
[    3.830069] Write protecting the kernel read-only data: 86016k
[    3.832545] Freeing unused kernel image (text/rodata gap) memory: 2028K
[    3.833782] Freeing unused kernel image (rodata/data gap) memory: 1988K
[    3.896377] x86/mm: Checked W+X mappings: passed, no W+X pages found.
[    3.896700] Run /sbin/init as init process
[    4.141860] systemd[1]: systemd 252-15.el9 running in system mode (+PAM +AUDIT +SELINUX -APPARMOR +IMA +SMACK +SECCOMP +GCRYPT +GNUTLS +OPENSSL +ACL +BLKID +CURL +ELFUTILS -FIDO2 +IDN2 -IDN -IPTC +KMOD +LIBCRYPTSETUP +LIBFDISK +PCRE2 -PWQUALITY +P11KIT -QRENCODE +TPM2 +BZIP2 +LZ4 +XZ +ZLIB +ZSTD -BPF_FRAMEWORK +XKBCOMMON +UTMP +SYSVINIT default-hierarchy=unified)
[    4.144725] systemd[1]: Detected virtualization kvm.
[    4.145284] systemd[1]: Detected architecture x86-64.

Welcome to [0;31mCentOS Stream 9[0m!

[    4.154910] systemd[1]: Hostname set to <test>.
[    4.460236] systemd-rc-local-generator[169]: /etc/rc.d/rc.local is not marked executable, skipping.
[    4.726650] systemd[1]: Queued start job for default target Multi-User System.
[    4.748441] systemd[1]: Created slice Virtual Machine and Container Slice.
[[0;32m  OK  [0m] Created slice [0;1;39mVirtual Machine and Container Slice[0m.
[    4.753500] systemd[1]: Created slice Slice /system/getty.
[[0;32m  OK  [0m] Created slice [0;1;39mSlice /system/getty[0m.
[    4.756489] systemd[1]: Created slice Slice /system/modprobe.
[[0;32m  OK  [0m] Created slice [0;1;39mSlice /system/modprobe[0m.
[    4.759468] systemd[1]: Created slice Slice /system/serial-getty.
[[0;32m  OK  [0m] Created slice [0;1;39mSlice /system/serial-getty[0m.
[    4.762768] systemd[1]: Created slice Slice /system/sshd-keygen.
[[0;32m  OK  [0m] Created slice [0;1;39mSlice /system/sshd-keygen[0m.
[    4.765591] systemd[1]: Created slice User and Session Slice.
[[0;32m  OK  [0m] Created slice [0;1;39mUser and Session Slice[0m.
[    4.767215] systemd[1]: Started Forward Password Requests to Wall Directory Watch.
[[0;32m  OK  [0m] Started [0;1;39mForward Password R…uests to Wall Directory Watch[0m.
[    4.769838] systemd[1]: Set up automount Arbitrary Executable File Formats File System Automount Point.
[[0;32m  OK  [0m] Set up automount [0;1;39mArbitrary…s File System Automount Point[0m.
[    4.771727] systemd[1]: Reached target Local Integrity Protected Volumes.
[[0;32m  OK  [0m] Reached target [0;1;39mLocal Integrity Protected Volumes[0m.
[    4.773227] systemd[1]: Reached target Slice Units.
[[0;32m  OK  [0m] Reached target [0;1;39mSlice Units[0m.
[    4.774403] systemd[1]: Reached target Swaps.
[[0;32m  OK  [0m] Reached target [0;1;39mSwaps[0m.
[    4.775526] systemd[1]: Reached target Local Verity Protected Volumes.
[[0;32m  OK  [0m] Reached target [0;1;39mLocal Verity Protected Volumes[0m.
[    4.777314] systemd[1]: Listening on Device-mapper event daemon FIFOs.
[[0;32m  OK  [0m] Listening on [0;1;39mDevice-mapper event daemon FIFOs[0m.
[    4.779502] systemd[1]: Listening on LVM2 poll daemon socket.
[[0;32m  OK  [0m] Listening on [0;1;39mLVM2 poll daemon socket[0m.
[    4.781042] systemd[1]: multipathd control socket was skipped because of an unmet condition check (ConditionPathExists=/etc/multipath.conf).
[    4.863685] systemd[1]: Listening on RPCbind Server Activation Socket.
[[0;32m  OK  [0m] Listening on [0;1;39mRPCbind Server Activation Socket[0m.
[    4.865967] systemd[1]: Reached target RPC Port Mapper.
[[0;32m  OK  [0m] Reached target [0;1;39mRPC Port Mapper[0m.
[    4.870841] systemd[1]: Listening on Process Core Dump Socket.
[[0;32m  OK  [0m] Listening on [0;1;39mProcess Core Dump Socket[0m.
[    4.873192] systemd[1]: Listening on initctl Compatibility Named Pipe.
[[0;32m  OK  [0m] Listening on [0;1;39minitctl Compatibility Named Pipe[0m.
[    4.876005] systemd[1]: Listening on Journal Socket (/dev/log).
[[0;32m  OK  [0m] Listening on [0;1;39mJournal Socket (/dev/log)[0m.
[    4.878725] systemd[1]: Listening on Journal Socket.
[[0;32m  OK  [0m] Listening on [0;1;39mJournal Socket[0m.
[    4.881290] systemd[1]: Listening on udev Control Socket.
[[0;32m  OK  [0m] Listening on [0;1;39mudev Control Socket[0m.
[    4.883427] systemd[1]: Listening on udev Kernel Socket.
[[0;32m  OK  [0m] Listening on [0;1;39mudev Kernel Socket[0m.
[    4.893560] systemd[1]: Mounting Huge Pages File System...
         Mounting [0;1;39mHuge Pages File System[0m...
[    4.902923] systemd[1]: Mounting POSIX Message Queue File System...
         Mounting [0;1;39mPOSIX Message Queue File System[0m...
[    4.912163] systemd[1]: Mounting Kernel Debug File System...
         Mounting [0;1;39mKernel Debug File System[0m...
[    4.930045] systemd[1]: Mounting Kernel Trace File System...
         Mounting [0;1;39mKernel Trace File System[0m...
[    4.931650] systemd[1]: Kernel Module supporting RPCSEC_GSS was skipped because of an unmet condition check (ConditionPathExists=/etc/krb5.keytab).
[    4.932855] systemd[1]: Create List of Static Device Nodes was skipped because of an unmet condition check (ConditionFileNotEmpty=/lib/modules/6.0.0-0e470763d84d+/modules.devname).
[    4.942623] systemd[1]: Starting Monitoring of LVM2 mirrors, snapshots etc. using dmeventd or progress polling...
         Starting [0;1;39mMonitoring of LVM…meventd or progress polling[0m...
[    4.966845] systemd[1]: Starting Load Kernel Module configfs...
         Starting [0;1;39mLoad Kernel Module configfs[0m...
[    4.980459] systemd[1]: Starting Load Kernel Module drm...
         Starting [0;1;39mLoad Kernel Module drm[0m...
[    4.993778] systemd[1]: Starting Load Kernel Module fuse...
         Starting [0;1;39mLoad Kernel Module fuse[0m...
[    5.012172] systemd[1]: Starting Read and set NIS domainname from /etc/sysconfig/network...
         Starting [0;1;39mRead and set NIS …from /etc/sysconfig/network[0m...
[    5.034846] systemd[1]: Starting Journal Service...
         Starting [0;1;39mJournal Service[0m...
[    5.078779] systemd[1]: Starting Load Kernel Modules...
         Starting [0;1;39mLoad Kernel Modules[0m...
[    5.103656] systemd[1]: Starting Generate network units from Kernel command line...
         Starting [0;1;39mGenerate network …ts from Kernel command line[0m...
[    5.129378] systemd[1]: Starting Remount Root and Kernel File Systems...
         Starting [0;1;39mRemount Root and Kernel File Systems[0m...
[    5.138748] systemd[1]: Repartition Root Disk was skipped because no trigger condition checks were met.
[    5.162522] systemd[1]: Starting Coldplug All udev Devices...
         Starting [0;1;39mColdplug All udev Devices[0m...
[    5.196389] systemd[1]: Mounted Huge Pages File System.
[[0;32m  OK  [0m] Mounted [0;1;39mHuge Pages File System[0m.
[    5.198720] systemd[1]: Mounted POSIX Message Queue File System.
[[0;32m  OK  [0m] Mounted [0;1;39mPOSIX Message Queue File System[0m.
[    5.201026] systemd[1]: Mounted Kernel Debug File System.
[[0;32m  OK  [0m] Mounted [0;1;39mKernel Debug File System[0m.
[    5.203171] systemd[1]: Mounted Kernel Trace File System.
[[0;32m  OK  [0m] Mounted [0;1;39mKernel Trace File System[0m.
[    5.206844] systemd[1]: modprobe@configfs.service: Deactivated successfully.
[    5.209175] systemd[1]: Finished Load Kernel Module configfs.
[[0;32m  OK  [0m] Finished [0;1;39mLoad Kernel Module configfs[0m.
[    5.292269] EXT4-fs (sda): re-mounted. Quota mode: none.
[    5.331419] systemd[1]: modprobe@drm.service: Deactivated successfully.
[    5.334264] systemd[1]: Finished Load Kernel Module drm.
[[0;32m  OK  [0m] Finished [0;1;39mLoad Kernel Module drm[0m.
[    5.341160] systemd[1]: modprobe@fuse.service: Deactivated successfully.
[    5.370073] systemd[1]: Finished Load Kernel Module fuse.
[[0;32m  OK  [0m] Finished [0;1;39mLoad Kernel Module fuse[0m.
[    5.375004] systemd[1]: Finished Read and set NIS domainname from /etc/sysconfig/network.
[[0;32m  OK  [0m] Finished [0;1;39mRead and set NIS …e from /etc/sysconfig/network[0m.
[    5.379372] systemd[1]: systemd-modules-load.service: Main process exited, code=exited, status=1/FAILURE
[    5.390346] systemd[1]: systemd-modules-load.service: Failed with result 'exit-code'.
[    5.393029] systemd[1]: Failed to start Load Kernel Modules.
[[0;1;31mFAILED[0m] Failed to start [0;1;39mLoad Kernel Modules[0m.
See 'systemctl status systemd-modules-load.service' for details.
[    5.407920] systemd[1]: Finished Generate network units from Kernel command line.
[[0;32m  OK  [0m] Finished [0;1;39mGenerate network units from Kernel command line[0m.
[    5.413072] systemd[1]: Finished Remount Root and Kernel File Systems.
[[0;32m  OK  [0m] Finished [0;1;39mRemount Root and Kernel File Systems[0m.
[    5.424768] systemd[1]: Reached target Preparation for Network.
[[0;32m  OK  [0m] Reached target [0;1;39mPreparation for Network[0m.
[    5.454749] systemd[1]: Mounting FUSE Control File System...
         Mounting [0;1;39mFUSE Control File System[0m...
[    5.482433] systemd[1]: Mounting Kernel Configuration File System...
         Mounting [0;1;39mKernel Configuration File System[0m...
[    5.483852] systemd[1]: Special handling of early boot iSCSI sessions was skipped because of an unmet condition check (ConditionDirectoryNotEmpty=/sys/class/iscsi_session).
[    5.484998] systemd[1]: First Boot Wizard was skipped because of an unmet condition check (ConditionFirstBoot=yes).
[    5.506807] systemd[1]: Rebuild Hardware Database was skipped because of an unmet condition check (ConditionNeedsUpdate=/etc).
[    5.546457] systemd[1]: Starting Load/Save Random Seed...
         Starting [0;1;39mLoad/Save Random Seed[0m...
[    5.566311] systemd[1]: Starting Apply Kernel Variables...
         Starting [0;1;39mApply Kernel Variables[0m...
[    5.574370] systemd[1]: Create System Users was skipped because no trigger condition checks were met.
[    5.585673] systemd[1]: Starting Create Static Device Nodes in /dev...
         Starting [0;1;39mCreate Static Device Nodes in /dev[0m...
[    5.596511] systemd[1]: Starting Setup Virtual Console...
         Starting [0;1;39mSetup Virtual Console[0m...
[    5.603232] systemd[1]: Started Journal Service.
[[0;32m  OK  [0m] Started [0;1;39mJournal Service[0m.
[[0;32m  OK  [0m] Mounted [0;1;39mFUSE Control File System[0m.
[[0;32m  OK  [0m] Mounted [0;1;39mKernel Configuration File System[0m.
         Starting [0;1;39mFlush Journal to Persistent Storage[0m...
[    5.686442] systemd-journald[188]: Received client request to flush runtime journal.
[[0;32m  OK  [0m] Finished [0;1;39mFlush Journal to Persistent Storage[0m.
[[0;32m  OK  [0m] Finished [0;1;39mCreate Static Device Nodes in /dev[0m.
         Starting [0;1;39mRule-based Manage…for Device Events and Files[0m...
[[0;32m  OK  [0m] Finished [0;1;39mApply Kernel Variables[0m.
[    5.918125] random: crng init done
[[0;32m  OK  [0m] Finished [0;1;39mLoad/Save Random Seed[0m.
[[0;32m  OK  [0m] Started [0;1;39mRule-based Manager for Device Events and Files[0m.
         Starting [0;1;39mAuto-connect to s…E devices found during boot[0m...
[[0;32m  OK  [0m] Finished [0;1;39mMonitoring of LVM… dmeventd or progress polling[0m.
[[0;32m  OK  [0m] Finished [0;1;39mAuto-connect to s…VME devices found during boot[0m.
[[0;32m  OK  [0m] Finished [0;1;39mSetup Virtual Console[0m.
[[0;32m  OK  [0m] Finished [0;1;39mColdplug All udev Devices[0m.
[[0;32m  OK  [0m] Started [0;1;39mDispatch Password …ts to Console Directory Watch[0m.
[[0;32m  OK  [0m] Reached target [0;1;39mLocal Encrypted Volumes[0m.
[[0;32m  OK  [0m] Reached target [0;1;39mPath Units[0m.
         Starting [0;1;39mWait for udev To …plete Device Initialization[0m...
[[0;32m  OK  [0m] Found device [0;1;39m/dev/ttyS0[0m.
[[0;32m  OK  [0m] Listening on [0;1;39mLoad/Save RF …itch Status /dev/rfkill Watch[0m.
[[0;32m  OK  [0m] Finished [0;1;39mWait for udev To Complete Device Initialization[0m.
[[0;32m  OK  [0m] Reached target [0;1;39mPreparation for Local File Systems[0m.
[[0;32m  OK  [0m] Reached target [0;1;39mLocal File Systems[0m.
         Starting [0;1;39mTell Plymouth To Write Out Runtime Data[0m...
         Starting [0;1;39mAutomatic Boot Loader Update[0m...
         Starting [0;1;39mCreate Volatile Files and Directories[0m...
[[0;32m  OK  [0m] Finished [0;1;39mTell Plymouth To Write Out Runtime Data[0m.
[[0;32m  OK  [0m] Finished [0;1;39mAutomatic Boot Loader Update[0m.
[[0;32m  OK  [0m] Finished [0;1;39mCreate Volatile Files and Directories[0m.
         Mounting [0;1;39mRPC Pipe File System[0m...
         Starting [0;1;39mSecurity Auditing Service[0m...
         Starting [0;1;39mRPC Bind[0m...
[[0;32m  OK  [0m] Mounted [0;1;39mRPC Pipe File System[0m.
[[0;32m  OK  [0m] Reached target [0;1;39mrpc_pipefs.target[0m.
[[0;32m  OK  [0m] Started [0;1;39mRPC Bind[0m.
[[0;32m  OK  [0m] Started [0;1;39mSecurity Auditing Service[0m.
         Starting [0;1;39mRecord System Boot/Shutdown in UTMP[0m...
[[0;32m  OK  [0m] Finished [0;1;39mRecord System Boot/Shutdown in UTMP[0m.
[[0;32m  OK  [0m] Reached target [0;1;39mSystem Initialization[0m.
[[0;32m  OK  [0m] Started [0;1;39mDaily rotation of log files[0m.
[[0;32m  OK  [0m] Started [0;1;39mUpdates mlocate database every day[0m.
[[0;32m  OK  [0m] Started [0;1;39mDaily Cleanup of Temporary Directories[0m.
[[0;32m  OK  [0m] Started [0;1;39mdaily update of the root trust anchor for DNSSEC[0m.
[[0;32m  OK  [0m] Reached target [0;1;39mTimer Units[0m.
[[0;32m  OK  [0m] Listening on [0;1;39mD-Bus System Message Bus Socket[0m.
[[0;32m  OK  [0m] Listening on [0;1;39mOpen-iSCSI iscsid Socket[0m.
[[0;32m  OK  [0m] Listening on [0;1;39mOpen-iSCSI iscsiuio Socket[0m.
[[0;32m  OK  [0m] Listening on [0;1;39mSSSD Kerberos…ache Manager responder socket[0m.
[[0;32m  OK  [0m] Listening on [0;1;39mLibvirt interface local socket[0m.
[[0;32m  OK  [0m] Listening on [0;1;39mVirtual machine lock manager socket[0m.
[[0;32m  OK  [0m] Listening on [0;1;39mVirtual machine log manager socket[0m.
[[0;32m  OK  [0m] Listening on [0;1;39mLibvirt network local socket[0m.
[[0;32m  OK  [0m] Listening on [0;1;39mLibvirt nodedev local socket[0m.
[[0;32m  OK  [0m] Listening on [0;1;39mLibvirt nwfilter local socket[0m.
[[0;32m  OK  [0m] Listening on [0;1;39mLibvirt proxy local socket[0m.
[[0;32m  OK  [0m] Listening on [0;1;39mLibvirt qemu local socket[0m.
[[0;32m  OK  [0m] Listening on [0;1;39mLibvirt qemu admin socket[0m.
[[0;32m  OK  [0m] Listening on [0;1;39mLibvirt qemu local read-only socket[0m.
[[0;32m  OK  [0m] Listening on [0;1;39mLibvirt secret local socket[0m.
[[0;32m  OK  [0m] Listening on [0;1;39mLibvirt storage local socket[0m.
[[0;32m  OK  [0m] Reached target [0;1;39mSocket Units[0m.
         Starting [0;1;39mD-Bus System Message Bus[0m...
[[0;32m  OK  [0m] Started [0;1;39mD-Bus System Message Bus[0m.
[[0;32m  OK  [0m] Reached target [0;1;39mBasic System[0m.
         Starting [0;1;39mNetwork Manager[0m...
         Starting [0;1;39mNTP client/server[0m...
         Starting [0;1;39mRestore /run/initramfs on shutdown[0m...
[[0;32m  OK  [0m] Started [0;1;39mirqbalance daemon[0m.
[[0;32m  OK  [0m] Started [0;1;39mlibstoragemgmt plug-in server daemon[0m.
[[0;32m  OK  [0m] Started [0;1;39mMachine Check Exception Logging Daemon[0m.
[[0;32m  OK  [0m] Reached target [0;1;39msshd-keygen.target[0m.
[[0;32m  OK  [0m] Reached target [0;1;39mUser and Group Name Lookups[0m.
         Starting [0;1;39mUser Login Management[0m...
         Starting [0;1;39mVirtual Machine a…tainer Registration Service[0m...
         Starting [0;1;39mupdate of the roo…NSSEC validation in unbound[0m...
         Starting [0;1;39mRotate log files[0m...
[[0;32m  OK  [0m] Started [0;1;39mUpdate a database for mlocate[0m.
[[0;32m  OK  [0m] Finished [0;1;39mRestore /run/initramfs on shutdown[0m.
[[0;32m  OK  [0m] Started [0;1;39mVirtual Machine an…ontainer Registration Service[0m.
         Starting [0;1;39mHostname Service[0m...
[[0;32m  OK  [0m] Finished [0;1;39mupdate of the roo… DNSSEC validation in unbound[0m.
[[0;32m  OK  [0m] Started [0;1;39mNTP client/server[0m.
[[0;32m  OK  [0m] Started [0;1;39mUser Login Management[0m.
[[0;32m  OK  [0m] Started [0;1;39mHostname Service[0m.
[[0;32m  OK  [0m] Finished [0;1;39mRotate log files[0m.
         Starting [0;1;39mNetwork Manager Script Dispatcher Service[0m...
[[0;32m  OK  [0m] Started [0;1;39mNetwork Manager Script Dispatcher Service[0m.
[    9.314125] e1000: eth0 NIC Link is Up 1000 Mbps Full Duplex, Flow Control: RX
[    9.314963] IPv6: ADDRCONF(NETDEV_CHANGE): eth0: link becomes ready
[[0;32m  OK  [0m] Started [0;1;39mNetwork Manager[0m.
[[0;32m  OK  [0m] Reached target [0;1;39mNetwork[0m.
[[0;32m  OK  [0m] Reached target [0;1;39mNetwork is Online[0m.
         Starting [0;1;39mGSSAPI Proxy Daemon[0m...
         Starting [0;1;39mNotify NFS peers of a restart[0m...
         Starting [0;1;39mSystem Logging Service[0m...
         Starting [0;1;39mOpenSSH server daemon[0m...
         Starting [0;1;39mDynamic System Tuning Daemon[0m...
[[0;32m  OK  [0m] Started [0;1;39mNotify NFS peers of a restart[0m.
[[0;32m  OK  [0m] Started [0;1;39mOpenSSH server daemon[0m.
[[0;32m  OK  [0m] Started [0;1;39mGSSAPI Proxy Daemon[0m.
[[0;32m  OK  [0m] Reached target [0;1;39mNFS client services[0m.
[[0;32m  OK  [0m] Reached target [0;1;39mPreparation for Remote File Systems[0m.
[[0;32m  OK  [0m] Reached target [0;1;39mRemote File Systems[0m.
         Starting [0;1;39mPermit User Sessions[0m...
         Starting [0;1;39mVirtualization qemu daemon[0m...
[[0;32m  OK  [0m] Finished [0;1;39mPermit User Sessions[0m.
[[0;32m  OK  [0m] Started [0;1;39mDeferred execution scheduler[0m.
[[0;32m  OK  [0m] Started [0;1;39mCommand Scheduler[0m.
         Starting [0;1;39mHold until boot process finishes up[0m...
         Starting [0;1;39mTerminate Plymouth Boot Screen[0m...
[[0;32m  OK  [0m] Started [0;1;39mSystem Logging Service[0m.
[[0;32m  OK  [0m] Finished [0;1;39mHold until boot process finishes up[0m.
[[0;32m  OK  [0m] Finished [0;1;39mTerminate Plymouth Boot Screen[0m.
[[0;32m  OK  [0m] Started [0;1;39mGetty on tty1[0m.
[[0;32m  OK  [0m] Started [0;1;39mSerial Getty on ttyS0[0m.
[[0;32m  OK  [0m] Reached target [0;1;39mLogin Prompts[0m.
[[0;32m  OK  [0m] Started [0;1;39mVirtualization qemu daemon[0m.
         Starting [0;1;39mAuthorization Manager[0m...
[[0;32m  OK  [0m] Started [0;1;39mAuthorization Manager[0m.
[[0;32m  OK  [0m] Started [0;1;39mDynamic System Tuning Daemon[0m.
[[0;32m  OK  [0m] Reached target [0;1;39mMulti-User System[0m.
         Starting [0;1;39mRecord Runlevel Change in UTMP[0m...
[[0;32m  OK  [0m] Finished [0;1;39mRecord Runlevel Change in UTMP[0m.

CentOS Stream 9
Kernel 6.0.0-0e470763d84d+ on an x86_64

Activate the web console with: systemctl enable --now cockpit.socket

test login: [   18.891872] 
[   18.892066] ============================================
[   18.892539] WARNING: possible recursive locking detected
[   18.893012] 6.0.0-0e470763d84d+ #1 Not tainted
[   18.893519] --------------------------------------------
[   18.894001] repro/827 is trying to acquire lock:
[   18.894418] ffffc9000272c0d8 (&rb->spinlock){-.-.}-{2:2}, at: __bpf_ringbuf_reserve+0x2ae/0x3a0
[   18.895221] 
[   18.895221] but task is already holding lock:
[   18.895821] ffffc900028ca0d8 (&rb->spinlock){-.-.}-{2:2}, at: __bpf_ringbuf_reserve+0x2ae/0x3a0
[   18.896885] 
[   18.896885] other info that might help us debug this:
[   18.897452]  Possible unsafe locking scenario:
[   18.897452] 
[   18.897975]        CPU0
[   18.898205]        ----
[   18.898433]   lock(&rb->spinlock);
[   18.898754]   lock(&rb->spinlock);
[   18.899071] 
[   18.899071]  *** DEADLOCK ***
[   18.899071] 
[   18.899589]  May be due to missing lock nesting notation
[   18.899589] 
[   18.900183] 4 locks held by repro/827:
[   18.900691]  #0: ffffffff867bd8a8 (delayed_uprobe_lock){+.+.}-{3:3}, at: uprobe_clear_state+0x55/0x300
[   18.901535]  #1: ffffffff86652200 (rcu_read_lock){....}-{1:2}, at: bpf_trace_run2+0xd4/0x3f0
[   18.902312]  #2: ffffc900028ca0d8 (&rb->spinlock){-.-.}-{2:2}, at: __bpf_ringbuf_reserve+0x2ae/0x3a0
[   18.903146]  #3: ffffffff86652200 (rcu_read_lock){....}-{1:2}, at: bpf_trace_run2+0xd4/0x3f0
[   18.903925] 
[   18.903925] stack backtrace:
[   18.904556] CPU: 1 PID: 827 Comm: repro Not tainted 6.0.0-0e470763d84d+ #1
[   18.905265] Hardware name: QEMU Standard PC (i440FX + PIIX, 1996), BIOS rel-1.16.0-0-gd239552ce722-prebuilt.qemu.org 04/01/2014
[   18.906253] Call Trace:
[   18.906484]  <TASK>
[   18.906692]  dump_stack_lvl+0xa7/0xdb
[   18.907059]  dump_stack+0x19/0x1f
[   18.907381]  __lock_acquire.cold+0x11b/0x3af
[   18.907792]  ? __kasan_check_read+0x15/0x20
[   18.908198]  ? lockdep_hardirqs_on_prepare+0x420/0x420
[   18.908953]  ? __this_cpu_preempt_check+0x21/0x30
[   18.909401]  ? lock_is_held_type+0xf0/0x150
[   18.909803]  lock_acquire+0x1c7/0x570
[   18.910160]  ? __bpf_ringbuf_reserve+0x2ae/0x3a0
[   18.910593]  ? lock_release+0x870/0x870
[   18.910964]  ? __this_cpu_preempt_check+0x21/0x30
[   18.911405]  ? lock_is_held_type+0xf0/0x150
[   18.911805]  ? __this_cpu_preempt_check+0x21/0x30
[   18.912252]  _raw_spin_lock_irqsave+0x52/0x80
[   18.912852]  ? __bpf_ringbuf_reserve+0x2ae/0x3a0
[   18.913364]  __bpf_ringbuf_reserve+0x2ae/0x3a0
[   18.913781]  ? lock_chain_count+0x30/0x30
[   18.914168]  bpf_ringbuf_reserve+0x63/0xa0
[   18.914554]  bpf_prog_9efe54833449f08e+0x2d/0x47
[   18.914983]  bpf_trace_run2+0x16b/0x3f0
[   18.915346]  ? __bpf_trace_bpf_trace_printk+0x30/0x30
[   18.915821]  ? __bpf_trace_contention_begin+0x20/0x20
[   18.916287]  __bpf_trace_contention_end+0xf/0x20
[   18.916720]  __traceiter_contention_end+0x66/0xb0
[   18.917160]  trace_contention_end.constprop.0+0xd0/0x190
[   18.917658]  __pv_queued_spin_lock_slowpath+0x258/0xb80
[   18.918147]  ? __this_cpu_preempt_check+0x21/0x30
[   18.918601]  ? native_queued_spin_lock_slowpath+0x990/0x990
[   18.919343]  ? lock_acquire+0x1d7/0x570
[   18.919723]  do_raw_spin_lock+0x1fd/0x290
[   18.920096]  ? rwlock_bug.part.0+0x90/0x90
[   18.920476]  ? __this_cpu_preempt_check+0x21/0x30
[   18.920921]  ? lockdep_hardirqs_off+0xa9/0xf0
[   18.921337]  _raw_spin_lock_irqsave+0x5a/0x80
[   18.921755]  ? __bpf_ringbuf_reserve+0x2ae/0x3a0
[   18.922184]  __bpf_ringbuf_reserve+0x2ae/0x3a0
[   18.922607]  bpf_ringbuf_reserve+0x63/0xa0
[   18.922995]  bpf_prog_9efe54833449f08e+0x2d/0x47
[   18.923422]  bpf_trace_run2+0x16b/0x3f0
[   18.923788]  ? __bpf_trace_bpf_trace_printk+0x30/0x30
[   18.924261]  ? __bpf_trace_contention_begin+0x20/0x20
[   18.924791]  __bpf_trace_contention_end+0xf/0x20
[   18.925413]  __traceiter_contention_end+0x66/0xb0
[   18.925885]  trace_contention_end+0xb9/0x140
[   18.926290]  __mutex_lock+0x24f/0x14b0
[   18.926657]  ? mark_lock.part.0+0xf3/0x16c0
[   18.927054]  ? uprobe_clear_state+0x55/0x300
[   18.927460]  ? mutex_lock_io_nested+0x1310/0x1310
[   18.927904]  ? __this_cpu_preempt_check+0x21/0x30
[   18.928345]  ? lock_is_held_type+0xf0/0x150
[   18.928747]  ? __this_cpu_preempt_check+0x21/0x30
[   18.929193]  mutex_lock_nested+0x1f/0x30
[   18.929564]  ? mutex_lock_nested+0x1f/0x30
[   18.929961]  uprobe_clear_state+0x55/0x300
[   18.930345]  __mmput+0x23/0x3e0
[   18.930659]  mmput+0x6e/0x80
[   18.931065]  do_exit+0xa3a/0x2850
[   18.931534]  ? trace_hardirqs_on+0x41/0x120
[   18.931979]  ? __sanitizer_cov_trace_cmp4+0x1a/0x20
[   18.932435]  ? mm_update_next_owner+0x7e0/0x7e0
[   18.932873]  ? __audit_syscall_entry+0x39e/0x500
[   18.933308]  do_group_exit+0xe9/0x320
[   18.933671]  __x64_sys_exit_group+0x4d/0x60
[   18.934071]  do_syscall_64+0x3c/0x90
[   18.934410]  entry_SYSCALL_64_after_hwframe+0x63/0xcd
[   18.934873] RIP: 0033:0x7fba3fb18a4d
[   18.935207] Code: Unable to access opcode bytes at 0x7fba3fb18a23.
[   18.935753] RSP: 002b:00007ffd5d6a7d68 EFLAGS: 00000246 ORIG_RAX: 00000000000000e7
[   18.936424] RAX: ffffffffffffffda RBX: 00007fba3fbf69e0 RCX: 00007fba3fb18a4d
[   18.937061] RDX: 00000000000000e7 RSI: ffffffffffffff80 RDI: 0000000000000000
[   18.938018] RBP: 0000000000000000 R08: 0000000000000000 R09: 0000000000000020
[   18.938649] R10: 00007ffd5d6a7c10 R11: 0000000000000246 R12: 00007fba3fbf69e0
[   18.939281] R13: 00007fba3fbfbf00 R14: 0000000000000001 R15: 00007fba3fbfbee8
[   18.939930]  </TASK>
